INFO - [♥] Lovely 0.7.1
INFO - [♥] Game directory is at "C:\\Program Files (x86)\\Steam\\steamapps\\common\\Balatro"
INFO - [♥] Writing logs to "C:\\Users\\erikk\\AppData\\Roaming\\Balatro\\Mods\\lovely\\log"
INFO - [♥] Using mod directory at "C:\\Users\\erikk\\AppData\\Roaming\\Balatro\\Mods"
WARN - [♥] Unknown key `patches.21.?.match_indent` found in patch file at "C:\\Users\\erikk\\AppData\\Roaming\\Balatro\\Mods\\Cryptid\\lovely\\code.toml", ignoring it
WARN - [♥] Unknown key `patches.18.?.overwrite` found in patch file at "C:\\Users\\erikk\\AppData\\Roaming\\Balatro\\Mods\\HandyBalatro\\lovely.toml", ignoring it
WARN - [♥] Unknown key `patches.49.?.match_indent` found in patch file at "C:\\Users\\erikk\\AppData\\Roaming\\Balatro\\Mods\\Talisman\\lovely.toml", ignoring it
WARN - [♥] Unknown key `patches.52.?.match_indent` found in patch file at "C:\\Users\\erikk\\AppData\\Roaming\\Balatro\\Mods\\Talisman\\lovely.toml", ignoring it
INFO - [♥] Cleaning up dumps directory at "C:\\Users\\erikk\\AppData\\Roaming\\Balatro\\Mods\\lovely\\dump"
INFO - [♥] Initialization complete in 88ms
INFO - [♥] Applied 1 patch to 'conf.lua'
WARN - [♥] Pattern 'G.ARGS.score_intensity.organ = G.video_organ or G.ARGS.score_intensity.required_score > 0 and math.max(math.min(0.4, 0.1*math.log(G.ARGS.score_intensity.earned_score/(G.ARGS.score_intensity.required_score+1), 5)),0.) or 0' on target 'main.lua' for pattern patch from Talisman\lovely.toml resulted in no matches
WARN - [♥] Pattern 'if type(G.GAME.current_round.current_hand.chips) ~= \'number\' or type(G.GAME.current_round.current_hand.mult) ~= \'number\' then' on target 'main.lua' for pattern patch from Talisman\lovely.toml resulted in no matches
INFO - [♥] Applied 34 patches to 'main.lua'
INFO - [♥] Applied 2 patches to 'engine/string_packer.lua'
INFO - [♥] Applied 18 patches to 'engine/controller.lua'
INFO - [♥] Applied 18 patches to 'back.lua'
WARN - [♥] Pattern 'local tag_sprite = Sprite(0,0,_size*1,_size*1,G.ASSET_ATLAS[(not self.hide_ability) and G.P_TAGS[self.key].atlas or \"tags\"], (self.hide_ability) and G.tag_undiscovered.pos or self.pos)' on target 'tag.lua' for pattern patch from Cryptid\lovely\cat.toml resulted in no matches
INFO - [♥] Applied 20 patches to 'tag.lua'
INFO - [♥] Applied 1 patch to 'engine/event.lua'
INFO - [♥] Applied 2 patches to 'engine/node.lua'
INFO - [♥] Applied 4 patches to 'engine/moveable.lua'
INFO - [♥] Applied 3 patches to 'engine/sprite.lua'
INFO - [♥] Applied 2 patches to 'engine/animatedsprite.lua'
WARN - [♥] Pattern 'assembled_string = assembled_string..(type(subpart) == \'string\' and subpart or args.vars[tonumber(subpart[1])] or \'ERROR\')' on target 'functions/misc_functions.lua' for pattern patch from Talisman\lovely.toml resulted in no matches
INFO - [♥] Applied 78 patches to 'functions/misc_functions.lua'
WARN - [♥] Pattern 'for i = 1, 2 do' on target 'game.lua' for pattern patch from Cryptid\lovely\stake.toml resulted in no matches
WARN - [♥] Pattern 'create_shop_card_ui(card, \'Voucher\', G.shop_vouchers)' on target 'game.lua' for pattern patch from Cryptid\lovely\stake.toml resulted in no matches
WARN - [♥] Pattern 'self.GAME.current_round.voucher = G.SETTINGS.tutorial_progress and G.SETTINGS.tutorial_progress.forced_voucher or SMODS.get_next_vouchers()' on target 'game.lua' for pattern patch from Cryptid\lovely\very_fair.toml resulted in no matches
WARN - [♥] Pattern 'Cryptid.profile_prefix = Jen and \"J\" or \"M\"' on target 'game.lua' for pattern patch from Entropy\lovely\game.toml resulted in no matches
WARN - [♥] Pattern '{card_limit = self.GAME.starting_params.consumable_slots, type = \'joker\', highlight_limit = 1})' on target 'game.lua' for pattern patch from TooManyDecks\lovely\limit.toml resulted in no matches
WARN - [♥] Pattern '{card_limit = self.GAME.starting_params.joker_slots, type = \'joker\', highlight_limit = 1})' on target 'game.lua' for pattern patch from TooManyDecks\lovely\limit.toml resulted in no matches
WARN - [♥] Pattern 'self.GAME.current_round.voucher = G.SETTINGS.tutorial_progress and G.SETTINGS.tutorial_progress.forced_voucher or get_next_voucher_key()' on target 'game.lua' for pattern patch from Cryptid\lovely\Voucher.toml resulted in no matches
WARN - [♥] Regex 'card\\:start_materialize\\(\\)\\n\\s+G\\.shop_vouchers\\:emplace\\(card\\)\\n\\s+end' on target 'game.lua' for regex patch from Cryptid\lovely\Voucher.toml resulted in no matches
INFO - [♥] Applied 125 patches to 'game.lua'
INFO - [♥] Applied 3 patches to 'globals.lua'
INFO - [♥] Applied 17 patches to 'engine/ui.lua'
WARN - [♥] Pattern 'G.GAME.shop.joker_max*1.02*G.CARD_W,' on target 'functions/UI_definitions.lua' for pattern patch from Cryptid\lovely\equilibrium.toml resulted in no matches
WARN - [♥] Pattern 'local stake_sprite = get_stake_sprite(G.GAME.stake or 1, 0.4)\n    blind_text[#blind_text + 1] =' on target 'functions/UI_definitions.lua' for pattern patch from Balatro-Aikoyoris-Shenanigans\lovely\ui.toml resulted in no matches
WARN - [♥] Pattern '{n=G.UIT.T, config={text = G.GAME.hands[handname].chips, scale = 0.45, colour = G.C.UI.TEXT_LIGHT}},' on target 'functions/UI_definitions.lua' for pattern patch from Talisman\lovely.toml resulted in no matches
WARN - [♥] Pattern '{n=G.UIT.T, config={text = G.GAME.hands[handname].mult, scale = 0.45, colour = G.C.UI.TEXT_LIGHT}}' on target 'functions/UI_definitions.lua' for pattern patch from Talisman\lovely.toml resulted in no matches
WARN - [♥] Pattern '{n=G.UIT.O, config={object = DynaText({string = {{ref_table = G.GAME.round_resets, ref_value = \'ante\'}}, colours = {G.C.IMPORTANT},shadow = true, font = G.LANGUAGES[\'en-us\'].font, scale = 2*scale}),id = \'ante_UI_count\'}},' on target 'functions/UI_definitions.lua' for pattern patch from Talisman\lovely.toml resulted in no matches
INFO - [♥] Applied 145 patches to 'functions/UI_definitions.lua'
WARN - [♥] Pattern 'ease_to = G.GAME.chips + math.floor(hand_chips * mult) * (e and e.antiscore and -1 or 1),' on target 'functions/state_events.lua' for pattern patch from Cryptid\lovely\blind.toml resulted in no matches
WARN - [♥] Pattern 'if reps[j] ~= 1 then' on target 'functions/state_events.lua' for pattern patch from Cryptid\lovely\misc.toml resulted in no matches
WARN - [♥] Pattern 'local effects = {[1] = {playing_card = G.hand.cards[i]:get_end_of_round_effect()}}' on target 'functions/state_events.lua' for pattern patch from Cryptid\lovely\stake.toml resulted in no matches
WARN - [♥] Pattern 'G.GAME.current_round.voucher = get_next_voucher_key()' on target 'functions/state_events.lua' for pattern patch from Cryptid\lovely\sticker.toml resulted in no matches
WARN - [♥] Pattern 'update_hand_text({delay = 0}, {chips = extras.hand_chips and hand_chips, mult = extras.mult and mult})' on target 'functions/state_events.lua' for pattern patch from Entropy\lovely\eqmult.toml resulted in no matches
WARN - [♥] Pattern 'G.GAME.current_round.voucher = get_next_voucher_key()' on target 'functions/state_events.lua' for pattern patch from Cryptid\lovely\Voucher.toml resulted in no matches
WARN - [♥] Pattern 'if G.GAME.blind.name == \'The Serpent\' and\n' on target 'functions/state_events.lua' for pattern patch from Kino\lovely.toml resulted in no matches
WARN - [♥] Pattern 'elseif config.name == \'interest\' then\n    table.insert(left_text, {n=G.UIT.T, config={text = num_dollars, scale = 0.8*scale, colour = G.C.MONEY, shadow = true, juice = true}})\n    table.insert(left_text,{n=G.UIT.O, config={object = DynaText({string = {\" \"..localize{type = \'variable\', key = \'interest\', vars = {G.GAME.interest_amount, 5, G.GAME.interest_amount*G.GAME.interest_cap/5}}}, colours = {G.C.UI.TEXT_LIGHT}, shadow = true, pop_in = 0, scale = 0.4*scale, silent = true})}})\nend\n' on target 'functions/state_events.lua' for pattern patch from Kino\lovely.toml resulted in no matches
WARN - [♥] Pattern 'if effects[ii].card then' on target 'functions/state_events.lua' for pattern patch from Talisman\lovely.toml resulted in no matches
WARN - [♥] Pattern 'if effects.jokers.Xmult_mod then mult = mod_mult(mult*effects.jokers.Xmult_mod);extras.mult = true  end' on target 'functions/state_events.lua' for pattern patch from Talisman\lovely.toml resulted in no matches
WARN - [♥] Pattern 'if effect.Xmult_mod then mult = mod_mult(mult*effect.Xmult_mod);extras.mult = true  end' on target 'functions/state_events.lua' for pattern patch from Talisman\lovely.toml resulted in no matches
WARN - [♥] Pattern 'if effects[ii].message then' on target 'functions/state_events.lua' for pattern patch from Talisman\lovely.toml resulted in no matches
WARN - [♥] Pattern '--calculate the card edition effects' on target 'functions/state_events.lua' for pattern patch from Talisman\lovely.toml resulted in no matches
WARN - [♥] Pattern 'if effects[ii].edition.p_dollars_mod then' on target 'functions/state_events.lua' for pattern patch from Talisman\lovely.toml resulted in no matches
WARN - [♥] Pattern 'if edition_effects.jokers.x_mult_mod then' on target 'functions/state_events.lua' for pattern patch from Talisman\lovely.toml resulted in no matches
WARN - [♥] Regex '(?<indent>[\t ]*)else\\s*\\n[\\t ]*mult\\s*=\\s*mod_mult\\(\\s*0\\s*\\)\\s*\\n[\\t ]*hand_chips\\s*=\\s*mod_chips\\(\\s*0\\s*\\)\\s*' on target 'functions/state_events.lua' for regex patch from Kino\lovely.toml resulted in no matches
WARN - [♥] Pattern 'if SMODS.has_enhancement(scoring_hand[i], \'m_glass\') and not scoring_hand[i].debuff and pseudorandom(\'glass\') < G.GAME.probabilities.normal/(scoring_hand[i].ability.name == \'Glass Card\' and scoring_hand[i].ability.extra or G.P_CENTERS.m_glass.config.extra) then' on target 'functions/state_events.lua' for pattern patch from Cryptid\lovely\Probability.toml resulted in no matches
WARN - [♥] Regex '(?<indent>[\\t ]*)if destroyed then \\n' on target 'functions/state_events.lua' for regex patch from Cryptid\lovely\seal.toml resulted in no matches
INFO - [♥] Applied 113 patches to 'functions/state_events.lua'
WARN - [♥] Pattern '{n=G.UIT.T, config={text = localize(\'$\')..config.dollars, scale = 1.2*scale, colour = G.C.WHITE, shadow = true, juice = true}}' on target 'functions/common_events.lua' for pattern patch from Cryptid\lovely\code.toml resulted in no matches
WARN - [♥] Pattern 'G.shop_jokers.T.w = G.GAME.shop.joker_max*1.01*G.CARD_W' on target 'functions/common_events.lua' for pattern patch from Cryptid\lovely\equilibrium.toml resulted in no matches
WARN - [♥] Pattern 'function generate_card_ui(_c, full_UI_table, specific_vars, card_type, badges, hide_desc, main_start, main_end)' on target 'functions/common_events.lua' for pattern patch from Cryptid\lovely\lib_misc.toml resulted in no matches
WARN - [♥] Pattern 'elseif v.boss.showdown and (G.GAME.round_resets.ante)%G.GAME.win_ante == 0 and G.GAME.round_resets.ante >= 2 then' on target 'functions/common_events.lua' for pattern patch from Cryptid\lovely\stake.toml resulted in no matches
WARN - [♥] Pattern '(self.ability.set == \'Voucher\' and {G.C.SECONDARY_SET.Voucher, G.C.CLEAR}) or ' on target 'functions/common_events.lua' for pattern patch from Entropy\lovely\dissolve_colours.toml resulted in no matches
WARN - [♥] Pattern '{n=G.UIT.O, config={object = DynaText({string = {\' \'..localize(\'ph_mr_bones\')..\' \'}, colours = {G.C.FILTER}, shadow = true, pop_in = 0, scale = 0.5*scale, silent = true})}}' on target 'functions/common_events.lua' for pattern patch from Entropy\lovely\never_lose.toml resulted in no matches
WARN - [♥] Pattern '{n=G.UIT.O, config={object = DynaText({string = {localize(\'$\')..num_dollars}, colours = {G.C.MONEY}, shadow = true, pop_in = 0, scale = 0.65, float = true})}}' on target 'functions/common_events.lua' for pattern patch from Entropy\lovely\rcode.toml resulted in no matches
WARN - [♥] Pattern '{n=G.UIT.O, config={object = DynaText({string = {localize(\'$\')..num_dollars}, colours = {G.C.RED}, shadow = true, pop_in = 0, scale = 0.65, float = true})}}' on target 'functions/common_events.lua' for pattern patch from Entropy\lovely\rcode.toml resulted in no matches
WARN - [♥] Regex 'localize\\(\'ph_mr_bones\'\\)..\' \'\\}, colours = \\{G.C.FILTER' on target 'functions/common_events.lua' for regex patch from Cryptid\lovely\code.toml resulted in no matches
WARN - [♥] Pattern 'if not v.config.softlock then\n    softlocked = softlocked' on target 'functions/common_events.lua' for pattern patch from Balatro-Aikoyoris-Shenanigans\lovely\planets.toml resulted in no matches
WARN - [♥] Pattern '                    if (not v.config.softlock or G.GAME.hands[v.config.hand_type].played > 0) then\n                        add = true\n                    end' on target 'functions/common_events.lua' for pattern patch from Balatro-Aikoyoris-Shenanigans\lovely\planets.toml resulted in no matches
WARN - [♥] Pattern '                    if (not v.config.softlock or G.GAME.hands[v.config.hand_type].played > 0) then\n                        add = true\n                    end' on target 'functions/common_events.lua' for pattern patch from Balatro-Aikoyoris-Shenanigans\lovely\planets.toml resulted in no matches
WARN - [♥] Pattern 'G.GAME.hands[hand].chips = math.max(G.GAME.hands[hand].s_chips + G.GAME.hands[hand].l_chips*(G.GAME.hands[hand].level - 1), 0)' on target 'functions/common_events.lua' for pattern patch from Kino\lovely.toml resulted in no matches
WARN - [♥] Pattern 'if num_dollars > 60 then' on target 'functions/common_events.lua' for pattern patch from Talisman\lovely.toml resulted in no matches
WARN - [♥] Pattern 'func = (function() if eval_func(card) then if not first or first then card:juice_up(0.1, 0.1) end;juice_card_until(card, eval_func, nil, 0.8) end return true end)' on target 'functions/common_events.lua' for pattern patch from Talisman\lovely.toml resulted in no matches
WARN - [♥] Pattern 'elseif _c.effect == \'Lucky Card\' then loc_vars = {G.GAME.probabilities.normal, cfg.mult, 5, cfg.p_dollars, 15}' on target 'functions/common_events.lua' for pattern patch from Cryptid\lovely\Probability.toml resulted in no matches
INFO - [♥] Applied 210 patches to 'functions/common_events.lua'
WARN - [♥] Pattern '    if #G.hand.highlighted <= 0 or G.GAME.blind.block_play or #G.hand.highlighted > 5 then ' on target 'functions/button_callbacks.lua' for pattern patch from Balatro-Aikoyoris-Shenanigans\lovely\selectionlimit.toml resulted in no matches
WARN - [♥] Pattern 'if ((G.GAME.dollars-G.GAME.bankrupt_at) - 10 >= 0) and' on target 'functions/button_callbacks.lua' for pattern patch from Talisman\lovely.toml resulted in no matches
WARN - [♥] Pattern 'for i = 1, #G.GAME.tags do\n            if G.GAME.tags[i]:apply_to_run({type = \'new_blind_choice\'}) then break end\n          end' on target 'functions/button_callbacks.lua' for pattern patch from TooManyDecks\lovely\decks.toml resulted in no matches
WARN - [♥] Pattern 'if #G.hand.highlighted <= 0 or G.GAME.blind.block_play or #G.hand.highlighted > 5 then' on target 'functions/button_callbacks.lua' for pattern patch from CardSleeves\lovely\expected_to_fail.toml resulted in no matches
INFO - [♥] Applied 84 patches to 'functions/button_callbacks.lua'
WARN - [♥] Pattern '*then G.E_MANAGER:add_event(Event({ func = function() G.GAME.blind:set_blind(nil, true, nil); return true end })) end' on target 'card.lua' for pattern patch from smods\lovely\calculate_card_added.toml resulted in 2 matches, wanted 1
WARN - [♥] Ignoring excess matches
WARN - [♥] Pattern 'if not initial then G.GAME.blind:debuff_card(self) end' on target 'card.lua' for pattern patch from Cryptid\lovely\lib_misc.toml resulted in no matches
WARN - [♥] Pattern 'if self.ability.name == \'Campfire\' and G.GAME.blind.boss and not (G.GAME.blind.config and G.GAME.blind.config.bonus) and self.ability.x_mult > 1 then' on target 'card.lua' for pattern patch from Cryptid\lovely\misc.toml resulted in no matches
WARN - [♥] Pattern 'if self.ability.name:find(\'Arcana\') then' on target 'card.lua' for pattern patch from Cryptid\lovely\misprint.toml resulted in no matches
WARN - [♥] Pattern 'if self.ability.name == \'The Hermit\' or self.ability.consumeable.hand_type or self.ability.name == \'Temperance\' or self.ability.name == \'Black Hole\' then' on target 'card.lua' for pattern patch from Cryptid\lovely\stake.toml resulted in no matches
WARN - [♥] Pattern 'if self.ability.queue_negative_removal then' on target 'card.lua' for pattern patch from Cryptid\lovely\sticker.toml resulted in no matches
WARN - [♥] Pattern '    return generate_card_ui(self.config.center, nil, loc_vars, card_type, badges, hide_desc, main_start, main_end)' on target 'card.lua' for pattern patch from Balatro-Aikoyoris-Shenanigans\lovely\localization.toml resulted in no matches
WARN - [♥] Pattern 'G.GAME.current_round.voucher = nil' on target 'card.lua' for pattern patch from Cryptid\lovely\Voucher.toml resulted in no matches
WARN - [♥] Pattern 'if G.GAME.blind then G.E_MANAGER:add_event(Event({ func = function() G.GAME.blind:set_blind(nil, true, nil); return true end })) end' on target 'card.lua' for pattern patch from Talisman\lovely.toml resulted in no matches
WARN - [♥] Pattern 'x_mult = center.config.Xmult or 1,' on target 'card.lua' for pattern patch from Talisman\lovely.toml resulted in no matches
WARN - [♥] Pattern 'if pseudorandom(\'lucky_money\') < G.GAME.probabilities.normal/15 then' on target 'card.lua' for pattern patch from Cryptid\lovely\Probability.toml resulted in no matches
WARN - [♥] Pattern 'if pseudorandom(\'lucky_mult\') < G.GAME.probabilities.normal/5 then' on target 'card.lua' for pattern patch from Cryptid\lovely\Probability.toml resulted in no matches
WARN - [♥] Pattern 'elseif self.ability.name == \'Business Card\' then loc_vars = {\'\'..(G.GAME and G.GAME.probabilities.normal or 1), self.ability.extra}' on target 'card.lua' for pattern patch from Cryptid\lovely\Probability.toml resulted in no matches
WARN - [♥] Pattern 'pseudorandom(\'business\') < G.GAME.probabilities.normal/self.ability.extra then' on target 'card.lua' for pattern patch from Cryptid\lovely\Probability.toml resulted in no matches
WARN - [♥] Pattern 'local currentBack = self.params.viewed_back and G.GAME.viewed_back or G.GAME.selected_back' on target 'card.lua' for pattern patch from Galdur\lovely.toml resulted in no matches
WARN - [♥] Regex 'self.params.viewed_back and G.GAME.viewed_back or G.GAME.selected_back' on target 'card.lua' for regex patch from CardSleeves\lovely\expected_to_fail.toml resulted in no matches
INFO - [♥] Applied 294 patches to 'card.lua'
WARN - [♥] Pattern 'if card.edition.card_limit == -1 and #G.hand.cards < G.hand.config.card_limit then' on target 'cardarea.lua' for pattern patch from Entropy\lovely\hsize_mult.toml resulted in no matches
WARN - [♥] Pattern '    self.config.highlighted_limit = config.highlight_limit or 5' on target 'cardarea.lua' for pattern patch from Balatro-Aikoyoris-Shenanigans\lovely\selectionlimit.toml resulted in no matches
INFO - [♥] Applied 25 patches to 'cardarea.lua'
WARN - [♥] Pattern 'self.chips = get_blind_amount(G.GAME.round_resets.ante)*self.mult*G.GAME.starting_params.ante_scaling' on target 'blind.lua' for pattern patch from Entropy\lovely\game.toml resulted in no matches
WARN - [♥] Pattern 'self.chips = get_blind_amount(G.GAME.round_resets.ante)*self.mult*G.GAME.starting_params.ante_scaling' on target 'blind.lua' for pattern patch from Entropy\lovely\game.toml resulted in no matches
INFO - [♥] Applied 46 patches to 'blind.lua'
WARN - [♥] Pattern 'self.children.card:set_ability(G.P_CENTERS.j_jolly)' on target 'card_character.lua' for pattern patch from Entropy\lovely\game.toml resulted in no matches
INFO - [♥] Applied 2 patches to 'card_character.lua'
WARN - [♥] Pattern 'colour = pseudorandom_element(self.colours)' on target 'engine/particles.lua' for pattern patch from Entropy\lovely\game.toml resulted in no matches
INFO - [♥] Applied 0 patches to 'engine/particles.lua'
INFO - [♥] Applied 5 patches to 'engine/text.lua'
INFO - [♥] Applied 6 patches to '=[SMODS _ "src/utils.lua"]'
INFO - [♥] Applied 7 patches to '=[SMODS _ "src/overrides.lua"]'
INFO - [♥] Applied 4 patches to '=[SMODS _ "src/game_object.lua"]'
INFO - [G] Failed to connect to the debug server
INFO - [G] 2025-05-07 08:52:08 :: DEBUG :: DebugConsole :: Steamodded Debug Socket started !
INFO - [G] 2025-05-07 08:52:08 :: INFO  :: SMODS :: Steamodded v1.0.0~BETA-0506d
INFO - [♥] Applied 9 patches to 'engine/sound_manager.lua'
INFO - [♥] Applied 3 patches to 'engine/save_manager.lua'
INFO - [♥] Applied 2 patches to 'engine/string_packer.lua'
INFO - [♥] Applied 4 patches to '=[SMODS _ "src/card_draw.lua"]'
INFO - [G] 2025-05-07 08:52:10 :: ERROR :: Loader :: Found invalid metadata JSON file at C:\Users\erikk\AppData\Roaming\Balatro\Mods/Balatro-Aikoyoris-Shenanigans/.luarc.json, ignoring: [SMODS _ "src/loader.lua"]:226: id
INFO - [G] 2025-05-07 08:52:10 :: ERROR :: Loader :: Found invalid metadata JSON file at C:\Users\erikk\AppData\Roaming\Balatro\Mods/Balatro-Aikoyoris-Shenanigans/.vscode/settings.json, ignoring: [SMODS _ "src/loader.lua"]:226: id
INFO - [G] 2025-05-07 08:52:10 :: INFO  :: Loader :: Valid JSON file found
INFO - [G] 2025-05-07 08:52:10 :: INFO  :: Loader :: Valid JSON file found
INFO - [G] 2025-05-07 08:52:10 :: INFO  :: Loader :: Valid JSON file found
INFO - [G] 2025-05-07 08:52:10 :: INFO  :: Loader :: Valid JSON file found
INFO - [G] 2025-05-07 08:52:10 :: ERROR :: Loader :: Found invalid metadata JSON file at C:\Users\erikk\AppData\Roaming\Balatro\Mods/DebugPlus/.luarc.json, ignoring: [SMODS _ "src/loader.lua"]:226: id
INFO - [G] 2025-05-07 08:52:10 :: ERROR :: Loader :: Found invalid metadata JSON file at C:\Users\erikk\AppData\Roaming\Balatro\Mods/DebugPlus/dev/.luarc.json, ignoring: [SMODS _ "src/loader.lua"]:226: id
INFO - [G] 2025-05-07 08:52:10 :: INFO  :: Loader :: Valid JSON file found
INFO - [G] 2025-05-07 08:52:10 :: ERROR :: Loader :: Found invalid metadata JSON file at C:\Users\erikk\AppData\Roaming\Balatro\Mods/Entropy/.vscode/settings.json, ignoring: [SMODS _ "src/loader.lua"]:226: id
INFO - [G] 2025-05-07 08:52:10 :: INFO  :: Loader :: Valid JSON file found
INFO - [G] 2025-05-07 08:52:10 :: INFO  :: Loader :: Valid JSON file found
INFO - [G] 2025-05-07 08:52:10 :: INFO  :: Loader :: Valid JSON file found
INFO - [G] 2025-05-07 08:52:10 :: INFO  :: Loader :: Valid JSON file found
INFO - [G] 2025-05-07 08:52:10 :: TRACE :: Loader :: Processing Mod file (Legacy header): steamodded.lua
INFO - [G] 2025-05-07 08:52:10 :: WARN  :: Loader :: Duplicate Mod ID: Handy
INFO - [G] 2025-05-07 08:52:10 :: INFO  :: Loader :: Valid JSON file found
INFO - [G] 2025-05-07 08:52:10 :: TRACE :: Loader :: Processing Mod file (Legacy header): steamodded_metadata.lua
INFO - [G] 2025-05-07 08:52:10 :: TRACE :: Loader :: Saving Mod Info: Talisman
INFO - [G] 2025-05-07 08:52:10 :: INFO  :: Loader :: Valid JSON file found
INFO - [♥] Applied 7 patches to '=[SMODS galdur "galdur.lua"]'
INFO - [♥] Applied 2 patches to '=[SMODS CardSleeves "CardSleeves.lua"]'
INFO - [G] 2025-05-07 08:52:10 :: INFO  :: CardSleeves :: CardSleeves v1.7.5 loaded~!
INFO - [G] 2025-05-07 08:52:10 :: WARN  :: Sound :: Object garb_surge has the same key as an existing object, not registering.
INFO - [G] 2025-05-07 08:52:10 :: WARN  :: Sound :: If you want to modify an existing object, use take_ownership()
INFO - [G] [CRYPTID] Loading library file ascended.lua
INFO - [G] [CRYPTID] Loading library file calculate.lua
INFO - [G] [CRYPTID] Loading library file content.lua
WARN - [♥] Pattern 'bogus patch lol aikoyori was here no patching ' on target '=[SMODS Cryptid "lib/content.lua"]' for pattern patch from Balatro-Aikoyoris-Shenanigans\lovely\compat.cryptid.toml resulted in no matches
INFO - [♥] Applied 0 patches to '=[SMODS Cryptid "lib/content.lua"]'
INFO - [G] [CRYPTID] Loading library file cross-mod.lua
INFO - [G] [CRYPTID] Loading library file d20.lua
INFO - [G] [CRYPTID] Loading library file event.lua
INFO - [G] [CRYPTID] Loading library file forcetrigger.lua
INFO - [G] [CRYPTID] Loading library file gameset.lua
INFO - [G] [CRYPTID] Loading library file https.lua
INFO - [G] 2025-05-07 08:52:10 :: DEBUG :: SMODS.https :: Using https module backend
INFO - [G] [CRYPTID] Loading library file misc.lua
INFO - [♥] Applied 1 patch to '=[SMODS Cryptid "lib/misc.lua"]'
INFO - [G] [CRYPTID] Loading library file misprintize.lua
INFO - [G] [CRYPTID] Loading library file modifiers.lua
INFO - [G] 2025-05-07 08:52:10 :: WARN  :: Sticker :: Detected duplicate register call on object perishable
INFO - [G] 2025-05-07 08:52:10 :: WARN  :: Sticker :: Detected duplicate register call on object pinned
INFO - [G] 2025-05-07 08:52:10 :: WARN  :: Sticker :: Detected duplicate register call on object eternal
INFO - [G] 2025-05-07 08:52:10 :: WARN  :: Sticker :: Detected duplicate register call on object rental
INFO - [G] [CRYPTID] Loading library file notifications.lua
INFO - [G] [CRYPTID] Loading library file overrides.lua
INFO - [G] [CRYPTID] Loading library file pointerlib.lua
INFO - [G] [CRYPTID] Loading library file ui.lua
INFO - [G] [CRYPTID] Loading file achievement.lua
INFO - [G] [CRYPTID] Loading file blind.lua
INFO - [G] [CRYPTID] Loading file challenge.lua
INFO - [G] [CRYPTID] Loading file code.lua
INFO - [G] [CRYPTID] Loading file deck.lua
INFO - [G] [CRYPTID] Loading file enhanced.lua
INFO - [G] [CRYPTID] Loading file epic.lua
INFO - [G] [CRYPTID] Loading file exotic.lua
INFO - [G] [CRYPTID] Loading file joker_display.lua
INFO - [G] [CRYPTID] Loading file m.lua
INFO - [G] [CRYPTID] Loading file misc.lua
INFO - [G] [CRYPTID] Loading file misc_joker.lua
INFO - [G] [CRYPTID] Loading file planet.lua
INFO - [G] [CRYPTID] Loading file pointer.lua
INFO - [G] [CRYPTID] Inserting Pointer Aliases
INFO - [G] [CRYPTID] Loading file sleeve.lua
INFO - [G] [CRYPTID] Loading file spectral.lua
INFO - [G] [CRYPTID] Loading file spooky.lua
INFO - [G] [CRYPTID] Loading file stake.lua
INFO - [♥] Applied 1 patch to '=[SMODS Cryptid "items/stake.lua"]'
INFO - [G] [CRYPTID] Loading file tag.lua
INFO - [G] [CRYPTID] Loading file test.lua
INFO - [G] [CRYPTID] Loading file voucher.lua
INFO - [G] 2025-05-07 08:52:10 :: WARN  :: Atlas :: Object cry_effarcire has the same key as an existing object, not registering.
INFO - [G] 2025-05-07 08:52:10 :: WARN  :: Atlas :: If you want to modify an existing object, use take_ownership()
INFO - [G] 2025-05-07 08:52:11 :: WARN  :: Draw Step :: Detected duplicate register call on object floating_sprite
INFO - [G] 2025-05-07 08:52:11 :: WARN  :: Draw Step :: Detected duplicate register call on object front
INFO - [G] 2025-05-07 08:52:11 :: INFO  :: Aikoyori's Shenanigans :: Cryptid Detected... vro ;P
INFO - [G] 2025-05-07 08:52:11 :: WARN  :: Sticker :: Detected duplicate register call on object cry_rigged
WARN - [♥] Pattern 'aikoyori was here' on target '=[SMODS entr "items/misc/seals.lua"]' for pattern patch from Balatro-Aikoyoris-Shenanigans\lovely\compat.entr.toml resulted in no matches
INFO - [♥] Applied 0 patches to '=[SMODS entr "items/misc/seals.lua"]'
INFO - [G] 2025-05-07 08:52:11 :: WARN  :: Atlas :: Detected duplicate register call on object entr_modicon
INFO - [G] 2025-05-07 08:52:11 :: WARN  :: CBlind :: Object c_entr_bl_eye has the same key as an existing object, not registering.
INFO - [G] 2025-05-07 08:52:11 :: WARN  :: CBlind :: If you want to modify an existing object, use take_ownership()
INFO - [G] 2025-05-07 08:52:11 :: WARN  :: CBlind :: Object c_entr_bl_wheel has the same key as an existing object, not registering.
INFO - [G] 2025-05-07 08:52:11 :: WARN  :: CBlind :: If you want to modify an existing object, use take_ownership()
INFO - [G] 2025-05-07 08:52:11 :: INFO  :: TIMER :: [0000] Injected Language in 0.001 ms
INFO - [G] 2025-05-07 08:52:11 :: INFO  :: TIMER :: [0000] Injected [INTERNAL] in 1.546 ms
INFO - [G] 2025-05-07 08:52:15 :: INFO  :: TIMER :: [0125] Injected Atlas in 3517.905 ms
INFO - [G] 2025-05-07 08:52:15 :: INFO  :: TIMER :: [0061] Injected Sound in 44.648 ms
INFO - [G] 2025-05-07 08:52:15 :: INFO  :: TIMER :: [0034] Injected Stake in 1.045 ms
INFO - [G] 2025-05-07 08:52:15 :: INFO  :: TIMER :: [0011] Injected Rarity in 0.054 ms
INFO - [G] 2025-05-07 08:52:15 :: INFO  :: TIMER :: [0043] Injected ObjectType in 1.179 ms
INFO - [G] 2025-05-07 08:52:15 :: INFO  :: TIMER :: [1317] Injected Center in 14.501 ms
INFO - [G] 2025-05-07 08:52:15 :: INFO  :: TIMER :: [0012] Injected Undiscovered Sprite in 0.031 ms
INFO - [G] 2025-05-07 08:52:15 :: INFO  :: TIMER :: [0092] Injected Blind in 0.309 ms
INFO - [G] 2025-05-07 08:52:15 :: INFO  :: TIMER :: [0017] Injected Seal in 0.310 ms
INFO - [G] 2025-05-07 08:52:15 :: INFO  :: TIMER :: [0010] Injected Suit in 0.260 ms
INFO - [G] 2025-05-07 08:52:15 :: INFO  :: TIMER :: [0028] Injected Rank in 0.349 ms
INFO - [G] 2025-05-07 08:52:15 :: INFO  :: TIMER :: [0034] Injected DeckSkin in 0.588 ms
INFO - [G] 2025-05-07 08:52:15 :: INFO  :: TIMER :: [0052] Injected PokerHand in 2.347 ms
INFO - [G] 2025-05-07 08:52:15 :: INFO  :: TIMER :: [0041] Injected Challenge in 0.117 ms
INFO - [G] 2025-05-07 08:52:15 :: INFO  :: TIMER :: [0070] Injected Tag in 0.165 ms
INFO - [G] 2025-05-07 08:52:15 :: INFO  :: TIMER :: [0023] Injected Sticker in 0.379 ms
INFO - [G] 2025-05-07 08:52:15 :: INFO  :: TIMER :: [0020] Injected Shader in 325.860 ms
INFO - [G] 2025-05-07 08:52:15 :: INFO  :: TIMER :: [0003] Injected Keybind in 0.024 ms
INFO - [G] 2025-05-07 08:52:15 :: INFO  :: TIMER :: [0028] Injected Achievement in 0.181 ms
INFO - [G] 2025-05-07 08:52:15 :: INFO  :: TIMER :: [0010] Injected nil in 0.060 ms
INFO - [G] 2025-05-07 08:52:15 :: INFO  :: TIMER :: [0028] Injected Draw Step in 0.089 ms
INFO - [G] 2025-05-07 08:52:15 :: INFO  :: TIMER :: [0000] Injected [INTERNAL] in 34.431 ms
INFO - [G] 2025-05-07 08:52:15 :: INFO  :: TIMER :: [0010] Injected Other in 0.038 ms
INFO - [G] 2025-05-07 08:52:15 :: INFO  :: TIMER :: [0002] Injected nil in 7.816 ms
INFO - [♥] Applied 1 patch to '=[SMODS _ "smods-https-thread.lua"]'
INFO - [G] 2025-05-07 08:52:18 :: DEBUG :: SMODS.https(1) :: Using https module backend
INFO - [G] return {remove = true}
INFO - [G] return {remove = true}
INFO - [G] return {remove = true}
INFO - [♥] Applied 1 patch to '=[SMODS _ "smods-https-thread.lua"]'
INFO - [G] 2025-05-07 08:53:18 :: DEBUG :: SMODS.https(2) :: Using https module backend
INFO - [♥] Applied 1 patch to '=[SMODS _ "smods-https-thread.lua"]'
INFO - [G] 2025-05-07 08:54:18 :: DEBUG :: SMODS.https(3) :: Using https module backend
INFO - [♥] Applied 1 patch to '=[SMODS _ "smods-https-thread.lua"]'
INFO - [G] 2025-05-07 08:56:06 :: DEBUG :: SMODS.https(4) :: Using https module backend
INFO - [♥] Applied 1 patch to '=[SMODS _ "smods-https-thread.lua"]'
INFO - [G] 2025-05-07 08:57:09 :: DEBUG :: SMODS.https(5) :: Using https module backend
INFO - [♥] Applied 1 patch to '=[SMODS _ "smods-https-thread.lua"]'
INFO - [G] 2025-05-07 08:58:09 :: DEBUG :: SMODS.https(6) :: Using https module backend
INFO - [♥] Applied 1 patch to '=[SMODS _ "smods-https-thread.lua"]'
INFO - [G] 2025-05-07 09:00:26 :: DEBUG :: SMODS.https(7) :: Using https module backend
INFO - [G] line not found
INFO - [G] file not found: main.lua: No such file or directory
INFO - [G] file not found: main.lua: No such file or directory
INFO - [G] file not found: main.lua: No such file or directory
INFO - [G] file not found: main.lua: No such file or directory
INFO - [G] 2025-05-07 09:02:27 :: ERROR :: StackTrace :: Oops! The game crashed
[SMODS kino "Items/Consumables/confections.lua"]:894: attempt to get length of field 'cards' (a nil value)
Stack Traceback
===============
(1) Lua local 'handler' at file 'main.lua:612'
	Local variables:
	 msg = string: "[SMODS kino \"Items/Consumables/confections.lua\"]:894: attempt to get length of field 'cards' (a nil value)"
	 (*temporary) = Lua function '?' (defined at line 31 of chunk [SMODS _ "src/logging.lua"])
	 (*temporary) = string: "Oops! The game crashed\
"
(2) LÖVE metamethod at file 'boot.lua:352'
	Local variables:
	 errhand = Lua function '?' (defined at line 598 of chunk main.lua)
	 handler = Lua function '?' (defined at line 598 of chunk main.lua)
(3) Lua method 'loc_vars' at file 'Items/Consumables/confections.lua:894' (from mod with id kino)
	Local variables:
	 self = table: 0x18d66580  {can_use:function: 0x18ed1408, loc_vars:function: 0x18fc3208, is_snackbag:true, original_key:snackbag, keep_on_use:function: 0x18fc45e0, can_be_sold:false (more...)}
	 info_queue = table: 0x260c34b0  {}
	 card = table: 0x26b859e8  {click_offset:table: 0x26b8cb88, static_rotation:false, ambient_tilt:0.2, parent:table: 0x2a4b5d78, T:table: 0x26b85a38, last_aligned:-1, extra_cost:0 (more...)}
	 (*temporary) = table: 0x260c36e0  {}
	 (*temporary) = table: 0x260c3740  {}
	 (*temporary) = nil
	 (*temporary) = string: "attempt to get length of field 'cards' (a nil value)"
(4) Lua method 'generate_ui' at Steamodded file 'src/game_object.lua:1075' 
	Local variables:
	 self = table: 0x18d66580  {can_use:function: 0x18ed1408, loc_vars:function: 0x18fc3208, is_snackbag:true, original_key:snackbag, keep_on_use:function: 0x18fc45e0, can_be_sold:false (more...)}
	 info_queue = table: 0x260c34b0  {}
	 card = table: 0x26b859e8  {click_offset:table: 0x26b8cb88, static_rotation:false, ambient_tilt:0.2, parent:table: 0x2a4b5d78, T:table: 0x26b85a38, last_aligned:-1, extra_cost:0 (more...)}
	 desc_nodes = table: 0x260c3438  {}
	 specific_vars = table: 0x260c3320  {}
	 full_UI_table = table: 0x260c33a8  {badges:table: 0x260c32f8, info:table: 0x260c3460, main:table: 0x260c3438, card_type:confection, type:table: 0x260c3488}
	 target = table: 0x260c35c8  {vars:table: 0x260c3320, set:confection, type:descriptions, nodes:table: 0x260c3438, key:c_kino_snackbag, AUT:table: 0x260c33a8}
	 res = table: 0x260c36b8  {}
(5) Lua upvalue 'gcui' at file 'functions/common_events.lua:3123'
	Local variables:
	 _c = table: 0x18d66580  {can_use:function: 0x18ed1408, loc_vars:function: 0x18fc3208, is_snackbag:true, original_key:snackbag, keep_on_use:function: 0x18fc45e0, can_be_sold:false (more...)}
	 full_UI_table = table: 0x260c33a8  {badges:table: 0x260c32f8, info:table: 0x260c3460, main:table: 0x260c3438, card_type:confection, type:table: 0x260c3488}
	 specific_vars = table: 0x260c3320  {}
	 card_type = string: "confection"
	 badges = table: 0x260c32f8  {card_type:confection}
	 hide_desc = nil
	 main_start = nil
	 main_end = nil
	 card = table: 0x26b859e8  {click_offset:table: 0x26b8cb88, static_rotation:false, ambient_tilt:0.2, parent:table: 0x2a4b5d78, T:table: 0x26b85a38, last_aligned:-1, extra_cost:0 (more...)}
	 first_pass = boolean: true
	 desc_nodes = table: 0x260c3438  {}
	 name_override = nil
	 info_queue = table: 0x260c34b0  {}
	 loc_vars = table: 0x260c35a0  {}
	 cfg = table: 0x20ef14b8  {h_chips:0, hands_played_at_create:0, mult:0, h_x_chips:1, perma_mult:0, order:37, h_dollars:0, set:confection, perma_p_dollars:0, extra_value:0 (more...)}
(6) Lua upvalue 'gcui' at file 'items/misc.lua:1201' (from mod with id Cryptid)
	Local variables:
	 _c = table: 0x18d66580  {can_use:function: 0x18ed1408, loc_vars:function: 0x18fc3208, is_snackbag:true, original_key:snackbag, keep_on_use:function: 0x18fc45e0, can_be_sold:false (more...)}
	 full_UI_table = nil
	 specific_vars = table: 0x260c3320  {}
	 card_type = string: "confection"
	 badges = table: 0x260c32f8  {card_type:confection}
	 hide_desc = nil
	 main_start = nil
	 main_end = nil
	 card = table: 0x26b859e8  {click_offset:table: 0x26b8cb88, static_rotation:false, ambient_tilt:0.2, parent:table: 0x2a4b5d78, T:table: 0x26b85a38, last_aligned:-1, extra_cost:0 (more...)}
(7) Lua upvalue 'orig_Card_generate_UIBox_ability_table' at file 'items/sleeves.lua:16' (from mod with id SGTMD)
	Local variables:
	 _c = table: 0x18d66580  {can_use:function: 0x18ed1408, loc_vars:function: 0x18fc3208, is_snackbag:true, original_key:snackbag, keep_on_use:function: 0x18fc45e0, can_be_sold:false (more...)}
	 full_UI_table = nil
	 specific_vars = table: 0x260c3320  {}
	 card_type = string: "confection"
	 badges = table: 0x260c32f8  {card_type:confection}
	 hide_desc = nil
	 main_start = nil
	 main_end = nil
	 card = table: 0x26b859e8  {click_offset:table: 0x26b8cb88, static_rotation:false, ambient_tilt:0.2, parent:table: 0x2a4b5d78, T:table: 0x26b85a38, last_aligned:-1, extra_cost:0 (more...)}
(8) Lua upvalue 'cardGetUIBoxRef' at file 'src/ui.lua:448' (from mod with id banner)
	Local variables:
	 self = table: 0x26b859e8  {click_offset:table: 0x26b8cb88, static_rotation:false, ambient_tilt:0.2, parent:table: 0x2a4b5d78, T:table: 0x26b85a38, last_aligned:-1, extra_cost:0 (more...)}
	 vars_only = nil
	 disabled_debuff = boolean: false
	 (*temporary) = table: 0x260c32b8  {}
(9) Lua method 'generate_UIBox_ability_table' at file './modules/hooks/ui.lua:7' (from mod with id aikoyorisshenanigans)
	Local variables:
	 self = table: 0x26b859e8  {click_offset:table: 0x26b8cb88, static_rotation:false, ambient_tilt:0.2, parent:table: 0x2a4b5d78, T:table: 0x26b85a38, last_aligned:-1, extra_cost:0 (more...)}
(10) Lua upvalue 'card_hover_ref' at file 'card.lua:4877'
	Local variables:
	 self = table: 0x26b859e8  {click_offset:table: 0x26b8cb88, static_rotation:false, ambient_tilt:0.2, parent:table: 0x2a4b5d78, T:table: 0x26b85a38, last_aligned:-1, extra_cost:0 (more...)}
(11) Lua upvalue 'old_Card_hover' at file 'galdur.lua:157' (from mod with id galdur)
	Local variables:
	 self = table: 0x26b859e8  {click_offset:table: 0x26b8cb88, static_rotation:false, ambient_tilt:0.2, parent:table: 0x2a4b5d78, T:table: 0x26b85a38, last_aligned:-1, extra_cost:0 (more...)}
(12) Lua upvalue 'ch' at file 'CardSleeves.lua:2115' (from mod with id CardSleeves)
	Local variables:
	 self = table: 0x26b859e8  {click_offset:table: 0x26b8cb88, static_rotation:false, ambient_tilt:0.2, parent:table: 0x2a4b5d78, T:table: 0x26b85a38, last_aligned:-1, extra_cost:0 (more...)}
(13) Lua upvalue 'cardHoverHook' at file 'lib/ui.lua:302' (from mod with id Cryptid)
	Local variables:
	 self = table: 0x26b859e8  {click_offset:table: 0x26b8cb88, static_rotation:false, ambient_tilt:0.2, parent:table: 0x2a4b5d78, T:table: 0x26b85a38, last_aligned:-1, extra_cost:0 (more...)}
(14) Lua method 'hover' at file './modules/hooks/ui.lua:119' (from mod with id aikoyorisshenanigans)
	Local variables:
	 self = table: 0x26b859e8  {click_offset:table: 0x26b8cb88, static_rotation:false, ambient_tilt:0.2, parent:table: 0x2a4b5d78, T:table: 0x26b85a38, last_aligned:-1, extra_cost:0 (more...)}
(15) Lua method 'update' at file 'engine/controller.lua:400'
	Local variables:
	 self = table: 0x18d81608  {held_button_times:table: 0x18d4b8a8, focus_cursor_stack_level:1, snap_cursor_to:table: 0x1e232810, interrupt:table: 0x18cde7b8, GAMEPAD:table: 0x18c54a58 (more...)}
	 dt = number: 0.0124004
(16) Lua upvalue 'gameUpdateRef' at file 'game.lua:2963'
	Local variables:
	 self = table: 0x18b94a10  {F_GUIDE:false, F_CRASH_REPORTS:false, booster_pack_sparkles:table: 0x1b9ffbe8, F_QUIT_BUTTON:true, F_ENGLISH_ONLY:false, viewed_stake:1, sort_id:3472 (more...)}
	 dt = number: 0
(17) Lua upvalue 'upd' at Steamodded file 'src/ui.lua:84' 
	Local variables:
	 self = table: 0x18b94a10  {F_GUIDE:false, F_CRASH_REPORTS:false, booster_pack_sparkles:table: 0x1b9ffbe8, F_QUIT_BUTTON:true, F_ENGLISH_ONLY:false, viewed_stake:1, sort_id:3472 (more...)}
	 dt = number: 0.0124004
(18) Lua upvalue 'gu' at file 'main.lua:6371'
	Local variables:
	 self = table: 0x18b94a10  {F_GUIDE:false, F_CRASH_REPORTS:false, booster_pack_sparkles:table: 0x1b9ffbe8, F_QUIT_BUTTON:true, F_ENGLISH_ONLY:false, viewed_stake:1, sort_id:3472 (more...)}
	 dt = number: 0.0124004
(19) Lua upvalue 'upd' at file 'lib/gameset.lua:27' (from mod with id Cryptid)
	Local variables:
	 self = table: 0x18b94a10  {F_GUIDE:false, F_CRASH_REPORTS:false, booster_pack_sparkles:table: 0x1b9ffbe8, F_QUIT_BUTTON:true, F_ENGLISH_ONLY:false, viewed_stake:1, sort_id:3472 (more...)}
	 dt = number: 0.0124004
(20) Lua upvalue 'update_ref' at file 'lib/overrides.lua:299' (from mod with id Cryptid)
	Local variables:
	 self = table: 0x18b94a10  {F_GUIDE:false, F_CRASH_REPORTS:false, booster_pack_sparkles:table: 0x1b9ffbe8, F_QUIT_BUTTON:true, F_ENGLISH_ONLY:false, viewed_stake:1, sort_id:3472 (more...)}
	 dt = number: 0.0124004
(21) Lua upvalue 'update_ref' at file 'items/inversions/reverseCodes.lua:668' (from mod with id entr)
	Local variables:
	 self = table: 0x18b94a10  {F_GUIDE:false, F_CRASH_REPORTS:false, booster_pack_sparkles:table: 0x1b9ffbe8, F_QUIT_BUTTON:true, F_ENGLISH_ONLY:false, viewed_stake:1, sort_id:3472 (more...)}
	 dt = number: 0.0124004
(22) Lua upvalue 'upd' at file 'items/jokers/hidden.lua:112' (from mod with id entr)
	Local variables:
	 self = table: 0x18b94a10  {F_GUIDE:false, F_CRASH_REPORTS:false, booster_pack_sparkles:table: 0x1b9ffbe8, F_QUIT_BUTTON:true, F_ENGLISH_ONLY:false, viewed_stake:1, sort_id:3472 (more...)}
	 dt = number: 0.0124004
(23) Lua upvalue 'upd' at file 'items/misc/blinds.lua:756' (from mod with id entr)
	Local variables:
	 self = table: 0x18b94a10  {F_GUIDE:false, F_CRASH_REPORTS:false, booster_pack_sparkles:table: 0x1b9ffbe8, F_QUIT_BUTTON:true, F_ENGLISH_ONLY:false, viewed_stake:1, sort_id:3472 (more...)}
	 dt = number: 0.0124004
(24) Lua method 'update' at file 'Entropy.lua:301' (from mod with id entr)
	Local variables:
	 self = table: 0x18b94a10  {F_GUIDE:false, F_CRASH_REPORTS:false, booster_pack_sparkles:table: 0x1b9ffbe8, F_QUIT_BUTTON:true, F_ENGLISH_ONLY:false, viewed_stake:1, sort_id:3472 (more...)}
	 dt = number: 0.0124004
(25) Lua upvalue 'love_update_ref' at file 'main.lua:1132'
	Local variables:
	 dt = number: 0.0124004
(26) Lua upvalue 'oldupd' at file 'main.lua:4355'
	Local variables:
	 dt = number: 0.0124004
(27) Lua field 'update' at file 'main.lua:6404'
	Local variables:
	 dt = number: 0.0124004
(28) Lua function '?' at file 'main.lua:938' (best guess)
(29) global C function 'xpcall'
(30) LÖVE function at file 'boot.lua:377' (best guess)
	Local variables:
	 func = Lua function '?' (defined at line 909 of chunk main.lua)
	 inerror = boolean: true
	 deferErrhand = Lua function '(LÖVE Function)' (defined at line 348 of chunk [love "boot.lua"])
	 earlyinit = Lua function '(LÖVE Function)' (defined at line 355 of chunk [love "boot.lua"])

INFO - [G] file not found: main.lua: No such file or directory
INFO - [G] file not found: main.lua: No such file or directory
INFO - [G] 2025-05-07 09:02:27 :: INFO  :: StackTrace :: Additional Context:
Balatro Version: 1.0.1o-FULL
Modded Version: 1.0.0~BETA-0506d-STEAMODDED
LÖVE Version: 11.5.0
Lovely Version: 0.7.1
Platform: Windows
Steamodded Mods:
    1: Entropy by Ruby [ID: entr, Priority: 666, Version: 0.5.0, Uses Lovely]
    2: Balatro Goes Kino by IcyEthics [ID: kino, Version: 0.9.0a, Uses Lovely]
    3: Card Sleeves by Larswijn [ID: CardSleeves, Priority: -10, Version: 1.7.5, Uses Lovely]
    4: Too Many Decks by Squidguset, WaffleDevs [ID: SGTMD, Priority: 115, Version: 3.5.0, Uses Lovely]
    5: Cryptid by MathIsFun_, Cryptid and Balatro Discords [ID: Cryptid, Priority: 114, Version: 0.5.5d, Uses Lovely]
    6: Talisman by MathIsFun_, Mathguy24, jenwalter666, cg-223 [ID: Talisman, Version: 2.2.0b, Uses Lovely]
        Break Infinity: omeganum
    7: Galdur by Eremel_ [ID: galdur, Priority: -10000, Version: 1.2, Uses Lovely]
    8: Aikoyori's Shenanigans by Aikoyori [ID: aikoyorisshenanigans, Priority: 300, Version: 0.2.0-alpha-250507a, Uses Lovely]
    9: Handy by SleepyG11 [ID: Handy, Version: 1.4.2a, Uses Lovely]
    10: DebugPlus by WilsontheWolf [ID: DebugPlus, Version: 1.5.0~dev, Uses Lovely]
    11: Garbshit by garb [ID: GARBPACK, Version: 2.0.1, Uses Lovely]
    12: Banner by SylviBlossom [ID: banner, Version: 1.1.1, Uses Lovely]
Lovely Mods:
