INFO - [♥] Lovely 0.7.1
INFO - [♥] Game directory is at "C:\\Program Files (x86)\\Steam\\steamapps\\common\\Balatro"
INFO - [♥] Writing logs to "C:\\Users\\erikk\\AppData\\Roaming\\Balatro\\Mods\\lovely\\log"
INFO - [♥] Using mod directory at "C:\\Users\\erikk\\AppData\\Roaming\\Balatro\\Mods"
INFO - [♥] Found .lovelyignore in 'balatro-highest-priestess-main', skipping it.
INFO - [♥] Found .lovelyignore in 'DebugPlus-master', skipping it.
INFO - [♥] Found .lovelyignore in 'JoyousSpring-main', skipping it.
INFO - [♥] Found .lovelyignore in 'Kino-main', skipping it.
INFO - [♥] Found .lovelyignore in 'my_balatro_mods-main', skipping it.
INFO - [♥] Found .lovelyignore in 'Talisman', skipping it.
WARN - [♥] Unknown key `patches.2.?.match_indent` found in patch file at "C:\\Users\\erikk\\AppData\\Roaming\\Balatro\\Mods\\CelesteCardCollection-main\\lovely\\card_credits.toml", ignoring it
WARN - [♥] Unknown key `patches.9.?.match_indent` found in patch file at "C:\\Users\\erikk\\AppData\\Roaming\\Balatro\\Mods\\Magic-the-Jokering-main\\lovely\\override.toml", ignoring it
INFO - [♥] Cleaning up dumps directory at "C:\\Users\\erikk\\AppData\\Roaming\\Balatro\\Mods\\lovely\\dump"
INFO - [♥] Initialization complete in 94ms
INFO - [♥] Applied 14 patches to 'main.lua'
INFO - [♥] Applied 7 patches to 'engine/controller.lua'
INFO - [♥] Applied 17 patches to 'back.lua'
INFO - [♥] Applied 8 patches to 'tag.lua'
INFO - [♥] Applied 1 patch to 'engine/node.lua'
INFO - [♥] Applied 1 patch to 'engine/moveable.lua'
INFO - [♥] Applied 3 patches to 'engine/sprite.lua'
INFO - [♥] Applied 2 patches to 'engine/animatedsprite.lua'
INFO - [♥] Applied 49 patches to 'functions/misc_functions.lua'
WARN - [♥] Pattern 'local card = Card(G.shop_vouchers.T.x + G.shop_vouchers.T.w/2,\nG.shop_vouchers.T.y, G.CARD_W, G.CARD_H, G.P_CARDS.empty, G.P_CENTERS[G.GAME.current_round.voucher],{bypass_discovery_center = true, bypass_discovery_ui = true})\n' on target 'game.lua' for pattern patch from Maximus-main\lovely\horoscope.toml resulted in no matches
WARN - [♥] Pattern 'G.SPLASH_BACK:define_draw_steps({{\n    shader = \'splash\',\n    send = {\n        {name = \'time\', ref_table = G.TIMERS, ref_value = \'REAL\'},\n        {name = \'vort_speed\', val = 1},\n        {name = \'colour_1\', ref_table = G.C, ref_value = \'COLOUR1\'},\n        {name = \'colour_2\', ref_table = G.C, ref_value = \'WHITE\'},\n        {name = \'mid_flash\', val = 0},\n        {name = \'vort_offset\', val = (2*90.15315131*os.time())%100000},\n    }}})\n' on target 'game.lua' for pattern patch from Cardsauce\lovely.toml resulted in no matches
INFO - [♥] Applied 53 patches to 'game.lua'
INFO - [♥] Applied 5 patches to 'globals.lua'
INFO - [♥] Applied 3 patches to 'engine/ui.lua'
WARN - [♥] Regex '(?<indent>[\\t ]*)return \\{n=G\\.UIT\\.ROOT, config = \\{align = \'cm\', colour = G\\.C\\.CLEAR\\}, nodes=\\{\\n[\\s\\S]{8}\\{n=G\\.UIT\\.C, config=\\{align = \"cm\"' on target 'functions/UI_definitions.lua' for regex patch from D6-Jokers-main\lovely\main.toml resulted in no matches
WARN - [♥] Regex '(?<indent>[\\t ]*)\\{n=G\\.UIT\\.R, config=\\{align = \"cm\", minw = 1\\.5, minh = 0\\.4, r = 0\\.1, padding = 0\\.05, colour = G\\.C\\.WHITE\\}, nodes=\\{\\{n=G\\.UIT\\.R, config=\\{align = \"cm\", padding = 0\\.03\\}, nodes=t\\}\\}\\}' on target 'functions/UI_definitions.lua' for regex patch from D6-Jokers-main\lovely\main.toml resulted in no matches
WARN - [♥] Pattern 'if polled_rate > check_rate and polled_rate <= check_rate + v.val then\n    local card = create_card(v.type, area, nil, nil, nil, nil, nil, \'sho\')\n' on target 'functions/UI_definitions.lua' for pattern patch from Maximus-main\lovely\coupon.toml resulted in no matches
WARN - [♥] Pattern 'if polled_rate > check_rate and polled_rate <= check_rate + v.val then\n    local card = create_card(v.type, area, nil, nil, nil, nil, nil, \'sho\')\n' on target 'functions/UI_definitions.lua' for pattern patch from Maximus-main\lovely\modifiers.toml resulted in no matches
WARN - [♥] Pattern 'table.insert(t, create_toggle({label = localize(\'b_high_contrast_cards\'), ref_table = G.SETTINGS, ref_value = \'colourblind_option\', callback = G.FUNCS.refresh_contrast_mode}))' on target 'functions/UI_definitions.lua' for pattern patch from Cardsauce\lovely.toml resulted in no matches
INFO - [♥] Applied 102 patches to 'functions/UI_definitions.lua'
WARN - [♥] Regex 'game_over = false\n(?<indent>[\\t ]*)end\n[\\t ]*for i = 1, #G.jokers.cards do' on target 'functions/state_events.lua' for regex patch from Magic-the-Jokering-main\lovely\override.toml resulted in no matches
WARN - [♥] Pattern 'if to_big(hand_chips)*mult > to_big(0) then\n' on target 'functions/state_events.lua' for pattern patch from Maximus-main\lovely\modifiers.toml resulted in no matches
WARN - [♥] Pattern 'ease_to = G.GAME.chips + math.floor(hand_chips*mult),\n' on target 'functions/state_events.lua' for pattern patch from Maximus-main\lovely\modifiers.toml resulted in no matches
WARN - [♥] Pattern '    for k, v in ipairs(G.play.cards) do\n        if (not v.shattered) and (not v.destroyed) then\n            draw_card(G.play,G.discard, it*100/play_count,\'down\', false, v)\n            it = it + 1\n        end\n    end\n' on target 'functions/state_events.lua' for pattern patch from Cardsauce\lovely.toml resulted in no matches
WARN - [♥] Pattern '                if effects.jokers.level_up then\n                    level_up_hand(card, text)\n                end\n' on target 'functions/state_events.lua' for pattern patch from Cardsauce\lovely.toml resulted in no matches
WARN - [♥] Pattern 'card_eval_status_text(card, \'jokers\', nil, percent, nil, effects.jokers)' on target 'functions/state_events.lua' for pattern patch from Cardsauce\lovely.toml resulted in no matches
WARN - [♥] Pattern 'if next(find_joker(\'Splash\')) then' on target 'functions/state_events.lua' for pattern patch from Cardsauce\lovely.toml resulted in no matches
INFO - [♥] Applied 73 patches to 'functions/state_events.lua'
WARN - [♥] Pattern 'colours = {(G.GAME.hands[_c.config.hand_type].level==1 and G.C.UI.TEXT_DARK or G.C.HAND_LEVELS[math.min(7, G.GAME.hands[_c.config.hand_type].level)])}' on target 'functions/common_events.lua' for pattern patch from balatro-victins-collection-0.0.0-alpha.0.0\lovely\hand_level_colours.toml resulted in no matches
WARN - [♥] Pattern '        if specific_vars.bonus_chips then\n            localize{type = \'other\', key = \'card_extra_chips\', nodes = desc_nodes, vars = {specific_vars.bonus_chips}}\n        end\n' on target 'functions/common_events.lua' for pattern patch from NeatoJokers-main\lovely.toml resulted in no matches
WARN - [♥] Pattern '        if _c.name ~= \'Stone Card\' and ((specific_vars and specific_vars.bonus_chips) or (cfg.bonus ~= 0 and cfg.bonus)) then\n            localize{type = \'other\', key = \'card_extra_chips\', nodes = desc_nodes, vars = {((specific_vars and specific_vars.bonus_chips) or cfg.bonus)}}\n        end\n' on target 'functions/common_events.lua' for pattern patch from NeatoJokers-main\lovely.toml resulted in no matches
WARN - [♥] Pattern 'elseif card.jimbo then' on target 'functions/common_events.lua' for pattern patch from balatro-victins-collection-0.0.0-alpha.0.0\lovely\zodiac.toml resulted in no matches
WARN - [♥] Pattern '{n=G.UIT.O, config={object = DynaText({string = {\' \'..localize(\'ph_mr_bones\')..\' \'}, colours = {G.C.FILTER}, shadow = true, pop_in = 0, scale = 0.5*scale, silent = true})}}' on target 'functions/common_events.lua' for pattern patch from Cardsauce\lovely.toml resulted in no matches
WARN - [♥] Pattern 'if specific_vars.nominal_chips then\n    localize{type = \'other\', key = \'card_chips\', nodes = desc_nodes, vars = {specific_vars.nominal_chips}}\nend\nif specific_vars.bonus_chips then\n    localize{type = \'other\', key = \'card_extra_chips\', nodes = desc_nodes, vars = {specific_vars.bonus_chips}}\nend\n' on target 'functions/common_events.lua' for pattern patch from Cardsauce\lovely.toml resulted in no matches
INFO - [♥] Applied 136 patches to 'functions/common_events.lua'
WARN - [♥] Pattern 'if not G.from_boss_tag then ease_dollars(-10) end
WARN - [♥] ' on target 'functions/button_callbacks.lua' for pattern patch from JokerHub-main\lovely.toml resulted in 2 matches, wanted 1
WARN - [♥] Ignoring excess matches
INFO - [♥] Applied 56 patches to 'functions/button_callbacks.lua'
WARN - [♥] Pattern 'G.GAME.pack_choices = self.config.center.config.choose or 1' on target 'card.lua' for pattern patch from CelesteCardCollection-main\lovely\j_booster.toml resulted in no matches
WARN - [♥] Pattern '        loc_vars = { playing_card = not not self.base.colour, value = self.base.value, suit = self.base.suit, colour = self.base.colour,\n                    nominal_chips = self.base.nominal > 0 and self.base.nominal or nil,\n                    bonus_chips = (self.ability.bonus + (self.ability.perma_bonus or 0)) > 0 and (self.ability.bonus + (self.ability.perma_bonus or 0)) or nil,\n' on target 'card.lua' for pattern patch from NeatoJokers-main\lovely.toml resulted in no matches
WARN - [♥] Pattern 'for k, v in pairs(G.playing_cards) do\n    if v.config.center == G.P_CENTERS.m_steel then self.ability.steel_tally = self.ability.steel_tally+1 end\nend\n' on target 'card.lua' for pattern patch from SharrisMod-main\lovely.toml resulted in no matches
WARN - [♥] Pattern 'context.other_card.ability.name == \'Gold Card\' then\n' on target 'card.lua' for pattern patch from SharrisMod-main\lovely.toml resulted in no matches
WARN - [♥] Pattern 'bonus_chips = (self.ability.bonus + (self.ability.perma_bonus or 0)) > 0 and (self.ability.bonus + (self.ability.perma_bonus or 0)) or nil,\n' on target 'card.lua' for pattern patch from Maximus-main\lovely\bonus_mult.toml resulted in no matches
WARN - [♥] Pattern '--If the card has a front, draw that next\n    if self.children.front and (self.ability.delayed or (self.ability.effect ~= \'Stone Card\' and not self.config.center.replace_base_card)) then\n' on target 'card.lua' for pattern patch from Maximus-main\lovely\hammer_and_chisel.toml resulted in no matches
WARN - [♥] Pattern 'if self.ability.name == \'Business Card\' and\n    context.other_card:is_face() and\n    pseudorandom(\'business\') < G.GAME.probabilities.normal/self.ability.extra then\n        G.GAME.dollar_buffer = (G.GAME.dollar_buffer or 0) + 2\n        if not Talisman.config_file.disable_anims then G.E_MANAGER:add_event(Event({func = (function() G.GAME.dollar_buffer = 0; return true end)})) else G.GAME.dollar_buffer = 0 end\n        return {\n            dollars = 2,\n            card = self\n        }\n    end\n' on target 'card.lua' for pattern patch from Maximus-main\lovely\pessimistic.toml resulted in no matches
WARN - [♥] Pattern 'if self.ability.name == \'Reserved Parking\' and\ncontext.other_card:is_face() and\npseudorandom(\'parking\') < G.GAME.probabilities.normal/self.ability.extra.odds then\n    if context.other_card.debuff then\n        return {\n            message = localize(\'k_debuffed\'),\n            colour = G.C.RED,\n            card = self,\n        }\n    else\n        G.GAME.dollar_buffer = (G.GAME.dollar_buffer or 0) + self.ability.extra.dollars\n        if not Talisman.config_file.disable_anims then G.E_MANAGER:add_event(Event({func = (function() G.GAME.dollar_buffer = 0; return true end)})) else G.GAME.dollar_buffer = 0 end\n        return {\n            dollars = self.ability.extra.dollars,\n            card = self\n        }\n    end\nend\n' on target 'card.lua' for pattern patch from Maximus-main\lovely\pessimistic.toml resulted in no matches
WARN - [♥] Pattern 'if self.area and self.ability.couponed and (self.area == G.shop_jokers or self.area == G.shop_booster) then self.cost = 0 end\nself.sell_cost_label = self.facing == \'back\' and \'?\' or self.sell_cost\n' on target 'card.lua' for pattern patch from Maximus-main\lovely\shop.toml resulted in no matches
WARN - [♥] Pattern 'G.GAME.pack_choices = self.config.center.config.choose or 1' on target 'card.lua' for pattern patch from Maximus-main\lovely\trick_or_treat.toml resulted in no matches
WARN - [♥] Pattern 'G.GAME.pack_choices = self.config.center.config.choose or 1' on target 'card.lua' for pattern patch from Prism-main\lovely.toml resulted in no matches
WARN - [♥] Pattern 'local currentBack = self.params.viewed_back and G.GAME.viewed_back or G.GAME.selected_back' on target 'card.lua' for pattern patch from Galdur-master\lovely.toml resulted in no matches
WARN - [♥] Pattern 'G.E_MANAGER:add_event(Event({trigger = \'after\',delay = 0.1,func = function() G.hand.highlighted[i]:set_ability(G.P_CENTERS[self.ability.consumeable.mod_conv]);return true end }))' on target 'card.lua' for pattern patch from Cardsauce\lovely.toml resulted in no matches
WARN - [♥] Pattern 'if self.debuff then\n    self.children.center:draw_shader(\'debuff\', nil, self.ARGS.send_to_shader)\n' on target 'card.lua' for pattern patch from Cardsauce\lovely.toml resulted in no matches
WARN - [♥] Pattern 'if G.consumeables.cards[i].ability.consumeable then' on target 'card.lua' for pattern patch from Cardsauce\lovely.toml resulted in no matches
WARN - [♥] Pattern 'if self.ability.name == \'Black Hole\' then' on target 'card.lua' for pattern patch from GARBSHIT-main\lovely.toml resulted in no matches
WARN - [♥] Pattern 'for i = 1, self.ability.extra.destroy do destroyed_cards[#destroyed_cards+1] = temp_hand[i] end' on target 'card.lua' for pattern patch from GARBSHIT-main\lovely.toml resulted in no matches
INFO - [♥] Applied 287 patches to 'card.lua'
INFO - [♥] Applied 13 patches to 'cardarea.lua'
WARN - [♥] Pattern 'if self.name == \'The Mark\' and card:is_face(true) then' on target 'blind.lua' for pattern patch from CelesteCardCollection-main\lovely\bl_suitflip.toml resulted in no matches
INFO - [♥] Applied 40 patches to 'blind.lua'
INFO - [♥] Applied 2 patches to 'engine/text.lua'
INFO - [♥] Applied 3 patches to 'challenges.lua'
INFO - [♥] Applied 1 patch to '=[SMODS _ "src/ui.lua"]'
INFO - [♥] Applied 3 patches to '=[SMODS _ "src/utils.lua"]'
INFO - [♥] Applied 4 patches to '=[SMODS _ "src/game_object.lua"]'
INFO - [G] Failed to connect to the debug server
INFO - [G] 2025-03-05 15:29:23 :: DEBUG :: DebugConsole :: Steamodded Debug Socket started !
INFO - [♥] Applied 9 patches to 'engine/sound_manager.lua'
INFO - [♥] Applied 1 patch to 'engine/save_manager.lua'
INFO - [G] 2025-03-05 15:29:26 :: INFO  :: DefaultLogger :: Valid JSON file found
INFO - [G] 2025-03-05 15:29:26 :: TRACE :: Loader :: Processing Mod file (Legacy header): BadAppleJoker.lua
INFO - [G] 2025-03-05 15:29:26 :: TRACE :: Loader :: Saving Mod Info: BadApple
INFO - [G] 2025-03-05 15:29:26 :: INFO  :: DefaultLogger :: Valid JSON file found
INFO - [G] 2025-03-05 15:29:26 :: INFO  :: DefaultLogger :: Valid JSON file found
INFO - [G] 2025-03-05 15:29:26 :: TRACE :: Loader :: Processing Mod file (Legacy header): main.lua
INFO - [G] 2025-03-05 15:29:26 :: TRACE :: Loader :: Saving Mod Info: Cardsauce
INFO - [G] 2025-03-05 15:29:26 :: TRACE :: Loader :: Processing Mod file (Legacy header): main.lua
INFO - [G] 2025-03-05 15:29:26 :: TRACE :: Loader :: Saving Mod Info: CelesteCardCollection
INFO - [G] 2025-03-05 15:29:26 :: ERROR :: Loader :: Found invalid metadata JSON file at C:\Users\erikk\AppData\Roaming\Balatro\Mods/CelesteCardCollection-main/settings.json, ignoring: [lovely json "libs/json/json.lua"]:185: expected string for key at line 3 col 57
INFO - [G] 2025-03-05 15:29:26 :: TRACE :: Loader :: Processing Mod file (Legacy header): CodexArcanum.lua
INFO - [G] 2025-03-05 15:29:26 :: TRACE :: Loader :: Saving Mod Info: CodexArcanum
INFO - [G] 2025-03-05 15:29:26 :: INFO  :: DefaultLogger :: Valid JSON file found
INFO - [G] 2025-03-05 15:29:26 :: ERROR :: Loader :: Found invalid metadata JSON file at C:\Users\erikk\AppData\Roaming\Balatro\Mods/DebugPlus-master/.luarc.json, ignoring: [SMODS _ "src/loader.lua"]:226: id
INFO - [G] 2025-03-05 15:29:26 :: ERROR :: Loader :: Found invalid metadata JSON file at C:\Users\erikk\AppData\Roaming\Balatro\Mods/DebugPlus-master/dev/.luarc.json, ignoring: [SMODS _ "src/loader.lua"]:226: id
INFO - [G] 2025-03-05 15:29:26 :: INFO  :: DefaultLogger :: Valid JSON file found
INFO - [G] 2025-03-05 15:29:26 :: INFO  :: DefaultLogger :: Valid JSON file found
INFO - [G] 2025-03-05 15:29:26 :: INFO  :: DefaultLogger :: Valid JSON file found
INFO - [G] 2025-03-05 15:29:26 :: TRACE :: Loader :: Processing Mod file (Legacy header): EvaJokers.lua
INFO - [G] 2025-03-05 15:29:26 :: TRACE :: Loader :: Saving Mod Info: EvaJokers
INFO - [G] 2025-03-05 15:29:26 :: INFO  :: DefaultLogger :: Valid JSON file found
INFO - [G] 2025-03-05 15:29:26 :: TRACE :: Loader :: Processing Mod file (Legacy header): main.lua
INFO - [G] 2025-03-05 15:29:26 :: TRACE :: Loader :: Saving Mod Info: GARBPACK
INFO - [G] 2025-03-05 15:29:26 :: INFO  :: DefaultLogger :: Valid JSON file found
INFO - [G] 2025-03-05 15:29:26 :: TRACE :: Loader :: Processing Mod file (Legacy header): JestersPrivilege.lua
INFO - [G] 2025-03-05 15:29:26 :: TRACE :: Loader :: Saving Mod Info: JestersPrivilege
INFO - [G] 2025-03-05 15:29:26 :: INFO  :: DefaultLogger :: Valid JSON file found
INFO - [G] 2025-03-05 15:29:26 :: INFO  :: DefaultLogger :: Valid JSON file found
INFO - [G] 2025-03-05 15:29:26 :: INFO  :: DefaultLogger :: Valid JSON file found
INFO - [G] 2025-03-05 15:29:26 :: INFO  :: DefaultLogger :: Valid JSON file found
INFO - [G] 2025-03-05 15:29:26 :: INFO  :: DefaultLogger :: Valid JSON file found
INFO - [G] 2025-03-05 15:29:26 :: INFO  :: DefaultLogger :: Valid JSON file found
INFO - [G] 2025-03-05 15:29:26 :: INFO  :: DefaultLogger :: Valid JSON file found
INFO - [G] 2025-03-05 15:29:26 :: INFO  :: DefaultLogger :: Valid JSON file found
INFO - [G] 2025-03-05 15:29:26 :: TRACE :: Loader :: Processing Mod file (Legacy header): main.lua
INFO - [G] 2025-03-05 15:29:26 :: TRACE :: Loader :: Saving Mod Info: sdm0sstuff
INFO - [G] 2025-03-05 15:29:26 :: INFO  :: DefaultLogger :: Valid JSON file found
INFO - [G] 2025-03-05 15:29:26 :: ERROR :: Loader :: Found invalid metadata JSON file at C:\Users\erikk\AppData\Roaming\Balatro\Mods/SnoresvilleTurbulentJokers/SnoresvilleTurbulentJokers.json, ignoring: [SMODS _ "src/loader.lua"]:105: attempt to call method 'gmatch' (a nil value)
INFO - [G] 2025-03-05 15:29:26 :: TRACE :: Loader :: Processing Mod file (Legacy header): steamodded_metadata.lua
INFO - [G] 2025-03-05 15:29:26 :: TRACE :: Loader :: Saving Mod Info: Talisman
INFO - [G] 2025-03-05 15:29:26 :: INFO  :: DefaultLogger :: Valid JSON file found
INFO - [G] 2025-03-05 15:29:26 :: TRACE :: Loader :: Processing Mod file (Legacy header): main.lua
INFO - [G] 2025-03-05 15:29:26 :: TRACE :: Loader :: Saving Mod Info: THREEDEPOSIT
INFO - [G] 2025-03-05 15:29:26 :: TRACE :: Loader :: Processing Mod file (Legacy header): main.lua
INFO - [G] 2025-03-05 15:29:26 :: TRACE :: Loader :: Saving Mod Info: unsorted
INFO - [G] 2025-03-05 15:29:26 :: INFO  :: DefaultLogger :: Valid JSON file found
INFO - [G] 2025-03-05 15:29:26 :: INFO  :: DefaultLogger :: Valid JSON file found
INFO - [G] 2025-03-05 15:29:26 :: TRACE :: Loader :: Processing Mod file (Legacy header): DnDJ.lua
INFO - [G] 2025-03-05 15:29:26 :: TRACE :: Loader :: Saving Mod Info: dndj
INFO - [G] 2025-03-05 15:29:26 :: TRACE :: Loader :: Processing Mod file (Legacy header): main.lua
INFO - [G] 2025-03-05 15:29:26 :: TRACE :: Loader :: Saving Mod Info: JoinTheCrowd
INFO - [G] 2025-03-05 15:29:26 :: INFO  :: DefaultLogger :: Valid JSON file found
INFO - [G] 2025-03-05 15:29:26 :: INFO  :: DefaultLogger :: Valid JSON file found
INFO - [G] 2025-03-05 15:29:26 :: TRACE :: Loader :: Processing Mod file (Legacy header): 5_legendary_challenges.lua
INFO - [G] 2025-03-05 15:29:26 :: TRACE :: Loader :: Saving Mod Info: legendaryChallenges
INFO - [G] 2025-03-05 15:29:26 :: TRACE :: Loader :: Processing Mod file (Legacy header): Betmma_Abilities.lua
INFO - [G] 2025-03-05 15:29:26 :: TRACE :: Loader :: Saving Mod Info: BetmmaAbilities
INFO - [G] 2025-03-05 15:29:26 :: TRACE :: Loader :: Processing Mod file (Legacy header): Betmma_Jokers.lua
INFO - [G] 2025-03-05 15:29:26 :: TRACE :: Loader :: Saving Mod Info: BetmmaJokers
INFO - [G] 2025-03-05 15:29:26 :: TRACE :: Loader :: Processing Mod file (Legacy header): Betmma_Spells.lua
INFO - [G] 2025-03-05 15:29:26 :: TRACE :: Loader :: Saving Mod Info: BetmmaSpells
INFO - [G] 2025-03-05 15:29:26 :: TRACE :: Loader :: Processing Mod file (Legacy header): Betmma_Voucher_Pack.lua
INFO - [G] 2025-03-05 15:29:26 :: TRACE :: Loader :: Saving Mod Info: BetmmaVoucherPack
INFO - [G] 2025-03-05 15:29:26 :: TRACE :: Loader :: Processing Mod file (Legacy header): Betmma_Vouchers.lua
INFO - [G] 2025-03-05 15:29:26 :: TRACE :: Loader :: Saving Mod Info: BetmmaVouchers
INFO - [G] 2025-03-05 15:29:26 :: TRACE :: Loader :: Processing Mod file (Legacy header): better_vouchers_this_run_ui.lua
INFO - [G] 2025-03-05 15:29:26 :: TRACE :: Loader :: Saving Mod Info: BetterVouchersThisRunUI
INFO - [G] 2025-03-05 15:29:26 :: ERROR :: Loader :: Found invalid metadata JSON file at C:\Users\erikk\AppData\Roaming\Balatro\Mods/paperback-main/.vscode/settings.json, ignoring: [SMODS _ "src/loader.lua"]:226: id
INFO - [G] 2025-03-05 15:29:26 :: INFO  :: DefaultLogger :: Valid JSON file found
INFO - [G] 2025-03-05 15:29:26 :: DEBUG :: DefaultLogger :: The Alchemical named Ignis with the slug c_alchemy_ignis have been registered at the id 2.
INFO - [G] 2025-03-05 15:29:26 :: DEBUG :: DefaultLogger :: The Alchemical named Aqua with the slug c_alchemy_aqua have been registered at the id 3.
INFO - [G] 2025-03-05 15:29:26 :: DEBUG :: DefaultLogger :: The Alchemical named Terra with the slug c_alchemy_terra have been registered at the id 4.
INFO - [G] 2025-03-05 15:29:26 :: DEBUG :: DefaultLogger :: The Alchemical named Aero with the slug c_alchemy_aero have been registered at the id 5.
INFO - [G] 2025-03-05 15:29:26 :: DEBUG :: DefaultLogger :: The Alchemical named Quicksilver with the slug c_alchemy_quicksilver have been registered at the id 6.
INFO - [G] 2025-03-05 15:29:26 :: DEBUG :: DefaultLogger :: The Alchemical named Salt with the slug c_alchemy_salt have been registered at the id 7.
INFO - [G] 2025-03-05 15:29:26 :: DEBUG :: DefaultLogger :: The Alchemical named Sulfur with the slug c_alchemy_sulfur have been registered at the id 8.
INFO - [G] 2025-03-05 15:29:26 :: DEBUG :: DefaultLogger :: The Alchemical named Phosphorus with the slug c_alchemy_phosphorus have been registered at the id 9.
INFO - [G] 2025-03-05 15:29:26 :: DEBUG :: DefaultLogger :: The Alchemical named Bismuth with the slug c_alchemy_bismuth have been registered at the id 10.
INFO - [G] 2025-03-05 15:29:26 :: DEBUG :: DefaultLogger :: The Alchemical named Cobalt with the slug c_alchemy_cobalt have been registered at the id 11.
INFO - [G] 2025-03-05 15:29:26 :: DEBUG :: DefaultLogger :: The Alchemical named Arsenic with the slug c_alchemy_arsenic have been registered at the id 12.
INFO - [G] 2025-03-05 15:29:26 :: DEBUG :: DefaultLogger :: The Alchemical named Antimony with the slug c_alchemy_antimony have been registered at the id 13.
INFO - [G] 2025-03-05 15:29:26 :: DEBUG :: DefaultLogger :: The Alchemical named Soap with the slug c_alchemy_soap have been registered at the id 14.
INFO - [G] 2025-03-05 15:29:26 :: DEBUG :: DefaultLogger :: The Alchemical named Manganese with the slug c_alchemy_manganese have been registered at the id 15.
INFO - [G] 2025-03-05 15:29:26 :: DEBUG :: DefaultLogger :: The Alchemical named Wax with the slug c_alchemy_wax have been registered at the id 16.
INFO - [G] 2025-03-05 15:29:26 :: DEBUG :: DefaultLogger :: The Alchemical named Borax with the slug c_alchemy_borax have been registered at the id 17.
INFO - [G] 2025-03-05 15:29:26 :: DEBUG :: DefaultLogger :: The Alchemical named Glass with the slug c_alchemy_glass have been registered at the id 18.
INFO - [G] 2025-03-05 15:29:26 :: DEBUG :: DefaultLogger :: The Alchemical named Magnet with the slug c_alchemy_magnet have been registered at the id 19.
INFO - [G] 2025-03-05 15:29:26 :: DEBUG :: DefaultLogger :: The Alchemical named Gold with the slug c_alchemy_gold have been registered at the id 20.
INFO - [G] 2025-03-05 15:29:26 :: DEBUG :: DefaultLogger :: The Alchemical named Silver with the slug c_alchemy_silver have been registered at the id 21.
INFO - [G] 2025-03-05 15:29:26 :: DEBUG :: DefaultLogger :: The Alchemical named Oil with the slug c_alchemy_oil have been registered at the id 22.
INFO - [G] 2025-03-05 15:29:26 :: DEBUG :: DefaultLogger :: The Alchemical named Acid with the slug c_alchemy_acid have been registered at the id 23.
INFO - [G] 2025-03-05 15:29:26 :: DEBUG :: DefaultLogger :: The Alchemical named Brimstone with the slug c_alchemy_brimstone have been registered at the id 24.
INFO - [G] 2025-03-05 15:29:26 :: DEBUG :: DefaultLogger :: The Alchemical named Uranium with the slug c_alchemy_uranium have been registered at the id 25.
INFO - [G] 2025-03-05 15:29:26 :: DEBUG :: DefaultLogger :: c_alchemy_undiscovered
INFO - [G] 2025-03-05 15:29:26 :: DEBUG :: DefaultLogger :: p_alchemy_normal_1
INFO - [G] 2025-03-05 15:29:26 :: DEBUG :: DefaultLogger :: c_alchemy_locked
INFO - [G] 2025-03-05 15:29:26 :: DEBUG :: DefaultLogger :: p_alchemy_normal_1
INFO - [G] 2025-03-05 15:29:26 :: DEBUG :: DefaultLogger :: alchemical_atlas
INFO - [G] 2025-03-05 15:29:26 :: DEBUG :: DefaultLogger :: p_alchemy_normal_1
INFO - [G] 2025-03-05 15:29:26 :: DEBUG :: DefaultLogger :: ca_booster_atlas
INFO - [G] 2025-03-05 15:29:26 :: DEBUG :: DefaultLogger :: p_alchemy_normal_1
INFO - [G] 2025-03-05 15:29:26 :: DEBUG :: DefaultLogger :: The Booster named Alchemy Pack with the slug p_alchemy_normal_1 have been registered at the id 34.
INFO - [G] 2025-03-05 15:29:26 :: DEBUG :: DefaultLogger :: c_alchemy_undiscovered
INFO - [G] 2025-03-05 15:29:26 :: DEBUG :: DefaultLogger :: p_alchemy_normal_2
INFO - [G] 2025-03-05 15:29:26 :: DEBUG :: DefaultLogger :: c_alchemy_locked
INFO - [G] 2025-03-05 15:29:26 :: DEBUG :: DefaultLogger :: p_alchemy_normal_2
INFO - [G] 2025-03-05 15:29:26 :: DEBUG :: DefaultLogger :: alchemical_atlas
INFO - [G] 2025-03-05 15:29:26 :: DEBUG :: DefaultLogger :: p_alchemy_normal_2
INFO - [G] 2025-03-05 15:29:26 :: DEBUG :: DefaultLogger :: ca_booster_atlas
INFO - [G] 2025-03-05 15:29:26 :: DEBUG :: DefaultLogger :: p_alchemy_normal_2
INFO - [G] 2025-03-05 15:29:26 :: DEBUG :: DefaultLogger :: The Booster named Alchemy Pack with the slug p_alchemy_normal_2 have been registered at the id 35.
INFO - [G] 2025-03-05 15:29:26 :: DEBUG :: DefaultLogger :: c_alchemy_undiscovered
INFO - [G] 2025-03-05 15:29:26 :: DEBUG :: DefaultLogger :: p_alchemy_normal_3
INFO - [G] 2025-03-05 15:29:26 :: DEBUG :: DefaultLogger :: c_alchemy_locked
INFO - [G] 2025-03-05 15:29:26 :: DEBUG :: DefaultLogger :: p_alchemy_normal_3
INFO - [G] 2025-03-05 15:29:26 :: DEBUG :: DefaultLogger :: alchemical_atlas
INFO - [G] 2025-03-05 15:29:26 :: DEBUG :: DefaultLogger :: p_alchemy_normal_3
INFO - [G] 2025-03-05 15:29:26 :: DEBUG :: DefaultLogger :: ca_booster_atlas
INFO - [G] 2025-03-05 15:29:26 :: DEBUG :: DefaultLogger :: p_alchemy_normal_3
INFO - [G] 2025-03-05 15:29:26 :: DEBUG :: DefaultLogger :: The Booster named Alchemy Pack with the slug p_alchemy_normal_3 have been registered at the id 36.
INFO - [G] 2025-03-05 15:29:26 :: DEBUG :: DefaultLogger :: c_alchemy_undiscovered
INFO - [G] 2025-03-05 15:29:26 :: DEBUG :: DefaultLogger :: p_alchemy_normal_4
INFO - [G] 2025-03-05 15:29:26 :: DEBUG :: DefaultLogger :: c_alchemy_locked
INFO - [G] 2025-03-05 15:29:26 :: DEBUG :: DefaultLogger :: p_alchemy_normal_4
INFO - [G] 2025-03-05 15:29:26 :: DEBUG :: DefaultLogger :: alchemical_atlas
INFO - [G] 2025-03-05 15:29:26 :: DEBUG :: DefaultLogger :: p_alchemy_normal_4
INFO - [G] 2025-03-05 15:29:26 :: DEBUG :: DefaultLogger :: ca_booster_atlas
INFO - [G] 2025-03-05 15:29:26 :: DEBUG :: DefaultLogger :: p_alchemy_normal_4
INFO - [G] 2025-03-05 15:29:26 :: DEBUG :: DefaultLogger :: The Booster named Alchemy Pack with the slug p_alchemy_normal_4 have been registered at the id 37.
INFO - [G] 2025-03-05 15:29:26 :: DEBUG :: DefaultLogger :: c_alchemy_undiscovered
INFO - [G] 2025-03-05 15:29:26 :: DEBUG :: DefaultLogger :: p_alchemy_jumbo_1
INFO - [G] 2025-03-05 15:29:26 :: DEBUG :: DefaultLogger :: c_alchemy_locked
INFO - [G] 2025-03-05 15:29:26 :: DEBUG :: DefaultLogger :: p_alchemy_jumbo_1
INFO - [G] 2025-03-05 15:29:26 :: DEBUG :: DefaultLogger :: alchemical_atlas
INFO - [G] 2025-03-05 15:29:26 :: DEBUG :: DefaultLogger :: p_alchemy_jumbo_1
INFO - [G] 2025-03-05 15:29:26 :: DEBUG :: DefaultLogger :: ca_booster_atlas
INFO - [G] 2025-03-05 15:29:26 :: DEBUG :: DefaultLogger :: p_alchemy_jumbo_1
INFO - [G] 2025-03-05 15:29:26 :: DEBUG :: DefaultLogger :: The Booster named Jumbo Alchemy Pack with the slug p_alchemy_jumbo_1 have been registered at the id 38.
INFO - [G] 2025-03-05 15:29:26 :: DEBUG :: DefaultLogger :: c_alchemy_undiscovered
INFO - [G] 2025-03-05 15:29:26 :: DEBUG :: DefaultLogger :: p_alchemy_jumbo_2
INFO - [G] 2025-03-05 15:29:26 :: DEBUG :: DefaultLogger :: c_alchemy_locked
INFO - [G] 2025-03-05 15:29:26 :: DEBUG :: DefaultLogger :: p_alchemy_jumbo_2
INFO - [G] 2025-03-05 15:29:26 :: DEBUG :: DefaultLogger :: alchemical_atlas
INFO - [G] 2025-03-05 15:29:26 :: DEBUG :: DefaultLogger :: p_alchemy_jumbo_2
INFO - [G] 2025-03-05 15:29:26 :: DEBUG :: DefaultLogger :: ca_booster_atlas
INFO - [G] 2025-03-05 15:29:26 :: DEBUG :: DefaultLogger :: p_alchemy_jumbo_2
INFO - [G] 2025-03-05 15:29:26 :: DEBUG :: DefaultLogger :: The Booster named Jumbo Alchemy Pack with the slug p_alchemy_jumbo_2 have been registered at the id 39.
INFO - [G] 2025-03-05 15:29:26 :: DEBUG :: DefaultLogger :: c_alchemy_undiscovered
INFO - [G] 2025-03-05 15:29:26 :: DEBUG :: DefaultLogger :: p_alchemy_mega_1
INFO - [G] 2025-03-05 15:29:26 :: DEBUG :: DefaultLogger :: c_alchemy_locked
INFO - [G] 2025-03-05 15:29:26 :: DEBUG :: DefaultLogger :: p_alchemy_mega_1
INFO - [G] 2025-03-05 15:29:26 :: DEBUG :: DefaultLogger :: alchemical_atlas
INFO - [G] 2025-03-05 15:29:26 :: DEBUG :: DefaultLogger :: p_alchemy_mega_1
INFO - [G] 2025-03-05 15:29:26 :: DEBUG :: DefaultLogger :: ca_booster_atlas
INFO - [G] 2025-03-05 15:29:26 :: DEBUG :: DefaultLogger :: p_alchemy_mega_1
INFO - [G] 2025-03-05 15:29:26 :: DEBUG :: DefaultLogger :: The Booster named Mega Alchemy Pack with the slug p_alchemy_mega_1 have been registered at the id 40.
INFO - [G] betmma config not found
INFO - [G] 2025-03-05 15:29:26 :: DEBUG :: DefaultLogger :: Loaded BadAppleJoker~
INFO - [G] 2025-03-05 15:29:26 :: INFO  :: Bakery :: pairs() and ipairs() patched. Reason: Convenience
INFO - [G] 2025-03-05 15:29:26 :: INFO  :: Bakery :: Blind:modify_hand(), update_hand_text(), and Back:trigger_effect() patched. Reason: Scoring tags
INFO - [G] 2025-03-05 15:29:26 :: INFO  :: Bakery :: Object:__call() and Tag:load() patched. Reason: Rendering Poly Tag
INFO - [G] 2025-03-05 15:29:26 :: INFO  :: Bakery :: Blind:defeat() and G.FUNCS.load_profile() patched. Reason: Unlock conditions
INFO - [G] 2025-03-05 15:29:26 :: INFO  :: Bakery :: ease_dollars() patched. Reason: Credit Deck, Vagabond Challenge
INFO - [G] 2025-03-05 15:29:26 :: INFO  :: Bakery :: Blind:press_play() patched. Reason: Credit Deck + Credit Sleeve
INFO - [G] 2025-03-05 15:29:26 :: INFO  :: Bakery :: Card:draw() patched. Reason: Werewolf rendering
INFO - [G] 2025-03-05 15:29:26 :: INFO  :: Bakery :: G.FUNCS.evaluate_round() patched. Reason: Spinner Animation
INFO - [G] 2025-03-05 15:29:26 :: INFO  :: Bakery :: mod_mult(), mod_chips(), and G.FUNCS.evaluate_play() patched. Reason: Balanced Challenge
INFO - [G] 2025-03-05 15:29:26 :: INFO  :: Bakery :: G.FUNCS.buy_from_shop() patched. Reason: Proxy
INFO - [G] 2025-03-05 15:29:26 :: INFO  :: Bakery :: eval_card() patched. Reason: Penny Tag
INFO - [G] 2025-03-05 15:29:26 :: INFO  :: Bakery :: Card:set_sprites() patched. Reason: Spinner Loading
INFO - [G] 2025-03-05 15:29:26 :: INFO  :: Bakery :: G.UIDEF.use_and_sell_buttons(), Card:load(), Game:start_run(), copy_card() and Card:remove() patched. Reason: Card Sleeve
INFO - [G] 2025-03-05 15:29:26 :: TRACE :: Loader :: Mod BetmmaAbilities was unable to load: 
INFO - [G] 2025-03-05 15:29:26 :: TRACE :: Loader :: Mod BetmmaSpells was unable to load: Missing Dependencies: 1: BetmmaAbilities>=1.0.3


INFO - [G] 2025-03-05 15:29:26 :: DEBUG :: DefaultLogger :: [Cardsauce] Loaded hook: card
INFO - [G] 2025-03-05 15:29:26 :: DEBUG :: DefaultLogger :: [Cardsauce] Loaded hook: UI_definitions
INFO - [G] 2025-03-05 15:29:26 :: WARN  :: Atlas :: Object csau_odio has the same key as an existing object, not registering.
INFO - [G] 2025-03-05 15:29:26 :: WARN  :: Atlas :: If you want to modify an existing object, use take_ownership()
INFO - [G] 2025-03-05 15:29:26 :: WARN  :: Atlas :: Detected duplicate register call on object csau_modicon
INFO - [G] 2025-03-05 15:29:26 :: TRACE :: Loader :: Mod DebugPlus was unable to load: 
INFO - [G] 2025-03-05 15:29:26 :: TRACE :: Loader :: Mod Emporium was unable to load: Missing Dependencies: 1: Talisman (>=2.0.2)


INFO - [G] 2025-03-05 15:29:26 :: WARN  :: Sound :: Object garb_surge has the same key as an existing object, not registering.
INFO - [G] 2025-03-05 15:29:26 :: WARN  :: Sound :: If you want to modify an existing object, use take_ownership()
INFO - [G] 2025-03-05 15:29:26 :: TRACE :: Loader :: Mod HighestPriestess was unable to load: 
INFO - [G] 2025-03-05 15:29:26 :: TRACE :: Loader :: Mod JoyousSpring was unable to load: 
INFO - [G] 2025-03-05 15:29:26 :: TRACE :: Loader :: Mod Maximus was unable to load: Missing Dependencies: 1: Talisman (>=2.0.2)


INFO - [G] 2025-03-05 15:29:26 :: DEBUG :: DefaultLogger :: Loaded Three Deposit Mod
INFO - [G] 2025-03-05 15:29:26 :: TRACE :: Loader :: Mod Talisman was unable to load: 
INFO - [G] 2025-03-05 15:29:26 :: TRACE :: Loader :: Mod dndj was unable to load: Missing Dependencies: 1: Talisman


INFO - [G] 2025-03-05 15:29:26 :: TRACE :: Loader :: Mod kino was unable to load: 
INFO - [G] 2025-03-05 15:29:26 :: WARN  :: Atlas :: Detected duplicate register call on object mtg_atlas
INFO - [G] 2025-03-05 15:29:26 :: WARN  :: Atlas :: Detected duplicate register call on object mtg_kiki
INFO - [G] 2025-03-05 15:29:26 :: WARN  :: Atlas :: Detected duplicate register call on object mtg_power
INFO - [G] 2025-03-05 15:29:26 :: WARN  :: Atlas :: Detected duplicate register call on object mtg_tiny
INFO - [G] 2025-03-05 15:29:26 :: WARN  :: Atlas :: Detected duplicate register call on object mtg_chromatic
INFO - [G] 2025-03-05 15:29:26 :: WARN  :: Atlas :: Detected duplicate register call on object mtg_lotus
INFO - [G] 2025-03-05 15:29:26 :: DEBUG :: Paperback :: Loaded joker: calling_card
INFO - [G] 2025-03-05 15:29:26 :: DEBUG :: Paperback :: Loaded joker: quick_fix
INFO - [G] 2025-03-05 15:29:26 :: DEBUG :: Paperback :: Loaded joker: sacrificial_lamb
INFO - [G] 2025-03-05 15:29:26 :: DEBUG :: Paperback :: Loaded joker: wish_you_were_here
INFO - [G] 2025-03-05 15:29:26 :: DEBUG :: Paperback :: Loaded joker: stamp
INFO - [G] 2025-03-05 15:29:26 :: DEBUG :: Paperback :: Loaded joker: solar_system
INFO - [G] 2025-03-05 15:29:26 :: DEBUG :: Paperback :: Loaded joker: furioso
INFO - [G] 2025-03-05 15:29:26 :: DEBUG :: Paperback :: Loaded joker: pride_flag
INFO - [G] 2025-03-05 15:29:26 :: DEBUG :: Paperback :: Loaded joker: pool_table
INFO - [G] 2025-03-05 15:29:26 :: DEBUG :: Paperback :: Loaded joker: summoning_circle
INFO - [G] 2025-03-05 15:29:26 :: DEBUG :: Paperback :: Loaded joker: hole_in_one
INFO - [G] 2025-03-05 15:29:26 :: DEBUG :: Paperback :: Loaded joker: derecho
INFO - [G] 2025-03-05 15:29:26 :: DEBUG :: Paperback :: Loaded joker: forgery
INFO - [G] 2025-03-05 15:29:26 :: DEBUG :: Paperback :: Loaded joker: skydiver
INFO - [G] 2025-03-05 15:29:26 :: DEBUG :: Paperback :: Loaded joker: solemn_lament
INFO - [G] 2025-03-05 15:29:26 :: DEBUG :: Paperback :: Loaded joker: ghost_cola
INFO - [G] 2025-03-05 15:29:26 :: DEBUG :: Paperback :: Loaded joker: mismatched_sock
INFO - [G] 2025-03-05 15:29:26 :: DEBUG :: Paperback :: Loaded joker: shopping_center
INFO - [G] 2025-03-05 15:29:26 :: DEBUG :: Paperback :: Loaded joker: union_card
INFO - [G] 2025-03-05 15:29:26 :: DEBUG :: Paperback :: Loaded joker: nachos
INFO - [G] 2025-03-05 15:29:26 :: DEBUG :: Paperback :: Loaded joker: jester_of_nihil
INFO - [G] 2025-03-05 15:29:26 :: DEBUG :: Paperback :: Loaded joker: complete_breakfast
INFO - [G] 2025-03-05 15:29:26 :: DEBUG :: Paperback :: Loaded joker: reference_card
INFO - [G] 2025-03-05 15:29:26 :: DEBUG :: Paperback :: Loaded joker: crispy_taco
INFO - [G] 2025-03-05 15:29:26 :: DEBUG :: Paperback :: Loaded joker: soft_taco
INFO - [G] 2025-03-05 15:29:26 :: DEBUG :: Paperback :: Loaded joker: prince_of_darkness
INFO - [G] 2025-03-05 15:29:26 :: DEBUG :: Paperback :: Loaded joker: black_rainbows
INFO - [G] 2025-03-05 15:29:26 :: DEBUG :: Paperback :: Loaded joker: emergency_broadcast
INFO - [G] 2025-03-05 15:29:26 :: DEBUG :: Paperback :: Loaded joker: triple_moon_goddess
INFO - [G] 2025-03-05 15:29:26 :: DEBUG :: Paperback :: Loaded joker: wild_prize
INFO - [G] 2025-03-05 15:29:26 :: DEBUG :: Paperback :: Loaded joker: bicycle
INFO - [G] 2025-03-05 15:29:26 :: DEBUG :: Paperback :: Loaded joker: grand_strategy
INFO - [G] 2025-03-05 15:29:26 :: DEBUG :: Paperback :: Loaded joker: great_wave
INFO - [G] 2025-03-05 15:29:26 :: DEBUG :: Paperback :: Loaded joker: let_it_happen
INFO - [G] 2025-03-05 15:29:26 :: DEBUG :: Paperback :: Loaded joker: dreamsicle
INFO - [G] 2025-03-05 15:29:26 :: DEBUG :: Paperback :: Loaded joker: popsicle_stick
INFO - [G] 2025-03-05 15:29:26 :: DEBUG :: Paperback :: Loaded joker: cakepop
INFO - [G] 2025-03-05 15:29:26 :: DEBUG :: Paperback :: Loaded joker: pop_stick
INFO - [G] 2025-03-05 15:29:26 :: DEBUG :: Paperback :: Loaded joker: caramel_apple
INFO - [G] 2025-03-05 15:29:26 :: DEBUG :: Paperback :: Loaded joker: pointy_stick
INFO - [G] 2025-03-05 15:29:26 :: DEBUG :: Paperback :: Loaded joker: charred_marshmallow
INFO - [G] 2025-03-05 15:29:26 :: DEBUG :: Paperback :: Loaded joker: sticky_stick
INFO - [G] 2025-03-05 15:29:26 :: DEBUG :: Paperback :: Loaded joker: paranoia
INFO - [G] 2025-03-05 15:29:26 :: DEBUG :: Paperback :: Loaded joker: subterfuge
INFO - [G] 2025-03-05 15:29:26 :: DEBUG :: Paperback :: Loaded joker: unholy_alliance
INFO - [G] 2025-03-05 15:29:26 :: DEBUG :: Paperback :: Loaded joker: cherry_blossoms
INFO - [G] 2025-03-05 15:29:26 :: DEBUG :: Paperback :: Loaded joker: blue_bonnets
INFO - [G] 2025-03-05 15:29:26 :: DEBUG :: Paperback :: Loaded joker: autumn_leaves
INFO - [G] 2025-03-05 15:29:26 :: DEBUG :: Paperback :: Loaded joker: evergreens
INFO - [G] 2025-03-05 15:29:26 :: DEBUG :: Paperback :: Loaded joker: river
INFO - [G] 2025-03-05 15:29:26 :: DEBUG :: Paperback :: Loaded joker: moribund
INFO - [G] 2025-03-05 15:29:26 :: DEBUG :: Paperback :: Loaded joker: jimbo_adventure
INFO - [G] 2025-03-05 15:29:26 :: DEBUG :: Paperback :: Loaded joker: joker_cookie
INFO - [G] 2025-03-05 15:29:26 :: DEBUG :: Paperback :: Loaded joker: the_world
INFO - [G] 2025-03-05 15:29:26 :: DEBUG :: Paperback :: Loaded joker: meeple
INFO - [G] 2025-03-05 15:29:26 :: DEBUG :: Paperback :: Loaded joker: basic_energy
INFO - [G] 2025-03-05 15:29:26 :: DEBUG :: Paperback :: Loaded joker: coffee
INFO - [G] 2025-03-05 15:29:26 :: DEBUG :: Paperback :: Loaded joker: cream_liqueur
INFO - [G] 2025-03-05 15:29:26 :: DEBUG :: Paperback :: Loaded joker: big_misser
INFO - [G] 2025-03-05 15:29:26 :: DEBUG :: Paperback :: Loaded joker: jestrica
INFO - [G] 2025-03-05 15:29:26 :: DEBUG :: Paperback :: Loaded joker: epic_sauce
INFO - [G] 2025-03-05 15:29:26 :: DEBUG :: Paperback :: Loaded joker: find_jimbo
INFO - [G] 2025-03-05 15:29:26 :: DEBUG :: Paperback :: Loaded joker: champagne
INFO - [G] 2025-03-05 15:29:26 :: DEBUG :: Paperback :: Loaded joker: apple
INFO - [G] 2025-03-05 15:29:26 :: DEBUG :: Paperback :: Loaded joker: alert
INFO - [G] 2025-03-05 15:29:26 :: DEBUG :: Paperback :: Loaded joker: legacy
INFO - [G] 2025-03-05 15:29:26 :: DEBUG :: Paperback :: Loaded joker: backpack
INFO - [G] 2025-03-05 15:29:26 :: DEBUG :: Paperback :: Loaded joker: pocket_pair
INFO - [G] 2025-03-05 15:29:26 :: DEBUG :: DefaultLogger :: VictinsCollection :: Loaded : colours
INFO - [G] 2025-03-05 15:29:26 :: DEBUG :: DefaultLogger :: VictinsCollection :: Loaded hook: misc_functions
INFO - [G] 2025-03-05 15:29:26 :: DEBUG :: DefaultLogger :: VictinsCollection :: Loaded hook: game
INFO - [G] 2025-03-05 15:29:26 :: DEBUG :: DefaultLogger :: VictinsCollection :: Loaded hook: card
INFO - [G] 2025-03-05 15:29:26 :: DEBUG :: DefaultLogger :: VictinsCollection :: Loaded hook: UI_definitions
INFO - [G] 2025-03-05 15:29:26 :: DEBUG :: DefaultLogger :: VictinsCollection :: Loaded hook: state_events
INFO - [G] 2025-03-05 15:29:26 :: DEBUG :: DefaultLogger :: VictinsCollection :: Loaded hook: cardarea
INFO - [G] 2025-03-05 15:29:26 :: DEBUG :: DefaultLogger :: VictinsCollection :: Loaded hook: blind
INFO - [G] 2025-03-05 15:29:26 :: DEBUG :: DefaultLogger :: VictinsCollection :: Loaded hook: common_events
INFO - [G] 2025-03-05 15:29:26 :: DEBUG :: DefaultLogger :: VictinsCollection :: Loaded joker: Up Your Sleeve
INFO - [G] 2025-03-05 15:29:26 :: DEBUG :: DefaultLogger :: VictinsCollection :: Loaded joker: Ouroboros
INFO - [G] 2025-03-05 15:29:26 :: DEBUG :: DefaultLogger :: VictinsCollection :: Loaded joker: Moody
INFO - [G] 2025-03-05 15:29:26 :: DEBUG :: DefaultLogger :: VictinsCollection :: Loaded joker: The One
INFO - [G] 2025-03-05 15:29:26 :: DEBUG :: DefaultLogger :: VictinsCollection :: Loaded joker: Champion
INFO - [G] 2025-03-05 15:29:26 :: DEBUG :: DefaultLogger :: VictinsCollection :: Loaded joker: Champions Belt
INFO - [G] 2025-03-05 15:29:26 :: DEBUG :: DefaultLogger :: VictinsCollection :: Loaded joker: Lvl Death
INFO - [G] 2025-03-05 15:29:26 :: DEBUG :: DefaultLogger :: VictinsCollection :: Loaded joker: Gas Lamp
INFO - [G] 2025-03-05 15:29:26 :: WARN  :: Joker :: Object j_vic_the_one has the same key as an existing object, not registering.
INFO - [G] 2025-03-05 15:29:26 :: WARN  :: Joker :: If you want to modify an existing object, use take_ownership()
INFO - [G] 2025-03-05 15:29:26 :: DEBUG :: DefaultLogger :: VictinsCollection :: Loaded joker: The One
INFO - [G] 2025-03-05 15:29:26 :: DEBUG :: DefaultLogger :: VictinsCollection :: Loaded joker: Paradise Parrot
INFO - [G] 2025-03-05 15:29:26 :: DEBUG :: DefaultLogger :: VictinsCollection :: Loaded joker: Skyscraper
INFO - [G] 2025-03-05 15:29:26 :: DEBUG :: DefaultLogger :: VictinsCollection :: Loaded joker: Pippi Panini
INFO - [G] 2025-03-05 15:29:26 :: DEBUG :: DefaultLogger :: VictinsCollection :: Loaded joker: Yurika Harako
INFO - [G] 2025-03-05 15:29:26 :: DEBUG :: DefaultLogger :: VictinsCollection :: Loaded joker: Syzygy
INFO - [G] 2025-03-05 15:29:26 :: DEBUG :: DefaultLogger :: VictinsCollection :: Loaded joker: Stheno
INFO - [G] 2025-03-05 15:29:26 :: DEBUG :: DefaultLogger :: VictinsCollection :: Loaded joker: Tower Into Space
INFO - [G] 2025-03-05 15:29:26 :: DEBUG :: DefaultLogger :: VictinsCollection :: Loaded blind: Worm
INFO - [G] 2025-03-05 15:29:26 :: DEBUG :: DefaultLogger :: VictinsCollection :: Loaded blind: Rock
INFO - [G] 2025-03-05 15:29:26 :: DEBUG :: DefaultLogger :: VictinsCollection :: Loaded blind: Bell
INFO - [G] 2025-03-05 15:29:26 :: DEBUG :: DefaultLogger :: VictinsCollection :: Loaded blind: Spin
INFO - [G] 2025-03-05 15:29:26 :: DEBUG :: DefaultLogger :: VictinsCollection :: Loaded blind: Bottle
INFO - [G] 2025-03-05 15:29:26 :: DEBUG :: DefaultLogger :: VictinsCollection :: Loaded blind: Loop
INFO - [G] 2025-03-05 15:29:26 :: DEBUG :: DefaultLogger :: VictinsCollection :: Loaded blind: Dagger
INFO - [G] 2025-03-05 15:29:26 :: DEBUG :: DefaultLogger :: VictinsCollection :: Loaded blind: Final Prion
INFO - [G] 2025-03-05 15:29:26 :: DEBUG :: DefaultLogger :: VictinsCollection :: Loaded blind: Final Gold
INFO - [G] 2025-03-05 15:29:26 :: DEBUG :: DefaultLogger :: VictinsCollection :: Loaded blind: Final Ribbon
INFO - [G] 2025-03-05 15:29:26 :: DEBUG :: DefaultLogger :: VictinsCollection :: Loaded blind: Final Patriarch
INFO - [G] 2025-03-05 15:29:26 :: DEBUG :: DefaultLogger :: VictinsCollection :: Loaded consumable: Short Rest
INFO - [G] 2025-03-05 15:29:26 :: DEBUG :: JokerHub :: Loaded joker: broker
INFO - [G] 2025-03-05 15:29:26 :: DEBUG :: JokerHub :: Loaded joker: rekoj
INFO - [G] 2025-03-05 15:29:26 :: DEBUG :: JokerHub :: Loaded joker: da_joki
INFO - [G] 2025-03-05 15:29:26 :: DEBUG :: JokerHub :: Loaded joker: orb_of_confusion
INFO - [G] 2025-03-05 15:29:26 :: DEBUG :: JokerHub :: Loaded joker: going_viral
INFO - [G] 2025-03-05 15:29:26 :: DEBUG :: JokerHub :: Loaded joker: snowball_effect
INFO - [G] 2025-03-05 15:29:26 :: DEBUG :: JokerHub :: Loaded joker: face_value
INFO - [G] 2025-03-05 15:29:26 :: DEBUG :: JokerHub :: Loaded joker: twins
INFO - [G] 2025-03-05 15:29:26 :: DEBUG :: JokerHub :: Loaded joker: union_member_card
INFO - [G] 2025-03-05 15:29:26 :: DEBUG :: JokerHub :: Loaded joker: gambit
INFO - [G] 2025-03-05 15:29:26 :: DEBUG :: JokerHub :: Loaded joker: forbidden_fruit
INFO - [G] 2025-03-05 15:29:26 :: DEBUG :: JokerHub :: Loaded joker: demon_core
INFO - [G] 2025-03-05 15:29:26 :: DEBUG :: JokerHub :: Loaded joker: last_hurrah
INFO - [G] 2025-03-05 15:29:26 :: DEBUG :: JokerHub :: Loaded joker: garbage_bag
INFO - [G] 2025-03-05 15:29:26 :: DEBUG :: JokerHub :: Loaded joker: hudson
INFO - [G] 2025-03-05 15:29:26 :: WARN  :: Atlas :: Detected duplicate register call on object SharrisMod_sharrijokers
INFO - [G] 2025-03-05 15:29:26 :: DEBUG :: DefaultLogger :: [CCC] Jokers loaded
INFO - [G] 2025-03-05 15:29:26 :: DEBUG :: DefaultLogger :: [CCC] Decks loaded
INFO - [G] 2025-03-05 15:29:26 :: DEBUG :: DefaultLogger :: [CCC] Vouchers loaded
INFO - [G] 2025-03-05 15:29:26 :: WARN  :: Atlas :: Detected duplicate register call on object ccc_modicon
INFO - [G] 2025-03-05 15:29:26 :: INFO  :: TIMER :: [0001] Injected Language in 1.139 ms
INFO - [G] 2025-03-05 15:29:26 :: INFO  :: TIMER :: [0000] Injected [INTERNAL] in 1.704 ms
INFO - [G] 2025-03-05 15:29:33 :: INFO  :: TIMER :: [0347] Injected Atlas in 6588.209 ms
INFO - [G] 2025-03-05 15:29:33 :: INFO  :: TIMER :: [0029] Injected Sound in 9.277 ms
INFO - [G] 2025-03-05 15:29:33 :: INFO  :: TIMER :: [0010] Injected Stake in 0.492 ms
INFO - [G] 2025-03-05 15:29:33 :: INFO  :: TIMER :: [0006] Injected Rarity in 0.027 ms
INFO - [G] 2025-03-05 15:29:33 :: INFO  :: TIMER :: [0014] Injected ObjectType in 0.194 ms
INFO - [G] 2025-03-05 15:29:33 :: INFO  :: TIMER :: [1022] Injected Center in 7.606 ms
INFO - [G] 2025-03-05 15:29:33 :: INFO  :: TIMER :: [0012] Injected Undiscovered Sprite in 0.021 ms
INFO - [G] 2025-03-05 15:29:33 :: INFO  :: TIMER :: [0029] Injected Blind in 0.091 ms
INFO - [G] 2025-03-05 15:29:33 :: INFO  :: TIMER :: [0006] Injected Seal in 0.864 ms
INFO - [G] 2025-03-05 15:29:33 :: INFO  :: TIMER :: [0006] Injected Suit in 0.180 ms
INFO - [G] 2025-03-05 15:29:33 :: INFO  :: TIMER :: [0013] Injected Rank in 0.149 ms
INFO - [G] 2025-03-05 15:29:33 :: INFO  :: TIMER :: [0030] Injected DeckSkin in 0.318 ms
INFO - [G] 2025-03-05 15:29:33 :: INFO  :: TIMER :: [0012] Injected PokerHand in 0.059 ms
INFO - [G] 2025-03-05 15:29:33 :: INFO  :: TIMER :: [0032] Injected Challenge in 0.077 ms
INFO - [G] 2025-03-05 15:29:33 :: INFO  :: TIMER :: [0007] Injected Tag in 0.162 ms
INFO - [G] 2025-03-05 15:29:33 :: INFO  :: TIMER :: [0006] Injected Sticker in 1.179 ms
INFO - [G] 2025-03-05 15:29:33 :: INFO  :: TIMER :: [0009] Injected Shader in 110.847 ms
INFO - [G] 2025-03-05 15:29:33 :: INFO  :: TIMER :: [0001] Injected Keybind in 0.010 ms
INFO - [G] 2025-03-05 15:29:33 :: INFO  :: TIMER :: [0001] Injected Achievement in 0.083 ms
INFO - [G] 2025-03-05 15:29:33 :: INFO  :: TIMER :: [0002] Injected nil in 0.010 ms
INFO - [G] 2025-03-05 15:29:33 :: INFO  :: TIMER :: [0021] Injected Draw Step in 0.050 ms
INFO - [G] 2025-03-05 15:29:33 :: INFO  :: TIMER :: [0000] Injected [INTERNAL] in 34.120 ms
INFO - [G] 2025-03-05 15:29:33 :: INFO  :: TIMER :: [0057] Injected D6 Side in 0.348 ms
