INFO - [♥] Lovely 0.7.1
INFO - [♥] Game directory is at "C:\\Program Files (x86)\\Steam\\steamapps\\common\\Balatro"
INFO - [♥] Writing logs to "C:\\Users\\erikk\\AppData\\Roaming\\Balatro\\Mods\\lovely\\log"
INFO - [♥] Using mod directory at "C:\\Users\\erikk\\AppData\\Roaming\\Balatro\\Mods"
INFO - [♥] Found .lovelyignore in 'Quilombo', skipping it.
WARN - [♥] Unknown key `patches.49.?.match_indent` found in patch file at "C:\\Users\\erikk\\AppData\\Roaming\\Balatro\\Mods\\Talisman\\lovely.toml", ignoring it
WARN - [♥] Unknown key `patches.52.?.match_indent` found in patch file at "C:\\Users\\erikk\\AppData\\Roaming\\Balatro\\Mods\\Talisman\\lovely.toml", ignoring it
INFO - [♥] Cleaning up dumps directory at "C:\\Users\\erikk\\AppData\\Roaming\\Balatro\\Mods\\lovely\\dump"
INFO - [♥] Initialization complete in 49ms
WARN - [♥] Pattern 'G.ARGS.score_intensity.organ = G.video_organ or G.ARGS.score_intensity.required_score > 0 and math.max(math.min(0.4, 0.1*math.log(G.ARGS.score_intensity.earned_score/(G.ARGS.score_intensity.required_score+1), 5)),0.) or 0' on target 'main.lua' for pattern patch from Talisman\lovely.toml resulted in no matches
WARN - [♥] Pattern 'if type(G.GAME.current_round.current_hand.chips) ~= \'number\' or type(G.GAME.current_round.current_hand.mult) ~= \'number\' then' on target 'main.lua' for pattern patch from Talisman\lovely.toml resulted in no matches
INFO - [♥] Applied 20 patches to 'main.lua'
INFO - [♥] Applied 2 patches to 'engine/string_packer.lua'
INFO - [♥] Applied 6 patches to 'engine/controller.lua'
INFO - [♥] Applied 22 patches to 'back.lua'
INFO - [♥] Applied 7 patches to 'tag.lua'
INFO - [♥] Applied 2 patches to 'engine/moveable.lua'
INFO - [♥] Applied 2 patches to 'engine/sprite.lua'
INFO - [♥] Applied 2 patches to 'engine/animatedsprite.lua'
WARN - [♥] Pattern 'assembled_string = assembled_string..(type(subpart) == \'string\' and subpart or args.vars[tonumber(subpart[1])] or \'ERROR\')' on target 'functions/misc_functions.lua' for pattern patch from Talisman\lovely.toml resulted in no matches
INFO - [♥] Applied 52 patches to 'functions/misc_functions.lua'
WARN - [♥] Pattern 'if G.GAME.chips - G.GAME.blind.chips >= 0 or G.GAME.current_round.hands_left < 1 then' on target 'game.lua' for pattern patch from Prism-main\lovely.toml resulted in no matches
WARN - [♥] Pattern 'SC = Card(G.ROOM.T.w/2 - SC_scale*G.CARD_W/2, 10. + G.ROOM.T.h/2 - SC_scale*G.CARD_H/2, SC_scale*G.CARD_W, SC_scale*G.CARD_H, G.P_CARDS.empty, G.P_CENTERS[\'j_jolly\'],{bypass_discovery_center = true, bypass_discovery_ui = true})' on target 'game.lua' for pattern patch from Prism-main\lovely.toml resulted in no matches
INFO - [♥] Applied 52 patches to 'game.lua'
INFO - [♥] Applied 2 patches to 'globals.lua'
INFO - [♥] Applied 6 patches to 'engine/ui.lua'
WARN - [♥] Pattern '{n=G.UIT.O, config={object = DynaText({string = {{ref_table = G.GAME.round_resets, ref_value = \'ante_disp\'}}, colours = {G.C.IMPORTANT},shadow = true, font = G.LANGUAGES[\'en-us\'].font, scale = scale_number(G.GAME.round_resets.ante, 2*scale, 100)}),id = \'ante_UI_count\'}},--{n=G.UIT.T, config={text = number_format(G.GAME.round_resets.ante), lang = G.LANGUAGES[\'en-us\'], scale = scale_number(G.GAME.round_resets.ante, 2*scale, 100), colour = G.C.IMPORTANT, shadow = true,id = \'ante_UI_count\'}},' on target 'functions/UI_definitions.lua' for pattern patch from SauKhongHuDecks-main\lovely.toml resulted in no matches
WARN - [♥] Pattern '{n=G.UIT.T, config={text = G.GAME.hands[handname].chips, scale = 0.45, colour = G.C.UI.TEXT_LIGHT}},' on target 'functions/UI_definitions.lua' for pattern patch from Talisman\lovely.toml resulted in no matches
WARN - [♥] Pattern '{n=G.UIT.T, config={text = G.GAME.hands[handname].mult, scale = 0.45, colour = G.C.UI.TEXT_LIGHT}}' on target 'functions/UI_definitions.lua' for pattern patch from Talisman\lovely.toml resulted in no matches
WARN - [♥] Pattern '{n=G.UIT.O, config={object = DynaText({string = {{ref_table = G.GAME.round_resets, ref_value = \'ante\'}}, colours = {G.C.IMPORTANT},shadow = true, font = G.LANGUAGES[\'en-us\'].font, scale = 2*scale}),id = \'ante_UI_count\'}},' on target 'functions/UI_definitions.lua' for pattern patch from Talisman\lovely.toml resulted in no matches
INFO - [♥] Applied 79 patches to 'functions/UI_definitions.lua'
WARN - [♥] Pattern 'mult, hand_chips, modded = G.GAME.blind:modify_hand(G.play.cards, poker_hands, text, mult, hand_chips)' on target 'functions/state_events.lua' for pattern patch from AzzysJokers-1.2.2\lovely\patcher.toml resulted in no matches
WARN - [♥] Pattern 'card_eval_status_text((reps[j].jokers or reps[j].seals).card, \'jokers\', nil, nil, nil, (reps[j].jokers or reps[j].seals))' on target 'functions/state_events.lua' for pattern patch from AzzysJokers-1.2.2\lovely\patcher.toml resulted in no matches
WARN - [♥] Pattern 'if effects[ii].card then' on target 'functions/state_events.lua' for pattern patch from Talisman\lovely.toml resulted in no matches
WARN - [♥] Pattern 'if effects.jokers.Xmult_mod then mult = mod_mult(mult*effects.jokers.Xmult_mod);extras.mult = true  end' on target 'functions/state_events.lua' for pattern patch from Talisman\lovely.toml resulted in no matches
WARN - [♥] Pattern 'if effect.Xmult_mod then mult = mod_mult(mult*effect.Xmult_mod);extras.mult = true  end' on target 'functions/state_events.lua' for pattern patch from Talisman\lovely.toml resulted in no matches
WARN - [♥] Pattern 'if effects[ii].message then' on target 'functions/state_events.lua' for pattern patch from Talisman\lovely.toml resulted in no matches
WARN - [♥] Pattern '--calculate the card edition effects' on target 'functions/state_events.lua' for pattern patch from Talisman\lovely.toml resulted in no matches
WARN - [♥] Pattern 'if effects[ii].edition.p_dollars_mod then' on target 'functions/state_events.lua' for pattern patch from Talisman\lovely.toml resulted in no matches
WARN - [♥] Pattern 'if edition_effects.jokers.x_mult_mod then' on target 'functions/state_events.lua' for pattern patch from Talisman\lovely.toml resulted in no matches
INFO - [♥] Applied 67 patches to 'functions/state_events.lua'
WARN - [♥] Pattern 'if num_dollars > 60 then' on target 'functions/common_events.lua' for pattern patch from Talisman\lovely.toml resulted in no matches
WARN - [♥] Pattern 'func = (function() if eval_func(card) then if not first or first then card:juice_up(0.1, 0.1) end;juice_card_until(card, eval_func, nil, 0.8) end return true end)' on target 'functions/common_events.lua' for pattern patch from Talisman\lovely.toml resulted in no matches
INFO - [♥] Applied 142 patches to 'functions/common_events.lua'
WARN - [♥] Regex '(?<indent>[\\t ]*)voucher_pool\\[i\\+\\(j-1\\)\\*4 \\+ \\(8\\*\\(args\\.cycle_config\\.current_option - 1\\)\\)\\]\\n[\\s\\S]{6}if not center then break end\\n[\\s\\S]{6}local card = Card\\(G\\.your_collection\\[j\\]\\.T\\.x \\+ G\\.your_collection\\[j\\]\\.T\\.w\\/2, G\\.your_collection\\[j\\]\\.T\\.y, G\\.CARD_W, G\\.CARD_H, G\\.P_CARDS\\.empty, center\\)' on target 'functions/button_callbacks.lua' for regex patch from Flower-Pot-main\lovely\stat_type.toml resulted in no matches
INFO - [♥] Applied 65 patches to 'functions/button_callbacks.lua'
WARN - [♥] Pattern 'if G.GAME.blind and G.GAME.blind.in_blind then G.E_MANAGER:add_event(Event({ func = function() G.GAME.blind:set_blind(nil, true, nil); return true end })) end' on target 'card.lua' for pattern patch from smods-main\lovely\calculate_card_added.toml resulted in 2 matches, wanted 1
WARN - [♥] Ignoring excess matches
WARN - [♥] Pattern 'if G.GAME.blind then G.E_MANAGER:add_event(Event({ func = function() G.GAME.blind:set_blind(nil, true, nil); return true end })) end' on target 'card.lua' for pattern patch from Talisman\lovely.toml resulted in no matches
WARN - [♥] Pattern 'x_mult = center.config.Xmult or 1,' on target 'card.lua' for pattern patch from Talisman\lovely.toml resulted in no matches
INFO - [♥] Applied 169 patches to 'card.lua'
INFO - [♥] Applied 9 patches to 'cardarea.lua'
INFO - [♥] Applied 38 patches to 'blind.lua'
INFO - [♥] Applied 5 patches to 'engine/text.lua'
INFO - [♥] Applied 3 patches to 'challenges.lua'
INFO - [♥] Applied 1 patch to '=[SMODS _ "src/ui.lua"]'
INFO - [♥] Applied 2 patches to '=[SMODS _ "src/utils.lua"]'
INFO - [G] Failed to connect to the debug server
INFO - [G] 2025-04-15 16:11:18 :: DEBUG :: DebugConsole :: Steamodded Debug Socket started !
INFO - [G] 2025-04-15 16:11:18 :: INFO  :: SMODS :: Steamodded v1.0.0~BETA-0324b
INFO - [♥] Applied 9 patches to 'engine/sound_manager.lua'
INFO - [♥] Applied 3 patches to 'engine/save_manager.lua'
INFO - [♥] Applied 2 patches to 'engine/string_packer.lua'
INFO - [G] 2025-04-15 16:11:20 :: TRACE :: Loader :: Processing Mod file (Legacy header): Azazel.lua
INFO - [G] 2025-04-15 16:11:20 :: TRACE :: Loader :: Saving Mod Info: AzzysJokers
INFO - [G] 2025-04-15 16:11:20 :: INFO  :: Loader :: Valid JSON file found
INFO - [G] 2025-04-15 16:11:20 :: INFO  :: Loader :: Valid JSON file found
INFO - [G] 2025-04-15 16:11:20 :: INFO  :: Loader :: Valid JSON file found
INFO - [G] 2025-04-15 16:11:20 :: INFO  :: Loader :: Valid JSON file found
INFO - [G] 2025-04-15 16:11:20 :: TRACE :: Loader :: Processing Mod file (Legacy header): MoreFluff.lua
INFO - [G] 2025-04-15 16:11:20 :: TRACE :: Loader :: Saving Mod Info: MoreFluff
INFO - [G] 2025-04-15 16:11:20 :: INFO  :: Loader :: Valid JSON file found
INFO - [G] 2025-04-15 16:11:20 :: INFO  :: Loader :: Valid JSON file found
INFO - [G] 2025-04-15 16:11:20 :: INFO  :: Loader :: Valid JSON file found
INFO - [G] 2025-04-15 16:11:20 :: INFO  :: Loader :: Valid JSON file found
INFO - [G] 2025-04-15 16:11:20 :: INFO  :: Loader :: Valid JSON file found
INFO - [G] 2025-04-15 16:11:20 :: TRACE :: Loader :: Processing Mod file (Legacy header): main.lua
INFO - [G] 2025-04-15 16:11:20 :: TRACE :: Loader :: Saving Mod Info: sdm0sstuff
INFO - [G] 2025-04-15 16:11:20 :: INFO  :: Loader :: Valid JSON file found
INFO - [G] 2025-04-15 16:11:20 :: INFO  :: Loader :: Valid JSON file found
INFO - [G] 2025-04-15 16:11:20 :: TRACE :: Loader :: Processing Mod file (Legacy header): steamodded_metadata.lua
INFO - [G] 2025-04-15 16:11:20 :: TRACE :: Loader :: Saving Mod Info: Talisman
INFO - [G] 2025-04-15 16:11:20 :: INFO  :: Loader :: Valid JSON file found
INFO - [G] 2025-04-15 16:11:20 :: ERROR :: Loader :: Found invalid metadata JSON file at C:\Users\erikk\AppData\Roaming\Balatro\Mods/TooManyDecks-main/.vscode/settings.json, ignoring: [SMODS _ "src/loader.lua"]:226: id
INFO - [G] 2025-04-15 16:11:20 :: INFO  :: Loader :: Valid JSON file found
INFO - [G] 2025-04-15 16:11:20 :: INFO  :: Loader :: Valid JSON file found
INFO - [G] 2025-04-15 16:11:20 :: INFO  :: Loader :: Valid JSON file found
INFO - [G] basepaul_card
INFO - [G] clownfish
INFO - [G] expansion_pack
INFO - [G] hollow
INFO - [G] jester
INFO - [G] lollipop
INFO - [G] luckycharm
INFO - [G] monochrome
INFO - [G] mspaint
INFO - [G] simplified
INFO - [G] spiral
INFO - [G] treasuremap
INFO - [G] philosophical
INFO - [G] badlegaldefence
INFO - [G] clipart
INFO - [G] dropkick
INFO - [G] bladedance
INFO - [G] hyperbeam
INFO - [G] blasphemy
INFO - [G] dramaticentrance
INFO - [G] coupon_catalogue
INFO - [G] css
INFO - [G] globe
INFO - [G] goldencarrot
INFO - [G] hallofmirrors
INFO - [G] impostor
INFO - [G] tonersoup
INFO - [G] loadeddisk
INFO - [G] stylemeter
INFO - [G] teacup
INFO - [G] recycling
INFO - [G] virtual
INFO - [G] bloodpact
INFO - [G] bowlingball
INFO - [G] cba
INFO - [G] fleshprison
INFO - [G] hugejoker
INFO - [G] jankman
INFO - [G] mashupalbum
INFO - [G] pixeljoker
INFO - [G] rainbowjoker
INFO - [G] rosetinted
INFO - [G] the_solo
INFO - [G] triangle
INFO - [G] colorem
INFO - [G] flintandsteel
INFO - [G] junkmail
INFO - [G] gemstonejoker
INFO - [G] stonejokerjoker
INFO - [G] tealjoker
INFO - [G] yuckyrat
INFO - [G] allicantdo
INFO - [G] brass
INFO - [G] hyperjimbo
INFO - [G] top10
INFO - [G] marigold
INFO - [G] 2025-04-15 16:11:20 :: INFO  :: SKHDecks :: The library file assets.lua has been loaded!
INFO - [G] 2025-04-15 16:11:20 :: INFO  :: SKHDecks :: The library file functions.lua has been loaded!
INFO - [G] 2025-04-15 16:11:20 :: INFO  :: SKHDecks :: The item file divine_entity.lua has been loaded!
INFO - [G] 2025-04-15 16:11:20 :: INFO  :: SKHDecks :: The item file forgotten_sin.lua has been loaded!
INFO - [G] 2025-04-15 16:11:20 :: INFO  :: SKHDecks :: The item file heavenly_virtue.lua has been loaded!
INFO - [G] 2025-04-15 16:11:20 :: INFO  :: SKHDecks :: The item file deadly_sin.lua has been loaded!
INFO - [G] 2025-04-15 16:11:20 :: INFO  :: SKHDecks :: The item file forgotten_virtue.lua has been loaded!
INFO - [G] 2025-04-15 16:11:20 :: INFO  :: TOGAPack :: Hello World! Starting TOGAPack...
INFO - [G] 2025-04-15 16:11:20 :: TRACE :: Loader :: Mod quilombo was unable to load: 
INFO - [G] 2025-04-15 16:11:20 :: INFO  :: Mistigris :: Successfully loaded src/startup/game_hooks.lua!
INFO - [G] 2025-04-15 16:11:20 :: INFO  :: Mistigris :: Successfully loaded src/startup/smods_assets.lua!
INFO - [G] 2025-04-15 16:11:20 :: INFO  :: Mistigris :: Successfully loaded src/startup/smods_hooks.lua!
INFO - [G] 2025-04-15 16:11:20 :: INFO  :: Mistigris :: Successfully loaded src/startup/smods_ownership.lua!
INFO - [G] 2025-04-15 16:11:20 :: INFO  :: Mistigris :: Successfully loaded src/content/sleeve/tribute.lua!
INFO - [G] 2025-04-15 16:11:20 :: WARN  :: Atlas :: Detected duplicate register call on object draft_modicon
INFO - [G] 2025-04-15 16:11:20 :: INFO  :: TIMER :: [0000] Injected Language in 0.002 ms
INFO - [G] 2025-04-15 16:11:20 :: INFO  :: TIMER :: [0000] Injected [INTERNAL] in 1.471 ms
INFO - [G] 2025-04-15 16:11:23 :: INFO  :: TIMER :: [0081] Injected Atlas in 2158.671 ms
INFO - [G] 2025-04-15 16:11:23 :: INFO  :: TIMER :: [0076] Injected Sound in 49.188 ms
INFO - [G] 2025-04-15 16:11:23 :: INFO  :: TIMER :: [0009] Injected Stake in 0.317 ms
INFO - [G] 2025-04-15 16:11:23 :: INFO  :: TIMER :: [0004] Injected Rarity in 0.022 ms
INFO - [G] 2025-04-15 16:11:23 :: INFO  :: TIMER :: [0016] Injected ObjectType in 0.100 ms
INFO - [G] 2025-04-15 16:11:23 :: INFO  :: TIMER :: [0712] Injected Center in 4.936 ms
INFO - [G] 2025-04-15 16:11:23 :: INFO  :: TIMER :: [0012] Injected Undiscovered Sprite in 0.015 ms
INFO - [G] 2025-04-15 16:11:23 :: INFO  :: TIMER :: [0012] Injected Blind in 0.057 ms
INFO - [G] 2025-04-15 16:11:23 :: INFO  :: TIMER :: [0006] Injected Seal in 0.820 ms
INFO - [G] 2025-04-15 16:11:23 :: INFO  :: TIMER :: [0004] Injected Suit in 0.227 ms
INFO - [G] 2025-04-15 16:11:23 :: INFO  :: TIMER :: [0026] Injected Rank in 0.253 ms
INFO - [G] 2025-04-15 16:11:23 :: INFO  :: TIMER :: [0028] Injected DeckSkin in 0.578 ms
INFO - [G] 2025-04-15 16:11:23 :: INFO  :: TIMER :: [0012] Injected PokerHand in 0.073 ms
INFO - [G] 2025-04-15 16:11:23 :: INFO  :: TIMER :: [0028] Injected Challenge in 0.045 ms
INFO - [G] 2025-04-15 16:11:23 :: INFO  :: TIMER :: [0018] Injected Tag in 0.048 ms
INFO - [G] 2025-04-15 16:11:23 :: INFO  :: TIMER :: [0004] Injected Sticker in 0.154 ms
INFO - [G] 2025-04-15 16:11:23 :: INFO  :: TIMER :: [0009] Injected Shader in 128.310 ms
INFO - [G] 2025-04-15 16:11:23 :: INFO  :: TIMER :: [0003] Injected Keybind in 0.012 ms
INFO - [G] 2025-04-15 16:11:23 :: INFO  :: TIMER :: [0006] Injected Achievement in 0.120 ms
INFO - [G] 2025-04-15 16:11:23 :: INFO  :: TIMER :: [0004] Injected nil in 0.013 ms
INFO - [G] 2025-04-15 16:11:23 :: INFO  :: TIMER :: [0021] Injected Draw Step in 0.054 ms
INFO - [G] 2025-04-15 16:11:23 :: INFO  :: TIMER :: [0000] Injected [INTERNAL] in 27.235 ms
INFO - [G] LONG DT @ 0: 0.05010006
