INFO - [♥] Lovely 0.7.1
INFO - [♥] Game directory is at "C:\\Program Files (x86)\\Steam\\steamapps\\common\\Balatro"
INFO - [♥] Writing logs to "C:\\Users\\erikk\\AppData\\Roaming\\Balatro\\Mods\\lovely\\log"
INFO - [♥] Using mod directory at "C:\\Users\\erikk\\AppData\\Roaming\\Balatro\\Mods"
INFO - [♥] Found .lovelyignore in 'Yggdrasil', skipping it.
WARN - [♥] Unknown key `patches.21.?.match_indent` found in patch file at "C:\\Users\\erikk\\AppData\\Roaming\\Balatro\\Mods\\Cryptid\\lovely\\code.toml", ignoring it
WARN - [♥] Unknown key `patches.18.?.overwrite` found in patch file at "C:\\Users\\erikk\\AppData\\Roaming\\Balatro\\Mods\\HandyBalatro\\lovely.toml", ignoring it
WARN - [♥] Unknown key `patches.49.?.match_indent` found in patch file at "C:\\Users\\erikk\\AppData\\Roaming\\Balatro\\Mods\\Talisman\\lovely.toml", ignoring it
WARN - [♥] Unknown key `patches.52.?.match_indent` found in patch file at "C:\\Users\\erikk\\AppData\\Roaming\\Balatro\\Mods\\Talisman\\lovely.toml", ignoring it
INFO - [♥] Cleaning up dumps directory at "C:\\Users\\erikk\\AppData\\Roaming\\Balatro\\Mods\\lovely\\dump"
INFO - [♥] Initialization complete in 120ms
INFO - [♥] Applied 1 patch to 'conf.lua'
WARN - [♥] Pattern 'G.ARGS.score_intensity.organ = G.video_organ or G.ARGS.score_intensity.required_score > 0 and math.max(math.min(0.4, 0.1*math.log(G.ARGS.score_intensity.earned_score/(G.ARGS.score_intensity.required_score+1), 5)),0.) or 0' on target 'main.lua' for pattern patch from Talisman\lovely.toml resulted in no matches
WARN - [♥] Pattern 'if type(G.GAME.current_round.current_hand.chips) ~= \'number\' or type(G.GAME.current_round.current_hand.mult) ~= \'number\' then' on target 'main.lua' for pattern patch from Talisman\lovely.toml resulted in no matches
INFO - [♥] Applied 34 patches to 'main.lua'
INFO - [♥] Applied 2 patches to 'engine/string_packer.lua'
INFO - [♥] Applied 18 patches to 'engine/controller.lua'
INFO - [♥] Applied 18 patches to 'back.lua'
WARN - [♥] Pattern 'local tag_sprite = Sprite(0,0,_size*1,_size*1,G.ASSET_ATLAS[(not self.hide_ability) and G.P_TAGS[self.key].atlas or \"tags\"], (self.hide_ability) and G.tag_undiscovered.pos or self.pos)' on target 'tag.lua' for pattern patch from Cryptid\lovely\cat.toml resulted in no matches
INFO - [♥] Applied 21 patches to 'tag.lua'
INFO - [♥] Applied 1 patch to 'engine/event.lua'
INFO - [♥] Applied 2 patches to 'engine/node.lua'
INFO - [♥] Applied 4 patches to 'engine/moveable.lua'
INFO - [♥] Applied 3 patches to 'engine/sprite.lua'
INFO - [♥] Applied 2 patches to 'engine/animatedsprite.lua'
WARN - [♥] Pattern 'assembled_string = assembled_string..(type(subpart) == \'string\' and subpart or args.vars[tonumber(subpart[1])] or \'ERROR\')' on target 'functions/misc_functions.lua' for pattern patch from Talisman\lovely.toml resulted in no matches
INFO - [♥] Applied 80 patches to 'functions/misc_functions.lua'
WARN - [♥] Pattern 'for i = 1, 2 do' on target 'game.lua' for pattern patch from Cryptid\lovely\stake.toml resulted in no matches
WARN - [♥] Pattern 'create_shop_card_ui(card, \'Voucher\', G.shop_vouchers)' on target 'game.lua' for pattern patch from Cryptid\lovely\stake.toml resulted in no matches
WARN - [♥] Pattern 'self.GAME.current_round.voucher = G.SETTINGS.tutorial_progress and G.SETTINGS.tutorial_progress.forced_voucher or SMODS.get_next_vouchers()' on target 'game.lua' for pattern patch from Cryptid\lovely\very_fair.toml resulted in no matches
WARN - [♥] Pattern 'Cryptid.profile_prefix = Jen and \"J\" or \"M\"' on target 'game.lua' for pattern patch from Entropy\lovely\game.toml resulted in no matches
WARN - [♥] Pattern '{card_limit = self.GAME.starting_params.consumable_slots, type = \'joker\', highlight_limit = 1})' on target 'game.lua' for pattern patch from TooManyDecks\lovely\limit.toml resulted in no matches
WARN - [♥] Pattern '{card_limit = self.GAME.starting_params.joker_slots, type = \'joker\', highlight_limit = 1})' on target 'game.lua' for pattern patch from TooManyDecks\lovely\limit.toml resulted in no matches
WARN - [♥] Pattern 'self.GAME.current_round.voucher = G.SETTINGS.tutorial_progress and G.SETTINGS.tutorial_progress.forced_voucher or get_next_voucher_key()' on target 'game.lua' for pattern patch from Cryptid\lovely\Voucher.toml resulted in no matches
WARN - [♥] Regex 'card\\:start_materialize\\(\\)\\n\\s+G\\.shop_vouchers\\:emplace\\(card\\)\\n\\s+end' on target 'game.lua' for regex patch from Cryptid\lovely\Voucher.toml resulted in no matches
INFO - [♥] Applied 129 patches to 'game.lua'
INFO - [♥] Applied 3 patches to 'globals.lua'
INFO - [♥] Applied 17 patches to 'engine/ui.lua'
WARN - [♥] Pattern 'G.GAME.shop.joker_max*1.02*G.CARD_W,' on target 'functions/UI_definitions.lua' for pattern patch from Cryptid\lovely\equilibrium.toml resulted in no matches
WARN - [♥] Pattern 'local card = Card(0,0, 0.5*G.CARD_W, 0.5*G.CARD_H, G.P_CARDS[v[1]], G.P_CENTERS.c_base)' on target 'functions/UI_definitions.lua' for pattern patch from Cryptid\lovely\misc.toml resulted in no matches
WARN - [♥] Pattern 'local stake_sprite = get_stake_sprite(G.GAME.stake or 1, 0.4)\n    blind_text[#blind_text + 1] =' on target 'functions/UI_definitions.lua' for pattern patch from Balatro-Aikoyoris-Shenanigans\lovely\ui.toml resulted in no matches
WARN - [♥] Pattern '{n=G.UIT.T, config={text = G.GAME.hands[handname].chips, scale = 0.45, colour = G.C.UI.TEXT_LIGHT}},' on target 'functions/UI_definitions.lua' for pattern patch from Talisman\lovely.toml resulted in no matches
WARN - [♥] Pattern '{n=G.UIT.T, config={text = G.GAME.hands[handname].mult, scale = 0.45, colour = G.C.UI.TEXT_LIGHT}}' on target 'functions/UI_definitions.lua' for pattern patch from Talisman\lovely.toml resulted in no matches
WARN - [♥] Pattern '{n=G.UIT.O, config={object = DynaText({string = {{ref_table = G.GAME.round_resets, ref_value = \'ante\'}}, colours = {G.C.IMPORTANT},shadow = true, font = G.LANGUAGES[\'en-us\'].font, scale = 2*scale}),id = \'ante_UI_count\'}},' on target 'functions/UI_definitions.lua' for pattern patch from Talisman\lovely.toml resulted in no matches
INFO - [♥] Applied 150 patches to 'functions/UI_definitions.lua'
WARN - [♥] Pattern 'ease_to = G.GAME.chips + math.floor(hand_chips * mult) * (e and e.antiscore and -1 or 1),' on target 'functions/state_events.lua' for pattern patch from Cryptid\lovely\blind.toml resulted in no matches
WARN - [♥] Pattern 'if reps[j] ~= 1 then' on target 'functions/state_events.lua' for pattern patch from Cryptid\lovely\misc.toml resulted in no matches
WARN - [♥] Pattern 'local effects = {[1] = {playing_card = G.hand.cards[i]:get_end_of_round_effect()}}' on target 'functions/state_events.lua' for pattern patch from Cryptid\lovely\stake.toml resulted in no matches
WARN - [♥] Pattern 'G.GAME.current_round.voucher = get_next_voucher_key()' on target 'functions/state_events.lua' for pattern patch from Cryptid\lovely\sticker.toml resulted in no matches
WARN - [♥] Pattern 'update_hand_text({delay = 0}, {chips = extras.hand_chips and hand_chips, mult = extras.mult and mult})' on target 'functions/state_events.lua' for pattern patch from Entropy\lovely\eqmult.toml resulted in no matches
WARN - [♥] Pattern 'G.GAME.current_round.voucher = get_next_voucher_key()' on target 'functions/state_events.lua' for pattern patch from Cryptid\lovely\Voucher.toml resulted in no matches
WARN - [♥] Pattern 'if G.GAME.blind.name == \'The Serpent\' and\n' on target 'functions/state_events.lua' for pattern patch from Kino\lovely.toml resulted in no matches
WARN - [♥] Pattern 'elseif config.name == \'interest\' then\n    table.insert(left_text, {n=G.UIT.T, config={text = num_dollars, scale = 0.8*scale, colour = G.C.MONEY, shadow = true, juice = true}})\n    table.insert(left_text,{n=G.UIT.O, config={object = DynaText({string = {\" \"..localize{type = \'variable\', key = \'interest\', vars = {G.GAME.interest_amount, 5, G.GAME.interest_amount*G.GAME.interest_cap/5}}}, colours = {G.C.UI.TEXT_LIGHT}, shadow = true, pop_in = 0, scale = 0.4*scale, silent = true})}})\nend\n' on target 'functions/state_events.lua' for pattern patch from Kino\lovely.toml resulted in no matches
WARN - [♥] Pattern 'if effects[ii].card then' on target 'functions/state_events.lua' for pattern patch from Talisman\lovely.toml resulted in no matches
WARN - [♥] Pattern 'if effects.jokers.Xmult_mod then mult = mod_mult(mult*effects.jokers.Xmult_mod);extras.mult = true  end' on target 'functions/state_events.lua' for pattern patch from Talisman\lovely.toml resulted in no matches
WARN - [♥] Pattern 'if effect.Xmult_mod then mult = mod_mult(mult*effect.Xmult_mod);extras.mult = true  end' on target 'functions/state_events.lua' for pattern patch from Talisman\lovely.toml resulted in no matches
WARN - [♥] Pattern 'if effects[ii].message then' on target 'functions/state_events.lua' for pattern patch from Talisman\lovely.toml resulted in no matches
WARN - [♥] Pattern '--calculate the card edition effects' on target 'functions/state_events.lua' for pattern patch from Talisman\lovely.toml resulted in no matches
WARN - [♥] Pattern 'if effects[ii].edition.p_dollars_mod then' on target 'functions/state_events.lua' for pattern patch from Talisman\lovely.toml resulted in no matches
WARN - [♥] Pattern 'if edition_effects.jokers.x_mult_mod then' on target 'functions/state_events.lua' for pattern patch from Talisman\lovely.toml resulted in no matches
WARN - [♥] Regex '(?<indent>[\t ]*)else\\s*\\n[\\t ]*mult\\s*=\\s*mod_mult\\(\\s*0\\s*\\)\\s*\\n[\\t ]*hand_chips\\s*=\\s*mod_chips\\(\\s*0\\s*\\)\\s*' on target 'functions/state_events.lua' for regex patch from Kino\lovely.toml resulted in no matches
WARN - [♥] Pattern 'if G.GAME.round_resets.ante == G.GAME.win_ante and G.GAME.blind:get_type() == \'Boss\' then' on target 'functions/state_events.lua' for pattern patch from Finity\lovely\main.toml resulted in no matches
WARN - [♥] Pattern 'elseif G.GAME.round_resets.blind == G.P_BLINDS.bl_big then' on target 'functions/state_events.lua' for pattern patch from Finity\lovely\main.toml resulted in no matches
WARN - [♥] Pattern 'if SMODS.has_enhancement(scoring_hand[i], \'m_glass\') and not scoring_hand[i].debuff and pseudorandom(\'glass\') < G.GAME.probabilities.normal/(scoring_hand[i].ability.name == \'Glass Card\' and scoring_hand[i].ability.extra or G.P_CENTERS.m_glass.config.extra) then' on target 'functions/state_events.lua' for pattern patch from Cryptid\lovely\Probability.toml resulted in no matches
WARN - [♥] Regex '(?<indent>[\\t ]*)if destroyed then \\n' on target 'functions/state_events.lua' for regex patch from Cryptid\lovely\seal.toml resulted in no matches
INFO - [♥] Applied 114 patches to 'functions/state_events.lua'
WARN - [♥] Pattern '{n=G.UIT.T, config={text = localize(\'$\')..config.dollars, scale = 1.2*scale, colour = G.C.WHITE, shadow = true, juice = true}}' on target 'functions/common_events.lua' for pattern patch from Cryptid\lovely\code.toml resulted in no matches
WARN - [♥] Pattern 'G.shop_jokers.T.w = G.GAME.shop.joker_max*1.01*G.CARD_W' on target 'functions/common_events.lua' for pattern patch from Cryptid\lovely\equilibrium.toml resulted in no matches
WARN - [♥] Pattern 'function generate_card_ui(_c, full_UI_table, specific_vars, card_type, badges, hide_desc, main_start, main_end)' on target 'functions/common_events.lua' for pattern patch from Cryptid\lovely\lib_misc.toml resulted in no matches
WARN - [♥] Pattern 'elseif v.boss.showdown and (G.GAME.round_resets.ante)%G.GAME.win_ante == 0 and G.GAME.round_resets.ante >= 2 then' on target 'functions/common_events.lua' for pattern patch from Cryptid\lovely\stake.toml resulted in no matches
WARN - [♥] Pattern '(self.ability.set == \'Voucher\' and {G.C.SECONDARY_SET.Voucher, G.C.CLEAR}) or ' on target 'functions/common_events.lua' for pattern patch from Entropy\lovely\dissolve_colours.toml resulted in no matches
WARN - [♥] Pattern '{n=G.UIT.O, config={object = DynaText({string = {\' \'..localize(\'ph_mr_bones\')..\' \'}, colours = {G.C.FILTER}, shadow = true, pop_in = 0, scale = 0.5*scale, silent = true})}}' on target 'functions/common_events.lua' for pattern patch from Entropy\lovely\never_lose.toml resulted in no matches
WARN - [♥] Pattern '{n=G.UIT.O, config={object = DynaText({string = {localize(\'$\')..num_dollars}, colours = {G.C.MONEY}, shadow = true, pop_in = 0, scale = 0.65, float = true})}}' on target 'functions/common_events.lua' for pattern patch from Entropy\lovely\rcode.toml resulted in no matches
WARN - [♥] Pattern '{n=G.UIT.O, config={object = DynaText({string = {localize(\'$\')..num_dollars}, colours = {G.C.RED}, shadow = true, pop_in = 0, scale = 0.65, float = true})}}' on target 'functions/common_events.lua' for pattern patch from Entropy\lovely\rcode.toml resulted in no matches
WARN - [♥] Regex 'localize\\(\'ph_mr_bones\'\\)..\' \'\\}, colours = \\{G.C.FILTER' on target 'functions/common_events.lua' for regex patch from Cryptid\lovely\code.toml resulted in no matches
WARN - [♥] Pattern 'if not v.config.softlock then\n    softlocked = softlocked' on target 'functions/common_events.lua' for pattern patch from Balatro-Aikoyoris-Shenanigans\lovely\planets.toml resulted in no matches
WARN - [♥] Pattern '                    if (not v.config.softlock or G.GAME.hands[v.config.hand_type].played > 0) then\n                        add = true\n                    end' on target 'functions/common_events.lua' for pattern patch from Balatro-Aikoyoris-Shenanigans\lovely\planets.toml resulted in no matches
WARN - [♥] Pattern '                    if (not v.config.softlock or G.GAME.hands[v.config.hand_type].played > 0) then\n                        add = true\n                    end' on target 'functions/common_events.lua' for pattern patch from Balatro-Aikoyoris-Shenanigans\lovely\planets.toml resulted in no matches
WARN - [♥] Pattern 'G.GAME.hands[hand].chips = math.max(G.GAME.hands[hand].s_chips + G.GAME.hands[hand].l_chips*(G.GAME.hands[hand].level - 1), 0)' on target 'functions/common_events.lua' for pattern patch from Kino\lovely.toml resulted in no matches
WARN - [♥] Pattern 'if num_dollars > 60 then' on target 'functions/common_events.lua' for pattern patch from Talisman\lovely.toml resulted in no matches
WARN - [♥] Pattern 'func = (function() if eval_func(card) then if not first or first then card:juice_up(0.1, 0.1) end;juice_card_until(card, eval_func, nil, 0.8) end return true end)' on target 'functions/common_events.lua' for pattern patch from Talisman\lovely.toml resulted in no matches
WARN - [♥] Pattern 'elseif _c.effect == \'Lucky Card\' then loc_vars = {G.GAME.probabilities.normal, cfg.mult, 5, cfg.p_dollars, 15}' on target 'functions/common_events.lua' for pattern patch from Cryptid\lovely\Probability.toml resulted in no matches
INFO - [♥] Applied 217 patches to 'functions/common_events.lua'
WARN - [♥] Pattern '    if #G.hand.highlighted <= 0 or G.GAME.blind.block_play or #G.hand.highlighted > 5 then ' on target 'functions/button_callbacks.lua' for pattern patch from Balatro-Aikoyoris-Shenanigans\lovely\selectionlimit.toml resulted in no matches
WARN - [♥] Pattern 'if ((G.GAME.dollars-G.GAME.bankrupt_at) - 10 >= 0) and' on target 'functions/button_callbacks.lua' for pattern patch from Talisman\lovely.toml resulted in no matches
WARN - [♥] Pattern 'for i = 1, #G.GAME.tags do\n            if G.GAME.tags[i]:apply_to_run({type = \'new_blind_choice\'}) then break end\n          end' on target 'functions/button_callbacks.lua' for pattern patch from TooManyDecks\lovely\decks.toml resulted in no matches
WARN - [♥] Pattern 'if #G.hand.highlighted <= 0 or G.GAME.blind.block_play or #G.hand.highlighted > 5 then' on target 'functions/button_callbacks.lua' for pattern patch from CardSleeves\lovely\expected_to_fail.toml resulted in no matches
INFO - [♥] Applied 84 patches to 'functions/button_callbacks.lua'
WARN - [♥] Pattern '*then G.E_MANAGER:add_event(Event({ func = function() G.GAME.blind:set_blind(nil, true, nil); return true end })) end' on target 'card.lua' for pattern patch from smods\lovely\calculate_card_added.toml resulted in 2 matches, wanted 1
WARN - [♥] Ignoring excess matches
WARN - [♥] Pattern 'if not initial then G.GAME.blind:debuff_card(self) end' on target 'card.lua' for pattern patch from Cryptid\lovely\lib_misc.toml resulted in no matches
WARN - [♥] Pattern 'if self.ability.name == \'Campfire\' and G.GAME.blind.boss and not (G.GAME.blind.config and G.GAME.blind.config.bonus) and self.ability.x_mult > 1 then' on target 'card.lua' for pattern patch from Cryptid\lovely\misc.toml resulted in no matches
WARN - [♥] Pattern 'if self.ability.name:find(\'Arcana\') then' on target 'card.lua' for pattern patch from Cryptid\lovely\misprint.toml resulted in no matches
WARN - [♥] Pattern 'if self.ability.name == \'The Hermit\' or self.ability.consumeable.hand_type or self.ability.name == \'Temperance\' or self.ability.name == \'Black Hole\' then' on target 'card.lua' for pattern patch from Cryptid\lovely\stake.toml resulted in no matches
WARN - [♥] Pattern 'if self.ability.queue_negative_removal then' on target 'card.lua' for pattern patch from Cryptid\lovely\sticker.toml resulted in no matches
WARN - [♥] Pattern '    return generate_card_ui(self.config.center, nil, loc_vars, card_type, badges, hide_desc, main_start, main_end)' on target 'card.lua' for pattern patch from Balatro-Aikoyoris-Shenanigans\lovely\localization.toml resulted in no matches
WARN - [♥] Pattern 'G.GAME.current_round.voucher = nil' on target 'card.lua' for pattern patch from Cryptid\lovely\Voucher.toml resulted in no matches
WARN - [♥] Pattern 'if G.GAME.blind then G.E_MANAGER:add_event(Event({ func = function() G.GAME.blind:set_blind(nil, true, nil); return true end })) end' on target 'card.lua' for pattern patch from Talisman\lovely.toml resulted in no matches
WARN - [♥] Pattern 'x_mult = center.config.Xmult or 1,' on target 'card.lua' for pattern patch from Talisman\lovely.toml resulted in no matches
WARN - [♥] Pattern 'if pseudorandom(\'lucky_money\') < G.GAME.probabilities.normal/15 then' on target 'card.lua' for pattern patch from Cryptid\lovely\Probability.toml resulted in no matches
WARN - [♥] Pattern 'if pseudorandom(\'lucky_mult\') < G.GAME.probabilities.normal/5 then' on target 'card.lua' for pattern patch from Cryptid\lovely\Probability.toml resulted in no matches
WARN - [♥] Pattern 'elseif self.ability.name == \'Business Card\' then loc_vars = {\'\'..(G.GAME and G.GAME.probabilities.normal or 1), self.ability.extra}' on target 'card.lua' for pattern patch from Cryptid\lovely\Probability.toml resulted in no matches
WARN - [♥] Pattern 'pseudorandom(\'business\') < G.GAME.probabilities.normal/self.ability.extra then' on target 'card.lua' for pattern patch from Cryptid\lovely\Probability.toml resulted in no matches
WARN - [♥] Pattern 'local currentBack = self.params.viewed_back and G.GAME.viewed_back or G.GAME.selected_back' on target 'card.lua' for pattern patch from Galdur\lovely.toml resulted in no matches
WARN - [♥] Regex 'self.params.viewed_back and G.GAME.viewed_back or G.GAME.selected_back' on target 'card.lua' for regex patch from CardSleeves\lovely\expected_to_fail.toml resulted in no matches
INFO - [♥] Applied 300 patches to 'card.lua'
WARN - [♥] Pattern 'if card.edition.card_limit == -1 and #G.hand.cards < G.hand.config.card_limit then' on target 'cardarea.lua' for pattern patch from Entropy\lovely\hsize_mult.toml resulted in no matches
WARN - [♥] Pattern '    self.config.highlighted_limit = config.highlight_limit or 5' on target 'cardarea.lua' for pattern patch from Balatro-Aikoyoris-Shenanigans\lovely\selectionlimit.toml resulted in no matches
INFO - [♥] Applied 25 patches to 'cardarea.lua'
WARN - [♥] Pattern 'self.chips = get_blind_amount(G.GAME.round_resets.ante)*self.mult*G.GAME.starting_params.ante_scaling' on target 'blind.lua' for pattern patch from Entropy\lovely\game.toml resulted in no matches
WARN - [♥] Pattern 'self.chips = get_blind_amount(G.GAME.round_resets.ante)*self.mult*G.GAME.starting_params.ante_scaling' on target 'blind.lua' for pattern patch from Entropy\lovely\game.toml resulted in no matches
INFO - [♥] Applied 46 patches to 'blind.lua'
WARN - [♥] Pattern 'self.children.card:set_ability(G.P_CENTERS.j_jolly)' on target 'card_character.lua' for pattern patch from Entropy\lovely\game.toml resulted in no matches
INFO - [♥] Applied 2 patches to 'card_character.lua'
WARN - [♥] Pattern 'colour = pseudorandom_element(self.colours)' on target 'engine/particles.lua' for pattern patch from Entropy\lovely\game.toml resulted in no matches
INFO - [♥] Applied 0 patches to 'engine/particles.lua'
INFO - [♥] Applied 5 patches to 'engine/text.lua'
INFO - [♥] Applied 6 patches to '=[SMODS _ "src/utils.lua"]'
INFO - [♥] Applied 7 patches to '=[SMODS _ "src/overrides.lua"]'
INFO - [♥] Applied 4 patches to '=[SMODS _ "src/game_object.lua"]'
INFO - [G] Failed to connect to the debug server
INFO - [G] 2025-05-08 10:15:04 :: DEBUG :: DebugConsole :: Steamodded Debug Socket started !
INFO - [G] 2025-05-08 10:15:04 :: INFO  :: SMODS :: Steamodded v1.0.0~BETA-0507a
INFO - [♥] Applied 9 patches to 'engine/sound_manager.lua'
INFO - [♥] Applied 3 patches to 'engine/save_manager.lua'
INFO - [♥] Applied 2 patches to 'engine/string_packer.lua'
INFO - [♥] Applied 4 patches to '=[SMODS _ "src/card_draw.lua"]'
INFO - [G] 2025-05-08 10:15:06 :: ERROR :: Loader :: Found invalid metadata JSON file at C:\Users\erikk\AppData\Roaming\Balatro\Mods/Balatro-Aikoyoris-Shenanigans/.luarc.json, ignoring: [SMODS _ "src/loader.lua"]:226: id
INFO - [G] 2025-05-08 10:15:06 :: ERROR :: Loader :: Found invalid metadata JSON file at C:\Users\erikk\AppData\Roaming\Balatro\Mods/Balatro-Aikoyoris-Shenanigans/.vscode/settings.json, ignoring: [SMODS _ "src/loader.lua"]:226: id
INFO - [G] 2025-05-08 10:15:06 :: INFO  :: Loader :: Valid JSON file found
INFO - [G] 2025-05-08 10:15:06 :: INFO  :: Loader :: Valid JSON file found
INFO - [G] 2025-05-08 10:15:06 :: INFO  :: Loader :: Valid JSON file found
INFO - [G] 2025-05-08 10:15:06 :: INFO  :: Loader :: Valid JSON file found
INFO - [G] 2025-05-08 10:15:06 :: ERROR :: Loader :: Found invalid metadata JSON file at C:\Users\erikk\AppData\Roaming\Balatro\Mods/DebugPlus/.luarc.json, ignoring: [SMODS _ "src/loader.lua"]:226: id
INFO - [G] 2025-05-08 10:15:06 :: ERROR :: Loader :: Found invalid metadata JSON file at C:\Users\erikk\AppData\Roaming\Balatro\Mods/DebugPlus/dev/.luarc.json, ignoring: [SMODS _ "src/loader.lua"]:226: id
INFO - [G] 2025-05-08 10:15:06 :: INFO  :: Loader :: Valid JSON file found
INFO - [G] 2025-05-08 10:15:06 :: ERROR :: Loader :: Found invalid metadata JSON file at C:\Users\erikk\AppData\Roaming\Balatro\Mods/Entropy/.vscode/settings.json, ignoring: [SMODS _ "src/loader.lua"]:226: id
INFO - [G] 2025-05-08 10:15:06 :: INFO  :: Loader :: Valid JSON file found
INFO - [G] 2025-05-08 10:15:06 :: INFO  :: Loader :: Valid JSON file found
INFO - [G] 2025-05-08 10:15:06 :: INFO  :: Loader :: Valid JSON file found
INFO - [G] 2025-05-08 10:15:06 :: INFO  :: Loader :: Valid JSON file found
INFO - [G] 2025-05-08 10:15:06 :: INFO  :: Loader :: Valid JSON file found
INFO - [G] 2025-05-08 10:15:06 :: TRACE :: Loader :: Processing Mod file (Legacy header): steamodded.lua
INFO - [G] 2025-05-08 10:15:06 :: WARN  :: Loader :: Duplicate Mod ID: Handy
INFO - [G] 2025-05-08 10:15:06 :: INFO  :: Loader :: Valid JSON file found
INFO - [G] 2025-05-08 10:15:06 :: INFO  :: Loader :: Valid JSON file found
INFO - [G] 2025-05-08 10:15:06 :: INFO  :: Loader :: Valid JSON file found
INFO - [G] 2025-05-08 10:15:06 :: TRACE :: Loader :: Processing Mod file (Legacy header): steamodded_metadata.lua
INFO - [G] 2025-05-08 10:15:06 :: TRACE :: Loader :: Saving Mod Info: Talisman
INFO - [G] 2025-05-08 10:15:06 :: INFO  :: Loader :: Valid JSON file found
INFO - [G] 2025-05-08 10:15:06 :: INFO  :: Loader :: Valid JSON file found
INFO - [♥] Applied 7 patches to '=[SMODS galdur "galdur.lua"]'
INFO - [♥] Applied 2 patches to '=[SMODS CardSleeves "CardSleeves.lua"]'
INFO - [G] 2025-05-08 10:15:07 :: INFO  :: CardSleeves :: CardSleeves v1.7.5 loaded~!
INFO - [G] 2025-05-08 10:15:07 :: WARN  :: Sound :: Object garb_surge has the same key as an existing object, not registering.
INFO - [G] 2025-05-08 10:15:07 :: WARN  :: Sound :: If you want to modify an existing object, use take_ownership()
INFO - [G] 2025-05-08 10:15:07 :: TRACE :: Loader :: Mod YGGDRASIL was unable to load: 
INFO - [G] 2025-05-08 10:15:07 :: INFO  :: TOGAPack :: Hello World! Starting TOGAPack...
INFO - [G] 2025-05-08 10:15:07 :: INFO  :: TOGAPack :: Hooking G.FUNCS.can_play...
INFO - [G] 2025-05-08 10:15:07 :: INFO  :: TOGAPack :: Hooking play_sound...
INFO - [G] 2025-05-08 10:15:07 :: INFO  :: TOGAPack :: Hooking Card:is_face...
INFO - [G] 2025-05-08 10:15:07 :: INFO  :: TOGAPack :: Hooking Card:get_id...
INFO - [G] 2025-05-08 10:15:07 :: INFO  :: TOGAPack :: Hooking Card:is_suit...
INFO - [G] 2025-05-08 10:15:07 :: INFO  :: TOGAPack :: Hooking G.FUNCS.draw_from_deck_to_hand...
INFO - [G] 2025-05-08 10:15:07 :: INFO  :: TOGAPack :: Hooking Blind:defeat...
INFO - [G] 2025-05-08 10:15:07 :: DEBUG :: TOGAPack :: Executing items/joker.lua
INFO - [G] 2025-05-08 10:15:07 :: INFO  :: TOGAPack :: Loading Jokers...
INFO - [G] 2025-05-08 10:15:07 :: DEBUG :: TOGAPack :: Executing items/deck.lua
INFO - [G] 2025-05-08 10:15:07 :: INFO  :: TOGAPack :: Loading Decks...
INFO - [G] 2025-05-08 10:15:07 :: DEBUG :: TOGAPack :: Executing items/voucher.lua
INFO - [G] 2025-05-08 10:15:07 :: INFO  :: TOGAPack :: Loading Vouchers...
INFO - [G] 2025-05-08 10:15:07 :: DEBUG :: TOGAPack :: Executing items/enhancement.lua
INFO - [G] 2025-05-08 10:15:07 :: INFO  :: TOGAPack :: Loading Enhancements...
INFO - [G] 2025-05-08 10:15:07 :: DEBUG :: TOGAPack :: Executing items/consumables.lua
INFO - [G] 2025-05-08 10:15:07 :: INFO  :: TOGAPack :: Loading Consumeables...
INFO - [G] 2025-05-08 10:15:07 :: DEBUG :: TOGAPack :: Executing items/seal.lua
INFO - [G] 2025-05-08 10:15:07 :: INFO  :: TOGAPack :: Loading Seals...
INFO - [G] 2025-05-08 10:15:07 :: DEBUG :: TOGAPack :: Executing items/booster.lua
INFO - [G] 2025-05-08 10:15:07 :: INFO  :: TOGAPack :: Loading Booster Packs...
INFO - [G] 2025-05-08 10:15:07 :: DEBUG :: TOGAPack :: Executing items/tag.lua
INFO - [G] 2025-05-08 10:15:07 :: INFO  :: TOGAPack :: Loading Tags...
INFO - [G] 2025-05-08 10:15:07 :: DEBUG :: TOGAPack :: Executing items/deckskin.lua
INFO - [G] 2025-05-08 10:15:07 :: INFO  :: TOGAPack :: Loading Deckskins...
INFO - [G] 2025-05-08 10:15:07 :: DEBUG :: TOGAPack :: Executing items/blind.lua
INFO - [G] 2025-05-08 10:15:07 :: INFO  :: TOGAPack :: Loading Blinds...
INFO - [G] 2025-05-08 10:15:07 :: DEBUG :: TOGAPack :: Executing items/crossmod.lua
INFO - [G] 2025-05-08 10:15:07 :: INFO  :: TOGAPack :: Loading Cross-Mod content...
INFO - [G] [CRYPTID] Loading library file ascended.lua
INFO - [G] [CRYPTID] Loading library file calculate.lua
INFO - [G] [CRYPTID] Loading library file content.lua
WARN - [♥] Pattern 'bogus patch lol aikoyori was here no patching ' on target '=[SMODS Cryptid "lib/content.lua"]' for pattern patch from Balatro-Aikoyoris-Shenanigans\lovely\compat.cryptid.toml resulted in no matches
INFO - [♥] Applied 0 patches to '=[SMODS Cryptid "lib/content.lua"]'
INFO - [G] [CRYPTID] Loading library file cross-mod.lua
INFO - [G] [CRYPTID] Loading library file d20.lua
INFO - [G] [CRYPTID] Loading library file event.lua
INFO - [G] [CRYPTID] Loading library file forcetrigger.lua
INFO - [G] [CRYPTID] Loading library file gameset.lua
INFO - [G] [CRYPTID] Loading library file https.lua
INFO - [G] 2025-05-08 10:15:07 :: DEBUG :: SMODS.https :: Using https module backend
INFO - [G] [CRYPTID] Loading library file misc.lua
INFO - [♥] Applied 1 patch to '=[SMODS Cryptid "lib/misc.lua"]'
INFO - [G] [CRYPTID] Loading library file misprintize.lua
INFO - [G] [CRYPTID] Loading library file modifiers.lua
INFO - [G] 2025-05-08 10:15:07 :: WARN  :: Sticker :: Detected duplicate register call on object perishable
INFO - [G] 2025-05-08 10:15:07 :: WARN  :: Sticker :: Detected duplicate register call on object pinned
INFO - [G] 2025-05-08 10:15:07 :: WARN  :: Sticker :: Detected duplicate register call on object eternal
INFO - [G] 2025-05-08 10:15:07 :: WARN  :: Sticker :: Detected duplicate register call on object rental
INFO - [G] [CRYPTID] Loading library file notifications.lua
INFO - [G] [CRYPTID] Loading library file overrides.lua
INFO - [G] [CRYPTID] Loading library file pointerlib.lua
INFO - [G] [CRYPTID] Loading library file ui.lua
INFO - [G] [CRYPTID] Loading file achievement.lua
INFO - [G] [CRYPTID] Loading file blind.lua
INFO - [G] [CRYPTID] Loading file challenge.lua
INFO - [G] [CRYPTID] Loading file code.lua
INFO - [♥] Applied 1 patch to '=[SMODS Cryptid "items/code.lua"]'
INFO - [G] [CRYPTID] Loading file deck.lua
INFO - [G] [CRYPTID] Loading file enhanced.lua
INFO - [G] [CRYPTID] Loading file epic.lua
INFO - [G] [CRYPTID] Loading file exotic.lua
INFO - [G] [CRYPTID] Loading file joker_display.lua
INFO - [G] [CRYPTID] Loading file m.lua
INFO - [G] [CRYPTID] Loading file misc.lua
INFO - [G] [CRYPTID] Loading file misc_joker.lua
INFO - [G] [CRYPTID] Loading file planet.lua
INFO - [G] [CRYPTID] Loading file pointer.lua
INFO - [G] [CRYPTID] Inserting Pointer Aliases
INFO - [G] [CRYPTID] Loading file sleeve.lua
INFO - [G] [CRYPTID] Loading file spectral.lua
INFO - [G] [CRYPTID] Loading file spooky.lua
INFO - [G] [CRYPTID] Loading file stake.lua
INFO - [♥] Applied 1 patch to '=[SMODS Cryptid "items/stake.lua"]'
INFO - [G] [CRYPTID] Loading file tag.lua
INFO - [G] [CRYPTID] Loading file test.lua
INFO - [G] [CRYPTID] Loading file voucher.lua
INFO - [G] [CRYPTID] Loading Cryptid.lua from sdm0sstuff
INFO - [G] 2025-05-08 10:15:07 :: WARN  :: Atlas :: Object cry_effarcire has the same key as an existing object, not registering.
INFO - [G] 2025-05-08 10:15:07 :: WARN  :: Atlas :: If you want to modify an existing object, use take_ownership()
INFO - [G] 2025-05-08 10:15:07 :: WARN  :: Atlas :: Object sdm_vouchers has the same key as an existing object, not registering.
INFO - [G] 2025-05-08 10:15:07 :: WARN  :: Atlas :: If you want to modify an existing object, use take_ownership()
INFO - [G] 2025-05-08 10:15:07 :: WARN  :: Atlas :: Object sdm_bakery_consumables has the same key as an existing object, not registering.
INFO - [G] 2025-05-08 10:15:07 :: WARN  :: Atlas :: If you want to modify an existing object, use take_ownership()
INFO - [G] 2025-05-08 10:15:07 :: WARN  :: Atlas :: Object sdm_bakery_vouchers has the same key as an existing object, not registering.
INFO - [G] 2025-05-08 10:15:07 :: WARN  :: Atlas :: If you want to modify an existing object, use take_ownership()
INFO - [G] 2025-05-08 10:15:07 :: WARN  :: Draw Step :: Detected duplicate register call on object floating_sprite
INFO - [G] 2025-05-08 10:15:07 :: WARN  :: Draw Step :: Detected duplicate register call on object front
INFO - [G] 2025-05-08 10:15:07 :: INFO  :: Aikoyori's Shenanigans :: Cryptid Detected... vro ;P
INFO - [G] 2025-05-08 10:15:07 :: WARN  :: Sticker :: Detected duplicate register call on object cry_rigged
WARN - [♥] Pattern 'aikoyori was here' on target '=[SMODS entr "items/misc/seals.lua"]' for pattern patch from Balatro-Aikoyoris-Shenanigans\lovely\compat.entr.toml resulted in no matches
INFO - [♥] Applied 0 patches to '=[SMODS entr "items/misc/seals.lua"]'
INFO - [G] 2025-05-08 10:15:07 :: WARN  :: Atlas :: Detected duplicate register call on object entr_modicon
INFO - [G] 2025-05-08 10:15:07 :: WARN  :: CBlind :: Object c_entr_bl_eye has the same key as an existing object, not registering.
INFO - [G] 2025-05-08 10:15:07 :: WARN  :: CBlind :: If you want to modify an existing object, use take_ownership()
INFO - [G] 2025-05-08 10:15:07 :: WARN  :: CBlind :: Object c_entr_bl_wheel has the same key as an existing object, not registering.
INFO - [G] 2025-05-08 10:15:07 :: WARN  :: CBlind :: If you want to modify an existing object, use take_ownership()
INFO - [G] 2025-05-08 10:15:07 :: INFO  :: TIMER :: [0000] Injected Language in 0.001 ms
INFO - [G] 2025-05-08 10:15:07 :: INFO  :: TIMER :: [0000] Injected [INTERNAL] in 1.645 ms
INFO - [G] 2025-05-08 10:15:11 :: INFO  :: TIMER :: [0167] Injected Atlas in 3979.186 ms
INFO - [G] 2025-05-08 10:15:11 :: INFO  :: TIMER :: [0122] Injected Sound in 90.363 ms
INFO - [G] 2025-05-08 10:15:11 :: INFO  :: TIMER :: [0034] Injected Stake in 1.325 ms
INFO - [G] 2025-05-08 10:15:11 :: INFO  :: TIMER :: [0012] Injected Rarity in 0.112 ms
INFO - [G] 2025-05-08 10:15:11 :: INFO  :: TIMER :: [0048] Injected ObjectType in 1.755 ms
INFO - [G] 2025-05-08 10:15:11 :: INFO  :: TIMER :: [1524] Injected Center in 17.898 ms
INFO - [G] 2025-05-08 10:15:11 :: INFO  :: TIMER :: [0013] Injected Undiscovered Sprite in 0.030 ms
INFO - [G] 2025-05-08 10:15:11 :: INFO  :: TIMER :: [0094] Injected Blind in 0.256 ms
INFO - [G] 2025-05-08 10:15:11 :: INFO  :: TIMER :: [0018] Injected Seal in 0.397 ms
INFO - [G] 2025-05-08 10:15:11 :: INFO  :: TIMER :: [0010] Injected Suit in 0.260 ms
INFO - [G] 2025-05-08 10:15:11 :: INFO  :: TIMER :: [0028] Injected Rank in 0.361 ms
INFO - [G] 2025-05-08 10:15:11 :: INFO  :: TIMER :: [0042] Injected DeckSkin in 0.769 ms
INFO - [G] 2025-05-08 10:15:11 :: INFO  :: TIMER :: [0053] Injected PokerHand in 2.616 ms
INFO - [G] 2025-05-08 10:15:11 :: INFO  :: TIMER :: [0046] Injected Challenge in 0.103 ms
INFO - [G] 2025-05-08 10:15:11 :: INFO  :: TIMER :: [0083] Injected Tag in 0.423 ms
INFO - [G] 2025-05-08 10:15:11 :: INFO  :: TIMER :: [0024] Injected Sticker in 0.584 ms
INFO - [G] 2025-05-08 10:15:12 :: INFO  :: TIMER :: [0020] Injected Shader in 302.605 ms
INFO - [G] 2025-05-08 10:15:12 :: INFO  :: TIMER :: [0003] Injected Keybind in 0.033 ms
INFO - [G] 2025-05-08 10:15:12 :: INFO  :: TIMER :: [0029] Injected Achievement in 0.220 ms
INFO - [G] 2025-05-08 10:15:12 :: INFO  :: TIMER :: [0010] Injected nil in 0.042 ms
INFO - [G] 2025-05-08 10:15:12 :: INFO  :: TIMER :: [0030] Injected Draw Step in 0.142 ms
INFO - [G] 2025-05-08 10:15:12 :: INFO  :: TIMER :: [0000] Injected [INTERNAL] in 31.582 ms
INFO - [G] 2025-05-08 10:15:12 :: INFO  :: TIMER :: [0010] Injected Other in 0.038 ms
INFO - [G] 2025-05-08 10:15:12 :: INFO  :: TIMER :: [0002] Injected nil in 8.909 ms
INFO - [♥] Applied 1 patch to '=[SMODS _ "smods-https-thread.lua"]'
INFO - [G] 2025-05-08 10:15:21 :: DEBUG :: SMODS.https(1) :: Using https module backend
INFO - [G] line not found
INFO - [G] file not found: main.lua: No such file or directory
INFO - [G] file not found: main.lua: No such file or directory
INFO - [G] line not found
INFO - [G] file not found: functions/misc_functions.lua: No such file or directory
INFO - [G] line not found
INFO - [G] line not found
INFO - [G] file not found: main.lua: No such file or directory
INFO - [G] file not found: main.lua: No such file or directory
INFO - [G] 2025-05-08 10:15:45 :: ERROR :: StackTrace :: Oops! The game crashed
[SMODS _ "src/utils.lua"]:941: attempt to index local 'card' (a nil value)
Stack Traceback
===============
(1) Lua local 'handler' at file 'main.lua:612'
	Local variables:
	 msg = string: "[SMODS _ \"src/utils.lua\"]:941: attempt to index local 'card' (a nil value)"
	 (*temporary) = Lua function '?' (defined at line 31 of chunk [SMODS _ "src/logging.lua"])
	 (*temporary) = string: "Oops! The game crashed\
"
(2) LÖVE metamethod at file 'boot.lua:352'
	Local variables:
	 errhand = Lua function '?' (defined at line 598 of chunk main.lua)
	 handler = Lua function '?' (defined at line 598 of chunk main.lua)
(3) Lua field 'get_enhancements' at Steamodded file 'src/utils.lua:941' 
	Local variables:
	 card = nil
	 extra_only = nil
	 (*temporary) = boolean: false
	 (*temporary) = number: 4
	 (*temporary) = nil
	 (*temporary) = nil
	 (*temporary) = number: 4
	 (*temporary) = table: 0x0ec24848  {}
	 (*temporary) = number: nan
	 (*temporary) = number: 11
	 (*temporary) = table: 0x0fca5230  {click_offset:table: 0x0fca5600, children:table: 0x0fcaf950, ambient_tilt:0.2, parent:table: 0x0fd2e4d0, STATIONARY:true, T:table: 0x0fca5448 (more...)}
	 (*temporary) = string: "v_toga_sealegg"
	 (*temporary) = table: 0x0fca5230  {click_offset:table: 0x0fca5600, children:table: 0x0fcaf950, ambient_tilt:0.2, parent:table: 0x0fd2e4d0, STATIONARY:true, T:table: 0x0fca5448 (more...)}
	 (*temporary) = table: 0x0ab96ec0  {lc_atlas:akyrs_blank, pos:table: 0x0ab96ff0, value:akyrs_non_playing, hc_atlas:akyrs_blank, name:akyrs_non_playing of akyrs_joker, suit:akyrs_joker (more...)}
	 (*temporary) = table: 0x0fd25370  {pos:table: 0x0fd255e8, name:CCD 2.0, loc_name:Redefined Deck, effect:table: 0x0fd253d0, atlas:entr_decks}
	 (*temporary) = nil
	 (*temporary) = table: 0x0f47d6e0  {click_offset:table: 0x0f47da88, children:table: 0x0f47ec08, ambient_tilt:0.2, akyrs_upgrade_sliced:false, T:table: 0x0f47d8d0, offset:table: 0x0f47e368 (more...)}
	 (*temporary) = nil
	 (*temporary) = table: 0x0ab96ec0  {lc_atlas:akyrs_blank, pos:table: 0x0ab96ff0, value:akyrs_non_playing, hc_atlas:akyrs_blank, name:akyrs_non_playing of akyrs_joker, suit:akyrs_joker (more...)}
	 (*temporary) = number: 5.70803e-264
	 (*temporary) = string: "attempt to index local 'card' (a nil value)"
(4) Lua field 'cry_enhancement_has_specific_suit' at file 'lib/misc.lua:708' (from mod with id Cryptid)
	Local variables:
	 card = nil
	 (*temporary) = C function: pairs
(5) Lua upvalue 'isSuitHook' at file 'card.lua:4648'
	Local variables:
	 self = nil
	 suit = string: "Hearts"
	 bypass_debuff = boolean: true
	 flush_calc = nil
(6) Lua method 'is_suit' at file './modules/hooks/letter.lua:205' (from mod with id aikoyorisshenanigans)
	Local variables:
	 self = table: 0x0d392148  {sprite_facing:back, static_rotation:false, ambient_tilt:0.2, parent:table: 0x0fd2f510, T:table: 0x0d392360, akyrs_upgrade_sliced:false, extra_cost:0 (more...)}
	 suit = string: "Hearts"
	 bypass_debuff = boolean: true
	 flush_calc = nil
(7) Lua method 'update' at file 'scripts/jokers.lua:1421' (from mod with id GARBPACK)
	Local variables:
	 self = table: 0x08a6abe0  {alerted:true, loc_vars:function: 0x097f9bd8, remove_from_deck:function: 0x0981fe38, _saved_d_u:true, original_key:shipping, mod:table: 0x08ca9348 (more...)}
	 card = table: 0x0f47d6e0  {click_offset:table: 0x0f47da88, children:table: 0x0f47ec08, ambient_tilt:0.2, akyrs_upgrade_sliced:false, T:table: 0x0f47d8d0, offset:table: 0x0f47e368 (more...)}
	 initial = number: 0.016
	 delay_sprites = nil
	 suits = table: 0x0f9c32b8  {Spades:0, Hearts:0, Diamonds:0, Clubs:0}
	 hands = table: 0x0f9c3348  {Spades:Kismesis, Hearts:Matesprit, Diamonds:Moirail, Clubs:Auspistice}
	 (for index) = number: 16
	 (for limit) = number: 26
	 (for step) = number: 1
	 i = number: 16
(8) Lua upvalue 'updateref' at file 'card.lua:4759'
	Local variables:
	 self = table: 0x0f47d6e0  {click_offset:table: 0x0f47da88, children:table: 0x0f47ec08, ambient_tilt:0.2, akyrs_upgrade_sliced:false, T:table: 0x0f47d8d0, offset:table: 0x0f47e368 (more...)}
	 dt = number: 0.016
	 obj = table: 0x08a6abe0  {alerted:true, loc_vars:function: 0x097f9bd8, remove_from_deck:function: 0x0981fe38, _saved_d_u:true, original_key:shipping, mod:table: 0x08ca9348 (more...)}
(9) Lua upvalue 'flip_ref' at file 'lib/modifiers.lua:309' (from mod with id Cryptid)
	Local variables:
	 self = table: 0x0f47d6e0  {click_offset:table: 0x0f47da88, children:table: 0x0f47ec08, ambient_tilt:0.2, akyrs_upgrade_sliced:false, T:table: 0x0f47d8d0, offset:table: 0x0f47e368 (more...)}
	 dt = number: 0.016
(10) Lua upvalue 'cardUpdateHook' at file 'main.lua:545' (from mod with id SGTMD)
	Local variables:
	 self = table: 0x0f47d6e0  {click_offset:table: 0x0f47da88, children:table: 0x0f47ec08, ambient_tilt:0.2, akyrs_upgrade_sliced:false, T:table: 0x0f47d8d0, offset:table: 0x0f47e368 (more...)}
	 dt = number: 0.016
(11) Lua upvalue 'ref' at file './modules/hooks/general.lua:969' (from mod with id aikoyorisshenanigans)
	Local variables:
	 self = table: 0x0f47d6e0  {click_offset:table: 0x0f47da88, children:table: 0x0f47ec08, ambient_tilt:0.2, akyrs_upgrade_sliced:false, T:table: 0x0f47d8d0, offset:table: 0x0f47e368 (more...)}
	 dt = number: 0.016
(12) Lua method 'update' at file 'items/jokers/entropic_jokers.lua:1201' (from mod with id entr)
	Local variables:
	 self = table: 0x0f47d6e0  {click_offset:table: 0x0f47da88, children:table: 0x0f47ec08, ambient_tilt:0.2, akyrs_upgrade_sliced:false, T:table: 0x0f47d8d0, offset:table: 0x0f47e368 (more...)}
	 dt = number: 0.016
(13) Lua upvalue 'ccr' at file 'lib/overrides.lua:1117' (from mod with id Cryptid)
	Local variables:
	 _type = string: "Joker"
	 area = table: 0x12863318  {click_offset:table: 0x128636c0, static_rotation:false, shuffle_amt:0, parent:table: 0x12e4bda8, T:table: 0x12863508, offset:table: 0x128642a8 (more...)}
	 legendary = nil
	 _rarity = nil
	 skip_materialize = nil
	 soulable = nil
	 forced_key = nil
	 key_append = string: "sho"
	 area = table: 0x12863318  {click_offset:table: 0x128636c0, static_rotation:false, shuffle_amt:0, parent:table: 0x12e4bda8, T:table: 0x12863508, offset:table: 0x128642a8 (more...)}
	 pseudo = Lua function '?' (defined at line 746 of chunk [SMODS Cryptid "lib/overrides.lua"])
	 ps = Lua function '?' (defined at line 331 of chunk functions/misc_functions.lua)
	 center = table: 0x08a6abe0  {alerted:true, loc_vars:function: 0x097f9bd8, remove_from_deck:function: 0x0981fe38, _saved_d_u:true, original_key:shipping, mod:table: 0x08ca9348 (more...)}
	 aeqviable = Lua function '?' (defined at line 760 of chunk [SMODS Cryptid "lib/overrides.lua"])
	 front = nil
	 card = table: 0x0f47d6e0  {click_offset:table: 0x0f47da88, children:table: 0x0f47ec08, ambient_tilt:0.2, akyrs_upgrade_sliced:false, T:table: 0x0f47d8d0, offset:table: 0x0f47e368 (more...)}
(14) Lua upvalue 'create_ref' at file 'main.lua:1027' (from mod with id SGTMD)
	Local variables:
	 _type = string: "Joker"
	 area = table: 0x12863318  {click_offset:table: 0x128636c0, static_rotation:false, shuffle_amt:0, parent:table: 0x12e4bda8, T:table: 0x12863508, offset:table: 0x128642a8 (more...)}
	 legendary = nil
	 _rarity = nil
	 skip_materialize = nil
	 soulable = nil
	 forced_key = nil
	 key_append = string: "sho"
	 ret = table: 0x0ef76ea8  {}
(15) Lua upvalue 'ref' at file 'items/jokers/misc_jokers.lua:184' (from mod with id entr)
	Local variables:
	 _type = string: "Joker"
	 area = table: 0x12863318  {click_offset:table: 0x128636c0, static_rotation:false, shuffle_amt:0, parent:table: 0x12e4bda8, T:table: 0x12863508, offset:table: 0x128642a8 (more...)}
	 legendary = nil
	 _rarity = nil
	 skip_materialize = nil
	 soulable = nil
	 forced_key = nil
	 key_append = string: "sho"
(16) Lua upvalue 'create_ref' at file 'items/jokers/entropic_jokers.lua:1193' (from mod with id entr)
	Local variables:
	 set = string: "Joker"
	 area = table: 0x12863318  {click_offset:table: 0x128636c0, static_rotation:false, shuffle_amt:0, parent:table: 0x12e4bda8, T:table: 0x12863508, offset:table: 0x128642a8 (more...)}
(17) Lua global 'create_card' at file 'items/misc/decks.lua:356' (from mod with id entr)
	Local variables:
	 _type = string: "Joker"
	 area = table: 0x12863318  {click_offset:table: 0x128636c0, static_rotation:false, shuffle_amt:0, parent:table: 0x12e4bda8, T:table: 0x12863508, offset:table: 0x128642a8 (more...)}
	 legendary = nil
	 _rarity = nil
	 skip_materialize = nil
	 soulable = nil
	 forced_key = nil
	 key_append = string: "sho"
(18) Lua global 'create_card_for_shop' at file 'items/jokers/entropic_jokers.lua:348' (from mod with id entr)
	Local variables:
	 area = table: 0x12863318  {click_offset:table: 0x128636c0, static_rotation:false, shuffle_amt:0, parent:table: 0x12e4bda8, T:table: 0x12863508, offset:table: 0x128642a8 (more...)}
	 forced_tag = nil
	 total_rate = number: 30
	 polled_rate = number: 11.1338
	 check_rate = number: 0
	 rates = table: 0x0ef76618  {1:table: 0x0ef76670, 2:table: 0x0ef766d0, 3:table: 0x0ef76730, 4:table: 0x0ef76790, 5:table: 0x0ef767f0, 6:table: 0x0ef76850, 7:table: 0x0ef76900 (more...)}
	 (for generator) = C function: builtin#6
	 (for state) = table: 0x0ef76618  {1:table: 0x0ef76670, 2:table: 0x0ef766d0, 3:table: 0x0ef76730, 4:table: 0x0ef76790, 5:table: 0x0ef767f0, 6:table: 0x0ef76850, 7:table: 0x0ef76900 (more...)}
	 (for control) = number: 1
	 _ = number: 1
	 v = table: 0x0ef76670  {type:Joker, val:20}
(19) Lua field 'func' at file 'game.lua:3521'
	Local variables:
	 nosave_shop = nil
	 (for index) = number: 1
	 (for limit) = number: 4
	 (for step) = number: 1
	 i = number: 1
	 pinned = nil
	 (*temporary) = Lua function '?' (defined at line 2237 of chunk [SMODS entr "items/inversions/reverseCodes.lua"])
	 (*temporary) = table: 0x12863318  {click_offset:table: 0x128636c0, static_rotation:false, shuffle_amt:0, parent:table: 0x12e4bda8, T:table: 0x12863508, offset:table: 0x128642a8 (more...)}
(20) Lua method 'handle' at file 'engine/event.lua:57'
	Local variables:
	 self = table: 0x0ccefc20  {start_timer:true, timer:TOTAL, blockable:false, trigger:after, func:function: 0x0ccefc00, delay:0.2, complete:false, time:113.12604523365, blocking:true (more...)}
	 _results = table: 0x0b9e9050  {blocking:true, pause_skip:false, time_done:true, completed:false}
(21) Lua upvalue 'gameUpdate' at file 'engine/event.lua:186'
	Local variables:
	 self = table: 0x09164b08  {queue_last_processed:32.699999999999, queues:table: 0x09164b30, queue_dt:0.016666666666667, queue_timer:32.707125924114}
	 dt = number: 0.00923372
	 forced = nil
	 (for generator) = C function: next
	 (for state) = table: 0x09164b30  {unlock:table: 0x09164c20, galdur:table: 0x0897f780, other:table: 0x09164cc0, tutorial:table: 0x09164c70, akyrs_desc:table: 0x09164ce8, base:table: 0x09164c48 (more...)}
	 (for control) = number: nan
	 k = string: "base"
	 v = table: 0x09164c48  {1:table: 0x0fd35d40, 2:table: 0x0ccefc20, 3:table: 0x12ee06e8, 4:table: 0x12ee0ad0}
	 blocked = boolean: false
	 i = number: 2
	 results = table: 0x0b9e9050  {blocking:true, pause_skip:false, time_done:true, completed:false}
(22) Lua method 'update' at file './modules/hooks/general.lua:76' (from mod with id aikoyorisshenanigans)
	Local variables:
	 self = table: 0x09164b08  {queue_last_processed:32.699999999999, queues:table: 0x09164b30, queue_dt:0.016666666666667, queue_timer:32.707125924114}
	 dt = number: 0.00923372
	 forced = nil
(23) Lua upvalue 'gameUpdateRef' at file 'game.lua:2813'
	Local variables:
	 self = table: 0x08ab4fe8  {F_GUIDE:false, F_CRASH_REPORTS:false, F_QUIT_BUTTON:true, HUD_tags:table: 0x0f540058, F_ENGLISH_ONLY:false, viewed_stake:16, HUD:table: 0x0eea0960 (more...)}
	 dt = number: 0.00923372
	 http_resp = nil
(24) Lua upvalue 'upd' at Steamodded file 'src/ui.lua:84' 
	Local variables:
	 self = table: 0x08ab4fe8  {F_GUIDE:false, F_CRASH_REPORTS:false, F_QUIT_BUTTON:true, HUD_tags:table: 0x0f540058, F_ENGLISH_ONLY:false, viewed_stake:16, HUD:table: 0x0eea0960 (more...)}
	 dt = number: 0.00923372
(25) Lua upvalue 'gu' at file 'main.lua:6371'
	Local variables:
	 self = table: 0x08ab4fe8  {F_GUIDE:false, F_CRASH_REPORTS:false, F_QUIT_BUTTON:true, HUD_tags:table: 0x0f540058, F_ENGLISH_ONLY:false, viewed_stake:16, HUD:table: 0x0eea0960 (more...)}
	 dt = number: 0.00923372
(26) Lua upvalue 'upd' at file 'lib/gameset.lua:27' (from mod with id Cryptid)
	Local variables:
	 self = table: 0x08ab4fe8  {F_GUIDE:false, F_CRASH_REPORTS:false, F_QUIT_BUTTON:true, HUD_tags:table: 0x0f540058, F_ENGLISH_ONLY:false, viewed_stake:16, HUD:table: 0x0eea0960 (more...)}
	 dt = number: 0.00923372
(27) Lua upvalue 'update_ref' at file 'lib/overrides.lua:299' (from mod with id Cryptid)
	Local variables:
	 self = table: 0x08ab4fe8  {F_GUIDE:false, F_CRASH_REPORTS:false, F_QUIT_BUTTON:true, HUD_tags:table: 0x0f540058, F_ENGLISH_ONLY:false, viewed_stake:16, HUD:table: 0x0eea0960 (more...)}
	 dt = number: 0.00923372
(28) Lua upvalue 'update_ref' at file 'items/inversions/reverseCodes.lua:668' (from mod with id entr)
	Local variables:
	 self = table: 0x08ab4fe8  {F_GUIDE:false, F_CRASH_REPORTS:false, F_QUIT_BUTTON:true, HUD_tags:table: 0x0f540058, F_ENGLISH_ONLY:false, viewed_stake:16, HUD:table: 0x0eea0960 (more...)}
	 dt = number: 0.00923372
(29) Lua upvalue 'upd' at file 'items/jokers/hidden.lua:112' (from mod with id entr)
	Local variables:
	 self = table: 0x08ab4fe8  {F_GUIDE:false, F_CRASH_REPORTS:false, F_QUIT_BUTTON:true, HUD_tags:table: 0x0f540058, F_ENGLISH_ONLY:false, viewed_stake:16, HUD:table: 0x0eea0960 (more...)}
	 dt = number: 0.00923372
(30) Lua upvalue 'upd' at file 'items/misc/blinds.lua:756' (from mod with id entr)
	Local variables:
	 self = table: 0x08ab4fe8  {F_GUIDE:false, F_CRASH_REPORTS:false, F_QUIT_BUTTON:true, HUD_tags:table: 0x0f540058, F_ENGLISH_ONLY:false, viewed_stake:16, HUD:table: 0x0eea0960 (more...)}
	 dt = number: 0.00923372
(31) Lua method 'update' at file 'Entropy.lua:301' (from mod with id entr)
	Local variables:
	 self = table: 0x08ab4fe8  {F_GUIDE:false, F_CRASH_REPORTS:false, F_QUIT_BUTTON:true, HUD_tags:table: 0x0f540058, F_ENGLISH_ONLY:false, viewed_stake:16, HUD:table: 0x0eea0960 (more...)}
	 dt = number: 0.00923372
(32) Lua upvalue 'love_update_ref' at file 'main.lua:1132'
	Local variables:
	 dt = number: 0.00923372
(33) Lua upvalue 'oldupd' at file 'main.lua:4355'
	Local variables:
	 dt = number: 0.00923372
(34) Lua field 'update' at file 'main.lua:6404'
	Local variables:
	 dt = number: 0.00923372
(35) Lua function '?' at file 'main.lua:938' (best guess)
(36) global C function 'xpcall'
(37) LÖVE function at file 'boot.lua:377' (best guess)
	Local variables:
	 func = Lua function '?' (defined at line 909 of chunk main.lua)
	 inerror = boolean: true
	 deferErrhand = Lua function '(LÖVE Function)' (defined at line 348 of chunk [love "boot.lua"])
	 earlyinit = Lua function '(LÖVE Function)' (defined at line 355 of chunk [love "boot.lua"])

INFO - [G] line not found
INFO - [G] file not found: functions/misc_functions.lua: No such file or directory
INFO - [G] line not found
INFO - [G] line not found
INFO - [G] file not found: main.lua: No such file or directory
INFO - [G] file not found: main.lua: No such file or directory
INFO - [G] 2025-05-08 10:15:45 :: INFO  :: StackTrace :: Additional Context:
Balatro Version: 1.0.1o-FULL
Modded Version: 1.0.0~BETA-0507a-STEAMODDED
LÖVE Version: 11.5.0
Lovely Version: 0.7.1
Platform: Windows
Steamodded Mods:
    1: Entropy by Ruby [ID: entr, Priority: 666, Version: 0.5.0, Uses Lovely]
    2: SDM_0's Stuff by SDM_0 [ID: sdm0sstuff, Version: 1.7.0b, Uses Lovely]
    3: Balatro Goes Kino by IcyEthics [ID: kino, Version: 0.9.0b, Uses Lovely]
    4: Card Sleeves by Larswijn [ID: CardSleeves, Priority: -10, Version: 1.7.5, Uses Lovely]
    5: TOGA's Stuff by TheOneGoofAli [ID: TOGAPack, Priority: 2, Version: 1.4.0a, Uses Lovely]
    6: Galdur by Eremel_ [ID: galdur, Priority: -10000, Version: 1.2, Uses Lovely]
    7: Aikoyori's Shenanigans by Aikoyori [ID: aikoyorisshenanigans, Priority: 300, Version: 0.2.0-alpha-250507a, Uses Lovely]
    8: Handy by SleepyG11 [ID: Handy, Version: 1.4.2a, Uses Lovely]
    9: Finity by Freh_, missingnumber [ID: finity, Priority: 1.1, Version: 1.0.1, Uses Lovely]
    10: Cryptid by MathIsFun_, Cryptid and Balatro Discords [ID: Cryptid, Priority: 114, Version: 0.5.6dev, Uses Lovely]
    11: Too Many Decks by Squidguset, WaffleDevs [ID: SGTMD, Priority: 115, Version: 3.5.0, Uses Lovely]
    12: Talisman by MathIsFun_, Mathguy24, jenwalter666, cg-223 [ID: Talisman, Version: 2.2.0b, Uses Lovely]
        Break Infinity: omeganum
    13: DebugPlus by WilsontheWolf [ID: DebugPlus, Version: 1.5.0~dev, Uses Lovely]
    14: Banner by SylviBlossom [ID: banner, Version: 1.1.1, Uses Lovely]
    15: Garbshit by garb [ID: GARBPACK, Version: 2.0.1, Uses Lovely]
Lovely Mods:
