INFO - [♥] Lovely 0.7.1
INFO - [♥] Game directory is at "C:\\Program Files (x86)\\Steam\\steamapps\\common\\Balatro"
INFO - [♥] Writing logs to "C:\\Users\\erikk\\AppData\\Roaming\\Balatro\\Mods\\lovely\\log"
INFO - [♥] Using mod directory at "C:\\Users\\erikk\\AppData\\Roaming\\Balatro\\Mods"
INFO - [♥] Found .lovelyignore in 'Balatro-Draft-main', skipping it.
INFO - [♥] Found .lovelyignore in 'Extreme Deck', skipping it.
INFO - [♥] Found .lovelyignore in 'Flower-Pot-main', skipping it.
WARN - [♥] Unknown key `patches.21.?.match_indent` found in patch file at "C:\\Users\\erikk\\AppData\\Roaming\\Balatro\\Mods\\Cryptid-main\\lovely\\code.toml", ignoring it
WARN - [♥] Unknown key `patches.49.?.match_indent` found in patch file at "C:\\Users\\erikk\\AppData\\Roaming\\Balatro\\Mods\\Talisman\\lovely.toml", ignoring it
WARN - [♥] Unknown key `patches.52.?.match_indent` found in patch file at "C:\\Users\\erikk\\AppData\\Roaming\\Balatro\\Mods\\Talisman\\lovely.toml", ignoring it
INFO - [♥] Cleaning up dumps directory at "C:\\Users\\erikk\\AppData\\Roaming\\Balatro\\Mods\\lovely\\dump"
INFO - [♥] Initialization complete in 344ms
INFO - [♥] Applied 1 patch to 'conf.lua'
WARN - [♥] Pattern 'G.ARGS.score_intensity.organ = G.video_organ or G.ARGS.score_intensity.required_score > 0 and math.max(math.min(0.4, 0.1*math.log(G.ARGS.score_intensity.earned_score/(G.ARGS.score_intensity.required_score+1), 5)),0.) or 0' on target 'main.lua' for pattern patch from Talisman\lovely.toml resulted in no matches
WARN - [♥] Pattern 'if type(G.GAME.current_round.current_hand.chips) ~= \'number\' or type(G.GAME.current_round.current_hand.mult) ~= \'number\' then' on target 'main.lua' for pattern patch from Talisman\lovely.toml resulted in no matches
INFO - [♥] Applied 26 patches to 'main.lua'
INFO - [♥] Applied 2 patches to 'engine/string_packer.lua'
INFO - [♥] Applied 16 patches to 'engine/controller.lua'
INFO - [♥] Applied 18 patches to 'back.lua'
INFO - [♥] Applied 18 patches to 'tag.lua'
INFO - [♥] Applied 1 patch to 'engine/event.lua'
INFO - [♥] Applied 2 patches to 'engine/node.lua'
INFO - [♥] Applied 3 patches to 'engine/moveable.lua'
INFO - [♥] Applied 3 patches to 'engine/sprite.lua'
INFO - [♥] Applied 2 patches to 'engine/animatedsprite.lua'
WARN - [♥] Pattern 'assembled_string = assembled_string..(type(subpart) == \'string\' and subpart or args.vars[tonumber(subpart[1])] or \'ERROR\')' on target 'functions/misc_functions.lua' for pattern patch from Talisman\lovely.toml resulted in no matches
INFO - [♥] Applied 60 patches to 'functions/misc_functions.lua'
WARN - [♥] Pattern 'for i = 1, 2 do' on target 'game.lua' for pattern patch from Cryptid-main\lovely\stake.toml resulted in no matches
WARN - [♥] Pattern 'create_shop_card_ui(card, \'Voucher\', G.shop_vouchers)' on target 'game.lua' for pattern patch from Cryptid-main\lovely\stake.toml resulted in no matches
WARN - [♥] Pattern 'self.GAME.current_round.voucher = G.SETTINGS.tutorial_progress and G.SETTINGS.tutorial_progress.forced_voucher or SMODS.get_next_vouchers()' on target 'game.lua' for pattern patch from Cryptid-main\lovely\very_fair.toml resulted in no matches
WARN - [♥] Pattern '{card_limit = self.GAME.starting_params.consumable_slots, type = \'joker\', highlight_limit = 1})' on target 'game.lua' for pattern patch from TooManyDecks-main\lovely\limit.toml resulted in no matches
WARN - [♥] Pattern '{card_limit = self.GAME.starting_params.joker_slots, type = \'joker\', highlight_limit = 1})' on target 'game.lua' for pattern patch from TooManyDecks-main\lovely\limit.toml resulted in no matches
WARN - [♥] Pattern 'self.GAME.current_round.voucher = G.SETTINGS.tutorial_progress and G.SETTINGS.tutorial_progress.forced_voucher or get_next_voucher_key()' on target 'game.lua' for pattern patch from Cryptid-main\lovely\Voucher.toml resulted in no matches
WARN - [♥] Pattern 'if G.GAME.chips - G.GAME.blind.chips >= 0 or G.GAME.current_round.hands_left < 1 then\n    G.STATE = G.STATES.NEW_ROUND\nelse\n    G.STATE = G.STATES.DRAW_TO_HAND\nend\n' on target 'game.lua' for pattern patch from FemtoLabsCollection-master\lovely.toml resulted in no matches
WARN - [♥] Regex 'card\\:start_materialize\\(\\)\\n\\s+G\\.shop_vouchers\\:emplace\\(card\\)\\n\\s+end' on target 'game.lua' for regex patch from Cryptid-main\lovely\Voucher.toml resulted in no matches
INFO - [♥] Applied 111 patches to 'game.lua'
INFO - [♥] Applied 3 patches to 'globals.lua'
INFO - [♥] Applied 6 patches to 'engine/ui.lua'
WARN - [♥] Pattern 'G.GAME.shop.joker_max*1.02*G.CARD_W,' on target 'functions/UI_definitions.lua' for pattern patch from Cryptid-main\lovely\equilibrium.toml resulted in no matches
WARN - [♥] Pattern '{n=G.UIT.T, config={text = G.GAME.hands[handname].chips, scale = 0.45, colour = G.C.UI.TEXT_LIGHT}},' on target 'functions/UI_definitions.lua' for pattern patch from Talisman\lovely.toml resulted in no matches
WARN - [♥] Pattern '{n=G.UIT.T, config={text = G.GAME.hands[handname].mult, scale = 0.45, colour = G.C.UI.TEXT_LIGHT}}' on target 'functions/UI_definitions.lua' for pattern patch from Talisman\lovely.toml resulted in no matches
INFO - [♥] Applied 130 patches to 'functions/UI_definitions.lua'
WARN - [♥] Pattern 'ease_to = G.GAME.chips + math.floor(hand_chips * mult) * (e and e.antiscore and -1 or 1),' on target 'functions/state_events.lua' for pattern patch from Cryptid-main\lovely\blind.toml resulted in no matches
WARN - [♥] Pattern 'if reps[j] ~= 1 then' on target 'functions/state_events.lua' for pattern patch from Cryptid-main\lovely\misc.toml resulted in no matches
WARN - [♥] Pattern 'for i=1, #G.jokers.cards + #G.consumeables.cards do' on target 'functions/state_events.lua' for pattern patch from Cryptid-main\lovely\misc.toml resulted in no matches
WARN - [♥] Pattern 'local effects = {[1] = {playing_card = G.hand.cards[i]:get_end_of_round_effect()}}' on target 'functions/state_events.lua' for pattern patch from Cryptid-main\lovely\stake.toml resulted in no matches
WARN - [♥] Pattern 'G.GAME.current_round.voucher = get_next_voucher_key()' on target 'functions/state_events.lua' for pattern patch from Cryptid-main\lovely\sticker.toml resulted in no matches
WARN - [♥] Pattern 'G.GAME.current_round.voucher = get_next_voucher_key()' on target 'functions/state_events.lua' for pattern patch from Cryptid-main\lovely\Voucher.toml resulted in no matches
WARN - [♥] Pattern 'if effects[ii].card then' on target 'functions/state_events.lua' for pattern patch from Talisman\lovely.toml resulted in no matches
WARN - [♥] Pattern 'if effects.jokers.Xmult_mod then mult = mod_mult(mult*effects.jokers.Xmult_mod);extras.mult = true  end' on target 'functions/state_events.lua' for pattern patch from Talisman\lovely.toml resulted in no matches
WARN - [♥] Pattern 'if effect.Xmult_mod then mult = mod_mult(mult*effect.Xmult_mod);extras.mult = true  end' on target 'functions/state_events.lua' for pattern patch from Talisman\lovely.toml resulted in no matches
WARN - [♥] Pattern 'if effects[ii].message then' on target 'functions/state_events.lua' for pattern patch from Talisman\lovely.toml resulted in no matches
WARN - [♥] Pattern '--calculate the card edition effects' on target 'functions/state_events.lua' for pattern patch from Talisman\lovely.toml resulted in no matches
WARN - [♥] Pattern 'if effects[ii].edition.p_dollars_mod then' on target 'functions/state_events.lua' for pattern patch from Talisman\lovely.toml resulted in no matches
WARN - [♥] Pattern 'if edition_effects.jokers.x_mult_mod then' on target 'functions/state_events.lua' for pattern patch from Talisman\lovely.toml resulted in no matches
WARN - [♥] Pattern 'if SMODS.has_enhancement(scoring_hand[i], \'m_glass\') and not scoring_hand[i].debuff and pseudorandom(\'glass\') < G.GAME.probabilities.normal/(scoring_hand[i].ability.name == \'Glass Card\' and scoring_hand[i].ability.extra or G.P_CENTERS.m_glass.config.extra) then' on target 'functions/state_events.lua' for pattern patch from Cryptid-main\lovely\Probability.toml resulted in no matches
WARN - [♥] Regex '(?<indent>[\\t ]*)if destroyed then \\n' on target 'functions/state_events.lua' for regex patch from Cryptid-main\lovely\seal.toml resulted in no matches
INFO - [♥] Applied 95 patches to 'functions/state_events.lua'
WARN - [♥] Pattern '{n=G.UIT.T, config={text = localize(\'$\')..config.dollars, scale = 1.2*scale, colour = G.C.WHITE, shadow = true, juice = true}}' on target 'functions/common_events.lua' for pattern patch from Cryptid-main\lovely\code.toml resulted in no matches
WARN - [♥] Pattern 'G.shop_jokers.T.w = G.GAME.shop.joker_max*1.01*G.CARD_W' on target 'functions/common_events.lua' for pattern patch from Cryptid-main\lovely\equilibrium.toml resulted in no matches
WARN - [♥] Pattern 'function generate_card_ui(_c, full_UI_table, specific_vars, card_type, badges, hide_desc, main_start, main_end)' on target 'functions/common_events.lua' for pattern patch from Cryptid-main\lovely\lib_misc.toml resulted in no matches
WARN - [♥] Pattern 'elseif v.boss.showdown and (G.GAME.round_resets.ante)%G.GAME.win_ante == 0 and G.GAME.round_resets.ante >= 2 then' on target 'functions/common_events.lua' for pattern patch from Cryptid-main\lovely\stake.toml resulted in no matches
WARN - [♥] Regex 'localize\\(\'ph_mr_bones\'\\)..\' \'\\}, colours = \\{G.C.FILTER' on target 'functions/common_events.lua' for regex patch from Cryptid-main\lovely\code.toml resulted in no matches
WARN - [♥] Pattern 'if not v.config.softlock then\n    softlocked = softlocked' on target 'functions/common_events.lua' for pattern patch from Balatro-Aikoyoris-Shenanigans-0.2.0-alpha-250430f\lovely\planets.toml resulted in no matches
WARN - [♥] Pattern '                    if (not v.config.softlock or G.GAME.hands[v.config.hand_type].played > 0) then\n                        add = true\n                    end' on target 'functions/common_events.lua' for pattern patch from Balatro-Aikoyoris-Shenanigans-0.2.0-alpha-250430f\lovely\planets.toml resulted in no matches
WARN - [♥] Pattern '                    if (not v.config.softlock or G.GAME.hands[v.config.hand_type].played > 0) then\n                        add = true\n                    end' on target 'functions/common_events.lua' for pattern patch from Balatro-Aikoyoris-Shenanigans-0.2.0-alpha-250430f\lovely\planets.toml resulted in no matches
WARN - [♥] Pattern 'if num_dollars > 60 then' on target 'functions/common_events.lua' for pattern patch from Talisman\lovely.toml resulted in no matches
WARN - [♥] Pattern 'func = (function() if eval_func(card) then if not first or first then card:juice_up(0.1, 0.1) end;juice_card_until(card, eval_func, nil, 0.8) end return true end)' on target 'functions/common_events.lua' for pattern patch from Talisman\lovely.toml resulted in no matches
WARN - [♥] Regex 'localize\\(\'ph_mr_bones\'\\)' on target 'functions/common_events.lua' for regex patch from TOGAPackBalatro-main\lovely.toml resulted in no matches
WARN - [♥] Regex 'localize\\(\'ph_mr_bones\'\\)' on target 'functions/common_events.lua' for regex patch from TOGAPackBalatro-main\lovely.toml resulted in no matches
INFO - [♥] Applied 190 patches to 'functions/common_events.lua'
WARN - [♥] Pattern '    if #G.hand.highlighted <= 0 or G.GAME.blind.block_play or #G.hand.highlighted > 5 then ' on target 'functions/button_callbacks.lua' for pattern patch from Balatro-Aikoyoris-Shenanigans-0.2.0-alpha-250430f\lovely\selectionlimit.toml resulted in no matches
WARN - [♥] Pattern 'if area == G.consumeables then' on target 'functions/button_callbacks.lua' for pattern patch from FemtoLabsCollection-master\lovely.toml resulted in no matches
WARN - [♥] Pattern 'if ((G.GAME.dollars-G.GAME.bankrupt_at) - 10 >= 0) and' on target 'functions/button_callbacks.lua' for pattern patch from Talisman\lovely.toml resulted in no matches
INFO - [♥] Applied 78 patches to 'functions/button_callbacks.lua'
WARN - [♥] Pattern '*then G.E_MANAGER:add_event(Event({ func = function() G.GAME.blind:set_blind(nil, true, nil); return true end })) end' on target 'card.lua' for pattern patch from smods-main\lovely\calculate_card_added.toml resulted in 2 matches, wanted 1
WARN - [♥] Ignoring excess matches
WARN - [♥] Pattern 'if not initial then G.GAME.blind:debuff_card(self) end' on target 'card.lua' for pattern patch from Cryptid-main\lovely\lib_misc.toml resulted in no matches
WARN - [♥] Pattern 'if self.ability.name == \'Campfire\' and G.GAME.blind.boss and not (G.GAME.blind.config and G.GAME.blind.config.bonus) and self.ability.x_mult > 1 then' on target 'card.lua' for pattern patch from Cryptid-main\lovely\misc.toml resulted in no matches
WARN - [♥] Pattern 'if self.ability.name:find(\'Arcana\') then' on target 'card.lua' for pattern patch from Cryptid-main\lovely\misprint.toml resulted in no matches
WARN - [♥] Pattern 'if self.ability.name == \'The Hermit\' or self.ability.consumeable.hand_type or self.ability.name == \'Temperance\' or self.ability.name == \'Black Hole\' then' on target 'card.lua' for pattern patch from Cryptid-main\lovely\stake.toml resulted in no matches
WARN - [♥] Pattern 'if self.ability.queue_negative_removal then' on target 'card.lua' for pattern patch from Cryptid-main\lovely\sticker.toml resulted in no matches
WARN - [♥] Pattern '    return generate_card_ui(self.config.center, nil, loc_vars, card_type, badges, hide_desc, main_start, main_end)' on target 'card.lua' for pattern patch from Balatro-Aikoyoris-Shenanigans-0.2.0-alpha-250430f\lovely\localization.toml resulted in no matches
WARN - [♥] Pattern 'G.GAME.current_round.voucher = nil' on target 'card.lua' for pattern patch from Cryptid-main\lovely\Voucher.toml resulted in no matches
WARN - [♥] Pattern 'if G.hand and (#G.hand.highlighted == 1) and G.hand.highlighted[1] and (not G.hand.highlighted[1].edition) then return true end' on target 'card.lua' for pattern patch from FemtoLabsCollection-master\lovely.toml resulted in no matches
WARN - [♥] Pattern 'if G.GAME.blind then G.E_MANAGER:add_event(Event({ func = function() G.GAME.blind:set_blind(nil, true, nil); return true end })) end' on target 'card.lua' for pattern patch from Talisman\lovely.toml resulted in no matches
WARN - [♥] Pattern 'x_mult = center.config.Xmult or 1,' on target 'card.lua' for pattern patch from Talisman\lovely.toml resulted in no matches
WARN - [♥] Pattern 'elseif self.ability.name == \'Business Card\' then loc_vars = {\'\'..(G.GAME and G.GAME.probabilities.normal or 1), self.ability.extra}' on target 'card.lua' for pattern patch from Cryptid-main\lovely\Probability.toml resulted in no matches
WARN - [♥] Pattern 'pseudorandom(\'business\') < G.GAME.probabilities.normal/self.ability.extra then' on target 'card.lua' for pattern patch from Cryptid-main\lovely\Probability.toml resulted in no matches
INFO - [♥] Applied 279 patches to 'card.lua'
WARN - [♥] Pattern '    self.config.highlighted_limit = config.highlight_limit or 5' on target 'cardarea.lua' for pattern patch from Balatro-Aikoyoris-Shenanigans-0.2.0-alpha-250430f\lovely\selectionlimit.toml resulted in no matches
INFO - [♥] Applied 22 patches to 'cardarea.lua'
INFO - [♥] Applied 41 patches to 'blind.lua'
INFO - [♥] Applied 2 patches to 'card_character.lua'
INFO - [♥] Applied 5 patches to 'engine/text.lua'
INFO - [♥] Applied 3 patches to '=[SMODS _ "src/utils.lua"]'
INFO - [♥] Applied 6 patches to '=[SMODS _ "src/overrides.lua"]'
INFO - [♥] Applied 2 patches to '=[SMODS _ "src/game_object.lua"]'
INFO - [G] Failed to connect to the debug server
INFO - [G] 2025-05-01 22:19:02 :: DEBUG :: DebugConsole :: Steamodded Debug Socket started !
INFO - [G] 2025-05-01 22:19:02 :: INFO  :: SMODS :: Steamodded v1.0.0~BETA-0416b
INFO - [♥] Applied 9 patches to 'engine/sound_manager.lua'
INFO - [♥] Applied 3 patches to 'engine/save_manager.lua'
INFO - [♥] Applied 2 patches to 'engine/string_packer.lua'
INFO - [♥] Applied 4 patches to '=[SMODS _ "src/card_draw.lua"]'
INFO - [G] 2025-05-01 22:19:05 :: ERROR :: Loader :: Found invalid metadata JSON file at C:\Users\erikk\AppData\Roaming\Balatro\Mods/Balatro-Aikoyoris-Shenanigans-0.2.0-alpha-250430f/.luarc.json, ignoring: [SMODS _ "src/loader.lua"]:226: id
INFO - [G] 2025-05-01 22:19:05 :: ERROR :: Loader :: Found invalid metadata JSON file at C:\Users\erikk\AppData\Roaming\Balatro\Mods/Balatro-Aikoyoris-Shenanigans-0.2.0-alpha-250430f/.vscode/settings.json, ignoring: [SMODS _ "src/loader.lua"]:226: id
INFO - [G] 2025-05-01 22:19:05 :: INFO  :: Loader :: Valid JSON file found
INFO - [G] 2025-05-01 22:19:05 :: INFO  :: Loader :: Valid JSON file found
INFO - [G] 2025-05-01 22:19:05 :: INFO  :: Loader :: Valid JSON file found
INFO - [G] 2025-05-01 22:19:05 :: TRACE :: Loader :: Processing Mod file (Legacy header): main.lua
INFO - [G] 2025-05-01 22:19:05 :: WARN  :: Loader :: Duplicate Mod ID: bb
INFO - [G] 2025-05-01 22:19:05 :: INFO  :: Loader :: Valid JSON file found
INFO - [G] 2025-05-01 22:19:05 :: INFO  :: Loader :: Valid JSON file found
INFO - [G] 2025-05-01 22:19:05 :: INFO  :: Loader :: Valid JSON file found
INFO - [G] 2025-05-01 22:19:05 :: INFO  :: Loader :: Valid JSON file found
INFO - [G] 2025-05-01 22:19:05 :: INFO  :: Loader :: Valid JSON file found
INFO - [G] 2025-05-01 22:19:05 :: INFO  :: Loader :: Valid JSON file found
INFO - [G] 2025-05-01 22:19:05 :: INFO  :: Loader :: Valid JSON file found
INFO - [G] 2025-05-01 22:19:05 :: TRACE :: Loader :: Processing Mod file (Legacy header): main.lua
INFO - [G] 2025-05-01 22:19:05 :: TRACE :: Loader :: Saving Mod Info: sdm0sstuff
INFO - [G] 2025-05-01 22:19:05 :: INFO  :: Loader :: Valid JSON file found
INFO - [G] 2025-05-01 22:19:05 :: TRACE :: Loader :: Processing Mod file (Legacy header): steamodded_metadata.lua
INFO - [G] 2025-05-01 22:19:05 :: TRACE :: Loader :: Saving Mod Info: Talisman
INFO - [G] 2025-05-01 22:19:05 :: ERROR :: Loader :: Found invalid metadata JSON file at C:\Users\erikk\AppData\Roaming\Balatro\Mods/TooManyDecks-main/.vscode/settings.json, ignoring: [SMODS _ "src/loader.lua"]:226: id
INFO - [G] 2025-05-01 22:19:05 :: INFO  :: Loader :: Valid JSON file found
INFO - [G] 2025-05-01 22:19:05 :: TRACE :: Loader :: Mod ExtremeDecks was unable to load: 
INFO - [G] 2025-05-01 22:19:05 :: TRACE :: Loader :: Mod FlowerPot was unable to load: 
INFO - [G] 2025-05-01 22:19:05 :: WARN  :: Sound :: Object garb_surge has the same key as an existing object, not registering.
INFO - [G] 2025-05-01 22:19:05 :: WARN  :: Sound :: If you want to modify an existing object, use take_ownership()
INFO - [G] 2025-05-01 22:19:05 :: INFO  :: TOGAPack :: Hello World! Starting TOGAPack...
INFO - [G] 2025-05-01 22:19:05 :: INFO  :: TOGAPack :: Hooking G.FUNCS.can_play...
INFO - [G] 2025-05-01 22:19:05 :: INFO  :: TOGAPack :: Hooking play_sound...
INFO - [G] 2025-05-01 22:19:05 :: INFO  :: TOGAPack :: Hooking Card:is_face...
INFO - [G] 2025-05-01 22:19:05 :: INFO  :: TOGAPack :: Hooking Card:get_id...
INFO - [G] 2025-05-01 22:19:05 :: INFO  :: TOGAPack :: Hooking Card:is_suit...
INFO - [G] 2025-05-01 22:19:05 :: INFO  :: TOGAPack :: Hooking G.FUNCS.draw_from_deck_to_hand...
INFO - [G] 2025-05-01 22:19:05 :: INFO  :: TOGAPack :: Hooking Blind:defeat...
INFO - [G] 2025-05-01 22:19:05 :: DEBUG :: TOGAPack :: Executing items/joker.lua
INFO - [G] 2025-05-01 22:19:05 :: INFO  :: TOGAPack :: Loading Jokers...
INFO - [G] 2025-05-01 22:19:05 :: DEBUG :: TOGAPack :: Executing items/deck.lua
INFO - [G] 2025-05-01 22:19:05 :: INFO  :: TOGAPack :: Loading Decks...
INFO - [G] 2025-05-01 22:19:05 :: DEBUG :: TOGAPack :: Executing items/voucher.lua
INFO - [G] 2025-05-01 22:19:05 :: INFO  :: TOGAPack :: Loading Vouchers...
INFO - [G] 2025-05-01 22:19:05 :: DEBUG :: TOGAPack :: Executing items/enhancement.lua
INFO - [G] 2025-05-01 22:19:05 :: INFO  :: TOGAPack :: Loading Enhancements...
INFO - [G] 2025-05-01 22:19:05 :: DEBUG :: TOGAPack :: Executing items/consumables.lua
INFO - [G] 2025-05-01 22:19:05 :: INFO  :: TOGAPack :: Loading Consumeables...
INFO - [G] 2025-05-01 22:19:05 :: DEBUG :: TOGAPack :: Executing items/seal.lua
INFO - [G] 2025-05-01 22:19:05 :: INFO  :: TOGAPack :: Loading Seals...
INFO - [G] 2025-05-01 22:19:05 :: DEBUG :: TOGAPack :: Executing items/booster.lua
INFO - [G] 2025-05-01 22:19:05 :: INFO  :: TOGAPack :: Loading Booster Packs...
INFO - [G] 2025-05-01 22:19:05 :: DEBUG :: TOGAPack :: Executing items/tag.lua
INFO - [G] 2025-05-01 22:19:05 :: INFO  :: TOGAPack :: Loading Tags...
INFO - [G] 2025-05-01 22:19:05 :: DEBUG :: TOGAPack :: Executing items/deckskin.lua
INFO - [G] 2025-05-01 22:19:05 :: INFO  :: TOGAPack :: Loading Deckskins...
INFO - [G] 2025-05-01 22:19:05 :: DEBUG :: TOGAPack :: Executing items/blind.lua
INFO - [G] 2025-05-01 22:19:05 :: INFO  :: TOGAPack :: Loading Blinds...
INFO - [G] 2025-05-01 22:19:05 :: DEBUG :: TOGAPack :: Executing items/crossmod.lua
INFO - [G] 2025-05-01 22:19:05 :: INFO  :: TOGAPack :: Loading Cross-Mod content...
INFO - [G] [CRYPTID] Loading library file ascended.lua
INFO - [G] [CRYPTID] Loading library file calculate.lua
INFO - [G] [CRYPTID] Loading library file content.lua
WARN - [♥] Pattern 'bogus patch lol aikoyori was here no patching ' on target '=[SMODS Cryptid "lib/content.lua"]' for pattern patch from Balatro-Aikoyoris-Shenanigans-0.2.0-alpha-250430f\lovely\compat.cryptid.toml resulted in no matches
INFO - [♥] Applied 0 patches to '=[SMODS Cryptid "lib/content.lua"]'
INFO - [G] [CRYPTID] Loading library file cross-mod.lua
INFO - [G] [CRYPTID] Loading library file d20.lua
INFO - [G] [CRYPTID] Loading library file event.lua
INFO - [G] [CRYPTID] Loading library file gameset.lua
INFO - [G] [CRYPTID] Loading library file https.lua
INFO - [G] 2025-05-01 22:19:05 :: DEBUG :: SMODS.https :: Using https module backend
INFO - [G] [CRYPTID] Loading library file misc.lua
INFO - [G] [CRYPTID] Loading library file misprintize.lua
INFO - [G] [CRYPTID] Loading library file modifiers.lua
INFO - [G] 2025-05-01 22:19:05 :: WARN  :: Sticker :: Detected duplicate register call on object perishable
INFO - [G] 2025-05-01 22:19:05 :: WARN  :: Sticker :: Detected duplicate register call on object pinned
INFO - [G] 2025-05-01 22:19:05 :: WARN  :: Sticker :: Detected duplicate register call on object eternal
INFO - [G] 2025-05-01 22:19:05 :: WARN  :: Sticker :: Detected duplicate register call on object rental
INFO - [G] [CRYPTID] Loading library file notifications.lua
INFO - [G] [CRYPTID] Loading library file overrides.lua
INFO - [G] [CRYPTID] Loading library file ui.lua
INFO - [G] [CRYPTID] Loading file achievement.lua
INFO - [G] [CRYPTID] Loading file blind.lua
INFO - [G] [CRYPTID] Loading file challenge.lua
INFO - [G] [CRYPTID] Loading file code.lua
INFO - [G] [CRYPTID] Loading file deck.lua
INFO - [G] [CRYPTID] Loading file enhanced.lua
INFO - [G] [CRYPTID] Loading file epic.lua
INFO - [G] [CRYPTID] Loading file exotic.lua
INFO - [G] [CRYPTID] Loading file joker_display.lua
INFO - [G] [CRYPTID] Loading file m.lua
INFO - [G] [CRYPTID] Loading file misc.lua
INFO - [G] [CRYPTID] Loading file misc_joker.lua
INFO - [G] [CRYPTID] Loading file planet.lua
INFO - [G] [CRYPTID] Loading file sleeve.lua
INFO - [G] [CRYPTID] Loading file spectral.lua
INFO - [G] [CRYPTID] Loading file spooky.lua
INFO - [G] [CRYPTID] Loading file stake.lua
INFO - [♥] Applied 1 patch to '=[SMODS Cryptid "items/stake.lua"]'
INFO - [G] [CRYPTID] Loading file tag.lua
INFO - [G] [CRYPTID] Loading file test.lua
INFO - [G] [CRYPTID] Loading file voucher.lua
INFO - [G] 2025-05-01 22:19:05 :: WARN  :: Atlas :: Object cry_effarcire has the same key as an existing object, not registering.
INFO - [G] 2025-05-01 22:19:05 :: WARN  :: Atlas :: If you want to modify an existing object, use take_ownership()
INFO - [G] 2025-05-01 22:19:05 :: DEBUG :: DefaultLogger :: [FLC] Decks loaded
INFO - [G] 2025-05-01 22:19:05 :: WARN  :: Atlas :: Detected duplicate register call on object femtoLabsCollection_modicon
INFO - [G] 2025-05-01 22:19:05 :: WARN  :: Draw Step :: Detected duplicate register call on object floating_sprite
INFO - [G] 2025-05-01 22:19:05 :: WARN  :: Draw Step :: Detected duplicate register call on object front
INFO - [G] 2025-05-01 22:19:05 :: INFO  :: Aikoyori's Shenanigans :: Cryptid Detected... vro ;P
INFO - [G] 2025-05-01 22:19:05 :: TRACE :: Loader :: Mod draft was unable to load: 
INFO - [G] 2025-05-01 22:19:05 :: INFO  :: TIMER :: [0000] Injected Language in 0.001 ms
INFO - [G] 2025-05-01 22:19:05 :: INFO  :: TIMER :: [0000] Injected [INTERNAL] in 2.616 ms
INFO - [G] 2025-05-01 22:19:09 :: INFO  :: TIMER :: [0110] Injected Atlas in 3217.886 ms
INFO - [G] 2025-05-01 22:19:09 :: INFO  :: TIMER :: [0106] Injected Sound in 507.354 ms
INFO - [G] 2025-05-01 22:19:09 :: INFO  :: TIMER :: [0032] Injected Stake in 0.868 ms
INFO - [G] 2025-05-01 22:19:09 :: INFO  :: TIMER :: [0009] Injected Rarity in 0.086 ms
INFO - [G] 2025-05-01 22:19:09 :: INFO  :: TIMER :: [0015] Injected ObjectType in 0.207 ms
INFO - [G] 2025-05-01 22:19:09 :: INFO  :: TIMER :: [0859] Injected Center in 7.131 ms
INFO - [G] 2025-05-01 22:19:09 :: INFO  :: TIMER :: [0010] Injected Undiscovered Sprite in 0.016 ms
INFO - [G] 2025-05-01 22:19:09 :: INFO  :: TIMER :: [0061] Injected Blind in 0.154 ms
INFO - [G] 2025-05-01 22:19:09 :: INFO  :: TIMER :: [0009] Injected Seal in 0.305 ms
INFO - [G] 2025-05-01 22:19:09 :: INFO  :: TIMER :: [0004] Injected Suit in 0.187 ms
INFO - [G] 2025-05-01 22:19:09 :: INFO  :: TIMER :: [0026] Injected Rank in 0.147 ms
INFO - [G] 2025-05-01 22:19:09 :: INFO  :: TIMER :: [0036] Injected DeckSkin in 0.424 ms
INFO - [G] 2025-05-01 22:19:09 :: INFO  :: TIMER :: [0052] Injected PokerHand in 0.370 ms
INFO - [G] 2025-05-01 22:19:09 :: INFO  :: TIMER :: [0042] Injected Challenge in 0.079 ms
INFO - [G] 2025-05-01 22:19:09 :: INFO  :: TIMER :: [0046] Injected Tag in 2.468 ms
INFO - [G] 2025-05-01 22:19:09 :: INFO  :: TIMER :: [0010] Injected Sticker in 0.240 ms
INFO - [G] 2025-05-01 22:19:10 :: INFO  :: TIMER :: [0016] Injected Shader in 659.593 ms
INFO - [G] 2025-05-01 22:19:10 :: INFO  :: TIMER :: [0003] Injected Keybind in 0.016 ms
INFO - [G] 2025-05-01 22:19:10 :: INFO  :: TIMER :: [0027] Injected Achievement in 0.962 ms
INFO - [G] 2025-05-01 22:19:10 :: INFO  :: TIMER :: [0008] Injected nil in 0.028 ms
INFO - [G] 2025-05-01 22:19:10 :: INFO  :: TIMER :: [0025] Injected Draw Step in 0.551 ms
INFO - [G] 2025-05-01 22:19:10 :: INFO  :: TIMER :: [0000] Injected [INTERNAL] in 24.700 ms
INFO - [G] 2025-05-01 22:19:10 :: INFO  :: TIMER :: [0010] Injected Other in 0.446 ms
INFO - [G] 2025-05-01 22:19:10 :: INFO  :: TIMER :: [0001] Injected nil in 8.922 ms
INFO - [♥] Applied 1 patch to '=[SMODS _ "smods-https-thread.lua"]'
INFO - [G] 2025-05-01 22:19:14 :: DEBUG :: SMODS.https(1) :: Using https module backend
INFO - [G] line not found
INFO - [G] file not found: main.lua: No such file or directory
INFO - [G] file not found: main.lua: No such file or directory
INFO - [G] file not found: functions/button_callbacks.lua: No such file or directory
INFO - [G] file not found: main.lua: No such file or directory
INFO - [G] file not found: main.lua: No such file or directory
INFO - [G] 2025-05-01 22:24:29 :: ERROR :: StackTrace :: Oops! The game crashed
cardarea.lua:48: bad argument #1 to 'insert' (table expected, got nil)
Stack Traceback
===============
(1) Lua local 'handler' at file 'main.lua:612'
	Local variables:
	 msg = string: "cardarea.lua:48: bad argument #1 to 'insert' (table expected, got nil)"
	 (*temporary) = Lua function '?' (defined at line 31 of chunk [SMODS _ "src/logging.lua"])
	 (*temporary) = string: "Oops! The game crashed\
"
(2) LÖVE function at file 'boot.lua:352' (best guess)
	Local variables:
	 errhand = Lua function '?' (defined at line 598 of chunk main.lua)
	 handler = Lua function '?' (defined at line 598 of chunk main.lua)
(3) field C function 'insert'
(4) Lua upvalue 'emplace_ref' at file 'cardarea.lua:48'
	Local variables:
	 self = table: 0x2b6e12c0  {click_offset:table: 0x2b6e14d8, static_rotation:false, shuffle_amt:0, parent:table: 0x2f15cbd0, T:table: 0x2b6e14b0, offset:table: 0x2afeb528 (more...)}
	 card = table: 0x2e1a53c0  {click_offset:table: 0x2e1a5790, ARGS:table: 0x2e1a54f8, children:table: 0x2de63638, ambient_tilt:0.2, akyrs_upgrade_sliced:false, T:table: 0x2e1a55d8 (more...)}
	 location = nil
	 stay_flipped = nil
(5) Lua method 'emplace' at file 'main.lua:560' (from mod with id SGTMD)
	Local variables:
	 self = table: 0x2b6e12c0  {click_offset:table: 0x2b6e14d8, static_rotation:false, shuffle_amt:0, parent:table: 0x2f15cbd0, T:table: 0x2b6e14b0, offset:table: 0x2afeb528 (more...)}
	 card = table: 0x2e1a53c0  {click_offset:table: 0x2e1a5790, ARGS:table: 0x2e1a54f8, children:table: 0x2de63638, ambient_tilt:0.2, akyrs_upgrade_sliced:false, T:table: 0x2e1a55d8 (more...)}
	 location = nil
	 stay_flipped = nil
(6) Lua field 'fill_stock_with_fresh_cards' at file './modules/custom_minigames/solitaire.lua:88' (from mod with id aikoyorisshenanigans)
	Local variables:
	 a = table: 0x2b6e14b0  {x:2.0036585365854, w:2.0487804878049, y:0.67786585365854, h:2.7512195121951, scale:1, r:0}
	 (for generator) = C function: builtin#6
	 (for state) = table: 0x2a732158  {1:H_2, 2:H_3, 3:H_4, 4:H_5, 5:H_6, 6:H_7, 7:H_8, 8:H_9, 9:H_T, 10:H_J, 11:H_Q, 12:H_K, 13:H_A, 14:C_2, 15:C_3, 16:C_4, 17:C_5, 18:C_6, 19:C_7 (more...)}
	 (for control) = number: 1
	 i = number: 1
	 proto = string: "H_2"
	 card = table: 0x2e1a53c0  {click_offset:table: 0x2e1a5790, ARGS:table: 0x2e1a54f8, children:table: 0x2de63638, ambient_tilt:0.2, akyrs_upgrade_sliced:false, T:table: 0x2e1a55d8 (more...)}
(7) Lua field 'tab_definition_function' at file './modules/custom_minigames/solitaire_ui.lua:33' (from mod with id aikoyorisshenanigans)
	Local variables:
	 params = nil
(8) Lua function '?' at file 'functions/button_callbacks.lua:1324' (best guess)
	Local variables:
	 e = table: 0x2cdb7f58  {pixellated_rect:table: 0x31ac8d38, click_offset:table: 0x2cdd4a10, children:table: 0x2cdb7f80, parent:table: 0x2cdb7db8, T:table: 0x2cdd4920 (more...)}
	 _infotip_object = table: 0x2cdb9218  {click_offset:table: 0x2cde79b8, children:table: 0x2cdb9240, parent:table: 0x2cdb9078, T:table: 0x2cde78c8, offset:table: 0x2cde86b8, role:table: 0x2e357c58 (more...)}
	 tab_contents = table: 0x2cdb88f8  {click_offset:table: 0x2cddb000, children:table: 0x2cdb8920, parent:table: 0x2cdb8758, T:table: 0x2cddaf10, offset:table: 0x2cddbd00, role:table: 0x2c8c72d8 (more...)}
	 (*temporary) = table: 0x2cda70c0  {object:table: 0x308010c0, colour:table: 0x290b1db0, id:tab_contents}
	 (*temporary) = table: 0x2914b878  {remove_group:function: 0x29133bc0, akyrs_set_parent_child_with_pos:function: 0x2a7113f0, draw:function: 0x29133c40, print_topology:function: 0x29133d00 (more...)}
	 (*temporary) = table: 0x2e1a5230  {}
(9) Lua method 'click' at file 'engine/ui.lua:988'
	Local variables:
	 self = table: 0x2cdb7f58  {pixellated_rect:table: 0x31ac8d38, click_offset:table: 0x2cdd4a10, children:table: 0x2cdb7f80, parent:table: 0x2cdb7db8, T:table: 0x2cdd4920 (more...)}
(10) Lua method 'update' at file 'engine/controller.lua:376'
	Local variables:
	 self = table: 0x290578a8  {held_button_times:table: 0x29315fb0, focus_cursor_stack_level:1, snap_cursor_to:table: 0x2c5c0958, interrupt:table: 0x29315d60, GAMEPAD:table: 0x2912de90 (more...)}
	 dt = number: 0.00884806
(11) Lua upvalue 'gameUpdateRef' at file 'game.lua:2892'
	Local variables:
	 self = table: 0x290a8828  {F_GUIDE:false, F_CRASH_REPORTS:false, F_QUIT_BUTTON:true, F_ENGLISH_ONLY:false, sort_id:146, F_VIDEO_SETTINGS:true, STAGE:1, F_MOBILE_UI:false (more...)}
	 dt = number: 0
(12) Lua upvalue 'upd' at Steamodded file 'src/ui.lua:84' 
	Local variables:
	 self = table: 0x290a8828  {F_GUIDE:false, F_CRASH_REPORTS:false, F_QUIT_BUTTON:true, F_ENGLISH_ONLY:false, sort_id:146, F_VIDEO_SETTINGS:true, STAGE:1, F_MOBILE_UI:false (more...)}
	 dt = number: 0.00884806
(13) Lua upvalue 'gu' at file 'main.lua:1877'
	Local variables:
	 self = table: 0x290a8828  {F_GUIDE:false, F_CRASH_REPORTS:false, F_QUIT_BUTTON:true, F_ENGLISH_ONLY:false, sort_id:146, F_VIDEO_SETTINGS:true, STAGE:1, F_MOBILE_UI:false (more...)}
	 dt = number: 0.00884806
(14) Lua upvalue 'upd' at file 'lib/gameset.lua:27' (from mod with id Cryptid)
	Local variables:
	 self = table: 0x290a8828  {F_GUIDE:false, F_CRASH_REPORTS:false, F_QUIT_BUTTON:true, F_ENGLISH_ONLY:false, sort_id:146, F_VIDEO_SETTINGS:true, STAGE:1, F_MOBILE_UI:false (more...)}
	 dt = number: 0.00884806
(15) Lua method 'update' at file 'lib/overrides.lua:259' (from mod with id Cryptid)
	Local variables:
	 self = table: 0x290a8828  {F_GUIDE:false, F_CRASH_REPORTS:false, F_QUIT_BUTTON:true, F_ENGLISH_ONLY:false, sort_id:146, F_VIDEO_SETTINGS:true, STAGE:1, F_MOBILE_UI:false (more...)}
	 dt = number: 0.00884806
(16) Lua upvalue 'oldupd' at file 'main.lua:1011'
	Local variables:
	 dt = number: 0.00884806
(17) Lua field 'update' at file 'main.lua:1910'
	Local variables:
	 dt = number: 0.00884806
(18) Lua function '?' at file 'main.lua:938' (best guess)
(19) global C function 'xpcall'
(20) LÖVE function at file 'boot.lua:377' (best guess)
	Local variables:
	 func = Lua function '?' (defined at line 909 of chunk main.lua)
	 inerror = boolean: true
	 deferErrhand = Lua function '(LÖVE Function)' (defined at line 348 of chunk [love "boot.lua"])
	 earlyinit = Lua function '(LÖVE Function)' (defined at line 355 of chunk [love "boot.lua"])

INFO - [G] file not found: functions/button_callbacks.lua: No such file or directory
INFO - [G] file not found: main.lua: No such file or directory
INFO - [G] file not found: main.lua: No such file or directory
INFO - [G] 2025-05-01 22:24:29 :: INFO  :: StackTrace :: Additional Context:
Balatro Version: 1.0.1o-FULL
Modded Version: 1.0.0~BETA-0416b-STEAMODDED
LÖVE Version: 11.5.0
Lovely Version: 0.7.1
Platform: Windows
Steamodded Mods:
    1: SDM_0's Stuff by SDM_0 [ID: sdm0sstuff, Version: 1.6.4o, Uses Lovely]
    2: Too Many Decks by Squidguset, WaffleDevs [ID: SGTMD, Priority: 115, Version: 3.4.4, Uses Lovely]
    3: TOGA's Stuff by TheOneGoofAli [ID: TOGAPack, Version: 1.3.0, Uses Lovely]
    4: Talisman by MathIsFun_, Mathguy24, jenwalter666, cg-223 [ID: Talisman, Version: 2.2.0~dev, Uses Lovely]
        Break Infinity: omeganum
    5: Balatro Beyond by Jakey & Balatro Discord [ID: bb, Priority: -5, Version: 0.1.0~alpha-25w18a, Uses Lovely]
    6: Garbshit by garb [ID: GARBPACK, Version: 2.0.1, Uses Lovely]
    7: Banner by SylviBlossom [ID: banner, Version: 1.1.1, Uses Lovely]
    8: DebugPlus by WilsontheWolf [ID: DebugPlus, Version: 1.4.1, Uses Lovely]
    9: Femto Labs Collection by sunsetquasar & friends [ID: FemtoLabsCollection, Priority: 116, Version: 1.0.2, Uses Lovely]
    10: Aikoyori's Shenanigans by Aikoyori [ID: aikoyorisshenanigans, Priority: 300, Version: 0.2.0-alpha-250430f, Uses Lovely]
    11: Cryptid by MathIsFun_, Cryptid and Balatro Discords [ID: Cryptid, Priority: 114, Version: 0.5.5b, Uses Lovely]
Lovely Mods:
