INFO - [♥] Lovely 0.7.1
INFO - [♥] Game directory is at "C:\\Program Files (x86)\\Steam\\steamapps\\common\\Balatro"
INFO - [♥] Writing logs to "C:\\Users\\erikk\\AppData\\Roaming\\Balatro\\Mods\\lovely\\log"
INFO - [♥] Using mod directory at "C:\\Users\\erikk\\AppData\\Roaming\\Balatro\\Mods"
INFO - [♥] Found .lovelyignore in 'DebugPlus', skipping it.
INFO - [♥] Found .lovelyignore in 'JoyousSpring-main', skipping it.
WARN - [♥] Unknown key `patches.16.?.match_indent` found in patch file at "C:\\Users\\erikk\\AppData\\Roaming\\Balatro\\Mods\\Bunco-5.1\\lovely.toml", ignoring it
WARN - [♥] Unknown key `patches.148.?.match_indent` found in patch file at "C:\\Users\\erikk\\AppData\\Roaming\\Balatro\\Mods\\Bunco-5.1\\lovely.toml", ignoring it
WARN - [♥] Unknown key `patches.49.?.match_indent` found in patch file at "C:\\Users\\erikk\\AppData\\Roaming\\Balatro\\Mods\\Talisman\\lovely.toml", ignoring it
WARN - [♥] Unknown key `patches.52.?.match_indent` found in patch file at "C:\\Users\\erikk\\AppData\\Roaming\\Balatro\\Mods\\Talisman\\lovely.toml", ignoring it
INFO - [♥] Cleaning up dumps directory at "C:\\Users\\erikk\\AppData\\Roaming\\Balatro\\Mods\\lovely\\dump"
INFO - [♥] Initialization complete in 107ms
WARN - [♥] Pattern 'G.ARGS.score_intensity.organ = G.video_organ or G.ARGS.score_intensity.required_score > 0 and math.max(math.min(0.4, 0.1*math.log(G.ARGS.score_intensity.earned_score/(G.ARGS.score_intensity.required_score+1), 5)),0.) or 0' on target 'main.lua' for pattern patch from Talisman\lovely.toml resulted in no matches
WARN - [♥] Pattern 'if type(G.GAME.current_round.current_hand.chips) ~= \'number\' or type(G.GAME.current_round.current_hand.mult) ~= \'number\' then' on target 'main.lua' for pattern patch from Talisman\lovely.toml resulted in no matches
INFO - [♥] Applied 18 patches to 'main.lua'
INFO - [♥] Applied 2 patches to 'engine/string_packer.lua'
INFO - [♥] Applied 6 patches to 'engine/controller.lua'
INFO - [♥] Applied 16 patches to 'back.lua'
INFO - [♥] Applied 10 patches to 'tag.lua'
INFO - [♥] Applied 4 patches to 'engine/node.lua'
INFO - [♥] Applied 2 patches to 'engine/moveable.lua'
INFO - [♥] Applied 2 patches to 'engine/sprite.lua'
INFO - [♥] Applied 2 patches to 'engine/animatedsprite.lua'
WARN - [♥] Pattern 'assembled_string = assembled_string..(type(subpart) == \'string\' and subpart or args.vars[tonumber(subpart[1])] or \'ERROR\')' on target 'functions/misc_functions.lua' for pattern patch from Talisman\lovely.toml resulted in no matches
INFO - [♥] Applied 57 patches to 'functions/misc_functions.lua'
WARN - [♥] Pattern 'G.SPLASH_BACK:define_draw_steps({{\n    shader = \'splash\',\n    send = {\n        {name = \'time\', ref_table = G.TIMERS, ref_value = \'REAL\'},\n        {name = \'vort_speed\', val = 1},\n        {name = \'colour_1\', ref_table = G.C, ref_value = \'COLOUR1\'},\n        {name = \'colour_2\', ref_table = G.C, ref_value = \'WHITE\'},\n        {name = \'mid_flash\', val = 0},\n        {name = \'vort_offset\', val = (2*90.15315131*os.time())%100000},\n    }}})\n' on target 'game.lua' for pattern patch from Cardsauce\lovely.toml resulted in no matches
INFO - [♥] Applied 64 patches to 'game.lua'
INFO - [♥] Applied 5 patches to 'globals.lua'
INFO - [♥] Applied 6 patches to 'engine/ui.lua'
WARN - [♥] Pattern '{n=G.UIT.T, config={text = G.GAME.hands[handname].chips, scale = 0.45, colour = G.C.UI.TEXT_LIGHT}},' on target 'functions/UI_definitions.lua' for pattern patch from Talisman\lovely.toml resulted in no matches
WARN - [♥] Pattern '{n=G.UIT.T, config={text = G.GAME.hands[handname].mult, scale = 0.45, colour = G.C.UI.TEXT_LIGHT}}' on target 'functions/UI_definitions.lua' for pattern patch from Talisman\lovely.toml resulted in no matches
WARN - [♥] Pattern 'table.insert(t, create_toggle({label = localize(\'b_high_contrast_cards\'), ref_table = G.SETTINGS, ref_value = \'colourblind_option\', callback = G.FUNCS.refresh_contrast_mode}))' on target 'functions/UI_definitions.lua' for pattern patch from Cardsauce\lovely.toml resulted in no matches
INFO - [♥] Applied 96 patches to 'functions/UI_definitions.lua'
WARN - [♥] Pattern 'mult, hand_chips, modded = G.GAME.blind:modify_hand(G.play.cards, poker_hands, text, mult, hand_chips)' on target 'functions/state_events.lua' for pattern patch from AzzysJokers-1.2.2\lovely\patcher.toml resulted in no matches
WARN - [♥] Pattern 'card_eval_status_text((reps[j].jokers or reps[j].seals).card, \'jokers\', nil, nil, nil, (reps[j].jokers or reps[j].seals))' on target 'functions/state_events.lua' for pattern patch from AzzysJokers-1.2.2\lovely\patcher.toml resulted in no matches
WARN - [♥] Pattern 'for j=1,#reps do' on target 'functions/state_events.lua' for pattern patch from Cruel-Blinds-main\lovely.toml resulted in no matches
WARN - [♥] Pattern 'table.sort(scoring_hand, function (a, b) return a.T.x < b.T.x end )' on target 'functions/state_events.lua' for pattern patch from Cruel-Blinds-main\lovely.toml resulted in no matches
WARN - [♥] Pattern 'if effects[ii].card then' on target 'functions/state_events.lua' for pattern patch from Talisman\lovely.toml resulted in no matches
WARN - [♥] Pattern 'if effects.jokers.Xmult_mod then mult = mod_mult(mult*effects.jokers.Xmult_mod);extras.mult = true  end' on target 'functions/state_events.lua' for pattern patch from Talisman\lovely.toml resulted in no matches
WARN - [♥] Pattern 'if effect.Xmult_mod then mult = mod_mult(mult*effect.Xmult_mod);extras.mult = true  end' on target 'functions/state_events.lua' for pattern patch from Talisman\lovely.toml resulted in no matches
WARN - [♥] Pattern 'if effects[ii].message then' on target 'functions/state_events.lua' for pattern patch from Talisman\lovely.toml resulted in no matches
WARN - [♥] Pattern '--calculate the card edition effects' on target 'functions/state_events.lua' for pattern patch from Talisman\lovely.toml resulted in no matches
WARN - [♥] Pattern 'if effects[ii].edition.p_dollars_mod then' on target 'functions/state_events.lua' for pattern patch from Talisman\lovely.toml resulted in no matches
WARN - [♥] Pattern 'if edition_effects.jokers.x_mult_mod then' on target 'functions/state_events.lua' for pattern patch from Talisman\lovely.toml resulted in no matches
WARN - [♥] Regex '([^)p])/(5)' on target 'functions/state_events.lua' for regex patch from BalatroBakery-main\lovely.toml resulted in 3 matches, wanted 7
WARN - [♥] Pattern '    for k, v in ipairs(G.play.cards) do\n        if (not v.shattered) and (not v.destroyed) then\n            draw_card(G.play,G.discard, it*100/play_count,\'down\', false, v)\n            it = it + 1\n        end\n    end\n' on target 'functions/state_events.lua' for pattern patch from Cardsauce\lovely.toml resulted in no matches
WARN - [♥] Pattern '                if effects.jokers.level_up then\n                    level_up_hand(card, text)\n                end\n' on target 'functions/state_events.lua' for pattern patch from Cardsauce\lovely.toml resulted in no matches
WARN - [♥] Pattern 'card_eval_status_text(card, \'jokers\', nil, percent, nil, effects.jokers)' on target 'functions/state_events.lua' for pattern patch from Cardsauce\lovely.toml resulted in no matches
WARN - [♥] Pattern 'if next(find_joker(\'Splash\')) then' on target 'functions/state_events.lua' for pattern patch from Cardsauce\lovely.toml resulted in no matches
INFO - [♥] Applied 103 patches to 'functions/state_events.lua'
WARN - [♥] Pattern 'if num_dollars > 60 then' on target 'functions/common_events.lua' for pattern patch from Talisman\lovely.toml resulted in no matches
WARN - [♥] Pattern 'func = (function() if eval_func(card) then if not first or first then card:juice_up(0.1, 0.1) end;juice_card_until(card, eval_func, nil, 0.8) end return true end)' on target 'functions/common_events.lua' for pattern patch from Talisman\lovely.toml resulted in no matches
WARN - [♥] Pattern '{n=G.UIT.O, config={object = DynaText({string = {\' \'..localize(\'ph_mr_bones\')..\' \'}, colours = {G.C.FILTER}, shadow = true, pop_in = 0, scale = 0.5*scale, silent = true})}}' on target 'functions/common_events.lua' for pattern patch from Cardsauce\lovely.toml resulted in no matches
WARN - [♥] Pattern 'G.E_MANAGER:add_event(Event({ --Add bonus chips from this card\n                    trigger = \'before\',\n                    delay = delay,\n                    func = function()\n                    if extrafunc then extrafunc() end\n                    attention_text({\n                        text = text,\n                        scale = config.scale or 1,\n                        hold = delay - 0.2,\n                        backdrop_colour = colour,\n                        align = card_aligned,\n                        major = card,\n                        offset = {x = 0, y = y_off}\n                    })\n                    play_sound(sound, 0.8+percent*0.2, volume)\n                    if not extra or not extra.no_juice then\n                        card:juice_up(0.6, 0.1)\n                        G.ROOM.jiggle = G.ROOM.jiggle + 0.7\n                    end\n' on target 'functions/common_events.lua' for pattern patch from Cardsauce\lovely.toml resulted in no matches
WARN - [♥] Pattern 'if specific_vars.nominal_chips then\n    localize{type = \'other\', key = \'card_chips\', nodes = desc_nodes, vars = {specific_vars.nominal_chips}}\nend\nif specific_vars.bonus_chips then\n    localize{type = \'other\', key = \'card_extra_chips\', nodes = desc_nodes, vars = {specific_vars.bonus_chips}}\nend\n' on target 'functions/common_events.lua' for pattern patch from Cardsauce\lovely.toml resulted in no matches
INFO - [♥] Applied 175 patches to 'functions/common_events.lua'
WARN - [♥] Pattern 'if G.ARGS.score_intensity.earned_score >= G.ARGS.score_intensity.required_score and G.ARGS.score_intensity.required_score > 0 then' on target 'functions/button_callbacks.lua' for pattern patch from Cardsauce\lovely.toml resulted in no matches
INFO - [♥] Applied 74 patches to 'functions/button_callbacks.lua'
WARN - [♥] Pattern 'if G.GAME.blind and G.GAME.blind.in_blind then G.E_MANAGER:add_event(Event({ func = function() G.GAME.blind:set_blind(nil, true, nil); return true end })) end' on target 'card.lua' for pattern patch from smods-main\lovely\calculate_card_added.toml resulted in 2 matches, wanted 1
WARN - [♥] Ignoring excess matches
WARN - [♥] Pattern 'if G.GAME.blind then G.E_MANAGER:add_event(Event({ func = function() G.GAME.blind:set_blind(nil, true, nil); return true end })) end' on target 'card.lua' for pattern patch from Talisman\lovely.toml resulted in no matches
WARN - [♥] Pattern 'x_mult = center.config.Xmult or 1,' on target 'card.lua' for pattern patch from Talisman\lovely.toml resulted in no matches
WARN - [♥] Pattern 'if next(find_joker(\'Smeared Joker\')) and (self.base.suit == \'Hearts\' or self.base.suit == \'Diamonds\') == (suit == \'Hearts\' or suit == \'Diamonds\') then' on target 'card.lua' for pattern patch from Bunco-5.1\lovely.toml resulted in no matches
WARN - [♥] Pattern 'if true then\nself.children.back = Sprite(self.T.x, self.T.y, self.T.w, self.T.h, G.ASSET_ATLAS[(G.GAME.viewed_back or G.GAME.selected_back) and ((G.GAME.viewed_back or G.GAME.selected_back)[G.SETTINGS.colourblind_option and \'hc_atlas\' or \'lc_atlas\'] or (G.GAME.viewed_back or G.GAME.selected_back).atlas) or \'centers\'], self.params.bypass_back or (self.playing_card and G.GAME[self.back].pos or G.P_CENTERS[\'b_red\'].pos))' on target 'card.lua' for pattern patch from Bunco-5.1\lovely.toml resulted in no matches
WARN - [♥] Pattern 'G.E_MANAGER:add_event(Event({trigger = \'after\',delay = 0.1,func = function() G.hand.highlighted[i]:set_ability(G.P_CENTERS[self.ability.consumeable.mod_conv]);return true end }))' on target 'card.lua' for pattern patch from Cardsauce\lovely.toml resulted in no matches
WARN - [♥] Pattern 'if self.debuff then\n    self.children.center:draw_shader(\'debuff\', nil, self.ARGS.send_to_shader)\n' on target 'card.lua' for pattern patch from Cardsauce\lovely.toml resulted in no matches
WARN - [♥] Pattern 'if G.consumeables.cards[i].ability.consumeable then' on target 'card.lua' for pattern patch from Cardsauce\lovely.toml resulted in no matches
INFO - [♥] Applied 236 patches to 'card.lua'
INFO - [♥] Applied 18 patches to 'cardarea.lua'
WARN - [♥] Pattern 'function Blind:modify_hand(cards, poker_hands, text, mult, hand_chips)' on target 'blind.lua' for pattern patch from Cruel-Blinds-main\lovely.toml resulted in no matches
INFO - [♥] Applied 46 patches to 'blind.lua'
INFO - [♥] Applied 5 patches to 'engine/text.lua'
INFO - [♥] Applied 2 patches to '=[SMODS _ "src/utils.lua"]'
INFO - [♥] Applied 1 patch to '=[SMODS _ "src/overrides.lua"]'
INFO - [♥] Applied 3 patches to '=[SMODS _ "src/game_object.lua"]'
INFO - [G] Failed to connect to the debug server
INFO - [G] 2025-03-25 15:45:16 :: DEBUG :: DebugConsole :: Steamodded Debug Socket started !
INFO - [♥] Applied 9 patches to 'engine/sound_manager.lua'
INFO - [♥] Applied 3 patches to 'engine/save_manager.lua'
INFO - [♥] Applied 2 patches to 'engine/string_packer.lua'
INFO - [♥] Applied 3 patches to '=[SMODS _ "src/card_draw.lua"]'
INFO - [G] 2025-03-25 15:45:18 :: TRACE :: Loader :: Processing Mod file (Legacy header): Azazel.lua
INFO - [G] 2025-03-25 15:45:18 :: TRACE :: Loader :: Saving Mod Info: AzzysJokers
INFO - [G] 2025-03-25 15:45:18 :: INFO  :: DefaultLogger :: Valid JSON file found
INFO - [G] 2025-03-25 15:45:18 :: INFO  :: DefaultLogger :: Valid JSON file found
INFO - [G] 2025-03-25 15:45:18 :: TRACE :: Loader :: Processing Mod file (Legacy header): main.lua
INFO - [G] 2025-03-25 15:45:18 :: TRACE :: Loader :: Saving Mod Info: Cardsauce
INFO - [G] 2025-03-25 15:45:18 :: TRACE :: Loader :: Processing Mod file (Legacy header): CruelBlinds.lua
INFO - [G] 2025-03-25 15:45:18 :: TRACE :: Loader :: Saving Mod Info: CBL
INFO - [G] 2025-03-25 15:45:18 :: INFO  :: DefaultLogger :: Valid JSON file found
INFO - [G] 2025-03-25 15:45:18 :: INFO  :: DefaultLogger :: Valid JSON file found
INFO - [G] 2025-03-25 15:45:18 :: INFO  :: DefaultLogger :: Valid JSON file found
INFO - [G] 2025-03-25 15:45:19 :: INFO  :: DefaultLogger :: Valid JSON file found
INFO - [G] 2025-03-25 15:45:19 :: TRACE :: Loader :: Processing Mod file (Legacy header): MoreFluff.lua
INFO - [G] 2025-03-25 15:45:19 :: TRACE :: Loader :: Saving Mod Info: MoreFluff
INFO - [G] 2025-03-25 15:45:19 :: INFO  :: DefaultLogger :: Valid JSON file found
INFO - [G] 2025-03-25 15:45:19 :: INFO  :: DefaultLogger :: Valid JSON file found
INFO - [G] 2025-03-25 15:45:19 :: TRACE :: Loader :: Processing Mod file (Legacy header): main.lua
INFO - [G] 2025-03-25 15:45:19 :: TRACE :: Loader :: Saving Mod Info: sdm0sstuff
INFO - [G] 2025-03-25 15:45:19 :: INFO  :: DefaultLogger :: Valid JSON file found
INFO - [G] 2025-03-25 15:45:19 :: ERROR :: Loader :: Found invalid metadata JSON file at C:\Users\erikk\AppData\Roaming\Balatro\Mods/SnoresvilleTurbulentJokers/SnoresvilleTurbulentJokers.json, ignoring: [SMODS _ "src/loader.lua"]:105: attempt to call method 'gmatch' (a nil value)
INFO - [G] 2025-03-25 15:45:19 :: INFO  :: DefaultLogger :: Valid JSON file found
INFO - [G] 2025-03-25 15:45:19 :: TRACE :: Loader :: Processing Mod file (Legacy header): steamodded_metadata.lua
INFO - [G] 2025-03-25 15:45:19 :: TRACE :: Loader :: Saving Mod Info: Talisman
INFO - [G] 2025-03-25 15:45:19 :: ERROR :: Loader :: Found invalid metadata JSON file at C:\Users\erikk\AppData\Roaming\Balatro\Mods/TooManyDecks-main/.vscode/settings.json, ignoring: [SMODS _ "src/loader.lua"]:226: id
INFO - [G] 2025-03-25 15:45:19 :: INFO  :: DefaultLogger :: Valid JSON file found
INFO - [G] 2025-03-25 15:45:19 :: INFO  :: DefaultLogger :: Valid JSON file found
INFO - [G] 2025-03-25 15:45:19 :: INFO  :: DefaultLogger :: Valid JSON file found
INFO - [G] 2025-03-25 15:45:19 :: INFO  :: DefaultLogger :: Valid JSON file found
INFO - [G] 2025-03-25 15:45:19 :: INFO  :: Bakery :: pairs() and ipairs() patched. Reason: Convenience
INFO - [G] 2025-03-25 15:45:19 :: INFO  :: Bakery :: Blind:modify_hand(), update_hand_text(), and Back:trigger_effect() patched. Reason: Scoring tags
INFO - [G] 2025-03-25 15:45:19 :: INFO  :: Bakery :: Object:__call() and Tag:load() patched. Reason: Rendering Poly Tag
INFO - [G] 2025-03-25 15:45:19 :: INFO  :: Bakery :: Blind:defeat() and G.FUNCS.load_profile() patched. Reason: Unlock conditions
INFO - [G] 2025-03-25 15:45:19 :: INFO  :: Bakery :: ease_dollars() patched. Reason: Credit Deck, Vagabond Challenge
INFO - [G] 2025-03-25 15:45:19 :: INFO  :: Bakery :: Blind:press_play() patched. Reason: Credit Deck + Credit Sleeve
INFO - [G] 2025-03-25 15:45:19 :: INFO  :: Bakery :: Card:draw() patched. Reason: Werewolf rendering
INFO - [G] 2025-03-25 15:45:19 :: INFO  :: Bakery :: G.FUNCS.evaluate_round() patched. Reason: Spinner Animation
INFO - [G] 2025-03-25 15:45:19 :: INFO  :: Bakery :: mod_mult(), mod_chips(), and G.FUNCS.evaluate_play() patched. Reason: Balanced Challenge
INFO - [G] 2025-03-25 15:45:19 :: INFO  :: Bakery :: G.FUNCS.buy_from_shop() patched. Reason: Proxy
INFO - [G] 2025-03-25 15:45:19 :: INFO  :: Bakery :: eval_card() patched. Reason: Penny Tag
INFO - [G] 2025-03-25 15:45:19 :: INFO  :: Bakery :: Card:set_sprites() patched. Reason: Spinner Loading
INFO - [G] 2025-03-25 15:45:19 :: INFO  :: Bakery :: Game:start_run(), copy_card(), and Card:load() patched. Reason: Card Sleeve
INFO - [G] 2025-03-25 15:45:19 :: INFO  :: Bakery :: G.UIDEF.use_and_sell_buttons() and Card:remove() patched. Reason: Usable jokers
INFO - [G] 2025-03-25 15:45:19 :: INFO  :: Bakery :: Card:set_sprites() patched. Reason: Charm Unlocking
INFO - [G] 2025-03-25 15:45:19 :: INFO  :: Bakery :: set_screen_positions() and CardArea:can_highlight() patched. Reason: Charm rendering
INFO - [G] 2025-03-25 15:45:19 :: INFO  :: Bakery :: G.FUNCS.can_discard() patched. Reason: Discarding zero cards
INFO - [G] 2025-03-25 15:45:19 :: DEBUG :: DefaultLogger :: [Cardsauce] Loaded hook: card
INFO - [G] 2025-03-25 15:45:19 :: DEBUG :: DefaultLogger :: [Cardsauce] Loaded hook: UI_definitions
INFO - [G] 2025-03-25 15:45:19 :: WARN  :: Atlas :: Object csau_odio has the same key as an existing object, not registering.
INFO - [G] 2025-03-25 15:45:19 :: WARN  :: Atlas :: If you want to modify an existing object, use take_ownership()
INFO - [G] 2025-03-25 15:45:19 :: WARN  :: Atlas :: Detected duplicate register call on object csau_modicon
INFO - [G] 2025-03-25 15:45:19 :: TRACE :: Loader :: Mod DebugPlus was unable to load: 
INFO - [G] 2025-03-25 15:45:19 :: TRACE :: Loader :: Mod JoyousSpring was unable to load: 
INFO - [G] basepaul_card
INFO - [G] clownfish
INFO - [G] expansion_pack
INFO - [G] hollow
INFO - [G] jester
INFO - [G] lollipop
INFO - [G] luckycharm
INFO - [G] monochrome
INFO - [G] mspaint
INFO - [G] simplified
INFO - [G] spiral
INFO - [G] treasuremap
INFO - [G] philosophical
INFO - [G] badlegaldefence
INFO - [G] clipart
INFO - [G] dropkick
INFO - [G] bladedance
INFO - [G] hyperbeam
INFO - [G] blasphemy
INFO - [G] dramaticentrance
INFO - [G] coupon_catalogue
INFO - [G] css
INFO - [G] globe
INFO - [G] goldencarrot
INFO - [G] hallofmirrors
INFO - [G] impostor
INFO - [G] tonersoup
INFO - [G] loadeddisk
INFO - [G] stylemeter
INFO - [G] teacup
INFO - [G] recycling
INFO - [G] virtual
INFO - [G] yuckyrat
INFO - [G] allicantdo
INFO - [G] bloodpact
INFO - [G] bowlingball
INFO - [G] brass
INFO - [G] cba
INFO - [G] fleshprison
INFO - [G] hugejoker
INFO - [G] hyperjimbo
INFO - [G] jankman
INFO - [G] mashupalbum
INFO - [G] pixeljoker
INFO - [G] rainbowjoker
INFO - [G] rosetinted
INFO - [G] the_solo
INFO - [G] triangle
INFO - [G] marigold
INFO - [G] colorem
INFO - [G] 2025-03-25 15:45:19 :: INFO  :: TOGAPack :: Hello World! Starting TOGAPack...
INFO - [G] 2025-03-25 15:45:19 :: WARN  :: Sound :: Object Coo29_yippie has the same key as an existing object, not registering.
INFO - [G] 2025-03-25 15:45:19 :: WARN  :: Sound :: If you want to modify an existing object, use take_ownership()
INFO - [G] 2025-03-25 15:45:19 :: INFO  :: Mistigris :: Successfully loaded src/startup/game_hooks.lua!
INFO - [G] 2025-03-25 15:45:19 :: INFO  :: Mistigris :: Successfully loaded src/startup/smods_assets.lua!
INFO - [G] 2025-03-25 15:45:19 :: INFO  :: Mistigris :: Successfully loaded src/startup/smods_hooks.lua!
INFO - [G] 2025-03-25 15:45:19 :: INFO  :: Mistigris :: Successfully loaded src/startup/smods_ownership.lua!
INFO - [G] 2025-03-25 15:45:19 :: INFO  :: Mistigris :: Successfully loaded src/content/sleeve/tribute.lua!
INFO - [G] 2025-03-25 15:45:19 :: INFO  :: TIMER :: [0000] Injected Language in 0.001 ms
INFO - [G] 2025-03-25 15:45:19 :: INFO  :: TIMER :: [0000] Injected [INTERNAL] in 1.599 ms
INFO - [G] 2025-03-25 15:45:21 :: INFO  :: TIMER :: [0237] Injected Atlas in 2647.195 ms
INFO - [G] 2025-03-25 15:45:22 :: INFO  :: TIMER :: [0087] Injected Sound in 36.941 ms
INFO - [G] 2025-03-25 15:45:22 :: INFO  :: TIMER :: [0021] Injected Stake in 0.851 ms
INFO - [G] 2025-03-25 15:45:22 :: INFO  :: TIMER :: [0004] Injected Rarity in 0.021 ms
INFO - [G] 2025-03-25 15:45:22 :: INFO  :: TIMER :: [0013] Injected ObjectType in 0.106 ms
INFO - [G] 2025-03-25 15:45:22 :: INFO  :: TIMER :: [0787] Injected Center in 5.079 ms
INFO - [G] 2025-03-25 15:45:22 :: INFO  :: TIMER :: [0012] Injected Undiscovered Sprite in 0.047 ms
INFO - [G] 2025-03-25 15:45:22 :: INFO  :: TIMER :: [0064] Injected Blind in 0.117 ms
INFO - [G] 2025-03-25 15:45:22 :: INFO  :: TIMER :: [0004] Injected Seal in 0.119 ms
INFO - [G] 2025-03-25 15:45:22 :: INFO  :: TIMER :: [0006] Injected Suit in 0.190 ms
INFO - [G] 2025-03-25 15:45:22 :: INFO  :: TIMER :: [0026] Injected Rank in 0.262 ms
INFO - [G] 2025-03-25 15:45:22 :: INFO  :: TIMER :: [0034] Injected DeckSkin in 0.332 ms
INFO - [G] 2025-03-25 15:45:22 :: INFO  :: TIMER :: [0017] Injected PokerHand in 0.101 ms
INFO - [G] 2025-03-25 15:45:22 :: INFO  :: TIMER :: [0029] Injected Challenge in 0.074 ms
INFO - [G] 2025-03-25 15:45:22 :: INFO  :: TIMER :: [0034] Injected Tag in 0.120 ms
INFO - [G] 2025-03-25 15:45:22 :: INFO  :: TIMER :: [0009] Injected Sticker in 0.149 ms
INFO - [G] 2025-03-25 15:45:22 :: INFO  :: TIMER :: [0013] Injected Shader in 157.533 ms
INFO - [G] 2025-03-25 15:45:22 :: INFO  :: TIMER :: [0002] Injected Keybind in 0.011 ms
INFO - [G] 2025-03-25 15:45:22 :: INFO  :: TIMER :: [0006] Injected Achievement in 0.082 ms
INFO - [G] 2025-03-25 15:45:22 :: INFO  :: TIMER :: [0002] Injected nil in 0.011 ms
INFO - [G] 2025-03-25 15:45:22 :: INFO  :: TIMER :: [0026] Injected Draw Step in 0.159 ms
INFO - [G] 2025-03-25 15:45:22 :: INFO  :: TIMER :: [0000] Injected [INTERNAL] in 23.136 ms
INFO - [G] 2025-03-25 15:45:22 :: INFO  :: TIMER :: [0057] Injected D6 Side in 0.206 ms
INFO - [G] 2025-03-25 15:53:51 :: WARN  :: Util :: SMODS.eval_this is deprecated. All calculation stages now support returning effects directly. Effects evaluated using this function are out of order and may not use the correct sound pitch.
INFO - [G] 2025-03-25 15:53:51 :: WARN  :: Util :: SMODS.eval_this is deprecated. All calculation stages now support returning effects directly. Effects evaluated using this function are out of order and may not use the correct sound pitch.
INFO - [G] 2025-03-25 15:54:46 :: WARN  :: Util :: SMODS.eval_this is deprecated. All calculation stages now support returning effects directly. Effects evaluated using this function are out of order and may not use the correct sound pitch.
INFO - [G] 2025-03-25 15:54:46 :: WARN  :: Util :: SMODS.eval_this is deprecated. All calculation stages now support returning effects directly. Effects evaluated using this function are out of order and may not use the correct sound pitch.
INFO - [G] 2025-03-25 15:55:58 :: WARN  :: Util :: SMODS.eval_this is deprecated. All calculation stages now support returning effects directly. Effects evaluated using this function are out of order and may not use the correct sound pitch.
INFO - [G] 2025-03-25 15:55:58 :: WARN  :: Util :: SMODS.eval_this is deprecated. All calculation stages now support returning effects directly. Effects evaluated using this function are out of order and may not use the correct sound pitch.
INFO - [G] line not found
INFO - [G] file not found: main.lua: No such file or directory
INFO - [G] file not found: main.lua: No such file or directory
INFO - [G] file not found: main.lua: No such file or directory
INFO - [G] file not found: main.lua: No such file or directory
INFO - [G] 2025-03-25 16:00:52 :: ERROR :: StackTrace :: Oops! The game crashed
main.lua:1801: [SMODS L6_luckyjimbo "luckyjimbo.lua"]:303: attempt to compare number with table
Stack Traceback
===============
(1) Lua local 'handler' at file 'main.lua:612'
	Local variables:
	 msg = string: "main.lua:1801: [SMODS L6_luckyjimbo \"luckyjimbo.lua\"]:303: attempt to compare number with table"
	 (*temporary) = Lua function '?' (defined at line 31 of chunk [SMODS _ "src/logging.lua"])
	 (*temporary) = string: "Oops! The game crashed\
"
(2) LÖVE function at file 'boot.lua:352' (best guess)
	Local variables:
	 errhand = Lua function '?' (defined at line 598 of chunk main.lua)
	 handler = Lua function '?' (defined at line 598 of chunk main.lua)
(3) global C function 'error'
(4) Lua upvalue 'gfep' at file 'main.lua:1801'
	Local variables:
	 success = boolean: false
	 err = string: "[SMODS L6_luckyjimbo \"luckyjimbo.lua\"]:303: attempt to compare number with table"
(5) Lua upvalue 'raw_G_FUNCS_evaluate_play' at file 'main.lua:1925'
	Local variables:
	 e = nil
(6) Lua upvalue 'g_f_ep' at file 'src//util.lua:650' (from mod with id Bakery)
(7) Lua field 'evaluate_play' at file 'src/startup/game_hooks.lua:12' (from mod with id mistigris)
	Local variables:
	 self = nil
	 e = nil
(8) Lua field 'func' at file 'functions/state_events.lua:881'
(9) Lua method 'handle' at file 'engine/event.lua:99'
	Local variables:
	 self = table: 0x2d9f8428  {start_timer:true, timer:TOTAL, blockable:true, trigger:immediate, func:function: 0x2b5c1468, delay:0, complete:false, time:3627.2911160498, blocking:true (more...)}
	 _results = table: 0x2aee2cd0  {blocking:true, pause_skip:false, time_done:false, completed:false}
(10) Lua method 'update' at file 'engine/event.lua:182'
	Local variables:
	 self = table: 0x2aba7390  {queue_last_processed:929.76666666615, queues:table: 0x2aba73b8, queue_dt:0.016666666666667, queue_timer:929.77036571184}
	 dt = number: 0.0085222
	 forced = nil
	 (for generator) = C function: next
	 (for state) = table: 0x2aba73b8  {unlock:table: 0x2aba73e0, other:table: 0x2aba7858, tutorial:table: 0x2aba7430, base:table: 0x2aba7408, achievement:table: 0x2aba7830}
	 (for control) = number: nan
	 k = string: "base"
	 v = table: 0x2aba7408  {1:table: 0x2b72ee40, 2:table: 0x2c2abb80, 3:table: 0x2d9f8428, 4:table: 0x2d9f8008, 5:table: 0x2cf51578, 6:table: 0x2e474218, 7:table: 0x2a77b750 (more...)}
	 blocked = boolean: false
	 i = number: 3
	 results = table: 0x2aee2cd0  {blocking:true, pause_skip:false, time_done:false, completed:false}
(11) Lua upvalue 'gameUpdateRef' at file 'game.lua:2588'
	Local variables:
	 self = table: 0x2a47c898  {F_GUIDE:false, F_CRASH_REPORTS:false, F_QUIT_BUTTON:true, HUD_tags:table: 0x2c2769e0, F_ENGLISH_ONLY:false, viewed_stake:1, HUD:table: 0x2b84c838 (more...)}
	 dt = number: 0.0085222
	 http_resp = nil
(12) Lua upvalue 'upd' at Steamodded file 'src/ui.lua:84' 
	Local variables:
	 self = table: 0x2a47c898  {F_GUIDE:false, F_CRASH_REPORTS:false, F_QUIT_BUTTON:true, HUD_tags:table: 0x2c2769e0, F_ENGLISH_ONLY:false, viewed_stake:1, HUD:table: 0x2b84c838 (more...)}
	 dt = number: 0.0085222
(13) Lua upvalue 'original_game_update' at file 'main.lua:1779'
	Local variables:
	 self = table: 0x2a47c898  {F_GUIDE:false, F_CRASH_REPORTS:false, F_QUIT_BUTTON:true, HUD_tags:table: 0x2c2769e0, F_ENGLISH_ONLY:false, viewed_stake:1, HUD:table: 0x2b84c838 (more...)}
	 dt = number: 0.0085222
(14) Lua upvalue 'upd' at file 'Bunco.lua:931' (from mod with id Bunco)
	Local variables:
	 self = table: 0x2a47c898  {F_GUIDE:false, F_CRASH_REPORTS:false, F_QUIT_BUTTON:true, HUD_tags:table: 0x2c2769e0, F_ENGLISH_ONLY:false, viewed_stake:1, HUD:table: 0x2b84c838 (more...)}
	 dt = number: 0.0085222
(15) Lua upvalue 'game_updateref' at file 'jokers/grannycream.lua:73' (from mod with id Cardsauce)
	Local variables:
	 self = table: 0x2a47c898  {F_GUIDE:false, F_CRASH_REPORTS:false, F_QUIT_BUTTON:true, HUD_tags:table: 0x2c2769e0, F_ENGLISH_ONLY:false, viewed_stake:1, HUD:table: 0x2b84c838 (more...)}
	 dt = number: 0.0085222
(16) Lua upvalue 'game_updateref' at file 'other/colours.lua:1111' (from mod with id MoreFluff)
	Local variables:
	 self = table: 0x2a47c898  {F_GUIDE:false, F_CRASH_REPORTS:false, F_QUIT_BUTTON:true, HUD_tags:table: 0x2c2769e0, F_ENGLISH_ONLY:false, viewed_stake:1, HUD:table: 0x2b84c838 (more...)}
	 dt = number: 0.0085222
(17) Lua upvalue 'gm_u' at file 'MoreFluff.lua:822' (from mod with id MoreFluff)
	Local variables:
	 self = table: 0x2a47c898  {F_GUIDE:false, F_CRASH_REPORTS:false, F_QUIT_BUTTON:true, HUD_tags:table: 0x2c2769e0, F_ENGLISH_ONLY:false, viewed_stake:1, HUD:table: 0x2b84c838 (more...)}
	 dt = number: 0.0085222
(18) Lua method 'update' at file 'src/startup/game_hooks.lua:37' (from mod with id mistigris)
	Local variables:
	 self = table: 0x2a47c898  {F_GUIDE:false, F_CRASH_REPORTS:false, F_QUIT_BUTTON:true, HUD_tags:table: 0x2c2769e0, F_ENGLISH_ONLY:false, viewed_stake:1, HUD:table: 0x2b84c838 (more...)}
	 dt = number: 0.0085222
(19) Lua upvalue 'oldupd' at file 'main.lua:995'
	Local variables:
	 dt = number: 0.0085222
(20) Lua upvalue 'loveUpdateReference' at file 'main.lua:1808'
	Local variables:
	 dt = number: 0.0085222
(21) Lua field 'update' at file 'jokers/speen.lua:75' (from mod with id Cardsauce)
	Local variables:
	 dt = number: 0.0085222
(22) Lua function '?' at file 'main.lua:934' (best guess)
(23) global C function 'xpcall'
(24) LÖVE function at file 'boot.lua:377' (best guess)
	Local variables:
	 func = Lua function '?' (defined at line 905 of chunk main.lua)
	 inerror = boolean: true
	 deferErrhand = Lua function '(LÖVE Function)' (defined at line 348 of chunk [love "boot.lua"])
	 earlyinit = Lua function '(LÖVE Function)' (defined at line 355 of chunk [love "boot.lua"])

INFO - [G] file not found: main.lua: No such file or directory
INFO - [G] file not found: main.lua: No such file or directory
INFO - [G] 2025-03-25 16:00:52 :: INFO  :: StackTrace :: Additional Context:
Balatro Version: 1.0.1o-FULL
Modded Version: 1.0.0~BETA-0323d-STEAMODDED
LÖVE Version: 11.5.0
Lovely Version: 0.7.1
Platform: Windows
Steamodded Mods:
    1: SDM_0's Stuff by SDM_0 [ID: sdm0sstuff, Version: 1.6.4l, Uses Lovely]
    2: Lucky Jimbos: Joker Pack by LuckySix [ID: L6_luckyjimbo, Version: 0.3~alpha-5]
    3: Too Many Decks by Squidguset [ID: SGTMD, Version: 1.6.1, Uses Lovely]
    4: TOGA's Stuff by TheOneGoofAli [ID: TOGAPack, Version: 1.0.2b, Uses Lovely]
    5: KCVanilla by krackocloud [ID: kcvanilla, Version: 2.4.1, Uses Lovely]
    6: Talisman by MathIsFun_, Mathguy24, jenwalter666, cg-223 [ID: Talisman, Version: 2.1.0~dev, Uses Lovely]
        Break Infinity: omeganum
    7: Azazel's Jokers by Starlet Devil [ID: AzzysJokers, Version: 1.0.0, Uses Lovely]
    8: D6 Jokers by ItsFlowwey [ID: D6Joker, Priority: -100, Version: 0.7.22, Uses Lovely]
    9: Cardsauce by BarrierTrio/Gote & Keku [ID: Cardsauce, Version: 1.3.4, Uses Lovely]
    10: Yippie by Coo29 [ID: Yippie, Version: 0.0.6]
    11: Neato Jokers by Neato [ID: Neato_Jokers, Version: 1.1.3]
    12: Plantain by TeamToaster [ID: plantain, Priority: 1, Version: 1.0.0, Uses Lovely]
    13: Bunco by Firch, RENREN, Peas, minichibis, J.D., Guwahavel, Ciirulean, ejwu [ID: Bunco, Version: 5.1, Uses Lovely]
    14: Cruel Blinds by mathguy [ID: CBL, Version: 1.4.2, Uses Lovely]
    15: More Fluff by notmario [ID: MoreFluff, Version: 1.2.3, Uses Lovely]
    16: Mistigris by astrapboy [ID: mistigris, Priority: 69, Version: 0.4.1, Uses Lovely]
    17: SauKhongHu Decks by HuyTheKiller [ID: SKHDecks, Version: 1.4.1, Uses Lovely]
    18: Bakery by BakersDozenBagels [ID: Bakery, Version: 2.0.8, Uses Lovely]
Lovely Mods:
