INFO - [♥] Lovely 0.7.1
INFO - [♥] Game directory is at "C:\\Program Files (x86)\\Steam\\steamapps\\common\\Balatro"
INFO - [♥] Writing logs to "C:\\Users\\erikk\\AppData\\Roaming\\Balatro\\Mods\\lovely\\log"
INFO - [♥] Using mod directory at "C:\\Users\\erikk\\AppData\\Roaming\\Balatro\\Mods"
INFO - [♥] Found .lovelyignore in 'Kino', skipping it.
WARN - [♥] Unknown key `patches.21.?.match_indent` found in patch file at "C:\\Users\\erikk\\AppData\\Roaming\\Balatro\\Mods\\Cryptid\\lovely\\code.toml", ignoring it
WARN - [♥] Unknown key `patches.18.?.overwrite` found in patch file at "C:\\Users\\erikk\\AppData\\Roaming\\Balatro\\Mods\\HandyBalatro\\lovely.toml", ignoring it
WARN - [♥] Unknown key `patches.49.?.match_indent` found in patch file at "C:\\Users\\erikk\\AppData\\Roaming\\Balatro\\Mods\\Talisman\\lovely.toml", ignoring it
WARN - [♥] Unknown key `patches.52.?.match_indent` found in patch file at "C:\\Users\\erikk\\AppData\\Roaming\\Balatro\\Mods\\Talisman\\lovely.toml", ignoring it
INFO - [♥] Cleaning up dumps directory at "C:\\Users\\erikk\\AppData\\Roaming\\Balatro\\Mods\\lovely\\dump"
INFO - [♥] Initialization complete in 97ms
INFO - [♥] Applied 1 patch to 'conf.lua'
WARN - [♥] Pattern 'G.ARGS.score_intensity.organ = G.video_organ or G.ARGS.score_intensity.required_score > 0 and math.max(math.min(0.4, 0.1*math.log(G.ARGS.score_intensity.earned_score/(G.ARGS.score_intensity.required_score+1), 5)),0.) or 0' on target 'main.lua' for pattern patch from Talisman\lovely.toml resulted in no matches
WARN - [♥] Pattern 'if type(G.GAME.current_round.current_hand.chips) ~= \'number\' or type(G.GAME.current_round.current_hand.mult) ~= \'number\' then' on target 'main.lua' for pattern patch from Talisman\lovely.toml resulted in no matches
INFO - [♥] Applied 33 patches to 'main.lua'
INFO - [♥] Applied 2 patches to 'engine/string_packer.lua'
INFO - [♥] Applied 18 patches to 'engine/controller.lua'
INFO - [♥] Applied 18 patches to 'back.lua'
WARN - [♥] Pattern 'local tag_sprite = Sprite(0,0,_size*1,_size*1,G.ASSET_ATLAS[(not self.hide_ability) and G.P_TAGS[self.key].atlas or \"tags\"], (self.hide_ability) and G.tag_undiscovered.pos or self.pos)' on target 'tag.lua' for pattern patch from Cryptid\lovely\cat.toml resulted in no matches
INFO - [♥] Applied 20 patches to 'tag.lua'
INFO - [♥] Applied 1 patch to 'engine/event.lua'
INFO - [♥] Applied 2 patches to 'engine/node.lua'
INFO - [♥] Applied 4 patches to 'engine/moveable.lua'
INFO - [♥] Applied 3 patches to 'engine/sprite.lua'
INFO - [♥] Applied 2 patches to 'engine/animatedsprite.lua'
WARN - [♥] Pattern 'assembled_string = assembled_string..(type(subpart) == \'string\' and subpart or args.vars[tonumber(subpart[1])] or \'ERROR\')' on target 'functions/misc_functions.lua' for pattern patch from Talisman\lovely.toml resulted in no matches
INFO - [♥] Applied 76 patches to 'functions/misc_functions.lua'
WARN - [♥] Pattern 'for i = 1, 2 do' on target 'game.lua' for pattern patch from Cryptid\lovely\stake.toml resulted in no matches
WARN - [♥] Pattern 'create_shop_card_ui(card, \'Voucher\', G.shop_vouchers)' on target 'game.lua' for pattern patch from Cryptid\lovely\stake.toml resulted in no matches
WARN - [♥] Pattern 'self.GAME.current_round.voucher = G.SETTINGS.tutorial_progress and G.SETTINGS.tutorial_progress.forced_voucher or SMODS.get_next_vouchers()' on target 'game.lua' for pattern patch from Cryptid\lovely\very_fair.toml resulted in no matches
WARN - [♥] Pattern 'Cryptid.profile_prefix = Jen and \"J\" or \"M\"' on target 'game.lua' for pattern patch from Entropy\lovely\game.toml resulted in no matches
WARN - [♥] Pattern '{card_limit = self.GAME.starting_params.consumable_slots, type = \'joker\', highlight_limit = 1})' on target 'game.lua' for pattern patch from TooManyDecks\lovely\limit.toml resulted in no matches
WARN - [♥] Pattern '{card_limit = self.GAME.starting_params.joker_slots, type = \'joker\', highlight_limit = 1})' on target 'game.lua' for pattern patch from TooManyDecks\lovely\limit.toml resulted in no matches
WARN - [♥] Pattern 'self.GAME.current_round.voucher = G.SETTINGS.tutorial_progress and G.SETTINGS.tutorial_progress.forced_voucher or get_next_voucher_key()' on target 'game.lua' for pattern patch from Cryptid\lovely\Voucher.toml resulted in no matches
WARN - [♥] Regex 'card\\:start_materialize\\(\\)\\n\\s+G\\.shop_vouchers\\:emplace\\(card\\)\\n\\s+end' on target 'game.lua' for regex patch from Cryptid\lovely\Voucher.toml resulted in no matches
INFO - [♥] Applied 124 patches to 'game.lua'
INFO - [♥] Applied 3 patches to 'globals.lua'
INFO - [♥] Applied 17 patches to 'engine/ui.lua'
WARN - [♥] Pattern 'G.GAME.shop.joker_max*1.02*G.CARD_W,' on target 'functions/UI_definitions.lua' for pattern patch from Cryptid\lovely\equilibrium.toml resulted in no matches
WARN - [♥] Pattern 'local stake_sprite = get_stake_sprite(G.GAME.stake or 1, 0.4)\n    blind_text[#blind_text + 1] =' on target 'functions/UI_definitions.lua' for pattern patch from Balatro-Aikoyoris-Shenanigans\lovely\ui.toml resulted in no matches
WARN - [♥] Pattern '{n=G.UIT.T, config={text = G.GAME.hands[handname].chips, scale = 0.45, colour = G.C.UI.TEXT_LIGHT}},' on target 'functions/UI_definitions.lua' for pattern patch from Talisman\lovely.toml resulted in no matches
WARN - [♥] Pattern '{n=G.UIT.T, config={text = G.GAME.hands[handname].mult, scale = 0.45, colour = G.C.UI.TEXT_LIGHT}}' on target 'functions/UI_definitions.lua' for pattern patch from Talisman\lovely.toml resulted in no matches
WARN - [♥] Pattern '{n=G.UIT.O, config={object = DynaText({string = {{ref_table = G.GAME.round_resets, ref_value = \'ante\'}}, colours = {G.C.IMPORTANT},shadow = true, font = G.LANGUAGES[\'en-us\'].font, scale = 2*scale}),id = \'ante_UI_count\'}},' on target 'functions/UI_definitions.lua' for pattern patch from Talisman\lovely.toml resulted in no matches
INFO - [♥] Applied 144 patches to 'functions/UI_definitions.lua'
WARN - [♥] Pattern 'ease_to = G.GAME.chips + math.floor(hand_chips * mult) * (e and e.antiscore and -1 or 1),' on target 'functions/state_events.lua' for pattern patch from Cryptid\lovely\blind.toml resulted in no matches
WARN - [♥] Pattern 'if reps[j] ~= 1 then' on target 'functions/state_events.lua' for pattern patch from Cryptid\lovely\misc.toml resulted in no matches
WARN - [♥] Pattern 'local effects = {[1] = {playing_card = G.hand.cards[i]:get_end_of_round_effect()}}' on target 'functions/state_events.lua' for pattern patch from Cryptid\lovely\stake.toml resulted in no matches
WARN - [♥] Pattern 'G.GAME.current_round.voucher = get_next_voucher_key()' on target 'functions/state_events.lua' for pattern patch from Cryptid\lovely\sticker.toml resulted in no matches
WARN - [♥] Pattern 'update_hand_text({delay = 0}, {chips = extras.hand_chips and hand_chips, mult = extras.mult and mult})' on target 'functions/state_events.lua' for pattern patch from Entropy\lovely\eqmult.toml resulted in no matches
WARN - [♥] Pattern 'G.GAME.current_round.voucher = get_next_voucher_key()' on target 'functions/state_events.lua' for pattern patch from Cryptid\lovely\Voucher.toml resulted in no matches
WARN - [♥] Pattern 'if effects[ii].card then' on target 'functions/state_events.lua' for pattern patch from Talisman\lovely.toml resulted in no matches
WARN - [♥] Pattern 'if effects.jokers.Xmult_mod then mult = mod_mult(mult*effects.jokers.Xmult_mod);extras.mult = true  end' on target 'functions/state_events.lua' for pattern patch from Talisman\lovely.toml resulted in no matches
WARN - [♥] Pattern 'if effect.Xmult_mod then mult = mod_mult(mult*effect.Xmult_mod);extras.mult = true  end' on target 'functions/state_events.lua' for pattern patch from Talisman\lovely.toml resulted in no matches
WARN - [♥] Pattern 'if effects[ii].message then' on target 'functions/state_events.lua' for pattern patch from Talisman\lovely.toml resulted in no matches
WARN - [♥] Pattern '--calculate the card edition effects' on target 'functions/state_events.lua' for pattern patch from Talisman\lovely.toml resulted in no matches
WARN - [♥] Pattern 'if effects[ii].edition.p_dollars_mod then' on target 'functions/state_events.lua' for pattern patch from Talisman\lovely.toml resulted in no matches
WARN - [♥] Pattern 'if edition_effects.jokers.x_mult_mod then' on target 'functions/state_events.lua' for pattern patch from Talisman\lovely.toml resulted in no matches
WARN - [♥] Pattern 'if SMODS.has_enhancement(scoring_hand[i], \'m_glass\') and not scoring_hand[i].debuff and pseudorandom(\'glass\') < G.GAME.probabilities.normal/(scoring_hand[i].ability.name == \'Glass Card\' and scoring_hand[i].ability.extra or G.P_CENTERS.m_glass.config.extra) then' on target 'functions/state_events.lua' for pattern patch from Cryptid\lovely\Probability.toml resulted in no matches
WARN - [♥] Regex '(?<indent>[\\t ]*)if destroyed then \\n' on target 'functions/state_events.lua' for regex patch from Cryptid\lovely\seal.toml resulted in no matches
INFO - [♥] Applied 100 patches to 'functions/state_events.lua'
WARN - [♥] Pattern '{n=G.UIT.T, config={text = localize(\'$\')..config.dollars, scale = 1.2*scale, colour = G.C.WHITE, shadow = true, juice = true}}' on target 'functions/common_events.lua' for pattern patch from Cryptid\lovely\code.toml resulted in no matches
WARN - [♥] Pattern 'G.shop_jokers.T.w = G.GAME.shop.joker_max*1.01*G.CARD_W' on target 'functions/common_events.lua' for pattern patch from Cryptid\lovely\equilibrium.toml resulted in no matches
WARN - [♥] Pattern 'function generate_card_ui(_c, full_UI_table, specific_vars, card_type, badges, hide_desc, main_start, main_end)' on target 'functions/common_events.lua' for pattern patch from Cryptid\lovely\lib_misc.toml resulted in no matches
WARN - [♥] Pattern 'elseif v.boss.showdown and (G.GAME.round_resets.ante)%G.GAME.win_ante == 0 and G.GAME.round_resets.ante >= 2 then' on target 'functions/common_events.lua' for pattern patch from Cryptid\lovely\stake.toml resulted in no matches
WARN - [♥] Pattern '(self.ability.set == \'Voucher\' and {G.C.SECONDARY_SET.Voucher, G.C.CLEAR}) or ' on target 'functions/common_events.lua' for pattern patch from Entropy\lovely\dissolve_colours.toml resulted in no matches
WARN - [♥] Pattern '{n=G.UIT.O, config={object = DynaText({string = {\' \'..localize(\'ph_mr_bones\')..\' \'}, colours = {G.C.FILTER}, shadow = true, pop_in = 0, scale = 0.5*scale, silent = true})}}' on target 'functions/common_events.lua' for pattern patch from Entropy\lovely\never_lose.toml resulted in no matches
WARN - [♥] Pattern '{n=G.UIT.O, config={object = DynaText({string = {localize(\'$\')..num_dollars}, colours = {G.C.MONEY}, shadow = true, pop_in = 0, scale = 0.65, float = true})}}' on target 'functions/common_events.lua' for pattern patch from Entropy\lovely\rcode.toml resulted in no matches
WARN - [♥] Pattern '{n=G.UIT.O, config={object = DynaText({string = {localize(\'$\')..num_dollars}, colours = {G.C.RED}, shadow = true, pop_in = 0, scale = 0.65, float = true})}}' on target 'functions/common_events.lua' for pattern patch from Entropy\lovely\rcode.toml resulted in no matches
WARN - [♥] Regex 'localize\\(\'ph_mr_bones\'\\)..\' \'\\}, colours = \\{G.C.FILTER' on target 'functions/common_events.lua' for regex patch from Cryptid\lovely\code.toml resulted in no matches
WARN - [♥] Pattern 'if not v.config.softlock then\n    softlocked = softlocked' on target 'functions/common_events.lua' for pattern patch from Balatro-Aikoyoris-Shenanigans\lovely\planets.toml resulted in no matches
WARN - [♥] Pattern '                    if (not v.config.softlock or G.GAME.hands[v.config.hand_type].played > 0) then\n                        add = true\n                    end' on target 'functions/common_events.lua' for pattern patch from Balatro-Aikoyoris-Shenanigans\lovely\planets.toml resulted in no matches
WARN - [♥] Pattern '                    if (not v.config.softlock or G.GAME.hands[v.config.hand_type].played > 0) then\n                        add = true\n                    end' on target 'functions/common_events.lua' for pattern patch from Balatro-Aikoyoris-Shenanigans\lovely\planets.toml resulted in no matches
WARN - [♥] Pattern 'if num_dollars > 60 then' on target 'functions/common_events.lua' for pattern patch from Talisman\lovely.toml resulted in no matches
WARN - [♥] Pattern 'func = (function() if eval_func(card) then if not first or first then card:juice_up(0.1, 0.1) end;juice_card_until(card, eval_func, nil, 0.8) end return true end)' on target 'functions/common_events.lua' for pattern patch from Talisman\lovely.toml resulted in no matches
INFO - [♥] Applied 204 patches to 'functions/common_events.lua'
WARN - [♥] Pattern '    if #G.hand.highlighted <= 0 or G.GAME.blind.block_play or #G.hand.highlighted > 5 then ' on target 'functions/button_callbacks.lua' for pattern patch from Balatro-Aikoyoris-Shenanigans\lovely\selectionlimit.toml resulted in no matches
WARN - [♥] Pattern 'if ((G.GAME.dollars-G.GAME.bankrupt_at) - 10 >= 0) and' on target 'functions/button_callbacks.lua' for pattern patch from Talisman\lovely.toml resulted in no matches
WARN - [♥] Pattern 'for i = 1, #G.GAME.tags do\n            if G.GAME.tags[i]:apply_to_run({type = \'new_blind_choice\'}) then break end\n          end' on target 'functions/button_callbacks.lua' for pattern patch from TooManyDecks\lovely\decks.toml resulted in no matches
WARN - [♥] Pattern 'if #G.hand.highlighted <= 0 or G.GAME.blind.block_play or #G.hand.highlighted > 5 then' on target 'functions/button_callbacks.lua' for pattern patch from CardSleeves\lovely\expected_to_fail.toml resulted in no matches
INFO - [♥] Applied 83 patches to 'functions/button_callbacks.lua'
WARN - [♥] Pattern '*then G.E_MANAGER:add_event(Event({ func = function() G.GAME.blind:set_blind(nil, true, nil); return true end })) end' on target 'card.lua' for pattern patch from smods\lovely\calculate_card_added.toml resulted in 2 matches, wanted 1
WARN - [♥] Ignoring excess matches
WARN - [♥] Pattern 'if not initial then G.GAME.blind:debuff_card(self) end' on target 'card.lua' for pattern patch from Cryptid\lovely\lib_misc.toml resulted in no matches
WARN - [♥] Pattern 'if self.ability.name == \'Campfire\' and G.GAME.blind.boss and not (G.GAME.blind.config and G.GAME.blind.config.bonus) and self.ability.x_mult > 1 then' on target 'card.lua' for pattern patch from Cryptid\lovely\misc.toml resulted in no matches
WARN - [♥] Pattern 'if self.ability.name:find(\'Arcana\') then' on target 'card.lua' for pattern patch from Cryptid\lovely\misprint.toml resulted in no matches
WARN - [♥] Pattern 'if self.ability.name == \'The Hermit\' or self.ability.consumeable.hand_type or self.ability.name == \'Temperance\' or self.ability.name == \'Black Hole\' then' on target 'card.lua' for pattern patch from Cryptid\lovely\stake.toml resulted in no matches
WARN - [♥] Pattern 'if self.ability.queue_negative_removal then' on target 'card.lua' for pattern patch from Cryptid\lovely\sticker.toml resulted in no matches
WARN - [♥] Pattern '    return generate_card_ui(self.config.center, nil, loc_vars, card_type, badges, hide_desc, main_start, main_end)' on target 'card.lua' for pattern patch from Balatro-Aikoyoris-Shenanigans\lovely\localization.toml resulted in no matches
WARN - [♥] Pattern 'G.GAME.current_round.voucher = nil' on target 'card.lua' for pattern patch from Cryptid\lovely\Voucher.toml resulted in no matches
WARN - [♥] Pattern 'if G.GAME.blind then G.E_MANAGER:add_event(Event({ func = function() G.GAME.blind:set_blind(nil, true, nil); return true end })) end' on target 'card.lua' for pattern patch from Talisman\lovely.toml resulted in no matches
WARN - [♥] Pattern 'x_mult = center.config.Xmult or 1,' on target 'card.lua' for pattern patch from Talisman\lovely.toml resulted in no matches
WARN - [♥] Pattern 'elseif self.ability.name == \'Business Card\' then loc_vars = {\'\'..(G.GAME and G.GAME.probabilities.normal or 1), self.ability.extra}' on target 'card.lua' for pattern patch from Cryptid\lovely\Probability.toml resulted in no matches
WARN - [♥] Pattern 'pseudorandom(\'business\') < G.GAME.probabilities.normal/self.ability.extra then' on target 'card.lua' for pattern patch from Cryptid\lovely\Probability.toml resulted in no matches
WARN - [♥] Pattern 'local currentBack = self.params.viewed_back and G.GAME.viewed_back or G.GAME.selected_back' on target 'card.lua' for pattern patch from Galdur\lovely.toml resulted in no matches
WARN - [♥] Regex 'self.params.viewed_back and G.GAME.viewed_back or G.GAME.selected_back' on target 'card.lua' for regex patch from CardSleeves\lovely\expected_to_fail.toml resulted in no matches
INFO - [♥] Applied 290 patches to 'card.lua'
WARN - [♥] Pattern 'if card.edition.card_limit == -1 and #G.hand.cards < G.hand.config.card_limit then' on target 'cardarea.lua' for pattern patch from Entropy\lovely\hsize_mult.toml resulted in no matches
WARN - [♥] Pattern '    self.config.highlighted_limit = config.highlight_limit or 5' on target 'cardarea.lua' for pattern patch from Balatro-Aikoyoris-Shenanigans\lovely\selectionlimit.toml resulted in no matches
INFO - [♥] Applied 25 patches to 'cardarea.lua'
WARN - [♥] Pattern 'self.chips = get_blind_amount(G.GAME.round_resets.ante)*self.mult*G.GAME.starting_params.ante_scaling' on target 'blind.lua' for pattern patch from Entropy\lovely\game.toml resulted in no matches
WARN - [♥] Pattern 'self.chips = get_blind_amount(G.GAME.round_resets.ante)*self.mult*G.GAME.starting_params.ante_scaling' on target 'blind.lua' for pattern patch from Entropy\lovely\game.toml resulted in no matches
INFO - [♥] Applied 46 patches to 'blind.lua'
WARN - [♥] Pattern 'self.children.card:set_ability(G.P_CENTERS.j_jolly)' on target 'card_character.lua' for pattern patch from Entropy\lovely\game.toml resulted in no matches
INFO - [♥] Applied 2 patches to 'card_character.lua'
WARN - [♥] Pattern 'colour = pseudorandom_element(self.colours)' on target 'engine/particles.lua' for pattern patch from Entropy\lovely\game.toml resulted in no matches
INFO - [♥] Applied 0 patches to 'engine/particles.lua'
INFO - [♥] Applied 5 patches to 'engine/text.lua'
INFO - [♥] Applied 5 patches to '=[SMODS _ "src/utils.lua"]'
INFO - [♥] Applied 7 patches to '=[SMODS _ "src/overrides.lua"]'
INFO - [♥] Applied 4 patches to '=[SMODS _ "src/game_object.lua"]'
INFO - [G] Failed to connect to the debug server
INFO - [G] 2025-05-07 09:50:58 :: DEBUG :: DebugConsole :: Steamodded Debug Socket started !
INFO - [G] 2025-05-07 09:50:58 :: INFO  :: SMODS :: Steamodded v1.0.0~BETA-0506d
INFO - [♥] Applied 9 patches to 'engine/sound_manager.lua'
INFO - [♥] Applied 3 patches to 'engine/save_manager.lua'
INFO - [♥] Applied 2 patches to 'engine/string_packer.lua'
INFO - [♥] Applied 4 patches to '=[SMODS _ "src/card_draw.lua"]'
INFO - [G] 2025-05-07 09:51:00 :: ERROR :: Loader :: Found invalid metadata JSON file at C:\Users\erikk\AppData\Roaming\Balatro\Mods/Balatro-Aikoyoris-Shenanigans/.luarc.json, ignoring: [SMODS _ "src/loader.lua"]:226: id
INFO - [G] 2025-05-07 09:51:00 :: ERROR :: Loader :: Found invalid metadata JSON file at C:\Users\erikk\AppData\Roaming\Balatro\Mods/Balatro-Aikoyoris-Shenanigans/.vscode/settings.json, ignoring: [SMODS _ "src/loader.lua"]:226: id
INFO - [G] 2025-05-07 09:51:00 :: INFO  :: Loader :: Valid JSON file found
INFO - [G] 2025-05-07 09:51:00 :: INFO  :: Loader :: Valid JSON file found
INFO - [G] 2025-05-07 09:51:00 :: INFO  :: Loader :: Valid JSON file found
INFO - [G] 2025-05-07 09:51:00 :: INFO  :: Loader :: Valid JSON file found
INFO - [G] 2025-05-07 09:51:01 :: ERROR :: Loader :: Found invalid metadata JSON file at C:\Users\erikk\AppData\Roaming\Balatro\Mods/DebugPlus/.luarc.json, ignoring: [SMODS _ "src/loader.lua"]:226: id
INFO - [G] 2025-05-07 09:51:01 :: ERROR :: Loader :: Found invalid metadata JSON file at C:\Users\erikk\AppData\Roaming\Balatro\Mods/DebugPlus/dev/.luarc.json, ignoring: [SMODS _ "src/loader.lua"]:226: id
INFO - [G] 2025-05-07 09:51:01 :: INFO  :: Loader :: Valid JSON file found
INFO - [G] 2025-05-07 09:51:01 :: ERROR :: Loader :: Found invalid metadata JSON file at C:\Users\erikk\AppData\Roaming\Balatro\Mods/Entropy/.vscode/settings.json, ignoring: [SMODS _ "src/loader.lua"]:226: id
INFO - [G] 2025-05-07 09:51:01 :: INFO  :: Loader :: Valid JSON file found
INFO - [G] 2025-05-07 09:51:01 :: INFO  :: Loader :: Valid JSON file found
INFO - [G] 2025-05-07 09:51:01 :: INFO  :: Loader :: Valid JSON file found
INFO - [G] 2025-05-07 09:51:01 :: INFO  :: Loader :: Valid JSON file found
INFO - [G] 2025-05-07 09:51:01 :: TRACE :: Loader :: Processing Mod file (Legacy header): steamodded.lua
INFO - [G] 2025-05-07 09:51:01 :: WARN  :: Loader :: Duplicate Mod ID: Handy
INFO - [G] 2025-05-07 09:51:01 :: INFO  :: Loader :: Valid JSON file found
INFO - [G] 2025-05-07 09:51:01 :: TRACE :: Loader :: Processing Mod file (Legacy header): main.lua
INFO - [G] 2025-05-07 09:51:01 :: TRACE :: Loader :: Saving Mod Info: sdm0sstuff
INFO - [G] 2025-05-07 09:51:01 :: INFO  :: Loader :: Valid JSON file found
INFO - [G] 2025-05-07 09:51:01 :: TRACE :: Loader :: Processing Mod file (Legacy header): steamodded_metadata.lua
INFO - [G] 2025-05-07 09:51:01 :: TRACE :: Loader :: Saving Mod Info: Talisman
INFO - [G] 2025-05-07 09:51:01 :: INFO  :: Loader :: Valid JSON file found
INFO - [♥] Applied 7 patches to '=[SMODS galdur "galdur.lua"]'
INFO - [♥] Applied 2 patches to '=[SMODS CardSleeves "CardSleeves.lua"]'
INFO - [G] 2025-05-07 09:51:01 :: INFO  :: CardSleeves :: CardSleeves v1.7.5 loaded~!
INFO - [G] 2025-05-07 09:51:01 :: WARN  :: Sound :: Object garb_surge has the same key as an existing object, not registering.
INFO - [G] 2025-05-07 09:51:01 :: WARN  :: Sound :: If you want to modify an existing object, use take_ownership()
INFO - [G] 2025-05-07 09:51:01 :: TRACE :: Loader :: Mod kino was unable to load: 
INFO - [G] 2025-05-07 09:51:01 :: INFO  :: TOGAPack :: Hello World! Starting TOGAPack...
INFO - [G] 2025-05-07 09:51:01 :: INFO  :: TOGAPack :: Hooking G.FUNCS.can_play...
INFO - [G] 2025-05-07 09:51:01 :: INFO  :: TOGAPack :: Hooking play_sound...
INFO - [G] 2025-05-07 09:51:01 :: INFO  :: TOGAPack :: Hooking Card:is_face...
INFO - [G] 2025-05-07 09:51:01 :: INFO  :: TOGAPack :: Hooking Card:get_id...
INFO - [G] 2025-05-07 09:51:01 :: INFO  :: TOGAPack :: Hooking Card:is_suit...
INFO - [G] 2025-05-07 09:51:01 :: INFO  :: TOGAPack :: Hooking G.FUNCS.draw_from_deck_to_hand...
INFO - [G] 2025-05-07 09:51:01 :: INFO  :: TOGAPack :: Hooking Blind:defeat...
INFO - [G] 2025-05-07 09:51:01 :: DEBUG :: TOGAPack :: Executing items/joker.lua
INFO - [G] 2025-05-07 09:51:01 :: INFO  :: TOGAPack :: Loading Jokers...
INFO - [G] 2025-05-07 09:51:01 :: DEBUG :: TOGAPack :: Executing items/deck.lua
INFO - [G] 2025-05-07 09:51:01 :: INFO  :: TOGAPack :: Loading Decks...
INFO - [G] 2025-05-07 09:51:01 :: DEBUG :: TOGAPack :: Executing items/voucher.lua
INFO - [G] 2025-05-07 09:51:01 :: INFO  :: TOGAPack :: Loading Vouchers...
INFO - [G] 2025-05-07 09:51:01 :: DEBUG :: TOGAPack :: Executing items/enhancement.lua
INFO - [G] 2025-05-07 09:51:01 :: INFO  :: TOGAPack :: Loading Enhancements...
INFO - [G] 2025-05-07 09:51:01 :: DEBUG :: TOGAPack :: Executing items/consumables.lua
INFO - [G] 2025-05-07 09:51:01 :: INFO  :: TOGAPack :: Loading Consumeables...
INFO - [G] 2025-05-07 09:51:01 :: DEBUG :: TOGAPack :: Executing items/seal.lua
INFO - [G] 2025-05-07 09:51:01 :: INFO  :: TOGAPack :: Loading Seals...
INFO - [G] 2025-05-07 09:51:01 :: DEBUG :: TOGAPack :: Executing items/booster.lua
INFO - [G] 2025-05-07 09:51:01 :: INFO  :: TOGAPack :: Loading Booster Packs...
INFO - [G] 2025-05-07 09:51:01 :: DEBUG :: TOGAPack :: Executing items/tag.lua
INFO - [G] 2025-05-07 09:51:01 :: INFO  :: TOGAPack :: Loading Tags...
INFO - [G] 2025-05-07 09:51:01 :: DEBUG :: TOGAPack :: Executing items/deckskin.lua
INFO - [G] 2025-05-07 09:51:01 :: INFO  :: TOGAPack :: Loading Deckskins...
INFO - [G] 2025-05-07 09:51:01 :: DEBUG :: TOGAPack :: Executing items/blind.lua
INFO - [G] 2025-05-07 09:51:01 :: INFO  :: TOGAPack :: Loading Blinds...
INFO - [G] 2025-05-07 09:51:01 :: DEBUG :: TOGAPack :: Executing items/crossmod.lua
INFO - [G] 2025-05-07 09:51:01 :: INFO  :: TOGAPack :: Loading Cross-Mod content...
INFO - [G] [CRYPTID] Loading library file ascended.lua
INFO - [G] [CRYPTID] Loading library file calculate.lua
INFO - [G] [CRYPTID] Loading library file content.lua
WARN - [♥] Pattern 'bogus patch lol aikoyori was here no patching ' on target '=[SMODS Cryptid "lib/content.lua"]' for pattern patch from Balatro-Aikoyoris-Shenanigans\lovely\compat.cryptid.toml resulted in no matches
INFO - [♥] Applied 0 patches to '=[SMODS Cryptid "lib/content.lua"]'
INFO - [G] [CRYPTID] Loading library file cross-mod.lua
INFO - [G] [CRYPTID] Loading library file d20.lua
INFO - [G] [CRYPTID] Loading library file event.lua
INFO - [G] [CRYPTID] Loading library file forcetrigger.lua
INFO - [G] [CRYPTID] Loading library file gameset.lua
INFO - [G] [CRYPTID] Loading library file https.lua
INFO - [G] 2025-05-07 09:51:01 :: DEBUG :: SMODS.https :: Using https module backend
INFO - [G] [CRYPTID] Loading library file misc.lua
INFO - [♥] Applied 1 patch to '=[SMODS Cryptid "lib/misc.lua"]'
INFO - [G] [CRYPTID] Loading library file misprintize.lua
INFO - [G] [CRYPTID] Loading library file modifiers.lua
INFO - [G] 2025-05-07 09:51:01 :: WARN  :: Sticker :: Detected duplicate register call on object perishable
INFO - [G] 2025-05-07 09:51:01 :: WARN  :: Sticker :: Detected duplicate register call on object pinned
INFO - [G] 2025-05-07 09:51:01 :: WARN  :: Sticker :: Detected duplicate register call on object eternal
INFO - [G] 2025-05-07 09:51:01 :: WARN  :: Sticker :: Detected duplicate register call on object rental
INFO - [G] [CRYPTID] Loading library file notifications.lua
INFO - [G] [CRYPTID] Loading library file overrides.lua
INFO - [G] [CRYPTID] Loading library file pointerlib.lua
INFO - [G] [CRYPTID] Loading library file ui.lua
INFO - [G] [CRYPTID] Loading file achievement.lua
INFO - [G] [CRYPTID] Loading file blind.lua
INFO - [G] [CRYPTID] Loading file challenge.lua
INFO - [G] [CRYPTID] Loading file code.lua
INFO - [G] [CRYPTID] Loading file deck.lua
INFO - [G] [CRYPTID] Loading file enhanced.lua
INFO - [G] [CRYPTID] Loading file epic.lua
INFO - [G] [CRYPTID] Loading file exotic.lua
INFO - [G] [CRYPTID] Loading file joker_display.lua
INFO - [G] [CRYPTID] Loading file m.lua
INFO - [G] [CRYPTID] Loading file misc.lua
INFO - [G] [CRYPTID] Loading file misc_joker.lua
INFO - [G] [CRYPTID] Loading file planet.lua
INFO - [G] [CRYPTID] Loading file pointer.lua
INFO - [G] [CRYPTID] Inserting Pointer Aliases
INFO - [G] [CRYPTID] Loading file sleeve.lua
INFO - [G] [CRYPTID] Loading file spectral.lua
INFO - [G] [CRYPTID] Loading file spooky.lua
INFO - [G] [CRYPTID] Loading file stake.lua
INFO - [♥] Applied 1 patch to '=[SMODS Cryptid "items/stake.lua"]'
INFO - [G] [CRYPTID] Loading file tag.lua
INFO - [G] [CRYPTID] Loading file test.lua
INFO - [G] [CRYPTID] Loading file voucher.lua
INFO - [G] 2025-05-07 09:51:01 :: WARN  :: Atlas :: Object cry_effarcire has the same key as an existing object, not registering.
INFO - [G] 2025-05-07 09:51:01 :: WARN  :: Atlas :: If you want to modify an existing object, use take_ownership()
INFO - [G] 2025-05-07 09:51:01 :: WARN  :: Draw Step :: Detected duplicate register call on object floating_sprite
INFO - [G] 2025-05-07 09:51:01 :: WARN  :: Draw Step :: Detected duplicate register call on object front
INFO - [G] 2025-05-07 09:51:01 :: INFO  :: Aikoyori's Shenanigans :: Cryptid Detected... vro ;P
INFO - [G] 2025-05-07 09:51:01 :: WARN  :: Sticker :: Detected duplicate register call on object cry_rigged
WARN - [♥] Pattern 'aikoyori was here' on target '=[SMODS entr "items/misc/seals.lua"]' for pattern patch from Balatro-Aikoyoris-Shenanigans\lovely\compat.entr.toml resulted in no matches
INFO - [♥] Applied 0 patches to '=[SMODS entr "items/misc/seals.lua"]'
INFO - [G] 2025-05-07 09:51:01 :: WARN  :: Atlas :: Detected duplicate register call on object entr_modicon
INFO - [G] 2025-05-07 09:51:01 :: WARN  :: CBlind :: Object c_entr_bl_wheel has the same key as an existing object, not registering.
INFO - [G] 2025-05-07 09:51:01 :: WARN  :: CBlind :: If you want to modify an existing object, use take_ownership()
INFO - [G] 2025-05-07 09:51:01 :: WARN  :: CBlind :: Object c_entr_bl_eye has the same key as an existing object, not registering.
INFO - [G] 2025-05-07 09:51:01 :: WARN  :: CBlind :: If you want to modify an existing object, use take_ownership()
INFO - [G] 2025-05-07 09:51:01 :: INFO  :: TIMER :: [0000] Injected Language in 0.001 ms
INFO - [G] 2025-05-07 09:51:01 :: INFO  :: TIMER :: [0000] Injected [INTERNAL] in 1.562 ms
INFO - [G] 2025-05-07 09:51:04 :: INFO  :: TIMER :: [0128] Injected Atlas in 3146.879 ms
INFO - [G] 2025-05-07 09:51:05 :: INFO  :: TIMER :: [0122] Injected Sound in 55.847 ms
INFO - [G] 2025-05-07 09:51:05 :: INFO  :: TIMER :: [0034] Injected Stake in 1.031 ms
INFO - [G] 2025-05-07 09:51:05 :: INFO  :: TIMER :: [0011] Injected Rarity in 0.056 ms
INFO - [G] 2025-05-07 09:51:05 :: INFO  :: TIMER :: [0019] Injected ObjectType in 0.189 ms
INFO - [G] 2025-05-07 09:51:05 :: INFO  :: TIMER :: [1092] Injected Center in 9.195 ms
INFO - [G] 2025-05-07 09:51:05 :: INFO  :: TIMER :: [0010] Injected Undiscovered Sprite in 0.024 ms
INFO - [G] 2025-05-07 09:51:05 :: INFO  :: TIMER :: [0068] Injected Blind in 0.173 ms
INFO - [G] 2025-05-07 09:51:05 :: INFO  :: TIMER :: [0014] Injected Seal in 0.390 ms
INFO - [G] 2025-05-07 09:51:05 :: INFO  :: TIMER :: [0010] Injected Suit in 0.230 ms
INFO - [G] 2025-05-07 09:51:05 :: INFO  :: TIMER :: [0028] Injected Rank in 0.346 ms
INFO - [G] 2025-05-07 09:51:05 :: INFO  :: TIMER :: [0042] Injected DeckSkin in 0.629 ms
INFO - [G] 2025-05-07 09:51:05 :: INFO  :: TIMER :: [0052] Injected PokerHand in 2.558 ms
INFO - [G] 2025-05-07 09:51:05 :: INFO  :: TIMER :: [0038] Injected Challenge in 0.099 ms
INFO - [G] 2025-05-07 09:51:05 :: INFO  :: TIMER :: [0081] Injected Tag in 0.261 ms
INFO - [G] 2025-05-07 09:51:05 :: INFO  :: TIMER :: [0018] Injected Sticker in 0.376 ms
INFO - [G] 2025-05-07 09:51:05 :: INFO  :: TIMER :: [0020] Injected Shader in 274.230 ms
INFO - [G] 2025-05-07 09:51:05 :: INFO  :: TIMER :: [0003] Injected Keybind in 0.027 ms
INFO - [G] 2025-05-07 09:51:05 :: INFO  :: TIMER :: [0028] Injected Achievement in 0.208 ms
INFO - [G] 2025-05-07 09:51:05 :: INFO  :: TIMER :: [0010] Injected nil in 0.037 ms
INFO - [G] 2025-05-07 09:51:05 :: INFO  :: TIMER :: [0027] Injected Draw Step in 0.127 ms
INFO - [G] 2025-05-07 09:51:05 :: INFO  :: TIMER :: [0000] Injected [INTERNAL] in 23.886 ms
INFO - [G] 2025-05-07 09:51:05 :: INFO  :: TIMER :: [0010] Injected Other in 0.033 ms
INFO - [G] 2025-05-07 09:51:05 :: INFO  :: TIMER :: [0002] Injected nil in 8.035 ms
INFO - [G] line not found
INFO - [G] file not found: main.lua: No such file or directory
INFO - [G] file not found: main.lua: No such file or directory
INFO - [G] file not found: main.lua: No such file or directory
INFO - [G] file not found: main.lua: No such file or directory
INFO - [G] 2025-05-07 09:51:11 :: ERROR :: StackTrace :: Oops! The game crashed
card.lua:5286: attempt to index local 'obj' (a nil value)
Stack Traceback
===============
(1) Lua local 'handler' at file 'main.lua:612'
	Local variables:
	 msg = string: "card.lua:5286: attempt to index local 'obj' (a nil value)"
	 (*temporary) = Lua function '?' (defined at line 31 of chunk [SMODS _ "src/logging.lua"])
	 (*temporary) = string: "Oops! The game crashed\
"
(2) LÖVE metamethod at file 'boot.lua:352'
	Local variables:
	 errhand = Lua function '?' (defined at line 598 of chunk main.lua)
	 handler = Lua function '?' (defined at line 598 of chunk main.lua)
(3) Lua upvalue 'smods_card_load' at file 'card.lua:5286'
	Local variables:
	 self = table: 0x35303dc8  {click_offset:table: 0x35304148, children:table: 0x353058b0, ambient_tilt:0.2, akyrs_upgrade_sliced:false, T:table: 0x35303f90, offset:table: 0x35304d30 (more...)}
	 cardTable = table: 0x3374efa8  {sprite_facing:front, ignore_base_shader:table: 0x3374efd0, rank:1, bypass_lock:true, label:j_kino_fight_club, akyrs_old_ability:table: 0x3374f058 (more...)}
	 other_card = nil
	 scale = number: 1
	 H = number: 2.75122
	 W = number: 2.04878
	 obj = nil
	 (*temporary) = boolean: false
	 (*temporary) = table: 0x35303dc8  {click_offset:table: 0x35304148, children:table: 0x353058b0, ambient_tilt:0.2, akyrs_upgrade_sliced:false, T:table: 0x35303f90, offset:table: 0x35304d30 (more...)}
	 (*temporary) = number: 0
	 (*temporary) = number: 0
	 (*temporary) = nil
	 (*temporary) = table: 0x34f71880  {}
	 (*temporary) = string: "attempt to index local 'obj' (a nil value)"
(4) Lua upvalue 'cardLoad' at Steamodded file 'src/overrides.lua:1394' 
	Local variables:
	 self = table: 0x35303dc8  {click_offset:table: 0x35304148, children:table: 0x353058b0, ambient_tilt:0.2, akyrs_upgrade_sliced:false, T:table: 0x35303f90, offset:table: 0x35304d30 (more...)}
	 cardTable = table: 0x3374efa8  {sprite_facing:front, ignore_base_shader:table: 0x3374efd0, rank:1, bypass_lock:true, label:j_kino_fight_club, akyrs_old_ability:table: 0x3374f058 (more...)}
	 other_card = nil
(5) Lua upvalue 'load_ref' at file './modules/hooks/general.lua:803' (from mod with id aikoyorisshenanigans)
	Local variables:
	 self = table: 0x35303dc8  {click_offset:table: 0x35304148, children:table: 0x353058b0, ambient_tilt:0.2, akyrs_upgrade_sliced:false, T:table: 0x35303f90, offset:table: 0x35304d30 (more...)}
	 cardTable = table: 0x3374efa8  {sprite_facing:front, ignore_base_shader:table: 0x3374efd0, rank:1, bypass_lock:true, label:j_kino_fight_club, akyrs_old_ability:table: 0x3374f058 (more...)}
	 other_card = nil
(6) Lua method 'load' at file 'items/jokers/entropic_jokers.lua:1240' (from mod with id entr)
	Local variables:
	 self = table: 0x35303dc8  {click_offset:table: 0x35304148, children:table: 0x353058b0, ambient_tilt:0.2, akyrs_upgrade_sliced:false, T:table: 0x35303f90, offset:table: 0x35304d30 (more...)}
	 cardTable = table: 0x3374efa8  {sprite_facing:front, ignore_base_shader:table: 0x3374efd0, rank:1, bypass_lock:true, label:j_kino_fight_club, akyrs_old_ability:table: 0x3374f058 (more...)}
	 other_card = nil
(7) Lua method 'load' at file 'cardarea.lua:679'
	Local variables:
	 self = table: 0x3524e748  {velocity:table: 0x3524f048, click_offset:table: 0x3524eaf0, static_rotation:false, children:table: 0x35303da0, shuffle_amt:0, cards:table: 0x35303d78 (more...)}
	 cardAreaTable = table: 0x33a09970  {cards:table: 0x33a099d0, config:table: 0x33885c50}
	 (for index) = number: 1
	 (for limit) = number: 2
	 (for step) = number: 1
	 i = number: 1
	 card = table: 0x35303dc8  {click_offset:table: 0x35304148, children:table: 0x353058b0, ambient_tilt:0.2, akyrs_upgrade_sliced:false, T:table: 0x35303f90, offset:table: 0x35304d30 (more...)}
(8) Lua upvalue 'g_start_run' at file 'game.lua:2502'
	Local variables:
	 self = table: 0x3336d820  {F_GUIDE:false, F_CRASH_REPORTS:false, F_QUIT_BUTTON:true, F_ENGLISH_ONLY:false, viewed_stake:16, sort_id:20, F_VIDEO_SETTINGS:true, STAGE:2, F_MOBILE_UI:false (more...)}
	 args = table: 0x366854b8  {savetext:table: 0x362abd18}
	 saveTable = table: 0x362abd18  {STATE:1, BLIND:table: 0x337cf5d8, BACK:table: 0x336590f8, tags:table: 0x33a09920, cardAreas:table: 0x33a09948, GAME:table: 0x34b5bb40, VERSION:1.0.1o-FULL (more...)}
	 selected_back = table: 0x34252dd0  {alerted:true, loc_vars:function: 0x34c63448, _saved_d_u:true, apply:function: 0x34c63468, mod:table: 0x33bc8b40, unlocked:true, _u:true, set_badges:function: 0x34252e58 (more...)}
	 CAI = table: 0x3524d820  {hand_W:12.292682926829, joker_H:2.6136585365854, joker_W:10.039024390244, consumeable_H:2.6136585365854, deck_W:2.2536585365854, discard_H:2.7512195121951 (more...)}
	 cardAreas = table: 0x33a09948  {jokers:table: 0x33a09970, consumeables:table: 0x337baa58, deck:table: 0x33733a60, kino_snackbag:table: 0x34b30ee8, hand:table: 0x35716100, discard:table: 0x35a6fb38 (more...)}
	 (for generator) = C function: next
	 (for state) = table: 0x33a09948  {jokers:table: 0x33a09970, consumeables:table: 0x337baa58, deck:table: 0x33733a60, kino_snackbag:table: 0x34b30ee8, hand:table: 0x35716100, discard:table: 0x35a6fb38 (more...)}
	 (for control) = number: nan
	 k = string: "jokers"
	 v = table: 0x33a09970  {cards:table: 0x33a099d0, config:table: 0x33885c50}
(9) Lua upvalue 'old_Game_start_run' at file 'main.lua:6683'
	Local variables:
	 self = table: 0x3336d820  {F_GUIDE:false, F_CRASH_REPORTS:false, F_QUIT_BUTTON:true, F_ENGLISH_ONLY:false, viewed_stake:16, sort_id:20, F_VIDEO_SETTINGS:true, STAGE:2, F_MOBILE_UI:false (more...)}
	 args = table: 0x366854b8  {savetext:table: 0x362abd18}
(10) Lua upvalue 'sr' at file 'CardSleeves.lua:1796' (from mod with id CardSleeves)
	Local variables:
	 self = table: 0x3336d820  {F_GUIDE:false, F_CRASH_REPORTS:false, F_QUIT_BUTTON:true, F_ENGLISH_ONLY:false, viewed_stake:16, sort_id:20, F_VIDEO_SETTINGS:true, STAGE:2, F_MOBILE_UI:false (more...)}
	 args = table: 0x366854b8  {savetext:table: 0x362abd18}
(11) Lua upvalue 'gsr' at file 'lib/overrides.lua:173' (from mod with id Cryptid)
	Local variables:
	 self = table: 0x3336d820  {F_GUIDE:false, F_CRASH_REPORTS:false, F_QUIT_BUTTON:true, F_ENGLISH_ONLY:false, viewed_stake:16, sort_id:20, F_VIDEO_SETTINGS:true, STAGE:2, F_MOBILE_UI:false (more...)}
	 args = table: 0x366854b8  {savetext:table: 0x362abd18}
(12) Lua upvalue 'startRunHook' at file 'items/challenge.lua:493' (from mod with id Cryptid)
	Local variables:
	 self = table: 0x3336d820  {F_GUIDE:false, F_CRASH_REPORTS:false, F_QUIT_BUTTON:true, F_ENGLISH_ONLY:false, viewed_stake:16, sort_id:20, F_VIDEO_SETTINGS:true, STAGE:2, F_MOBILE_UI:false (more...)}
	 args = table: 0x366854b8  {savetext:table: 0x362abd18}
(13) Lua method 'start_run' at file './modules/hooks/general.lua:221' (from mod with id aikoyorisshenanigans)
	Local variables:
	 self = table: 0x3336d820  {F_GUIDE:false, F_CRASH_REPORTS:false, F_QUIT_BUTTON:true, F_ENGLISH_ONLY:false, viewed_stake:16, sort_id:20, F_VIDEO_SETTINGS:true, STAGE:2, F_MOBILE_UI:false (more...)}
	 args = table: 0x366854b8  {savetext:table: 0x362abd18}
(14) Lua field 'func' at file 'functions/button_callbacks.lua:3261'
(15) Lua method 'handle' at file 'engine/event.lua:101'
	Local variables:
	 self = table: 0x3669efc8  {start_timer:true, timer:REAL, func:function: 0x3669ef88, blockable:true, trigger:immediate, created_on_pause:true, delay:0, complete:false, time:17.04823752473 (more...)}
	 _results = table: 0x35cf4b78  {blocking:true, pause_skip:false, time_done:false, completed:false}
(16) Lua upvalue 'gameUpdate' at file 'engine/event.lua:186'
	Local variables:
	 self = table: 0x33b59290  {queue_last_processed:5.6166666666667, queues:table: 0x33b592b8, queue_dt:0.016666666666667, queue_timer:5.6179510875339}
	 dt = number: 0.0020467
	 forced = nil
	 (for generator) = C function: next
	 (for state) = table: 0x33b592b8  {unlock:table: 0x33b593a8, galdur:table: 0x33958910, other:table: 0x33b59448, tutorial:table: 0x33b593f8, akyrs_desc:table: 0x33b59470, base:table: 0x33b593d0 (more...)}
	 (for control) = number: nan
	 k = string: "base"
	 v = table: 0x33b593d0  {1:table: 0x3669efc8, 2:table: 0x3669f360, 3:table: 0x3669f788, 4:table: 0x3669fbb0, 5:table: 0x3669ffd8, 6:table: 0x36955e18, 7:table: 0x36956350 (more...)}
	 blocked = boolean: false
	 i = number: 1
	 results = table: 0x35cf4b78  {blocking:true, pause_skip:false, time_done:false, completed:false}
(17) Lua method 'update' at file './modules/hooks/general.lua:76' (from mod with id aikoyorisshenanigans)
	Local variables:
	 self = table: 0x33b59290  {queue_last_processed:5.6166666666667, queues:table: 0x33b592b8, queue_dt:0.016666666666667, queue_timer:5.6179510875339}
	 dt = number: 0.0020467
	 forced = nil
(18) Lua upvalue 'gameUpdateRef' at file 'game.lua:2759'
	Local variables:
	 self = table: 0x3336d820  {F_GUIDE:false, F_CRASH_REPORTS:false, F_QUIT_BUTTON:true, F_ENGLISH_ONLY:false, viewed_stake:16, sort_id:20, F_VIDEO_SETTINGS:true, STAGE:2, F_MOBILE_UI:false (more...)}
	 dt = number: 0
	 http_resp = nil
(19) Lua upvalue 'upd' at Steamodded file 'src/ui.lua:84' 
	Local variables:
	 self = table: 0x3336d820  {F_GUIDE:false, F_CRASH_REPORTS:false, F_QUIT_BUTTON:true, F_ENGLISH_ONLY:false, viewed_stake:16, sort_id:20, F_VIDEO_SETTINGS:true, STAGE:2, F_MOBILE_UI:false (more...)}
	 dt = number: 0.0020467
(20) Lua upvalue 'gu' at file 'main.lua:6369'
	Local variables:
	 self = table: 0x3336d820  {F_GUIDE:false, F_CRASH_REPORTS:false, F_QUIT_BUTTON:true, F_ENGLISH_ONLY:false, viewed_stake:16, sort_id:20, F_VIDEO_SETTINGS:true, STAGE:2, F_MOBILE_UI:false (more...)}
	 dt = number: 0.0020467
(21) Lua upvalue 'upd' at file 'lib/gameset.lua:27' (from mod with id Cryptid)
	Local variables:
	 self = table: 0x3336d820  {F_GUIDE:false, F_CRASH_REPORTS:false, F_QUIT_BUTTON:true, F_ENGLISH_ONLY:false, viewed_stake:16, sort_id:20, F_VIDEO_SETTINGS:true, STAGE:2, F_MOBILE_UI:false (more...)}
	 dt = number: 0.0020467
(22) Lua upvalue 'update_ref' at file 'lib/overrides.lua:299' (from mod with id Cryptid)
	Local variables:
	 self = table: 0x3336d820  {F_GUIDE:false, F_CRASH_REPORTS:false, F_QUIT_BUTTON:true, F_ENGLISH_ONLY:false, viewed_stake:16, sort_id:20, F_VIDEO_SETTINGS:true, STAGE:2, F_MOBILE_UI:false (more...)}
	 dt = number: 0.0020467
(23) Lua upvalue 'update_ref' at file 'items/inversions/reverseCodes.lua:668' (from mod with id entr)
	Local variables:
	 self = table: 0x3336d820  {F_GUIDE:false, F_CRASH_REPORTS:false, F_QUIT_BUTTON:true, F_ENGLISH_ONLY:false, viewed_stake:16, sort_id:20, F_VIDEO_SETTINGS:true, STAGE:2, F_MOBILE_UI:false (more...)}
	 dt = number: 0.0020467
(24) Lua upvalue 'upd' at file 'items/jokers/hidden.lua:112' (from mod with id entr)
	Local variables:
	 self = table: 0x3336d820  {F_GUIDE:false, F_CRASH_REPORTS:false, F_QUIT_BUTTON:true, F_ENGLISH_ONLY:false, viewed_stake:16, sort_id:20, F_VIDEO_SETTINGS:true, STAGE:2, F_MOBILE_UI:false (more...)}
	 dt = number: 0.0020467
(25) Lua upvalue 'upd' at file 'items/misc/blinds.lua:756' (from mod with id entr)
	Local variables:
	 self = table: 0x3336d820  {F_GUIDE:false, F_CRASH_REPORTS:false, F_QUIT_BUTTON:true, F_ENGLISH_ONLY:false, viewed_stake:16, sort_id:20, F_VIDEO_SETTINGS:true, STAGE:2, F_MOBILE_UI:false (more...)}
	 dt = number: 0.0020467
(26) Lua method 'update' at file 'Entropy.lua:301' (from mod with id entr)
	Local variables:
	 self = table: 0x3336d820  {F_GUIDE:false, F_CRASH_REPORTS:false, F_QUIT_BUTTON:true, F_ENGLISH_ONLY:false, viewed_stake:16, sort_id:20, F_VIDEO_SETTINGS:true, STAGE:2, F_MOBILE_UI:false (more...)}
	 dt = number: 0.0020467
(27) Lua upvalue 'love_update_ref' at file 'main.lua:1130'
	Local variables:
	 dt = number: 0.0020467
(28) Lua upvalue 'oldupd' at file 'main.lua:4353'
	Local variables:
	 dt = number: 0.0020467
(29) Lua field 'update' at file 'main.lua:6402'
	Local variables:
	 dt = number: 0.0020467
(30) Lua function '?' at file 'main.lua:938' (best guess)
(31) global C function 'xpcall'
(32) LÖVE function at file 'boot.lua:377' (best guess)
	Local variables:
	 func = Lua function '?' (defined at line 909 of chunk main.lua)
	 inerror = boolean: true
	 deferErrhand = Lua function '(LÖVE Function)' (defined at line 348 of chunk [love "boot.lua"])
	 earlyinit = Lua function '(LÖVE Function)' (defined at line 355 of chunk [love "boot.lua"])

INFO - [G] file not found: main.lua: No such file or directory
INFO - [G] file not found: main.lua: No such file or directory
INFO - [G] 2025-05-07 09:51:11 :: INFO  :: StackTrace :: Additional Context:
Balatro Version: 1.0.1o-FULL
Modded Version: 1.0.0~BETA-0506d-STEAMODDED
LÖVE Version: 11.5.0
Lovely Version: 0.7.1
Platform: Windows
Steamodded Mods:
    1: Entropy by Ruby [ID: entr, Priority: 666, Version: 0.5.0, Uses Lovely]
    2: SDM_0's Stuff by SDM_0 [ID: sdm0sstuff, Version: 1.6.4o, Uses Lovely]
    3: Card Sleeves by Larswijn [ID: CardSleeves, Priority: -10, Version: 1.7.5, Uses Lovely]
    4: TOGA's Stuff by TheOneGoofAli [ID: TOGAPack, Priority: 2, Version: 1.4.0, Uses Lovely]
    5: Galdur by Eremel_ [ID: galdur, Priority: -10000, Version: 1.2, Uses Lovely]
    6: Talisman by MathIsFun_, Mathguy24, jenwalter666, cg-223 [ID: Talisman, Version: 2.2.0b, Uses Lovely]
        Break Infinity: omeganum
    7: Handy by SleepyG11 [ID: Handy, Version: 1.4.2a, Uses Lovely]
    8: Cryptid by MathIsFun_, Cryptid and Balatro Discords [ID: Cryptid, Priority: 114, Version: 0.5.5d, Uses Lovely]
    9: Too Many Decks by Squidguset, WaffleDevs [ID: SGTMD, Priority: 115, Version: 3.5.0, Uses Lovely]
    10: Banner by SylviBlossom [ID: banner, Version: 1.1.1, Uses Lovely]
    11: DebugPlus by WilsontheWolf [ID: DebugPlus, Version: 1.5.0~dev, Uses Lovely]
    12: Garbshit by garb [ID: GARBPACK, Version: 2.0.1, Uses Lovely]
    13: Aikoyori's Shenanigans by Aikoyori [ID: aikoyorisshenanigans, Priority: 300, Version: 0.2.0-alpha-250507a, Uses Lovely]
Lovely Mods:
