INFO - [♥] Lovely 0.7.1
INFO - [♥] Game directory is at "C:\\Program Files (x86)\\Steam\\steamapps\\common\\Balatro"
INFO - [♥] Writing logs to "C:\\Users\\erikk\\AppData\\Roaming\\Balatro\\Mods\\lovely\\log"
INFO - [♥] Using mod directory at "C:\\Users\\erikk\\AppData\\Roaming\\Balatro\\Mods"
INFO - [♥] Found .lovelyignore in 'CardSleeves', skipping it.
INFO - [♥] Found .lovelyignore in 'Cryptid', skipping it.
INFO - [♥] Found .lovelyignore in 'TooManyDecks', skipping it.
WARN - [♥] Unknown key `patches.18.?.overwrite` found in patch file at "C:\\Users\\erikk\\AppData\\Roaming\\Balatro\\Mods\\HandyBalatro\\lovely.toml", ignoring it
WARN - [♥] Unknown key `patches.49.?.match_indent` found in patch file at "C:\\Users\\erikk\\AppData\\Roaming\\Balatro\\Mods\\Talisman\\lovely.toml", ignoring it
WARN - [♥] Unknown key `patches.52.?.match_indent` found in patch file at "C:\\Users\\erikk\\AppData\\Roaming\\Balatro\\Mods\\Talisman\\lovely.toml", ignoring it
INFO - [♥] Cleaning up dumps directory at "C:\\Users\\erikk\\AppData\\Roaming\\Balatro\\Mods\\lovely\\dump"
INFO - [♥] Initialization complete in 59ms
INFO - [♥] Applied 1 patch to 'conf.lua'
WARN - [♥] Pattern 'G.ARGS.score_intensity.organ = G.video_organ or G.ARGS.score_intensity.required_score > 0 and math.max(math.min(0.4, 0.1*math.log(G.ARGS.score_intensity.earned_score/(G.ARGS.score_intensity.required_score+1), 5)),0.) or 0' on target 'main.lua' for pattern patch from Talisman\lovely.toml resulted in no matches
WARN - [♥] Pattern 'if type(G.GAME.current_round.current_hand.chips) ~= \'number\' or type(G.GAME.current_round.current_hand.mult) ~= \'number\' then' on target 'main.lua' for pattern patch from Talisman\lovely.toml resulted in no matches
INFO - [♥] Applied 33 patches to 'main.lua'
INFO - [♥] Applied 2 patches to 'engine/string_packer.lua'
INFO - [♥] Applied 16 patches to 'engine/controller.lua'
INFO - [♥] Applied 18 patches to 'back.lua'
INFO - [♥] Applied 10 patches to 'tag.lua'
INFO - [♥] Applied 1 patch to 'engine/event.lua'
INFO - [♥] Applied 1 patch to 'engine/node.lua'
INFO - [♥] Applied 4 patches to 'engine/moveable.lua'
INFO - [♥] Applied 3 patches to 'engine/sprite.lua'
INFO - [♥] Applied 2 patches to 'engine/animatedsprite.lua'
WARN - [♥] Pattern 'assembled_string = assembled_string..(type(subpart) == \'string\' and subpart or args.vars[tonumber(subpart[1])] or \'ERROR\')' on target 'functions/misc_functions.lua' for pattern patch from Talisman\lovely.toml resulted in no matches
INFO - [♥] Applied 65 patches to 'functions/misc_functions.lua'
WARN - [♥] Pattern 'Cryptid.profile_prefix = \"M\"' on target 'game.lua' for pattern patch from Entropy\lovely\game.toml resulted in no matches
WARN - [♥] Pattern 'Cryptid.profile_prefix = Jen and \"J\" or \"M\"' on target 'game.lua' for pattern patch from Entropy\lovely\game.toml resulted in no matches
INFO - [♥] Applied 73 patches to 'game.lua'
INFO - [♥] Applied 3 patches to 'globals.lua'
INFO - [♥] Applied 17 patches to 'engine/ui.lua'
WARN - [♥] Pattern 'local stake_sprite = get_stake_sprite(G.GAME.stake or 1, 0.4)\n    blind_text[#blind_text + 1] =' on target 'functions/UI_definitions.lua' for pattern patch from Balatro-Aikoyoris-Shenanigans\lovely\ui.toml resulted in no matches
WARN - [♥] Pattern '{n=G.UIT.T, config={text = G.GAME.hands[handname].chips, scale = 0.45, colour = G.C.UI.TEXT_LIGHT}},' on target 'functions/UI_definitions.lua' for pattern patch from Talisman\lovely.toml resulted in no matches
WARN - [♥] Pattern '{n=G.UIT.T, config={text = G.GAME.hands[handname].mult, scale = 0.45, colour = G.C.UI.TEXT_LIGHT}}' on target 'functions/UI_definitions.lua' for pattern patch from Talisman\lovely.toml resulted in no matches
WARN - [♥] Pattern '{n=G.UIT.O, config={object = DynaText({string = {{ref_table = G.GAME.round_resets, ref_value = \'ante\'}}, colours = {G.C.IMPORTANT},shadow = true, font = G.LANGUAGES[\'en-us\'].font, scale = 2*scale}),id = \'ante_UI_count\'}},' on target 'functions/UI_definitions.lua' for pattern patch from Talisman\lovely.toml resulted in no matches
INFO - [♥] Applied 116 patches to 'functions/UI_definitions.lua'
WARN - [♥] Pattern 'update_hand_text({delay = 0}, {chips = extras.hand_chips and hand_chips, mult = extras.mult and mult})' on target 'functions/state_events.lua' for pattern patch from Entropy\lovely\eqmult.toml resulted in no matches
WARN - [♥] Pattern 'elseif config.name == \'interest\' then\n    table.insert(left_text, {n=G.UIT.T, config={text = num_dollars, scale = 0.8*scale, colour = G.C.MONEY, shadow = true, juice = true}})\n    table.insert(left_text,{n=G.UIT.O, config={object = DynaText({string = {\" \"..localize{type = \'variable\', key = \'interest\', vars = {G.GAME.interest_amount, 5, G.GAME.interest_amount*G.GAME.interest_cap/5}}}, colours = {G.C.UI.TEXT_LIGHT}, shadow = true, pop_in = 0, scale = 0.4*scale, silent = true})}})\nend\n' on target 'functions/state_events.lua' for pattern patch from Kino\lovely.toml resulted in no matches
WARN - [♥] Pattern 'if effects[ii].card then' on target 'functions/state_events.lua' for pattern patch from Talisman\lovely.toml resulted in no matches
WARN - [♥] Pattern 'if effects.jokers.Xmult_mod then mult = mod_mult(mult*effects.jokers.Xmult_mod);extras.mult = true  end' on target 'functions/state_events.lua' for pattern patch from Talisman\lovely.toml resulted in no matches
WARN - [♥] Pattern 'if effect.Xmult_mod then mult = mod_mult(mult*effect.Xmult_mod);extras.mult = true  end' on target 'functions/state_events.lua' for pattern patch from Talisman\lovely.toml resulted in no matches
WARN - [♥] Pattern 'if effects[ii].message then' on target 'functions/state_events.lua' for pattern patch from Talisman\lovely.toml resulted in no matches
WARN - [♥] Pattern '--calculate the card edition effects' on target 'functions/state_events.lua' for pattern patch from Talisman\lovely.toml resulted in no matches
WARN - [♥] Pattern 'if effects[ii].edition.p_dollars_mod then' on target 'functions/state_events.lua' for pattern patch from Talisman\lovely.toml resulted in no matches
WARN - [♥] Pattern 'if edition_effects.jokers.x_mult_mod then' on target 'functions/state_events.lua' for pattern patch from Talisman\lovely.toml resulted in no matches
WARN - [♥] Regex '(?<indent>[\t ]*)else\\s*\\n[\\t ]*mult\\s*=\\s*mod_mult\\(\\s*0\\s*\\)\\s*\\n[\\t ]*hand_chips\\s*=\\s*mod_chips\\(\\s*0\\s*\\)\\s*' on target 'functions/state_events.lua' for regex patch from Kino\lovely.toml resulted in no matches
INFO - [♥] Applied 83 patches to 'functions/state_events.lua'
WARN - [♥] Pattern '(self.ability.set == \'Voucher\' and {G.C.SECONDARY_SET.Voucher, G.C.CLEAR}) or ' on target 'functions/common_events.lua' for pattern patch from Entropy\lovely\dissolve_colours.toml resulted in no matches
WARN - [♥] Pattern '{n=G.UIT.O, config={object = DynaText({string = {\' \'..localize(\'ph_mr_bones\')..\' \'}, colours = {G.C.FILTER}, shadow = true, pop_in = 0, scale = 0.5*scale, silent = true})}}' on target 'functions/common_events.lua' for pattern patch from Entropy\lovely\never_lose.toml resulted in no matches
WARN - [♥] Pattern '{n=G.UIT.O, config={object = DynaText({string = {localize(\'$\')..num_dollars}, colours = {G.C.MONEY}, shadow = true, pop_in = 0, scale = 0.65, float = true})}}' on target 'functions/common_events.lua' for pattern patch from Entropy\lovely\rcode.toml resulted in no matches
WARN - [♥] Pattern '{n=G.UIT.O, config={object = DynaText({string = {localize(\'$\')..num_dollars}, colours = {G.C.RED}, shadow = true, pop_in = 0, scale = 0.65, float = true})}}' on target 'functions/common_events.lua' for pattern patch from Entropy\lovely\rcode.toml resulted in no matches
WARN - [♥] Pattern 'if not v.config.softlock then\n    softlocked = softlocked' on target 'functions/common_events.lua' for pattern patch from Balatro-Aikoyoris-Shenanigans\lovely\planets.toml resulted in no matches
WARN - [♥] Pattern 'if num_dollars > 60 then' on target 'functions/common_events.lua' for pattern patch from Talisman\lovely.toml resulted in no matches
WARN - [♥] Pattern 'func = (function() if eval_func(card) then if not first or first then card:juice_up(0.1, 0.1) end;juice_card_until(card, eval_func, nil, 0.8) end return true end)' on target 'functions/common_events.lua' for pattern patch from Talisman\lovely.toml resulted in no matches
INFO - [♥] Applied 163 patches to 'functions/common_events.lua'
INFO - [♥] Applied 66 patches to 'functions/button_callbacks.lua'
WARN - [♥] Pattern '*then G.E_MANAGER:add_event(Event({ func = function() G.GAME.blind:set_blind(nil, true, nil); return true end })) end' on target 'card.lua' for pattern patch from smods\lovely\calculate_card_added.toml resulted in 2 matches, wanted 1
WARN - [♥] Ignoring excess matches
WARN - [♥] Pattern '    return generate_card_ui(self.config.center, nil, loc_vars, card_type, badges, hide_desc, main_start, main_end)' on target 'card.lua' for pattern patch from Balatro-Aikoyoris-Shenanigans\lovely\localization.toml resulted in no matches
WARN - [♥] Pattern 'if G.GAME.blind then G.E_MANAGER:add_event(Event({ func = function() G.GAME.blind:set_blind(nil, true, nil); return true end })) end' on target 'card.lua' for pattern patch from Talisman\lovely.toml resulted in no matches
WARN - [♥] Pattern 'x_mult = center.config.Xmult or 1,' on target 'card.lua' for pattern patch from Talisman\lovely.toml resulted in no matches
WARN - [♥] Pattern 'local currentBack = self.params.viewed_back and G.GAME.viewed_back or G.GAME.selected_back' on target 'card.lua' for pattern patch from Galdur\lovely.toml resulted in no matches
INFO - [♥] Applied 203 patches to 'card.lua'
WARN - [♥] Pattern 'if card.edition.card_limit == -1 and #G.hand.cards < G.hand.config.card_limit then' on target 'cardarea.lua' for pattern patch from Entropy\lovely\hsize_mult.toml resulted in no matches
INFO - [♥] Applied 17 patches to 'cardarea.lua'
WARN - [♥] Pattern 'self.chips = get_blind_amount(G.GAME.round_resets.ante)*self.mult*G.GAME.starting_params.ante_scaling' on target 'blind.lua' for pattern patch from Entropy\lovely\game.toml resulted in no matches
WARN - [♥] Pattern 'self.chips = get_blind_amount(G.GAME.round_resets.ante)*self.mult*G.GAME.starting_params.ante_scaling' on target 'blind.lua' for pattern patch from Entropy\lovely\game.toml resulted in no matches
INFO - [♥] Applied 41 patches to 'blind.lua'
WARN - [♥] Pattern 'self.children.card:set_ability(G.P_CENTERS.j_jolly)' on target 'card_character.lua' for pattern patch from Entropy\lovely\game.toml resulted in no matches
INFO - [♥] Applied 0 patches to 'card_character.lua'
WARN - [♥] Pattern 'colour = pseudorandom_element(self.colours)' on target 'engine/particles.lua' for pattern patch from Entropy\lovely\game.toml resulted in no matches
INFO - [♥] Applied 0 patches to 'engine/particles.lua'
INFO - [♥] Applied 5 patches to 'engine/text.lua'
INFO - [♥] Applied 2 patches to '=[SMODS _ "src/utils.lua"]'
INFO - [♥] Applied 3 patches to '=[SMODS _ "src/overrides.lua"]'
INFO - [♥] Applied 2 patches to '=[SMODS _ "src/game_object.lua"]'
INFO - [G] Failed to connect to the debug server
INFO - [G] 2025-05-07 09:05:50 :: DEBUG :: DebugConsole :: Steamodded Debug Socket started !
INFO - [G] 2025-05-07 09:05:50 :: INFO  :: SMODS :: Steamodded v1.0.0~BETA-0506d
INFO - [♥] Applied 9 patches to 'engine/sound_manager.lua'
INFO - [♥] Applied 3 patches to 'engine/save_manager.lua'
INFO - [♥] Applied 2 patches to 'engine/string_packer.lua'
INFO - [G] 2025-05-07 09:05:52 :: ERROR :: Loader :: Found invalid metadata JSON file at C:\Users\erikk\AppData\Roaming\Balatro\Mods/Balatro-Aikoyoris-Shenanigans/.luarc.json, ignoring: [SMODS _ "src/loader.lua"]:226: id
INFO - [G] 2025-05-07 09:05:52 :: ERROR :: Loader :: Found invalid metadata JSON file at C:\Users\erikk\AppData\Roaming\Balatro\Mods/Balatro-Aikoyoris-Shenanigans/.vscode/settings.json, ignoring: [SMODS _ "src/loader.lua"]:226: id
INFO - [G] 2025-05-07 09:05:52 :: INFO  :: Loader :: Valid JSON file found
INFO - [G] 2025-05-07 09:05:52 :: INFO  :: Loader :: Valid JSON file found
INFO - [G] 2025-05-07 09:05:52 :: INFO  :: Loader :: Valid JSON file found
INFO - [G] 2025-05-07 09:05:52 :: INFO  :: Loader :: Valid JSON file found
INFO - [G] 2025-05-07 09:05:52 :: ERROR :: Loader :: Found invalid metadata JSON file at C:\Users\erikk\AppData\Roaming\Balatro\Mods/DebugPlus/.luarc.json, ignoring: [SMODS _ "src/loader.lua"]:226: id
INFO - [G] 2025-05-07 09:05:52 :: ERROR :: Loader :: Found invalid metadata JSON file at C:\Users\erikk\AppData\Roaming\Balatro\Mods/DebugPlus/dev/.luarc.json, ignoring: [SMODS _ "src/loader.lua"]:226: id
INFO - [G] 2025-05-07 09:05:52 :: INFO  :: Loader :: Valid JSON file found
INFO - [G] 2025-05-07 09:05:52 :: ERROR :: Loader :: Found invalid metadata JSON file at C:\Users\erikk\AppData\Roaming\Balatro\Mods/Entropy/.vscode/settings.json, ignoring: [SMODS _ "src/loader.lua"]:226: id
INFO - [G] 2025-05-07 09:05:52 :: INFO  :: Loader :: Valid JSON file found
INFO - [G] 2025-05-07 09:05:52 :: INFO  :: Loader :: Valid JSON file found
INFO - [G] 2025-05-07 09:05:52 :: INFO  :: Loader :: Valid JSON file found
INFO - [G] 2025-05-07 09:05:52 :: INFO  :: Loader :: Valid JSON file found
INFO - [G] 2025-05-07 09:05:52 :: TRACE :: Loader :: Processing Mod file (Legacy header): steamodded.lua
INFO - [G] 2025-05-07 09:05:52 :: WARN  :: Loader :: Duplicate Mod ID: Handy
INFO - [G] 2025-05-07 09:05:52 :: INFO  :: Loader :: Valid JSON file found
INFO - [G] 2025-05-07 09:05:52 :: TRACE :: Loader :: Processing Mod file (Legacy header): steamodded_metadata.lua
INFO - [G] 2025-05-07 09:05:52 :: TRACE :: Loader :: Saving Mod Info: Talisman
INFO - [G] 2025-05-07 09:05:52 :: INFO  :: Loader :: Valid JSON file found
INFO - [G] 2025-05-07 09:05:52 :: TRACE :: Loader :: Mod CardSleeves was unable to load: 
INFO - [G] 2025-05-07 09:05:52 :: WARN  :: Sound :: Object garb_surge has the same key as an existing object, not registering.
INFO - [G] 2025-05-07 09:05:52 :: WARN  :: Sound :: If you want to modify an existing object, use take_ownership()
INFO - [G] 2025-05-07 09:05:53 :: TRACE :: Loader :: Mod Cryptid was unable to load: 
INFO - [G] 2025-05-07 09:05:53 :: TRACE :: Loader :: Mod SGTMD was unable to load: 
INFO - [G] 2025-05-07 09:05:53 :: WARN  :: Draw Step :: Detected duplicate register call on object floating_sprite
INFO - [G] 2025-05-07 09:05:53 :: WARN  :: Draw Step :: Detected duplicate register call on object front
INFO - [G] 2025-05-07 09:05:53 :: TRACE :: Loader :: Mod entr was unable to load: Missing Dependencies: 1: Cryptid


INFO - [G] 2025-05-07 09:05:53 :: INFO  :: TIMER :: [0000] Injected Language in 0.001 ms
INFO - [G] 2025-05-07 09:05:53 :: INFO  :: TIMER :: [0000] Injected [INTERNAL] in 1.640 ms
INFO - [G] 2025-05-07 09:05:55 :: INFO  :: TIMER :: [0065] Injected Atlas in 2195.589 ms
INFO - [G] 2025-05-07 09:05:55 :: INFO  :: TIMER :: [0027] Injected Sound in 17.117 ms
INFO - [G] 2025-05-07 09:05:55 :: INFO  :: TIMER :: [0008] Injected Stake in 0.240 ms
INFO - [G] 2025-05-07 09:05:55 :: INFO  :: TIMER :: [0004] Injected Rarity in 0.024 ms
INFO - [G] 2025-05-07 09:05:55 :: INFO  :: TIMER :: [0031] Injected ObjectType in 1.161 ms
INFO - [G] 2025-05-07 09:05:55 :: INFO  :: TIMER :: [0569] Injected Center in 5.376 ms
INFO - [G] 2025-05-07 09:05:55 :: INFO  :: TIMER :: [0010] Injected Undiscovered Sprite in 0.030 ms
INFO - [G] 2025-05-07 09:05:55 :: INFO  :: TIMER :: [0052] Injected Blind in 0.163 ms
INFO - [G] 2025-05-07 09:05:55 :: INFO  :: TIMER :: [0009] Injected Seal in 0.253 ms
INFO - [G] 2025-05-07 09:05:55 :: INFO  :: TIMER :: [0009] Injected Suit in 0.150 ms
INFO - [G] 2025-05-07 09:05:55 :: INFO  :: TIMER :: [0014] Injected Rank in 0.189 ms
INFO - [G] 2025-05-07 09:05:55 :: INFO  :: TIMER :: [0033] Injected DeckSkin in 0.320 ms
INFO - [G] 2025-05-07 09:05:55 :: INFO  :: TIMER :: [0048] Injected PokerHand in 2.933 ms
INFO - [G] 2025-05-07 09:05:55 :: INFO  :: TIMER :: [0030] Injected Challenge in 0.087 ms
INFO - [G] 2025-05-07 09:05:55 :: INFO  :: TIMER :: [0001] Injected Tag in 0.010 ms
INFO - [G] 2025-05-07 09:05:55 :: INFO  :: TIMER :: [0010] Injected Sticker in 0.209 ms
INFO - [G] 2025-05-07 09:05:55 :: INFO  :: TIMER :: [0006] Injected Shader in 86.825 ms
INFO - [G] 2025-05-07 09:05:55 :: INFO  :: TIMER :: [0002] Injected Keybind in 0.037 ms
INFO - [G] 2025-05-07 09:05:55 :: INFO  :: TIMER :: [0006] Injected Achievement in 0.107 ms
INFO - [G] 2025-05-07 09:05:55 :: INFO  :: TIMER :: [0004] Injected nil in 0.021 ms
INFO - [G] 2025-05-07 09:05:55 :: INFO  :: TIMER :: [0023] Injected Draw Step in 0.140 ms
INFO - [G] 2025-05-07 09:05:55 :: INFO  :: TIMER :: [0000] Injected [INTERNAL] in 13.832 ms
INFO - [G] 2025-05-07 09:05:55 :: INFO  :: TIMER :: [0002] Injected nil in 7.893 ms
INFO - [G] line not found
INFO - [G] file not found: main.lua: No such file or directory
INFO - [G] file not found: main.lua: No such file or directory
INFO - [G] file not found: main.lua: No such file or directory
INFO - [G] file not found: main.lua: No such file or directory
INFO - [G] 2025-05-07 09:06:25 :: ERROR :: StackTrace :: Oops! The game crashed
[SMODS kino "Items/Consumables/confections.lua"]:894: attempt to index field 'snackbag' (a nil value)
Stack Traceback
===============
(1) Lua local 'handler' at file 'main.lua:612'
	Local variables:
	 msg = string: "[SMODS kino \"Items/Consumables/confections.lua\"]:894: attempt to index field 'snackbag' (a nil value)"
	 (*temporary) = Lua function '?' (defined at line 31 of chunk [SMODS _ "src/logging.lua"])
	 (*temporary) = string: "Oops! The game crashed\
"
(2) LÖVE metamethod at file 'boot.lua:352'
	Local variables:
	 errhand = Lua function '?' (defined at line 598 of chunk main.lua)
	 handler = Lua function '?' (defined at line 598 of chunk main.lua)
(3) Lua method 'loc_vars' at file 'Items/Consumables/confections.lua:894' (from mod with id kino)
	Local variables:
	 self = table: 0x1113d4b0  {can_use:function: 0x10bc5fe0, loc_vars:function: 0x10bc6048, is_snackbag:true, original_key:snackbag, keep_on_use:function: 0x10bc6000, mod:table: 0x10a2ad78 (more...)}
	 info_queue = table: 0x150e2e58  {}
	 card = table: 0x13e4a680  {click_offset:table: 0x13e5c860, static_rotation:false, ambient_tilt:0.2, parent:table: 0x14832ff8, T:table: 0x13e5c6a8, last_aligned:-1, extra_cost:0 (more...)}
	 (*temporary) = table: 0x150e3088  {}
	 (*temporary) = table: 0x150e30e8  {}
	 (*temporary) = nil
	 (*temporary) = string: "attempt to index field 'snackbag' (a nil value)"
(4) Lua method 'generate_ui' at Steamodded file 'src/game_object.lua:1075' 
	Local variables:
	 self = table: 0x1113d4b0  {can_use:function: 0x10bc5fe0, loc_vars:function: 0x10bc6048, is_snackbag:true, original_key:snackbag, keep_on_use:function: 0x10bc6000, mod:table: 0x10a2ad78 (more...)}
	 info_queue = table: 0x150e2e58  {}
	 card = table: 0x13e4a680  {click_offset:table: 0x13e5c860, static_rotation:false, ambient_tilt:0.2, parent:table: 0x14832ff8, T:table: 0x13e5c6a8, last_aligned:-1, extra_cost:0 (more...)}
	 desc_nodes = table: 0x150e2de0  {}
	 specific_vars = table: 0x150e2cc8  {}
	 full_UI_table = table: 0x150e2d50  {badges:table: 0x150e2ca0, info:table: 0x150e2e08, main:table: 0x150e2de0, card_type:confection, type:table: 0x150e2e30}
	 target = table: 0x150e2f70  {vars:table: 0x150e2cc8, set:confection, type:descriptions, nodes:table: 0x150e2de0, key:c_kino_snackbag, AUT:table: 0x150e2d50}
	 res = table: 0x150e3060  {}
(5) Lua upvalue 'orig_Card_generate_UIBox_ability_table' at file 'functions/common_events.lua:2974'
	Local variables:
	 _c = table: 0x1113d4b0  {can_use:function: 0x10bc5fe0, loc_vars:function: 0x10bc6048, is_snackbag:true, original_key:snackbag, keep_on_use:function: 0x10bc6000, mod:table: 0x10a2ad78 (more...)}
	 full_UI_table = table: 0x150e2d50  {badges:table: 0x150e2ca0, info:table: 0x150e2e08, main:table: 0x150e2de0, card_type:confection, type:table: 0x150e2e30}
	 specific_vars = table: 0x150e2cc8  {}
	 card_type = string: "confection"
	 badges = table: 0x150e2ca0  {card_type:confection}
	 hide_desc = nil
	 main_start = nil
	 main_end = nil
	 card = table: 0x13e4a680  {click_offset:table: 0x13e5c860, static_rotation:false, ambient_tilt:0.2, parent:table: 0x14832ff8, T:table: 0x13e5c6a8, last_aligned:-1, extra_cost:0 (more...)}
	 first_pass = boolean: true
	 desc_nodes = table: 0x150e2de0  {}
	 name_override = nil
	 info_queue = table: 0x150e2e58  {}
	 loc_vars = table: 0x150e2f48  {}
	 cfg = table: 0x13e61708  {bonus:0, x_mult:1, hands_played_at_create:0, order:37, x_chips:1, perma_h_mult:0, mult:0, h_size:0, perma_x_mult:0, perma_h_dollars:0, h_x_chips:1 (more...)}
(6) Lua upvalue 'cardGetUIBoxRef' at file 'src/ui.lua:448' (from mod with id banner)
	Local variables:
	 self = table: 0x13e4a680  {click_offset:table: 0x13e5c860, static_rotation:false, ambient_tilt:0.2, parent:table: 0x14832ff8, T:table: 0x13e5c6a8, last_aligned:-1, extra_cost:0 (more...)}
	 vars_only = nil
	 disabled_debuff = boolean: false
	 (*temporary) = table: 0x150e2c60  {}
(7) Lua method 'generate_UIBox_ability_table' at file './modules/hooks/ui.lua:7' (from mod with id aikoyorisshenanigans)
	Local variables:
	 self = table: 0x13e4a680  {click_offset:table: 0x13e5c860, static_rotation:false, ambient_tilt:0.2, parent:table: 0x14832ff8, T:table: 0x13e5c6a8, last_aligned:-1, extra_cost:0 (more...)}
(8) Lua upvalue 'card_hover_ref' at file 'card.lua:4679'
	Local variables:
	 self = table: 0x13e4a680  {click_offset:table: 0x13e5c860, static_rotation:false, ambient_tilt:0.2, parent:table: 0x14832ff8, T:table: 0x13e5c6a8, last_aligned:-1, extra_cost:0 (more...)}
(9) Lua upvalue 'cardHoverHook' at file 'galdur.lua:155' (from mod with id galdur)
	Local variables:
	 self = table: 0x13e4a680  {click_offset:table: 0x13e5c860, static_rotation:false, ambient_tilt:0.2, parent:table: 0x14832ff8, T:table: 0x13e5c6a8, last_aligned:-1, extra_cost:0 (more...)}
(10) Lua method 'hover' at file './modules/hooks/ui.lua:119' (from mod with id aikoyorisshenanigans)
	Local variables:
	 self = table: 0x13e4a680  {click_offset:table: 0x13e5c860, static_rotation:false, ambient_tilt:0.2, parent:table: 0x14832ff8, T:table: 0x13e5c6a8, last_aligned:-1, extra_cost:0 (more...)}
(11) Lua field 'handleKeys' at file 'debugplus/core.lua:350' (from lovely module debugplus.core)
	Local variables:
	 controller = table: 0x105d82a8  {held_button_times:table: 0x105a6b18, focus_cursor_stack_level:1, snap_cursor_to:table: 0x156d5290, interrupt:table: 0x105a8930, GAMEPAD:table: 0x105f34a0 (more...)}
	 key = string: "2"
	 dt = number: 0.00723707
	 _element = table: 0x13e4a680  {click_offset:table: 0x13e5c860, static_rotation:false, ambient_tilt:0.2, parent:table: 0x14832ff8, T:table: 0x13e5c6a8, last_aligned:-1, extra_cost:0 (more...)}
(12) Lua upvalue 'debugKeysNShit' at file 'engine/controller.lua:913'
	Local variables:
	 self = table: 0x105d82a8  {held_button_times:table: 0x105a6b18, focus_cursor_stack_level:1, snap_cursor_to:table: 0x156d5290, interrupt:table: 0x105a8930, GAMEPAD:table: 0x105f34a0 (more...)}
	 key = string: "2"
	 dt = number: 0.00723707
	 debugplus = table: 0x12ce5700  {registerButtons:function: 0x12ce5470, toggleProfiler:function: 0x12ce5518, isOkayToHandleDebugForKey:function: 0x12ce54b0, handleKeys:function: 0x12ce5330 (more...)}
(13) Lua method 'key_press_update' at file './modules/hooks/debug.lua:5' (from mod with id aikoyorisshenanigans)
	Local variables:
	 self = table: 0x105d82a8  {held_button_times:table: 0x105a6b18, focus_cursor_stack_level:1, snap_cursor_to:table: 0x156d5290, interrupt:table: 0x105a8930, GAMEPAD:table: 0x105f34a0 (more...)}
	 key = string: "2"
	 dt = number: 0.00723707
(14) Lua method 'update' at file 'engine/controller.lua:244'
	Local variables:
	 self = table: 0x105d82a8  {held_button_times:table: 0x105a6b18, focus_cursor_stack_level:1, snap_cursor_to:table: 0x156d5290, interrupt:table: 0x105a8930, GAMEPAD:table: 0x105f34a0 (more...)}
	 dt = number: 0.00723707
	 (for generator) = C function: next
	 (for state) = table: 0x105d8148  {2:true}
	 (for control) = number: nan
	 k = string: "2"
	 v = boolean: true
(15) Lua upvalue 'gameUpdateRef' at file 'game.lua:2813'
	Local variables:
	 self = table: 0x105b7d98  {F_GUIDE:false, F_CRASH_REPORTS:false, F_QUIT_BUTTON:true, collection_alert:table: 0x12103450, F_ENGLISH_ONLY:false, sort_id:16, F_VIDEO_SETTINGS:true (more...)}
	 dt = number: 0
(16) Lua upvalue 'upd' at Steamodded file 'src/ui.lua:84' 
	Local variables:
	 self = table: 0x105b7d98  {F_GUIDE:false, F_CRASH_REPORTS:false, F_QUIT_BUTTON:true, collection_alert:table: 0x12103450, F_ENGLISH_ONLY:false, sort_id:16, F_VIDEO_SETTINGS:true (more...)}
	 dt = number: 0.00723707
(17) Lua method 'update' at file 'main.lua:6357'
	Local variables:
	 self = table: 0x105b7d98  {F_GUIDE:false, F_CRASH_REPORTS:false, F_QUIT_BUTTON:true, collection_alert:table: 0x12103450, F_ENGLISH_ONLY:false, sort_id:16, F_VIDEO_SETTINGS:true (more...)}
	 dt = number: 0.00723707
(18) Lua upvalue 'love_update_ref' at file 'main.lua:1118'
	Local variables:
	 dt = number: 0.00723707
(19) Lua upvalue 'oldupd' at file 'main.lua:4341'
	Local variables:
	 dt = number: 0.00723707
(20) Lua field 'update' at file 'main.lua:6390'
	Local variables:
	 dt = number: 0.00723707
(21) Lua function '?' at file 'main.lua:938' (best guess)
(22) global C function 'xpcall'
(23) LÖVE function at file 'boot.lua:377' (best guess)
	Local variables:
	 func = Lua function '?' (defined at line 909 of chunk main.lua)
	 inerror = boolean: true
	 deferErrhand = Lua function '(LÖVE Function)' (defined at line 348 of chunk [love "boot.lua"])
	 earlyinit = Lua function '(LÖVE Function)' (defined at line 355 of chunk [love "boot.lua"])

INFO - [G] file not found: main.lua: No such file or directory
INFO - [G] file not found: main.lua: No such file or directory
INFO - [G] 2025-05-07 09:06:25 :: INFO  :: StackTrace :: Additional Context:
Balatro Version: 1.0.1o-FULL
Modded Version: 1.0.0~BETA-0506d-STEAMODDED
LÖVE Version: 11.5.0
Lovely Version: 0.7.1
Platform: Windows
Steamodded Mods:
    1: Balatro Goes Kino by IcyEthics [ID: kino, Version: 0.9.0a, Uses Lovely]
    2: Talisman by MathIsFun_, Mathguy24, jenwalter666, cg-223 [ID: Talisman, Version: 2.2.0b, Uses Lovely]
        Break Infinity: omeganum
    3: Galdur by Eremel_ [ID: galdur, Priority: -10000, Version: 1.2, Uses Lovely]
    4: Aikoyori's Shenanigans by Aikoyori [ID: aikoyorisshenanigans, Priority: 300, Version: 0.2.0-alpha-250507a, Uses Lovely]
    5: Handy by SleepyG11 [ID: Handy, Version: 1.4.2a, Uses Lovely]
    6: DebugPlus by WilsontheWolf [ID: DebugPlus, Version: 1.5.0~dev, Uses Lovely]
    7: Garbshit by garb [ID: GARBPACK, Version: 2.0.1, Uses Lovely]
    8: Banner by SylviBlossom [ID: banner, Version: 1.1.1, Uses Lovely]
Lovely Mods:
    1: Entropy
        Has Steamodded mod that failed to load.
        Missing Dependencies:
            1. Cryptid
