INFO - [♥] Lovely 0.7.1
INFO - [♥] Game directory is at "C:\\Program Files (x86)\\Steam\\steamapps\\common\\Balatro"
INFO - [♥] Writing logs to "C:\\Users\\erikk\\AppData\\Roaming\\Balatro\\Mods\\lovely\\log"
INFO - [♥] Using mod directory at "C:\\Users\\erikk\\AppData\\Roaming\\Balatro\\Mods"
INFO - [♥] Initialization complete in 664ms
INFO - [♥] Applied 12 patches to 'main.lua'
INFO - [♥] Applied 5 patches to 'engine/controller.lua'
INFO - [♥] Applied 13 patches to 'back.lua'
INFO - [♥] Applied 6 patches to 'tag.lua'
INFO - [♥] Applied 1 patch to 'engine/moveable.lua'
INFO - [♥] Applied 2 patches to 'engine/sprite.lua'
INFO - [♥] Applied 2 patches to 'engine/animatedsprite.lua'
INFO - [♥] Applied 41 patches to 'functions/misc_functions.lua'
INFO - [♥] Applied 24 patches to 'game.lua'
INFO - [♥] Applied 1 patch to 'globals.lua'
INFO - [♥] Applied 3 patches to 'engine/ui.lua'
INFO - [♥] Applied 72 patches to 'functions/UI_definitions.lua'
INFO - [♥] Applied 41 patches to 'functions/state_events.lua'
INFO - [♥] Applied 90 patches to 'functions/common_events.lua'
INFO - [♥] Applied 41 patches to 'functions/button_callbacks.lua'
INFO - [♥] Applied 142 patches to 'card.lua'
INFO - [♥] Applied 7 patches to 'cardarea.lua'
INFO - [♥] Applied 30 patches to 'blind.lua'
INFO - [♥] Applied 2 patches to 'engine/text.lua'
INFO - [G] Failed to connect to the debug server
INFO - [G] 2025-02-22 11:53:26 :: DEBUG :: DebugConsole :: Steamodded Debug Socket started !
INFO - [♥] Applied 9 patches to 'engine/sound_manager.lua'
INFO - [♥] Applied 1 patch to 'engine/save_manager.lua'
INFO - [G] 2025-02-22 11:53:28 :: INFO  :: TIMER :: [0000] Injected Language in 0.002 ms
INFO - [G] 2025-02-22 11:53:28 :: INFO  :: TIMER :: [0000] Injected [INTERNAL] in 13.026 ms
INFO - [G] 2025-02-22 11:53:29 :: INFO  :: TIMER :: [0002] Injected Atlas in 668.353 ms
INFO - [G] 2025-02-22 11:53:29 :: INFO  :: TIMER :: [0001] Injected Sound in 6.964 ms
INFO - [G] 2025-02-22 11:53:29 :: INFO  :: TIMER :: [0008] Injected Stake in 0.203 ms
INFO - [G] 2025-02-22 11:53:29 :: INFO  :: TIMER :: [0004] Injected Rarity in 0.021 ms
INFO - [G] 2025-02-22 11:53:29 :: INFO  :: TIMER :: [0004] Injected ObjectType in 0.091 ms
INFO - [G] 2025-02-22 11:53:29 :: INFO  :: TIMER :: [0048] Injected Center in 0.508 ms
INFO - [G] 2025-02-22 11:53:29 :: INFO  :: TIMER :: [0007] Injected Undiscovered Sprite in 0.011 ms
INFO - [G] 2025-02-22 11:53:29 :: INFO  :: TIMER :: [0002] Injected Blind in 0.008 ms
INFO - [G] 2025-02-22 11:53:29 :: INFO  :: TIMER :: [0004] Injected Seal in 0.135 ms
INFO - [G] 2025-02-22 11:53:29 :: INFO  :: TIMER :: [0004] Injected Suit in 0.109 ms
INFO - [G] 2025-02-22 11:53:29 :: INFO  :: TIMER :: [0013] Injected Rank in 0.183 ms
INFO - [G] 2025-02-22 11:53:29 :: INFO  :: TIMER :: [0020] Injected DeckSkin in 0.176 ms
INFO - [G] 2025-02-22 11:53:29 :: INFO  :: TIMER :: [0012] Injected PokerHand in 0.178 ms
INFO - [G] 2025-02-22 11:53:29 :: INFO  :: TIMER :: [0020] Injected Challenge in 0.141 ms
INFO - [G] 2025-02-22 11:53:29 :: INFO  :: TIMER :: [0000] Injected Tag in 0.001 ms
INFO - [G] 2025-02-22 11:53:29 :: INFO  :: TIMER :: [0004] Injected Sticker in 0.077 ms
INFO - [G] 2025-02-22 11:53:29 :: INFO  :: TIMER :: [0000] Injected Shader in 0.002 ms
INFO - [G] 2025-02-22 11:53:29 :: INFO  :: TIMER :: [0001] Injected Keybind in 0.008 ms
INFO - [G] 2025-02-22 11:53:29 :: INFO  :: TIMER :: [0000] Injected Achievement in 0.073 ms
INFO - [G] 2025-02-22 11:53:29 :: INFO  :: TIMER :: [0000] Injected [INTERNAL] in 0.002 ms
