INFO - [♥] Lovely 0.7.1
INFO - [♥] Game directory is at "C:\\Program Files (x86)\\Steam\\steamapps\\common\\Balatro"
INFO - [♥] Writing logs to "C:\\Users\\erikk\\AppData\\Roaming\\Balatro\\Mods\\lovely\\log"
INFO - [♥] Using mod directory at "C:\\Users\\erikk\\AppData\\Roaming\\Balatro\\Mods"
INFO - [♥] Found .lovelyignore in 'CardSleeves', skipping it.
INFO - [♥] Found .lovelyignore in 'Cryptid', skipping it.
INFO - [♥] Found .lovelyignore in 'TooManyDecks', skipping it.
WARN - [♥] Unknown key `patches.18.?.overwrite` found in patch file at "C:\\Users\\erikk\\AppData\\Roaming\\Balatro\\Mods\\HandyBalatro\\lovely.toml", ignoring it
WARN - [♥] Unknown key `patches.49.?.match_indent` found in patch file at "C:\\Users\\erikk\\AppData\\Roaming\\Balatro\\Mods\\Talisman\\lovely.toml", ignoring it
WARN - [♥] Unknown key `patches.52.?.match_indent` found in patch file at "C:\\Users\\erikk\\AppData\\Roaming\\Balatro\\Mods\\Talisman\\lovely.toml", ignoring it
INFO - [♥] Cleaning up dumps directory at "C:\\Users\\erikk\\AppData\\Roaming\\Balatro\\Mods\\lovely\\dump"
INFO - [♥] Initialization complete in 58ms
INFO - [♥] Applied 1 patch to 'conf.lua'
WARN - [♥] Pattern 'G.ARGS.score_intensity.organ = G.video_organ or G.ARGS.score_intensity.required_score > 0 and math.max(math.min(0.4, 0.1*math.log(G.ARGS.score_intensity.earned_score/(G.ARGS.score_intensity.required_score+1), 5)),0.) or 0' on target 'main.lua' for pattern patch from Talisman\lovely.toml resulted in no matches
WARN - [♥] Pattern 'if type(G.GAME.current_round.current_hand.chips) ~= \'number\' or type(G.GAME.current_round.current_hand.mult) ~= \'number\' then' on target 'main.lua' for pattern patch from Talisman\lovely.toml resulted in no matches
INFO - [♥] Applied 33 patches to 'main.lua'
INFO - [♥] Applied 2 patches to 'engine/string_packer.lua'
INFO - [♥] Applied 16 patches to 'engine/controller.lua'
INFO - [♥] Applied 18 patches to 'back.lua'
INFO - [♥] Applied 10 patches to 'tag.lua'
INFO - [♥] Applied 1 patch to 'engine/event.lua'
INFO - [♥] Applied 1 patch to 'engine/node.lua'
INFO - [♥] Applied 4 patches to 'engine/moveable.lua'
INFO - [♥] Applied 3 patches to 'engine/sprite.lua'
INFO - [♥] Applied 2 patches to 'engine/animatedsprite.lua'
WARN - [♥] Pattern 'assembled_string = assembled_string..(type(subpart) == \'string\' and subpart or args.vars[tonumber(subpart[1])] or \'ERROR\')' on target 'functions/misc_functions.lua' for pattern patch from Talisman\lovely.toml resulted in no matches
INFO - [♥] Applied 65 patches to 'functions/misc_functions.lua'
WARN - [♥] Pattern 'Cryptid.profile_prefix = \"M\"' on target 'game.lua' for pattern patch from Entropy\lovely\game.toml resulted in no matches
WARN - [♥] Pattern 'Cryptid.profile_prefix = Jen and \"J\" or \"M\"' on target 'game.lua' for pattern patch from Entropy\lovely\game.toml resulted in no matches
INFO - [♥] Applied 73 patches to 'game.lua'
INFO - [♥] Applied 3 patches to 'globals.lua'
INFO - [♥] Applied 17 patches to 'engine/ui.lua'
WARN - [♥] Pattern 'local stake_sprite = get_stake_sprite(G.GAME.stake or 1, 0.4)\n    blind_text[#blind_text + 1] =' on target 'functions/UI_definitions.lua' for pattern patch from Balatro-Aikoyoris-Shenanigans\lovely\ui.toml resulted in no matches
WARN - [♥] Pattern '{n=G.UIT.T, config={text = G.GAME.hands[handname].chips, scale = 0.45, colour = G.C.UI.TEXT_LIGHT}},' on target 'functions/UI_definitions.lua' for pattern patch from Talisman\lovely.toml resulted in no matches
WARN - [♥] Pattern '{n=G.UIT.T, config={text = G.GAME.hands[handname].mult, scale = 0.45, colour = G.C.UI.TEXT_LIGHT}}' on target 'functions/UI_definitions.lua' for pattern patch from Talisman\lovely.toml resulted in no matches
WARN - [♥] Pattern '{n=G.UIT.O, config={object = DynaText({string = {{ref_table = G.GAME.round_resets, ref_value = \'ante\'}}, colours = {G.C.IMPORTANT},shadow = true, font = G.LANGUAGES[\'en-us\'].font, scale = 2*scale}),id = \'ante_UI_count\'}},' on target 'functions/UI_definitions.lua' for pattern patch from Talisman\lovely.toml resulted in no matches
INFO - [♥] Applied 116 patches to 'functions/UI_definitions.lua'
WARN - [♥] Pattern 'update_hand_text({delay = 0}, {chips = extras.hand_chips and hand_chips, mult = extras.mult and mult})' on target 'functions/state_events.lua' for pattern patch from Entropy\lovely\eqmult.toml resulted in no matches
WARN - [♥] Pattern 'elseif config.name == \'interest\' then\n    table.insert(left_text, {n=G.UIT.T, config={text = num_dollars, scale = 0.8*scale, colour = G.C.MONEY, shadow = true, juice = true}})\n    table.insert(left_text,{n=G.UIT.O, config={object = DynaText({string = {\" \"..localize{type = \'variable\', key = \'interest\', vars = {G.GAME.interest_amount, 5, G.GAME.interest_amount*G.GAME.interest_cap/5}}}, colours = {G.C.UI.TEXT_LIGHT}, shadow = true, pop_in = 0, scale = 0.4*scale, silent = true})}})\nend\n' on target 'functions/state_events.lua' for pattern patch from Kino\lovely.toml resulted in no matches
WARN - [♥] Pattern 'if effects[ii].card then' on target 'functions/state_events.lua' for pattern patch from Talisman\lovely.toml resulted in no matches
WARN - [♥] Pattern 'if effects.jokers.Xmult_mod then mult = mod_mult(mult*effects.jokers.Xmult_mod);extras.mult = true  end' on target 'functions/state_events.lua' for pattern patch from Talisman\lovely.toml resulted in no matches
WARN - [♥] Pattern 'if effect.Xmult_mod then mult = mod_mult(mult*effect.Xmult_mod);extras.mult = true  end' on target 'functions/state_events.lua' for pattern patch from Talisman\lovely.toml resulted in no matches
WARN - [♥] Pattern 'if effects[ii].message then' on target 'functions/state_events.lua' for pattern patch from Talisman\lovely.toml resulted in no matches
WARN - [♥] Pattern '--calculate the card edition effects' on target 'functions/state_events.lua' for pattern patch from Talisman\lovely.toml resulted in no matches
WARN - [♥] Pattern 'if effects[ii].edition.p_dollars_mod then' on target 'functions/state_events.lua' for pattern patch from Talisman\lovely.toml resulted in no matches
WARN - [♥] Pattern 'if edition_effects.jokers.x_mult_mod then' on target 'functions/state_events.lua' for pattern patch from Talisman\lovely.toml resulted in no matches
WARN - [♥] Regex '(?<indent>[\t ]*)else\\s*\\n[\\t ]*mult\\s*=\\s*mod_mult\\(\\s*0\\s*\\)\\s*\\n[\\t ]*hand_chips\\s*=\\s*mod_chips\\(\\s*0\\s*\\)\\s*' on target 'functions/state_events.lua' for regex patch from Kino\lovely.toml resulted in no matches
INFO - [♥] Applied 83 patches to 'functions/state_events.lua'
WARN - [♥] Pattern '(self.ability.set == \'Voucher\' and {G.C.SECONDARY_SET.Voucher, G.C.CLEAR}) or ' on target 'functions/common_events.lua' for pattern patch from Entropy\lovely\dissolve_colours.toml resulted in no matches
WARN - [♥] Pattern '{n=G.UIT.O, config={object = DynaText({string = {\' \'..localize(\'ph_mr_bones\')..\' \'}, colours = {G.C.FILTER}, shadow = true, pop_in = 0, scale = 0.5*scale, silent = true})}}' on target 'functions/common_events.lua' for pattern patch from Entropy\lovely\never_lose.toml resulted in no matches
WARN - [♥] Pattern '{n=G.UIT.O, config={object = DynaText({string = {localize(\'$\')..num_dollars}, colours = {G.C.MONEY}, shadow = true, pop_in = 0, scale = 0.65, float = true})}}' on target 'functions/common_events.lua' for pattern patch from Entropy\lovely\rcode.toml resulted in no matches
WARN - [♥] Pattern '{n=G.UIT.O, config={object = DynaText({string = {localize(\'$\')..num_dollars}, colours = {G.C.RED}, shadow = true, pop_in = 0, scale = 0.65, float = true})}}' on target 'functions/common_events.lua' for pattern patch from Entropy\lovely\rcode.toml resulted in no matches
WARN - [♥] Pattern 'if not v.config.softlock then\n    softlocked = softlocked' on target 'functions/common_events.lua' for pattern patch from Balatro-Aikoyoris-Shenanigans\lovely\planets.toml resulted in no matches
WARN - [♥] Pattern 'if num_dollars > 60 then' on target 'functions/common_events.lua' for pattern patch from Talisman\lovely.toml resulted in no matches
WARN - [♥] Pattern 'func = (function() if eval_func(card) then if not first or first then card:juice_up(0.1, 0.1) end;juice_card_until(card, eval_func, nil, 0.8) end return true end)' on target 'functions/common_events.lua' for pattern patch from Talisman\lovely.toml resulted in no matches
INFO - [♥] Applied 163 patches to 'functions/common_events.lua'
INFO - [♥] Applied 66 patches to 'functions/button_callbacks.lua'
WARN - [♥] Pattern '*then G.E_MANAGER:add_event(Event({ func = function() G.GAME.blind:set_blind(nil, true, nil); return true end })) end' on target 'card.lua' for pattern patch from smods\lovely\calculate_card_added.toml resulted in 2 matches, wanted 1
WARN - [♥] Ignoring excess matches
WARN - [♥] Pattern '    return generate_card_ui(self.config.center, nil, loc_vars, card_type, badges, hide_desc, main_start, main_end)' on target 'card.lua' for pattern patch from Balatro-Aikoyoris-Shenanigans\lovely\localization.toml resulted in no matches
WARN - [♥] Pattern 'if G.GAME.blind then G.E_MANAGER:add_event(Event({ func = function() G.GAME.blind:set_blind(nil, true, nil); return true end })) end' on target 'card.lua' for pattern patch from Talisman\lovely.toml resulted in no matches
WARN - [♥] Pattern 'x_mult = center.config.Xmult or 1,' on target 'card.lua' for pattern patch from Talisman\lovely.toml resulted in no matches
WARN - [♥] Pattern 'local currentBack = self.params.viewed_back and G.GAME.viewed_back or G.GAME.selected_back' on target 'card.lua' for pattern patch from Galdur\lovely.toml resulted in no matches
INFO - [♥] Applied 203 patches to 'card.lua'
WARN - [♥] Pattern 'if card.edition.card_limit == -1 and #G.hand.cards < G.hand.config.card_limit then' on target 'cardarea.lua' for pattern patch from Entropy\lovely\hsize_mult.toml resulted in no matches
INFO - [♥] Applied 17 patches to 'cardarea.lua'
WARN - [♥] Pattern 'self.chips = get_blind_amount(G.GAME.round_resets.ante)*self.mult*G.GAME.starting_params.ante_scaling' on target 'blind.lua' for pattern patch from Entropy\lovely\game.toml resulted in no matches
WARN - [♥] Pattern 'self.chips = get_blind_amount(G.GAME.round_resets.ante)*self.mult*G.GAME.starting_params.ante_scaling' on target 'blind.lua' for pattern patch from Entropy\lovely\game.toml resulted in no matches
INFO - [♥] Applied 41 patches to 'blind.lua'
WARN - [♥] Pattern 'self.children.card:set_ability(G.P_CENTERS.j_jolly)' on target 'card_character.lua' for pattern patch from Entropy\lovely\game.toml resulted in no matches
INFO - [♥] Applied 0 patches to 'card_character.lua'
WARN - [♥] Pattern 'colour = pseudorandom_element(self.colours)' on target 'engine/particles.lua' for pattern patch from Entropy\lovely\game.toml resulted in no matches
INFO - [♥] Applied 0 patches to 'engine/particles.lua'
INFO - [♥] Applied 5 patches to 'engine/text.lua'
INFO - [♥] Applied 2 patches to '=[SMODS _ "src/utils.lua"]'
INFO - [♥] Applied 3 patches to '=[SMODS _ "src/overrides.lua"]'
INFO - [♥] Applied 2 patches to '=[SMODS _ "src/game_object.lua"]'
INFO - [G] Failed to connect to the debug server
INFO - [G] 2025-05-07 09:05:07 :: DEBUG :: DebugConsole :: Steamodded Debug Socket started !
INFO - [G] 2025-05-07 09:05:07 :: INFO  :: SMODS :: Steamodded v1.0.0~BETA-0506d
INFO - [♥] Applied 9 patches to 'engine/sound_manager.lua'
INFO - [♥] Applied 3 patches to 'engine/save_manager.lua'
INFO - [♥] Applied 2 patches to 'engine/string_packer.lua'
INFO - [G] 2025-05-07 09:05:08 :: ERROR :: Loader :: Found invalid metadata JSON file at C:\Users\erikk\AppData\Roaming\Balatro\Mods/Balatro-Aikoyoris-Shenanigans/.luarc.json, ignoring: [SMODS _ "src/loader.lua"]:226: id
INFO - [G] 2025-05-07 09:05:08 :: ERROR :: Loader :: Found invalid metadata JSON file at C:\Users\erikk\AppData\Roaming\Balatro\Mods/Balatro-Aikoyoris-Shenanigans/.vscode/settings.json, ignoring: [SMODS _ "src/loader.lua"]:226: id
INFO - [G] 2025-05-07 09:05:08 :: INFO  :: Loader :: Valid JSON file found
INFO - [G] 2025-05-07 09:05:09 :: INFO  :: Loader :: Valid JSON file found
INFO - [G] 2025-05-07 09:05:09 :: INFO  :: Loader :: Valid JSON file found
INFO - [G] 2025-05-07 09:05:09 :: INFO  :: Loader :: Valid JSON file found
INFO - [G] 2025-05-07 09:05:09 :: ERROR :: Loader :: Found invalid metadata JSON file at C:\Users\erikk\AppData\Roaming\Balatro\Mods/DebugPlus/.luarc.json, ignoring: [SMODS _ "src/loader.lua"]:226: id
INFO - [G] 2025-05-07 09:05:09 :: ERROR :: Loader :: Found invalid metadata JSON file at C:\Users\erikk\AppData\Roaming\Balatro\Mods/DebugPlus/dev/.luarc.json, ignoring: [SMODS _ "src/loader.lua"]:226: id
INFO - [G] 2025-05-07 09:05:09 :: INFO  :: Loader :: Valid JSON file found
INFO - [G] 2025-05-07 09:05:09 :: ERROR :: Loader :: Found invalid metadata JSON file at C:\Users\erikk\AppData\Roaming\Balatro\Mods/Entropy/.vscode/settings.json, ignoring: [SMODS _ "src/loader.lua"]:226: id
INFO - [G] 2025-05-07 09:05:09 :: INFO  :: Loader :: Valid JSON file found
INFO - [G] 2025-05-07 09:05:09 :: INFO  :: Loader :: Valid JSON file found
INFO - [G] 2025-05-07 09:05:09 :: INFO  :: Loader :: Valid JSON file found
INFO - [G] 2025-05-07 09:05:09 :: INFO  :: Loader :: Valid JSON file found
INFO - [G] 2025-05-07 09:05:09 :: TRACE :: Loader :: Processing Mod file (Legacy header): steamodded.lua
INFO - [G] 2025-05-07 09:05:09 :: WARN  :: Loader :: Duplicate Mod ID: Handy
INFO - [G] 2025-05-07 09:05:09 :: INFO  :: Loader :: Valid JSON file found
INFO - [G] 2025-05-07 09:05:09 :: TRACE :: Loader :: Processing Mod file (Legacy header): steamodded_metadata.lua
INFO - [G] 2025-05-07 09:05:09 :: TRACE :: Loader :: Saving Mod Info: Talisman
INFO - [G] 2025-05-07 09:05:09 :: INFO  :: Loader :: Valid JSON file found
INFO - [G] 2025-05-07 09:05:09 :: TRACE :: Loader :: Mod CardSleeves was unable to load: 
INFO - [G] 2025-05-07 09:05:09 :: WARN  :: Sound :: Object garb_surge has the same key as an existing object, not registering.
INFO - [G] 2025-05-07 09:05:09 :: WARN  :: Sound :: If you want to modify an existing object, use take_ownership()
INFO - [G] 2025-05-07 09:05:09 :: TRACE :: Loader :: Mod Cryptid was unable to load: 
INFO - [G] 2025-05-07 09:05:09 :: TRACE :: Loader :: Mod SGTMD was unable to load: 
INFO - [G] 2025-05-07 09:05:09 :: WARN  :: Draw Step :: Detected duplicate register call on object floating_sprite
INFO - [G] 2025-05-07 09:05:09 :: WARN  :: Draw Step :: Detected duplicate register call on object front
INFO - [G] 2025-05-07 09:05:09 :: TRACE :: Loader :: Mod entr was unable to load: Missing Dependencies: 1: Cryptid


INFO - [G] 2025-05-07 09:05:09 :: INFO  :: TIMER :: [0000] Injected Language in 0.001 ms
INFO - [G] 2025-05-07 09:05:09 :: INFO  :: TIMER :: [0000] Injected [INTERNAL] in 1.643 ms
INFO - [G] 2025-05-07 09:05:11 :: INFO  :: TIMER :: [0065] Injected Atlas in 2192.663 ms
INFO - [G] 2025-05-07 09:05:11 :: INFO  :: TIMER :: [0027] Injected Sound in 17.790 ms
INFO - [G] 2025-05-07 09:05:11 :: INFO  :: TIMER :: [0008] Injected Stake in 0.293 ms
INFO - [G] 2025-05-07 09:05:11 :: INFO  :: TIMER :: [0004] Injected Rarity in 0.055 ms
INFO - [G] 2025-05-07 09:05:11 :: INFO  :: TIMER :: [0031] Injected ObjectType in 1.007 ms
INFO - [G] 2025-05-07 09:05:11 :: INFO  :: TIMER :: [0569] Injected Center in 5.934 ms
INFO - [G] 2025-05-07 09:05:11 :: INFO  :: TIMER :: [0010] Injected Undiscovered Sprite in 0.025 ms
INFO - [G] 2025-05-07 09:05:11 :: INFO  :: TIMER :: [0052] Injected Blind in 0.136 ms
INFO - [G] 2025-05-07 09:05:11 :: INFO  :: TIMER :: [0009] Injected Seal in 0.281 ms
INFO - [G] 2025-05-07 09:05:11 :: INFO  :: TIMER :: [0009] Injected Suit in 0.141 ms
INFO - [G] 2025-05-07 09:05:11 :: INFO  :: TIMER :: [0014] Injected Rank in 0.163 ms
INFO - [G] 2025-05-07 09:05:11 :: INFO  :: TIMER :: [0033] Injected DeckSkin in 0.308 ms
INFO - [G] 2025-05-07 09:05:12 :: INFO  :: TIMER :: [0048] Injected PokerHand in 2.747 ms
INFO - [G] 2025-05-07 09:05:12 :: INFO  :: TIMER :: [0030] Injected Challenge in 0.078 ms
INFO - [G] 2025-05-07 09:05:12 :: INFO  :: TIMER :: [0001] Injected Tag in 0.009 ms
INFO - [G] 2025-05-07 09:05:12 :: INFO  :: TIMER :: [0010] Injected Sticker in 0.198 ms
INFO - [G] 2025-05-07 09:05:12 :: INFO  :: TIMER :: [0006] Injected Shader in 88.740 ms
INFO - [G] 2025-05-07 09:05:12 :: INFO  :: TIMER :: [0002] Injected Keybind in 0.013 ms
INFO - [G] 2025-05-07 09:05:12 :: INFO  :: TIMER :: [0006] Injected Achievement in 0.106 ms
INFO - [G] 2025-05-07 09:05:12 :: INFO  :: TIMER :: [0004] Injected nil in 0.019 ms
INFO - [G] 2025-05-07 09:05:12 :: INFO  :: TIMER :: [0023] Injected Draw Step in 0.097 ms
INFO - [G] 2025-05-07 09:05:12 :: INFO  :: TIMER :: [0000] Injected [INTERNAL] in 13.526 ms
INFO - [G] 2025-05-07 09:05:12 :: INFO  :: TIMER :: [0002] Injected nil in 7.911 ms
INFO - [G] 2025-05-07 09:05:34 :: INFO  :: TIMER :: [0000] Injected Language in 0.002 ms
INFO - [G] 2025-05-07 09:05:34 :: INFO  :: TIMER :: [0000] Injected [INTERNAL] in 1.443 ms
INFO - [G] 2025-05-07 09:05:36 :: INFO  :: TIMER :: [0065] Injected Atlas in 2213.133 ms
INFO - [G] 2025-05-07 09:05:36 :: INFO  :: TIMER :: [0027] Injected Sound in 0.078 ms
INFO - [G] 2025-05-07 09:05:36 :: INFO  :: TIMER :: [0008] Injected Stake in 0.100 ms
INFO - [G] 2025-05-07 09:05:36 :: INFO  :: TIMER :: [0004] Injected Rarity in 0.020 ms
INFO - [G] 2025-05-07 09:05:36 :: INFO  :: TIMER :: [0031] Injected ObjectType in 1.185 ms
INFO - [G] 2025-05-07 09:05:36 :: INFO  :: TIMER :: [0569] Injected Center in 4.414 ms
INFO - [G] 2025-05-07 09:05:36 :: INFO  :: TIMER :: [0010] Injected Undiscovered Sprite in 0.020 ms
INFO - [G] 2025-05-07 09:05:36 :: INFO  :: TIMER :: [0052] Injected Blind in 0.103 ms
INFO - [G] 2025-05-07 09:05:36 :: INFO  :: TIMER :: [0009] Injected Seal in 0.343 ms
INFO - [G] 2025-05-07 09:05:36 :: INFO  :: TIMER :: [0009] Injected Suit in 0.100 ms
INFO - [G] 2025-05-07 09:05:36 :: INFO  :: TIMER :: [0014] Injected Rank in 0.130 ms
INFO - [G] 2025-05-07 09:05:36 :: INFO  :: TIMER :: [0033] Injected DeckSkin in 0.189 ms
INFO - [G] 2025-05-07 09:05:36 :: INFO  :: TIMER :: [0048] Injected PokerHand in 0.968 ms
INFO - [G] 2025-05-07 09:05:36 :: INFO  :: TIMER :: [0030] Injected Challenge in 0.051 ms
INFO - [G] 2025-05-07 09:05:36 :: INFO  :: TIMER :: [0001] Injected Tag in 0.009 ms
INFO - [G] 2025-05-07 09:05:36 :: INFO  :: TIMER :: [0010] Injected Sticker in 0.134 ms
INFO - [G] 2025-05-07 09:05:36 :: INFO  :: TIMER :: [0006] Injected Shader in 48.386 ms
INFO - [G] 2025-05-07 09:05:36 :: INFO  :: TIMER :: [0002] Injected Keybind in 0.010 ms
INFO - [G] 2025-05-07 09:05:36 :: INFO  :: TIMER :: [0006] Injected Achievement in 0.097 ms
INFO - [G] 2025-05-07 09:05:36 :: INFO  :: TIMER :: [0004] Injected nil in 0.017 ms
INFO - [G] 2025-05-07 09:05:36 :: INFO  :: TIMER :: [0023] Injected Draw Step in 0.055 ms
INFO - [G] 2025-05-07 09:05:36 :: INFO  :: TIMER :: [0000] Injected [INTERNAL] in 12.903 ms
INFO - [G] 2025-05-07 09:05:36 :: INFO  :: TIMER :: [0002] Injected nil in 8.898 ms
INFO - [G] line not found
INFO - [G] file not found: main.lua: No such file or directory
INFO - [G] file not found: main.lua: No such file or directory
INFO - [G] file not found: functions/button_callbacks.lua: No such file or directory
INFO - [G] file not found: main.lua: No such file or directory
INFO - [G] file not found: main.lua: No such file or directory
INFO - [G] 2025-05-07 09:05:41 :: ERROR :: StackTrace :: Oops! The game crashed
functions/misc_functions.lua:270: attempt to index local 'args' (a boolean value)
Stack Traceback
===============
(1) Lua local 'handler' at file 'main.lua:612'
	Local variables:
	 msg = string: "functions/misc_functions.lua:270: attempt to index local 'args' (a boolean value)"
	 (*temporary) = Lua function '?' (defined at line 31 of chunk [SMODS _ "src/logging.lua"])
	 (*temporary) = string: "Oops! The game crashed\
"
(2) LÖVE metamethod at file 'boot.lua:352'
	Local variables:
	 errhand = Lua function '?' (defined at line 598 of chunk main.lua)
	 handler = Lua function '?' (defined at line 598 of chunk main.lua)
(3) Lua global 'pseudorandom_element' at file 'functions/misc_functions.lua:270'
	Local variables:
	 _t = table: 0x0a7489a8  {1:0.24, 2:-0.24}
	 seed = nil
	 args = boolean: true
	 keys = table: 0x0a7489e8  {}
	 (for generator) = C function: next
	 (for state) = table: 0x0a7489a8  {1:0.24, 2:-0.24}
	 (for control) = number: nan
	 k = number: 1
	 v = number: 0.24
	 keep = boolean: true
	 (*temporary) = number: nan
	 (*temporary) = number: 2
	 (*temporary) = table: 0x05a02558  {click_offset:table: 0x074429b0, children:table: 0x05a02620, parent:table: 0x05a06ff0, T:table: 0x074428c0, offset:table: 0x05a6dd98, role:table: 0x071adc90 (more...)}
	 (*temporary) = nil
	 (*temporary) = string: "attempt to index local 'args' (a boolean value)"
(4) Lua field 'juice_up' at file 'engine/moveable.lua:260'
	Local variables:
	 self = table: 0x05a00a88  {click_offset:table: 0x05919278, children:table: 0x05a00ab0, parent:table: 0x05a00848, T:table: 0x05919188, offset:table: 0x06ec0a68, role:table: 0x072be1d8 (more...)}
	 amount = nil
	 rot_amt = nil
	 amount = number: 0.4
	 end_time = number: 17.7137
	 start_time = number: 17.3137
	 (*temporary) = table: 0x0a7488b8  {scale:0, r:0, scale_amt:0.4}
(5) Lua method 'juice_up' at file 'engine/ui.lua:536'
	Local variables:
	 self = table: 0x05a00a88  {click_offset:table: 0x05919278, children:table: 0x05a00ab0, parent:table: 0x05a00848, T:table: 0x05919188, offset:table: 0x06ec0a68, role:table: 0x072be1d8 (more...)}
	 amount = nil
	 rot_amt = nil
(6) Lua function '?' at file 'functions/button_callbacks.lua:283' (best guess)
	Local variables:
	 e = table: 0x07ac7d28  {pixellated_rect:table: 0x080bd008, click_offset:table: 0x054aaae0, children:table: 0x07ac7d50, parent:table: 0x07ac7b88, T:table: 0x054aa9f0 (more...)}
	 warning_text = table: 0x05a00a88  {click_offset:table: 0x05919278, children:table: 0x05a00ab0, parent:table: 0x05a00848, T:table: 0x05919188, offset:table: 0x06ec0a68, role:table: 0x072be1d8 (more...)}
(7) Lua method 'click' at file 'engine/ui.lua:1028'
	Local variables:
	 self = table: 0x07ac7d28  {pixellated_rect:table: 0x080bd008, click_offset:table: 0x054aaae0, children:table: 0x07ac7d50, parent:table: 0x07ac7b88, T:table: 0x054aa9f0 (more...)}
(8) Lua method 'update' at file 'engine/controller.lua:376'
	Local variables:
	 self = table: 0x05318398  {held_button_times:table: 0x052b5710, focus_cursor_stack_level:1, snap_cursor_to:table: 0x07386c90, interrupt:table: 0x0530efa8, GAMEPAD:table: 0x0532ce10 (more...)}
	 dt = number: 0.00376959
(9) Lua upvalue 'gameUpdateRef' at file 'game.lua:2813'
	Local variables:
	 self = table: 0x053518e8  {F_GUIDE:false, F_CRASH_REPORTS:false, F_QUIT_BUTTON:true, F_ENGLISH_ONLY:false, sort_id:20, F_VIDEO_SETTINGS:true, STAGE:1, F_MOBILE_UI:false (more...)}
	 dt = number: 0
(10) Lua upvalue 'upd' at Steamodded file 'src/ui.lua:84' 
	Local variables:
	 self = table: 0x053518e8  {F_GUIDE:false, F_CRASH_REPORTS:false, F_QUIT_BUTTON:true, F_ENGLISH_ONLY:false, sort_id:20, F_VIDEO_SETTINGS:true, STAGE:1, F_MOBILE_UI:false (more...)}
	 dt = number: 0.00376959
(11) Lua method 'update' at file 'main.lua:6357'
	Local variables:
	 self = table: 0x053518e8  {F_GUIDE:false, F_CRASH_REPORTS:false, F_QUIT_BUTTON:true, F_ENGLISH_ONLY:false, sort_id:20, F_VIDEO_SETTINGS:true, STAGE:1, F_MOBILE_UI:false (more...)}
	 dt = number: 0.00376959
(12) Lua upvalue 'love_update_ref' at file 'main.lua:1118'
	Local variables:
	 dt = number: 0.00376959
(13) Lua upvalue 'oldupd' at file 'main.lua:4341'
	Local variables:
	 dt = number: 0.00376959
(14) Lua field 'update' at file 'main.lua:6390'
	Local variables:
	 dt = number: 0.00376959
(15) Lua function '?' at file 'main.lua:938' (best guess)
(16) global C function 'xpcall'
(17) LÖVE function at file 'boot.lua:377' (best guess)
	Local variables:
	 func = Lua function '?' (defined at line 909 of chunk main.lua)
	 inerror = boolean: true
	 deferErrhand = Lua function '(LÖVE Function)' (defined at line 348 of chunk [love "boot.lua"])
	 earlyinit = Lua function '(LÖVE Function)' (defined at line 355 of chunk [love "boot.lua"])

INFO - [G] file not found: functions/button_callbacks.lua: No such file or directory
INFO - [G] file not found: main.lua: No such file or directory
INFO - [G] file not found: main.lua: No such file or directory
INFO - [G] 2025-05-07 09:05:41 :: INFO  :: StackTrace :: Additional Context:
Balatro Version: 1.0.1o-FULL
Modded Version: 1.0.0~BETA-0506d-STEAMODDED
LÖVE Version: 11.5.0
Lovely Version: 0.7.1
Platform: Windows
Steamodded Mods:
    1: Balatro Goes Kino by IcyEthics [ID: kino, Version: 0.9.0a, Uses Lovely]
    2: Talisman by MathIsFun_, Mathguy24, jenwalter666, cg-223 [ID: Talisman, Version: 2.2.0b, Uses Lovely]
        Break Infinity: omeganum
    3: Galdur by Eremel_ [ID: galdur, Priority: -10000, Version: 1.2, Uses Lovely]
    4: Aikoyori's Shenanigans by Aikoyori [ID: aikoyorisshenanigans, Priority: 300, Version: 0.2.0-alpha-250507a, Uses Lovely]
    5: Handy by SleepyG11 [ID: Handy, Version: 1.4.2a, Uses Lovely]
    6: DebugPlus by WilsontheWolf [ID: DebugPlus, Version: 1.5.0~dev, Uses Lovely]
    7: Garbshit by garb [ID: GARBPACK, Version: 2.0.1, Uses Lovely]
    8: Banner by SylviBlossom [ID: banner, Version: 1.1.1, Uses Lovely]
Lovely Mods:
    1: Entropy
        Has Steamodded mod that failed to load.
        Missing Dependencies:
            1. Cryptid
