INFO - [♥] Lovely 0.7.1
INFO - [♥] Game directory is at "C:\\Program Files (x86)\\Steam\\steamapps\\common\\Balatro"
INFO - [♥] Writing logs to "C:\\Users\\erikk\\AppData\\Roaming\\Balatro\\Mods\\lovely\\log"
INFO - [♥] Using mod directory at "C:\\Users\\erikk\\AppData\\Roaming\\Balatro\\Mods"
INFO - [♥] Found .lovelyignore in 'AzzysJokers-1.2.2', skipping it.
INFO - [♥] Found .lovelyignore in 'Balatro-Draft-main', skipping it.
INFO - [♥] Found .lovelyignore in 'Extreme Deck', skipping it.
INFO - [♥] Found .lovelyignore in 'Flower-Pot-main', skipping it.
INFO - [♥] Found .lovelyignore in 'kcvanilla-master', skipping it.
INFO - [♥] Found .lovelyignore in 'luckyjimbos-main', skipping it.
INFO - [♥] Found .lovelyignore in 'Mistigris', skipping it.
INFO - [♥] Found .lovelyignore in 'MoreFluff-main', skipping it.
INFO - [♥] Found .lovelyignore in 'NeatoJokers-main', skipping it.
INFO - [♥] Found .lovelyignore in 'Plantain-main', skipping it.
INFO - [♥] Found .lovelyignore in 'Prism-main', skipping it.
INFO - [♥] Found .lovelyignore in 'Quilombo', skipping it.
INFO - [♥] Found .lovelyignore in 'RuinaDecks-main', skipping it.
INFO - [♥] Found .lovelyignore in 'SauKhongHuDecks-main', skipping it.
INFO - [♥] Found .lovelyignore in 'SDM_0-s-Stuff-main', skipping it.
INFO - [♥] Found .lovelyignore in 'TerrariaXBalatro-main', skipping it.
INFO - [♥] Found .lovelyignore in 'TOGAPackBalatro-main', skipping it.
INFO - [♥] Found .lovelyignore in 'TooManyDecks-main', skipping it.
WARN - [♥] Unknown key `patches.21.?.match_indent` found in patch file at "C:\\Users\\erikk\\AppData\\Roaming\\Balatro\\Mods\\Cryptid-main\\lovely\\code.toml", ignoring it
WARN - [♥] Unknown key `patches.49.?.match_indent` found in patch file at "C:\\Users\\erikk\\AppData\\Roaming\\Balatro\\Mods\\Talisman\\lovely.toml", ignoring it
WARN - [♥] Unknown key `patches.52.?.match_indent` found in patch file at "C:\\Users\\erikk\\AppData\\Roaming\\Balatro\\Mods\\Talisman\\lovely.toml", ignoring it
INFO - [♥] Cleaning up dumps directory at "C:\\Users\\erikk\\AppData\\Roaming\\Balatro\\Mods\\lovely\\dump"
INFO - [♥] Initialization complete in 1399ms
WARN - [♥] Pattern 'G.ARGS.score_intensity.organ = G.video_organ or G.ARGS.score_intensity.required_score > 0 and math.max(math.min(0.4, 0.1*math.log(G.ARGS.score_intensity.earned_score/(G.ARGS.score_intensity.required_score+1), 5)),0.) or 0' on target 'main.lua' for pattern patch from Talisman\lovely.toml resulted in no matches
WARN - [♥] Pattern 'if type(G.GAME.current_round.current_hand.chips) ~= \'number\' or type(G.GAME.current_round.current_hand.mult) ~= \'number\' then' on target 'main.lua' for pattern patch from Talisman\lovely.toml resulted in no matches
INFO - [♥] Applied 17 patches to 'main.lua'
INFO - [♥] Applied 2 patches to 'engine/string_packer.lua'
INFO - [♥] Applied 7 patches to 'engine/controller.lua'
INFO - [♥] Applied 15 patches to 'back.lua'
INFO - [♥] Applied 18 patches to 'tag.lua'
INFO - [♥] Applied 1 patch to 'engine/node.lua'
INFO - [♥] Applied 3 patches to 'engine/moveable.lua'
INFO - [♥] Applied 3 patches to 'engine/sprite.lua'
INFO - [♥] Applied 2 patches to 'engine/animatedsprite.lua'
WARN - [♥] Pattern 'assembled_string = assembled_string..(type(subpart) == \'string\' and subpart or args.vars[tonumber(subpart[1])] or \'ERROR\')' on target 'functions/misc_functions.lua' for pattern patch from Talisman\lovely.toml resulted in no matches
INFO - [♥] Applied 59 patches to 'functions/misc_functions.lua'
WARN - [♥] Pattern 'for i = 1, 2 do' on target 'game.lua' for pattern patch from Cryptid-main\lovely\stake.toml resulted in no matches
WARN - [♥] Pattern 'create_shop_card_ui(card, \'Voucher\', G.shop_vouchers)' on target 'game.lua' for pattern patch from Cryptid-main\lovely\stake.toml resulted in no matches
WARN - [♥] Pattern 'self.GAME.current_round.voucher = G.SETTINGS.tutorial_progress and G.SETTINGS.tutorial_progress.forced_voucher or SMODS.get_next_vouchers()' on target 'game.lua' for pattern patch from Cryptid-main\lovely\very_fair.toml resulted in no matches
WARN - [♥] Pattern 'self.GAME.current_round.voucher = G.SETTINGS.tutorial_progress and G.SETTINGS.tutorial_progress.forced_voucher or get_next_voucher_key()' on target 'game.lua' for pattern patch from Cryptid-main\lovely\Voucher.toml resulted in no matches
WARN - [♥] Regex 'card\\:start_materialize\\(\\)\\n\\s+G\\.shop_vouchers\\:emplace\\(card\\)\\n\\s+end' on target 'game.lua' for regex patch from Cryptid-main\lovely\Voucher.toml resulted in no matches
INFO - [♥] Applied 85 patches to 'game.lua'
INFO - [♥] Applied 1 patch to 'globals.lua'
INFO - [♥] Applied 6 patches to 'engine/ui.lua'
WARN - [♥] Pattern 'G.GAME.shop.joker_max*1.02*G.CARD_W,' on target 'functions/UI_definitions.lua' for pattern patch from Cryptid-main\lovely\equilibrium.toml resulted in no matches
WARN - [♥] Pattern '{n=G.UIT.T, config={text = G.GAME.hands[handname].chips, scale = 0.45, colour = G.C.UI.TEXT_LIGHT}},' on target 'functions/UI_definitions.lua' for pattern patch from Talisman\lovely.toml resulted in no matches
WARN - [♥] Pattern '{n=G.UIT.T, config={text = G.GAME.hands[handname].mult, scale = 0.45, colour = G.C.UI.TEXT_LIGHT}}' on target 'functions/UI_definitions.lua' for pattern patch from Talisman\lovely.toml resulted in no matches
INFO - [♥] Applied 104 patches to 'functions/UI_definitions.lua'
WARN - [♥] Pattern 'ease_to = G.GAME.chips + math.floor(hand_chips * mult) * (e and e.antiscore and -1 or 1),' on target 'functions/state_events.lua' for pattern patch from Cryptid-main\lovely\blind.toml resulted in no matches
WARN - [♥] Pattern 'if reps[j] ~= 1 then' on target 'functions/state_events.lua' for pattern patch from Cryptid-main\lovely\misc.toml resulted in no matches
WARN - [♥] Pattern 'for i=1, #G.jokers.cards + #G.consumeables.cards do' on target 'functions/state_events.lua' for pattern patch from Cryptid-main\lovely\misc.toml resulted in no matches
WARN - [♥] Pattern 'local effects = {[1] = {playing_card = G.hand.cards[i]:get_end_of_round_effect()}}' on target 'functions/state_events.lua' for pattern patch from Cryptid-main\lovely\stake.toml resulted in no matches
WARN - [♥] Pattern 'G.GAME.current_round.voucher = get_next_voucher_key()' on target 'functions/state_events.lua' for pattern patch from Cryptid-main\lovely\sticker.toml resulted in no matches
WARN - [♥] Pattern 'G.GAME.current_round.voucher = get_next_voucher_key()' on target 'functions/state_events.lua' for pattern patch from Cryptid-main\lovely\Voucher.toml resulted in no matches
WARN - [♥] Pattern 'if effects[ii].card then' on target 'functions/state_events.lua' for pattern patch from Talisman\lovely.toml resulted in no matches
WARN - [♥] Pattern 'if effects.jokers.Xmult_mod then mult = mod_mult(mult*effects.jokers.Xmult_mod);extras.mult = true  end' on target 'functions/state_events.lua' for pattern patch from Talisman\lovely.toml resulted in no matches
WARN - [♥] Pattern 'if effect.Xmult_mod then mult = mod_mult(mult*effect.Xmult_mod);extras.mult = true  end' on target 'functions/state_events.lua' for pattern patch from Talisman\lovely.toml resulted in no matches
WARN - [♥] Pattern 'if effects[ii].message then' on target 'functions/state_events.lua' for pattern patch from Talisman\lovely.toml resulted in no matches
WARN - [♥] Pattern '--calculate the card edition effects' on target 'functions/state_events.lua' for pattern patch from Talisman\lovely.toml resulted in no matches
WARN - [♥] Pattern 'if effects[ii].edition.p_dollars_mod then' on target 'functions/state_events.lua' for pattern patch from Talisman\lovely.toml resulted in no matches
WARN - [♥] Pattern 'if edition_effects.jokers.x_mult_mod then' on target 'functions/state_events.lua' for pattern patch from Talisman\lovely.toml resulted in no matches
WARN - [♥] Pattern 'if SMODS.has_enhancement(scoring_hand[i], \'m_glass\') and not scoring_hand[i].debuff and pseudorandom(\'glass\') < G.GAME.probabilities.normal/(scoring_hand[i].ability.name == \'Glass Card\' and scoring_hand[i].ability.extra or G.P_CENTERS.m_glass.config.extra) then' on target 'functions/state_events.lua' for pattern patch from Cryptid-main\lovely\Probability.toml resulted in no matches
WARN - [♥] Regex '(?<indent>[\\t ]*)if destroyed then \\n' on target 'functions/state_events.lua' for regex patch from Cryptid-main\lovely\seal.toml resulted in no matches
INFO - [♥] Applied 82 patches to 'functions/state_events.lua'
WARN - [♥] Pattern '{n=G.UIT.T, config={text = localize(\'$\')..config.dollars, scale = 1.2*scale, colour = G.C.WHITE, shadow = true, juice = true}}' on target 'functions/common_events.lua' for pattern patch from Cryptid-main\lovely\code.toml resulted in no matches
WARN - [♥] Pattern 'G.shop_jokers.T.w = G.GAME.shop.joker_max*1.01*G.CARD_W' on target 'functions/common_events.lua' for pattern patch from Cryptid-main\lovely\equilibrium.toml resulted in no matches
WARN - [♥] Pattern 'function generate_card_ui(_c, full_UI_table, specific_vars, card_type, badges, hide_desc, main_start, main_end)' on target 'functions/common_events.lua' for pattern patch from Cryptid-main\lovely\lib_misc.toml resulted in no matches
WARN - [♥] Pattern 'elseif v.boss.showdown and (G.GAME.round_resets.ante)%G.GAME.win_ante == 0 and G.GAME.round_resets.ante >= 2 then' on target 'functions/common_events.lua' for pattern patch from Cryptid-main\lovely\stake.toml resulted in no matches
WARN - [♥] Regex 'localize\\(\'ph_mr_bones\'\\)..\' \'\\}, colours = \\{G.C.FILTER' on target 'functions/common_events.lua' for regex patch from Cryptid-main\lovely\code.toml resulted in no matches
WARN - [♥] Pattern 'if num_dollars > 60 then' on target 'functions/common_events.lua' for pattern patch from Talisman\lovely.toml resulted in no matches
WARN - [♥] Pattern 'func = (function() if eval_func(card) then if not first or first then card:juice_up(0.1, 0.1) end;juice_card_until(card, eval_func, nil, 0.8) end return true end)' on target 'functions/common_events.lua' for pattern patch from Talisman\lovely.toml resulted in no matches
INFO - [♥] Applied 176 patches to 'functions/common_events.lua'
WARN - [♥] Pattern 'if ((G.GAME.dollars-G.GAME.bankrupt_at) - 10 >= 0) and' on target 'functions/button_callbacks.lua' for pattern patch from Talisman\lovely.toml resulted in no matches
INFO - [♥] Applied 74 patches to 'functions/button_callbacks.lua'
WARN - [♥] Pattern '*then G.E_MANAGER:add_event(Event({ func = function() G.GAME.blind:set_blind(nil, true, nil); return true end })) end' on target 'card.lua' for pattern patch from smods-main\lovely\calculate_card_added.toml resulted in 2 matches, wanted 1
WARN - [♥] Ignoring excess matches
WARN - [♥] Pattern 'if not initial then G.GAME.blind:debuff_card(self) end' on target 'card.lua' for pattern patch from Cryptid-main\lovely\lib_misc.toml resulted in no matches
WARN - [♥] Pattern 'if self.ability.name == \'Campfire\' and G.GAME.blind.boss and not (G.GAME.blind.config and G.GAME.blind.config.bonus) and self.ability.x_mult > 1 then' on target 'card.lua' for pattern patch from Cryptid-main\lovely\misc.toml resulted in no matches
WARN - [♥] Pattern 'if self.ability.name:find(\'Arcana\') then' on target 'card.lua' for pattern patch from Cryptid-main\lovely\misprint.toml resulted in no matches
WARN - [♥] Pattern 'if self.ability.name == \'The Hermit\' or self.ability.consumeable.hand_type or self.ability.name == \'Temperance\' or self.ability.name == \'Black Hole\' then' on target 'card.lua' for pattern patch from Cryptid-main\lovely\stake.toml resulted in no matches
WARN - [♥] Pattern 'if self.ability.queue_negative_removal then' on target 'card.lua' for pattern patch from Cryptid-main\lovely\sticker.toml resulted in no matches
WARN - [♥] Pattern 'G.GAME.current_round.voucher = nil' on target 'card.lua' for pattern patch from Cryptid-main\lovely\Voucher.toml resulted in no matches
WARN - [♥] Pattern 'if G.GAME.blind then G.E_MANAGER:add_event(Event({ func = function() G.GAME.blind:set_blind(nil, true, nil); return true end })) end' on target 'card.lua' for pattern patch from Talisman\lovely.toml resulted in no matches
WARN - [♥] Pattern 'x_mult = center.config.Xmult or 1,' on target 'card.lua' for pattern patch from Talisman\lovely.toml resulted in no matches
WARN - [♥] Pattern 'elseif self.ability.name == \'Business Card\' then loc_vars = {\'\'..(G.GAME and G.GAME.probabilities.normal or 1), self.ability.extra}' on target 'card.lua' for pattern patch from Cryptid-main\lovely\Probability.toml resulted in no matches
WARN - [♥] Pattern 'pseudorandom(\'business\') < G.GAME.probabilities.normal/self.ability.extra then' on target 'card.lua' for pattern patch from Cryptid-main\lovely\Probability.toml resulted in no matches
INFO - [♥] Applied 255 patches to 'card.lua'
INFO - [♥] Applied 19 patches to 'cardarea.lua'
INFO - [♥] Applied 40 patches to 'blind.lua'
INFO - [♥] Applied 2 patches to 'card_character.lua'
INFO - [♥] Applied 5 patches to 'engine/text.lua'
INFO - [♥] Applied 2 patches to '=[SMODS _ "src/utils.lua"]'
INFO - [♥] Applied 4 patches to '=[SMODS _ "src/overrides.lua"]'
INFO - [♥] Applied 1 patch to '=[SMODS _ "src/game_object.lua"]'
INFO - [G] Failed to connect to the debug server
INFO - [G] 2025-04-23 09:11:26 :: DEBUG :: DebugConsole :: Steamodded Debug Socket started !
INFO - [G] 2025-04-23 09:11:26 :: INFO  :: SMODS :: Steamodded v1.0.0~BETA-0416b
INFO - [♥] Applied 9 patches to 'engine/sound_manager.lua'
INFO - [♥] Applied 3 patches to 'engine/save_manager.lua'
INFO - [♥] Applied 2 patches to 'engine/string_packer.lua'
INFO - [♥] Applied 4 patches to '=[SMODS _ "src/card_draw.lua"]'
INFO - [G] 2025-04-23 09:11:28 :: TRACE :: Loader :: Processing Mod file (Legacy header): Azazel.lua
INFO - [G] 2025-04-23 09:11:28 :: TRACE :: Loader :: Saving Mod Info: AzzysJokers
INFO - [G] 2025-04-23 09:11:28 :: INFO  :: Loader :: Valid JSON file found
INFO - [G] 2025-04-23 09:11:29 :: INFO  :: Loader :: Valid JSON file found
INFO - [G] 2025-04-23 09:11:29 :: INFO  :: Loader :: Valid JSON file found
INFO - [G] 2025-04-23 09:11:29 :: INFO  :: Loader :: Valid JSON file found
INFO - [G] 2025-04-23 09:11:29 :: TRACE :: Loader :: Processing Mod file (Legacy header): steamodded_metadata.lua
INFO - [G] 2025-04-23 09:11:29 :: TRACE :: Loader :: Saving Mod Info: Talisman
INFO - [G] 2025-04-23 09:11:29 :: INFO  :: Loader :: Valid JSON file found
INFO - [G] 2025-04-23 09:11:29 :: TRACE :: Loader :: Processing Mod file (Legacy header): MoreFluff.lua
INFO - [G] 2025-04-23 09:11:29 :: TRACE :: Loader :: Saving Mod Info: MoreFluff
INFO - [G] 2025-04-23 09:11:30 :: INFO  :: Loader :: Valid JSON file found
INFO - [G] 2025-04-23 09:11:30 :: INFO  :: Loader :: Valid JSON file found
INFO - [G] 2025-04-23 09:11:30 :: INFO  :: Loader :: Valid JSON file found
INFO - [G] 2025-04-23 09:11:30 :: INFO  :: Loader :: Valid JSON file found
INFO - [G] 2025-04-23 09:11:30 :: INFO  :: Loader :: Valid JSON file found
INFO - [G] 2025-04-23 09:11:30 :: TRACE :: Loader :: Processing Mod file (Legacy header): main.lua
INFO - [G] 2025-04-23 09:11:30 :: TRACE :: Loader :: Saving Mod Info: sdm0sstuff
INFO - [G] 2025-04-23 09:11:30 :: INFO  :: Loader :: Valid JSON file found
INFO - [G] 2025-04-23 09:11:31 :: INFO  :: Loader :: Valid JSON file found
INFO - [G] 2025-04-23 09:11:31 :: TRACE :: Loader :: Processing Mod file (Legacy header): steamodded_metadata.lua
INFO - [G] 2025-04-23 09:11:31 :: WARN  :: Loader :: Duplicate Mod ID: Talisman
INFO - [G] 2025-04-23 09:11:31 :: WARN  :: Loader :: Duplicate Mod prefix talisman used by Talisman, Talisman
INFO - [G] 2025-04-23 09:11:31 :: INFO  :: Loader :: Valid JSON file found
INFO - [G] 2025-04-23 09:11:31 :: ERROR :: Loader :: Found invalid metadata JSON file at C:\Users\erikk\AppData\Roaming\Balatro\Mods/TooManyDecks-main/.vscode/settings.json, ignoring: [SMODS _ "src/loader.lua"]:226: id
INFO - [G] 2025-04-23 09:11:31 :: INFO  :: Loader :: Valid JSON file found
INFO - [G] 2025-04-23 09:11:31 :: INFO  :: Loader :: Valid JSON file found
INFO - [G] 2025-04-23 09:11:31 :: INFO  :: Loader :: Valid JSON file found
INFO - [G] 2025-04-23 09:11:31 :: TRACE :: Loader :: Mod AzzysJokers was unable to load: 
INFO - [G] 2025-04-23 09:11:31 :: TRACE :: Loader :: Mod ExtremeDecks was unable to load: 
INFO - [G] 2025-04-23 09:11:31 :: TRACE :: Loader :: Mod FlowerPot was unable to load: 
INFO - [G] 2025-04-23 09:11:31 :: TRACE :: Loader :: Mod L6_luckyjimbo was unable to load: 
INFO - [G] 2025-04-23 09:11:31 :: TRACE :: Loader :: Mod MoreFluff was unable to load: 
INFO - [G] 2025-04-23 09:11:31 :: TRACE :: Loader :: Mod Neato_Jokers was unable to load: 
INFO - [G] 2025-04-23 09:11:31 :: TRACE :: Loader :: Mod Prism was unable to load: 
INFO - [G] 2025-04-23 09:11:31 :: TRACE :: Loader :: Mod RuinaDecks was unable to load: 
INFO - [G] 2025-04-23 09:11:31 :: TRACE :: Loader :: Mod SGTMD was unable to load: 
INFO - [G] 2025-04-23 09:11:31 :: TRACE :: Loader :: Mod SKHDecks was unable to load: 
INFO - [G] 2025-04-23 09:11:31 :: TRACE :: Loader :: Mod TOGAPack was unable to load: 
INFO - [G] 2025-04-23 09:11:31 :: TRACE :: Loader :: Mod TerrariaXBalatro was unable to load: 
INFO - [G] 2025-04-23 09:11:31 :: TRACE :: Loader :: Mod kcvanilla was unable to load: 
INFO - [G] 2025-04-23 09:11:31 :: TRACE :: Loader :: Mod sdm0sstuff was unable to load: 
INFO - [G] 2025-04-23 09:11:31 :: TRACE :: Loader :: Mod plantain was unable to load: 
INFO - [G] 2025-04-23 09:11:31 :: TRACE :: Loader :: Mod quilombo was unable to load: 
INFO - [G] 2025-04-23 09:11:31 :: TRACE :: Loader :: Mod mistigris was unable to load: 
INFO - [G] [CRYPTID] Loading library file ascended.lua
INFO - [G] [CRYPTID] Loading library file calculate.lua
INFO - [G] [CRYPTID] Loading library file content.lua
INFO - [G] [CRYPTID] Loading library file cross-mod.lua
INFO - [G] [CRYPTID] Loading library file d20.lua
INFO - [G] [CRYPTID] Loading library file event.lua
INFO - [G] [CRYPTID] Loading library file gameset.lua
INFO - [G] [CRYPTID] Loading library file https.lua
INFO - [G] 2025-04-23 09:11:31 :: DEBUG :: SMODS.https :: Using https module backend
INFO - [G] [CRYPTID] Loading library file misc.lua
INFO - [G] [CRYPTID] Loading library file misprintize.lua
INFO - [G] [CRYPTID] Loading library file modifiers.lua
INFO - [G] 2025-04-23 09:11:31 :: WARN  :: Sticker :: Detected duplicate register call on object perishable
INFO - [G] 2025-04-23 09:11:31 :: WARN  :: Sticker :: Detected duplicate register call on object pinned
INFO - [G] 2025-04-23 09:11:31 :: WARN  :: Sticker :: Detected duplicate register call on object eternal
INFO - [G] 2025-04-23 09:11:31 :: WARN  :: Sticker :: Detected duplicate register call on object rental
INFO - [G] [CRYPTID] Loading library file notifications.lua
INFO - [G] [CRYPTID] Loading library file overrides.lua
INFO - [G] [CRYPTID] Loading library file ui.lua
INFO - [G] [CRYPTID] Loading file achievement.lua
INFO - [G] [CRYPTID] Loading file blind.lua
INFO - [G] [CRYPTID] Loading file challenge.lua
INFO - [G] [CRYPTID] Loading file code.lua
INFO - [G] [CRYPTID] Loading file deck.lua
INFO - [G] [CRYPTID] Loading file enhanced.lua
INFO - [G] [CRYPTID] Loading file epic.lua
INFO - [G] [CRYPTID] Loading file exotic.lua
INFO - [G] [CRYPTID] Loading file joker_display.lua
INFO - [G] [CRYPTID] Loading file m.lua
INFO - [G] [CRYPTID] Loading file misc.lua
INFO - [G] [CRYPTID] Loading file misc_joker.lua
INFO - [G] [CRYPTID] Loading file planet.lua
INFO - [G] [CRYPTID] Loading file sleeve.lua
INFO - [G] [CRYPTID] Loading file spectral.lua
INFO - [G] [CRYPTID] Loading file spooky.lua
INFO - [G] [CRYPTID] Loading file stake.lua
INFO - [G] [CRYPTID] Loading file tag.lua
INFO - [G] [CRYPTID] Loading file test.lua
INFO - [G] [CRYPTID] Loading file voucher.lua
INFO - [G] 2025-04-23 09:11:31 :: WARN  :: Atlas :: Object cry_effarcire has the same key as an existing object, not registering.
INFO - [G] 2025-04-23 09:11:31 :: WARN  :: Atlas :: If you want to modify an existing object, use take_ownership()
INFO - [G] 2025-04-23 09:11:31 :: TRACE :: Loader :: Mod draft was unable to load: 
INFO - [G] 2025-04-23 09:11:31 :: INFO  :: TIMER :: [0000] Injected Language in 0.001 ms
INFO - [G] 2025-04-23 09:11:31 :: INFO  :: TIMER :: [0000] Injected [INTERNAL] in 14.785 ms
INFO - [G] 2025-04-23 09:11:32 :: INFO  :: TIMER :: [0031] Injected Atlas in 1380.741 ms
INFO - [G] 2025-04-23 09:11:33 :: INFO  :: TIMER :: [0030] Injected Sound in 380.198 ms
INFO - [G] 2025-04-23 09:11:33 :: INFO  :: TIMER :: [0032] Injected Stake in 1.103 ms
INFO - [G] 2025-04-23 09:11:33 :: INFO  :: TIMER :: [0008] Injected Rarity in 0.035 ms
INFO - [G] 2025-04-23 09:11:33 :: INFO  :: TIMER :: [0010] Injected ObjectType in 0.099 ms
INFO - [G] 2025-04-23 09:11:33 :: INFO  :: TIMER :: [0387] Injected Center in 2.742 ms
INFO - [G] 2025-04-23 09:11:33 :: INFO  :: TIMER :: [0009] Injected Undiscovered Sprite in 0.013 ms
INFO - [G] 2025-04-23 09:11:33 :: INFO  :: TIMER :: [0029] Injected Blind in 0.051 ms
INFO - [G] 2025-04-23 09:11:33 :: INFO  :: TIMER :: [0006] Injected Seal in 0.161 ms
INFO - [G] 2025-04-23 09:11:33 :: INFO  :: TIMER :: [0004] Injected Suit in 0.088 ms
INFO - [G] 2025-04-23 09:11:33 :: INFO  :: TIMER :: [0013] Injected Rank in 0.083 ms
INFO - [G] 2025-04-23 09:11:33 :: INFO  :: TIMER :: [0028] Injected DeckSkin in 0.303 ms
INFO - [G] 2025-04-23 09:11:33 :: INFO  :: TIMER :: [0016] Injected PokerHand in 0.071 ms
INFO - [G] 2025-04-23 09:11:33 :: INFO  :: TIMER :: [0031] Injected Challenge in 0.201 ms
INFO - [G] 2025-04-23 09:11:33 :: INFO  :: TIMER :: [0028] Injected Tag in 0.208 ms
INFO - [G] 2025-04-23 09:11:33 :: INFO  :: TIMER :: [0009] Injected Sticker in 0.906 ms
INFO - [G] 2025-04-23 09:11:33 :: INFO  :: TIMER :: [0009] Injected Shader in 272.954 ms
INFO - [G] 2025-04-23 09:11:33 :: INFO  :: TIMER :: [0002] Injected Keybind in 0.013 ms
INFO - [G] 2025-04-23 09:11:33 :: INFO  :: TIMER :: [0021] Injected Achievement in 0.245 ms
INFO - [G] 2025-04-23 09:11:33 :: INFO  :: TIMER :: [0002] Injected nil in 0.009 ms
INFO - [G] 2025-04-23 09:11:33 :: INFO  :: TIMER :: [0023] Injected Draw Step in 0.250 ms
INFO - [G] 2025-04-23 09:11:33 :: INFO  :: TIMER :: [0000] Injected [INTERNAL] in 23.310 ms
INFO - [G] 2025-04-23 09:11:33 :: INFO  :: TIMER :: [0010] Injected Other in 0.024 ms
INFO - [♥] Applied 1 patch to '=[SMODS _ "smods-https-thread.lua"]'
INFO - [G] 2025-04-23 09:11:38 :: DEBUG :: SMODS.https(1) :: Using https module backend
INFO - [♥] Applied 1 patch to '=[SMODS _ "smods-https-thread.lua"]'
INFO - [G] 2025-04-23 09:12:38 :: DEBUG :: SMODS.https(2) :: Using https module backend
INFO - [♥] Applied 1 patch to '=[SMODS _ "smods-https-thread.lua"]'
INFO - [G] 2025-04-23 09:13:38 :: DEBUG :: SMODS.https(3) :: Using https module backend
INFO - [♥] Applied 1 patch to '=[SMODS _ "smods-https-thread.lua"]'
INFO - [G] 2025-04-23 09:14:38 :: DEBUG :: SMODS.https(4) :: Using https module backend
INFO - [♥] Applied 1 patch to '=[SMODS _ "smods-https-thread.lua"]'
INFO - [G] 2025-04-23 09:15:38 :: DEBUG :: SMODS.https(5) :: Using https module backend
INFO - [♥] Applied 1 patch to '=[SMODS _ "smods-https-thread.lua"]'
INFO - [G] 2025-04-23 09:16:39 :: DEBUG :: SMODS.https(6) :: Using https module backend
INFO - [♥] Applied 1 patch to '=[SMODS _ "smods-https-thread.lua"]'
INFO - [G] 2025-04-23 09:17:39 :: DEBUG :: SMODS.https(7) :: Using https module backend
INFO - [G] LONG DT @ 572: 0.08563988489754
INFO - [G] LONG DT @ 572: 0.072522707918046
INFO - [G] LONG DT @ 572: 0.062001546334437
INFO - [G] LONG DT @ 572: 0.053403497067547
INFO - [♥] Applied 1 patch to '=[SMODS _ "smods-https-thread.lua"]'
INFO - [G] 2025-04-23 09:23:53 :: DEBUG :: SMODS.https(8) :: Using https module backend
INFO - [♥] Applied 1 patch to '=[SMODS _ "smods-https-thread.lua"]'
INFO - [G] 2025-04-23 09:24:54 :: DEBUG :: SMODS.https(9) :: Using https module backend
INFO - [♥] Applied 1 patch to '=[SMODS _ "smods-https-thread.lua"]'
INFO - [G] 2025-04-23 09:25:55 :: DEBUG :: SMODS.https(10) :: Using https module backend
INFO - [♥] Applied 1 patch to '=[SMODS _ "smods-https-thread.lua"]'
INFO - [G] 2025-04-23 09:26:57 :: DEBUG :: SMODS.https(11) :: Using https module backend
INFO - [♥] Applied 1 patch to '=[SMODS _ "smods-https-thread.lua"]'
INFO - [G] 2025-04-23 09:27:58 :: DEBUG :: SMODS.https(12) :: Using https module backend
INFO - [♥] Applied 1 patch to '=[SMODS _ "smods-https-thread.lua"]'
INFO - [G] 2025-04-23 09:28:58 :: DEBUG :: SMODS.https(13) :: Using https module backend
INFO - [♥] Applied 1 patch to '=[SMODS _ "smods-https-thread.lua"]'
INFO - [G] 2025-04-23 09:29:58 :: DEBUG :: SMODS.https(14) :: Using https module backend
INFO - [♥] Applied 1 patch to '=[SMODS _ "smods-https-thread.lua"]'
INFO - [G] 2025-04-23 09:30:59 :: DEBUG :: SMODS.https(15) :: Using https module backend
INFO - [♥] Applied 1 patch to '=[SMODS _ "smods-https-thread.lua"]'
INFO - [G] 2025-04-23 09:32:00 :: DEBUG :: SMODS.https(16) :: Using https module backend
INFO - [♥] Applied 1 patch to '=[SMODS _ "smods-https-thread.lua"]'
INFO - [G] 2025-04-23 09:33:00 :: DEBUG :: SMODS.https(17) :: Using https module backend
INFO - [♥] Applied 1 patch to '=[SMODS _ "smods-https-thread.lua"]'
INFO - [G] 2025-04-23 09:34:00 :: DEBUG :: SMODS.https(18) :: Using https module backend
INFO - [♥] Applied 1 patch to '=[SMODS _ "smods-https-thread.lua"]'
INFO - [G] 2025-04-23 09:35:00 :: DEBUG :: SMODS.https(19) :: Using https module backend
INFO - [♥] Applied 1 patch to '=[SMODS _ "smods-https-thread.lua"]'
INFO - [G] 2025-04-23 09:36:00 :: DEBUG :: SMODS.https(20) :: Using https module backend
INFO - [♥] Applied 1 patch to '=[SMODS _ "smods-https-thread.lua"]'
INFO - [G] 2025-04-23 09:37:00 :: DEBUG :: SMODS.https(21) :: Using https module backend
INFO - [♥] Applied 1 patch to '=[SMODS _ "smods-https-thread.lua"]'
INFO - [G] 2025-04-23 09:38:00 :: DEBUG :: SMODS.https(22) :: Using https module backend
INFO - [♥] Applied 1 patch to '=[SMODS _ "smods-https-thread.lua"]'
INFO - [G] 2025-04-23 09:39:04 :: DEBUG :: SMODS.https(23) :: Using https module backend
INFO - [♥] Applied 1 patch to '=[SMODS _ "smods-https-thread.lua"]'
INFO - [G] 2025-04-23 09:40:05 :: DEBUG :: SMODS.https(24) :: Using https module backend
INFO - [♥] Applied 1 patch to '=[SMODS _ "smods-https-thread.lua"]'
INFO - [G] 2025-04-23 09:41:05 :: DEBUG :: SMODS.https(25) :: Using https module backend
INFO - [♥] Applied 1 patch to '=[SMODS _ "smods-https-thread.lua"]'
INFO - [G] 2025-04-23 09:42:05 :: DEBUG :: SMODS.https(26) :: Using https module backend
INFO - [♥] Applied 1 patch to '=[SMODS _ "smods-https-thread.lua"]'
INFO - [G] 2025-04-23 09:43:05 :: DEBUG :: SMODS.https(27) :: Using https module backend
INFO - [♥] Applied 1 patch to '=[SMODS _ "smods-https-thread.lua"]'
INFO - [G] 2025-04-23 09:44:05 :: DEBUG :: SMODS.https(28) :: Using https module backend
INFO - [♥] Applied 1 patch to '=[SMODS _ "smods-https-thread.lua"]'
INFO - [G] 2025-04-23 09:45:08 :: DEBUG :: SMODS.https(29) :: Using https module backend
INFO - [♥] Applied 1 patch to '=[SMODS _ "smods-https-thread.lua"]'
INFO - [G] 2025-04-23 09:46:08 :: DEBUG :: SMODS.https(30) :: Using https module backend
INFO - [♥] Applied 1 patch to '=[SMODS _ "smods-https-thread.lua"]'
INFO - [G] 2025-04-23 09:47:11 :: DEBUG :: SMODS.https(31) :: Using https module backend
INFO - [♥] Applied 1 patch to '=[SMODS _ "smods-https-thread.lua"]'
INFO - [G] 2025-04-23 09:48:12 :: DEBUG :: SMODS.https(32) :: Using https module backend
INFO - [♥] Applied 1 patch to '=[SMODS _ "smods-https-thread.lua"]'
INFO - [G] 2025-04-23 09:49:12 :: DEBUG :: SMODS.https(33) :: Using https module backend
INFO - [♥] Applied 1 patch to '=[SMODS _ "smods-https-thread.lua"]'
INFO - [G] 2025-04-23 09:50:12 :: DEBUG :: SMODS.https(34) :: Using https module backend
INFO - [♥] Applied 1 patch to '=[SMODS _ "smods-https-thread.lua"]'
INFO - [G] 2025-04-23 09:51:12 :: DEBUG :: SMODS.https(35) :: Using https module backend
INFO - [♥] Applied 1 patch to '=[SMODS _ "smods-https-thread.lua"]'
INFO - [G] 2025-04-23 09:52:12 :: DEBUG :: SMODS.https(36) :: Using https module backend
INFO - [♥] Applied 1 patch to '=[SMODS _ "smods-https-thread.lua"]'
INFO - [G] 2025-04-23 09:53:13 :: DEBUG :: SMODS.https(37) :: Using https module backend
INFO - [♥] Applied 1 patch to '=[SMODS _ "smods-https-thread.lua"]'
INFO - [G] 2025-04-23 09:54:13 :: DEBUG :: SMODS.https(38) :: Using https module backend
INFO - [♥] Applied 1 patch to '=[SMODS _ "smods-https-thread.lua"]'
INFO - [G] 2025-04-23 09:55:13 :: DEBUG :: SMODS.https(39) :: Using https module backend
INFO - [♥] Applied 1 patch to '=[SMODS _ "smods-https-thread.lua"]'
INFO - [G] 2025-04-23 09:56:13 :: DEBUG :: SMODS.https(40) :: Using https module backend
INFO - [♥] Applied 1 patch to '=[SMODS _ "smods-https-thread.lua"]'
INFO - [G] 2025-04-23 09:57:13 :: DEBUG :: SMODS.https(41) :: Using https module backend
INFO - [♥] Applied 1 patch to '=[SMODS _ "smods-https-thread.lua"]'
INFO - [G] 2025-04-23 09:58:16 :: DEBUG :: SMODS.https(42) :: Using https module backend
INFO - [♥] Applied 1 patch to '=[SMODS _ "smods-https-thread.lua"]'
INFO - [G] 2025-04-23 09:59:17 :: DEBUG :: SMODS.https(43) :: Using https module backend
INFO - [♥] Applied 1 patch to '=[SMODS _ "smods-https-thread.lua"]'
INFO - [G] 2025-04-23 10:00:18 :: DEBUG :: SMODS.https(44) :: Using https module backend
INFO - [♥] Applied 1 patch to '=[SMODS _ "smods-https-thread.lua"]'
INFO - [G] 2025-04-23 10:01:18 :: DEBUG :: SMODS.https(45) :: Using https module backend
INFO - [♥] Applied 1 patch to '=[SMODS _ "smods-https-thread.lua"]'
INFO - [G] 2025-04-23 10:02:18 :: DEBUG :: SMODS.https(46) :: Using https module backend
INFO - [♥] Applied 1 patch to '=[SMODS _ "smods-https-thread.lua"]'
INFO - [G] 2025-04-23 10:03:18 :: DEBUG :: SMODS.https(47) :: Using https module backend
INFO - [♥] Applied 1 patch to '=[SMODS _ "smods-https-thread.lua"]'
INFO - [G] 2025-04-23 10:04:18 :: DEBUG :: SMODS.https(48) :: Using https module backend
INFO - [♥] Applied 1 patch to '=[SMODS _ "smods-https-thread.lua"]'
INFO - [G] 2025-04-23 10:05:19 :: DEBUG :: SMODS.https(49) :: Using https module backend
INFO - [♥] Applied 1 patch to '=[SMODS _ "smods-https-thread.lua"]'
INFO - [G] 2025-04-23 10:06:19 :: DEBUG :: SMODS.https(50) :: Using https module backend
INFO - [♥] Applied 1 patch to '=[SMODS _ "smods-https-thread.lua"]'
INFO - [G] 2025-04-23 10:07:23 :: DEBUG :: SMODS.https(51) :: Using https module backend
INFO - [♥] Applied 1 patch to '=[SMODS _ "smods-https-thread.lua"]'
INFO - [G] 2025-04-23 10:08:25 :: DEBUG :: SMODS.https(52) :: Using https module backend
INFO - [♥] Applied 1 patch to '=[SMODS _ "smods-https-thread.lua"]'
INFO - [G] 2025-04-23 10:09:25 :: DEBUG :: SMODS.https(53) :: Using https module backend
INFO - [♥] Applied 1 patch to '=[SMODS _ "smods-https-thread.lua"]'
INFO - [G] 2025-04-23 10:10:25 :: DEBUG :: SMODS.https(54) :: Using https module backend
INFO - [♥] Applied 1 patch to '=[SMODS _ "smods-https-thread.lua"]'
INFO - [G] 2025-04-23 10:11:26 :: DEBUG :: SMODS.https(55) :: Using https module backend
INFO - [♥] Applied 1 patch to '=[SMODS _ "smods-https-thread.lua"]'
INFO - [G] 2025-04-23 10:12:26 :: DEBUG :: SMODS.https(56) :: Using https module backend
INFO - [♥] Applied 1 patch to '=[SMODS _ "smods-https-thread.lua"]'
INFO - [G] 2025-04-23 10:13:26 :: DEBUG :: SMODS.https(57) :: Using https module backend
INFO - [♥] Applied 1 patch to '=[SMODS _ "smods-https-thread.lua"]'
INFO - [G] 2025-04-23 10:14:26 :: DEBUG :: SMODS.https(58) :: Using https module backend
INFO - [♥] Applied 1 patch to '=[SMODS _ "smods-https-thread.lua"]'
INFO - [G] 2025-04-23 10:15:27 :: DEBUG :: SMODS.https(59) :: Using https module backend
INFO - [♥] Applied 1 patch to '=[SMODS _ "smods-https-thread.lua"]'
INFO - [G] 2025-04-23 10:16:27 :: DEBUG :: SMODS.https(60) :: Using https module backend
INFO - [♥] Applied 1 patch to '=[SMODS _ "smods-https-thread.lua"]'
INFO - [G] 2025-04-23 10:17:27 :: DEBUG :: SMODS.https(61) :: Using https module backend
INFO - [♥] Applied 1 patch to '=[SMODS _ "smods-https-thread.lua"]'
INFO - [G] 2025-04-23 10:18:29 :: DEBUG :: SMODS.https(62) :: Using https module backend
INFO - [♥] Applied 1 patch to '=[SMODS _ "smods-https-thread.lua"]'
INFO - [G] 2025-04-23 10:19:30 :: DEBUG :: SMODS.https(63) :: Using https module backend
INFO - [♥] Applied 1 patch to '=[SMODS _ "smods-https-thread.lua"]'
INFO - [G] 2025-04-23 10:20:30 :: DEBUG :: SMODS.https(64) :: Using https module backend
INFO - [♥] Applied 1 patch to '=[SMODS _ "smods-https-thread.lua"]'
INFO - [G] 2025-04-23 10:21:30 :: DEBUG :: SMODS.https(65) :: Using https module backend
INFO - [♥] Applied 1 patch to '=[SMODS _ "smods-https-thread.lua"]'
INFO - [G] 2025-04-23 10:22:30 :: DEBUG :: SMODS.https(66) :: Using https module backend
INFO - [♥] Applied 1 patch to '=[SMODS _ "smods-https-thread.lua"]'
INFO - [G] 2025-04-23 10:23:31 :: DEBUG :: SMODS.https(67) :: Using https module backend
INFO - [♥] Applied 1 patch to '=[SMODS _ "smods-https-thread.lua"]'
INFO - [G] 2025-04-23 10:24:31 :: DEBUG :: SMODS.https(68) :: Using https module backend
INFO - [♥] Applied 1 patch to '=[SMODS _ "smods-https-thread.lua"]'
INFO - [G] 2025-04-23 10:25:31 :: DEBUG :: SMODS.https(69) :: Using https module backend
INFO - [♥] Applied 1 patch to '=[SMODS _ "smods-https-thread.lua"]'
INFO - [G] 2025-04-23 10:26:32 :: DEBUG :: SMODS.https(70) :: Using https module backend
INFO - [♥] Applied 1 patch to '=[SMODS _ "smods-https-thread.lua"]'
INFO - [G] 2025-04-23 10:27:32 :: DEBUG :: SMODS.https(71) :: Using https module backend
INFO - [♥] Applied 1 patch to '=[SMODS _ "smods-https-thread.lua"]'
INFO - [G] 2025-04-23 10:28:32 :: DEBUG :: SMODS.https(72) :: Using https module backend
INFO - [♥] Applied 1 patch to '=[SMODS _ "smods-https-thread.lua"]'
INFO - [G] 2025-04-23 10:29:32 :: DEBUG :: SMODS.https(73) :: Using https module backend
INFO - [♥] Applied 1 patch to '=[SMODS _ "smods-https-thread.lua"]'
INFO - [G] 2025-04-23 10:30:33 :: DEBUG :: SMODS.https(74) :: Using https module backend
INFO - [♥] Applied 1 patch to '=[SMODS _ "smods-https-thread.lua"]'
INFO - [G] 2025-04-23 10:31:33 :: DEBUG :: SMODS.https(75) :: Using https module backend
INFO - [G] LONG DT @ 4820: 0.050423353534284
INFO - [♥] Applied 1 patch to '=[SMODS _ "smods-https-thread.lua"]'
INFO - [G] 2025-04-23 10:32:33 :: DEBUG :: SMODS.https(76) :: Using https module backend
INFO - [♥] Applied 1 patch to '=[SMODS _ "smods-https-thread.lua"]'
INFO - [G] 2025-04-23 10:33:35 :: DEBUG :: SMODS.https(77) :: Using https module backend
INFO - [♥] Applied 1 patch to '=[SMODS _ "smods-https-thread.lua"]'
INFO - [G] 2025-04-23 10:34:35 :: DEBUG :: SMODS.https(78) :: Using https module backend
INFO - [♥] Applied 1 patch to '=[SMODS _ "smods-https-thread.lua"]'
INFO - [G] 2025-04-23 10:35:36 :: DEBUG :: SMODS.https(79) :: Using https module backend
INFO - [G] LONG DT @ 5105: 0.054573490608017
INFO - [♥] Applied 1 patch to '=[SMODS _ "smods-https-thread.lua"]'
INFO - [G] 2025-04-23 10:36:36 :: DEBUG :: SMODS.https(80) :: Using https module backend
INFO - [♥] Applied 1 patch to '=[SMODS _ "smods-https-thread.lua"]'
INFO - [G] 2025-04-23 10:37:36 :: DEBUG :: SMODS.https(81) :: Using https module backend
INFO - [G] LONG DT @ 5206: 0.053393966595392
INFO - [♥] Applied 1 patch to '=[SMODS _ "smods-https-thread.lua"]'
INFO - [G] 2025-04-23 10:38:37 :: DEBUG :: SMODS.https(82) :: Using https module backend
INFO - [♥] Applied 1 patch to '=[SMODS _ "smods-https-thread.lua"]'
INFO - [G] 2025-04-23 10:39:37 :: DEBUG :: SMODS.https(83) :: Using https module backend
INFO - [♥] Applied 1 patch to '=[SMODS _ "smods-https-thread.lua"]'
INFO - [G] 2025-04-23 10:40:37 :: DEBUG :: SMODS.https(84) :: Using https module backend
INFO - [G] LONG DT @ 5407: 0.061647922554314
INFO - [G] LONG DT @ 5407: 0.052923918043563
INFO - [♥] Applied 1 patch to '=[SMODS _ "smods-https-thread.lua"]'
INFO - [G] 2025-04-23 10:41:37 :: DEBUG :: SMODS.https(85) :: Using https module backend
INFO - [♥] Applied 1 patch to '=[SMODS _ "smods-https-thread.lua"]'
INFO - [G] 2025-04-23 10:42:37 :: DEBUG :: SMODS.https(86) :: Using https module backend
INFO - [G] LONG DT @ 5501: 0.070836975560671
INFO - [G] LONG DT @ 5501: 0.061070420448554
INFO - [G] LONG DT @ 5501: 0.052496136358862
INFO - [G] LONG DT @ 5517: 0.055422398282671
INFO - [♥] Applied 1 patch to '=[SMODS _ "smods-https-thread.lua"]'
INFO - [G] 2025-04-23 10:43:37 :: DEBUG :: SMODS.https(87) :: Using https module backend
INFO - [♥] Applied 1 patch to '=[SMODS _ "smods-https-thread.lua"]'
INFO - [G] 2025-04-23 10:44:38 :: DEBUG :: SMODS.https(88) :: Using https module backend
INFO - [G] LONG DT @ 5633: 0.062914418055881
INFO - [G] LONG DT @ 5633: 0.056533894444657
INFO - [♥] Applied 1 patch to '=[SMODS _ "smods-https-thread.lua"]'
INFO - [G] 2025-04-23 10:45:38 :: DEBUG :: SMODS.https(89) :: Using https module backend
INFO - [G] LONG DT @ 5654: 0.067685790632025
INFO - [G] LONG DT @ 5654: 0.058134052505647
INFO - [G] LONG DT @ 5654: 0.050452802004437
INFO - [♥] Applied 1 patch to '=[SMODS _ "smods-https-thread.lua"]'
INFO - [G] 2025-04-23 10:46:38 :: DEBUG :: SMODS.https(90) :: Using https module backend
INFO - [♥] Applied 1 patch to '=[SMODS _ "smods-https-thread.lua"]'
INFO - [G] 2025-04-23 10:47:39 :: DEBUG :: SMODS.https(91) :: Using https module backend
INFO - [♥] Applied 1 patch to '=[SMODS _ "smods-https-thread.lua"]'
INFO - [G] 2025-04-23 10:48:39 :: DEBUG :: SMODS.https(92) :: Using https module backend
INFO - [♥] Applied 1 patch to '=[SMODS _ "smods-https-thread.lua"]'
INFO - [G] 2025-04-23 10:49:39 :: DEBUG :: SMODS.https(93) :: Using https module backend
INFO - [♥] Applied 1 patch to '=[SMODS _ "smods-https-thread.lua"]'
INFO - [G] 2025-04-23 10:50:40 :: DEBUG :: SMODS.https(94) :: Using https module backend
INFO - [G] LONG DT @ 5999: 0.058056242054819
INFO - [G] LONG DT @ 6000: 0.050940733643803
INFO - [♥] Applied 1 patch to '=[SMODS _ "smods-https-thread.lua"]'
INFO - [G] 2025-04-23 10:51:40 :: DEBUG :: SMODS.https(95) :: Using https module backend
INFO - [G] LONG DT @ 6016: 0.071902467789355
INFO - [G] LONG DT @ 6016: 0.063956674231438
INFO - [G] LONG DT @ 6016: 0.055247339385167
INFO - [G] LONG DT @ 6064: 0.051583265289037
INFO - [♥] Applied 1 patch to '=[SMODS _ "smods-https-thread.lua"]'
INFO - [G] 2025-04-23 10:52:40 :: DEBUG :: SMODS.https(96) :: Using https module backend
INFO - [G] LONG DT @ 6074: 0.050996374140808
INFO - [♥] Applied 1 patch to '=[SMODS _ "smods-https-thread.lua"]'
INFO - [G] 2025-04-23 10:53:40 :: DEBUG :: SMODS.https(97) :: Using https module backend
INFO - [♥] Applied 1 patch to '=[SMODS _ "smods-https-thread.lua"]'
INFO - [G] 2025-04-23 10:54:41 :: DEBUG :: SMODS.https(98) :: Using https module backend
INFO - [♥] Applied 1 patch to '=[SMODS _ "smods-https-thread.lua"]'
INFO - [G] 2025-04-23 10:55:41 :: DEBUG :: SMODS.https(99) :: Using https module backend
INFO - [G] LONG DT @ 6264: 0.05298409635896
INFO - [G] LONG DT @ 6275: 0.059709556048643
INFO - [G] LONG DT @ 6275: 0.051686044838844
INFO - [♥] Applied 1 patch to '=[SMODS _ "smods-https-thread.lua"]'
INFO - [G] 2025-04-23 10:56:41 :: DEBUG :: SMODS.https(100) :: Using https module backend
INFO - [G] LONG DT @ 6349: 0.050532588570568
INFO - [♥] Applied 1 patch to '=[SMODS _ "smods-https-thread.lua"]'
INFO - [G] 2025-04-23 10:57:42 :: DEBUG :: SMODS.https(101) :: Using https module backend
INFO - [G] LONG DT @ 6425: 0.053941427029612
INFO - [♥] Applied 1 patch to '=[SMODS _ "smods-https-thread.lua"]'
INFO - [G] 2025-04-23 10:58:42 :: DEBUG :: SMODS.https(102) :: Using https module backend
INFO - [G] LONG DT @ 6438: 0.059206540464634
INFO - [G] LONG DT @ 6438: 0.052478032371623
INFO - [♥] Applied 1 patch to '=[SMODS _ "smods-https-thread.lua"]'
INFO - [G] 2025-04-23 10:59:43 :: DEBUG :: SMODS.https(103) :: Using https module backend
INFO - [G] LONG DT @ 6551: 0.071880633869326
INFO - [G] LONG DT @ 6551: 0.061395867095404
INFO - [G] LONG DT @ 6551: 0.05318781367644
INFO - [♥] Applied 1 patch to '=[SMODS _ "smods-https-thread.lua"]'
INFO - [G] 2025-04-23 11:00:43 :: DEBUG :: SMODS.https(104) :: Using https module backend
INFO - [G] LONG DT @ 6582: 0.050479413401857
INFO - [♥] Applied 1 patch to '=[SMODS _ "smods-https-thread.lua"]'
INFO - [G] 2025-04-23 11:01:43 :: DEBUG :: SMODS.https(105) :: Using https module backend
INFO - [G] LONG DT @ 6648: 0.053094949645239
INFO - [♥] Applied 1 patch to '=[SMODS _ "smods-https-thread.lua"]'
INFO - [G] 2025-04-23 11:02:44 :: DEBUG :: SMODS.https(106) :: Using https module backend
INFO - [G] LONG DT @ 6684: 0.052947208099196
INFO - [♥] Applied 1 patch to '=[SMODS _ "smods-https-thread.lua"]'
INFO - [G] 2025-04-23 11:03:44 :: DEBUG :: SMODS.https(107) :: Using https module backend
INFO - [♥] Applied 1 patch to '=[SMODS _ "smods-https-thread.lua"]'
INFO - [G] 2025-04-23 11:04:44 :: DEBUG :: SMODS.https(108) :: Using https module backend
INFO - [G] LONG DT @ 6851: 0.052580534624151
INFO - [♥] Applied 1 patch to '=[SMODS _ "smods-https-thread.lua"]'
INFO - [G] 2025-04-23 11:05:45 :: DEBUG :: SMODS.https(109) :: Using https module backend
INFO - [G] LONG DT @ 6875: 0.065220798233026
INFO - [G] LONG DT @ 6875: 0.057582418586422
INFO - [G] LONG DT @ 6875: 0.050672414869212
INFO - [G] LONG DT @ 6889: 0.062121067429956
INFO - [G] LONG DT @ 6889: 0.053336913943963
INFO - [♥] Applied 1 patch to '=[SMODS _ "smods-https-thread.lua"]'
INFO - [G] 2025-04-23 11:06:45 :: DEBUG :: SMODS.https(110) :: Using https module backend
INFO - [G] LONG DT @ 6959: 0.052940747859495
INFO - [G] LONG DT @ 6975: 0.059465624909719
INFO - [G] LONG DT @ 6975: 0.051552279927784
INFO - [♥] Applied 1 patch to '=[SMODS _ "smods-https-thread.lua"]'
INFO - [G] 2025-04-23 11:07:46 :: DEBUG :: SMODS.https(111) :: Using https module backend
INFO - [G] LONG DT @ 6989: 0.076319610747493
INFO - [G] LONG DT @ 6990: 0.067595528598
INFO - [G] LONG DT @ 6990: 0.060316902878305
INFO - [G] LONG DT @ 6990: 0.05444624230268
INFO - [G] LONG DT @ 6995: 0.060299285962431
INFO - [G] LONG DT @ 6995: 0.052977588770069
INFO - [G] LONG DT @ 7016: 0.064474943932364
INFO - [G] LONG DT @ 7017: 0.056096195145866
INFO - [♥] Applied 1 patch to '=[SMODS _ "smods-https-thread.lua"]'
INFO - [G] 2025-04-23 11:08:46 :: DEBUG :: SMODS.https(112) :: Using https module backend
INFO - [G] LONG DT @ 7048: 0.052344781097594
INFO - [G] LONG DT @ 7088: 0.052967201438294
INFO - [♥] Applied 1 patch to '=[SMODS _ "smods-https-thread.lua"]'
INFO - [G] 2025-04-23 11:09:46 :: DEBUG :: SMODS.https(113) :: Using https module backend
INFO - [♥] Applied 1 patch to '=[SMODS _ "smods-https-thread.lua"]'
INFO - [G] 2025-04-23 11:10:47 :: DEBUG :: SMODS.https(114) :: Using https module backend
INFO - [G] LONG DT @ 7167: 0.053622870373627
INFO - [G] LONG DT @ 7176: 0.082989957114549
INFO - [G] LONG DT @ 7176: 0.07231312569171
INFO - [G] LONG DT @ 7176: 0.062085740553348
INFO - [G] LONG DT @ 7176: 0.054470872442645
INFO - [♥] Applied 1 patch to '=[SMODS _ "smods-https-thread.lua"]'
INFO - [G] 2025-04-23 11:11:47 :: DEBUG :: SMODS.https(115) :: Using https module backend
INFO - [G] LONG DT @ 7245: 0.063487846547367
INFO - [G] LONG DT @ 7245: 0.055160097237995
INFO - [G] LONG DT @ 7269: 0.055875755308373
INFO - [♥] Applied 1 patch to '=[SMODS _ "smods-https-thread.lua"]'
INFO - [G] 2025-04-23 11:12:47 :: DEBUG :: SMODS.https(116) :: Using https module backend
INFO - [♥] Applied 1 patch to '=[SMODS _ "smods-https-thread.lua"]'
INFO - [G] 2025-04-23 11:13:48 :: DEBUG :: SMODS.https(117) :: Using https module backend
INFO - [G] LONG DT @ 7374: 0.05905400452632
INFO - [G] LONG DT @ 7374: 0.052144903620993
INFO - [G] LONG DT @ 7392: 0.067074147142828
INFO - [G] LONG DT @ 7392: 0.057649257714145
INFO - [♥] Applied 1 patch to '=[SMODS _ "smods-https-thread.lua"]'
INFO - [G] 2025-04-23 11:14:48 :: DEBUG :: SMODS.https(118) :: Using https module backend
INFO - [♥] Applied 1 patch to '=[SMODS _ "smods-https-thread.lua"]'
INFO - [G] 2025-04-23 11:15:48 :: DEBUG :: SMODS.https(119) :: Using https module backend
INFO - [G] LONG DT @ 7462: 0.050507544696691
INFO - [G] LONG DT @ 7493: 0.051875744112549
INFO - [♥] Applied 1 patch to '=[SMODS _ "smods-https-thread.lua"]'
INFO - [G] 2025-04-23 11:16:49 :: DEBUG :: SMODS.https(120) :: Using https module backend
INFO - [♥] Applied 1 patch to '=[SMODS _ "smods-https-thread.lua"]'
INFO - [G] 2025-04-23 11:17:50 :: DEBUG :: SMODS.https(121) :: Using https module backend
INFO - [G] LONG DT @ 7587: 0.063062434024469
INFO - [G] LONG DT @ 7587: 0.055398067219547
INFO - [G] LONG DT @ 7609: 0.057860619339722
INFO - [G] LONG DT @ 7609: 0.050059935471724
INFO - [♥] Applied 1 patch to '=[SMODS _ "smods-https-thread.lua"]'
INFO - [G] 2025-04-23 11:18:51 :: DEBUG :: SMODS.https(122) :: Using https module backend
INFO - [G] LONG DT @ 7659: 0.059913826025284
INFO - [G] LONG DT @ 7659: 0.052223600820324
INFO - [♥] Applied 1 patch to '=[SMODS _ "smods-https-thread.lua"]'
INFO - [G] 2025-04-23 11:19:51 :: DEBUG :: SMODS.https(123) :: Using https module backend
INFO - [G] LONG DT @ 7715: 0.055309139397172
INFO - [♥] Applied 1 patch to '=[SMODS _ "smods-https-thread.lua"]'
INFO - [G] 2025-04-23 11:20:52 :: DEBUG :: SMODS.https(124) :: Using https module backend
INFO - [G] LONG DT @ 7785: 0.064060355380357
INFO - [G] LONG DT @ 7785: 0.056001584304188
INFO - [G] LONG DT @ 7790: 0.050598605063584
INFO - [G] LONG DT @ 7790: 0.051682684050798
INFO - [G] LONG DT @ 7790: 0.052446967240594
INFO - [G] LONG DT @ 7790: 0.05313835379247
INFO - [G] LONG DT @ 7791: 0.064799790993349
INFO - [G] LONG DT @ 7791: 0.056597492794675
INFO - [G] LONG DT @ 7791: 0.050015654235877
INFO - [G] LONG DT @ 7792: 0.055012085333651
INFO - [G] LONG DT @ 7797: 0.053935619162955
INFO - [G] LONG DT @ 7797: 0.079728995330491
INFO - [G] LONG DT @ 7797: 0.069159296264314
INFO - [G] LONG DT @ 7797: 0.060800337011401
INFO - [G] LONG DT @ 7797: 0.053126089609203
INFO - [♥] Applied 1 patch to '=[SMODS _ "smods-https-thread.lua"]'
INFO - [G] 2025-04-23 11:21:52 :: DEBUG :: SMODS.https(125) :: Using https module backend
INFO - [G] LONG DT @ 7834: 0.053291964024314
INFO - [G] LONG DT @ 7855: 0.068919827961442
INFO - [G] LONG DT @ 7855: 0.059602402369221
INFO - [G] LONG DT @ 7855: 0.051710841895395
INFO - [G] LONG DT @ 7872: 0.053195162998999
INFO - [♥] Applied 1 patch to '=[SMODS _ "smods-https-thread.lua"]'
INFO - [G] 2025-04-23 11:22:52 :: DEBUG :: SMODS.https(126) :: Using https module backend
INFO - [G] LONG DT @ 7899: 0.050275679145496
INFO - [G] LONG DT @ 7900: 0.051248343316408
INFO - [G] LONG DT @ 7902: 0.053319249127718
INFO - [G] LONG DT @ 7932: 0.051345387720515
INFO - [G] LONG DT @ 7932: 0.05231461017638
INFO - [G] LONG DT @ 7933: 0.053107808141066
INFO - [G] LONG DT @ 7933: 0.053576506512981
INFO - [G] LONG DT @ 7933: 0.052175685210306
INFO - [G] LONG DT @ 7935: 0.061447096204857
INFO - [G] LONG DT @ 7935: 0.07636059696383
INFO - [G] LONG DT @ 7935: 0.066180977571201
INFO - [G] LONG DT @ 7935: 0.06364658205684
INFO - [G] LONG DT @ 7935: 0.09831702564548
INFO - [G] LONG DT @ 7935: 0.083741940516343
INFO - [G] LONG DT @ 7935: 0.071648112413091
INFO - [G] LONG DT @ 7935: 0.062442289930474
INFO - [G] LONG DT @ 7935: 0.054543531944376
INFO - [G] LONG DT @ 7940: 0.051109366110099
INFO - [G] LONG DT @ 7940: 0.06677463288802
INFO - [G] LONG DT @ 7940: 0.05751876631046
INFO - [G] LONG DT @ 7940: 0.050205353048246
INFO - [♥] Applied 1 patch to '=[SMODS _ "smods-https-thread.lua"]'
INFO - [G] 2025-04-23 11:23:53 :: DEBUG :: SMODS.https(127) :: Using https module backend
INFO - [G] LONG DT @ 7970: 0.051018457812755
INFO - [G] LONG DT @ 7976: 0.050943769573053
INFO - [G] LONG DT @ 7976: 0.052379715658436
INFO - [G] LONG DT @ 7976: 0.05298331252674
INFO - [G] LONG DT @ 7976: 0.053442010021347
INFO - [G] LONG DT @ 7976: 0.051545728017076
INFO - [G] LONG DT @ 7978: 0.058203331591623
INFO - [G] LONG DT @ 7978: 0.051586125273419
INFO - [G] LONG DT @ 7984: 0.058177629962895
INFO - [G] LONG DT @ 7984: 0.050733683970359
INFO - [♥] Applied 1 patch to '=[SMODS _ "smods-https-thread.lua"]'
INFO - [G] 2025-04-23 11:24:54 :: DEBUG :: SMODS.https(128) :: Using https module backend
INFO - [G] LONG DT @ 8012: 0.053732443697677
INFO - [G] LONG DT @ 8016: 0.050970990188251
INFO - [G] LONG DT @ 8016: 0.051935172150471
INFO - [G] LONG DT @ 8016: 0.052639237720353
INFO - [G] LONG DT @ 8016: 0.050212750176283
INFO - [G] LONG DT @ 8018: 0.058059950321698
INFO - [G] LONG DT @ 8018: 0.051446200257344
INFO - [G] LONG DT @ 8038: 0.074414920005311
INFO - [G] LONG DT @ 8038: 0.065540996004246
INFO - [G] LONG DT @ 8038: 0.075005476803336
INFO - [G] LONG DT @ 8038: 0.082008221442739
INFO - [G] LONG DT @ 8038: 0.088026097154231
INFO - [G] LONG DT @ 8038: 0.074715637723287
INFO - [G] LONG DT @ 8038: 0.079667090178702
INFO - [G] LONG DT @ 8038: 0.067868632142972
INFO - [G] LONG DT @ 8038: 0.074092625714329
INFO - [G] LONG DT @ 8039: 0.063359220571409
INFO - [G] LONG DT @ 8039: 0.070395116457139
INFO - [G] LONG DT @ 8039: 0.060417893165701
INFO - [G] LONG DT @ 8039: 0.068020034532613
INFO - [G] LONG DT @ 8039: 0.058617027626193
INFO - [G] LONG DT @ 8039: 0.051321362100801
INFO - [G] LONG DT @ 8045: 0.050252688773294
INFO - [G] LONG DT @ 8047: 0.070515825588411
INFO - [G] LONG DT @ 8047: 0.061131000470729
INFO - [G] LONG DT @ 8047: 0.053522680376697
INFO - [♥] Applied 1 patch to '=[SMODS _ "smods-https-thread.lua"]'
INFO - [G] 2025-04-23 11:25:54 :: DEBUG :: SMODS.https(129) :: Using https module backend
INFO - [G] LONG DT @ 8066: 0.075285649311343
INFO - [G] LONG DT @ 8067: 0.067627379448995
INFO - [G] LONG DT @ 8067: 0.061442443559237
INFO - [G] LONG DT @ 8067: 0.056168574847363
INFO - [G] LONG DT @ 8067: 0.051918039877842
INFO - [G] LONG DT @ 8074: 0.056219785855797
INFO - [G] LONG DT @ 8074: 0.050165848684647
INFO - [G] LONG DT @ 8075: 0.051054107750682
INFO - [G] LONG DT @ 8075: 0.052500486200627
INFO - [G] LONG DT @ 8075: 0.053221888960421
INFO - [G] LONG DT @ 8075: 0.053737771168334
INFO - [G] LONG DT @ 8075: 0.053044756934723
INFO - [G] LONG DT @ 8082: 0.055029377882305
INFO - [G] LONG DT @ 8082: 0.085161382305795
INFO - [G] LONG DT @ 8082: 0.072308625844707
INFO - [G] LONG DT @ 8082: 0.062507140675741
INFO - [G] LONG DT @ 8082: 0.054611632540587
INFO - [G] LONG DT @ 8120: 0.055520515642964
INFO - [♥] Applied 1 patch to '=[SMODS _ "smods-https-thread.lua"]'
INFO - [G] 2025-04-23 11:26:55 :: DEBUG :: SMODS.https(130) :: Using https module backend
INFO - [G] LONG DT @ 8132: 0.051175338264063
INFO - [G] LONG DT @ 8147: 0.055711257845574
INFO - [G] LONG DT @ 8147: 0.050532886276404
INFO - [G] LONG DT @ 8147: 0.061957829021222
INFO - [G] LONG DT @ 8147: 0.055248543216905
INFO - [G] LONG DT @ 8168: 0.0598583782602
INFO - [G] LONG DT @ 8168: 0.053486602608176
INFO - [G] LONG DT @ 8174: 0.067862768400749
INFO - [G] LONG DT @ 8174: 0.060337294720516
INFO - [G] LONG DT @ 8174: 0.053393775776388
INFO - [G] LONG DT @ 8182: 0.066948580971932
INFO - [G] LONG DT @ 8182: 0.059753644777624
INFO - [G] LONG DT @ 8182: 0.053401775821835
INFO - [G] LONG DT @ 8183: 0.05101370712976
INFO - [G] LONG DT @ 8183: 0.052502985703999
INFO - [G] LONG DT @ 8183: 0.053642888563266
INFO - [G] LONG DT @ 8183: 0.054785610850597
INFO - [G] LONG DT @ 8183: 0.055195888680495
INFO - [G] LONG DT @ 8183: 0.055596910944321
INFO - [G] LONG DT @ 8183: 0.0565748087554
INFO - [G] LONG DT @ 8183: 0.056694007004455
INFO - [G] LONG DT @ 8183: 0.056648085603311
INFO - [G] LONG DT @ 8183: 0.055550428482886
INFO - [♥] Applied 1 patch to '=[SMODS _ "smods-https-thread.lua"]'
INFO - [G] 2025-04-23 11:27:55 :: DEBUG :: SMODS.https(131) :: Using https module backend
INFO - [G] LONG DT @ 8201: 0.062582384677159
INFO - [G] LONG DT @ 8201: 0.054776787741857
INFO - [♥] Applied 1 patch to '=[SMODS _ "smods-https-thread.lua"]'
INFO - [G] 2025-04-23 11:28:56 :: DEBUG :: SMODS.https(132) :: Using https module backend
INFO - [G] LONG DT @ 8298: 0.054746836863814
INFO - [♥] Applied 1 patch to '=[SMODS _ "smods-https-thread.lua"]'
INFO - [G] 2025-04-23 11:29:56 :: DEBUG :: SMODS.https(133) :: Using https module backend
INFO - [♥] Applied 1 patch to '=[SMODS _ "smods-https-thread.lua"]'
INFO - [G] 2025-04-23 11:30:56 :: DEBUG :: SMODS.https(134) :: Using https module backend
INFO - [G] LONG DT @ 8425: 0.05668245211311
INFO - [G] LONG DT @ 8425: 0.05106208169034
INFO - [♥] Applied 1 patch to '=[SMODS _ "smods-https-thread.lua"]'
INFO - [G] 2025-04-23 11:31:57 :: DEBUG :: SMODS.https(135) :: Using https module backend
INFO - [♥] Applied 1 patch to '=[SMODS _ "smods-https-thread.lua"]'
INFO - [G] 2025-04-23 11:32:57 :: DEBUG :: SMODS.https(136) :: Using https module backend
INFO - [G] LONG DT @ 8490: 0.051369120282945
INFO - [♥] Applied 1 patch to '=[SMODS _ "smods-https-thread.lua"]'
INFO - [G] 2025-04-23 11:33:58 :: DEBUG :: SMODS.https(137) :: Using https module backend
INFO - [♥] Applied 1 patch to '=[SMODS _ "smods-https-thread.lua"]'
INFO - [G] 2025-04-23 11:34:58 :: DEBUG :: SMODS.https(138) :: Using https module backend
INFO - [♥] Applied 1 patch to '=[SMODS _ "smods-https-thread.lua"]'
INFO - [G] 2025-04-23 11:35:58 :: DEBUG :: SMODS.https(139) :: Using https module backend
INFO - [♥] Applied 1 patch to '=[SMODS _ "smods-https-thread.lua"]'
INFO - [G] 2025-04-23 11:36:59 :: DEBUG :: SMODS.https(140) :: Using https module backend
INFO - [♥] Applied 1 patch to '=[SMODS _ "smods-https-thread.lua"]'
INFO - [G] 2025-04-23 11:37:59 :: DEBUG :: SMODS.https(141) :: Using https module backend
INFO - [G] LONG DT @ 8845: 0.05315659799593
INFO - [G] LONG DT @ 8850: 0.050013797035891
INFO - [♥] Applied 1 patch to '=[SMODS _ "smods-https-thread.lua"]'
INFO - [G] 2025-04-23 11:39:00 :: DEBUG :: SMODS.https(142) :: Using https module backend
INFO - [G] LONG DT @ 8860: 0.050559330533255
INFO - [G] LONG DT @ 8860: 0.051808324426663
INFO - [G] LONG DT @ 8860: 0.052417779541216
INFO - [G] LONG DT @ 8860: 0.052855463632852
INFO - [G] LONG DT @ 8860: 0.05337829090663
INFO - [G] LONG DT @ 8874: 0.1
INFO - [G] LONG DT @ 8874: 0.087307080000101
INFO - [G] LONG DT @ 8874: 0.076205404000051
INFO - [G] LONG DT @ 8874: 0.067372363199992
INFO - [G] LONG DT @ 8874: 0.058484450560092
INFO - [G] LONG DT @ 8874: 0.051305760447875
INFO - [G] LONG DT @ 8877: 0.050347714015743
INFO - [G] LONG DT @ 8877: 0.051062531212483
INFO - [G] LONG DT @ 8877: 0.051591984970073
INFO - [G] LONG DT @ 8877: 0.050155407975864
INFO - [G] LONG DT @ 8899: 0.056330454316426
INFO - [G] LONG DT @ 8899: 0.06754048345306
INFO - [G] LONG DT @ 8899: 0.059120486762369
INFO - [G] LONG DT @ 8899: 0.052416929409811
INFO - [♥] Applied 1 patch to '=[SMODS _ "smods-https-thread.lua"]'
INFO - [G] 2025-04-23 11:40:00 :: DEBUG :: SMODS.https(143) :: Using https module backend
INFO - [G] LONG DT @ 8919: 0.1
INFO - [G] LONG DT @ 8919: 0.085998399999953
INFO - [G] LONG DT @ 8919: 0.074019600000305
INFO - [G] LONG DT @ 8919: 0.064428960000197
INFO - [G] LONG DT @ 8919: 0.056751668000093
INFO - [G] LONG DT @ 8919: 0.050679654400144
INFO - [G] LONG DT @ 8928: 0.077488619442276
INFO - [G] LONG DT @ 8928: 0.069782875553641
INFO - [G] LONG DT @ 8928: 0.06242758044309
INFO - [G] LONG DT @ 8928: 0.056947044354164
INFO - [G] LONG DT @ 8928: 0.052171415483375
INFO - [G] LONG DT @ 8928: 0.050138832386804
INFO - [G] LONG DT @ 8939: 0.050164709798253
INFO - [G] LONG DT @ 8942: 0.079242639058742
INFO - [G] LONG DT @ 8942: 0.067991151247219
INFO - [G] LONG DT @ 8942: 0.059327620997788
INFO - [G] LONG DT @ 8942: 0.052024096798309
INFO - [♥] Applied 1 patch to '=[SMODS _ "smods-https-thread.lua"]'
INFO - [G] 2025-04-23 11:41:03 :: DEBUG :: SMODS.https(144) :: Using https module backend
INFO - [♥] Applied 1 patch to '=[SMODS _ "smods-https-thread.lua"]'
INFO - [G] 2025-04-23 11:42:03 :: DEBUG :: SMODS.https(145) :: Using https module backend
INFO - [♥] Applied 1 patch to '=[SMODS _ "smods-https-thread.lua"]'
INFO - [G] 2025-04-23 11:43:03 :: DEBUG :: SMODS.https(146) :: Using https module backend
INFO - [♥] Applied 1 patch to '=[SMODS _ "smods-https-thread.lua"]'
INFO - [G] 2025-04-23 11:44:03 :: DEBUG :: SMODS.https(147) :: Using https module backend
INFO - [♥] Applied 1 patch to '=[SMODS _ "smods-https-thread.lua"]'
INFO - [G] 2025-04-23 11:45:03 :: DEBUG :: SMODS.https(148) :: Using https module backend
INFO - [♥] Applied 1 patch to '=[SMODS _ "smods-https-thread.lua"]'
INFO - [G] 2025-04-23 11:46:03 :: DEBUG :: SMODS.https(149) :: Using https module backend
INFO - [♥] Applied 1 patch to '=[SMODS _ "smods-https-thread.lua"]'
INFO - [G] 2025-04-23 11:47:03 :: DEBUG :: SMODS.https(150) :: Using https module backend
INFO - [♥] Applied 1 patch to '=[SMODS _ "smods-https-thread.lua"]'
INFO - [G] 2025-04-23 11:48:03 :: DEBUG :: SMODS.https(151) :: Using https module backend
INFO - [♥] Applied 1 patch to '=[SMODS _ "smods-https-thread.lua"]'
INFO - [G] 2025-04-23 11:49:03 :: DEBUG :: SMODS.https(152) :: Using https module backend
INFO - [♥] Applied 1 patch to '=[SMODS _ "smods-https-thread.lua"]'
INFO - [G] 2025-04-23 11:50:03 :: DEBUG :: SMODS.https(153) :: Using https module backend
INFO - [♥] Applied 1 patch to '=[SMODS _ "smods-https-thread.lua"]'
INFO - [G] 2025-04-23 11:51:03 :: DEBUG :: SMODS.https(154) :: Using https module backend
INFO - [♥] Applied 1 patch to '=[SMODS _ "smods-https-thread.lua"]'
INFO - [G] 2025-04-23 11:52:03 :: DEBUG :: SMODS.https(155) :: Using https module backend
INFO - [♥] Applied 1 patch to '=[SMODS _ "smods-https-thread.lua"]'
INFO - [G] 2025-04-23 11:53:04 :: DEBUG :: SMODS.https(156) :: Using https module backend
INFO - [♥] Applied 1 patch to '=[SMODS _ "smods-https-thread.lua"]'
INFO - [G] 2025-04-23 11:54:04 :: DEBUG :: SMODS.https(157) :: Using https module backend
INFO - [♥] Applied 1 patch to '=[SMODS _ "smods-https-thread.lua"]'
INFO - [G] 2025-04-23 11:55:04 :: DEBUG :: SMODS.https(158) :: Using https module backend
INFO - [♥] Applied 1 patch to '=[SMODS _ "smods-https-thread.lua"]'
INFO - [G] 2025-04-23 11:56:04 :: DEBUG :: SMODS.https(159) :: Using https module backend
INFO - [♥] Applied 1 patch to '=[SMODS _ "smods-https-thread.lua"]'
INFO - [G] 2025-04-23 11:57:04 :: DEBUG :: SMODS.https(160) :: Using https module backend
INFO - [♥] Applied 1 patch to '=[SMODS _ "smods-https-thread.lua"]'
INFO - [G] 2025-04-23 11:58:04 :: DEBUG :: SMODS.https(161) :: Using https module backend
INFO - [♥] Applied 1 patch to '=[SMODS _ "smods-https-thread.lua"]'
INFO - [G] 2025-04-23 11:59:04 :: DEBUG :: SMODS.https(162) :: Using https module backend
INFO - [♥] Applied 1 patch to '=[SMODS _ "smods-https-thread.lua"]'
INFO - [G] 2025-04-23 12:00:04 :: DEBUG :: SMODS.https(163) :: Using https module backend
INFO - [♥] Applied 1 patch to '=[SMODS _ "smods-https-thread.lua"]'
INFO - [G] 2025-04-23 12:01:04 :: DEBUG :: SMODS.https(164) :: Using https module backend
INFO - [♥] Applied 1 patch to '=[SMODS _ "smods-https-thread.lua"]'
INFO - [G] 2025-04-23 12:02:04 :: DEBUG :: SMODS.https(165) :: Using https module backend
INFO - [♥] Applied 1 patch to '=[SMODS _ "smods-https-thread.lua"]'
INFO - [G] 2025-04-23 12:03:04 :: DEBUG :: SMODS.https(166) :: Using https module backend
INFO - [♥] Applied 1 patch to '=[SMODS _ "smods-https-thread.lua"]'
INFO - [G] 2025-04-23 12:04:04 :: DEBUG :: SMODS.https(167) :: Using https module backend
INFO - [♥] Applied 1 patch to '=[SMODS _ "smods-https-thread.lua"]'
INFO - [G] 2025-04-23 12:05:04 :: DEBUG :: SMODS.https(168) :: Using https module backend
INFO - [♥] Applied 1 patch to '=[SMODS _ "smods-https-thread.lua"]'
INFO - [G] 2025-04-23 12:06:04 :: DEBUG :: SMODS.https(169) :: Using https module backend
INFO - [♥] Applied 1 patch to '=[SMODS _ "smods-https-thread.lua"]'
INFO - [G] 2025-04-23 12:07:04 :: DEBUG :: SMODS.https(170) :: Using https module backend
INFO - [♥] Applied 1 patch to '=[SMODS _ "smods-https-thread.lua"]'
INFO - [G] 2025-04-23 12:08:04 :: DEBUG :: SMODS.https(171) :: Using https module backend
INFO - [♥] Applied 1 patch to '=[SMODS _ "smods-https-thread.lua"]'
INFO - [G] 2025-04-23 12:09:05 :: DEBUG :: SMODS.https(172) :: Using https module backend
INFO - [♥] Applied 1 patch to '=[SMODS _ "smods-https-thread.lua"]'
INFO - [G] 2025-04-23 12:10:05 :: DEBUG :: SMODS.https(173) :: Using https module backend
INFO - [♥] Applied 1 patch to '=[SMODS _ "smods-https-thread.lua"]'
INFO - [G] 2025-04-23 12:11:05 :: DEBUG :: SMODS.https(174) :: Using https module backend
INFO - [♥] Applied 1 patch to '=[SMODS _ "smods-https-thread.lua"]'
INFO - [G] 2025-04-23 12:12:05 :: DEBUG :: SMODS.https(175) :: Using https module backend
INFO - [♥] Applied 1 patch to '=[SMODS _ "smods-https-thread.lua"]'
INFO - [G] 2025-04-23 12:13:05 :: DEBUG :: SMODS.https(176) :: Using https module backend
INFO - [♥] Applied 1 patch to '=[SMODS _ "smods-https-thread.lua"]'
INFO - [G] 2025-04-23 12:14:05 :: DEBUG :: SMODS.https(177) :: Using https module backend
INFO - [♥] Applied 1 patch to '=[SMODS _ "smods-https-thread.lua"]'
INFO - [G] 2025-04-23 12:15:05 :: DEBUG :: SMODS.https(178) :: Using https module backend
INFO - [♥] Applied 1 patch to '=[SMODS _ "smods-https-thread.lua"]'
INFO - [G] 2025-04-23 12:16:05 :: DEBUG :: SMODS.https(179) :: Using https module backend
INFO - [♥] Applied 1 patch to '=[SMODS _ "smods-https-thread.lua"]'
INFO - [G] 2025-04-23 12:17:05 :: DEBUG :: SMODS.https(180) :: Using https module backend
INFO - [♥] Applied 1 patch to '=[SMODS _ "smods-https-thread.lua"]'
INFO - [G] 2025-04-23 12:18:05 :: DEBUG :: SMODS.https(181) :: Using https module backend
INFO - [♥] Applied 1 patch to '=[SMODS _ "smods-https-thread.lua"]'
INFO - [G] 2025-04-23 12:19:05 :: DEBUG :: SMODS.https(182) :: Using https module backend
INFO - [♥] Applied 1 patch to '=[SMODS _ "smods-https-thread.lua"]'
INFO - [G] 2025-04-23 12:20:05 :: DEBUG :: SMODS.https(183) :: Using https module backend
INFO - [♥] Applied 1 patch to '=[SMODS _ "smods-https-thread.lua"]'
INFO - [G] 2025-04-23 12:21:05 :: DEBUG :: SMODS.https(184) :: Using https module backend
INFO - [♥] Applied 1 patch to '=[SMODS _ "smods-https-thread.lua"]'
INFO - [G] 2025-04-23 12:22:05 :: DEBUG :: SMODS.https(185) :: Using https module backend
INFO - [♥] Applied 1 patch to '=[SMODS _ "smods-https-thread.lua"]'
INFO - [G] 2025-04-23 12:23:05 :: DEBUG :: SMODS.https(186) :: Using https module backend
INFO - [♥] Applied 1 patch to '=[SMODS _ "smods-https-thread.lua"]'
INFO - [G] 2025-04-23 12:24:06 :: DEBUG :: SMODS.https(187) :: Using https module backend
INFO - [♥] Applied 1 patch to '=[SMODS _ "smods-https-thread.lua"]'
INFO - [G] 2025-04-23 12:25:06 :: DEBUG :: SMODS.https(188) :: Using https module backend
