INFO - [♥] Lovely 0.7.1
INFO - [♥] Game directory is at "C:\\Program Files (x86)\\Steam\\steamapps\\common\\Balatro"
INFO - [♥] Writing logs to "C:\\Users\\erikk\\AppData\\Roaming\\Balatro\\Mods\\lovely\\log"
INFO - [♥] Using mod directory at "C:\\Users\\erikk\\AppData\\Roaming\\Balatro\\Mods"
INFO - [♥] Found .lovelyignore in 'Talisman', skipping it.
INFO - [♥] Cleaning up dumps directory at "C:\\Users\\erikk\\AppData\\Roaming\\Balatro\\Mods\\lovely\\dump"
INFO - [♥] Initialization complete in 56ms
INFO - [♥] Applied 14 patches to 'main.lua'
INFO - [♥] Applied 5 patches to 'engine/controller.lua'
INFO - [♥] Applied 15 patches to 'back.lua'
INFO - [♥] Applied 7 patches to 'tag.lua'
INFO - [♥] Applied 1 patch to 'engine/moveable.lua'
INFO - [♥] Applied 2 patches to 'engine/sprite.lua'
INFO - [♥] Applied 2 patches to 'engine/animatedsprite.lua'
INFO - [♥] Applied 47 patches to 'functions/misc_functions.lua'
INFO - [♥] Applied 35 patches to 'game.lua'
INFO - [♥] Applied 1 patch to 'globals.lua'
INFO - [♥] Applied 3 patches to 'engine/ui.lua'
INFO - [♥] Applied 78 patches to 'functions/UI_definitions.lua'
WARN - [♥] Regex '([^)p])/(5)' on target 'functions/state_events.lua' for regex patch from BalatroBakery-main\lovely.toml resulted in 3 matches, wanted 7
WARN - [♥] Regex '>= (to_big)?\\(5\\)' on target 'functions/state_events.lua' for regex patch from BalatroBakery-main\lovely.toml resulted in no matches
INFO - [♥] Applied 46 patches to 'functions/state_events.lua'
INFO - [♥] Applied 106 patches to 'functions/common_events.lua'
INFO - [♥] Applied 46 patches to 'functions/button_callbacks.lua'
WARN - [♥] Pattern 'if G.GAME.blind and G.GAME.blind.in_blind then G.E_MANAGER:add_event(Event({ func = function() G.GAME.blind:set_blind(nil, true, nil); return true end })) end' on target 'card.lua' for pattern patch from smods-main\lovely\calculate_card_added.toml resulted in 2 matches, wanted 1
WARN - [♥] Ignoring excess matches
INFO - [♥] Applied 154 patches to 'card.lua'
INFO - [♥] Applied 9 patches to 'cardarea.lua'
INFO - [♥] Applied 36 patches to 'blind.lua'
INFO - [♥] Applied 2 patches to 'engine/text.lua'
INFO - [♥] Applied 1 patch to '=[SMODS _ "src/utils.lua"]'
INFO - [♥] Applied 2 patches to '=[SMODS _ "src/game_object.lua"]'
INFO - [G] Failed to connect to the debug server
INFO - [G] 2025-03-24 16:17:40 :: DEBUG :: DebugConsole :: Steamodded Debug Socket started !
INFO - [♥] Applied 9 patches to 'engine/sound_manager.lua'
INFO - [♥] Applied 1 patch to 'engine/save_manager.lua'
INFO - [♥] Applied 1 patch to '=[SMODS _ "src/card_draw.lua"]'
INFO - [G] 2025-03-24 16:17:42 :: INFO  :: DefaultLogger :: Valid JSON file found
INFO - [G] 2025-03-24 16:17:42 :: TRACE :: Loader :: Processing Mod file (Legacy header): steamodded_metadata.lua
INFO - [G] 2025-03-24 16:17:42 :: TRACE :: Loader :: Saving Mod Info: Talisman
INFO - [G] 2025-03-24 16:17:42 :: INFO  :: Bakery :: pairs() and ipairs() patched. Reason: Convenience
INFO - [G] 2025-03-24 16:17:42 :: INFO  :: Bakery :: Blind:modify_hand(), update_hand_text(), and Back:trigger_effect() patched. Reason: Scoring tags
INFO - [G] 2025-03-24 16:17:42 :: INFO  :: Bakery :: Object:__call() and Tag:load() patched. Reason: Rendering Poly Tag
INFO - [G] 2025-03-24 16:17:42 :: INFO  :: Bakery :: Blind:defeat() and G.FUNCS.load_profile() patched. Reason: Unlock conditions
INFO - [G] 2025-03-24 16:17:42 :: INFO  :: Bakery :: ease_dollars() patched. Reason: Credit Deck, Vagabond Challenge
INFO - [G] 2025-03-24 16:17:42 :: INFO  :: Bakery :: Blind:press_play() patched. Reason: Credit Deck + Credit Sleeve
INFO - [G] 2025-03-24 16:17:42 :: INFO  :: Bakery :: Card:draw() patched. Reason: Werewolf rendering
INFO - [G] 2025-03-24 16:17:42 :: INFO  :: Bakery :: G.FUNCS.evaluate_round() patched. Reason: Spinner Animation
INFO - [G] 2025-03-24 16:17:42 :: INFO  :: Bakery :: mod_mult(), mod_chips(), and G.FUNCS.evaluate_play() patched. Reason: Balanced Challenge
INFO - [G] 2025-03-24 16:17:42 :: INFO  :: Bakery :: G.FUNCS.buy_from_shop() patched. Reason: Proxy
INFO - [G] 2025-03-24 16:17:42 :: INFO  :: Bakery :: eval_card() patched. Reason: Penny Tag
INFO - [G] 2025-03-24 16:17:42 :: INFO  :: Bakery :: Card:set_sprites() patched. Reason: Spinner Loading
INFO - [G] 2025-03-24 16:17:42 :: INFO  :: Bakery :: Game:start_run(), copy_card(), and Card:load() patched. Reason: Card Sleeve
INFO - [G] 2025-03-24 16:17:42 :: INFO  :: Bakery :: G.UIDEF.use_and_sell_buttons() and Card:remove() patched. Reason: Usable jokers
INFO - [G] 2025-03-24 16:17:42 :: INFO  :: Bakery :: Card:set_sprites() patched. Reason: Charm Unlocking
INFO - [G] 2025-03-24 16:17:42 :: INFO  :: Bakery :: set_screen_positions() and CardArea:can_highlight() patched. Reason: Charm rendering
INFO - [G] 2025-03-24 16:17:42 :: INFO  :: Bakery :: G.FUNCS.can_discard() patched. Reason: Discarding zero cards
INFO - [G] 2025-03-24 16:17:42 :: TRACE :: Loader :: Mod Talisman was unable to load: 
INFO - [G] 2025-03-24 16:17:42 :: INFO  :: TIMER :: [0000] Injected Language in 0.002 ms
INFO - [G] 2025-03-24 16:17:42 :: INFO  :: TIMER :: [0000] Injected [INTERNAL] in 1.850 ms
INFO - [G] 2025-03-24 16:17:43 :: INFO  :: TIMER :: [0012] Injected Atlas in 805.974 ms
INFO - [G] 2025-03-24 16:17:43 :: INFO  :: TIMER :: [0002] Injected Sound in 0.402 ms
INFO - [G] 2025-03-24 16:17:43 :: INFO  :: TIMER :: [0008] Injected Stake in 0.394 ms
INFO - [G] 2025-03-24 16:17:43 :: INFO  :: TIMER :: [0004] Injected Rarity in 0.027 ms
INFO - [G] 2025-03-24 16:17:43 :: INFO  :: TIMER :: [0005] Injected ObjectType in 0.060 ms
INFO - [G] 2025-03-24 16:17:43 :: INFO  :: TIMER :: [0089] Injected Center in 1.379 ms
INFO - [G] 2025-03-24 16:17:43 :: INFO  :: TIMER :: [0008] Injected Undiscovered Sprite in 0.044 ms
INFO - [G] 2025-03-24 16:17:43 :: INFO  :: TIMER :: [0004] Injected Blind in 0.026 ms
INFO - [G] 2025-03-24 16:17:43 :: INFO  :: TIMER :: [0004] Injected Seal in 0.196 ms
INFO - [G] 2025-03-24 16:17:43 :: INFO  :: TIMER :: [0004] Injected Suit in 0.279 ms
INFO - [G] 2025-03-24 16:17:43 :: INFO  :: TIMER :: [0013] Injected Rank in 0.210 ms
INFO - [G] 2025-03-24 16:17:43 :: INFO  :: TIMER :: [0028] Injected DeckSkin in 0.282 ms
INFO - [G] 2025-03-24 16:17:43 :: INFO  :: TIMER :: [0012] Injected PokerHand in 0.076 ms
INFO - [G] 2025-03-24 16:17:43 :: INFO  :: TIMER :: [0022] Injected Challenge in 0.029 ms
INFO - [G] 2025-03-24 16:17:43 :: INFO  :: TIMER :: [0007] Injected Tag in 0.100 ms
INFO - [G] 2025-03-24 16:17:43 :: INFO  :: TIMER :: [0004] Injected Sticker in 1.084 ms
INFO - [G] 2025-03-24 16:17:43 :: INFO  :: TIMER :: [0001] Injected Shader in 13.031 ms
INFO - [G] 2025-03-24 16:17:43 :: INFO  :: TIMER :: [0002] Injected Keybind in 0.019 ms
INFO - [G] 2025-03-24 16:17:43 :: INFO  :: TIMER :: [0000] Injected Achievement in 0.114 ms
INFO - [G] 2025-03-24 16:17:43 :: INFO  :: TIMER :: [0002] Injected nil in 0.012 ms
INFO - [G] 2025-03-24 16:17:43 :: INFO  :: TIMER :: [0021] Injected Draw Step in 0.131 ms
INFO - [G] 2025-03-24 16:17:43 :: INFO  :: TIMER :: [0000] Injected [INTERNAL] in 2.170 ms
INFO - [G] line not found
INFO - [G] file not found: main.lua: No such file or directory
INFO - [G] file not found: main.lua: No such file or directory
INFO - [G] file not found: main.lua: No such file or directory
INFO - [G] file not found: main.lua: No such file or directory
INFO - [G] 2025-03-24 16:20:58 :: ERROR :: StackTrace :: Oops! The game crashed
[SMODS Bakery "src//charm.lua"]:198: attempt to index field 'Bakery_charm' (a nil value)
Stack Traceback
===============
(1) Lua local 'handler' at file 'main.lua:612'
	Local variables:
	 msg = string: "[SMODS Bakery \"src//charm.lua\"]:198: attempt to index field 'Bakery_charm' (a nil value)"
	 (*temporary) = Lua function '?' (defined at line 31 of chunk [SMODS _ "src/logging.lua"])
	 (*temporary) = string: "Oops! The game crashed\
"
(2) LÖVE metamethod at file 'boot.lua:352'
	Local variables:
	 errhand = Lua function '?' (defined at line 598 of chunk main.lua)
	 handler = Lua function '?' (defined at line 598 of chunk main.lua)
(3) Lua field 'get_next_charms' at file 'src//charm.lua:198' (from mod with id Bakery)
	Local variables:
	 ret = nil
	 count = nil
	 ret = table: 0x34417aa0  {spawn:table: 0x35033770}
	 _pool = table: 0x344f90d0  {1:UNAVAILABLE, 2:UNAVAILABLE, 3:BakeryCharm_Bakery_Pedigree, 4:UNAVAILABLE, 5:UNAVAILABLE, 6:UNAVAILABLE, 7:BakeryCharm_Bakery_Introversion, 8:BakeryCharm_Bakery_Extroversion (more...)}
	 _pool_key = string: "BakeryCharm2"
	 already = number: 0
	 (for generator) = C function: builtin#6
	 (for state) = table: 0x344f90d0  {1:UNAVAILABLE, 2:UNAVAILABLE, 3:BakeryCharm_Bakery_Pedigree, 4:UNAVAILABLE, 5:UNAVAILABLE, 6:UNAVAILABLE, 7:BakeryCharm_Bakery_Introversion, 8:BakeryCharm_Bakery_Extroversion (more...)}
	 (for control) = number: 1
	 _ = number: 1
	 v = string: "UNAVAILABLE"
	 (*temporary) = nil
	 (*temporary) = table: 0x344f90d0  {1:UNAVAILABLE, 2:UNAVAILABLE, 3:BakeryCharm_Bakery_Pedigree, 4:UNAVAILABLE, 5:UNAVAILABLE, 6:UNAVAILABLE, 7:BakeryCharm_Bakery_Introversion, 8:BakeryCharm_Bakery_Extroversion (more...)}
	 (*temporary) = string: "BakeryCharm2"
	 (*temporary) = string: "2"
	 (*temporary) = nil
	 (*temporary) = nil
	 (*temporary) = number: 10
	 (*temporary) = string: "attempt to index field 'Bakery_charm' (a nil value)"
(4) Lua field 'func' at file 'functions/state_events.lua:199'
	Local variables:
	 (*temporary) = table: 0x34a1fc70  {reroll_cost_increase:0, jokers_purchased:0, reroll_cost:5, discards_left:0, ancient_card:table: 0x34400c68, discards_used:4, hands_played:2, dollars:0 (more...)}
(5) Lua method 'handle' at file 'engine/event.lua:55'
	Local variables:
	 self = table: 0x34f92780  {start_timer:true, timer:TOTAL, blockable:true, trigger:after, func:function: 0x352c0478, delay:0.3, complete:false, time:604.31725141411, blocking:true (more...)}
	 _results = table: 0x345c34a0  {blocking:true, pause_skip:false, time_done:true, completed:false}
(6) Lua method 'update' at file 'engine/event.lua:182'
	Local variables:
	 self = table: 0x3459cdd0  {queue_last_processed:194.60000000005, queues:table: 0x3459cdf8, queue_dt:0.016666666666667, queue_timer:194.60360680941}
	 dt = number: 0.00568857
	 forced = nil
	 (for generator) = C function: next
	 (for state) = table: 0x3459cdf8  {unlock:table: 0x3459d820, other:table: 0x3459e818, tutorial:table: 0x3459e0a0, base:table: 0x3459d848, achievement:table: 0x3459e0c8}
	 (for control) = number: nan
	 k = string: "base"
	 v = table: 0x3459d848  {1:table: 0x34662a90, 2:table: 0x34f92780, 3:table: 0x3509c290, 4:table: 0x349fa2f0, 5:table: 0x348a64d8, 6:table: 0x34610280, 7:table: 0x3504a638 (more...)}
	 blocked = boolean: false
	 i = number: 2
	 results = table: 0x345c34a0  {blocking:true, pause_skip:false, time_done:true, completed:false}
(7) Lua upvalue 'gameUpdateRef' at file 'game.lua:2550'
	Local variables:
	 self = table: 0x33f22478  {F_GUIDE:false, F_CRASH_REPORTS:false, F_QUIT_BUTTON:true, HUD_tags:table: 0x35234920, F_ENGLISH_ONLY:false, viewed_stake:1, HUD:table: 0x351bb6f0 (more...)}
	 dt = number: 0.00568857
	 http_resp = nil
(8) Lua method 'update' at Steamodded file 'src/ui.lua:84' 
	Local variables:
	 self = table: 0x33f22478  {F_GUIDE:false, F_CRASH_REPORTS:false, F_QUIT_BUTTON:true, HUD_tags:table: 0x35234920, F_ENGLISH_ONLY:false, viewed_stake:1, HUD:table: 0x351bb6f0 (more...)}
	 dt = number: 0.00568857
(9) Lua field 'update' at file 'main.lua:995'
	Local variables:
	 dt = number: 0.00568857
(10) Lua function '?' at file 'main.lua:934' (best guess)
(11) global C function 'xpcall'
(12) LÖVE function at file 'boot.lua:377' (best guess)
	Local variables:
	 func = Lua function '?' (defined at line 905 of chunk main.lua)
	 inerror = boolean: true
	 deferErrhand = Lua function '(LÖVE Function)' (defined at line 348 of chunk [love "boot.lua"])
	 earlyinit = Lua function '(LÖVE Function)' (defined at line 355 of chunk [love "boot.lua"])

INFO - [G] file not found: main.lua: No such file or directory
INFO - [G] file not found: main.lua: No such file or directory
INFO - [G] 2025-03-24 16:20:58 :: INFO  :: StackTrace :: Additional Context:
Balatro Version: 1.0.1o-FULL
Modded Version: 1.0.0~BETA-0323d-STEAMODDED
LÖVE Version: 11.5.0
Lovely Version: 0.7.1
Platform: Windows
Steamodded Mods:
    1: Bakery by BakersDozenBagels [ID: Bakery, Version: 2.0.8, Uses Lovely]
Lovely Mods:
