INFO - [♥] Lovely 0.7.1
INFO - [♥] Game directory is at "C:\\Program Files (x86)\\Steam\\steamapps\\common\\Balatro"
INFO - [♥] Writing logs to "C:\\Users\\erikk\\AppData\\Roaming\\Balatro\\Mods\\lovely\\log"
INFO - [♥] Using mod directory at "C:\\Users\\erikk\\AppData\\Roaming\\Balatro\\Mods"
INFO - [♥] Found .lovelyignore in 'Quilombo', skipping it.
WARN - [♥] Unknown key `patches.21.?.match_indent` found in patch file at "C:\\Users\\erikk\\AppData\\Roaming\\Balatro\\Mods\\Cryptid-main\\lovely\\code.toml", ignoring it
WARN - [♥] Unknown key `patches.49.?.match_indent` found in patch file at "C:\\Users\\erikk\\AppData\\Roaming\\Balatro\\Mods\\Talisman\\lovely.toml", ignoring it
WARN - [♥] Unknown key `patches.52.?.match_indent` found in patch file at "C:\\Users\\erikk\\AppData\\Roaming\\Balatro\\Mods\\Talisman\\lovely.toml", ignoring it
INFO - [♥] Cleaning up dumps directory at "C:\\Users\\erikk\\AppData\\Roaming\\Balatro\\Mods\\lovely\\dump"
INFO - [♥] Initialization complete in 1397ms
WARN - [♥] Pattern 'G.ARGS.score_intensity.organ = G.video_organ or G.ARGS.score_intensity.required_score > 0 and math.max(math.min(0.4, 0.1*math.log(G.ARGS.score_intensity.earned_score/(G.ARGS.score_intensity.required_score+1), 5)),0.) or 0' on target 'main.lua' for pattern patch from Talisman\lovely.toml resulted in no matches
WARN - [♥] Pattern 'if type(G.GAME.current_round.current_hand.chips) ~= \'number\' or type(G.GAME.current_round.current_hand.mult) ~= \'number\' then' on target 'main.lua' for pattern patch from Talisman\lovely.toml resulted in no matches
INFO - [♥] Applied 21 patches to 'main.lua'
INFO - [♥] Applied 2 patches to 'engine/string_packer.lua'
INFO - [♥] Applied 8 patches to 'engine/controller.lua'
INFO - [♥] Applied 22 patches to 'back.lua'
INFO - [♥] Applied 18 patches to 'tag.lua'
INFO - [♥] Applied 1 patch to 'engine/node.lua'
INFO - [♥] Applied 2 patches to 'engine/moveable.lua'
INFO - [♥] Applied 2 patches to 'engine/sprite.lua'
INFO - [♥] Applied 2 patches to 'engine/animatedsprite.lua'
WARN - [♥] Pattern 'assembled_string = assembled_string..(type(subpart) == \'string\' and subpart or args.vars[tonumber(subpart[1])] or \'ERROR\')' on target 'functions/misc_functions.lua' for pattern patch from Talisman\lovely.toml resulted in no matches
INFO - [♥] Applied 58 patches to 'functions/misc_functions.lua'
WARN - [♥] Pattern 'for i = 1, 2 do' on target 'game.lua' for pattern patch from Cryptid-main\lovely\stake.toml resulted in no matches
WARN - [♥] Pattern 'create_shop_card_ui(card, \'Voucher\', G.shop_vouchers)' on target 'game.lua' for pattern patch from Cryptid-main\lovely\stake.toml resulted in no matches
WARN - [♥] Pattern 'self.GAME.current_round.voucher = G.SETTINGS.tutorial_progress and G.SETTINGS.tutorial_progress.forced_voucher or SMODS.get_next_vouchers()' on target 'game.lua' for pattern patch from Cryptid-main\lovely\very_fair.toml resulted in no matches
WARN - [♥] Pattern '{card_limit = self.GAME.starting_params.consumable_slots, type = \'joker\', highlight_limit = 1})' on target 'game.lua' for pattern patch from TooManyDecks-main\lovely\limit.toml resulted in no matches
WARN - [♥] Pattern '{card_limit = self.GAME.starting_params.joker_slots, type = \'joker\', highlight_limit = 1})' on target 'game.lua' for pattern patch from TooManyDecks-main\lovely\limit.toml resulted in no matches
WARN - [♥] Pattern 'self.GAME.current_round.voucher = G.SETTINGS.tutorial_progress and G.SETTINGS.tutorial_progress.forced_voucher or get_next_voucher_key()' on target 'game.lua' for pattern patch from Cryptid-main\lovely\Voucher.toml resulted in no matches
WARN - [♥] Regex 'card\\:start_materialize\\(\\)\\n\\s+G\\.shop_vouchers\\:emplace\\(card\\)\\n\\s+end' on target 'game.lua' for regex patch from Cryptid-main\lovely\Voucher.toml resulted in no matches
WARN - [♥] Pattern 'if G.GAME.chips - G.GAME.blind.chips >= 0 or G.GAME.current_round.hands_left < 1 then' on target 'game.lua' for pattern patch from Prism-main\lovely.toml resulted in no matches
INFO - [♥] Applied 95 patches to 'game.lua'
INFO - [♥] Applied 2 patches to 'globals.lua'
INFO - [♥] Applied 6 patches to 'engine/ui.lua'
WARN - [♥] Pattern 'G.GAME.shop.joker_max*1.02*G.CARD_W,' on target 'functions/UI_definitions.lua' for pattern patch from Cryptid-main\lovely\equilibrium.toml resulted in no matches
WARN - [♥] Pattern '{n=G.UIT.O, config={object = DynaText({string = {{ref_table = G.GAME.round_resets, ref_value = \'ante_disp\'}}, colours = {G.C.IMPORTANT},shadow = true, font = G.LANGUAGES[\'en-us\'].font, scale = scale_number(G.GAME.round_resets.ante, 2*scale, 100)}),id = \'ante_UI_count\'}},--{n=G.UIT.T, config={text = number_format(G.GAME.round_resets.ante), lang = G.LANGUAGES[\'en-us\'], scale = scale_number(G.GAME.round_resets.ante, 2*scale, 100), colour = G.C.IMPORTANT, shadow = true,id = \'ante_UI_count\'}},' on target 'functions/UI_definitions.lua' for pattern patch from SauKhongHuDecks-main\lovely.toml resulted in no matches
WARN - [♥] Pattern '{n=G.UIT.T, config={text = G.GAME.hands[handname].chips, scale = 0.45, colour = G.C.UI.TEXT_LIGHT}},' on target 'functions/UI_definitions.lua' for pattern patch from Talisman\lovely.toml resulted in no matches
WARN - [♥] Pattern '{n=G.UIT.T, config={text = G.GAME.hands[handname].mult, scale = 0.45, colour = G.C.UI.TEXT_LIGHT}}' on target 'functions/UI_definitions.lua' for pattern patch from Talisman\lovely.toml resulted in no matches
WARN - [♥] Pattern '{n=G.UIT.O, config={object = DynaText({string = {{ref_table = G.GAME.round_resets, ref_value = \'ante\'}}, colours = {G.C.IMPORTANT},shadow = true, font = G.LANGUAGES[\'en-us\'].font, scale = 2*scale}),id = \'ante_UI_count\'}},' on target 'functions/UI_definitions.lua' for pattern patch from Talisman\lovely.toml resulted in no matches
INFO - [♥] Applied 107 patches to 'functions/UI_definitions.lua'
WARN - [♥] Pattern 'ease_to = G.GAME.chips + math.floor(hand_chips * mult) * (e and e.antiscore and -1 or 1),' on target 'functions/state_events.lua' for pattern patch from Cryptid-main\lovely\blind.toml resulted in no matches
WARN - [♥] Pattern 'if reps[j] ~= 1 then' on target 'functions/state_events.lua' for pattern patch from Cryptid-main\lovely\misc.toml resulted in no matches
WARN - [♥] Pattern 'for i=1, #G.jokers.cards + #G.consumeables.cards do' on target 'functions/state_events.lua' for pattern patch from Cryptid-main\lovely\misc.toml resulted in no matches
WARN - [♥] Pattern 'local effects = {[1] = {playing_card = G.hand.cards[i]:get_end_of_round_effect()}}' on target 'functions/state_events.lua' for pattern patch from Cryptid-main\lovely\stake.toml resulted in no matches
WARN - [♥] Pattern 'G.GAME.current_round.voucher = get_next_voucher_key()' on target 'functions/state_events.lua' for pattern patch from Cryptid-main\lovely\sticker.toml resulted in no matches
WARN - [♥] Pattern 'mult, hand_chips, modded = G.GAME.blind:modify_hand(G.play.cards, poker_hands, text, mult, hand_chips)' on target 'functions/state_events.lua' for pattern patch from AzzysJokers-1.2.2\lovely\patcher.toml resulted in no matches
WARN - [♥] Pattern 'card_eval_status_text((reps[j].jokers or reps[j].seals).card, \'jokers\', nil, nil, nil, (reps[j].jokers or reps[j].seals))' on target 'functions/state_events.lua' for pattern patch from AzzysJokers-1.2.2\lovely\patcher.toml resulted in no matches
WARN - [♥] Pattern 'G.GAME.current_round.voucher = get_next_voucher_key()' on target 'functions/state_events.lua' for pattern patch from Cryptid-main\lovely\Voucher.toml resulted in no matches
WARN - [♥] Pattern 'if effects[ii].card then' on target 'functions/state_events.lua' for pattern patch from Talisman\lovely.toml resulted in no matches
WARN - [♥] Pattern 'if effects.jokers.Xmult_mod then mult = mod_mult(mult*effects.jokers.Xmult_mod);extras.mult = true  end' on target 'functions/state_events.lua' for pattern patch from Talisman\lovely.toml resulted in no matches
WARN - [♥] Pattern 'if effect.Xmult_mod then mult = mod_mult(mult*effect.Xmult_mod);extras.mult = true  end' on target 'functions/state_events.lua' for pattern patch from Talisman\lovely.toml resulted in no matches
WARN - [♥] Pattern 'if effects[ii].message then' on target 'functions/state_events.lua' for pattern patch from Talisman\lovely.toml resulted in no matches
WARN - [♥] Pattern '--calculate the card edition effects' on target 'functions/state_events.lua' for pattern patch from Talisman\lovely.toml resulted in no matches
WARN - [♥] Pattern 'if effects[ii].edition.p_dollars_mod then' on target 'functions/state_events.lua' for pattern patch from Talisman\lovely.toml resulted in no matches
WARN - [♥] Pattern 'if edition_effects.jokers.x_mult_mod then' on target 'functions/state_events.lua' for pattern patch from Talisman\lovely.toml resulted in no matches
WARN - [♥] Pattern 'if SMODS.has_enhancement(scoring_hand[i], \'m_glass\') and not scoring_hand[i].debuff and pseudorandom(\'glass\') < G.GAME.probabilities.normal/(scoring_hand[i].ability.name == \'Glass Card\' and scoring_hand[i].ability.extra or G.P_CENTERS.m_glass.config.extra) then' on target 'functions/state_events.lua' for pattern patch from Cryptid-main\lovely\Probability.toml resulted in no matches
WARN - [♥] Regex '(?<indent>[\\t ]*)if destroyed then \\n' on target 'functions/state_events.lua' for regex patch from Cryptid-main\lovely\seal.toml resulted in no matches
INFO - [♥] Applied 93 patches to 'functions/state_events.lua'
WARN - [♥] Pattern '{n=G.UIT.T, config={text = localize(\'$\')..config.dollars, scale = 1.2*scale, colour = G.C.WHITE, shadow = true, juice = true}}' on target 'functions/common_events.lua' for pattern patch from Cryptid-main\lovely\code.toml resulted in no matches
WARN - [♥] Pattern 'G.shop_jokers.T.w = G.GAME.shop.joker_max*1.01*G.CARD_W' on target 'functions/common_events.lua' for pattern patch from Cryptid-main\lovely\equilibrium.toml resulted in no matches
WARN - [♥] Pattern 'function generate_card_ui(_c, full_UI_table, specific_vars, card_type, badges, hide_desc, main_start, main_end)' on target 'functions/common_events.lua' for pattern patch from Cryptid-main\lovely\lib_misc.toml resulted in no matches
WARN - [♥] Pattern 'elseif v.boss.showdown and (G.GAME.round_resets.ante)%G.GAME.win_ante == 0 and G.GAME.round_resets.ante >= 2 then' on target 'functions/common_events.lua' for pattern patch from Cryptid-main\lovely\stake.toml resulted in no matches
WARN - [♥] Pattern 'if num_dollars > 60 then' on target 'functions/common_events.lua' for pattern patch from Talisman\lovely.toml resulted in no matches
WARN - [♥] Pattern 'func = (function() if eval_func(card) then if not first or first then card:juice_up(0.1, 0.1) end;juice_card_until(card, eval_func, nil, 0.8) end return true end)' on target 'functions/common_events.lua' for pattern patch from Talisman\lovely.toml resulted in no matches
WARN - [♥] Pattern 'elseif _c.effect == \'Lucky Card\' then loc_vars = {G.GAME.probabilities.normal, cfg.mult, 5, cfg.p_dollars, 15}' on target 'functions/common_events.lua' for pattern patch from Cryptid-main\lovely\Probability.toml resulted in no matches
INFO - [♥] Applied 184 patches to 'functions/common_events.lua'
WARN - [♥] Pattern 'add_tag(_tag.config.ref_table)' on target 'functions/button_callbacks.lua' for pattern patch from Plantain-main\lovely.toml resulted in no matches
WARN - [♥] Pattern 'if ((G.GAME.dollars-G.GAME.bankrupt_at) - 10 >= 0) and' on target 'functions/button_callbacks.lua' for pattern patch from Talisman\lovely.toml resulted in no matches
WARN - [♥] Regex '(?<indent>[\\t ]*)voucher_pool\\[i\\+\\(j-1\\)\\*4 \\+ \\(8\\*\\(args\\.cycle_config\\.current_option - 1\\)\\)\\]\\n[\\s\\S]{6}if not center then break end\\n[\\s\\S]{6}local card = Card\\(G\\.your_collection\\[j\\]\\.T\\.x \\+ G\\.your_collection\\[j\\]\\.T\\.w\\/2, G\\.your_collection\\[j\\]\\.T\\.y, G\\.CARD_W, G\\.CARD_H, G\\.P_CARDS\\.empty, center\\)' on target 'functions/button_callbacks.lua' for regex patch from Flower-Pot-main\lovely\stat_type.toml resulted in no matches
WARN - [♥] Pattern 'if #G.hand.highlighted <= 0 or G.GAME.blind.block_play or #G.hand.highlighted > 5 then' on target 'functions/button_callbacks.lua' for pattern patch from Prism-main\lovely.toml resulted in no matches
INFO - [♥] Applied 79 patches to 'functions/button_callbacks.lua'
WARN - [♥] Pattern 'if G.GAME.blind and G.GAME.blind.in_blind then G.E_MANAGER:add_event(Event({ func = function() G.GAME.blind:set_blind(nil, true, nil); return true end })) end' on target 'card.lua' for pattern patch from smods-main\lovely\calculate_card_added.toml resulted in 2 matches, wanted 1
WARN - [♥] Ignoring excess matches
WARN - [♥] Pattern 'if self.ability.name == \'Campfire\' and G.GAME.blind.boss and not (G.GAME.blind.config and G.GAME.blind.config.bonus) and self.ability.x_mult > 1 then' on target 'card.lua' for pattern patch from Cryptid-main\lovely\misc.toml resulted in no matches
WARN - [♥] Pattern 'if self.ability.name:find(\'Arcana\') then' on target 'card.lua' for pattern patch from Cryptid-main\lovely\misprint.toml resulted in no matches
WARN - [♥] Pattern 'if self.ability.name == \'The Hermit\' or self.ability.consumeable.hand_type or self.ability.name == \'Temperance\' or self.ability.name == \'Black Hole\' then' on target 'card.lua' for pattern patch from Cryptid-main\lovely\stake.toml resulted in no matches
WARN - [♥] Pattern 'if self.ability.queue_negative_removal then' on target 'card.lua' for pattern patch from Cryptid-main\lovely\sticker.toml resulted in no matches
WARN - [♥] Pattern 'G.GAME.current_round.voucher = nil' on target 'card.lua' for pattern patch from Cryptid-main\lovely\Voucher.toml resulted in no matches
WARN - [♥] Pattern 'if G.GAME.blind then G.E_MANAGER:add_event(Event({ func = function() G.GAME.blind:set_blind(nil, true, nil); return true end })) end' on target 'card.lua' for pattern patch from Talisman\lovely.toml resulted in no matches
WARN - [♥] Pattern 'x_mult = center.config.Xmult or 1,' on target 'card.lua' for pattern patch from Talisman\lovely.toml resulted in no matches
WARN - [♥] Pattern 'if not initial then G.GAME.blind:debuff_card(self) end' on target 'card.lua' for pattern patch from kcvanilla-master\lovely.toml resulted in no matches
WARN - [♥] Pattern 'if pseudorandom(\'lucky_money\') < G.GAME.probabilities.normal/15 then' on target 'card.lua' for pattern patch from Cryptid-main\lovely\Probability.toml resulted in no matches
WARN - [♥] Pattern 'if pseudorandom(\'lucky_mult\') < G.GAME.probabilities.normal/5 then' on target 'card.lua' for pattern patch from Cryptid-main\lovely\Probability.toml resulted in no matches
WARN - [♥] Pattern 'elseif self.ability.name == \'Business Card\' then loc_vars = {\'\'..(G.GAME and G.GAME.probabilities.normal or 1), self.ability.extra}' on target 'card.lua' for pattern patch from Cryptid-main\lovely\Probability.toml resulted in no matches
WARN - [♥] Pattern 'pseudorandom(\'business\') < G.GAME.probabilities.normal/self.ability.extra then' on target 'card.lua' for pattern patch from Cryptid-main\lovely\Probability.toml resulted in no matches
INFO - [♥] Applied 256 patches to 'card.lua'
INFO - [♥] Applied 18 patches to 'cardarea.lua'
INFO - [♥] Applied 40 patches to 'blind.lua'
INFO - [♥] Applied 2 patches to 'card_character.lua'
INFO - [♥] Applied 5 patches to 'engine/text.lua'
INFO - [♥] Applied 3 patches to 'challenges.lua'
INFO - [♥] Applied 1 patch to '=[SMODS _ "src/ui.lua"]'
INFO - [♥] Applied 4 patches to '=[SMODS _ "src/utils.lua"]'
INFO - [♥] Applied 4 patches to '=[SMODS _ "src/overrides.lua"]'
INFO - [♥] Applied 1 patch to '=[SMODS _ "src/game_object.lua"]'
INFO - [G] Failed to connect to the debug server
INFO - [G] 2025-04-16 16:08:46 :: DEBUG :: DebugConsole :: Steamodded Debug Socket started !
INFO - [G] 2025-04-16 16:08:47 :: INFO  :: SMODS :: Steamodded v1.0.0~BETA-0324b
INFO - [♥] Applied 9 patches to 'engine/sound_manager.lua'
INFO - [♥] Applied 3 patches to 'engine/save_manager.lua'
INFO - [♥] Applied 2 patches to 'engine/string_packer.lua'
INFO - [♥] Applied 4 patches to '=[SMODS _ "src/card_draw.lua"]'
INFO - [G] 2025-04-16 16:08:50 :: TRACE :: Loader :: Processing Mod file (Legacy header): Azazel.lua
INFO - [G] 2025-04-16 16:08:50 :: TRACE :: Loader :: Saving Mod Info: AzzysJokers
INFO - [G] 2025-04-16 16:08:50 :: INFO  :: Loader :: Valid JSON file found
INFO - [G] 2025-04-16 16:08:50 :: INFO  :: Loader :: Valid JSON file found
INFO - [G] 2025-04-16 16:08:50 :: INFO  :: Loader :: Valid JSON file found
INFO - [G] 2025-04-16 16:08:51 :: INFO  :: Loader :: Valid JSON file found
INFO - [G] 2025-04-16 16:08:51 :: INFO  :: Loader :: Valid JSON file found
INFO - [G] 2025-04-16 16:08:51 :: TRACE :: Loader :: Processing Mod file (Legacy header): MoreFluff.lua
INFO - [G] 2025-04-16 16:08:51 :: TRACE :: Loader :: Saving Mod Info: MoreFluff
INFO - [G] 2025-04-16 16:08:51 :: INFO  :: Loader :: Valid JSON file found
INFO - [G] 2025-04-16 16:08:52 :: INFO  :: Loader :: Valid JSON file found
INFO - [G] 2025-04-16 16:08:52 :: INFO  :: Loader :: Valid JSON file found
INFO - [G] 2025-04-16 16:08:52 :: INFO  :: Loader :: Valid JSON file found
INFO - [G] 2025-04-16 16:08:52 :: INFO  :: Loader :: Valid JSON file found
INFO - [G] 2025-04-16 16:08:52 :: TRACE :: Loader :: Processing Mod file (Legacy header): main.lua
INFO - [G] 2025-04-16 16:08:52 :: TRACE :: Loader :: Saving Mod Info: sdm0sstuff
INFO - [G] 2025-04-16 16:08:52 :: INFO  :: Loader :: Valid JSON file found
INFO - [G] 2025-04-16 16:08:52 :: INFO  :: Loader :: Valid JSON file found
INFO - [G] 2025-04-16 16:08:52 :: TRACE :: Loader :: Processing Mod file (Legacy header): steamodded_metadata.lua
INFO - [G] 2025-04-16 16:08:52 :: TRACE :: Loader :: Saving Mod Info: Talisman
INFO - [G] 2025-04-16 16:08:52 :: INFO  :: Loader :: Valid JSON file found
INFO - [G] 2025-04-16 16:08:52 :: ERROR :: Loader :: Found invalid metadata JSON file at C:\Users\erikk\AppData\Roaming\Balatro\Mods/TooManyDecks-main/.vscode/settings.json, ignoring: [SMODS _ "src/loader.lua"]:226: id
INFO - [G] 2025-04-16 16:08:52 :: INFO  :: Loader :: Valid JSON file found
INFO - [G] 2025-04-16 16:08:53 :: INFO  :: Loader :: Valid JSON file found
INFO - [G] 2025-04-16 16:08:53 :: INFO  :: Loader :: Valid JSON file found
INFO - [G] basepaul_card
INFO - [G] clownfish
INFO - [G] expansion_pack
INFO - [G] hollow
INFO - [G] jester
INFO - [G] lollipop
INFO - [G] luckycharm
INFO - [G] monochrome
INFO - [G] mspaint
INFO - [G] simplified
INFO - [G] spiral
INFO - [G] treasuremap
INFO - [G] philosophical
INFO - [G] badlegaldefence
INFO - [G] clipart
INFO - [G] dropkick
INFO - [G] bladedance
INFO - [G] hyperbeam
INFO - [G] blasphemy
INFO - [G] dramaticentrance
INFO - [G] coupon_catalogue
INFO - [G] css
INFO - [G] globe
INFO - [G] goldencarrot
INFO - [G] hallofmirrors
INFO - [G] impostor
INFO - [G] tonersoup
INFO - [G] loadeddisk
INFO - [G] stylemeter
INFO - [G] teacup
INFO - [G] recycling
INFO - [G] virtual
INFO - [G] bloodpact
INFO - [G] bowlingball
INFO - [G] cba
INFO - [G] fleshprison
INFO - [G] hugejoker
INFO - [G] jankman
INFO - [G] mashupalbum
INFO - [G] pixeljoker
INFO - [G] rainbowjoker
INFO - [G] rosetinted
INFO - [G] the_solo
INFO - [G] triangle
INFO - [G] colorem
INFO - [G] flintandsteel
INFO - [G] junkmail
INFO - [G] gemstonejoker
INFO - [G] stonejokerjoker
INFO - [G] tealjoker
INFO - [G] yuckyrat
INFO - [G] allicantdo
INFO - [G] brass
INFO - [G] hyperjimbo
INFO - [G] top10
INFO - [G] marigold
INFO - [G] 2025-04-16 16:08:53 :: INFO  :: SKHDecks :: The library file assets.lua has been loaded!
INFO - [G] 2025-04-16 16:08:53 :: INFO  :: SKHDecks :: The library file functions.lua has been loaded!
INFO - [G] 2025-04-16 16:08:53 :: INFO  :: SKHDecks :: The item file divine_entity.lua has been loaded!
INFO - [G] 2025-04-16 16:08:53 :: INFO  :: SKHDecks :: The item file forgotten_sin.lua has been loaded!
INFO - [G] 2025-04-16 16:08:53 :: INFO  :: SKHDecks :: The item file heavenly_virtue.lua has been loaded!
INFO - [G] 2025-04-16 16:08:53 :: INFO  :: SKHDecks :: The item file deadly_sin.lua has been loaded!
INFO - [G] 2025-04-16 16:08:53 :: INFO  :: SKHDecks :: The item file forgotten_virtue.lua has been loaded!
INFO - [G] 2025-04-16 16:08:53 :: INFO  :: TOGAPack :: Hello World! Starting TOGAPack...
INFO - [G] 2025-04-16 16:08:53 :: TRACE :: Loader :: Mod quilombo was unable to load: 
INFO - [G] 2025-04-16 16:08:53 :: INFO  :: Mistigris :: Successfully loaded src/startup/game_hooks.lua!
INFO - [G] 2025-04-16 16:08:53 :: INFO  :: Mistigris :: Successfully loaded src/startup/smods_assets.lua!
INFO - [G] 2025-04-16 16:08:53 :: INFO  :: Mistigris :: Successfully loaded src/startup/smods_hooks.lua!
INFO - [G] 2025-04-16 16:08:53 :: INFO  :: Mistigris :: Successfully loaded src/startup/smods_ownership.lua!
INFO - [G] 2025-04-16 16:08:54 :: INFO  :: Mistigris :: Successfully loaded src/content/sleeve/tribute.lua!
INFO - [G] [CRYPTID] Loading library file ascended.lua
INFO - [G] [CRYPTID] Loading library file calculate.lua
INFO - [G] [CRYPTID] Loading library file content.lua
INFO - [G] 2025-04-16 16:08:54 :: WARN  :: ObjectType :: Object Food has the same key as an existing object, not registering.
INFO - [G] 2025-04-16 16:08:54 :: WARN  :: ObjectType :: If you want to modify an existing object, use take_ownership()
INFO - [G] [CRYPTID] Loading library file cross-mod.lua
INFO - [G] [CRYPTID] Loading library file d20.lua
INFO - [G] [CRYPTID] Loading library file event.lua
INFO - [G] [CRYPTID] Loading library file gameset.lua
INFO - [G] [CRYPTID] Loading library file https.lua
INFO - [G] 2025-04-16 16:08:54 :: DEBUG :: SMODS.https :: Using https module backend
INFO - [G] [CRYPTID] Loading library file misc.lua
INFO - [G] [CRYPTID] Loading library file misprintize.lua
INFO - [G] [CRYPTID] Loading library file modifiers.lua
INFO - [G] 2025-04-16 16:08:54 :: WARN  :: Sticker :: Detected duplicate register call on object perishable
INFO - [G] 2025-04-16 16:08:54 :: WARN  :: Sticker :: Detected duplicate register call on object pinned
INFO - [G] 2025-04-16 16:08:54 :: WARN  :: Sticker :: Detected duplicate register call on object eternal
INFO - [G] 2025-04-16 16:08:54 :: WARN  :: Sticker :: Detected duplicate register call on object rental
INFO - [G] [CRYPTID] Loading library file notifications.lua
INFO - [G] [CRYPTID] Loading library file overrides.lua
INFO - [G] [CRYPTID] Loading library file ui.lua
INFO - [G] [CRYPTID] Loading file achievement.lua
INFO - [G] [CRYPTID] Loading file blind.lua
INFO - [G] [CRYPTID] Loading file challenge.lua
INFO - [G] [CRYPTID] Loading file code.lua
INFO - [G] [CRYPTID] Loading file deck.lua
INFO - [G] [CRYPTID] Loading file enhanced.lua
INFO - [G] [CRYPTID] Loading file epic.lua
INFO - [G] [CRYPTID] Loading file exotic.lua
INFO - [G] [CRYPTID] Loading file joker_display.lua
INFO - [G] [CRYPTID] Loading file m.lua
INFO - [G] [CRYPTID] Loading file misc.lua
INFO - [G] [CRYPTID] Loading file misc_joker.lua
INFO - [G] [CRYPTID] Loading file planet.lua
INFO - [G] [CRYPTID] Loading file sleeve.lua
INFO - [G] [CRYPTID] Loading file spectral.lua
INFO - [G] [CRYPTID] Loading file spooky.lua
INFO - [G] [CRYPTID] Loading file stake.lua
INFO - [G] [CRYPTID] Loading file tag.lua
INFO - [G] [CRYPTID] Loading file test.lua
INFO - [G] [CRYPTID] Loading file voucher.lua
INFO - [G] 2025-04-16 16:08:54 :: WARN  :: Atlas :: Object cry_effarcire has the same key as an existing object, not registering.
INFO - [G] 2025-04-16 16:08:54 :: WARN  :: Atlas :: If you want to modify an existing object, use take_ownership()
INFO - [G] 2025-04-16 16:08:54 :: WARN  :: Atlas :: Detected duplicate register call on object draft_modicon
INFO - [G] 2025-04-16 16:08:54 :: INFO  :: TIMER :: [0000] Injected Language in 0.003 ms
INFO - [G] 2025-04-16 16:08:54 :: INFO  :: TIMER :: [0000] Injected [INTERNAL] in 31.918 ms
INFO - [G] 2025-04-16 16:08:57 :: INFO  :: TIMER :: [0109] Injected Atlas in 3167.549 ms
INFO - [G] 2025-04-16 16:08:58 :: INFO  :: TIMER :: [0098] Injected Sound in 1023.542 ms
INFO - [G] 2025-04-16 16:08:58 :: INFO  :: TIMER :: [0033] Injected Stake in 0.987 ms
INFO - [G] 2025-04-16 16:08:58 :: INFO  :: TIMER :: [0008] Injected Rarity in 0.063 ms
INFO - [G] 2025-04-16 16:08:58 :: INFO  :: TIMER :: [0021] Injected ObjectType in 0.212 ms
INFO - [G] 2025-04-16 16:08:58 :: INFO  :: TIMER :: [1057] Injected Center in 9.000 ms
INFO - [G] 2025-04-16 16:08:58 :: INFO  :: TIMER :: [0014] Injected Undiscovered Sprite in 0.027 ms
INFO - [G] 2025-04-16 16:08:58 :: INFO  :: TIMER :: [0039] Injected Blind in 0.110 ms
INFO - [G] 2025-04-16 16:08:58 :: INFO  :: TIMER :: [0008] Injected Seal in 0.377 ms
INFO - [G] 2025-04-16 16:08:58 :: INFO  :: TIMER :: [0004] Injected Suit in 0.370 ms
INFO - [G] 2025-04-16 16:08:58 :: INFO  :: TIMER :: [0026] Injected Rank in 0.260 ms
INFO - [G] 2025-04-16 16:08:58 :: INFO  :: TIMER :: [0028] Injected DeckSkin in 0.279 ms
INFO - [G] 2025-04-16 16:08:58 :: INFO  :: TIMER :: [0016] Injected PokerHand in 0.171 ms
INFO - [G] 2025-04-16 16:08:58 :: INFO  :: TIMER :: [0039] Injected Challenge in 0.095 ms
INFO - [G] 2025-04-16 16:08:58 :: INFO  :: TIMER :: [0046] Injected Tag in 3.298 ms
INFO - [G] 2025-04-16 16:08:58 :: INFO  :: TIMER :: [0009] Injected Sticker in 0.811 ms
INFO - [G] 2025-04-16 16:09:00 :: INFO  :: TIMER :: [0018] Injected Shader in 1185.733 ms
INFO - [G] 2025-04-16 16:09:00 :: INFO  :: TIMER :: [0003] Injected Keybind in 0.060 ms
INFO - [G] 2025-04-16 16:09:00 :: INFO  :: TIMER :: [0027] Injected Achievement in 0.245 ms
INFO - [G] 2025-04-16 16:09:00 :: INFO  :: TIMER :: [0004] Injected nil in 0.019 ms
INFO - [G] 2025-04-16 16:09:00 :: INFO  :: TIMER :: [0023] Injected Draw Step in 0.196 ms
INFO - [G] 2025-04-16 16:09:00 :: INFO  :: TIMER :: [0000] Injected [INTERNAL] in 232.755 ms
INFO - [G] 2025-04-16 16:09:00 :: INFO  :: TIMER :: [0010] Injected Other in 0.024 ms
