INFO - [♥] Lovely 0.7.1
INFO - [♥] Game directory is at "C:\\Program Files (x86)\\Steam\\steamapps\\common\\Balatro"
INFO - [♥] Writing logs to "C:\\Users\\erikk\\AppData\\Roaming\\Balatro\\Mods\\lovely\\log"
INFO - [♥] Using mod directory at "C:\\Users\\erikk\\AppData\\Roaming\\Balatro\\Mods"
INFO - [♥] Found .lovelyignore in 'DebugPlus', skipping it.
WARN - [♥] Unknown key `patches.16.?.match_indent` found in patch file at "C:\\Users\\erikk\\AppData\\Roaming\\Balatro\\Mods\\Bunco-5.1\\lovely.toml", ignoring it
WARN - [♥] Unknown key `patches.148.?.match_indent` found in patch file at "C:\\Users\\erikk\\AppData\\Roaming\\Balatro\\Mods\\Bunco-5.1\\lovely.toml", ignoring it
WARN - [♥] Unknown key `patches.49.?.match_indent` found in patch file at "C:\\Users\\erikk\\AppData\\Roaming\\Balatro\\Mods\\Talisman\\lovely.toml", ignoring it
WARN - [♥] Unknown key `patches.52.?.match_indent` found in patch file at "C:\\Users\\erikk\\AppData\\Roaming\\Balatro\\Mods\\Talisman\\lovely.toml", ignoring it
INFO - [♥] Cleaning up dumps directory at "C:\\Users\\erikk\\AppData\\Roaming\\Balatro\\Mods\\lovely\\dump"
INFO - [♥] Initialization complete in 84ms
WARN - [♥] Pattern 'G.ARGS.score_intensity.organ = G.video_organ or G.ARGS.score_intensity.required_score > 0 and math.max(math.min(0.4, 0.1*math.log(G.ARGS.score_intensity.earned_score/(G.ARGS.score_intensity.required_score+1), 5)),0.) or 0' on target 'main.lua' for pattern patch from Talisman\lovely.toml resulted in no matches
WARN - [♥] Pattern 'if type(G.GAME.current_round.current_hand.chips) ~= \'number\' or type(G.GAME.current_round.current_hand.mult) ~= \'number\' then' on target 'main.lua' for pattern patch from Talisman\lovely.toml resulted in no matches
INFO - [♥] Applied 18 patches to 'main.lua'
INFO - [♥] Applied 2 patches to 'engine/string_packer.lua'
INFO - [♥] Applied 6 patches to 'engine/controller.lua'
INFO - [♥] Applied 16 patches to 'back.lua'
INFO - [♥] Applied 11 patches to 'tag.lua'
INFO - [♥] Applied 4 patches to 'engine/node.lua'
INFO - [♥] Applied 2 patches to 'engine/moveable.lua'
INFO - [♥] Applied 2 patches to 'engine/sprite.lua'
INFO - [♥] Applied 2 patches to 'engine/animatedsprite.lua'
WARN - [♥] Pattern 'assembled_string = assembled_string..(type(subpart) == \'string\' and subpart or args.vars[tonumber(subpart[1])] or \'ERROR\')' on target 'functions/misc_functions.lua' for pattern patch from Talisman\lovely.toml resulted in no matches
INFO - [♥] Applied 62 patches to 'functions/misc_functions.lua'
WARN - [♥] Pattern 'if G.GAME.chips - G.GAME.blind.chips >= 0 or G.GAME.current_round.hands_left < 1 then' on target 'game.lua' for pattern patch from Prism-main\lovely.toml resulted in no matches
WARN - [♥] Pattern 'G.SPLASH_BACK:define_draw_steps({{\n    shader = \'splash\',\n    send = {\n        {name = \'time\', ref_table = G.TIMERS, ref_value = \'REAL\'},\n        {name = \'vort_speed\', val = 1},\n        {name = \'colour_1\', ref_table = G.C, ref_value = \'COLOUR1\'},\n        {name = \'colour_2\', ref_table = G.C, ref_value = \'WHITE\'},\n        {name = \'mid_flash\', val = 0},\n        {name = \'vort_offset\', val = (2*90.15315131*os.time())%100000},\n    }}})\n' on target 'game.lua' for pattern patch from Cardsauce\lovely.toml resulted in no matches
INFO - [♥] Applied 77 patches to 'game.lua'
INFO - [♥] Applied 10 patches to 'globals.lua'
INFO - [♥] Applied 6 patches to 'engine/ui.lua'
WARN - [♥] Pattern '{n=G.UIT.T, config={text = G.GAME.hands[handname].chips, scale = 0.45, colour = G.C.UI.TEXT_LIGHT}},' on target 'functions/UI_definitions.lua' for pattern patch from Talisman\lovely.toml resulted in no matches
WARN - [♥] Pattern '{n=G.UIT.T, config={text = G.GAME.hands[handname].mult, scale = 0.45, colour = G.C.UI.TEXT_LIGHT}}' on target 'functions/UI_definitions.lua' for pattern patch from Talisman\lovely.toml resulted in no matches
WARN - [♥] Pattern 'table.insert(t, create_toggle({label = localize(\'b_high_contrast_cards\'), ref_table = G.SETTINGS, ref_value = \'colourblind_option\', callback = G.FUNCS.refresh_contrast_mode}))' on target 'functions/UI_definitions.lua' for pattern patch from Cardsauce\lovely.toml resulted in no matches
INFO - [♥] Applied 114 patches to 'functions/UI_definitions.lua'
WARN - [♥] Pattern 'mult, hand_chips, modded = G.GAME.blind:modify_hand(G.play.cards, poker_hands, text, mult, hand_chips)' on target 'functions/state_events.lua' for pattern patch from AzzysJokers-1.2.2\lovely\patcher.toml resulted in no matches
WARN - [♥] Pattern 'card_eval_status_text((reps[j].jokers or reps[j].seals).card, \'jokers\', nil, nil, nil, (reps[j].jokers or reps[j].seals))' on target 'functions/state_events.lua' for pattern patch from AzzysJokers-1.2.2\lovely\patcher.toml resulted in no matches
WARN - [♥] Pattern 'for j=1,#reps do' on target 'functions/state_events.lua' for pattern patch from Cruel-Blinds-main\lovely.toml resulted in no matches
WARN - [♥] Pattern 'table.sort(scoring_hand, function (a, b) return a.T.x < b.T.x end )' on target 'functions/state_events.lua' for pattern patch from Cruel-Blinds-main\lovely.toml resulted in no matches
WARN - [♥] Pattern 'reps[#reps+1] = eval' on target 'functions/state_events.lua' for pattern patch from MathBlinds-main\lovely.toml resulted in no matches
WARN - [♥] Pattern 'if effects[ii].card then' on target 'functions/state_events.lua' for pattern patch from Talisman\lovely.toml resulted in no matches
WARN - [♥] Pattern 'if effects.jokers.Xmult_mod then mult = mod_mult(mult*effects.jokers.Xmult_mod);extras.mult = true  end' on target 'functions/state_events.lua' for pattern patch from Talisman\lovely.toml resulted in no matches
WARN - [♥] Pattern 'if effect.Xmult_mod then mult = mod_mult(mult*effect.Xmult_mod);extras.mult = true  end' on target 'functions/state_events.lua' for pattern patch from Talisman\lovely.toml resulted in no matches
WARN - [♥] Pattern 'if effects[ii].message then' on target 'functions/state_events.lua' for pattern patch from Talisman\lovely.toml resulted in no matches
WARN - [♥] Pattern '--calculate the card edition effects' on target 'functions/state_events.lua' for pattern patch from Talisman\lovely.toml resulted in no matches
WARN - [♥] Pattern 'if effects[ii].edition.p_dollars_mod then' on target 'functions/state_events.lua' for pattern patch from Talisman\lovely.toml resulted in no matches
WARN - [♥] Pattern 'if edition_effects.jokers.x_mult_mod then' on target 'functions/state_events.lua' for pattern patch from Talisman\lovely.toml resulted in no matches
WARN - [♥] Regex 'for h[ ]*\\= 1, eval\\.jokers\\.repetitions do\n[ \\t]*if G\\.GAME\\.blind.name \\=\\= \"bl_mathbl_infinite\" and not G\\.GAME\\.blind\\.disabled then\n[ \\t]*G\\.GAME\\.blind:wiggle\\(\\)\n[ \\t]*G\\.GAME\\.blind\\.triggered \\= true\n[ \\t]*else\n[ \\t]*reps\\[#reps\\+1\\] \\= eval\n[ \\t]*end\n[ \\t]*end\n[ \\t]*end' on target 'functions/state_events.lua' for regex patch from MathBlinds-main\lovely.toml resulted in no matches
WARN - [♥] Pattern 'local splashed = SMODS.always_scores(G.play.cards[i]) or next(find_joker(\'Splash\'))\n' on target 'functions/state_events.lua' for pattern patch from Maximus-main\lovely\high_dive.toml resulted in no matches
WARN - [♥] Pattern 'ease_to = G.GAME.chips + math.floor(hand_chips*mult),' on target 'functions/state_events.lua' for pattern patch from Bunco-5.1\lovely.toml resulted in no matches
WARN - [♥] Regex '([^)p])/(5)' on target 'functions/state_events.lua' for regex patch from BalatroBakery-main\lovely.toml resulted in 4 matches, wanted 7
WARN - [♥] Pattern '    for k, v in ipairs(G.play.cards) do\n        if (not v.shattered) and (not v.destroyed) then\n            draw_card(G.play,G.discard, it*100/play_count,\'down\', false, v)\n            it = it + 1\n        end\n    end\n' on target 'functions/state_events.lua' for pattern patch from Cardsauce\lovely.toml resulted in no matches
WARN - [♥] Pattern '                if effects.jokers.level_up then\n                    level_up_hand(card, text)\n                end\n' on target 'functions/state_events.lua' for pattern patch from Cardsauce\lovely.toml resulted in no matches
WARN - [♥] Pattern 'card_eval_status_text(card, \'jokers\', nil, percent, nil, effects.jokers)' on target 'functions/state_events.lua' for pattern patch from Cardsauce\lovely.toml resulted in no matches
WARN - [♥] Pattern 'if next(find_joker(\'Splash\')) then' on target 'functions/state_events.lua' for pattern patch from Cardsauce\lovely.toml resulted in no matches
INFO - [♥] Applied 124 patches to 'functions/state_events.lua'
WARN - [♥] Pattern 'if num_dollars > 60 then' on target 'functions/common_events.lua' for pattern patch from Talisman\lovely.toml resulted in no matches
WARN - [♥] Pattern 'func = (function() if eval_func(card) then if not first or first then card:juice_up(0.1, 0.1) end;juice_card_until(card, eval_func, nil, 0.8) end return true end)' on target 'functions/common_events.lua' for pattern patch from Talisman\lovely.toml resulted in no matches
WARN - [♥] Pattern '{n=G.UIT.O, config={object = DynaText({string = {\' \'..localize(\'ph_mr_bones\')..\' \'}, colours = {G.C.FILTER}, shadow = true, pop_in = 0, scale = 0.5*scale, silent = true})}}' on target 'functions/common_events.lua' for pattern patch from Cardsauce\lovely.toml resulted in no matches
WARN - [♥] Pattern 'G.E_MANAGER:add_event(Event({ --Add bonus chips from this card\n                    trigger = \'before\',\n                    delay = delay,\n                    func = function()\n                    if extrafunc then extrafunc() end\n                    attention_text({\n                        text = text,\n                        scale = config.scale or 1,\n                        hold = delay - 0.2,\n                        backdrop_colour = colour,\n                        align = card_aligned,\n                        major = card,\n                        offset = {x = 0, y = y_off}\n                    })\n                    play_sound(sound, 0.8+percent*0.2, volume)\n                    if not extra or not extra.no_juice then\n                        card:juice_up(0.6, 0.1)\n                        G.ROOM.jiggle = G.ROOM.jiggle + 0.7\n                    end\n' on target 'functions/common_events.lua' for pattern patch from Cardsauce\lovely.toml resulted in no matches
WARN - [♥] Pattern 'if specific_vars.nominal_chips then\n    localize{type = \'other\', key = \'card_chips\', nodes = desc_nodes, vars = {specific_vars.nominal_chips}}\nend\nif specific_vars.bonus_chips then\n    localize{type = \'other\', key = \'card_extra_chips\', nodes = desc_nodes, vars = {specific_vars.bonus_chips}}\nend\n' on target 'functions/common_events.lua' for pattern patch from Cardsauce\lovely.toml resulted in no matches
INFO - [♥] Applied 196 patches to 'functions/common_events.lua'
WARN - [♥] Pattern 'if ((G.GAME.dollars-G.GAME.bankrupt_at) - 10 >= 0) and' on target 'functions/button_callbacks.lua' for pattern patch from Talisman\lovely.toml resulted in no matches
WARN - [♥] Pattern 'if #G.hand.highlighted <= 0 or G.GAME.blind.block_play or #G.hand.highlighted > 5 then' on target 'functions/button_callbacks.lua' for pattern patch from Bunco-5.1\lovely.toml resulted in no matches
WARN - [♥] Pattern 'if #G.hand.highlighted <= 0 or G.GAME.blind.block_play or #G.hand.highlighted > 5 then' on target 'functions/button_callbacks.lua' for pattern patch from Prism-main\lovely.toml resulted in no matches
WARN - [♥] Pattern 'if G.ARGS.score_intensity.earned_score >= G.ARGS.score_intensity.required_score and G.ARGS.score_intensity.required_score > 0 then' on target 'functions/button_callbacks.lua' for pattern patch from Cardsauce\lovely.toml resulted in no matches
INFO - [♥] Applied 84 patches to 'functions/button_callbacks.lua'
WARN - [♥] Pattern 'if G.GAME.blind and G.GAME.blind.in_blind then G.E_MANAGER:add_event(Event({ func = function() G.GAME.blind:set_blind(nil, true, nil); return true end })) end' on target 'card.lua' for pattern patch from smods-main\lovely\calculate_card_added.toml resulted in 2 matches, wanted 1
WARN - [♥] Ignoring excess matches
WARN - [♥] Pattern 'if next(find_joker(\'Smeared Joker\')) and (self.base.suit == \'Hearts\' or self.base.suit == \'Diamonds\') == (suit == \'Hearts\' or suit == \'Diamonds\') then' on target 'card.lua' for pattern patch from paperback-main\lovely\spectrum.toml resulted in no matches
WARN - [♥] Pattern 'if G.GAME.blind then G.E_MANAGER:add_event(Event({ func = function() G.GAME.blind:set_blind(nil, true, nil); return true end })) end' on target 'card.lua' for pattern patch from Talisman\lovely.toml resulted in no matches
WARN - [♥] Pattern 'x_mult = center.config.Xmult or 1,' on target 'card.lua' for pattern patch from Talisman\lovely.toml resulted in no matches
WARN - [♥] Pattern 'if self.area and self.ability.couponed and (self.area == G.shop_jokers or self.area == G.shop_booster) then self.cost = 0 end\nself.sell_cost_label = self.facing == \'back\' and \'?\' or self.sell_cost\n' on target 'card.lua' for pattern patch from Maximus-main\lovely\shop.toml resulted in no matches
WARN - [♥] Pattern 'if next(find_joker(\'Smeared Joker\')) and (self.base.suit == \'Hearts\' or self.base.suit == \'Diamonds\') == (suit == \'Hearts\' or suit == \'Diamonds\') then' on target 'card.lua' for pattern patch from Bunco-5.1\lovely.toml resulted in no matches
WARN - [♥] Pattern 'if true then\nself.children.back = Sprite(self.T.x, self.T.y, self.T.w, self.T.h, G.ASSET_ATLAS[(G.GAME.viewed_back or G.GAME.selected_back) and ((G.GAME.viewed_back or G.GAME.selected_back)[G.SETTINGS.colourblind_option and \'hc_atlas\' or \'lc_atlas\'] or (G.GAME.viewed_back or G.GAME.selected_back).atlas) or \'centers\'], self.params.bypass_back or (self.playing_card and G.GAME[self.back].pos or G.P_CENTERS[\'b_red\'].pos))' on target 'card.lua' for pattern patch from Bunco-5.1\lovely.toml resulted in no matches
WARN - [♥] Pattern 'G.E_MANAGER:add_event(Event({trigger = \'after\',delay = 0.1,func = function() G.hand.highlighted[i]:set_ability(G.P_CENTERS[self.ability.consumeable.mod_conv]);return true end }))' on target 'card.lua' for pattern patch from Cardsauce\lovely.toml resulted in no matches
WARN - [♥] Pattern 'if self.debuff then\n    self.children.center:draw_shader(\'debuff\', nil, self.ARGS.send_to_shader)\n' on target 'card.lua' for pattern patch from Cardsauce\lovely.toml resulted in no matches
WARN - [♥] Pattern 'if G.consumeables.cards[i].ability.consumeable then' on target 'card.lua' for pattern patch from Cardsauce\lovely.toml resulted in no matches
INFO - [♥] Applied 319 patches to 'card.lua'
INFO - [♥] Applied 24 patches to 'cardarea.lua'
WARN - [♥] Pattern 'function Blind:stay_flipped(area, card)' on target 'blind.lua' for pattern patch from JokerHub-main\lovely.toml resulted in no matches
WARN - [♥] Pattern 'function Blind:modify_hand(cards, poker_hands, text, mult, hand_chips)' on target 'blind.lua' for pattern patch from Cruel-Blinds-main\lovely.toml resulted in no matches
INFO - [♥] Applied 50 patches to 'blind.lua'
INFO - [♥] Applied 5 patches to 'engine/text.lua'
INFO - [♥] Applied 3 patches to 'challenges.lua'
INFO - [♥] Applied 1 patch to '=[SMODS _ "src/ui.lua"]'
INFO - [♥] Applied 3 patches to '=[SMODS _ "src/utils.lua"]'
INFO - [♥] Applied 1 patch to '=[SMODS _ "src/overrides.lua"]'
INFO - [♥] Applied 5 patches to '=[SMODS _ "src/game_object.lua"]'
INFO - [G] Failed to connect to the debug server
INFO - [G] 2025-03-26 15:25:13 :: DEBUG :: DebugConsole :: Steamodded Debug Socket started !
INFO - [♥] Applied 9 patches to 'engine/sound_manager.lua'
INFO - [♥] Applied 3 patches to 'engine/save_manager.lua'
INFO - [♥] Applied 2 patches to 'engine/string_packer.lua'
INFO - [♥] Applied 4 patches to '=[SMODS _ "src/card_draw.lua"]'
INFO - [G] 2025-03-26 15:25:14 :: TRACE :: Loader :: Processing Mod file (Legacy header): Azazel.lua
INFO - [G] 2025-03-26 15:25:14 :: TRACE :: Loader :: Saving Mod Info: AzzysJokers
INFO - [G] 2025-03-26 15:25:14 :: INFO  :: DefaultLogger :: Valid JSON file found
INFO - [G] 2025-03-26 15:25:14 :: INFO  :: DefaultLogger :: Valid JSON file found
INFO - [G] 2025-03-26 15:25:14 :: INFO  :: DefaultLogger :: Valid JSON file found
INFO - [G] 2025-03-26 15:25:15 :: TRACE :: Loader :: Processing Mod file (Legacy header): main.lua
INFO - [G] 2025-03-26 15:25:15 :: TRACE :: Loader :: Saving Mod Info: Cardsauce
INFO - [G] 2025-03-26 15:25:15 :: TRACE :: Loader :: Processing Mod file (Legacy header): CruelBlinds.lua
INFO - [G] 2025-03-26 15:25:15 :: TRACE :: Loader :: Saving Mod Info: CBL
INFO - [G] 2025-03-26 15:25:15 :: INFO  :: DefaultLogger :: Valid JSON file found
INFO - [G] 2025-03-26 15:25:15 :: INFO  :: DefaultLogger :: Valid JSON file found
INFO - [G] 2025-03-26 15:25:15 :: INFO  :: DefaultLogger :: Valid JSON file found
INFO - [G] 2025-03-26 15:25:15 :: TRACE :: Loader :: Processing Mod file (Legacy header): MathBlinds.lua
INFO - [G] 2025-03-26 15:25:15 :: TRACE :: Loader :: Saving Mod Info: MathBlinds
INFO - [G] 2025-03-26 15:25:15 :: ERROR :: Loader :: Found invalid metadata JSON file at C:\Users\erikk\AppData\Roaming\Balatro\Mods/Maximus-main/.vscode/settings.json, ignoring: [SMODS _ "src/loader.lua"]:226: id
INFO - [G] 2025-03-26 15:25:15 :: INFO  :: DefaultLogger :: Valid JSON file found
INFO - [G] 2025-03-26 15:25:15 :: INFO  :: DefaultLogger :: Valid JSON file found
INFO - [G] 2025-03-26 15:25:15 :: TRACE :: Loader :: Processing Mod file (Legacy header): MoreFluff.lua
INFO - [G] 2025-03-26 15:25:15 :: TRACE :: Loader :: Saving Mod Info: MoreFluff
INFO - [G] 2025-03-26 15:25:15 :: INFO  :: DefaultLogger :: Valid JSON file found
INFO - [G] 2025-03-26 15:25:15 :: INFO  :: DefaultLogger :: Valid JSON file found
INFO - [G] 2025-03-26 15:25:15 :: INFO  :: DefaultLogger :: Valid JSON file found
INFO - [G] 2025-03-26 15:25:15 :: INFO  :: DefaultLogger :: Valid JSON file found
INFO - [G] 2025-03-26 15:25:15 :: INFO  :: DefaultLogger :: Valid JSON file found
INFO - [G] 2025-03-26 15:25:15 :: TRACE :: Loader :: Processing Mod file (Legacy header): main.lua
INFO - [G] 2025-03-26 15:25:15 :: TRACE :: Loader :: Saving Mod Info: sdm0sstuff
INFO - [G] 2025-03-26 15:25:15 :: INFO  :: DefaultLogger :: Valid JSON file found
INFO - [G] 2025-03-26 15:25:15 :: ERROR :: Loader :: Found invalid metadata JSON file at C:\Users\erikk\AppData\Roaming\Balatro\Mods/SnoresvilleTurbulentJokers/SnoresvilleTurbulentJokers.json, ignoring: [SMODS _ "src/loader.lua"]:105: attempt to call method 'gmatch' (a nil value)
INFO - [G] 2025-03-26 15:25:15 :: TRACE :: Loader :: Processing Mod file (Legacy header): SnowMods.lua
INFO - [G] 2025-03-26 15:25:15 :: TRACE :: Loader :: Saving Mod Info: SnowMods
INFO - [G] 2025-03-26 15:25:15 :: INFO  :: DefaultLogger :: Valid JSON file found
INFO - [G] 2025-03-26 15:25:15 :: TRACE :: Loader :: Processing Mod file (Legacy header): steamodded_metadata.lua
INFO - [G] 2025-03-26 15:25:15 :: TRACE :: Loader :: Saving Mod Info: Talisman
INFO - [G] 2025-03-26 15:25:15 :: INFO  :: DefaultLogger :: Valid JSON file found
INFO - [G] 2025-03-26 15:25:15 :: INFO  :: DefaultLogger :: Valid JSON file found
INFO - [G] 2025-03-26 15:25:15 :: INFO  :: DefaultLogger :: Valid JSON file found
INFO - [G] 2025-03-26 15:25:15 :: ERROR :: Loader :: Found invalid metadata JSON file at C:\Users\erikk\AppData\Roaming\Balatro\Mods/paperback-main/.vscode/settings.json, ignoring: [SMODS _ "src/loader.lua"]:226: id
INFO - [G] 2025-03-26 15:25:15 :: INFO  :: DefaultLogger :: Valid JSON file found
INFO - [G] 2025-03-26 15:25:15 :: INFO  :: Bakery :: pairs() and ipairs() patched. Reason: Convenience
INFO - [G] 2025-03-26 15:25:15 :: INFO  :: Bakery :: Blind:modify_hand(), update_hand_text(), and Back:trigger_effect() patched. Reason: Scoring tags
INFO - [G] 2025-03-26 15:25:15 :: INFO  :: Bakery :: Object:__call() and Tag:load() patched. Reason: Rendering Poly Tag
INFO - [G] 2025-03-26 15:25:15 :: INFO  :: Bakery :: Blind:defeat() and G.FUNCS.load_profile() patched. Reason: Unlock conditions
INFO - [G] 2025-03-26 15:25:15 :: INFO  :: Bakery :: ease_dollars() patched. Reason: Credit Deck, Vagabond Challenge
INFO - [G] 2025-03-26 15:25:15 :: INFO  :: Bakery :: Blind:press_play() patched. Reason: Credit Deck + Credit Sleeve
INFO - [G] 2025-03-26 15:25:15 :: INFO  :: Bakery :: Card:draw() patched. Reason: Werewolf rendering
INFO - [G] 2025-03-26 15:25:15 :: INFO  :: Bakery :: G.FUNCS.evaluate_round() patched. Reason: Spinner Animation
INFO - [G] 2025-03-26 15:25:15 :: INFO  :: Bakery :: mod_mult(), mod_chips(), and G.FUNCS.evaluate_play() patched. Reason: Balanced Challenge
INFO - [G] 2025-03-26 15:25:15 :: INFO  :: Bakery :: G.FUNCS.buy_from_shop() patched. Reason: Proxy
INFO - [G] 2025-03-26 15:25:15 :: INFO  :: Bakery :: eval_card() patched. Reason: Penny Tag
INFO - [G] 2025-03-26 15:25:15 :: INFO  :: Bakery :: Card:set_sprites() patched. Reason: Spinner Loading
INFO - [G] 2025-03-26 15:25:15 :: INFO  :: Bakery :: Game:start_run(), copy_card(), and Card:load() patched. Reason: Card Sleeve
INFO - [G] 2025-03-26 15:25:15 :: INFO  :: Bakery :: G.UIDEF.use_and_sell_buttons() and Card:remove() patched. Reason: Usable jokers
INFO - [G] 2025-03-26 15:25:15 :: INFO  :: Bakery :: Card:set_sprites() patched. Reason: Charm Unlocking
INFO - [G] 2025-03-26 15:25:15 :: INFO  :: Bakery :: set_screen_positions() and CardArea:can_highlight() patched. Reason: Charm rendering
INFO - [G] 2025-03-26 15:25:15 :: INFO  :: Bakery :: G.FUNCS.can_discard() patched. Reason: Discarding zero cards
INFO - [G] 2025-03-26 15:25:15 :: DEBUG :: DefaultLogger :: [Cardsauce] Loaded hook: card
INFO - [G] 2025-03-26 15:25:15 :: DEBUG :: DefaultLogger :: [Cardsauce] Loaded hook: UI_definitions
INFO - [G] 2025-03-26 15:25:15 :: WARN  :: Atlas :: Object csau_odio has the same key as an existing object, not registering.
INFO - [G] 2025-03-26 15:25:15 :: WARN  :: Atlas :: If you want to modify an existing object, use take_ownership()
INFO - [G] 2025-03-26 15:25:15 :: WARN  :: Atlas :: Detected duplicate register call on object csau_modicon
INFO - [G] 2025-03-26 15:25:15 :: TRACE :: Loader :: Mod DebugPlus was unable to load: 
INFO - [G] 2025-03-26 15:25:15 :: TRACE :: Loader :: Mod Maximus was unable to load: Missing Dependencies: 1: Steamodded (>=1.0.0~BETA-0324b)


INFO - [G] basepaul_card
INFO - [G] clownfish
INFO - [G] expansion_pack
INFO - [G] hollow
INFO - [G] jester
INFO - [G] lollipop
INFO - [G] luckycharm
INFO - [G] monochrome
INFO - [G] mspaint
INFO - [G] simplified
INFO - [G] spiral
INFO - [G] treasuremap
INFO - [G] philosophical
INFO - [G] badlegaldefence
INFO - [G] clipart
INFO - [G] dropkick
INFO - [G] bladedance
INFO - [G] hyperbeam
INFO - [G] blasphemy
INFO - [G] dramaticentrance
INFO - [G] coupon_catalogue
INFO - [G] css
INFO - [G] globe
INFO - [G] goldencarrot
INFO - [G] hallofmirrors
INFO - [G] impostor
INFO - [G] tonersoup
INFO - [G] loadeddisk
INFO - [G] stylemeter
INFO - [G] teacup
INFO - [G] recycling
INFO - [G] virtual
INFO - [G] bloodpact
INFO - [G] bowlingball
INFO - [G] cba
INFO - [G] fleshprison
INFO - [G] hugejoker
INFO - [G] jankman
INFO - [G] mashupalbum
INFO - [G] pixeljoker
INFO - [G] rainbowjoker
INFO - [G] rosetinted
INFO - [G] the_solo
INFO - [G] triangle
INFO - [G] colorem
INFO - [G] gemstonejoker
INFO - [G] tealjoker
INFO - [G] yuckyrat
INFO - [G] allicantdo
INFO - [G] brass
INFO - [G] hyperjimbo
INFO - [G] marigold
INFO - [G] 2025-03-26 15:25:15 :: INFO  :: TOGAPack :: Hello World! Starting TOGAPack...
INFO - [G] 2025-03-26 15:25:15 :: WARN  :: Sound :: Object Coo29_yippie has the same key as an existing object, not registering.
INFO - [G] 2025-03-26 15:25:15 :: WARN  :: Sound :: If you want to modify an existing object, use take_ownership()
INFO - [G] 2025-03-26 15:25:15 :: DEBUG :: JokerHub :: Loaded joker: broker
INFO - [G] 2025-03-26 15:25:15 :: DEBUG :: JokerHub :: Loaded joker: rekoj
INFO - [G] 2025-03-26 15:25:15 :: DEBUG :: JokerHub :: Loaded joker: da_joki
INFO - [G] 2025-03-26 15:25:15 :: DEBUG :: JokerHub :: Loaded joker: mulligan
INFO - [G] 2025-03-26 15:25:15 :: DEBUG :: JokerHub :: Loaded joker: orb_of_confusion
INFO - [G] 2025-03-26 15:25:15 :: DEBUG :: JokerHub :: Loaded joker: going_viral
INFO - [G] 2025-03-26 15:25:15 :: DEBUG :: JokerHub :: Loaded joker: snowball_effect
INFO - [G] 2025-03-26 15:25:15 :: DEBUG :: JokerHub :: Loaded joker: face_value
INFO - [G] 2025-03-26 15:25:15 :: DEBUG :: JokerHub :: Loaded joker: twins
INFO - [G] 2025-03-26 15:25:15 :: DEBUG :: JokerHub :: Loaded joker: union_member_card
INFO - [G] 2025-03-26 15:25:15 :: DEBUG :: JokerHub :: Loaded joker: gambit
INFO - [G] 2025-03-26 15:25:15 :: DEBUG :: JokerHub :: Loaded joker: syphon_funding
INFO - [G] 2025-03-26 15:25:15 :: DEBUG :: JokerHub :: Loaded joker: forbidden_fruit
INFO - [G] 2025-03-26 15:25:15 :: DEBUG :: JokerHub :: Loaded joker: demon_core
INFO - [G] 2025-03-26 15:25:15 :: DEBUG :: JokerHub :: Loaded joker: last_hurrah
INFO - [G] 2025-03-26 15:25:15 :: DEBUG :: JokerHub :: Loaded joker: garbage_bag
INFO - [G] 2025-03-26 15:25:15 :: DEBUG :: JokerHub :: Loaded joker: hudson
INFO - [G] 2025-03-26 15:25:15 :: INFO  :: Mistigris :: Successfully loaded src/startup/game_hooks.lua!
INFO - [G] 2025-03-26 15:25:15 :: INFO  :: Mistigris :: Successfully loaded src/startup/smods_assets.lua!
INFO - [G] 2025-03-26 15:25:15 :: INFO  :: Mistigris :: Successfully loaded src/startup/smods_hooks.lua!
INFO - [G] 2025-03-26 15:25:15 :: INFO  :: Mistigris :: Successfully loaded src/startup/smods_ownership.lua!
INFO - [G] 2025-03-26 15:25:15 :: INFO  :: Mistigris :: Successfully loaded src/content/sleeve/tribute.lua!
INFO - [G] 2025-03-26 15:25:15 :: INFO  :: TIMER :: [0000] Injected Language in 0.001 ms
INFO - [G] 2025-03-26 15:25:15 :: INFO  :: TIMER :: [0000] Injected [INTERNAL] in 1.492 ms
INFO - [G] 2025-03-26 15:25:19 :: INFO  :: TIMER :: [0350] Injected Atlas in 3747.363 ms
INFO - [G] 2025-03-26 15:25:19 :: INFO  :: TIMER :: [0096] Injected Sound in 48.918 ms
INFO - [G] 2025-03-26 15:25:19 :: INFO  :: TIMER :: [0028] Injected Stake in 0.813 ms
INFO - [G] 2025-03-26 15:25:19 :: INFO  :: TIMER :: [0012] Injected Rarity in 0.042 ms
INFO - [G] 2025-03-26 15:25:19 :: INFO  :: TIMER :: [0020] Injected ObjectType in 0.162 ms
INFO - [G] 2025-03-26 15:25:19 :: INFO  :: TIMER :: [1336] Injected Center in 9.489 ms
INFO - [G] 2025-03-26 15:25:19 :: INFO  :: TIMER :: [0016] Injected Undiscovered Sprite in 0.282 ms
INFO - [G] 2025-03-26 15:25:19 :: INFO  :: TIMER :: [0085] Injected Blind in 0.313 ms
INFO - [G] 2025-03-26 15:25:19 :: INFO  :: TIMER :: [0007] Injected Seal in 0.138 ms
INFO - [G] 2025-03-26 15:25:19 :: INFO  :: TIMER :: [0008] Injected Suit in 0.156 ms
INFO - [G] 2025-03-26 15:25:19 :: INFO  :: TIMER :: [0013] Injected Rank in 0.124 ms
INFO - [G] 2025-03-26 15:25:19 :: INFO  :: TIMER :: [0050] Injected DeckSkin in 0.367 ms
INFO - [G] 2025-03-26 15:25:19 :: INFO  :: TIMER :: [0017] Injected PokerHand in 0.068 ms
INFO - [G] 2025-03-26 15:25:19 :: INFO  :: TIMER :: [0035] Injected Challenge in 0.049 ms
INFO - [G] 2025-03-26 15:25:19 :: INFO  :: TIMER :: [0043] Injected Tag in 0.223 ms
INFO - [G] 2025-03-26 15:25:19 :: INFO  :: TIMER :: [0017] Injected Sticker in 0.472 ms
INFO - [G] 2025-03-26 15:25:19 :: INFO  :: TIMER :: [0014] Injected Shader in 212.167 ms
INFO - [G] 2025-03-26 15:25:19 :: INFO  :: TIMER :: [0002] Injected Keybind in 0.013 ms
INFO - [G] 2025-03-26 15:25:19 :: INFO  :: TIMER :: [0006] Injected Achievement in 0.077 ms
INFO - [G] 2025-03-26 15:25:19 :: INFO  :: TIMER :: [0004] Injected nil in 0.022 ms
INFO - [G] 2025-03-26 15:25:19 :: INFO  :: TIMER :: [0025] Injected Draw Step in 0.102 ms
INFO - [G] 2025-03-26 15:25:19 :: INFO  :: TIMER :: [0000] Injected [INTERNAL] in 41.419 ms
INFO - [G] 2025-03-26 15:25:19 :: INFO  :: TIMER :: [0057] Injected D6 Side in 0.243 ms
