INFO - [♥] Lovely 0.7.1
INFO - [♥] Game directory is at "C:\\Program Files (x86)\\Steam\\steamapps\\common\\Balatro"
INFO - [♥] Writing logs to "C:\\Users\\erikk\\AppData\\Roaming\\Balatro\\Mods\\lovely\\log"
INFO - [♥] Using mod directory at "C:\\Users\\erikk\\AppData\\Roaming\\Balatro\\Mods"
INFO - [♥] Found .lovelyignore in 'AzzysJokers-1.2.2', skipping it.
INFO - [♥] Found .lovelyignore in 'kcvanilla-master', skipping it.
INFO - [♥] Found .lovelyignore in 'luckyjimbos-main', skipping it.
INFO - [♥] Found .lovelyignore in 'Mistigris', skipping it.
INFO - [♥] Found .lovelyignore in 'MoreFluff-main', skipping it.
INFO - [♥] Found .lovelyignore in 'NeatoJokers-main', skipping it.
INFO - [♥] Found .lovelyignore in 'Plantain-main', skipping it.
INFO - [♥] Found .lovelyignore in 'Quilombo', skipping it.
INFO - [♥] Found .lovelyignore in 'SDM_0-s-Stuff-main', skipping it.
INFO - [♥] Found .lovelyignore in 'Talisman', skipping it.
INFO - [♥] Found .lovelyignore in 'TerrariaXBalatro-main', skipping it.
INFO - [♥] Found .lovelyignore in 'TOGAPackBalatro-main', skipping it.
INFO - [♥] Cleaning up dumps directory at "C:\\Users\\erikk\\AppData\\Roaming\\Balatro\\Mods\\lovely\\dump"
INFO - [♥] Initialization complete in 48ms
INFO - [♥] Applied 17 patches to 'main.lua'
INFO - [♥] Applied 6 patches to 'engine/controller.lua'
INFO - [♥] Applied 19 patches to 'back.lua'
INFO - [♥] Applied 7 patches to 'tag.lua'
INFO - [♥] Applied 1 patch to 'engine/moveable.lua'
INFO - [♥] Applied 2 patches to 'engine/sprite.lua'
INFO - [♥] Applied 2 patches to 'engine/animatedsprite.lua'
INFO - [♥] Applied 47 patches to 'functions/misc_functions.lua'
WARN - [♥] Pattern 'if to_big(G.GAME.chips) >= to_big(G.GAME.blind.chips) or G.GAME.current_round.hands_left < 1 then' on target 'game.lua' for pattern patch from Prism-main\lovely.toml resulted in no matches
WARN - [♥] Pattern 'SC = Card(G.ROOM.T.w/2 - SC_scale*G.CARD_W/2, 10. + G.ROOM.T.h/2 - SC_scale*G.CARD_H/2, SC_scale*G.CARD_W, SC_scale*G.CARD_H, G.P_CARDS.empty, G.P_CENTERS[\'j_jolly\'],{bypass_discovery_center = true, bypass_discovery_ui = true})' on target 'game.lua' for pattern patch from Prism-main\lovely.toml resulted in no matches
INFO - [♥] Applied 41 patches to 'game.lua'
INFO - [♥] Applied 1 patch to 'globals.lua'
INFO - [♥] Applied 3 patches to 'engine/ui.lua'
WARN - [♥] Pattern '{n=G.UIT.O, config={object = DynaText({string = {{ref_table = G.GAME.round_resets, ref_value = \'ante_disp\'}}, colours = {G.C.IMPORTANT},shadow = true, font = G.LANGUAGES[\'en-us\'].font, scale = scale_number(G.GAME.round_resets.ante, 2*scale, 100)}),id = \'ante_UI_count\'}},--{n=G.UIT.T, config={text = number_format(G.GAME.round_resets.ante), lang = G.LANGUAGES[\'en-us\'], scale = scale_number(G.GAME.round_resets.ante, 2*scale, 100), colour = G.C.IMPORTANT, shadow = true,id = \'ante_UI_count\'}},' on target 'functions/UI_definitions.lua' for pattern patch from SauKhongHuDecks\lovely.toml resulted in no matches
INFO - [♥] Applied 77 patches to 'functions/UI_definitions.lua'
INFO - [♥] Applied 58 patches to 'functions/state_events.lua'
INFO - [♥] Applied 108 patches to 'functions/common_events.lua'
WARN - [♥] Regex '(?<indent>[\\t ]*)voucher_pool\\[i\\+\\(j-1\\)\\*4 \\+ \\(8\\*\\(args\\.cycle_config\\.current_option - 1\\)\\)\\]\\n[\\s\\S]{6}if not center then break end\\n[\\s\\S]{6}local card = Card\\(G\\.your_collection\\[j\\]\\.T\\.x \\+ G\\.your_collection\\[j\\]\\.T\\.w\\/2, G\\.your_collection\\[j\\]\\.T\\.y, G\\.CARD_W, G\\.CARD_H, G\\.P_CARDS\\.empty, center\\)' on target 'functions/button_callbacks.lua' for regex patch from Flower-Pot-main\lovely\stat_type.toml resulted in no matches
INFO - [♥] Applied 52 patches to 'functions/button_callbacks.lua'
WARN - [♥] Pattern 'if G.GAME.blind and G.GAME.blind.in_blind then G.E_MANAGER:add_event(Event({ func = function() G.GAME.blind:set_blind(nil, true, nil); return true end })) end' on target 'card.lua' for pattern patch from smods-main\lovely\calculate_card_added.toml resulted in 2 matches, wanted 1
WARN - [♥] Ignoring excess matches
INFO - [♥] Applied 155 patches to 'card.lua'
INFO - [♥] Applied 9 patches to 'cardarea.lua'
INFO - [♥] Applied 36 patches to 'blind.lua'
INFO - [♥] Applied 2 patches to 'engine/text.lua'
INFO - [♥] Applied 3 patches to 'challenges.lua'
INFO - [♥] Applied 1 patch to '=[SMODS _ "src/ui.lua"]'
INFO - [♥] Applied 2 patches to '=[SMODS _ "src/utils.lua"]'
INFO - [G] Failed to connect to the debug server
INFO - [G] 2025-04-15 09:30:08 :: DEBUG :: DebugConsole :: Steamodded Debug Socket started !
INFO - [G] 2025-04-15 09:30:08 :: INFO  :: SMODS :: Steamodded v1.0.0~BETA-0324b
INFO - [♥] Applied 9 patches to 'engine/sound_manager.lua'
INFO - [♥] Applied 1 patch to 'engine/save_manager.lua'
INFO - [G] 2025-04-15 09:30:09 :: TRACE :: Loader :: Processing Mod file (Legacy header): Azazel.lua
INFO - [G] 2025-04-15 09:30:09 :: TRACE :: Loader :: Saving Mod Info: AzzysJokers
INFO - [G] 2025-04-15 09:30:09 :: INFO  :: Loader :: Valid JSON file found
INFO - [G] 2025-04-15 09:30:09 :: INFO  :: Loader :: Valid JSON file found
INFO - [G] 2025-04-15 09:30:09 :: INFO  :: Loader :: Valid JSON file found
INFO - [G] 2025-04-15 09:30:09 :: INFO  :: Loader :: Valid JSON file found
INFO - [G] 2025-04-15 09:30:09 :: TRACE :: Loader :: Processing Mod file (Legacy header): MoreFluff.lua
INFO - [G] 2025-04-15 09:30:09 :: TRACE :: Loader :: Saving Mod Info: MoreFluff
INFO - [G] 2025-04-15 09:30:09 :: INFO  :: Loader :: Valid JSON file found
INFO - [G] 2025-04-15 09:30:09 :: INFO  :: Loader :: Valid JSON file found
INFO - [G] 2025-04-15 09:30:09 :: INFO  :: Loader :: Valid JSON file found
INFO - [G] 2025-04-15 09:30:09 :: INFO  :: Loader :: Valid JSON file found
INFO - [G] 2025-04-15 09:30:09 :: INFO  :: Loader :: Valid JSON file found
INFO - [G] 2025-04-15 09:30:09 :: TRACE :: Loader :: Processing Mod file (Legacy header): main.lua
INFO - [G] 2025-04-15 09:30:09 :: TRACE :: Loader :: Saving Mod Info: sdm0sstuff
INFO - [G] 2025-04-15 09:30:09 :: ERROR :: Loader :: Found invalid metadata JSON file at C:\Users\erikk\AppData\Roaming\Balatro\Mods/SauKhongHuDecks/.vscode/settings.json, ignoring: [SMODS _ "src/loader.lua"]:226: id
INFO - [G] 2025-04-15 09:30:09 :: INFO  :: Loader :: Valid JSON file found
INFO - [G] 2025-04-15 09:30:09 :: INFO  :: Loader :: Valid JSON file found
INFO - [G] 2025-04-15 09:30:09 :: TRACE :: Loader :: Processing Mod file (Legacy header): steamodded_metadata.lua
INFO - [G] 2025-04-15 09:30:09 :: TRACE :: Loader :: Saving Mod Info: Talisman
INFO - [G] 2025-04-15 09:30:09 :: INFO  :: Loader :: Valid JSON file found
INFO - [G] 2025-04-15 09:30:09 :: ERROR :: Loader :: Found invalid metadata JSON file at C:\Users\erikk\AppData\Roaming\Balatro\Mods/TooManyDecks-main/.vscode/settings.json, ignoring: [SMODS _ "src/loader.lua"]:226: id
INFO - [G] 2025-04-15 09:30:09 :: INFO  :: Loader :: Valid JSON file found
INFO - [G] 2025-04-15 09:30:09 :: INFO  :: Loader :: Valid JSON file found
INFO - [G] 2025-04-15 09:30:09 :: INFO  :: Loader :: Valid JSON file found
INFO - [G] 2025-04-15 09:30:09 :: TRACE :: Loader :: Mod AzzysJokers was unable to load: 
INFO - [G] 2025-04-15 09:30:09 :: TRACE :: Loader :: Mod L6_luckyjimbo was unable to load: 
INFO - [G] 2025-04-15 09:30:09 :: TRACE :: Loader :: Mod MoreFluff was unable to load: Missing Dependencies: 1: Talisman>=2.0.0


INFO - [G] 2025-04-15 09:30:09 :: TRACE :: Loader :: Mod Neato_Jokers was unable to load: 
INFO - [G] line not found
INFO - [G] file not found: main.lua: No such file or directory
INFO - [G] file not found: main.lua: No such file or directory
INFO - [G] line not found
INFO - [G] line not found
INFO - [G] file not found: main.lua: No such file or directory
INFO - [G] 2025-04-15 09:30:09 :: ERROR :: StackTrace :: Oops! The game crashed
[SMODS Prism "objects/jokers.lua"]:305: attempt to index field 'compat' (a nil value)
Stack Traceback
===============
(1) Lua local 'handler' at file 'main.lua:612'
	Local variables:
	 msg = string: "[SMODS Prism \"objects/jokers.lua\"]:305: attempt to index field 'compat' (a nil value)"
	 (*temporary) = Lua function '?' (defined at line 31 of chunk [SMODS _ "src/logging.lua"])
	 (*temporary) = string: "Oops! The game crashed\
"
(2) LÖVE metamethod at file 'boot.lua:352'
	Local variables:
	 errhand = Lua function '?' (defined at line 598 of chunk main.lua)
	 handler = Lua function '?' (defined at line 598 of chunk main.lua)
(3) main chunk of file 'objects/jokers.lua' at line 305 (from mod with id Prism)
(4) main chunk of file 'main.lua' at line 6 (from mod with id Prism)
(5) Lua global 'loadMods' at Steamodded file 'src/loader.lua:571' 
	Local variables:
	 modsDirectory = string: "C:\\Users\\erikk\\AppData\\Roaming\\Balatro\\Mods"
	 header_components = table: 0x3ae7cf98  {version:table: 0x3ae7d6e8, id:table: 0x3ae7d1a8, conflicts:table: 0x3ae7d5d8, outdated:table: 0x3ae7d768, prefix:table: 0x3ae7d688, dump_loc:table: 0x3ae7d808 (more...)}
	 json_spec = table: 0x3ae7d8a0  {version:table: 0x3ae7dfe0, id:table: 0x3ae7dbd0, main_file:table: 0x3ae7e1c0, __:table: 0x3ae7e280, badge_colour:table: 0x3ae7de80, badge_text_colour:table: 0x3ae7df00 (more...)}
	 used_prefixes = table: 0x3ae7e380  {talisman:Talisman, azzy:AzzysJokers, mf:MoreFluff, sdm:sdm0sstuff}
	 lovely_directories = table: 0x3ae7e3a8  {1:C:\Users\erikk\AppData\Roaming\Balatro\Mods/AzzysJokers-1.2.2/, 2:C:\Users\erikk\AppData\Roaming\Balatro\Mods/Flower-Pot-main/, 3:C:\Users\erikk\AppData\Roaming\Balatro\Mods/Mistigris/ (more...)}
	 processDirectory = Lua function '?' (defined at line 185 of chunk [SMODS _ "src/loader.lua"])
	 keyset = table: 0x3b0238b8  {1:0, 2:1, 3:10, 4:69, 5:100000}
	 check_dependencies = Lua function '?' (defined at line 419 of chunk [SMODS _ "src/loader.lua"])
	 (for generator) = C function: builtin#6
	 (for state) = table: 0x3b0238b8  {1:0, 2:1, 3:10, 4:69, 5:100000}
	 (for control) = number: 1
	 _ = number: 1
	 priority = number: 0
	 (for generator) = C function: builtin#6
	 (for state) = table: 0x3aea7b40  {1:table: 0x3aea7020, 2:table: 0x3af86188, 3:table: 0x3afb7ef8, 4:table: 0x3afe52b0, 5:table: 0x3afe4c20, 6:table: 0x3b0a98e8, 7:table: 0x3b103f28 (more...)}
	 (for control) = number: 7
	 _ = number: 7
	 mod = table: 0x3b103f28  {version:1.7.5, id:Prism, main_file:main.lua, lovely:true, can_load:true, badge_colour:table: 0x3b104ad8, badge_text_colour:table: 0x3b104bb0 (more...)}
(6) Lua global 'initSteamodded' at Steamodded file 'src/loader.lua:654' 
(7) Lua method 'start_up' at file 'game.lua:211'
	Local variables:
	 self = table: 0x3a70e1f0  {ROOM_PADDING_H:0.7, SPEEDFACTOR:1, F_GUIDE:false, keybind_mapping:table: 0x3a7191e0, F_CRASH_REPORTS:false, P_CARDS:table: 0x3aba1b50, shared_undiscovered_joker:table: 0x3a9e0fa8 (more...)}
	 settings = string: "return {[\"version\"]=\"1.0.1o-FULL\",[\"paused\"]=false,[\"QUEUED_CHANGE\"]={},[\"COMP\"]={[\"prev_name\"]=\"\",[\"name\"]=\"\",[\"score\"]=4981789397.243,},[\"colourblind_option\"]=true,[\"tutorial_complete\"]=true,[\"CUSTOM_DECK\"]={[\"Collabs\"]={[\"Diamonds\"]=\"default_Diamonds\",[\"Hearts\"]=\"default_Hearts\",[\"Clubs\"]=\"default_Clubs\",[\"mtg_Suitless\"]=\"default_mtg_Suitless\",[\"paperback_Stars\"]=\"default_paperback_Stars\",[\"bunc_Halberds\"]=\"default_bunc_Halberds\",[\"paperback_Crowns\"]=\"default_paperback_Crowns\",[\"bunc_Fleurons\"]=\"default_bunc_Fleurons\",[\"mtg_Clovers\"]=\"default_mtg_Clovers\",[\"Spades\"]=\"default_Spades\",},},[\"CS_COLOR2\"]={[4]=1,[1]=0.53333333333333,[2]=0.40392156862745,[3]=0.64705882352941,},[\"music_selection\"]=\"cardsauce\",[\"csau_color_selection\"]=\"default_csau\",[\"SOUND\"]={[\"volume\"]=86.8671875,[\"music_volume\"]=0,[\"game_sounds_volume\"]=91.96,},[\"initCSAUColors\"]=true,[\"current_setup\"]=\"New Run\",[\"DEMO\"]={[\"win_CTA_shown\"]=true,[\"quit_CTA_shown\"]=true,[\"timed_CTA_shown\"]=true,[\"total_uptime\"]=4401.6044683252,},[\"language\"]=\"en-us\",[\"colourpalettes\"]={[\"Spades\"]=\"csau_def_spades\",[\"Hearts\"]=\"csau_def_hearts\",[\"Diamonds\"]=\"csau_def_diamonds\",[\"Clubs\"]=\"csau_def_clubs\",},[\"reduced_motion\"]=false,[\"ambient_control\"]={[\"ambientFire1\"]={[\"per\"]=1.1,[\"vol\"]=1.3363616488705e-08,},[\"ambientOrgan1\"]={[\"per\"]=0.7,[\"vol\"]=2.2331448191327e-09,},[\"ambientFire2\"]={[\"per\"]=1.05,[\"vol\"]=0.00030849298283032,},[\"ambientFire3\"]={[\"per\"]=1,[\"vol\"]=1.9821083882263e-07,},},[\"STATUSTEXT\"]=0,[\"colour_palettes\"]={[\"Diamonds\"]=\"lc\",[\"Hearts\"]=\"lc\",[\"Clubs\"]=\"lc\",[\"mtg_Suitless\"]=\"lc\",[\"paperback_Stars\"]=\"lc\",[\"bunc_Halberds\"]=\"lc\",[\"paperback_Crowns\"]=\"lc\",[\"bunc_Fleurons\"]=\"lc\",[\"mtg_Clovers\"]=\"hc\",[\"Spades\"]=\"lc\",},[\"crashreports\"]=false,[\"tutorial_progress\"]={[\"hold_parts\"]={[\"first_hand_3\"]=true,[\"small_blind\"]=true,[\"big_blind\"]=true,[\"first_hand_4\"]=true,[\"second_hand\"]=true,[\"shop_1\"]=true,[\"first_hand_2\"]=true,[\"first_hand\"]=true,},[\"section\"]=\"second_hand\",[\"completed_parts\"]={[\"first_hand\"]=true,[\"first_hand_3\"]=true,[\"small_blind\"]=true,[\"big_blind\"]=true,[\"first_hand_4\"]=true,[\"shop_1\"]=true,[\"first_hand_section\"]=true,[\"first_hand_2\"]=true,[\"second_hand\"]=true,},},[\"WINDOW\"]={[\"vsync\"]=0,[\"display_names\"]={[2]=\"2\",[1]=\"1\",},[\"screenmode\"]=\"Borderless\",[\"DISPLAYS\"]={[2]={[\"screen_resolutions\"]={[\"strings\"]={[1]=\"1920 X 1080\",},[\"values\"]={[1]={[\"w\"]=1920,[\"h\"]=1080,},},},[\"DPI_scale\"]=1,[\"MONITOR_DIMS\"]={[\"height\"]=1080,[\"width\"]=1920,},},[1]={[\"screen_resolutions\"]={[\"strings\"]={[1]=\"3840 X 2160\",},[\"values\"]={[1]={[\"w\"]=1920,[\"h\"]=1080,},},},[\"screen_res\"]={[\"w\"]=1920,[\"h\"]=1080,},[\"DPI_scale\"]=1,[\"MONITOR_DIMS\"]={[\"height\"]=2160,[\"width\"]=3840,},},},[\"selected_display\"]=1,},[\"GAMESPEED\"]=4,[\"play_button_pos\"]=2,[\"music_control\"]={[\"current_track\"]=\"\",[\"desired_track\"]=\"\",[\"lerp\"]=1,},[\"ACHIEVEMENTS_EARNED\"]={[\"speedrunner\"]=true,[\"big_hands\"]=true,[\"retrograde\"]=true,[\"card_player\"]=true,[\"card_discarder\"]=true,[\"heads_up\"]=true,[\"high_stakes\"]=true,[\"roi\"]=true,[\"tiny_hands\"]=true,[\"_100000k\"]=true,[\"cartomancy\"]=true,[\"_10k\"]=true,[\"_1000k\"]=true,[\"mid_stakes\"]=true,[\"completionist\"]=true,[\"nest_egg\"]=true,[\"legendary\"]=true,[\"ante_upper\"]=true,[\"ach_cry_now_the_fun_begins\"]=true,[\"astronomy\"]=true,[\"royale\"]=true,[\"rule_bender\"]=true,[\"extreme_couponer\"]=true,[\"low_stakes\"]=true,[\"shattered\"]=true,[\"ach_cry_break_infinity\"]=true,[\"clairvoyance\"]=true,[\"ante_up\"]=true,[\"you_get_what_you_get\"]=true,},[\"screenshake\"]=0,[\"CS_COLOR1\"]={[4]=1,[1]=0.29411764705882,[2]=0.76078431372549,[3]=0.57254901960784,},[\"profile\"]=1,[\"FASTFORWARD\"]=0,[\"run_stake_stickers\"]=true,[\"GRAPHICS\"]={[\"texture_scaling\"]=2,[\"crt\"]=0,[\"shadows\"]=\"Off\",[\"bloom\"]=1,},}"
	 settings_ver = nil
	 new_colour_proto = table: 0x3a716a70  {Spades:table: 0x3a716cd8, Hearts:table: 0x3a716b88, Diamonds:table: 0x3a716c40, Clubs:table: 0x3a716d90}
	 sound_files = table: 0x3ab08dc8  {1:ambientFire1.ogg, 2:ambientFire2.ogg, 3:ambientFire3.ogg, 4:ambientOrgan1.ogg, 5:button.ogg, 6:cancel.ogg, 7:card1.ogg, 8:card3.ogg, 9:cardFan2.ogg (more...)}
	 shader_files = table: 0x3ab0cfd8  {1:CRT.fs, 2:background.fs, 3:booster.fs, 4:debuff.fs, 5:dissolve.fs, 6:flame.fs, 7:flash.fs, 8:foil.fs, 9:gold_seal.fs, 10:holo.fs, 11:hologram.fs (more...)}
(8) Lua field 'load' at file 'main.lua:948'
(9) Lua function '?' at file 'main.lua:895' (best guess)
(10) global C function 'xpcall'
(11) LÖVE function at file 'boot.lua:368' (best guess)
	Local variables:
	 result = boolean: true
	 main = nil
(12) global C function 'xpcall'
(13) LÖVE function at file 'boot.lua:377' (best guess)
	Local variables:
	 func = Lua function '(LÖVE Function)' (defined at line 355 of chunk [love "boot.lua"])
	 inerror = boolean: true
	 deferErrhand = Lua function '(LÖVE Function)' (defined at line 348 of chunk [love "boot.lua"])
	 earlyinit = Lua function '(LÖVE Function)' (defined at line 355 of chunk [love "boot.lua"])

INFO - [G] line not found
INFO - [G] line not found
INFO - [G] file not found: main.lua: No such file or directory
INFO - [G] 2025-04-15 09:30:09 :: INFO  :: StackTrace :: Additional Context:
Balatro Version: 1.0.1o-FULL
Modded Version: 1.0.0~BETA-0324b-STEAMODDED
LÖVE Version: 11.5.0
Lovely Version: 0.7.1
Platform: Windows
Steamodded Mods:
    1: Too Many Decks by Squidguset [ID: SGTMD, Version: 2.2.0, Uses Lovely]
    2: Ruina Decks by someone23832 [ID: RuinaDecks, Version: 0.2, Uses Lovely]
    3: Prism by Blazingulag [ID: Prism, Version: 1.7.5, Uses Lovely]
    4: Flower Pot by ItsFlowwey [ID: FlowerPot, Version: 0.8, Uses Lovely]
    5: Drafting by spire_winder [ID: draft, Priority: 100000, Version: 0.5.2]
    6: ExtremeDecks by Crimson Heart [ID: ExtremeDecks, Version: 1.0.0]
    7: SauKhongHu Decks by HuyTheKiller [ID: SKHDecks, Version: 1.6.0a, Uses Lovely]
Lovely Mods:
