INFO - [♥] Lovely 0.7.1
INFO - [♥] Game directory is at "C:\\Program Files (x86)\\Steam\\steamapps\\common\\Balatro"
INFO - [♥] Writing logs to "C:\\Users\\erikk\\AppData\\Roaming\\Balatro\\Mods\\lovely\\log"
INFO - [♥] Using mod directory at "C:\\Users\\erikk\\AppData\\Roaming\\Balatro\\Mods"
INFO - [♥] Found .lovelyignore in 'AzzysJokers', skipping it.
INFO - [♥] Found .lovelyignore in 'Kino', skipping it.
INFO - [♥] Found .lovelyignore in 'Partner-API', skipping it.
INFO - [♥] Found .lovelyignore in 'SauKhongHuDecks', skipping it.
INFO - [♥] Found .lovelyignore in 'SealsOnJokers', skipping it.
WARN - [♥] Unknown key `patches.21.?.match_indent` found in patch file at "C:\\Users\\erikk\\AppData\\Roaming\\Balatro\\Mods\\Cryptid\\lovely\\code.toml", ignoring it
WARN - [♥] Unknown key `patches.18.?.overwrite` found in patch file at "C:\\Users\\erikk\\AppData\\Roaming\\Balatro\\Mods\\HandyBalatro\\lovely.toml", ignoring it
WARN - [♥] Unknown key `patches.49.?.match_indent` found in patch file at "C:\\Users\\erikk\\AppData\\Roaming\\Balatro\\Mods\\Talisman\\lovely.toml", ignoring it
WARN - [♥] Unknown key `patches.52.?.match_indent` found in patch file at "C:\\Users\\erikk\\AppData\\Roaming\\Balatro\\Mods\\Talisman\\lovely.toml", ignoring it
WARN - [♥] Unknown key `patches.5.?.overwrite` found in patch file at "C:\\Users\\erikk\\AppData\\Roaming\\Balatro\\Mods\\Yggdrasil\\lovely\\prevent_crash.toml", ignoring it
WARN - [♥] Unknown key `patches.5.?.match_indent` found in patch file at "C:\\Users\\erikk\\AppData\\Roaming\\Balatro\\Mods\\Yggdrasil\\lovely\\prevent_crash.toml", ignoring it
WARN - [♥] Unknown key `patches.6.?.overwrite` found in patch file at "C:\\Users\\erikk\\AppData\\Roaming\\Balatro\\Mods\\Yggdrasil\\lovely\\prevent_crash.toml", ignoring it
WARN - [♥] Unknown key `patches.6.?.match_indent` found in patch file at "C:\\Users\\erikk\\AppData\\Roaming\\Balatro\\Mods\\Yggdrasil\\lovely\\prevent_crash.toml", ignoring it
WARN - [♥] Unknown key `patches.7.?.overwrite` found in patch file at "C:\\Users\\erikk\\AppData\\Roaming\\Balatro\\Mods\\Yggdrasil\\lovely\\prevent_crash.toml", ignoring it
WARN - [♥] Unknown key `patches.7.?.match_indent` found in patch file at "C:\\Users\\erikk\\AppData\\Roaming\\Balatro\\Mods\\Yggdrasil\\lovely\\prevent_crash.toml", ignoring it
INFO - [♥] Cleaning up dumps directory at "C:\\Users\\erikk\\AppData\\Roaming\\Balatro\\Mods\\lovely\\dump"
INFO - [♥] Initialization complete in 84ms
INFO - [♥] Applied 1 patch to 'conf.lua'
WARN - [♥] Pattern 'G.ARGS.score_intensity.organ = G.video_organ or G.ARGS.score_intensity.required_score > 0 and math.max(math.min(0.4, 0.1*math.log(G.ARGS.score_intensity.earned_score/(G.ARGS.score_intensity.required_score+1), 5)),0.) or 0' on target 'main.lua' for pattern patch from Talisman\lovely.toml resulted in no matches
WARN - [♥] Pattern 'if type(G.GAME.current_round.current_hand.chips) ~= \'number\' or type(G.GAME.current_round.current_hand.mult) ~= \'number\' then' on target 'main.lua' for pattern patch from Talisman\lovely.toml resulted in no matches
INFO - [♥] Applied 33 patches to 'main.lua'
INFO - [♥] Applied 2 patches to 'engine/string_packer.lua'
INFO - [♥] Applied 18 patches to 'engine/controller.lua'
INFO - [♥] Applied 18 patches to 'back.lua'
INFO - [♥] Applied 21 patches to 'tag.lua'
INFO - [♥] Applied 1 patch to 'engine/event.lua'
INFO - [♥] Applied 2 patches to 'engine/node.lua'
INFO - [♥] Applied 4 patches to 'engine/moveable.lua'
INFO - [♥] Applied 3 patches to 'engine/sprite.lua'
INFO - [♥] Applied 2 patches to 'engine/animatedsprite.lua'
WARN - [♥] Pattern 'assembled_string = assembled_string..(type(subpart) == \'string\' and subpart or args.vars[tonumber(subpart[1])] or \'ERROR\')' on target 'functions/misc_functions.lua' for pattern patch from Talisman\lovely.toml resulted in no matches
INFO - [♥] Applied 78 patches to 'functions/misc_functions.lua'
WARN - [♥] Pattern 'for i = 1, 2 do' on target 'game.lua' for pattern patch from Cryptid\lovely\stake.toml resulted in no matches
WARN - [♥] Pattern 'create_shop_card_ui(card, \'Voucher\', G.shop_vouchers)' on target 'game.lua' for pattern patch from Cryptid\lovely\stake.toml resulted in no matches
WARN - [♥] Pattern 'self.GAME.current_round.voucher = G.SETTINGS.tutorial_progress and G.SETTINGS.tutorial_progress.forced_voucher or SMODS.get_next_vouchers()' on target 'game.lua' for pattern patch from Cryptid\lovely\very_fair.toml resulted in no matches
WARN - [♥] Pattern 'Cryptid.profile_prefix = Jen and \"J\" or \"M\"' on target 'game.lua' for pattern patch from Entropy\lovely\core.toml resulted in no matches
WARN - [♥] Pattern '{card_limit = self.GAME.starting_params.consumable_slots, type = \'joker\', highlight_limit = 1})' on target 'game.lua' for pattern patch from TooManyDecks\lovely\limit.toml resulted in no matches
WARN - [♥] Pattern '{card_limit = self.GAME.starting_params.joker_slots, type = \'joker\', highlight_limit = 1})' on target 'game.lua' for pattern patch from TooManyDecks\lovely\limit.toml resulted in no matches
WARN - [♥] Pattern 'self.GAME.current_round.voucher = G.SETTINGS.tutorial_progress and G.SETTINGS.tutorial_progress.forced_voucher or get_next_voucher_key()' on target 'game.lua' for pattern patch from Cryptid\lovely\Voucher.toml resulted in no matches
WARN - [♥] Regex 'card\\:start_materialize\\(\\)\\n\\s+G\\.shop_vouchers\\:emplace\\(card\\)\\n\\s+end' on target 'game.lua' for regex patch from Cryptid\lovely\Voucher.toml resulted in no matches
INFO - [♥] Applied 124 patches to 'game.lua'
INFO - [♥] Applied 3 patches to 'globals.lua'
INFO - [♥] Applied 15 patches to 'engine/ui.lua'
WARN - [♥] Pattern 'G.GAME.shop.joker_max*1.02*G.CARD_W,' on target 'functions/UI_definitions.lua' for pattern patch from Cryptid\lovely\equilibrium.toml resulted in no matches
WARN - [♥] Pattern 'local stake_sprite = get_stake_sprite(G.GAME.stake or 1, 0.4)\n    blind_text[#blind_text + 1] =' on target 'functions/UI_definitions.lua' for pattern patch from Balatro-Aikoyoris-Shenanigans\lovely\ui.toml resulted in no matches
WARN - [♥] Pattern '{n=G.UIT.T, config={text = G.GAME.hands[handname].chips, scale = 0.45, colour = G.C.UI.TEXT_LIGHT}},' on target 'functions/UI_definitions.lua' for pattern patch from Talisman\lovely.toml resulted in no matches
WARN - [♥] Pattern '{n=G.UIT.T, config={text = G.GAME.hands[handname].mult, scale = 0.45, colour = G.C.UI.TEXT_LIGHT}}' on target 'functions/UI_definitions.lua' for pattern patch from Talisman\lovely.toml resulted in no matches
INFO - [♥] Applied 147 patches to 'functions/UI_definitions.lua'
WARN - [♥] Pattern 'ease_to = G.GAME.chips + math.floor(hand_chips * mult) * (e and e.antiscore and -1 or 1),' on target 'functions/state_events.lua' for pattern patch from Cryptid\lovely\blind.toml resulted in no matches
WARN - [♥] Pattern 'if reps[j] ~= 1 then' on target 'functions/state_events.lua' for pattern patch from Cryptid\lovely\misc.toml resulted in no matches
WARN - [♥] Pattern 'local effects = {[1] = {playing_card = G.hand.cards[i]:get_end_of_round_effect()}}' on target 'functions/state_events.lua' for pattern patch from Cryptid\lovely\stake.toml resulted in no matches
WARN - [♥] Pattern 'G.GAME.current_round.voucher = get_next_voucher_key()' on target 'functions/state_events.lua' for pattern patch from Cryptid\lovely\sticker.toml resulted in no matches
WARN - [♥] Pattern 'if G.GAME.blind.name == \'The Serpent\' and' on target 'functions/state_events.lua' for pattern patch from Astronomica\lovely\iblinds.toml resulted in no matches
WARN - [♥] Pattern 'G.GAME.current_round.voucher = get_next_voucher_key()' on target 'functions/state_events.lua' for pattern patch from Cryptid\lovely\Voucher.toml resulted in no matches
WARN - [♥] Pattern 'if effects[ii].card then' on target 'functions/state_events.lua' for pattern patch from Talisman\lovely.toml resulted in no matches
WARN - [♥] Pattern 'if effects.jokers.Xmult_mod then mult = mod_mult(mult*effects.jokers.Xmult_mod);extras.mult = true  end' on target 'functions/state_events.lua' for pattern patch from Talisman\lovely.toml resulted in no matches
WARN - [♥] Pattern 'if effect.Xmult_mod then mult = mod_mult(mult*effect.Xmult_mod);extras.mult = true  end' on target 'functions/state_events.lua' for pattern patch from Talisman\lovely.toml resulted in no matches
WARN - [♥] Pattern 'if effects[ii].message then' on target 'functions/state_events.lua' for pattern patch from Talisman\lovely.toml resulted in no matches
WARN - [♥] Pattern '--calculate the card edition effects' on target 'functions/state_events.lua' for pattern patch from Talisman\lovely.toml resulted in no matches
WARN - [♥] Pattern 'if effects[ii].edition.p_dollars_mod then' on target 'functions/state_events.lua' for pattern patch from Talisman\lovely.toml resulted in no matches
WARN - [♥] Pattern 'if edition_effects.jokers.x_mult_mod then' on target 'functions/state_events.lua' for pattern patch from Talisman\lovely.toml resulted in no matches
WARN - [♥] Pattern 'if G.GAME.blind:get_type() == \'Boss\' then' on target 'functions/state_events.lua' for pattern patch from Finity\lovely\main.toml resulted in no matches
WARN - [♥] Pattern 'if G.GAME.round_resets.ante == G.GAME.win_ante and G.GAME.blind:get_type() == \'Boss\' then' on target 'functions/state_events.lua' for pattern patch from Finity\lovely\main.toml resulted in no matches
WARN - [♥] Pattern 'elseif G.GAME.round_resets.blind == G.P_BLINDS.bl_big then' on target 'functions/state_events.lua' for pattern patch from Finity\lovely\main.toml resulted in no matches
WARN - [♥] Pattern 'if to_big(G.GAME.dollars) >= to_big(5) and not G.GAME.modifiers.no_interest then\n   add_round_eval_row({bonus = true, name=\'interest\', pitch = pitch, dollars = G.GAME.interest_amount*math.min(math.floor(G.GAME.dollars/5), G.GAME.interest_cap/5)})\n   pitch = pitch + 0.06\n   if (not G.GAME.seeded and not G.GAME.challenge) or SMODS.config.seeded_unlocks then\n       if G.GAME.interest_amount*math.min(math.floor(G.GAME.dollars/5), G.GAME.interest_cap/5) == G.GAME.interest_amount*G.GAME.interest_cap/5 then \n           G.PROFILES[G.SETTINGS.profile].career_stats.c_round_interest_cap_streak = G.PROFILES[G.SETTINGS.profile].career_stats.c_round_interest_cap_streak + 1\n       else\n           G.PROFILES[G.SETTINGS.profile].career_stats.c_round_interest_cap_streak = 0\n       end\n   end\n   check_for_unlock({type = \'interest_streak\'})\n   dollars = dollars + G.GAME.interest_amount*math.min(math.floor(G.GAME.dollars/5), G.GAME.interest_cap/5)\n' on target 'functions/state_events.lua' for pattern patch from Yggdrasil\lovely\skills.toml resulted in no matches
WARN - [♥] Pattern 'if SMODS.has_enhancement(scoring_hand[i], \'m_glass\') and not scoring_hand[i].debuff and pseudorandom(\'glass\') < G.GAME.probabilities.normal/(scoring_hand[i].ability.name == \'Glass Card\' and scoring_hand[i].ability.extra or G.P_CENTERS.m_glass.config.extra) then' on target 'functions/state_events.lua' for pattern patch from Cryptid\lovely\Probability.toml resulted in no matches
WARN - [♥] Regex '(?<indent>[\\t ]*)if destroyed then \\n' on target 'functions/state_events.lua' for regex patch from Cryptid\lovely\seal.toml resulted in no matches
INFO - [♥] Applied 101 patches to 'functions/state_events.lua'
WARN - [♥] Pattern '{n=G.UIT.T, config={text = localize(\'$\')..config.dollars, scale = 1.2*scale, colour = G.C.WHITE, shadow = true, juice = true}}' on target 'functions/common_events.lua' for pattern patch from Cryptid\lovely\code.toml resulted in no matches
WARN - [♥] Pattern 'G.shop_jokers.T.w = G.GAME.shop.joker_max*1.01*G.CARD_W' on target 'functions/common_events.lua' for pattern patch from Cryptid\lovely\equilibrium.toml resulted in no matches
WARN - [♥] Pattern 'function generate_card_ui(_c, full_UI_table, specific_vars, card_type, badges, hide_desc, main_start, main_end)' on target 'functions/common_events.lua' for pattern patch from Cryptid\lovely\lib_misc.toml resulted in no matches
WARN - [♥] Pattern 'elseif v.boss.showdown and (G.GAME.round_resets.ante)%G.GAME.win_ante == 0 and G.GAME.round_resets.ante >= 2 then' on target 'functions/common_events.lua' for pattern patch from Cryptid\lovely\stake.toml resulted in no matches
WARN - [♥] Regex 'localize\\(\'ph_mr_bones\'\\)..\' \'\\}, colours = \\{G.C.FILTER' on target 'functions/common_events.lua' for regex patch from Cryptid\lovely\code.toml resulted in no matches
WARN - [♥] Pattern 'if not v.config.softlock then\n    softlocked = softlocked' on target 'functions/common_events.lua' for pattern patch from Balatro-Aikoyoris-Shenanigans\lovely\planets.toml resulted in no matches
WARN - [♥] Pattern '                    if (not v.config.softlock or G.GAME.hands[v.config.hand_type].played > 0) then\n                        add = true\n                    end' on target 'functions/common_events.lua' for pattern patch from Balatro-Aikoyoris-Shenanigans\lovely\planets.toml resulted in no matches
WARN - [♥] Pattern '                    if (not v.config.softlock or G.GAME.hands[v.config.hand_type].played > 0) then\n                        add = true\n                    end' on target 'functions/common_events.lua' for pattern patch from Balatro-Aikoyoris-Shenanigans\lovely\planets.toml resulted in no matches
WARN - [♥] Pattern 'if num_dollars > 60 then' on target 'functions/common_events.lua' for pattern patch from Talisman\lovely.toml resulted in no matches
WARN - [♥] Pattern 'func = (function() if eval_func(card) then if not first or first then card:juice_up(0.1, 0.1) end;juice_card_until(card, eval_func, nil, 0.8) end return true end)' on target 'functions/common_events.lua' for pattern patch from Talisman\lovely.toml resulted in no matches
WARN - [♥] Pattern 'elseif v.boss.showdown and (G.GAME.round_resets.ante)%G.GAME.win_ante == 0 and G.GAME.round_resets.ante >= 2 then\n' on target 'functions/common_events.lua' for pattern patch from Yggdrasil\lovely\skills.toml resulted in no matches
INFO - [♥] Applied 216 patches to 'functions/common_events.lua'
WARN - [♥] Pattern '                c = G.shop_jokers:remove_card(G.shop_jokers.cards[i])\n                c:remove()\n                c = nil\n' on target 'functions/button_callbacks.lua' for pattern patch from Entropy\lovely\reverse_codes.toml resulted in no matches
WARN - [♥] Pattern '    if #G.hand.highlighted <= 0 or G.GAME.blind.block_play or #G.hand.highlighted > 5 then ' on target 'functions/button_callbacks.lua' for pattern patch from Balatro-Aikoyoris-Shenanigans\lovely\selectionlimit.toml resulted in no matches
WARN - [♥] Pattern 'if ((G.GAME.dollars-G.GAME.bankrupt_at) - 10 >= 0) and' on target 'functions/button_callbacks.lua' for pattern patch from Talisman\lovely.toml resulted in no matches
WARN - [♥] Pattern 'for i = 1, #G.GAME.tags do\n            if G.GAME.tags[i]:apply_to_run({type = \'new_blind_choice\'}) then break end\n          end' on target 'functions/button_callbacks.lua' for pattern patch from TooManyDecks\lovely\decks.toml resulted in no matches
WARN - [♥] Pattern 'if #G.hand.highlighted <= 0 or G.GAME.blind.block_play or #G.hand.highlighted > 5 then' on target 'functions/button_callbacks.lua' for pattern patch from CardSleeves\lovely\expected_to_fail.toml resulted in no matches
WARN - [♥] Pattern 'if G.ARGS.score_intensity.earned_score >= G.ARGS.score_intensity.required_score and G.ARGS.score_intensity.required_score > 0 then' on target 'functions/button_callbacks.lua' for pattern patch from GARBSHIT\lovely.toml resulted in no matches
INFO - [♥] Applied 86 patches to 'functions/button_callbacks.lua'
WARN - [♥] Pattern '*then G.E_MANAGER:add_event(Event({ func = function() G.GAME.blind:set_blind(nil, true, nil); return true end })) end' on target 'card.lua' for pattern patch from smods\lovely\calculate_card_added.toml resulted in 2 matches, wanted 1
WARN - [♥] Ignoring excess matches
WARN - [♥] Pattern 'if not initial then G.GAME.blind:debuff_card(self) end' on target 'card.lua' for pattern patch from Cryptid\lovely\lib_misc.toml resulted in no matches
WARN - [♥] Pattern 'if self.ability.name == \'Campfire\' and G.GAME.blind.boss and not (G.GAME.blind.config and G.GAME.blind.config.bonus) and self.ability.x_mult > 1 then' on target 'card.lua' for pattern patch from Cryptid\lovely\misc.toml resulted in no matches
WARN - [♥] Pattern 'if self.ability.name:find(\'Arcana\') then' on target 'card.lua' for pattern patch from Cryptid\lovely\misprint.toml resulted in no matches
WARN - [♥] Pattern 'if self.ability.name == \'The Hermit\' or self.ability.consumeable.hand_type or self.ability.name == \'Temperance\' or self.ability.name == \'Black Hole\' then' on target 'card.lua' for pattern patch from Cryptid\lovely\stake.toml resulted in no matches
WARN - [♥] Pattern 'if self.ability.queue_negative_removal then' on target 'card.lua' for pattern patch from Cryptid\lovely\sticker.toml resulted in no matches
WARN - [♥] Pattern '    return generate_card_ui(self.config.center, nil, loc_vars, card_type, badges, hide_desc, main_start, main_end)' on target 'card.lua' for pattern patch from Balatro-Aikoyoris-Shenanigans\lovely\localization.toml resulted in no matches
WARN - [♥] Pattern 'G.GAME.current_round.voucher = nil' on target 'card.lua' for pattern patch from Cryptid\lovely\Voucher.toml resulted in no matches
WARN - [♥] Pattern 'if G.GAME.blind then G.E_MANAGER:add_event(Event({ func = function() G.GAME.blind:set_blind(nil, true, nil); return true end })) end' on target 'card.lua' for pattern patch from Talisman\lovely.toml resulted in no matches
WARN - [♥] Pattern 'x_mult = center.config.Xmult or 1,' on target 'card.lua' for pattern patch from Talisman\lovely.toml resulted in no matches
WARN - [♥] Pattern '            local rightmost = G.hand.highlighted[1]\n            for i=1, #G.hand.highlighted do if G.hand.highlighted[i].T.x > rightmost.T.x then rightmost = G.hand.highlighted[i] end end\n            for i=1, #G.hand.highlighted do\n                G.E_MANAGER:add_event(Event({trigger = \'after\',delay = 0.1,func = function()\n                    if G.hand.highlighted[i] ~= rightmost then\n                        copy_card(rightmost, G.hand.highlighted[i])\n                    end\n                    return true end }))\n            end  \n' on target 'card.lua' for pattern patch from Yggdrasil\lovely\skills.toml resulted in no matches
WARN - [♥] Pattern '    elseif self.seal == \'Gold\' then\n        ret = ret +  3\n' on target 'card.lua' for pattern patch from Yggdrasil\lovely\skills.toml resulted in no matches
WARN - [♥] Pattern 'if self.ability.name == \'Aura\' then \n            if G.hand and (#G.hand.highlighted == 1) and G.hand.highlighted[1] and (not G.hand.highlighted[1].edition) then return true end\n' on target 'card.lua' for pattern patch from Yggdrasil\lovely\skills.toml resulted in no matches
WARN - [♥] Pattern 'elseif self.ability.name == \'Business Card\' then loc_vars = {\'\'..(G.GAME and G.GAME.probabilities.normal or 1), self.ability.extra}' on target 'card.lua' for pattern patch from Cryptid\lovely\Probability.toml resulted in no matches
WARN - [♥] Pattern 'pseudorandom(\'business\') < G.GAME.probabilities.normal/self.ability.extra then' on target 'card.lua' for pattern patch from Cryptid\lovely\Probability.toml resulted in no matches
WARN - [♥] Pattern 'local currentBack = self.params.viewed_back and G.GAME.viewed_back or G.GAME.selected_back' on target 'card.lua' for pattern patch from Galdur\lovely.toml resulted in no matches
WARN - [♥] Regex 'self.params.viewed_back and G.GAME.viewed_back or G.GAME.selected_back' on target 'card.lua' for regex patch from CardSleeves\lovely\expected_to_fail.toml resulted in no matches
INFO - [♥] Applied 310 patches to 'card.lua'
WARN - [♥] Pattern '    self.config.highlighted_limit = config.highlight_limit or 5' on target 'cardarea.lua' for pattern patch from Balatro-Aikoyoris-Shenanigans\lovely\selectionlimit.toml resulted in no matches
INFO - [♥] Applied 25 patches to 'cardarea.lua'
INFO - [♥] Applied 47 patches to 'blind.lua'
WARN - [♥] Pattern 'self.children.card:set_ability(G.P_CENTERS.j_jolly)' on target 'card_character.lua' for pattern patch from Entropy\lovely\core.toml resulted in no matches
INFO - [♥] Applied 2 patches to 'card_character.lua'
INFO - [♥] Applied 5 patches to 'engine/text.lua'
WARN - [♥] Pattern 'if not individual or not individual.object then return ret, post_trig end' on target '=[SMODS _ "src/utils.lua"]' for pattern patch from Yggdrasil\lovely\prevent_crash.toml resulted in no matches
INFO - [♥] Applied 11 patches to '=[SMODS _ "src/utils.lua"]'
INFO - [♥] Applied 8 patches to '=[SMODS _ "src/overrides.lua"]'
WARN - [♥] Pattern '            local _suit, _rank =\n                            pseudorandom_element(SMODS.Suits, pseudoseed(\'familiar_create\')).card_key,\n                            pseudorandom_element(faces, pseudoseed(\'familiar_create\')).card_key\n                        local cen_pool = {}\n                        for k, v in pairs(G.P_CENTER_POOLS[\"Enhanced\"]) do\n                            if v.key ~= \'m_stone\' and not v.overrides_base_rank then\n                                cen_pool[#cen_pool + 1] = v\n                            end\n                        end\n                        cards[i] = create_playing_card({\n                            front = G.P_CARDS[_suit .. \'_\' .. _rank],\n                            center = pseudorandom_element(cen_pool, pseudoseed(\'spe_card\'))\n                        }, G.hand, nil, i ~= 1, { G.C.SECONDARY_SET.Spectral })\n' on target '=[SMODS _ "src/game_object.lua"]' for pattern patch from Yggdrasil\lovely\skills.toml resulted in no matches
WARN - [♥] Pattern ' local _suit, _rank =\n                            pseudorandom_element(SMODS.Suits, pseudoseed(\'grim_create\')).card_key, \'A\'\n                        local cen_pool = {}\n                        for k, v in pairs(G.P_CENTER_POOLS[\"Enhanced\"]) do\n                            if v.key ~= \'m_stone\' and not v.overrides_base_rank then\n                                cen_pool[#cen_pool + 1] = v\n                            end\n                        end\n                        cards[i] = create_playing_card({\n                            front = G.P_CARDS[_suit .. \'_\' .. _rank],\n                            center = pseudorandom_element(cen_pool, pseudoseed(\'spe_card\'))\n                        }, G.hand, nil, i ~= 1, { G.C.SECONDARY_SET.Spectral })\n' on target '=[SMODS _ "src/game_object.lua"]' for pattern patch from Yggdrasil\lovely\skills.toml resulted in no matches
WARN - [♥] Pattern 'local _suit, _rank =\n                            pseudorandom_element(SMODS.Suits, pseudoseed(\'incantation_create\')).card_key,\n                            pseudorandom_element(numbers, pseudoseed(\'incantation_create\')).card_key\n                        local cen_pool = {}\n                        for k, v in pairs(G.P_CENTER_POOLS[\"Enhanced\"]) do\n                            if v.key ~= \'m_stone\' and not v.overrides_base_rank then\n                                cen_pool[#cen_pool + 1] = v\n                            end\n                        end\n                        cards[i] = create_playing_card({\n                            front = G.P_CARDS[_suit .. \'_\' .. _rank],\n                            center = pseudorandom_element(cen_pool, pseudoseed(\'spe_card\'))\n                        }, G.hand, nil, i ~= 1, { G.C.SECONDARY_SET.Spectral })\n' on target '=[SMODS _ "src/game_object.lua"]' for pattern patch from Yggdrasil\lovely\skills.toml resulted in no matches
WARN - [♥] Pattern 'local _suit, _rank =\n                            pseudorandom_element(SMODS.Suits, pseudoseed(\'incantation_create\')).card_key,\n                            pseudorandom_element(numbers, pseudoseed(\'incantation_create\')).card_key\n                        local cen_pool = {}\n                        for k, v in pairs(G.P_CENTER_POOLS[\"Enhanced\"]) do\n                            if v.key ~= \'m_stone\' and not v.overrides_base_rank then\n                                cen_pool[#cen_pool + 1] = v\n                            end\n                        end\n                        cards[i] = create_playing_card({\n                            front = G.P_CARDS[_suit .. \'_\' .. _rank],\n                            center = pseudorandom_element(cen_pool, pseudoseed(\'spe_card\'))\n                        }, G.hand, nil, i ~= 1, { G.C.SECONDARY_SET.Spectral })\n' on target '=[SMODS _ "src/game_object.lua"]' for pattern patch from Yggdrasil\lovely\skills.toml resulted in no matches
INFO - [♥] Applied 9 patches to '=[SMODS _ "src/game_object.lua"]'
INFO - [G] Failed to connect to the debug server
INFO - [G] 2025-05-13 16:46:16 :: DEBUG :: DebugConsole :: Steamodded Debug Socket started !
INFO - [G] 2025-05-13 16:46:16 :: INFO  :: SMODS :: Steamodded v1.0.0~BETA-0507a
INFO - [♥] Applied 9 patches to 'engine/sound_manager.lua'
INFO - [♥] Applied 3 patches to 'engine/save_manager.lua'
INFO - [♥] Applied 2 patches to 'engine/string_packer.lua'
INFO - [♥] Applied 4 patches to '=[SMODS _ "src/card_draw.lua"]'
INFO - [G] 2025-05-13 16:46:18 :: TRACE :: Loader :: Processing Mod file (Legacy header): Astronomica.lua
INFO - [G] 2025-05-13 16:46:18 :: TRACE :: Loader :: Saving Mod Info: Astronomica
INFO - [G] 2025-05-13 16:46:18 :: TRACE :: Loader :: Processing Mod file (Legacy header): Azazel.lua
INFO - [G] 2025-05-13 16:46:18 :: TRACE :: Loader :: Saving Mod Info: AzzysJokers
INFO - [G] 2025-05-13 16:46:18 :: ERROR :: Loader :: Found invalid metadata JSON file at C:\Users\erikk\AppData\Roaming\Balatro\Mods/Balatro-Aikoyoris-Shenanigans/.luarc.json, ignoring: [SMODS _ "src/loader.lua"]:226: id
INFO - [G] 2025-05-13 16:46:18 :: ERROR :: Loader :: Found invalid metadata JSON file at C:\Users\erikk\AppData\Roaming\Balatro\Mods/Balatro-Aikoyoris-Shenanigans/.vscode/settings.json, ignoring: [SMODS _ "src/loader.lua"]:226: id
INFO - [G] 2025-05-13 16:46:18 :: INFO  :: Loader :: Valid JSON file found
INFO - [G] 2025-05-13 16:46:18 :: INFO  :: Loader :: Valid JSON file found
INFO - [G] 2025-05-13 16:46:18 :: INFO  :: Loader :: Valid JSON file found
INFO - [G] 2025-05-13 16:46:18 :: INFO  :: Loader :: Valid JSON file found
INFO - [G] 2025-05-13 16:46:18 :: ERROR :: Loader :: Found invalid metadata JSON file at C:\Users\erikk\AppData\Roaming\Balatro\Mods/DebugPlus/.luarc.json, ignoring: [SMODS _ "src/loader.lua"]:226: id
INFO - [G] 2025-05-13 16:46:18 :: ERROR :: Loader :: Found invalid metadata JSON file at C:\Users\erikk\AppData\Roaming\Balatro\Mods/DebugPlus/dev/.luarc.json, ignoring: [SMODS _ "src/loader.lua"]:226: id
INFO - [G] 2025-05-13 16:46:18 :: INFO  :: Loader :: Valid JSON file found
INFO - [G] 2025-05-13 16:46:18 :: INFO  :: Loader :: Valid JSON file found
INFO - [G] 2025-05-13 16:46:18 :: INFO  :: Loader :: Valid JSON file found
INFO - [G] 2025-05-13 16:46:18 :: INFO  :: Loader :: Valid JSON file found
INFO - [G] 2025-05-13 16:46:18 :: INFO  :: Loader :: Valid JSON file found
INFO - [G] 2025-05-13 16:46:18 :: INFO  :: Loader :: Valid JSON file found
INFO - [G] 2025-05-13 16:46:18 :: TRACE :: Loader :: Processing Mod file (Legacy header): steamodded.lua
INFO - [G] 2025-05-13 16:46:18 :: WARN  :: Loader :: Duplicate Mod ID: Handy
INFO - [G] 2025-05-13 16:46:18 :: INFO  :: Loader :: Valid JSON file found
INFO - [G] 2025-05-13 16:46:18 :: INFO  :: Loader :: Valid JSON file found
INFO - [G] 2025-05-13 16:46:18 :: INFO  :: Loader :: Valid JSON file found
INFO - [G] 2025-05-13 16:46:18 :: INFO  :: Loader :: Valid JSON file found
INFO - [G] 2025-05-13 16:46:18 :: INFO  :: Loader :: Valid JSON file found
INFO - [G] 2025-05-13 16:46:18 :: INFO  :: Loader :: Valid JSON file found
INFO - [G] 2025-05-13 16:46:18 :: TRACE :: Loader :: Processing Mod file (Legacy header): steamodded_metadata.lua
INFO - [G] 2025-05-13 16:46:18 :: TRACE :: Loader :: Saving Mod Info: Talisman
INFO - [G] 2025-05-13 16:46:18 :: INFO  :: Loader :: Valid JSON file found
INFO - [G] 2025-05-13 16:46:18 :: INFO  :: Loader :: Valid JSON file found
INFO - [♥] Applied 7 patches to '=[SMODS galdur "galdur.lua"]'
INFO - [♥] Applied 2 patches to '=[SMODS CardSleeves "CardSleeves.lua"]'
INFO - [G] 2025-05-13 16:46:18 :: INFO  :: CardSleeves :: CardSleeves v1.7.6 loaded~!
INFO - [G] 2025-05-13 16:46:18 :: TRACE :: Loader :: Mod AzzysJokers was unable to load: 
INFO - [G] 2025-05-13 16:46:19 :: WARN  :: Sound :: Object garb_surge has the same key as an existing object, not registering.
INFO - [G] 2025-05-13 16:46:19 :: WARN  :: Sound :: If you want to modify an existing object, use take_ownership()
INFO - [G] 2025-05-13 16:46:19 :: TRACE :: Loader :: Mod kino was unable to load: 
INFO - [G] 2025-05-13 16:46:19 :: TRACE :: Loader :: Mod partner was unable to load: 
INFO - [G] 2025-05-13 16:46:19 :: WARN  :: Back :: Object b_sdm_bakers has the same key as an existing object, not registering.
INFO - [G] 2025-05-13 16:46:19 :: WARN  :: Back :: If you want to modify an existing object, use take_ownership()
INFO - [G] 2025-05-13 16:46:19 :: INFO  :: TOGAPack :: Hello World! Starting TOGAPack...
INFO - [G] 2025-05-13 16:46:19 :: INFO  :: TOGAPack :: Hooking G.FUNCS.can_play...
INFO - [G] 2025-05-13 16:46:19 :: INFO  :: TOGAPack :: Hooking play_sound...
INFO - [G] 2025-05-13 16:46:19 :: INFO  :: TOGAPack :: Hooking Card:is_face...
INFO - [G] 2025-05-13 16:46:19 :: INFO  :: TOGAPack :: Hooking Card:get_id...
INFO - [G] 2025-05-13 16:46:19 :: INFO  :: TOGAPack :: Hooking Card:is_suit...
INFO - [G] 2025-05-13 16:46:19 :: INFO  :: TOGAPack :: Hooking G.FUNCS.draw_from_deck_to_hand...
INFO - [G] 2025-05-13 16:46:19 :: INFO  :: TOGAPack :: Hooking Blind:defeat...
INFO - [G] 2025-05-13 16:46:19 :: DEBUG :: TOGAPack :: Executing items/joker.lua
INFO - [G] 2025-05-13 16:46:19 :: INFO  :: TOGAPack :: Loading Jokers...
INFO - [G] 2025-05-13 16:46:19 :: DEBUG :: TOGAPack :: Executing items/deck.lua
INFO - [G] 2025-05-13 16:46:19 :: INFO  :: TOGAPack :: Loading Decks...
INFO - [G] 2025-05-13 16:46:19 :: DEBUG :: TOGAPack :: Executing items/voucher.lua
INFO - [G] 2025-05-13 16:46:19 :: INFO  :: TOGAPack :: Loading Vouchers...
INFO - [G] 2025-05-13 16:46:19 :: DEBUG :: TOGAPack :: Executing items/enhancement.lua
INFO - [G] 2025-05-13 16:46:19 :: INFO  :: TOGAPack :: Loading Enhancements...
INFO - [G] 2025-05-13 16:46:19 :: DEBUG :: TOGAPack :: Executing items/consumables.lua
INFO - [G] 2025-05-13 16:46:19 :: INFO  :: TOGAPack :: Loading Consumeables...
INFO - [G] 2025-05-13 16:46:19 :: DEBUG :: TOGAPack :: Executing items/seal.lua
INFO - [G] 2025-05-13 16:46:19 :: INFO  :: TOGAPack :: Loading Seals...
INFO - [G] 2025-05-13 16:46:19 :: DEBUG :: TOGAPack :: Executing items/booster.lua
INFO - [G] 2025-05-13 16:46:19 :: INFO  :: TOGAPack :: Loading Booster Packs...
INFO - [G] 2025-05-13 16:46:19 :: DEBUG :: TOGAPack :: Executing items/tag.lua
INFO - [G] 2025-05-13 16:46:19 :: INFO  :: TOGAPack :: Loading Tags...
INFO - [G] 2025-05-13 16:46:19 :: DEBUG :: TOGAPack :: Executing items/deckskin.lua
INFO - [G] 2025-05-13 16:46:19 :: INFO  :: TOGAPack :: Loading Deckskins...
INFO - [G] 2025-05-13 16:46:19 :: DEBUG :: TOGAPack :: Executing items/blind.lua
INFO - [G] 2025-05-13 16:46:19 :: INFO  :: TOGAPack :: Loading Blinds...
INFO - [G] 2025-05-13 16:46:19 :: DEBUG :: TOGAPack :: Executing items/crossmod.lua
INFO - [G] 2025-05-13 16:46:19 :: INFO  :: TOGAPack :: Loading Cross-Mod content...
INFO - [G] [CRYPTID] Loading library file ascended.lua
INFO - [G] [CRYPTID] Loading library file calculate.lua
INFO - [G] [CRYPTID] Loading library file content.lua
WARN - [♥] Pattern 'bogus patch lol aikoyori was here no patching ' on target '=[SMODS Cryptid "lib/content.lua"]' for pattern patch from Balatro-Aikoyoris-Shenanigans\lovely\compat.cryptid.toml resulted in no matches
INFO - [♥] Applied 0 patches to '=[SMODS Cryptid "lib/content.lua"]'
INFO - [G] [CRYPTID] Loading library file cross-mod.lua
INFO - [G] [CRYPTID] Loading library file d20.lua
INFO - [G] [CRYPTID] Loading library file event.lua
INFO - [G] [CRYPTID] Loading library file forcetrigger.lua
INFO - [G] [CRYPTID] Loading library file gameset.lua
INFO - [G] [CRYPTID] Loading library file https.lua
INFO - [G] 2025-05-13 16:46:19 :: DEBUG :: SMODS.https :: Using https module backend
INFO - [G] [CRYPTID] Loading library file misc.lua
INFO - [G] [CRYPTID] Loading library file misprintize.lua
INFO - [G] [CRYPTID] Loading library file modifiers.lua
INFO - [G] 2025-05-13 16:46:19 :: WARN  :: Sticker :: Detected duplicate register call on object perishable
INFO - [G] 2025-05-13 16:46:19 :: WARN  :: Sticker :: Detected duplicate register call on object pinned
INFO - [G] 2025-05-13 16:46:19 :: WARN  :: Sticker :: Detected duplicate register call on object eternal
INFO - [G] 2025-05-13 16:46:19 :: WARN  :: Sticker :: Detected duplicate register call on object rental
INFO - [G] [CRYPTID] Loading library file notifications.lua
INFO - [G] [CRYPTID] Loading library file overrides.lua
INFO - [G] line not found
INFO - [G] file not found: main.lua: No such file or directory
INFO - [G] file not found: main.lua: No such file or directory
INFO - [G] line not found
INFO - [G] line not found
INFO - [G] file not found: main.lua: No such file or directory
INFO - [G] 2025-05-13 16:46:19 :: ERROR :: StackTrace :: Oops! The game crashed
[SMODS Cryptid "Cryptid.lua"]:39: Error processing file 'lib/overrides.lua' for mod with ID 'Cryptid': [SMODS Cryptid "lib/overrides.lua"]:840: '=' expected near 'local'
Stack Traceback
===============
(1) Lua local 'handler' at file 'main.lua:612'
	Local variables:
	 msg = string: "[SMODS Cryptid \"Cryptid.lua\"]:39: Error processing file 'lib/overrides.lua' for mod with ID 'Cryptid': [SMODS Cryptid \"lib/overrides.lua\"]:840: '=' expected near 'local'"
	 (*temporary) = Lua function '?' (defined at line 31 of chunk [SMODS _ "src/logging.lua"])
	 (*temporary) = string: "Oops! The game crashed\
"
(2) LÖVE function at file 'boot.lua:352' (best guess)
	Local variables:
	 errhand = Lua function '?' (defined at line 598 of chunk main.lua)
	 handler = Lua function '?' (defined at line 598 of chunk main.lua)
(3) global C function 'error'
(4) main chunk of file 'Cryptid.lua' at line 39 (from mod with id Cryptid)
(5) Lua global 'loadMods' at Steamodded file 'src/loader.lua:571' 
	Local variables:
	 modsDirectory = string: "C:\\Users\\erikk\\AppData\\Roaming\\Balatro\\Mods"
	 header_components = table: 0x3e99b068  {version:table: 0x3e99b7b8, id:table: 0x3e99b278, conflicts:table: 0x3e99b6a8, outdated:table: 0x3e99b838, prefix:table: 0x3e99b758, dump_loc:table: 0x3e99b8d8 (more...)}
	 json_spec = table: 0x3e99b970  {version:table: 0x3e99c0b0, id:table: 0x3e99bca0, main_file:table: 0x3e99c290, __:table: 0x3e99c350, badge_colour:table: 0x3e99bf50, badge_text_colour:table: 0x3e99bfd0 (more...)}
	 used_prefixes = table: 0x3e99c450  {azzy:AzzysJokers, ast:Astronomica, talisman:Talisman}
	 lovely_directories = table: 0x3e99c478  {1:C:\Users\erikk\AppData\Roaming\Balatro\Mods/Astronomica/, 2:C:\Users\erikk\AppData\Roaming\Balatro\Mods/AzzysJokers/, 3:C:\Users\erikk\AppData\Roaming\Balatro\Mods/Balatro-Aikoyoris-Shenanigans/ (more...)}
	 processDirectory = Lua function '?' (defined at line 185 of chunk [SMODS _ "src/loader.lua"])
	 keyset = table: 0x3e365da0  {1:-10000, 2:-10, 3:0, 4:1, 5:1.1, 6:2, 7:114, 8:115, 9:300, 10:666, 11:1234, 12:1e+16}
	 check_dependencies = Lua function '?' (defined at line 419 of chunk [SMODS _ "src/loader.lua"])
	 (for generator) = C function: builtin#6
	 (for state) = table: 0x3e365da0  {1:-10000, 2:-10, 3:0, 4:1, 5:1.1, 6:2, 7:114, 8:115, 9:300, 10:666, 11:1234, 12:1e+16}
	 (for control) = number: 7
	 _ = number: 7
	 priority = number: 114
	 (for generator) = C function: builtin#6
	 (for state) = table: 0x3e205e60  {1:table: 0x3e49e818}
	 (for control) = number: 1
	 _ = number: 1
	 mod = table: 0x3e49e818  {version:0.5.6dev, id:Cryptid, main_file:Cryptid.lua, lovely:true, can_load:true, badge_colour:table: 0x3e47ded0, badge_text_colour:table: 0x3e510030 (more...)}
(6) Lua global 'initSteamodded' at Steamodded file 'src/loader.lua:654' 
(7) Lua upvalue 'su' at file 'game.lua:219'
	Local variables:
	 self = table: 0x3e1e5088  {F_GUIDE:false, F_CRASH_REPORTS:false, F_QUIT_BUTTON:true, F_ENGLISH_ONLY:false, F_VIDEO_SETTINGS:true, STAGE:1, F_MOBILE_UI:false, F_NO_SAVING:false (more...)}
	 settings = string: "return {[\"version\"]=\"1.0.1o-FULL\",[\"paused\"]=false,[\"QUEUED_CHANGE\"]={},[\"COMP\"]={[\"prev_name\"]=\"\",[\"name\"]=\"\",[\"score\"]=4981789397.243,},[\"colourblind_option\"]=true,[\"play_button_pos\"]=2,[\"CUSTOM_DECK\"]={[\"Collabs\"]={[\"akyrs_booster\"]=\"default_akyrs_booster\",[\"akyrs_consumable\"]=\"default_akyrs_consumable\",[\"akyrs_joker\"]=\"default_akyrs_joker\",[\"mtg_Suitless\"]=\"default_mtg_Suitless\",[\"Hearts\"]=\"default_Hearts\",[\"paperback_Crowns\"]=\"default_paperback_Crowns\",[\"Diamonds\"]=\"default_Diamonds\",[\"entr_nilsuit\"]=\"default_entr_nilsuit\",[\"Clubs\"]=\"default_Clubs\",[\"akyrs_voucher\"]=\"default_akyrs_voucher\",[\"paperback_Stars\"]=\"default_paperback_Stars\",[\"bunc_Halberds\"]=\"default_bunc_Halberds\",[\"Spades\"]=\"default_Spades\",[\"bunc_Fleurons\"]=\"default_bunc_Fleurons\",[\"mtg_Clovers\"]=\"default_mtg_Clovers\",[\"akyrs_thing\"]=\"default_akyrs_thing\",},},[\"CS_COLOR2\"]={[4]=1,[1]=0.53333333333333,[2]=0.40392156862745,[3]=0.64705882352941,},[\"music_selection\"]=\"cardsauce\",[\"cryptid_notifs\"]={[\"jimball\"]=true,},[\"SOUND\"]={[\"volume\"]=86.8671875,[\"music_volume\"]=0,[\"game_sounds_volume\"]=91.96,},[\"initCSAUColors\"]=true,[\"current_setup\"]=\"New Run\",[\"DEMO\"]={[\"win_CTA_shown\"]=true,[\"quit_CTA_shown\"]=true,[\"timed_CTA_shown\"]=true,[\"total_uptime\"]=5.0106873846931,},[\"language\"]=\"en-us\",[\"colourpalettes\"]={[\"Spades\"]=\"csau_def_spades\",[\"Hearts\"]=\"csau_def_hearts\",[\"Diamonds\"]=\"csau_def_diamonds\",[\"Clubs\"]=\"csau_def_clubs\",},[\"reduced_motion\"]=false,[\"ambient_control\"]={[\"ambientFire1\"]={[\"per\"]=1.1,[\"vol\"]=0,},[\"ambientOrgan1\"]={[\"per\"]=0.7,[\"vol\"]=0,},[\"ambientFire2\"]={[\"per\"]=1.05,[\"vol\"]=0,},[\"ambientFire3\"]={[\"per\"]=1,[\"vol\"]=0,},},[\"STATUSTEXT\"]=0,[\"colour_palettes\"]={[\"akyrs_booster\"]=\"def\",[\"akyrs_consumable\"]=\"def\",[\"akyrs_joker\"]=\"def\",[\"mtg_Suitless\"]=\"lc\",[\"Hearts\"]=\"hc\",[\"paperback_Crowns\"]=\"lc\",[\"Diamonds\"]=\"hc\",[\"entr_nilsuit\"]=\"lc\",[\"Clubs\"]=\"hc\",[\"akyrs_voucher\"]=\"def\",[\"paperback_Stars\"]=\"lc\",[\"bunc_Halberds\"]=\"lc\",[\"Spades\"]=\"hc\",[\"bunc_Fleurons\"]=\"lc\",[\"mtg_Clovers\"]=\"hc\",[\"akyrs_thing\"]=\"def\",},[\"crashreports\"]=false,[\"tutorial_progress\"]={[\"hold_parts\"]={[\"first_hand_3\"]=true,[\"small_blind\"]=true,[\"big_blind\"]=true,[\"first_hand_4\"]=true,[\"second_hand\"]=true,[\"shop_1\"]=true,[\"first_hand_2\"]=true,[\"first_hand\"]=true,},[\"section\"]=\"second_hand\",[\"completed_parts\"]={[\"first_hand\"]=true,[\"first_hand_3\"]=true,[\"small_blind\"]=true,[\"big_blind\"]=true,[\"first_hand_4\"]=true,[\"shop_1\"]=true,[\"first_hand_section\"]=true,[\"first_hand_2\"]=true,[\"second_hand\"]=true,},},[\"WINDOW\"]={[\"vsync\"]=0,[\"display_names\"]={[2]=\"2\",[1]=\"1\",},[\"screenmode\"]=\"Borderless\",[\"DISPLAYS\"]={[2]={[\"screen_resolutions\"]={[\"strings\"]={[1]=\"3200 X 1800\",},[\"values\"]={[1]={[\"w\"]=1920,[\"h\"]=1080,},},},[\"DPI_scale\"]=1,[\"MONITOR_DIMS\"]={[\"height\"]=1800,[\"width\"]=3200,},},[1]={[\"screen_resolutions\"]={[\"strings\"]={[1]=\"3840 X 2160\",},[\"values\"]={[1]={[\"w\"]=1920,[\"h\"]=1080,},},},[\"screen_res\"]={[\"w\"]=1920,[\"h\"]=1080,},[\"DPI_scale\"]=1,[\"MONITOR_DIMS\"]={[\"height\"]=2160,[\"width\"]=3840,},},},[\"selected_display\"]=1,},[\"GAMESPEED\"]=4,[\"tutorial_complete\"]=true,[\"run_stake_stickers\"]=true,[\"music_control\"]={[\"current_track\"]=\"\",[\"desired_track\"]=\"\",[\"lerp\"]=1,},[\"ACHIEVEMENTS_EARNED\"]={[\"card_discarder\"]=true,[\"big_hands\"]=true,[\"ach_lobc_bless\"]=true,[\"royale\"]=true,[\"tiny_hands\"]=true,[\"low_stakes\"]=true,[\"_1000k\"]=true,[\"ach_cry_exodia\"]=true,[\"extreme_couponer\"]=true,[\"ach_cry_pull_request\"]=true,[\"ach_mf_negative_philosophical\"]=true,[\"high_stakes\"]=true,[\"clairvoyance\"]=true,[\"ante_up\"]=true,[\"you_get_what_you_get\"]=true,[\"ach_lobc_lamp\"]=true,[\"ach_garb_jimboss\"]=true,[\"retrograde\"]=true,[\"ach_lobc_blind_rage\"]=true,[\"card_player\"]=true,[\"shattered\"]=true,[\"speedrunner\"]=true,[\"ach_lobc_our_galaxy\"]=true,[\"_100000k\"]=true,[\"cartomancy\"]=true,[\"ach_lobc_solemn_lament\"]=true,[\"_10k\"]=true,[\"mid_stakes\"]=true,[\"completionist\"]=true,[\"heads_up\"]=true,[\"ach_garb_rocking\"]=true,[\"ante_upper\"]=true,[\"ach_mf_ten_colour_rounds\"]=true,[\"astronomy\"]=true,[\"rule_bender\"]=true,[\"ach_lobc_beak\"]=true,[\"legendary\"]=true,[\"nest_egg\"]=true,[\"roi\"]=true,[\"ach_cry_break_infinity\"]=true,[\"ach_cry_what_have_you_done\"]=true,[\"ach_cry_now_the_fun_begins\"]=true,[\"ach_lobc_dead_silence\"]=true,},[\"csau_color_selection\"]=\"default_csau\",[\"CS_COLOR1\"]={[4]=1,[1]=0.29411764705882,[2]=0.76078431372549,[3]=0.57254901960784,},[\"screenshake\"]=0,[\"FASTFORWARD\"]=0,[\"profile\"]=\"E1\",[\"GRAPHICS\"]={[\"texture_scaling\"]=2,[\"crt\"]=0,[\"shadows\"]=\"Off\",[\"bloom\"]=1,},}"
	 settings_ver = nil
	 new_colour_proto = table: 0x3e029a28  {Spades:table: 0x3e0b7848, Hearts:table: 0x3e0b7720, Diamonds:table: 0x3e0b77b0, Clubs:table: 0x3e05fc08}
	 sound_files = table: 0x3e1d96a0  {1:ambientFire1.ogg, 2:ambientFire2.ogg, 3:ambientFire3.ogg, 4:ambientOrgan1.ogg, 5:button.ogg, 6:cancel.ogg, 7:card1.ogg, 8:card3.ogg, 9:cardFan2.ogg (more...)}
	 shader_files = table: 0x3e1a40a8  {1:CRT.fs, 2:background.fs, 3:booster.fs, 4:debuff.fs, 5:dissolve.fs, 6:flame.fs, 7:flash.fs, 8:foil.fs, 9:gold_seal.fs, 10:holo.fs, 11:hologram.fs (more...)}
(8) Lua method 'start_up' at file 'main.lua:6646'
	Local variables:
	 self = table: 0x3e1e5088  {F_GUIDE:false, F_CRASH_REPORTS:false, F_QUIT_BUTTON:true, F_ENGLISH_ONLY:false, F_VIDEO_SETTINGS:true, STAGE:1, F_MOBILE_UI:false, F_NO_SAVING:false (more...)}
(9) Lua field 'load' at file 'main.lua:1071'
(10) Lua function '?' at file 'main.lua:899' (best guess)
(11) global C function 'xpcall'
(12) LÖVE function at file 'boot.lua:368' (best guess)
	Local variables:
	 result = boolean: true
	 main = nil
(13) global C function 'xpcall'
(14) LÖVE function at file 'boot.lua:377' (best guess)
	Local variables:
	 func = Lua function '(LÖVE Function)' (defined at line 355 of chunk [love "boot.lua"])
	 inerror = boolean: true
	 deferErrhand = Lua function '(LÖVE Function)' (defined at line 348 of chunk [love "boot.lua"])
	 earlyinit = Lua function '(LÖVE Function)' (defined at line 355 of chunk [love "boot.lua"])

INFO - [G] line not found
INFO - [G] line not found
INFO - [G] file not found: main.lua: No such file or directory
INFO - [G] 2025-05-13 16:46:19 :: INFO  :: StackTrace :: Additional Context:
Balatro Version: 1.0.1o-FULL
Modded Version: 1.0.0~BETA-0507a-STEAMODDED
LÖVE Version: 11.5.0
Lovely Version: 0.7.1
Platform: Windows
Steamodded Mods:
    1: Entropy by Ruby [ID: entr, Priority: 666, Version: 1.0.0~alpha, Uses Lovely]
    2: SDM_0's Stuff by SDM_0 [ID: sdm0sstuff, Version: 1.7.0e, Uses Lovely]
    3: Card Sleeves by Larswijn [ID: CardSleeves, Priority: -10, Version: 1.7.6, Uses Lovely]
    4: TOGA's Stuff by TheOneGoofAli [ID: TOGAPack, Priority: 2, Version: 1.4.0a, Uses Lovely]
    5: Astronomica by naoriley [ID: Astronomica, Uses Lovely]
    6: Galdur by Eremel_ [ID: galdur, Priority: -10000, Version: 1.2, Uses Lovely]
    7: Aikoyori's Shenanigans by Aikoyori [ID: aikoyorisshenanigans, Priority: 300, Version: 0.2.0-alpha-250510c, Uses Lovely]
    8: Handy by SleepyG11 [ID: Handy, Version: 1.4.2a, Uses Lovely]
    9: Finity by Freh_, missingnumber [ID: finity, Priority: 1.1, Version: 1.0.3, Uses Lovely]
    10: Yggdrasil by BepisFever [ID: YGGDRASIL, Priority: 1, Version: 1.0.0, Uses Lovely]
    11: Too Many Decks by Squidguset, WaffleDevs [ID: SGTMD, Priority: 115, Version: 3.5.0, Uses Lovely]
    12: Garbshit by garb [ID: GARBPACK, Version: 2.0.1, Uses Lovely]
    13: Talisman by MathIsFun_, Mathguy24, jenwalter666, cg-223 [ID: Talisman, Version: 2.2.0b, Uses Lovely]
        Break Infinity: omeganum
    14: Cryptid by MathIsFun_, Cryptid and Balatro Discords [ID: Cryptid, Priority: 114, Version: 0.5.6dev, Uses Lovely]
    15: DebugPlus by WilsontheWolf [ID: DebugPlus, Version: 1.5.0~dev, Uses Lovely]
    16: Banner by SylviBlossom [ID: banner, Version: 1.1.1, Uses Lovely]
Lovely Mods:
