INFO - [♥] Lovely 0.7.1
INFO - [♥] Game directory is at "C:\\Program Files (x86)\\Steam\\steamapps\\common\\Balatro"
INFO - [♥] Writing logs to "C:\\Users\\erikk\\AppData\\Roaming\\Balatro\\Mods\\lovely\\log"
INFO - [♥] Using mod directory at "C:\\Users\\erikk\\AppData\\Roaming\\Balatro\\Mods"
INFO - [♥] Found .lovelyignore in 'Balatro-Draft-main', skipping it.
INFO - [♥] Found .lovelyignore in 'BalatroBeyond-main', skipping it.
INFO - [♥] Found .lovelyignore in 'Extreme Deck', skipping it.
INFO - [♥] Found .lovelyignore in 'FemtoLabsCollection-master', skipping it.
INFO - [♥] Found .lovelyignore in 'GARBSHIT-main', skipping it.
INFO - [♥] Found .lovelyignore in 'SDM_0-s-Stuff-main', skipping it.
INFO - [♥] Found .lovelyignore in 'SillySeals-main', skipping it.
INFO - [♥] Found .lovelyignore in 'TOGAPackBalatro-main', skipping it.
INFO - [♥] Found .lovelyignore in 'TooManyDecks-main', skipping it.
WARN - [♥] Unknown key `patches.21.?.match_indent` found in patch file at "C:\\Users\\erikk\\AppData\\Roaming\\Balatro\\Mods\\Cryptid-main\\lovely\\code.toml", ignoring it
WARN - [♥] Unknown key `patches.18.?.overwrite` found in patch file at "C:\\Users\\erikk\\AppData\\Roaming\\Balatro\\Mods\\HandyBalatro-main\\lovely.toml", ignoring it
WARN - [♥] Unknown key `patches.49.?.match_indent` found in patch file at "C:\\Users\\erikk\\AppData\\Roaming\\Balatro\\Mods\\Talisman\\lovely.toml", ignoring it
WARN - [♥] Unknown key `patches.52.?.match_indent` found in patch file at "C:\\Users\\erikk\\AppData\\Roaming\\Balatro\\Mods\\Talisman\\lovely.toml", ignoring it
WARN - [♥] Unknown key `patches.2.?.overwrite` found in patch file at "C:\\Users\\erikk\\AppData\\Roaming\\Balatro\\Mods\\Yggdrasil-main\\lovely\\prevent_crash.toml", ignoring it
WARN - [♥] Unknown key `patches.2.?.match_indent` found in patch file at "C:\\Users\\erikk\\AppData\\Roaming\\Balatro\\Mods\\Yggdrasil-main\\lovely\\prevent_crash.toml", ignoring it
WARN - [♥] Unknown key `patches.3.?.overwrite` found in patch file at "C:\\Users\\erikk\\AppData\\Roaming\\Balatro\\Mods\\Yggdrasil-main\\lovely\\prevent_crash.toml", ignoring it
WARN - [♥] Unknown key `patches.3.?.match_indent` found in patch file at "C:\\Users\\erikk\\AppData\\Roaming\\Balatro\\Mods\\Yggdrasil-main\\lovely\\prevent_crash.toml", ignoring it
INFO - [♥] Cleaning up dumps directory at "C:\\Users\\erikk\\AppData\\Roaming\\Balatro\\Mods\\lovely\\dump"
INFO - [♥] Initialization complete in 123ms
INFO - [♥] Applied 1 patch to 'conf.lua'
WARN - [♥] Pattern 'G.ARGS.score_intensity.organ = G.video_organ or G.ARGS.score_intensity.required_score > 0 and math.max(math.min(0.4, 0.1*math.log(G.ARGS.score_intensity.earned_score/(G.ARGS.score_intensity.required_score+1), 5)),0.) or 0' on target 'main.lua' for pattern patch from Talisman\lovely.toml resulted in no matches
WARN - [♥] Pattern 'if type(G.GAME.current_round.current_hand.chips) ~= \'number\' or type(G.GAME.current_round.current_hand.mult) ~= \'number\' then' on target 'main.lua' for pattern patch from Talisman\lovely.toml resulted in no matches
INFO - [♥] Applied 36 patches to 'main.lua'
INFO - [♥] Applied 2 patches to 'engine/string_packer.lua'
INFO - [♥] Applied 19 patches to 'engine/controller.lua'
INFO - [♥] Applied 18 patches to 'back.lua'
WARN - [♥] Pattern 'local tag_sprite = Sprite(0,0,_size*1,_size*1,G.ASSET_ATLAS[(not self.hide_ability) and G.P_TAGS[self.key].atlas or \"tags\"], (self.hide_ability) and G.tag_undiscovered.pos or self.pos)' on target 'tag.lua' for pattern patch from Cryptid-main\lovely\cat.toml resulted in no matches
INFO - [♥] Applied 20 patches to 'tag.lua'
INFO - [♥] Applied 1 patch to 'engine/event.lua'
INFO - [♥] Applied 2 patches to 'engine/node.lua'
INFO - [♥] Applied 3 patches to 'engine/moveable.lua'
INFO - [♥] Applied 3 patches to 'engine/sprite.lua'
INFO - [♥] Applied 2 patches to 'engine/animatedsprite.lua'
WARN - [♥] Pattern 'assembled_string = assembled_string..(type(subpart) == \'string\' and subpart or args.vars[tonumber(subpart[1])] or \'ERROR\')' on target 'functions/misc_functions.lua' for pattern patch from Talisman\lovely.toml resulted in no matches
INFO - [♥] Applied 66 patches to 'functions/misc_functions.lua'
WARN - [♥] Pattern 'for i = 1, 2 do' on target 'game.lua' for pattern patch from Cryptid-main\lovely\stake.toml resulted in no matches
WARN - [♥] Pattern 'create_shop_card_ui(card, \'Voucher\', G.shop_vouchers)' on target 'game.lua' for pattern patch from Cryptid-main\lovely\stake.toml resulted in no matches
WARN - [♥] Pattern 'self.GAME.current_round.voucher = G.SETTINGS.tutorial_progress and G.SETTINGS.tutorial_progress.forced_voucher or SMODS.get_next_vouchers()' on target 'game.lua' for pattern patch from Cryptid-main\lovely\very_fair.toml resulted in no matches
WARN - [♥] Pattern 'Cryptid.profile_prefix = \"M\"' on target 'game.lua' for pattern patch from Entropy-main\lovely\game.toml resulted in no matches
WARN - [♥] Pattern 'self.GAME.current_round.voucher = G.SETTINGS.tutorial_progress and G.SETTINGS.tutorial_progress.forced_voucher or get_next_voucher_key()' on target 'game.lua' for pattern patch from Cryptid-main\lovely\Voucher.toml resulted in no matches
WARN - [♥] Regex 'card\\:start_materialize\\(\\)\\n\\s+G\\.shop_vouchers\\:emplace\\(card\\)\\n\\s+end' on target 'game.lua' for regex patch from Cryptid-main\lovely\Voucher.toml resulted in no matches
INFO - [♥] Applied 119 patches to 'game.lua'
INFO - [♥] Applied 2 patches to 'globals.lua'
INFO - [♥] Applied 7 patches to 'engine/ui.lua'
WARN - [♥] Pattern 'G.GAME.shop.joker_max*1.02*G.CARD_W,' on target 'functions/UI_definitions.lua' for pattern patch from Cryptid-main\lovely\equilibrium.toml resulted in no matches
WARN - [♥] Pattern 'local stake_sprite = get_stake_sprite(G.GAME.stake or 1, 0.4)\n    blind_text[#blind_text + 1] =' on target 'functions/UI_definitions.lua' for pattern patch from Balatro-Aikoyoris-Shenanigans-main\lovely\ui.toml resulted in no matches
WARN - [♥] Pattern '{n=G.UIT.T, config={text = G.GAME.hands[handname].chips, scale = 0.45, colour = G.C.UI.TEXT_LIGHT}},' on target 'functions/UI_definitions.lua' for pattern patch from Talisman\lovely.toml resulted in no matches
WARN - [♥] Pattern '{n=G.UIT.T, config={text = G.GAME.hands[handname].mult, scale = 0.45, colour = G.C.UI.TEXT_LIGHT}}' on target 'functions/UI_definitions.lua' for pattern patch from Talisman\lovely.toml resulted in no matches
WARN - [♥] Pattern '{n=G.UIT.O, config={object = DynaText({string = {{ref_table = G.GAME.round_resets, ref_value = \'ante\'}}, colours = {G.C.IMPORTANT},shadow = true, font = G.LANGUAGES[\'en-us\'].font, scale = 2*scale}),id = \'ante_UI_count\'}},' on target 'functions/UI_definitions.lua' for pattern patch from Talisman\lovely.toml resulted in no matches
INFO - [♥] Applied 143 patches to 'functions/UI_definitions.lua'
WARN - [♥] Pattern 'ease_to = G.GAME.chips + math.floor(hand_chips * mult) * (e and e.antiscore and -1 or 1),' on target 'functions/state_events.lua' for pattern patch from Cryptid-main\lovely\blind.toml resulted in no matches
WARN - [♥] Pattern 'if reps[j] ~= 1 then' on target 'functions/state_events.lua' for pattern patch from Cryptid-main\lovely\misc.toml resulted in no matches
WARN - [♥] Pattern 'for i=1, #G.jokers.cards + #G.consumeables.cards do' on target 'functions/state_events.lua' for pattern patch from Cryptid-main\lovely\misc.toml resulted in no matches
WARN - [♥] Pattern 'local effects = {[1] = {playing_card = G.hand.cards[i]:get_end_of_round_effect()}}' on target 'functions/state_events.lua' for pattern patch from Cryptid-main\lovely\stake.toml resulted in no matches
WARN - [♥] Pattern 'G.GAME.current_round.voucher = get_next_voucher_key()' on target 'functions/state_events.lua' for pattern patch from Cryptid-main\lovely\sticker.toml resulted in no matches
WARN - [♥] Pattern 'update_hand_text({delay = 0}, {chips = extras.hand_chips and hand_chips, mult = extras.mult and mult})' on target 'functions/state_events.lua' for pattern patch from Entropy-main\lovely\eqmult.toml resulted in no matches
WARN - [♥] Pattern 'if G.GAME.round_resets.blind == G.P_BLINDS.bl_small then\n  G.GAME.round_resets.blind_states.Small = \'Defeated\' ' on target 'functions/state_events.lua' for pattern patch from MoreFluff-main\lovely\superboss.toml resulted in no matches
WARN - [♥] Pattern 'if G.GAME.round_resets.ante == G.GAME.win_ante and G.GAME.blind:get_type() == \'Boss\' then\n  game_won = true\n  G.GAME.won = true\nend' on target 'functions/state_events.lua' for pattern patch from MoreFluff-main\lovely\superboss.toml resulted in no matches
WARN - [♥] Pattern 'G.FUNCS.draw_from_hand_to_discard()\nif G.GAME.blind:get_type() == \'Boss\' then' on target 'functions/state_events.lua' for pattern patch from MoreFluff-main\lovely\superboss.toml resulted in no matches
WARN - [♥] Pattern 'G.GAME.current_round.voucher = get_next_voucher_key()' on target 'functions/state_events.lua' for pattern patch from Cryptid-main\lovely\Voucher.toml resulted in no matches
WARN - [♥] Pattern 'if effects[ii].card then' on target 'functions/state_events.lua' for pattern patch from Talisman\lovely.toml resulted in no matches
WARN - [♥] Pattern 'if effects.jokers.Xmult_mod then mult = mod_mult(mult*effects.jokers.Xmult_mod);extras.mult = true  end' on target 'functions/state_events.lua' for pattern patch from Talisman\lovely.toml resulted in no matches
WARN - [♥] Pattern 'if effect.Xmult_mod then mult = mod_mult(mult*effect.Xmult_mod);extras.mult = true  end' on target 'functions/state_events.lua' for pattern patch from Talisman\lovely.toml resulted in no matches
WARN - [♥] Pattern 'if effects[ii].message then' on target 'functions/state_events.lua' for pattern patch from Talisman\lovely.toml resulted in no matches
WARN - [♥] Pattern '--calculate the card edition effects' on target 'functions/state_events.lua' for pattern patch from Talisman\lovely.toml resulted in no matches
WARN - [♥] Pattern 'if effects[ii].edition.p_dollars_mod then' on target 'functions/state_events.lua' for pattern patch from Talisman\lovely.toml resulted in no matches
WARN - [♥] Pattern 'if edition_effects.jokers.x_mult_mod then' on target 'functions/state_events.lua' for pattern patch from Talisman\lovely.toml resulted in no matches
WARN - [♥] Pattern 'if to_big(G.GAME.dollars) >= to_big(5) and not G.GAME.modifiers.no_interest then\n   add_round_eval_row({bonus = true, name=\'interest\', pitch = pitch, dollars = G.GAME.interest_amount*math.min(math.floor(G.GAME.dollars/5), G.GAME.interest_cap/5)})\n   pitch = pitch + 0.06\n   if (not G.GAME.seeded and not G.GAME.challenge) or SMODS.config.seeded_unlocks then\n       if G.GAME.interest_amount*math.min(math.floor(G.GAME.dollars/5), G.GAME.interest_cap/5) == G.GAME.interest_amount*G.GAME.interest_cap/5 then \n           G.PROFILES[G.SETTINGS.profile].career_stats.c_round_interest_cap_streak = G.PROFILES[G.SETTINGS.profile].career_stats.c_round_interest_cap_streak + 1\n       else\n           G.PROFILES[G.SETTINGS.profile].career_stats.c_round_interest_cap_streak = 0\n       end\n   end\n   check_for_unlock({type = \'interest_streak\'})\n   dollars = dollars + G.GAME.interest_amount*math.min(math.floor(G.GAME.dollars/5), G.GAME.interest_cap/5)\n' on target 'functions/state_events.lua' for pattern patch from Yggdrasil-main\lovely\skills.toml resulted in no matches
WARN - [♥] Pattern 'if SMODS.has_enhancement(scoring_hand[i], \'m_glass\') and not scoring_hand[i].debuff and pseudorandom(\'glass\') < G.GAME.probabilities.normal/(scoring_hand[i].ability.name == \'Glass Card\' and scoring_hand[i].ability.extra or G.P_CENTERS.m_glass.config.extra) then' on target 'functions/state_events.lua' for pattern patch from Cryptid-main\lovely\Probability.toml resulted in no matches
WARN - [♥] Regex '(?<indent>[\\t ]*)if destroyed then \\n' on target 'functions/state_events.lua' for regex patch from Cryptid-main\lovely\seal.toml resulted in no matches
INFO - [♥] Applied 101 patches to 'functions/state_events.lua'
WARN - [♥] Pattern '{n=G.UIT.T, config={text = localize(\'$\')..config.dollars, scale = 1.2*scale, colour = G.C.WHITE, shadow = true, juice = true}}' on target 'functions/common_events.lua' for pattern patch from Cryptid-main\lovely\code.toml resulted in no matches
WARN - [♥] Pattern 'G.shop_jokers.T.w = G.GAME.shop.joker_max*1.01*G.CARD_W' on target 'functions/common_events.lua' for pattern patch from Cryptid-main\lovely\equilibrium.toml resulted in no matches
WARN - [♥] Pattern 'function generate_card_ui(_c, full_UI_table, specific_vars, card_type, badges, hide_desc, main_start, main_end)' on target 'functions/common_events.lua' for pattern patch from Cryptid-main\lovely\lib_misc.toml resulted in no matches
WARN - [♥] Pattern 'elseif v.boss.showdown and (G.GAME.round_resets.ante)%G.GAME.win_ante == 0 and G.GAME.round_resets.ante >= 2 then' on target 'functions/common_events.lua' for pattern patch from Cryptid-main\lovely\stake.toml resulted in no matches
WARN - [♥] Pattern '(self.ability.set == \'Voucher\' and {G.C.SECONDARY_SET.Voucher, G.C.CLEAR}) or ' on target 'functions/common_events.lua' for pattern patch from Entropy-main\lovely\dissolve_colours.toml resulted in no matches
WARN - [♥] Pattern '{n=G.UIT.O, config={object = DynaText({string = {\' \'..localize(\'ph_mr_bones\')..\' \'}, colours = {G.C.FILTER}, shadow = true, pop_in = 0, scale = 0.5*scale, silent = true})}}' on target 'functions/common_events.lua' for pattern patch from Entropy-main\lovely\never_lose.toml resulted in no matches
WARN - [♥] Pattern '{n=G.UIT.O, config={object = DynaText({string = {localize(\'$\')..num_dollars}, colours = {G.C.MONEY}, shadow = true, pop_in = 0, scale = 0.65, float = true})}}' on target 'functions/common_events.lua' for pattern patch from Entropy-main\lovely\rcode.toml resulted in no matches
WARN - [♥] Pattern '{n=G.UIT.O, config={object = DynaText({string = {localize(\'$\')..num_dollars}, colours = {G.C.RED}, shadow = true, pop_in = 0, scale = 0.65, float = true})}}' on target 'functions/common_events.lua' for pattern patch from Entropy-main\lovely\rcode.toml resulted in no matches
WARN - [♥] Pattern '   end\n\n    if main_end then \n        desc_nodes[#desc_nodes+1] = main_end \n    end' on target 'functions/common_events.lua' for pattern patch from MoreFluff-main\lovely\complexitycreep.toml resulted in no matches
WARN - [♥] Regex 'localize\\(\'ph_mr_bones\'\\)..\' \'\\}, colours = \\{G.C.FILTER' on target 'functions/common_events.lua' for regex patch from Cryptid-main\lovely\code.toml resulted in no matches
WARN - [♥] Pattern 'if not v.config.softlock then\n    softlocked = softlocked' on target 'functions/common_events.lua' for pattern patch from Balatro-Aikoyoris-Shenanigans-main\lovely\planets.toml resulted in no matches
WARN - [♥] Pattern '                    if (not v.config.softlock or G.GAME.hands[v.config.hand_type].played > 0) then\n                        add = true\n                    end' on target 'functions/common_events.lua' for pattern patch from Balatro-Aikoyoris-Shenanigans-main\lovely\planets.toml resulted in no matches
WARN - [♥] Pattern '                    if (not v.config.softlock or G.GAME.hands[v.config.hand_type].played > 0) then\n                        add = true\n                    end' on target 'functions/common_events.lua' for pattern patch from Balatro-Aikoyoris-Shenanigans-main\lovely\planets.toml resulted in no matches
WARN - [♥] Pattern 'if num_dollars > 60 then' on target 'functions/common_events.lua' for pattern patch from Talisman\lovely.toml resulted in no matches
WARN - [♥] Pattern 'func = (function() if eval_func(card) then if not first or first then card:juice_up(0.1, 0.1) end;juice_card_until(card, eval_func, nil, 0.8) end return true end)' on target 'functions/common_events.lua' for pattern patch from Talisman\lovely.toml resulted in no matches
WARN - [♥] Pattern 'elseif v.boss.showdown and (G.GAME.round_resets.ante)%G.GAME.win_ante == 0 and G.GAME.round_resets.ante >= 2 then\n' on target 'functions/common_events.lua' for pattern patch from Yggdrasil-main\lovely\skills.toml resulted in no matches
INFO - [♥] Applied 208 patches to 'functions/common_events.lua'
WARN - [♥] Pattern '    if #G.hand.highlighted <= 0 or G.GAME.blind.block_play or #G.hand.highlighted > 5 then ' on target 'functions/button_callbacks.lua' for pattern patch from Balatro-Aikoyoris-Shenanigans-main\lovely\selectionlimit.toml resulted in no matches
WARN - [♥] Pattern 'if ((G.GAME.dollars-G.GAME.bankrupt_at) - 10 >= 0) and' on target 'functions/button_callbacks.lua' for pattern patch from Talisman\lovely.toml resulted in no matches
WARN - [♥] Regex '(?<indent>[\\t ]*)voucher_pool\\[i\\+\\(j-1\\)\\*4 \\+ \\(8\\*\\(args\\.cycle_config\\.current_option - 1\\)\\)\\]\\n[\\s\\S]{6}if not center then break end\\n[\\s\\S]{6}local card = Card\\(G\\.your_collection\\[j\\]\\.T\\.x \\+ G\\.your_collection\\[j\\]\\.T\\.w\\/2, G\\.your_collection\\[j\\]\\.T\\.y, G\\.CARD_W, G\\.CARD_H, G\\.P_CARDS\\.empty, center\\)' on target 'functions/button_callbacks.lua' for regex patch from Flower-Pot-main\lovely\stat_type.toml resulted in no matches
INFO - [♥] Applied 82 patches to 'functions/button_callbacks.lua'
WARN - [♥] Pattern '*then G.E_MANAGER:add_event(Event({ func = function() G.GAME.blind:set_blind(nil, true, nil); return true end })) end' on target 'card.lua' for pattern patch from smods-main\lovely\calculate_card_added.toml resulted in 2 matches, wanted 1
WARN - [♥] Ignoring excess matches
WARN - [♥] Pattern 'if not initial then G.GAME.blind:debuff_card(self) end' on target 'card.lua' for pattern patch from Cryptid-main\lovely\lib_misc.toml resulted in no matches
WARN - [♥] Pattern 'if self.ability.name == \'Campfire\' and G.GAME.blind.boss and not (G.GAME.blind.config and G.GAME.blind.config.bonus) and self.ability.x_mult > 1 then' on target 'card.lua' for pattern patch from Cryptid-main\lovely\misc.toml resulted in no matches
WARN - [♥] Pattern 'if self.ability.name:find(\'Arcana\') then' on target 'card.lua' for pattern patch from Cryptid-main\lovely\misprint.toml resulted in no matches
WARN - [♥] Pattern 'if self.ability.name == \'The Hermit\' or self.ability.consumeable.hand_type or self.ability.name == \'Temperance\' or self.ability.name == \'Black Hole\' then' on target 'card.lua' for pattern patch from Cryptid-main\lovely\stake.toml resulted in no matches
WARN - [♥] Pattern 'if self.ability.queue_negative_removal then' on target 'card.lua' for pattern patch from Cryptid-main\lovely\sticker.toml resulted in no matches
WARN - [♥] Pattern 'if self.ability.rental then self.cost = 1 end' on target 'card.lua' for pattern patch from MoreFluff-main\lovely\superboss.toml resulted in no matches
WARN - [♥] Pattern '    return generate_card_ui(self.config.center, nil, loc_vars, card_type, badges, hide_desc, main_start, main_end)' on target 'card.lua' for pattern patch from Balatro-Aikoyoris-Shenanigans-main\lovely\localization.toml resulted in no matches
WARN - [♥] Pattern 'G.GAME.current_round.voucher = nil' on target 'card.lua' for pattern patch from Cryptid-main\lovely\Voucher.toml resulted in no matches
WARN - [♥] Pattern 'if G.GAME.blind then G.E_MANAGER:add_event(Event({ func = function() G.GAME.blind:set_blind(nil, true, nil); return true end })) end' on target 'card.lua' for pattern patch from Talisman\lovely.toml resulted in no matches
WARN - [♥] Pattern 'x_mult = center.config.Xmult or 1,' on target 'card.lua' for pattern patch from Talisman\lovely.toml resulted in no matches
WARN - [♥] Pattern '            local rightmost = G.hand.highlighted[1]\n            for i=1, #G.hand.highlighted do if G.hand.highlighted[i].T.x > rightmost.T.x then rightmost = G.hand.highlighted[i] end end\n            for i=1, #G.hand.highlighted do\n                G.E_MANAGER:add_event(Event({trigger = \'after\',delay = 0.1,func = function()\n                    if G.hand.highlighted[i] ~= rightmost then\n                        copy_card(rightmost, G.hand.highlighted[i])\n                    end\n                    return true end }))\n            end  \n' on target 'card.lua' for pattern patch from Yggdrasil-main\lovely\skills.toml resulted in no matches
WARN - [♥] Pattern 'if self.ability.name == \'Aura\' then \n            if G.hand and (#G.hand.highlighted == 1) and G.hand.highlighted[1] and (not G.hand.highlighted[1].edition) then return true end\n' on target 'card.lua' for pattern patch from Yggdrasil-main\lovely\skills.toml resulted in no matches
WARN - [♥] Pattern 'elseif self.ability.name == \'Business Card\' then loc_vars = {\'\'..(G.GAME and G.GAME.probabilities.normal or 1), self.ability.extra}' on target 'card.lua' for pattern patch from Cryptid-main\lovely\Probability.toml resulted in no matches
WARN - [♥] Pattern 'pseudorandom(\'business\') < G.GAME.probabilities.normal/self.ability.extra then' on target 'card.lua' for pattern patch from Cryptid-main\lovely\Probability.toml resulted in no matches
WARN - [♥] Pattern 'local currentBack = self.params.viewed_back and G.GAME.viewed_back or G.GAME.selected_back' on target 'card.lua' for pattern patch from Galdur-master\lovely.toml resulted in no matches
INFO - [♥] Applied 299 patches to 'card.lua'
WARN - [♥] Pattern 'if card.edition.card_limit == -1 and #G.hand.cards < G.hand.config.card_limit then' on target 'cardarea.lua' for pattern patch from Entropy-main\lovely\hsize_mult.toml resulted in no matches
WARN - [♥] Pattern '    self.config.highlighted_limit = config.highlight_limit or 5' on target 'cardarea.lua' for pattern patch from Balatro-Aikoyoris-Shenanigans-main\lovely\selectionlimit.toml resulted in no matches
INFO - [♥] Applied 27 patches to 'cardarea.lua'
WARN - [♥] Pattern 'self.chips = get_blind_amount(G.GAME.round_resets.ante)*self.mult*G.GAME.starting_params.ante_scaling' on target 'blind.lua' for pattern patch from Entropy-main\lovely\game.toml resulted in no matches
WARN - [♥] Pattern 'self.chips = get_blind_amount(G.GAME.round_resets.ante)*self.mult*G.GAME.starting_params.ante_scaling' on target 'blind.lua' for pattern patch from Entropy-main\lovely\game.toml resulted in no matches
INFO - [♥] Applied 44 patches to 'blind.lua'
INFO - [♥] Applied 3 patches to 'card_character.lua'
INFO - [♥] Applied 5 patches to 'engine/text.lua'
INFO - [♥] Applied 1 patch to '=[SMODS _ "src/ui.lua"]'
INFO - [♥] Applied 6 patches to '=[SMODS _ "src/utils.lua"]'
INFO - [♥] Applied 7 patches to '=[SMODS _ "src/overrides.lua"]'
WARN - [♥] Pattern '            local _suit, _rank =\n                            pseudorandom_element(SMODS.Suits, pseudoseed(\'familiar_create\')).card_key,\n                            pseudorandom_element(faces, pseudoseed(\'familiar_create\')).card_key\n                        local cen_pool = {}\n                        for k, v in pairs(G.P_CENTER_POOLS[\"Enhanced\"]) do\n                            if v.key ~= \'m_stone\' and not v.overrides_base_rank then\n                                cen_pool[#cen_pool + 1] = v\n                            end\n                        end\n                        cards[i] = create_playing_card({\n                            front = G.P_CARDS[_suit .. \'_\' .. _rank],\n                            center = pseudorandom_element(cen_pool, pseudoseed(\'spe_card\'))\n                        }, G.hand, nil, i ~= 1, { G.C.SECONDARY_SET.Spectral })\n' on target '=[SMODS _ "src/game_object.lua"]' for pattern patch from Yggdrasil-main\lovely\skills.toml resulted in no matches
WARN - [♥] Pattern ' local _suit, _rank =\n                            pseudorandom_element(SMODS.Suits, pseudoseed(\'grim_create\')).card_key, \'A\'\n                        local cen_pool = {}\n                        for k, v in pairs(G.P_CENTER_POOLS[\"Enhanced\"]) do\n                            if v.key ~= \'m_stone\' and not v.overrides_base_rank then\n                                cen_pool[#cen_pool + 1] = v\n                            end\n                        end\n                        cards[i] = create_playing_card({\n                            front = G.P_CARDS[_suit .. \'_\' .. _rank],\n                            center = pseudorandom_element(cen_pool, pseudoseed(\'spe_card\'))\n                        }, G.hand, nil, i ~= 1, { G.C.SECONDARY_SET.Spectral })\n' on target '=[SMODS _ "src/game_object.lua"]' for pattern patch from Yggdrasil-main\lovely\skills.toml resulted in no matches
WARN - [♥] Pattern 'local _suit, _rank =\n                            pseudorandom_element(SMODS.Suits, pseudoseed(\'incantation_create\')).card_key,\n                            pseudorandom_element(numbers, pseudoseed(\'incantation_create\')).card_key\n                        local cen_pool = {}\n                        for k, v in pairs(G.P_CENTER_POOLS[\"Enhanced\"]) do\n                            if v.key ~= \'m_stone\' and not v.overrides_base_rank then\n                                cen_pool[#cen_pool + 1] = v\n                            end\n                        end\n                        cards[i] = create_playing_card({\n                            front = G.P_CARDS[_suit .. \'_\' .. _rank],\n                            center = pseudorandom_element(cen_pool, pseudoseed(\'spe_card\'))\n                        }, G.hand, nil, i ~= 1, { G.C.SECONDARY_SET.Spectral })\n' on target '=[SMODS _ "src/game_object.lua"]' for pattern patch from Yggdrasil-main\lovely\skills.toml resulted in no matches
WARN - [♥] Pattern 'local _suit, _rank =\n                            pseudorandom_element(SMODS.Suits, pseudoseed(\'incantation_create\')).card_key,\n                            pseudorandom_element(numbers, pseudoseed(\'incantation_create\')).card_key\n                        local cen_pool = {}\n                        for k, v in pairs(G.P_CENTER_POOLS[\"Enhanced\"]) do\n                            if v.key ~= \'m_stone\' and not v.overrides_base_rank then\n                                cen_pool[#cen_pool + 1] = v\n                            end\n                        end\n                        cards[i] = create_playing_card({\n                            front = G.P_CARDS[_suit .. \'_\' .. _rank],\n                            center = pseudorandom_element(cen_pool, pseudoseed(\'spe_card\'))\n                        }, G.hand, nil, i ~= 1, { G.C.SECONDARY_SET.Spectral })\n' on target '=[SMODS _ "src/game_object.lua"]' for pattern patch from Yggdrasil-main\lovely\skills.toml resulted in no matches
INFO - [♥] Applied 6 patches to '=[SMODS _ "src/game_object.lua"]'
INFO - [G] Failed to connect to the debug server
INFO - [G] 2025-05-04 09:59:49 :: DEBUG :: DebugConsole :: Steamodded Debug Socket started !
INFO - [G] 2025-05-04 09:59:49 :: INFO  :: SMODS :: Steamodded v1.0.0~BETA-0427a
INFO - [♥] Applied 9 patches to 'engine/sound_manager.lua'
INFO - [♥] Applied 3 patches to 'engine/save_manager.lua'
INFO - [♥] Applied 2 patches to 'engine/string_packer.lua'
INFO - [♥] Applied 4 patches to '=[SMODS _ "src/card_draw.lua"]'
INFO - [G] 2025-05-04 09:59:51 :: ERROR :: Loader :: Found invalid metadata JSON file at C:\Users\erikk\AppData\Roaming\Balatro\Mods/Balatro-Aikoyoris-Shenanigans-main/.luarc.json, ignoring: [SMODS _ "src/loader.lua"]:226: id
INFO - [G] 2025-05-04 09:59:51 :: ERROR :: Loader :: Found invalid metadata JSON file at C:\Users\erikk\AppData\Roaming\Balatro\Mods/Balatro-Aikoyoris-Shenanigans-main/.vscode/settings.json, ignoring: [SMODS _ "src/loader.lua"]:226: id
INFO - [G] 2025-05-04 09:59:51 :: INFO  :: Loader :: Valid JSON file found
INFO - [G] 2025-05-04 09:59:51 :: INFO  :: Loader :: Valid JSON file found
INFO - [G] 2025-05-04 09:59:51 :: INFO  :: Loader :: Valid JSON file found
INFO - [G] 2025-05-04 09:59:51 :: TRACE :: Loader :: Processing Mod file (Legacy header): main.lua
INFO - [G] 2025-05-04 09:59:51 :: WARN  :: Loader :: Duplicate Mod ID: bb
INFO - [G] 2025-05-04 09:59:51 :: INFO  :: Loader :: Valid JSON file found
INFO - [G] 2025-05-04 09:59:51 :: INFO  :: Loader :: Valid JSON file found
INFO - [G] 2025-05-04 09:59:51 :: INFO  :: Loader :: Valid JSON file found
INFO - [G] 2025-05-04 09:59:51 :: ERROR :: Loader :: Found invalid metadata JSON file at C:\Users\erikk\AppData\Roaming\Balatro\Mods/Entropy-main/.vscode/settings.json, ignoring: [SMODS _ "src/loader.lua"]:226: id
INFO - [G] 2025-05-04 09:59:51 :: INFO  :: Loader :: Valid JSON file found
INFO - [G] 2025-05-04 09:59:51 :: INFO  :: Loader :: Valid JSON file found
INFO - [G] 2025-05-04 09:59:51 :: INFO  :: Loader :: Valid JSON file found
INFO - [G] 2025-05-04 09:59:51 :: INFO  :: Loader :: Valid JSON file found
INFO - [G] 2025-05-04 09:59:51 :: INFO  :: Loader :: Valid JSON file found
INFO - [G] 2025-05-04 09:59:51 :: INFO  :: Loader :: Valid JSON file found
INFO - [G] 2025-05-04 09:59:51 :: INFO  :: Loader :: Valid JSON file found
INFO - [G] 2025-05-04 09:59:51 :: TRACE :: Loader :: Processing Mod file (Legacy header): steamodded.lua
INFO - [G] 2025-05-04 09:59:51 :: WARN  :: Loader :: Duplicate Mod ID: Handy
INFO - [G] 2025-05-04 09:59:51 :: TRACE :: Loader :: Processing Mod file (Legacy header): JenLib.lua
INFO - [G] 2025-05-04 09:59:51 :: TRACE :: Loader :: Saving Mod Info: JenLib
INFO - [G] 2025-05-04 09:59:51 :: TRACE :: Loader :: Processing Mod file (Legacy header): MoreFluff.lua
INFO - [G] 2025-05-04 09:59:51 :: TRACE :: Loader :: Saving Mod Info: MoreFluff
INFO - [G] 2025-05-04 09:59:51 :: TRACE :: Loader :: Processing Mod file (Legacy header): main.lua
INFO - [G] 2025-05-04 09:59:51 :: TRACE :: Loader :: Saving Mod Info: sdm0sstuff
INFO - [G] 2025-05-04 09:59:51 :: INFO  :: Loader :: Valid JSON file found
INFO - [G] 2025-05-04 09:59:51 :: INFO  :: Loader :: Valid JSON file found
INFO - [G] 2025-05-04 09:59:51 :: TRACE :: Loader :: Processing Mod file (Legacy header): steamodded_metadata.lua
INFO - [G] 2025-05-04 09:59:51 :: TRACE :: Loader :: Saving Mod Info: Talisman
INFO - [G] 2025-05-04 09:59:51 :: ERROR :: Loader :: Found invalid metadata JSON file at C:\Users\erikk\AppData\Roaming\Balatro\Mods/TooManyDecks-main/.vscode/settings.json, ignoring: [SMODS _ "src/loader.lua"]:226: id
INFO - [G] 2025-05-04 09:59:51 :: INFO  :: Loader :: Valid JSON file found
INFO - [G] 2025-05-04 09:59:51 :: INFO  :: Loader :: Valid JSON file found
INFO - [G] 2025-05-04 09:59:51 :: TRACE :: Loader :: Mod bb was unable to load: 
INFO - [G] 2025-05-04 09:59:51 :: TRACE :: Loader :: Mod ExtremeDecks was unable to load: 
INFO - [G] 2025-05-04 09:59:51 :: TRACE :: Loader :: Mod GARBPACK was unable to load: 
INFO - [G] basepaul_card
INFO - [G] blahaj
INFO - [G] clownfish
INFO - [G] expansion_pack
INFO - [G] hollow
INFO - [G] jester
INFO - [G] lollipop
INFO - [G] luckycharm
INFO - [G] monochrome
INFO - [G] mspaint
INFO - [G] philosophical
INFO - [G] simplified
INFO - [G] spiral
INFO - [G] treasuremap
INFO - [G] unregisteredhypercam
INFO - [G] dropkick
INFO - [G] bladedance
INFO - [G] hyperbeam
INFO - [G] blasphemy
INFO - [G] dramaticentrance
INFO - [G] badlegaldefence
INFO - [G] blunder
INFO - [G] brilliant
INFO - [G] broomcloset
INFO - [G] clipart
INFO - [G] coupon_catalogue
INFO - [G] css
INFO - [G] cueball
INFO - [G] flintandsteel
INFO - [G] gemstonejoker
INFO - [G] globe
INFO - [G] goldencarrot
INFO - [G] hallofmirrors
INFO - [G] impostor
INFO - [G] farmmerge
INFO - [G] junkmail
INFO - [G] tonersoup
INFO - [G] unpleasantcard
INFO - [G] loadeddisk
INFO - [G] missingjoker
INFO - [G] paintcan
INFO - [G] rot_cartomancer
INFO - [G] snake
INFO - [G] slotmachine
INFO - [G] stylemeter
INFO - [G] stonejokerjoker
INFO - [G] sudoku
INFO - [G] talljoker
INFO - [G] teacup
INFO - [G] tealjoker
INFO - [G] recycling
INFO - [G] virtual
INFO - [G] wilddrawfour
INFO - [G] yuckyrat
INFO - [G] allicantdo
INFO - [G] bloodpact
INFO - [G] bookmove
INFO - [G] brass
INFO - [G] bowlingball
INFO - [G] cba
INFO - [G] complexitycreep
INFO - [G] fleshprison
INFO - [G] hugejoker
INFO - [G] hyperjimbo
INFO - [G] jankman
INFO - [G] mashupalbum
INFO - [G] pixeljoker
INFO - [G] rainbowjoker
INFO - [G] rosetinted
INFO - [G] the_solo
INFO - [G] top10
INFO - [G] widejoker
INFO - [G] triangle
INFO - [G] marigold
INFO - [G] lessfluff
INFO - [G] colorem
INFO - [G] shattered_prism
INFO - [G] 2025-05-04 09:59:51 :: TRACE :: Loader :: Mod TOGAPack was unable to load: 
INFO - [G] 2025-05-04 09:59:51 :: TRACE :: Loader :: Mod sdm0sstuff was unable to load: 
INFO - [G] [CRYPTID] Loading library file ascended.lua
INFO - [G] [CRYPTID] Loading library file calculate.lua
INFO - [G] [CRYPTID] Loading library file content.lua
WARN - [♥] Pattern 'bogus patch lol aikoyori was here no patching ' on target '=[SMODS Cryptid "lib/content.lua"]' for pattern patch from Balatro-Aikoyoris-Shenanigans-main\lovely\compat.cryptid.toml resulted in no matches
INFO - [♥] Applied 0 patches to '=[SMODS Cryptid "lib/content.lua"]'
INFO - [G] [CRYPTID] Loading library file cross-mod.lua
INFO - [G] [CRYPTID] Loading library file d20.lua
INFO - [G] [CRYPTID] Loading library file event.lua
INFO - [G] [CRYPTID] Loading library file gameset.lua
INFO - [G] [CRYPTID] Loading library file https.lua
INFO - [G] 2025-05-04 09:59:51 :: DEBUG :: SMODS.https :: Using https module backend
INFO - [G] [CRYPTID] Loading library file misc.lua
INFO - [G] [CRYPTID] Loading library file misprintize.lua
INFO - [G] [CRYPTID] Loading library file modifiers.lua
INFO - [G] 2025-05-04 09:59:51 :: WARN  :: Sticker :: Detected duplicate register call on object perishable
INFO - [G] 2025-05-04 09:59:51 :: WARN  :: Sticker :: Detected duplicate register call on object pinned
INFO - [G] 2025-05-04 09:59:51 :: WARN  :: Sticker :: Detected duplicate register call on object eternal
INFO - [G] 2025-05-04 09:59:51 :: WARN  :: Sticker :: Detected duplicate register call on object rental
INFO - [G] [CRYPTID] Loading library file notifications.lua
INFO - [G] [CRYPTID] Loading library file overrides.lua
INFO - [G] [CRYPTID] Loading library file pointerlib.lua
INFO - [G] [CRYPTID] Loading library file ui.lua
INFO - [G] [CRYPTID] Loading file achievement.lua
INFO - [G] [CRYPTID] Loading file blind.lua
INFO - [G] [CRYPTID] Loading file challenge.lua
INFO - [G] [CRYPTID] Loading file code.lua
INFO - [G] [CRYPTID] Loading file deck.lua
INFO - [G] [CRYPTID] Loading file enhanced.lua
INFO - [G] [CRYPTID] Loading file epic.lua
INFO - [G] [CRYPTID] Loading file exotic.lua
INFO - [G] [CRYPTID] Loading file joker_display.lua
INFO - [G] [CRYPTID] Loading file m.lua
INFO - [G] [CRYPTID] Loading file misc.lua
INFO - [G] [CRYPTID] Loading file misc_joker.lua
INFO - [G] [CRYPTID] Loading file planet.lua
INFO - [G] [CRYPTID] Loading file pointer.lua
INFO - [G] [CRYPTID] Inserting Pointer Aliases
INFO - [G] [CRYPTID] Loading file sleeve.lua
INFO - [G] [CRYPTID] Loading file spectral.lua
INFO - [G] [CRYPTID] Loading file spooky.lua
INFO - [G] [CRYPTID] Loading file stake.lua
INFO - [♥] Applied 1 patch to '=[SMODS Cryptid "items/stake.lua"]'
INFO - [G] [CRYPTID] Loading file tag.lua
INFO - [G] [CRYPTID] Loading file test.lua
INFO - [G] [CRYPTID] Loading file voucher.lua
INFO - [G] 2025-05-04 09:59:51 :: WARN  :: Atlas :: Object cry_effarcire has the same key as an existing object, not registering.
INFO - [G] 2025-05-04 09:59:51 :: WARN  :: Atlas :: If you want to modify an existing object, use take_ownership()
INFO - [G] 2025-05-04 09:59:51 :: TRACE :: Loader :: Mod SGTMD was unable to load: 
INFO - [G] 2025-05-04 09:59:51 :: TRACE :: Loader :: Mod FemtoLabsCollection was unable to load: 
INFO - [G] 2025-05-04 09:59:52 :: WARN  :: Draw Step :: Detected duplicate register call on object floating_sprite
INFO - [G] 2025-05-04 09:59:52 :: WARN  :: Draw Step :: Detected duplicate register call on object front
INFO - [G] 2025-05-04 09:59:52 :: INFO  :: Aikoyori's Shenanigans :: Cryptid Detected... vro ;P
INFO - [G] 2025-05-04 09:59:52 :: TRACE :: Loader :: Mod draft was unable to load: 
INFO - [G] 2025-05-04 09:59:52 :: WARN  :: Sticker :: Detected duplicate register call on object cry_rigged
WARN - [♥] Pattern 'aikoyori was here' on target '=[SMODS entr "items/misc/seals.lua"]' for pattern patch from Balatro-Aikoyoris-Shenanigans-main\lovely\compat.entr.toml resulted in no matches
INFO - [♥] Applied 0 patches to '=[SMODS entr "items/misc/seals.lua"]'
INFO - [G] 2025-05-04 09:59:52 :: WARN  :: Atlas :: Detected duplicate register call on object entr_modicon
INFO - [G] 2025-05-04 09:59:52 :: TRACE :: Loader :: Mod sillyseals was unable to load: 
INFO - [G] 2025-05-04 09:59:52 :: WARN  :: CBlind :: Object c_entr_bl_eye has the same key as an existing object, not registering.
INFO - [G] 2025-05-04 09:59:52 :: WARN  :: CBlind :: If you want to modify an existing object, use take_ownership()
INFO - [G] 2025-05-04 09:59:52 :: WARN  :: CBlind :: Object c_entr_bl_wheel has the same key as an existing object, not registering.
INFO - [G] 2025-05-04 09:59:52 :: WARN  :: CBlind :: If you want to modify an existing object, use take_ownership()
INFO - [G] 2025-05-04 09:59:52 :: INFO  :: TIMER :: [0000] Injected Language in 0.001 ms
INFO - [G] 2025-05-04 09:59:52 :: INFO  :: TIMER :: [0000] Injected [INTERNAL] in 1.638 ms
INFO - [G] 2025-05-04 09:59:55 :: INFO  :: TIMER :: [0093] Injected Atlas in 2908.534 ms
INFO - [G] 2025-05-04 09:59:55 :: INFO  :: TIMER :: [0050] Injected Sound in 48.525 ms
INFO - [G] 2025-05-04 09:59:55 :: INFO  :: TIMER :: [0034] Injected Stake in 0.995 ms
INFO - [G] 2025-05-04 09:59:55 :: INFO  :: TIMER :: [0011] Injected Rarity in 0.054 ms
INFO - [G] 2025-05-04 09:59:55 :: INFO  :: TIMER :: [0018] Injected ObjectType in 0.154 ms
INFO - [G] 2025-05-04 09:59:55 :: INFO  :: TIMER :: [0919] Injected Center in 7.909 ms
INFO - [G] 2025-05-04 09:59:55 :: INFO  :: TIMER :: [0011] Injected Undiscovered Sprite in 0.022 ms
INFO - [G] 2025-05-04 09:59:55 :: INFO  :: TIMER :: [0080] Injected Blind in 0.201 ms
INFO - [G] 2025-05-04 09:59:55 :: INFO  :: TIMER :: [0013] Injected Seal in 0.324 ms
INFO - [G] 2025-05-04 09:59:55 :: INFO  :: TIMER :: [0005] Injected Suit in 0.127 ms
INFO - [G] 2025-05-04 09:59:55 :: INFO  :: TIMER :: [0014] Injected Rank in 0.120 ms
INFO - [G] 2025-05-04 09:59:55 :: INFO  :: TIMER :: [0029] Injected DeckSkin in 0.269 ms
INFO - [G] 2025-05-04 09:59:55 :: INFO  :: TIMER :: [0048] Injected PokerHand in 2.274 ms
INFO - [G] 2025-05-04 09:59:55 :: INFO  :: TIMER :: [0034] Injected Challenge in 0.078 ms
INFO - [G] 2025-05-04 09:59:55 :: INFO  :: TIMER :: [0073] Injected Tag in 0.164 ms
INFO - [G] 2025-05-04 09:59:55 :: INFO  :: TIMER :: [0016] Injected Sticker in 0.276 ms
INFO - [G] 2025-05-04 09:59:55 :: INFO  :: TIMER :: [0018] Injected Shader in 332.623 ms
INFO - [G] 2025-05-04 09:59:55 :: INFO  :: TIMER :: [0002] Injected Keybind in 0.013 ms
INFO - [G] 2025-05-04 09:59:55 :: INFO  :: TIMER :: [0028] Injected Achievement in 0.180 ms
INFO - [G] 2025-05-04 09:59:55 :: INFO  :: TIMER :: [0007] Injected nil in 0.029 ms
INFO - [G] 2025-05-04 09:59:55 :: INFO  :: TIMER :: [0025] Injected Draw Step in 0.164 ms
INFO - [G] 2025-05-04 09:59:55 :: INFO  :: TIMER :: [0000] Injected [INTERNAL] in 23.381 ms
INFO - [G] 2025-05-04 09:59:55 :: INFO  :: TIMER :: [0010] Injected Other in 0.032 ms
INFO - [G] 2025-05-04 09:59:55 :: INFO  :: TIMER :: [0001] Injected nil in 2.492 ms
INFO - [♥] Applied 1 patch to '=[SMODS _ "smods-https-thread.lua"]'
INFO - [G] 2025-05-04 10:01:52 :: DEBUG :: SMODS.https(1) :: Using https module backend
INFO - [♥] Applied 1 patch to '=[SMODS _ "smods-https-thread.lua"]'
INFO - [G] 2025-05-04 10:02:52 :: DEBUG :: SMODS.https(2) :: Using https module backend
INFO - [♥] Applied 1 patch to '=[SMODS _ "smods-https-thread.lua"]'
INFO - [G] 2025-05-04 10:03:52 :: DEBUG :: SMODS.https(3) :: Using https module backend
INFO - [♥] Applied 1 patch to '=[SMODS _ "smods-https-thread.lua"]'
INFO - [G] 2025-05-04 10:05:35 :: DEBUG :: SMODS.https(4) :: Using https module backend
INFO - [♥] Applied 1 patch to '=[SMODS _ "smods-https-thread.lua"]'
INFO - [G] 2025-05-04 10:06:35 :: DEBUG :: SMODS.https(5) :: Using https module backend
INFO - [♥] Applied 1 patch to '=[SMODS _ "smods-https-thread.lua"]'
INFO - [G] 2025-05-04 10:07:35 :: DEBUG :: SMODS.https(6) :: Using https module backend
INFO - [♥] Applied 1 patch to '=[SMODS _ "smods-https-thread.lua"]'
INFO - [G] 2025-05-04 10:08:35 :: DEBUG :: SMODS.https(7) :: Using https module backend
INFO - [♥] Applied 1 patch to '=[SMODS _ "smods-https-thread.lua"]'
INFO - [G] 2025-05-04 10:09:35 :: DEBUG :: SMODS.https(8) :: Using https module backend
INFO - [♥] Applied 1 patch to '=[SMODS _ "smods-https-thread.lua"]'
INFO - [G] 2025-05-04 10:10:44 :: DEBUG :: SMODS.https(9) :: Using https module backend
INFO - [♥] Applied 1 patch to '=[SMODS _ "smods-https-thread.lua"]'
INFO - [G] 2025-05-04 10:11:46 :: DEBUG :: SMODS.https(10) :: Using https module backend
INFO - [G] line not found
INFO - [G] file not found: main.lua: No such file or directory
INFO - [G] file not found: main.lua: No such file or directory
INFO - [G] line not found
INFO - [G] file not found: functions/misc_functions.lua: No such file or directory
INFO - [G] line not found
INFO - [G] file not found: main.lua: No such file or directory
INFO - [G] file not found: main.lua: No such file or directory
INFO - [G] 2025-05-04 10:13:22 :: ERROR :: StackTrace :: Oops! The game crashed
[SMODS _ "src/overrides.lua"]:1419: attempt to index field 'hand' (a nil value)
Stack Traceback
===============
(1) Lua local 'handler' at file 'main.lua:612'
	Local variables:
	 msg = string: "[SMODS _ \"src/overrides.lua\"]:1419: attempt to index field 'hand' (a nil value)"
	 (*temporary) = Lua function '?' (defined at line 31 of chunk [SMODS _ "src/logging.lua"])
	 (*temporary) = string: "Oops! The game crashed\
"
(2) LÖVE metamethod at file 'boot.lua:352'
	Local variables:
	 errhand = Lua function '?' (defined at line 598 of chunk main.lua)
	 handler = Lua function '?' (defined at line 598 of chunk main.lua)
(3) Lua upvalue 'set_editionref' at Steamodded file 'src/overrides.lua:1419' 
	Local variables:
	 self = table: 0x06c66258  {akyrs_upgrade_sliced:false, click_offset:table: 0x06c66600, children:table: 0x06c65b08, ambient_tilt:0.2, debuff:false, T:table: 0x06c66448, offset:table: 0x06c67208 (more...)}
	 edition = table: 0x06c5fe60  {akyrs_noire:true}
	 immediate = boolean: true
	 silent = nil
	 delay = nil
	 (*temporary) = nil
	 (*temporary) = nil
	 (*temporary) = table: 0x06c66258  {akyrs_upgrade_sliced:false, click_offset:table: 0x06c66600, children:table: 0x06c65b08, ambient_tilt:0.2, debuff:false, T:table: 0x06c66448, offset:table: 0x06c67208 (more...)}
	 (*temporary) = nil
	 (*temporary) = table: 0x092b3130  {}
	 (*temporary) = C function: builtin#6
	 (*temporary) = table: 0x06c5f9a8  {1:table: 0x06c6a5e0, 2:table: 0x06c6bf40, 3:table: 0x0db362f0}
	 (*temporary) = number: 3
	 (*temporary) = nil
	 (*temporary) = nil
	 (*temporary) = number: 3
	 (*temporary) = table: 0x06c6bdd8  {}
	 (*temporary) = number: nan
	 (*temporary) = number: 1
	 (*temporary) = table: 0x06c6a5e0  {velocity:table: 0x06c67800, click_offset:table: 0x06c67158, static_rotation:false, children:table: 0x06c67fd8, shuffle_amt:0, cards:table: 0x06c67fb0 (more...)}
	 (*temporary) = string: "attempt to index field 'hand' (a nil value)"
(4) Lua upvalue 'ed_ref' at file 'items/inversions/reverseSpectrals.lua:416' (from mod with id entr)
	Local variables:
	 self = table: 0x06c66258  {akyrs_upgrade_sliced:false, click_offset:table: 0x06c66600, children:table: 0x06c65b08, ambient_tilt:0.2, debuff:false, T:table: 0x06c66448, offset:table: 0x06c67208 (more...)}
	 center = nil
	 initial = boolean: true
	 delay_sprites = nil
(5) Lua upvalue 'set_editionref' at file 'items/inversions/reverseCodes.lua:2348' (from mod with id entr)
	Local variables:
	 self = table: 0x06c66258  {akyrs_upgrade_sliced:false, click_offset:table: 0x06c66600, children:table: 0x06c65b08, ambient_tilt:0.2, debuff:false, T:table: 0x06c66448, offset:table: 0x06c67208 (more...)}
	 edition = nil
	 immediate = boolean: true
	 silent = nil
(6) Lua method 'set_edition' at file 'lib/fixes.lua:196' (from mod with id entr)
	Local variables:
	 self = table: 0x06c66258  {akyrs_upgrade_sliced:false, click_offset:table: 0x06c66600, children:table: 0x06c65b08, ambient_tilt:0.2, debuff:false, T:table: 0x06c66448, offset:table: 0x06c67208 (more...)}
	 edition = nil
	 immediate = boolean: true
	 silent = nil
	 xchips = number: 1
(7) Lua upvalue 'create_ref' at file 'lib/overrides.lua:1070' (from mod with id Cryptid)
	Local variables:
	 _type = string: "Joker"
	 area = table: 0x06c6a5e0  {velocity:table: 0x06c67800, click_offset:table: 0x06c67158, static_rotation:false, children:table: 0x06c67fd8, shuffle_amt:0, cards:table: 0x06c67fb0 (more...)}
	 legendary = nil
	 _rarity = nil
	 skip_materialize = boolean: true
	 soulable = nil
	 forced_key = string: "j_ygg_skillholder"
	 key_append = nil
	 area = table: 0x06c6a5e0  {velocity:table: 0x06c67800, click_offset:table: 0x06c67158, static_rotation:false, children:table: 0x06c67fd8, shuffle_amt:0, cards:table: 0x06c67fb0 (more...)}
	 pseudo = Lua function '?' (defined at line 746 of chunk [SMODS Cryptid "lib/overrides.lua"])
	 ps = Lua function '?' (defined at line 331 of chunk functions/misc_functions.lua)
	 center = table: 0x039a17e8  {alerted:true, calc_dollar_bonus:function: 0x038d0420, _saved_d_u:true, original_key:skillholder, _discovered_unlocked_overwritten:true, loc_txt:table: 0x039a1810 (more...)}
	 aeqviable = Lua function '?' (defined at line 760 of chunk [SMODS Cryptid "lib/overrides.lua"])
	 front = nil
	 card = table: 0x06c66258  {akyrs_upgrade_sliced:false, click_offset:table: 0x06c66600, children:table: 0x06c65b08, ambient_tilt:0.2, debuff:false, T:table: 0x06c66448, offset:table: 0x06c67208 (more...)}
(8) Lua upvalue 'create_ref' at file 'items/jokers/misc_jokers.lua:184' (from mod with id entr)
	Local variables:
	 _type = nil
	 area = table: 0x06c6a5e0  {velocity:table: 0x06c67800, click_offset:table: 0x06c67158, static_rotation:false, children:table: 0x06c67fd8, shuffle_amt:0, cards:table: 0x06c67fb0 (more...)}
	 legendary = nil
	 _rarity = nil
	 skip_materialize = boolean: true
	 soulable = nil
	 forced_key = string: "j_ygg_skillholder"
	 key_append = nil
(9) Lua global 'create_card' at file 'items/misc/decks.lua:348' (from mod with id entr)
	Local variables:
	 _type = nil
	 area = table: 0x06c6a5e0  {velocity:table: 0x06c67800, click_offset:table: 0x06c67158, static_rotation:false, children:table: 0x06c67fd8, shuffle_amt:0, cards:table: 0x06c67fb0 (more...)}
	 legendary = nil
	 _rarity = nil
	 skip_materialize = boolean: true
	 soulable = nil
	 forced_key = string: "j_ygg_skillholder"
	 key_append = nil
(10) Lua field 'create_card' at Steamodded file 'src/utils.lua:370' 
	Local variables:
	 t = table: 0x06c66150  {skip_materialize:true, area:table: 0x06c6a5e0, key:j_ygg_skillholder, no_edition:true}
(11) Lua field 'add_card' at Steamodded file 'src/utils.lua:393' 
	Local variables:
	 t = table: 0x06c66150  {skip_materialize:true, area:table: 0x06c6a5e0, key:j_ygg_skillholder, no_edition:true}
(12) Lua upvalue 'g_start_run' at file 'game.lua:2444'
	Local variables:
	 self = table: 0x03422b08  {CHOOSE_HAND:table: 0x06263dd0, F_GUIDE:false, F_CRASH_REPORTS:false, ygg_sp_area:table: 0x06c6a5e0, F_QUIT_BUTTON:true, F_ENGLISH_ONLY:false (more...)}
	 args = table: 0x0397c478  {deck:table: 0x04c8e9f8, stake:16}
	 saveTable = nil
	 selected_back = table: 0x041c96f8  {alerted:true, loc_vars:function: 0x041c9818, object_type:Back, cry_order:17, _saved_d_u:true, apply:function: 0x041c9898, mod:table: 0x035a5ee0 (more...)}
	 CAI = table: 0x0db36118  {hand_W:12.292682926829, joker_H:2.6136585365854, joker_W:10.039024390244, consumeable_H:2.6136585365854, deck_W:2.2536585365854, discard_H:2.7512195121951 (more...)}
	 skill_holder = table: 0x06c68028  {1:skillholder}
	 (for generator) = C function: builtin#6
	 (for state) = table: 0x06c68028  {1:skillholder}
	 (for control) = number: 1
	 _ = number: 1
	 v = string: "skillholder"
(13) Lua upvalue 'hookTo' at file 'main.lua:6732'
	Local variables:
	 self = table: 0x03422b08  {CHOOSE_HAND:table: 0x06263dd0, F_GUIDE:false, F_CRASH_REPORTS:false, ygg_sp_area:table: 0x06c6a5e0, F_QUIT_BUTTON:true, F_ENGLISH_ONLY:false (more...)}
	 args = table: 0x0397c478  {deck:table: 0x04c8e9f8, stake:16}
(14) Lua upvalue 'hookTo' at file 'code/level.lua:25' (from mod with id YGGDRASIL)
	Local variables:
	 self = table: 0x03422b08  {CHOOSE_HAND:table: 0x06263dd0, F_GUIDE:false, F_CRASH_REPORTS:false, ygg_sp_area:table: 0x06c6a5e0, F_QUIT_BUTTON:true, F_ENGLISH_ONLY:false (more...)}
	 args = table: 0x0397c478  {deck:table: 0x04c8e9f8, stake:16}
(15) Lua upvalue 'game_start_run_ref' at file 'code/level.lua:328' (from mod with id YGGDRASIL)
	Local variables:
	 self = table: 0x03422b08  {CHOOSE_HAND:table: 0x06263dd0, F_GUIDE:false, F_CRASH_REPORTS:false, ygg_sp_area:table: 0x06c6a5e0, F_QUIT_BUTTON:true, F_ENGLISH_ONLY:false (more...)}
	 args = table: 0x0397c478  {deck:table: 0x04c8e9f8, stake:16}
(16) Lua upvalue 'sr' at file 'code/skill_tree_ui.lua:995' (from mod with id YGGDRASIL)
	Local variables:
	 self = table: 0x03422b08  {CHOOSE_HAND:table: 0x06263dd0, F_GUIDE:false, F_CRASH_REPORTS:false, ygg_sp_area:table: 0x06c6a5e0, F_QUIT_BUTTON:true, F_ENGLISH_ONLY:false (more...)}
	 args = table: 0x0397c478  {deck:table: 0x04c8e9f8, stake:16}
(17) Lua upvalue 'gsr' at file 'lib/overrides.lua:173' (from mod with id Cryptid)
	Local variables:
	 self = table: 0x03422b08  {CHOOSE_HAND:table: 0x06263dd0, F_GUIDE:false, F_CRASH_REPORTS:false, ygg_sp_area:table: 0x06c6a5e0, F_QUIT_BUTTON:true, F_ENGLISH_ONLY:false (more...)}
	 args = table: 0x0397c478  {deck:table: 0x04c8e9f8, stake:16}
(18) Lua upvalue 'startRunHook' at file 'items/challenge.lua:493' (from mod with id Cryptid)
	Local variables:
	 self = table: 0x03422b08  {CHOOSE_HAND:table: 0x06263dd0, F_GUIDE:false, F_CRASH_REPORTS:false, ygg_sp_area:table: 0x06c6a5e0, F_QUIT_BUTTON:true, F_ENGLISH_ONLY:false (more...)}
	 args = table: 0x0397c478  {deck:table: 0x04c8e9f8, stake:16}
(19) Lua method 'start_run' at file './modules/hooks/general.lua:220' (from mod with id aikoyorisshenanigans)
	Local variables:
	 self = table: 0x03422b08  {CHOOSE_HAND:table: 0x06263dd0, F_GUIDE:false, F_CRASH_REPORTS:false, ygg_sp_area:table: 0x06c6a5e0, F_QUIT_BUTTON:true, F_ENGLISH_ONLY:false (more...)}
	 args = table: 0x0397c478  {deck:table: 0x04c8e9f8, stake:16}
(20) Lua field 'func' at file 'functions/button_callbacks.lua:3239'
(21) Lua method 'handle' at file 'engine/event.lua:101'
	Local variables:
	 self = table: 0x0f553210  {start_timer:true, timer:REAL, func:function: 0x0532c308, blockable:true, trigger:immediate, created_on_pause:true, delay:0, complete:false, time:100.34993244367 (more...)}
	 _results = table: 0x05dcc8b0  {blocking:true, pause_skip:false, time_done:false, completed:false}
(22) Lua upvalue 'gameUpdate' at file 'engine/event.lua:186'
	Local variables:
	 self = table: 0x03d12d40  {queue_last_processed:805.3999999996, queues:table: 0x03d12d68, queue_dt:0.016666666666667, queue_timer:806.78388538698}
	 dt = number: 0.0154969
	 forced = nil
	 (for generator) = C function: next
	 (for state) = table: 0x03d12d68  {unlock:table: 0x03d12e58, galdur:table: 0x03d34b20, other:table: 0x03d12ef8, tutorial:table: 0x03d12ea8, akyrs_desc:table: 0x03d12f20, base:table: 0x03d12e80 (more...)}
	 (for control) = number: nan
	 k = string: "base"
	 v = table: 0x03d12e80  {1:table: 0x0f553210, 2:table: 0x0f553298, 3:table: 0x0f5532e8, 4:table: 0x0f553338, 5:table: 0x0f553388, 6:table: 0x13738928, 7:table: 0x1230c5b8 (more...)}
	 blocked = boolean: false
	 i = number: 1
	 results = table: 0x05dcc8b0  {blocking:true, pause_skip:false, time_done:false, completed:false}
(23) Lua method 'update' at file './modules/hooks/general.lua:75' (from mod with id aikoyorisshenanigans)
	Local variables:
	 self = table: 0x03d12d40  {queue_last_processed:805.3999999996, queues:table: 0x03d12d68, queue_dt:0.016666666666667, queue_timer:806.78388538698}
	 dt = number: 0.0154969
	 forced = nil
(24) Lua upvalue 'gameUpdateRef' at file 'game.lua:2769'
	Local variables:
	 self = table: 0x03422b08  {CHOOSE_HAND:table: 0x06263dd0, F_GUIDE:false, F_CRASH_REPORTS:false, ygg_sp_area:table: 0x06c6a5e0, F_QUIT_BUTTON:true, F_ENGLISH_ONLY:false (more...)}
	 dt = number: 0
	 http_resp = nil
(25) Lua upvalue 'upd' at Steamodded file 'src/ui.lua:86' 
	Local variables:
	 self = table: 0x03422b08  {CHOOSE_HAND:table: 0x06263dd0, F_GUIDE:false, F_CRASH_REPORTS:false, ygg_sp_area:table: 0x06c6a5e0, F_QUIT_BUTTON:true, F_ENGLISH_ONLY:false (more...)}
	 dt = number: 0.0154969
(26) Lua upvalue 'hookTo' at file 'main.lua:6418'
	Local variables:
	 self = table: 0x03422b08  {CHOOSE_HAND:table: 0x06263dd0, F_GUIDE:false, F_CRASH_REPORTS:false, ygg_sp_area:table: 0x06c6a5e0, F_QUIT_BUTTON:true, F_ENGLISH_ONLY:false (more...)}
	 dt = number: 0.0154969
(27) Lua upvalue 'game_updateref' at file 'code/level.lua:70' (from mod with id YGGDRASIL)
	Local variables:
	 self = table: 0x03422b08  {CHOOSE_HAND:table: 0x06263dd0, F_GUIDE:false, F_CRASH_REPORTS:false, ygg_sp_area:table: 0x06c6a5e0, F_QUIT_BUTTON:true, F_ENGLISH_ONLY:false (more...)}
	 dt = number: 0.0154969
(28) Lua upvalue 'game_updateref' at file 'other/colours.lua:1451' (from mod with id MoreFluff)
	Local variables:
	 self = table: 0x03422b08  {CHOOSE_HAND:table: 0x06263dd0, F_GUIDE:false, F_CRASH_REPORTS:false, ygg_sp_area:table: 0x06c6a5e0, F_QUIT_BUTTON:true, F_ENGLISH_ONLY:false (more...)}
	 dt = number: 0.0154969
(29) Lua upvalue 'gu' at file 'MoreFluff.lua:1035' (from mod with id MoreFluff)
	Local variables:
	 self = table: 0x03422b08  {CHOOSE_HAND:table: 0x06263dd0, F_GUIDE:false, F_CRASH_REPORTS:false, ygg_sp_area:table: 0x06c6a5e0, F_QUIT_BUTTON:true, F_ENGLISH_ONLY:false (more...)}
	 dt = number: 0.0154969
(30) Lua upvalue 'upd' at file 'lib/gameset.lua:27' (from mod with id Cryptid)
	Local variables:
	 self = table: 0x03422b08  {CHOOSE_HAND:table: 0x06263dd0, F_GUIDE:false, F_CRASH_REPORTS:false, ygg_sp_area:table: 0x06c6a5e0, F_QUIT_BUTTON:true, F_ENGLISH_ONLY:false (more...)}
	 dt = number: 0.0154969
(31) Lua upvalue 'update_ref' at file 'lib/overrides.lua:299' (from mod with id Cryptid)
	Local variables:
	 self = table: 0x03422b08  {CHOOSE_HAND:table: 0x06263dd0, F_GUIDE:false, F_CRASH_REPORTS:false, ygg_sp_area:table: 0x06c6a5e0, F_QUIT_BUTTON:true, F_ENGLISH_ONLY:false (more...)}
	 dt = number: 0.0154969
(32) Lua upvalue 'update_ref' at file 'items/inversions/reverseCodes.lua:654' (from mod with id entr)
	Local variables:
	 self = table: 0x03422b08  {CHOOSE_HAND:table: 0x06263dd0, F_GUIDE:false, F_CRASH_REPORTS:false, ygg_sp_area:table: 0x06c6a5e0, F_QUIT_BUTTON:true, F_ENGLISH_ONLY:false (more...)}
	 dt = number: 0.0154969
(33) Lua upvalue 'upd' at file 'items/jokers/hidden.lua:112' (from mod with id entr)
	Local variables:
	 self = table: 0x03422b08  {CHOOSE_HAND:table: 0x06263dd0, F_GUIDE:false, F_CRASH_REPORTS:false, ygg_sp_area:table: 0x06c6a5e0, F_QUIT_BUTTON:true, F_ENGLISH_ONLY:false (more...)}
	 dt = number: 0.0154969
(34) Lua upvalue 'upd' at file 'items/misc/blinds.lua:747' (from mod with id entr)
	Local variables:
	 self = table: 0x03422b08  {CHOOSE_HAND:table: 0x06263dd0, F_GUIDE:false, F_CRASH_REPORTS:false, ygg_sp_area:table: 0x06c6a5e0, F_QUIT_BUTTON:true, F_ENGLISH_ONLY:false (more...)}
	 dt = number: 0.0154969
(35) Lua method 'update' at file 'Entropy.lua:300' (from mod with id entr)
	Local variables:
	 self = table: 0x03422b08  {CHOOSE_HAND:table: 0x06263dd0, F_GUIDE:false, F_CRASH_REPORTS:false, ygg_sp_area:table: 0x06c6a5e0, F_QUIT_BUTTON:true, F_ENGLISH_ONLY:false (more...)}
	 dt = number: 0.0154969
(36) Lua upvalue 'love_update_ref' at file 'main.lua:1113'
	Local variables:
	 dt = number: 0.0154969
(37) Lua upvalue 'oldupd' at file 'main.lua:4335'
	Local variables:
	 dt = number: 0.0154969
(38) Lua field 'update' at file 'main.lua:6451'
	Local variables:
	 dt = number: 0.0154969
(39) Lua function '?' at file 'main.lua:938' (best guess)
(40) global C function 'xpcall'
(41) LÖVE function at file 'boot.lua:377' (best guess)
	Local variables:
	 func = Lua function '?' (defined at line 909 of chunk main.lua)
	 inerror = boolean: true
	 deferErrhand = Lua function '(LÖVE Function)' (defined at line 348 of chunk [love "boot.lua"])
	 earlyinit = Lua function '(LÖVE Function)' (defined at line 355 of chunk [love "boot.lua"])

INFO - [G] line not found
INFO - [G] file not found: functions/misc_functions.lua: No such file or directory
INFO - [G] line not found
INFO - [G] file not found: main.lua: No such file or directory
INFO - [G] file not found: main.lua: No such file or directory
INFO - [G] 2025-05-04 10:13:22 :: INFO  :: StackTrace :: Additional Context:
Balatro Version: 1.0.1o-FULL
Modded Version: 1.0.0~BETA-0427a-STEAMODDED
LÖVE Version: 11.5.0
Lovely Version: 0.7.1
Platform: Windows
Steamodded Mods:
    1: Entropy by Ruby [ID: entr, Priority: 6.6666666666667e+20, Version: 0.4.0d, Uses Lovely]
    2: More Fluff by notmario, CHECK CREDITS IN MOD TAB [ID: MoreFluff, Version: 1.5.1, Uses Lovely]
    3: Galdur by Eremel_ [ID: galdur, Priority: -10000, Version: 1.2, Uses Lovely]
    4: Aikoyori's Shenanigans by Aikoyori [ID: aikoyorisshenanigans, Priority: 300, Version: 0.2.0-alpha-250503b, Uses Lovely]
    5: Handy by SleepyG11 [ID: Handy, Version: 1.4.2, Uses Lovely]
    6: Jen's Library by jenwalter666 [ID: JenLib, Version: 0.4.0]
    7: Yggdrasil by BepisFever [ID: YGGDRASIL, Priority: -1000000000000, Version: 1.0.0, Uses Lovely]
    8: Talisman by MathIsFun_, Mathguy24, jenwalter666, cg-223 [ID: Talisman, Version: 2.2.0b, Uses Lovely]
        Break Infinity: omeganum
    9: Banner by SylviBlossom [ID: banner, Version: 1.1.1, Uses Lovely]
    10: Flower Pot by ItsFlowwey [ID: FlowerPot, Version: 0.8, Uses Lovely]
    11: DebugPlus by WilsontheWolf [ID: DebugPlus, Version: 1.4.1, Uses Lovely]
    12: Cryptid by MathIsFun_, Cryptid and Balatro Discords [ID: Cryptid, Priority: 114, Version: 0.5.5c, Uses Lovely]
Lovely Mods:
