INFO - [♥] Lovely 0.7.1
INFO - [♥] Game directory is at "C:\\Program Files (x86)\\Steam\\steamapps\\common\\Balatro"
INFO - [♥] Writing logs to "C:\\Users\\erikk\\AppData\\Roaming\\Balatro\\Mods\\lovely\\log"
INFO - [♥] Using mod directory at "C:\\Users\\erikk\\AppData\\Roaming\\Balatro\\Mods"
INFO - [♥] Found .lovelyignore in 'AzzysJokers', skipping it.
INFO - [♥] Found .lovelyignore in 'Kino', skipping it.
INFO - [♥] Found .lovelyignore in 'SauKhongHuDecks', skipping it.
INFO - [♥] Found .lovelyignore in 'SealsOnJokers', skipping it.
WARN - [♥] Unknown key `patches.21.?.match_indent` found in patch file at "C:\\Users\\erikk\\AppData\\Roaming\\Balatro\\Mods\\Cryptid\\lovely\\code.toml", ignoring it
WARN - [♥] Unknown key `patches.18.?.overwrite` found in patch file at "C:\\Users\\erikk\\AppData\\Roaming\\Balatro\\Mods\\HandyBalatro\\lovely.toml", ignoring it
WARN - [♥] Unknown key `patches.49.?.match_indent` found in patch file at "C:\\Users\\erikk\\AppData\\Roaming\\Balatro\\Mods\\Talisman\\lovely.toml", ignoring it
WARN - [♥] Unknown key `patches.52.?.match_indent` found in patch file at "C:\\Users\\erikk\\AppData\\Roaming\\Balatro\\Mods\\Talisman\\lovely.toml", ignoring it
WARN - [♥] Unknown key `patches.4.?.overwrite` found in patch file at "C:\\Users\\erikk\\AppData\\Roaming\\Balatro\\Mods\\Yggdrasil\\lovely\\prevent_crash.toml", ignoring it
WARN - [♥] Unknown key `patches.4.?.match_indent` found in patch file at "C:\\Users\\erikk\\AppData\\Roaming\\Balatro\\Mods\\Yggdrasil\\lovely\\prevent_crash.toml", ignoring it
WARN - [♥] Unknown key `patches.5.?.overwrite` found in patch file at "C:\\Users\\erikk\\AppData\\Roaming\\Balatro\\Mods\\Yggdrasil\\lovely\\prevent_crash.toml", ignoring it
WARN - [♥] Unknown key `patches.5.?.match_indent` found in patch file at "C:\\Users\\erikk\\AppData\\Roaming\\Balatro\\Mods\\Yggdrasil\\lovely\\prevent_crash.toml", ignoring it
WARN - [♥] Unknown key `patches.6.?.overwrite` found in patch file at "C:\\Users\\erikk\\AppData\\Roaming\\Balatro\\Mods\\Yggdrasil\\lovely\\prevent_crash.toml", ignoring it
WARN - [♥] Unknown key `patches.6.?.match_indent` found in patch file at "C:\\Users\\erikk\\AppData\\Roaming\\Balatro\\Mods\\Yggdrasil\\lovely\\prevent_crash.toml", ignoring it
INFO - [♥] Cleaning up dumps directory at "C:\\Users\\erikk\\AppData\\Roaming\\Balatro\\Mods\\lovely\\dump"
INFO - [♥] Initialization complete in 96ms
INFO - [♥] Applied 1 patch to 'conf.lua'
WARN - [♥] Pattern 'G.ARGS.score_intensity.organ = G.video_organ or G.ARGS.score_intensity.required_score > 0 and math.max(math.min(0.4, 0.1*math.log(G.ARGS.score_intensity.earned_score/(G.ARGS.score_intensity.required_score+1), 5)),0.) or 0' on target 'main.lua' for pattern patch from Talisman\lovely.toml resulted in no matches
WARN - [♥] Pattern 'if type(G.GAME.current_round.current_hand.chips) ~= \'number\' or type(G.GAME.current_round.current_hand.mult) ~= \'number\' then' on target 'main.lua' for pattern patch from Talisman\lovely.toml resulted in no matches
INFO - [♥] Applied 33 patches to 'main.lua'
INFO - [♥] Applied 2 patches to 'engine/string_packer.lua'
INFO - [♥] Applied 18 patches to 'engine/controller.lua'
INFO - [♥] Applied 18 patches to 'back.lua'
INFO - [♥] Applied 21 patches to 'tag.lua'
INFO - [♥] Applied 1 patch to 'engine/event.lua'
INFO - [♥] Applied 2 patches to 'engine/node.lua'
INFO - [♥] Applied 4 patches to 'engine/moveable.lua'
INFO - [♥] Applied 3 patches to 'engine/sprite.lua'
INFO - [♥] Applied 2 patches to 'engine/animatedsprite.lua'
WARN - [♥] Pattern 'assembled_string = assembled_string..(type(subpart) == \'string\' and subpart or args.vars[tonumber(subpart[1])] or \'ERROR\')' on target 'functions/misc_functions.lua' for pattern patch from Talisman\lovely.toml resulted in no matches
INFO - [♥] Applied 78 patches to 'functions/misc_functions.lua'
WARN - [♥] Pattern 'for i = 1, 2 do' on target 'game.lua' for pattern patch from Cryptid\lovely\stake.toml resulted in no matches
WARN - [♥] Pattern 'create_shop_card_ui(card, \'Voucher\', G.shop_vouchers)' on target 'game.lua' for pattern patch from Cryptid\lovely\stake.toml resulted in no matches
WARN - [♥] Pattern 'self.GAME.current_round.voucher = G.SETTINGS.tutorial_progress and G.SETTINGS.tutorial_progress.forced_voucher or SMODS.get_next_vouchers()' on target 'game.lua' for pattern patch from Cryptid\lovely\very_fair.toml resulted in no matches
WARN - [♥] Pattern 'Cryptid.profile_prefix = Jen and \"J\" or \"M\"' on target 'game.lua' for pattern patch from Entropy\lovely\core.toml resulted in no matches
WARN - [♥] Pattern '{card_limit = self.GAME.starting_params.consumable_slots, type = \'joker\', highlight_limit = 1})' on target 'game.lua' for pattern patch from TooManyDecks\lovely\limit.toml resulted in no matches
WARN - [♥] Pattern '{card_limit = self.GAME.starting_params.joker_slots, type = \'joker\', highlight_limit = 1})' on target 'game.lua' for pattern patch from TooManyDecks\lovely\limit.toml resulted in no matches
WARN - [♥] Pattern 'self.GAME.current_round.voucher = G.SETTINGS.tutorial_progress and G.SETTINGS.tutorial_progress.forced_voucher or get_next_voucher_key()' on target 'game.lua' for pattern patch from Cryptid\lovely\Voucher.toml resulted in no matches
WARN - [♥] Regex 'card\\:start_materialize\\(\\)\\n\\s+G\\.shop_vouchers\\:emplace\\(card\\)\\n\\s+end' on target 'game.lua' for regex patch from Cryptid\lovely\Voucher.toml resulted in no matches
INFO - [♥] Applied 124 patches to 'game.lua'
INFO - [♥] Applied 3 patches to 'globals.lua'
INFO - [♥] Applied 15 patches to 'engine/ui.lua'
WARN - [♥] Pattern 'G.GAME.shop.joker_max*1.02*G.CARD_W,' on target 'functions/UI_definitions.lua' for pattern patch from Cryptid\lovely\equilibrium.toml resulted in no matches
WARN - [♥] Pattern 'local stake_sprite = get_stake_sprite(G.GAME.stake or 1, 0.4)\n    blind_text[#blind_text + 1] =' on target 'functions/UI_definitions.lua' for pattern patch from Balatro-Aikoyoris-Shenanigans\lovely\ui.toml resulted in no matches
WARN - [♥] Pattern '{n=G.UIT.T, config={text = G.GAME.hands[handname].chips, scale = 0.45, colour = G.C.UI.TEXT_LIGHT}},' on target 'functions/UI_definitions.lua' for pattern patch from Talisman\lovely.toml resulted in no matches
WARN - [♥] Pattern '{n=G.UIT.T, config={text = G.GAME.hands[handname].mult, scale = 0.45, colour = G.C.UI.TEXT_LIGHT}}' on target 'functions/UI_definitions.lua' for pattern patch from Talisman\lovely.toml resulted in no matches
INFO - [♥] Applied 147 patches to 'functions/UI_definitions.lua'
WARN - [♥] Pattern 'ease_to = G.GAME.chips + math.floor(hand_chips * mult) * (e and e.antiscore and -1 or 1),' on target 'functions/state_events.lua' for pattern patch from Cryptid\lovely\blind.toml resulted in no matches
WARN - [♥] Pattern 'if reps[j] ~= 1 then' on target 'functions/state_events.lua' for pattern patch from Cryptid\lovely\misc.toml resulted in no matches
WARN - [♥] Pattern 'local effects = {[1] = {playing_card = G.hand.cards[i]:get_end_of_round_effect()}}' on target 'functions/state_events.lua' for pattern patch from Cryptid\lovely\stake.toml resulted in no matches
WARN - [♥] Pattern 'G.GAME.current_round.voucher = get_next_voucher_key()' on target 'functions/state_events.lua' for pattern patch from Cryptid\lovely\sticker.toml resulted in no matches
WARN - [♥] Pattern 'if G.GAME.blind.name == \'The Serpent\' and' on target 'functions/state_events.lua' for pattern patch from Astronomica\lovely\iblinds.toml resulted in no matches
WARN - [♥] Pattern 'G.GAME.current_round.voucher = get_next_voucher_key()' on target 'functions/state_events.lua' for pattern patch from Cryptid\lovely\Voucher.toml resulted in no matches
WARN - [♥] Pattern 'if effects[ii].card then' on target 'functions/state_events.lua' for pattern patch from Talisman\lovely.toml resulted in no matches
WARN - [♥] Pattern 'if effects.jokers.Xmult_mod then mult = mod_mult(mult*effects.jokers.Xmult_mod);extras.mult = true  end' on target 'functions/state_events.lua' for pattern patch from Talisman\lovely.toml resulted in no matches
WARN - [♥] Pattern 'if effect.Xmult_mod then mult = mod_mult(mult*effect.Xmult_mod);extras.mult = true  end' on target 'functions/state_events.lua' for pattern patch from Talisman\lovely.toml resulted in no matches
WARN - [♥] Pattern 'if effects[ii].message then' on target 'functions/state_events.lua' for pattern patch from Talisman\lovely.toml resulted in no matches
WARN - [♥] Pattern '--calculate the card edition effects' on target 'functions/state_events.lua' for pattern patch from Talisman\lovely.toml resulted in no matches
WARN - [♥] Pattern 'if effects[ii].edition.p_dollars_mod then' on target 'functions/state_events.lua' for pattern patch from Talisman\lovely.toml resulted in no matches
WARN - [♥] Pattern 'if edition_effects.jokers.x_mult_mod then' on target 'functions/state_events.lua' for pattern patch from Talisman\lovely.toml resulted in no matches
WARN - [♥] Pattern 'if G.GAME.blind:get_type() == \'Boss\' then' on target 'functions/state_events.lua' for pattern patch from Finity\lovely\main.toml resulted in no matches
WARN - [♥] Pattern 'if G.GAME.round_resets.ante == G.GAME.win_ante and G.GAME.blind:get_type() == \'Boss\' then' on target 'functions/state_events.lua' for pattern patch from Finity\lovely\main.toml resulted in no matches
WARN - [♥] Pattern 'elseif G.GAME.round_resets.blind == G.P_BLINDS.bl_big then' on target 'functions/state_events.lua' for pattern patch from Finity\lovely\main.toml resulted in no matches
WARN - [♥] Pattern 'if to_big(G.GAME.dollars) >= to_big(5) and not G.GAME.modifiers.no_interest then\n   add_round_eval_row({bonus = true, name=\'interest\', pitch = pitch, dollars = G.GAME.interest_amount*math.min(math.floor(G.GAME.dollars/5), G.GAME.interest_cap/5)})\n   pitch = pitch + 0.06\n   if (not G.GAME.seeded and not G.GAME.challenge) or SMODS.config.seeded_unlocks then\n       if G.GAME.interest_amount*math.min(math.floor(G.GAME.dollars/5), G.GAME.interest_cap/5) == G.GAME.interest_amount*G.GAME.interest_cap/5 then \n           G.PROFILES[G.SETTINGS.profile].career_stats.c_round_interest_cap_streak = G.PROFILES[G.SETTINGS.profile].career_stats.c_round_interest_cap_streak + 1\n       else\n           G.PROFILES[G.SETTINGS.profile].career_stats.c_round_interest_cap_streak = 0\n       end\n   end\n   check_for_unlock({type = \'interest_streak\'})\n   dollars = dollars + G.GAME.interest_amount*math.min(math.floor(G.GAME.dollars/5), G.GAME.interest_cap/5)\n' on target 'functions/state_events.lua' for pattern patch from Yggdrasil\lovely\skills.toml resulted in no matches
WARN - [♥] Pattern 'if SMODS.has_enhancement(scoring_hand[i], \'m_glass\') and not scoring_hand[i].debuff and pseudorandom(\'glass\') < G.GAME.probabilities.normal/(scoring_hand[i].ability.name == \'Glass Card\' and scoring_hand[i].ability.extra or G.P_CENTERS.m_glass.config.extra) then' on target 'functions/state_events.lua' for pattern patch from Cryptid\lovely\Probability.toml resulted in no matches
WARN - [♥] Regex '(?<indent>[\\t ]*)if destroyed then \\n' on target 'functions/state_events.lua' for regex patch from Cryptid\lovely\seal.toml resulted in no matches
INFO - [♥] Applied 101 patches to 'functions/state_events.lua'
WARN - [♥] Pattern '{n=G.UIT.T, config={text = localize(\'$\')..config.dollars, scale = 1.2*scale, colour = G.C.WHITE, shadow = true, juice = true}}' on target 'functions/common_events.lua' for pattern patch from Cryptid\lovely\code.toml resulted in no matches
WARN - [♥] Pattern 'G.shop_jokers.T.w = G.GAME.shop.joker_max*1.01*G.CARD_W' on target 'functions/common_events.lua' for pattern patch from Cryptid\lovely\equilibrium.toml resulted in no matches
WARN - [♥] Pattern 'function generate_card_ui(_c, full_UI_table, specific_vars, card_type, badges, hide_desc, main_start, main_end)' on target 'functions/common_events.lua' for pattern patch from Cryptid\lovely\lib_misc.toml resulted in no matches
WARN - [♥] Pattern 'elseif v.boss.showdown and (G.GAME.round_resets.ante)%G.GAME.win_ante == 0 and G.GAME.round_resets.ante >= 2 then' on target 'functions/common_events.lua' for pattern patch from Cryptid\lovely\stake.toml resulted in no matches
WARN - [♥] Regex 'localize\\(\'ph_mr_bones\'\\)..\' \'\\}, colours = \\{G.C.FILTER' on target 'functions/common_events.lua' for regex patch from Cryptid\lovely\code.toml resulted in no matches
WARN - [♥] Pattern 'if not v.config.softlock then\n    softlocked = softlocked' on target 'functions/common_events.lua' for pattern patch from Balatro-Aikoyoris-Shenanigans\lovely\planets.toml resulted in no matches
WARN - [♥] Pattern '                    if (not v.config.softlock or G.GAME.hands[v.config.hand_type].played > 0) then\n                        add = true\n                    end' on target 'functions/common_events.lua' for pattern patch from Balatro-Aikoyoris-Shenanigans\lovely\planets.toml resulted in no matches
WARN - [♥] Pattern '                    if (not v.config.softlock or G.GAME.hands[v.config.hand_type].played > 0) then\n                        add = true\n                    end' on target 'functions/common_events.lua' for pattern patch from Balatro-Aikoyoris-Shenanigans\lovely\planets.toml resulted in no matches
WARN - [♥] Pattern 'if num_dollars > 60 then' on target 'functions/common_events.lua' for pattern patch from Talisman\lovely.toml resulted in no matches
WARN - [♥] Pattern 'func = (function() if eval_func(card) then if not first or first then card:juice_up(0.1, 0.1) end;juice_card_until(card, eval_func, nil, 0.8) end return true end)' on target 'functions/common_events.lua' for pattern patch from Talisman\lovely.toml resulted in no matches
WARN - [♥] Pattern 'elseif v.boss.showdown and (G.GAME.round_resets.ante)%G.GAME.win_ante == 0 and G.GAME.round_resets.ante >= 2 then\n' on target 'functions/common_events.lua' for pattern patch from Yggdrasil\lovely\skills.toml resulted in no matches
INFO - [♥] Applied 216 patches to 'functions/common_events.lua'
WARN - [♥] Pattern '                c = G.shop_jokers:remove_card(G.shop_jokers.cards[i])\n                c:remove()\n                c = nil\n' on target 'functions/button_callbacks.lua' for pattern patch from Entropy\lovely\reverse_codes.toml resulted in no matches
WARN - [♥] Pattern '    if #G.hand.highlighted <= 0 or G.GAME.blind.block_play or #G.hand.highlighted > 5 then ' on target 'functions/button_callbacks.lua' for pattern patch from Balatro-Aikoyoris-Shenanigans\lovely\selectionlimit.toml resulted in no matches
WARN - [♥] Pattern 'if ((G.GAME.dollars-G.GAME.bankrupt_at) - 10 >= 0) and' on target 'functions/button_callbacks.lua' for pattern patch from Talisman\lovely.toml resulted in no matches
WARN - [♥] Pattern 'for i = 1, #G.GAME.tags do\n            if G.GAME.tags[i]:apply_to_run({type = \'new_blind_choice\'}) then break end\n          end' on target 'functions/button_callbacks.lua' for pattern patch from TooManyDecks\lovely\decks.toml resulted in no matches
WARN - [♥] Pattern 'if #G.hand.highlighted <= 0 or G.GAME.blind.block_play or #G.hand.highlighted > 5 then' on target 'functions/button_callbacks.lua' for pattern patch from CardSleeves\lovely\expected_to_fail.toml resulted in no matches
WARN - [♥] Pattern 'if G.ARGS.score_intensity.earned_score >= G.ARGS.score_intensity.required_score and G.ARGS.score_intensity.required_score > 0 then' on target 'functions/button_callbacks.lua' for pattern patch from GARBSHIT\lovely.toml resulted in no matches
INFO - [♥] Applied 86 patches to 'functions/button_callbacks.lua'
WARN - [♥] Pattern '*then G.E_MANAGER:add_event(Event({ func = function() G.GAME.blind:set_blind(nil, true, nil); return true end })) end' on target 'card.lua' for pattern patch from smods\lovely\calculate_card_added.toml resulted in 2 matches, wanted 1
WARN - [♥] Ignoring excess matches
WARN - [♥] Pattern 'if not initial then G.GAME.blind:debuff_card(self) end' on target 'card.lua' for pattern patch from Cryptid\lovely\lib_misc.toml resulted in no matches
WARN - [♥] Pattern 'if self.ability.name == \'Campfire\' and G.GAME.blind.boss and not (G.GAME.blind.config and G.GAME.blind.config.bonus) and self.ability.x_mult > 1 then' on target 'card.lua' for pattern patch from Cryptid\lovely\misc.toml resulted in no matches
WARN - [♥] Pattern 'if self.ability.name:find(\'Arcana\') then' on target 'card.lua' for pattern patch from Cryptid\lovely\misprint.toml resulted in no matches
WARN - [♥] Pattern 'if self.ability.name == \'The Hermit\' or self.ability.consumeable.hand_type or self.ability.name == \'Temperance\' or self.ability.name == \'Black Hole\' then' on target 'card.lua' for pattern patch from Cryptid\lovely\stake.toml resulted in no matches
WARN - [♥] Pattern 'if self.ability.queue_negative_removal then' on target 'card.lua' for pattern patch from Cryptid\lovely\sticker.toml resulted in no matches
WARN - [♥] Pattern '    return generate_card_ui(self.config.center, nil, loc_vars, card_type, badges, hide_desc, main_start, main_end)' on target 'card.lua' for pattern patch from Balatro-Aikoyoris-Shenanigans\lovely\localization.toml resulted in no matches
WARN - [♥] Pattern 'G.GAME.current_round.voucher = nil' on target 'card.lua' for pattern patch from Cryptid\lovely\Voucher.toml resulted in no matches
WARN - [♥] Pattern 'if G.GAME.blind then G.E_MANAGER:add_event(Event({ func = function() G.GAME.blind:set_blind(nil, true, nil); return true end })) end' on target 'card.lua' for pattern patch from Talisman\lovely.toml resulted in no matches
WARN - [♥] Pattern 'x_mult = center.config.Xmult or 1,' on target 'card.lua' for pattern patch from Talisman\lovely.toml resulted in no matches
WARN - [♥] Pattern '            local rightmost = G.hand.highlighted[1]\n            for i=1, #G.hand.highlighted do if G.hand.highlighted[i].T.x > rightmost.T.x then rightmost = G.hand.highlighted[i] end end\n            for i=1, #G.hand.highlighted do\n                G.E_MANAGER:add_event(Event({trigger = \'after\',delay = 0.1,func = function()\n                    if G.hand.highlighted[i] ~= rightmost then\n                        copy_card(rightmost, G.hand.highlighted[i])\n                    end\n                    return true end }))\n            end  \n' on target 'card.lua' for pattern patch from Yggdrasil\lovely\skills.toml resulted in no matches
WARN - [♥] Pattern '    elseif self.seal == \'Gold\' then\n        ret = ret +  3\n' on target 'card.lua' for pattern patch from Yggdrasil\lovely\skills.toml resulted in no matches
WARN - [♥] Pattern 'if self.ability.name == \'Aura\' then \n            if G.hand and (#G.hand.highlighted == 1) and G.hand.highlighted[1] and (not G.hand.highlighted[1].edition) then return true end\n' on target 'card.lua' for pattern patch from Yggdrasil\lovely\skills.toml resulted in no matches
WARN - [♥] Pattern 'elseif self.ability.name == \'Business Card\' then loc_vars = {\'\'..(G.GAME and G.GAME.probabilities.normal or 1), self.ability.extra}' on target 'card.lua' for pattern patch from Cryptid\lovely\Probability.toml resulted in no matches
WARN - [♥] Pattern 'pseudorandom(\'business\') < G.GAME.probabilities.normal/self.ability.extra then' on target 'card.lua' for pattern patch from Cryptid\lovely\Probability.toml resulted in no matches
WARN - [♥] Pattern 'local currentBack = self.params.viewed_back and G.GAME.viewed_back or G.GAME.selected_back' on target 'card.lua' for pattern patch from Galdur\lovely.toml resulted in no matches
WARN - [♥] Regex 'self.params.viewed_back and G.GAME.viewed_back or G.GAME.selected_back' on target 'card.lua' for regex patch from CardSleeves\lovely\expected_to_fail.toml resulted in no matches
INFO - [♥] Applied 309 patches to 'card.lua'
WARN - [♥] Pattern '    self.config.highlighted_limit = config.highlight_limit or 5' on target 'cardarea.lua' for pattern patch from Balatro-Aikoyoris-Shenanigans\lovely\selectionlimit.toml resulted in no matches
INFO - [♥] Applied 25 patches to 'cardarea.lua'
INFO - [♥] Applied 47 patches to 'blind.lua'
WARN - [♥] Pattern 'self.children.card:set_ability(G.P_CENTERS.j_jolly)' on target 'card_character.lua' for pattern patch from Entropy\lovely\core.toml resulted in no matches
INFO - [♥] Applied 2 patches to 'card_character.lua'
INFO - [♥] Applied 5 patches to 'engine/text.lua'
INFO - [♥] Applied 11 patches to '=[SMODS _ "src/utils.lua"]'
INFO - [♥] Applied 8 patches to '=[SMODS _ "src/overrides.lua"]'
WARN - [♥] Pattern '            local _suit, _rank =\n                            pseudorandom_element(SMODS.Suits, pseudoseed(\'familiar_create\')).card_key,\n                            pseudorandom_element(faces, pseudoseed(\'familiar_create\')).card_key\n                        local cen_pool = {}\n                        for k, v in pairs(G.P_CENTER_POOLS[\"Enhanced\"]) do\n                            if v.key ~= \'m_stone\' and not v.overrides_base_rank then\n                                cen_pool[#cen_pool + 1] = v\n                            end\n                        end\n                        cards[i] = create_playing_card({\n                            front = G.P_CARDS[_suit .. \'_\' .. _rank],\n                            center = pseudorandom_element(cen_pool, pseudoseed(\'spe_card\'))\n                        }, G.hand, nil, i ~= 1, { G.C.SECONDARY_SET.Spectral })\n' on target '=[SMODS _ "src/game_object.lua"]' for pattern patch from Yggdrasil\lovely\skills.toml resulted in no matches
WARN - [♥] Pattern ' local _suit, _rank =\n                            pseudorandom_element(SMODS.Suits, pseudoseed(\'grim_create\')).card_key, \'A\'\n                        local cen_pool = {}\n                        for k, v in pairs(G.P_CENTER_POOLS[\"Enhanced\"]) do\n                            if v.key ~= \'m_stone\' and not v.overrides_base_rank then\n                                cen_pool[#cen_pool + 1] = v\n                            end\n                        end\n                        cards[i] = create_playing_card({\n                            front = G.P_CARDS[_suit .. \'_\' .. _rank],\n                            center = pseudorandom_element(cen_pool, pseudoseed(\'spe_card\'))\n                        }, G.hand, nil, i ~= 1, { G.C.SECONDARY_SET.Spectral })\n' on target '=[SMODS _ "src/game_object.lua"]' for pattern patch from Yggdrasil\lovely\skills.toml resulted in no matches
WARN - [♥] Pattern 'local _suit, _rank =\n                            pseudorandom_element(SMODS.Suits, pseudoseed(\'incantation_create\')).card_key,\n                            pseudorandom_element(numbers, pseudoseed(\'incantation_create\')).card_key\n                        local cen_pool = {}\n                        for k, v in pairs(G.P_CENTER_POOLS[\"Enhanced\"]) do\n                            if v.key ~= \'m_stone\' and not v.overrides_base_rank then\n                                cen_pool[#cen_pool + 1] = v\n                            end\n                        end\n                        cards[i] = create_playing_card({\n                            front = G.P_CARDS[_suit .. \'_\' .. _rank],\n                            center = pseudorandom_element(cen_pool, pseudoseed(\'spe_card\'))\n                        }, G.hand, nil, i ~= 1, { G.C.SECONDARY_SET.Spectral })\n' on target '=[SMODS _ "src/game_object.lua"]' for pattern patch from Yggdrasil\lovely\skills.toml resulted in no matches
WARN - [♥] Pattern 'local _suit, _rank =\n                            pseudorandom_element(SMODS.Suits, pseudoseed(\'incantation_create\')).card_key,\n                            pseudorandom_element(numbers, pseudoseed(\'incantation_create\')).card_key\n                        local cen_pool = {}\n                        for k, v in pairs(G.P_CENTER_POOLS[\"Enhanced\"]) do\n                            if v.key ~= \'m_stone\' and not v.overrides_base_rank then\n                                cen_pool[#cen_pool + 1] = v\n                            end\n                        end\n                        cards[i] = create_playing_card({\n                            front = G.P_CARDS[_suit .. \'_\' .. _rank],\n                            center = pseudorandom_element(cen_pool, pseudoseed(\'spe_card\'))\n                        }, G.hand, nil, i ~= 1, { G.C.SECONDARY_SET.Spectral })\n' on target '=[SMODS _ "src/game_object.lua"]' for pattern patch from Yggdrasil\lovely\skills.toml resulted in no matches
INFO - [♥] Applied 9 patches to '=[SMODS _ "src/game_object.lua"]'
INFO - [G] Failed to connect to the debug server
INFO - [G] 2025-05-12 17:03:59 :: DEBUG :: DebugConsole :: Steamodded Debug Socket started !
INFO - [G] 2025-05-12 17:03:59 :: INFO  :: SMODS :: Steamodded v1.0.0~BETA-0507a
INFO - [♥] Applied 9 patches to 'engine/sound_manager.lua'
INFO - [♥] Applied 3 patches to 'engine/save_manager.lua'
INFO - [♥] Applied 2 patches to 'engine/string_packer.lua'
INFO - [♥] Applied 4 patches to '=[SMODS _ "src/card_draw.lua"]'
INFO - [G] 2025-05-12 17:04:01 :: TRACE :: Loader :: Processing Mod file (Legacy header): Astronomica.lua
INFO - [G] 2025-05-12 17:04:01 :: TRACE :: Loader :: Saving Mod Info: Astronomica
INFO - [G] 2025-05-12 17:04:01 :: TRACE :: Loader :: Processing Mod file (Legacy header): Azazel.lua
INFO - [G] 2025-05-12 17:04:01 :: TRACE :: Loader :: Saving Mod Info: AzzysJokers
INFO - [G] 2025-05-12 17:04:01 :: ERROR :: Loader :: Found invalid metadata JSON file at C:\Users\erikk\AppData\Roaming\Balatro\Mods/Balatro-Aikoyoris-Shenanigans/.luarc.json, ignoring: [SMODS _ "src/loader.lua"]:226: id
INFO - [G] 2025-05-12 17:04:01 :: ERROR :: Loader :: Found invalid metadata JSON file at C:\Users\erikk\AppData\Roaming\Balatro\Mods/Balatro-Aikoyoris-Shenanigans/.vscode/settings.json, ignoring: [SMODS _ "src/loader.lua"]:226: id
INFO - [G] 2025-05-12 17:04:01 :: INFO  :: Loader :: Valid JSON file found
INFO - [G] 2025-05-12 17:04:01 :: INFO  :: Loader :: Valid JSON file found
INFO - [G] 2025-05-12 17:04:01 :: INFO  :: Loader :: Valid JSON file found
INFO - [G] 2025-05-12 17:04:01 :: INFO  :: Loader :: Valid JSON file found
INFO - [G] 2025-05-12 17:04:01 :: ERROR :: Loader :: Found invalid metadata JSON file at C:\Users\erikk\AppData\Roaming\Balatro\Mods/DebugPlus/.luarc.json, ignoring: [SMODS _ "src/loader.lua"]:226: id
INFO - [G] 2025-05-12 17:04:01 :: ERROR :: Loader :: Found invalid metadata JSON file at C:\Users\erikk\AppData\Roaming\Balatro\Mods/DebugPlus/dev/.luarc.json, ignoring: [SMODS _ "src/loader.lua"]:226: id
INFO - [G] 2025-05-12 17:04:01 :: INFO  :: Loader :: Valid JSON file found
INFO - [G] 2025-05-12 17:04:01 :: INFO  :: Loader :: Valid JSON file found
INFO - [G] 2025-05-12 17:04:01 :: INFO  :: Loader :: Valid JSON file found
INFO - [G] 2025-05-12 17:04:01 :: INFO  :: Loader :: Valid JSON file found
INFO - [G] 2025-05-12 17:04:01 :: INFO  :: Loader :: Valid JSON file found
INFO - [G] 2025-05-12 17:04:01 :: INFO  :: Loader :: Valid JSON file found
INFO - [G] 2025-05-12 17:04:01 :: TRACE :: Loader :: Processing Mod file (Legacy header): steamodded.lua
INFO - [G] 2025-05-12 17:04:01 :: WARN  :: Loader :: Duplicate Mod ID: Handy
INFO - [G] 2025-05-12 17:04:01 :: INFO  :: Loader :: Valid JSON file found
INFO - [G] 2025-05-12 17:04:01 :: INFO  :: Loader :: Valid JSON file found
INFO - [G] 2025-05-12 17:04:01 :: INFO  :: Loader :: Valid JSON file found
INFO - [G] 2025-05-12 17:04:01 :: INFO  :: Loader :: Valid JSON file found
INFO - [G] 2025-05-12 17:04:01 :: INFO  :: Loader :: Valid JSON file found
INFO - [G] 2025-05-12 17:04:01 :: INFO  :: Loader :: Valid JSON file found
INFO - [G] 2025-05-12 17:04:01 :: TRACE :: Loader :: Processing Mod file (Legacy header): steamodded_metadata.lua
INFO - [G] 2025-05-12 17:04:01 :: TRACE :: Loader :: Saving Mod Info: Talisman
INFO - [G] 2025-05-12 17:04:01 :: INFO  :: Loader :: Valid JSON file found
INFO - [G] 2025-05-12 17:04:02 :: INFO  :: Loader :: Valid JSON file found
INFO - [♥] Applied 7 patches to '=[SMODS galdur "galdur.lua"]'
INFO - [♥] Applied 2 patches to '=[SMODS CardSleeves "CardSleeves.lua"]'
INFO - [G] 2025-05-12 17:04:02 :: INFO  :: CardSleeves :: CardSleeves v1.7.6 loaded~!
INFO - [G] 2025-05-12 17:04:02 :: TRACE :: Loader :: Mod AzzysJokers was unable to load: 
INFO - [G] 2025-05-12 17:04:02 :: WARN  :: Sound :: Object garb_surge has the same key as an existing object, not registering.
INFO - [G] 2025-05-12 17:04:02 :: WARN  :: Sound :: If you want to modify an existing object, use take_ownership()
INFO - [G] 2025-05-12 17:04:02 :: TRACE :: Loader :: Mod kino was unable to load: 
INFO - [G] 2025-05-12 17:04:02 :: WARN  :: Back :: Object b_sdm_bakers has the same key as an existing object, not registering.
INFO - [G] 2025-05-12 17:04:02 :: WARN  :: Back :: If you want to modify an existing object, use take_ownership()
INFO - [G] 2025-05-12 17:04:02 :: INFO  :: TOGAPack :: Hello World! Starting TOGAPack...
INFO - [G] 2025-05-12 17:04:02 :: INFO  :: TOGAPack :: Hooking G.FUNCS.can_play...
INFO - [G] 2025-05-12 17:04:02 :: INFO  :: TOGAPack :: Hooking play_sound...
INFO - [G] 2025-05-12 17:04:02 :: INFO  :: TOGAPack :: Hooking Card:is_face...
INFO - [G] 2025-05-12 17:04:02 :: INFO  :: TOGAPack :: Hooking Card:get_id...
INFO - [G] 2025-05-12 17:04:02 :: INFO  :: TOGAPack :: Hooking Card:is_suit...
INFO - [G] 2025-05-12 17:04:02 :: INFO  :: TOGAPack :: Hooking G.FUNCS.draw_from_deck_to_hand...
INFO - [G] 2025-05-12 17:04:02 :: INFO  :: TOGAPack :: Hooking Blind:defeat...
INFO - [G] 2025-05-12 17:04:02 :: DEBUG :: TOGAPack :: Executing items/joker.lua
INFO - [G] 2025-05-12 17:04:02 :: INFO  :: TOGAPack :: Loading Jokers...
INFO - [G] 2025-05-12 17:04:02 :: DEBUG :: TOGAPack :: Executing items/deck.lua
INFO - [G] 2025-05-12 17:04:02 :: INFO  :: TOGAPack :: Loading Decks...
INFO - [G] 2025-05-12 17:04:02 :: DEBUG :: TOGAPack :: Executing items/voucher.lua
INFO - [G] 2025-05-12 17:04:02 :: INFO  :: TOGAPack :: Loading Vouchers...
INFO - [G] 2025-05-12 17:04:02 :: DEBUG :: TOGAPack :: Executing items/enhancement.lua
INFO - [G] 2025-05-12 17:04:02 :: INFO  :: TOGAPack :: Loading Enhancements...
INFO - [G] 2025-05-12 17:04:02 :: DEBUG :: TOGAPack :: Executing items/consumables.lua
INFO - [G] 2025-05-12 17:04:02 :: INFO  :: TOGAPack :: Loading Consumeables...
INFO - [G] 2025-05-12 17:04:02 :: DEBUG :: TOGAPack :: Executing items/seal.lua
INFO - [G] 2025-05-12 17:04:02 :: INFO  :: TOGAPack :: Loading Seals...
INFO - [G] 2025-05-12 17:04:02 :: DEBUG :: TOGAPack :: Executing items/booster.lua
INFO - [G] 2025-05-12 17:04:02 :: INFO  :: TOGAPack :: Loading Booster Packs...
INFO - [G] 2025-05-12 17:04:02 :: DEBUG :: TOGAPack :: Executing items/tag.lua
INFO - [G] 2025-05-12 17:04:02 :: INFO  :: TOGAPack :: Loading Tags...
INFO - [G] 2025-05-12 17:04:02 :: DEBUG :: TOGAPack :: Executing items/deckskin.lua
INFO - [G] 2025-05-12 17:04:02 :: INFO  :: TOGAPack :: Loading Deckskins...
INFO - [G] 2025-05-12 17:04:02 :: DEBUG :: TOGAPack :: Executing items/blind.lua
INFO - [G] 2025-05-12 17:04:02 :: INFO  :: TOGAPack :: Loading Blinds...
INFO - [G] 2025-05-12 17:04:02 :: DEBUG :: TOGAPack :: Executing items/crossmod.lua
INFO - [G] 2025-05-12 17:04:02 :: INFO  :: TOGAPack :: Loading Cross-Mod content...
INFO - [G] 2025-05-12 17:04:02 :: TRACE :: Loader :: Mod partner was unable to load: 
INFO - [G] [CRYPTID] Loading library file ascended.lua
INFO - [G] [CRYPTID] Loading library file calculate.lua
INFO - [G] [CRYPTID] Loading library file content.lua
WARN - [♥] Pattern 'bogus patch lol aikoyori was here no patching ' on target '=[SMODS Cryptid "lib/content.lua"]' for pattern patch from Balatro-Aikoyoris-Shenanigans\lovely\compat.cryptid.toml resulted in no matches
INFO - [♥] Applied 0 patches to '=[SMODS Cryptid "lib/content.lua"]'
INFO - [G] [CRYPTID] Loading library file cross-mod.lua
INFO - [G] [CRYPTID] Loading library file d20.lua
INFO - [G] [CRYPTID] Loading library file event.lua
INFO - [G] [CRYPTID] Loading library file forcetrigger.lua
INFO - [G] [CRYPTID] Loading library file gameset.lua
INFO - [G] [CRYPTID] Loading library file https.lua
INFO - [G] 2025-05-12 17:04:02 :: DEBUG :: SMODS.https :: Using https module backend
INFO - [G] [CRYPTID] Loading library file misc.lua
INFO - [G] [CRYPTID] Loading library file misprintize.lua
INFO - [G] [CRYPTID] Loading library file modifiers.lua
INFO - [G] 2025-05-12 17:04:02 :: WARN  :: Sticker :: Detected duplicate register call on object perishable
INFO - [G] 2025-05-12 17:04:02 :: WARN  :: Sticker :: Detected duplicate register call on object pinned
INFO - [G] 2025-05-12 17:04:02 :: WARN  :: Sticker :: Detected duplicate register call on object eternal
INFO - [G] 2025-05-12 17:04:02 :: WARN  :: Sticker :: Detected duplicate register call on object rental
INFO - [G] [CRYPTID] Loading library file notifications.lua
INFO - [G] [CRYPTID] Loading library file overrides.lua
INFO - [G] [CRYPTID] Loading library file pointerlib.lua
INFO - [G] [CRYPTID] Loading library file ui.lua
INFO - [G] [CRYPTID] Loading file achievement.lua
INFO - [G] [CRYPTID] Loading file blind.lua
INFO - [G] [CRYPTID] Loading file challenge.lua
INFO - [G] [CRYPTID] Loading file code.lua
INFO - [♥] Applied 1 patch to '=[SMODS Cryptid "items/code.lua"]'
INFO - [G] [CRYPTID] Loading file deck.lua
INFO - [G] [CRYPTID] Loading file enhanced.lua
INFO - [G] [CRYPTID] Loading file epic.lua
INFO - [G] [CRYPTID] Loading file exotic.lua
INFO - [G] [CRYPTID] Loading file joker_display.lua
INFO - [G] [CRYPTID] Loading file m.lua
INFO - [G] [CRYPTID] Loading file misc.lua
INFO - [G] [CRYPTID] Loading file misc_joker.lua
INFO - [G] [CRYPTID] Loading file planet.lua
INFO - [G] [CRYPTID] Loading file pointer.lua
INFO - [G] [CRYPTID] Inserting Pointer Aliases
INFO - [G] [CRYPTID] Loading file sleeve.lua
INFO - [G] [CRYPTID] Loading file spectral.lua
INFO - [G] [CRYPTID] Loading file spooky.lua
INFO - [G] [CRYPTID] Loading file stake.lua
INFO - [♥] Applied 1 patch to '=[SMODS Cryptid "items/stake.lua"]'
INFO - [G] [CRYPTID] Loading file tag.lua
INFO - [G] [CRYPTID] Loading file test.lua
INFO - [G] [CRYPTID] Loading file voucher.lua
INFO - [G] [CRYPTID] Loading Cryptid.lua from sdm0sstuff
INFO - [G] [CRYPTID] Loading Cryptid.lua from Astronomica
INFO - [G] 2025-05-12 17:04:02 :: WARN  :: Atlas :: Object cry_effarcire has the same key as an existing object, not registering.
INFO - [G] 2025-05-12 17:04:02 :: WARN  :: Atlas :: If you want to modify an existing object, use take_ownership()
INFO - [G] 2025-05-12 17:04:02 :: WARN  :: Atlas :: Object sdm_vouchers has the same key as an existing object, not registering.
INFO - [G] 2025-05-12 17:04:02 :: WARN  :: Atlas :: If you want to modify an existing object, use take_ownership()
INFO - [G] 2025-05-12 17:04:02 :: WARN  :: Atlas :: Object sdm_bakery_consumables has the same key as an existing object, not registering.
INFO - [G] 2025-05-12 17:04:02 :: WARN  :: Atlas :: If you want to modify an existing object, use take_ownership()
INFO - [G] 2025-05-12 17:04:02 :: WARN  :: Atlas :: Object sdm_bakery_vouchers has the same key as an existing object, not registering.
INFO - [G] 2025-05-12 17:04:02 :: WARN  :: Atlas :: If you want to modify an existing object, use take_ownership()
INFO - [G] 2025-05-12 17:04:02 :: WARN  :: Draw Step :: Detected duplicate register call on object floating_sprite
INFO - [G] 2025-05-12 17:04:02 :: WARN  :: Draw Step :: Detected duplicate register call on object front
INFO - [G] 2025-05-12 17:04:02 :: INFO  :: Aikoyori's Shenanigans :: Cryptid Detected... vro ;P
INFO - [G] 2025-05-12 17:04:02 :: WARN  :: Atlas :: Detected duplicate register call on object entr_modicon
WARN - [♥] Pattern 'aikoyori was here' on target '=[SMODS entr "items/misc/seals.lua"]' for pattern patch from Balatro-Aikoyoris-Shenanigans\lovely\compat.entr.toml resulted in no matches
INFO - [♥] Applied 0 patches to '=[SMODS entr "items/misc/seals.lua"]'
INFO - [G] 2025-05-12 17:04:02 :: WARN  :: Atlas :: Object entr_ascendant_tags has the same key as an existing object, not registering.
INFO - [G] 2025-05-12 17:04:02 :: WARN  :: Atlas :: If you want to modify an existing object, use take_ownership()
INFO - [G] 2025-05-12 17:04:02 :: WARN  :: Sticker :: Detected duplicate register call on object cry_rigged
INFO - [G] 2025-05-12 17:04:02 :: TRACE :: Loader :: Mod SealsOnEverything was unable to load: 
INFO - [G] 2025-05-12 17:04:02 :: TRACE :: Loader :: Mod SKHDecks was unable to load: 
INFO - [G] 2025-05-12 17:04:02 :: WARN  :: CBlind :: Object c_entr_bl_eye has the same key as an existing object, not registering.
INFO - [G] 2025-05-12 17:04:02 :: WARN  :: CBlind :: If you want to modify an existing object, use take_ownership()
INFO - [G] 2025-05-12 17:04:02 :: WARN  :: CBlind :: Object c_entr_bl_wheel has the same key as an existing object, not registering.
INFO - [G] 2025-05-12 17:04:02 :: WARN  :: CBlind :: If you want to modify an existing object, use take_ownership()
INFO - [G] 2025-05-12 17:04:02 :: INFO  :: TIMER :: [0000] Injected Language in 0.001 ms
INFO - [G] 2025-05-12 17:04:02 :: INFO  :: TIMER :: [0000] Injected [INTERNAL] in 1.544 ms
INFO - [G] 2025-05-12 17:04:05 :: INFO  :: TIMER :: [0158] Injected Atlas in 3207.078 ms
INFO - [G] 2025-05-12 17:04:05 :: INFO  :: TIMER :: [0126] Injected Sound in 68.800 ms
INFO - [G] 2025-05-12 17:04:05 :: INFO  :: TIMER :: [0034] Injected Stake in 0.848 ms
INFO - [G] 2025-05-12 17:04:05 :: INFO  :: TIMER :: [0013] Injected Rarity in 0.068 ms
INFO - [G] 2025-05-12 17:04:06 :: INFO  :: TIMER :: [0023] Injected ObjectType in 0.592 ms
INFO - [G] 2025-05-12 17:04:06 :: INFO  :: TIMER :: [1189] Injected Center in 11.030 ms
INFO - [G] 2025-05-12 17:04:06 :: INFO  :: TIMER :: [0011] Injected Undiscovered Sprite in 0.036 ms
INFO - [G] 2025-05-12 17:04:06 :: INFO  :: TIMER :: [0086] Injected Blind in 0.307 ms
INFO - [G] 2025-05-12 17:04:06 :: INFO  :: TIMER :: [0014] Injected Seal in 0.345 ms
INFO - [G] 2025-05-12 17:04:06 :: INFO  :: TIMER :: [0010] Injected Suit in 0.304 ms
INFO - [G] 2025-05-12 17:04:06 :: INFO  :: TIMER :: [0028] Injected Rank in 0.392 ms
INFO - [G] 2025-05-12 17:04:06 :: INFO  :: TIMER :: [0042] Injected DeckSkin in 0.513 ms
INFO - [G] 2025-05-12 17:04:06 :: INFO  :: TIMER :: [0053] Injected PokerHand in 0.408 ms
INFO - [G] 2025-05-12 17:04:06 :: INFO  :: TIMER :: [0038] Injected Challenge in 0.092 ms
INFO - [G] 2025-05-12 17:04:06 :: INFO  :: TIMER :: [0089] Injected Tag in 0.281 ms
INFO - [G] 2025-05-12 17:04:06 :: INFO  :: TIMER :: [0018] Injected Sticker in 0.339 ms
INFO - [G] 2025-05-12 17:04:06 :: INFO  :: TIMER :: [0021] Injected Shader in 298.352 ms
INFO - [G] 2025-05-12 17:04:06 :: INFO  :: TIMER :: [0004] Injected Keybind in 0.022 ms
INFO - [G] 2025-05-12 17:04:06 :: INFO  :: TIMER :: [0029] Injected Achievement in 0.234 ms
INFO - [G] 2025-05-12 17:04:06 :: INFO  :: TIMER :: [0011] Injected nil in 0.042 ms
INFO - [G] 2025-05-12 17:04:06 :: INFO  :: TIMER :: [0029] Injected Draw Step in 0.139 ms
INFO - [G] 2025-05-12 17:04:06 :: INFO  :: TIMER :: [0000] Injected [INTERNAL] in 28.954 ms
INFO - [G] 2025-05-12 17:04:06 :: INFO  :: TIMER :: [0010] Injected Other in 0.033 ms
INFO - [G] 2025-05-12 17:04:06 :: INFO  :: TIMER :: [0002] Injected nil in 8.442 ms
INFO - [G] ERROR LOADING GAME: Card area 'ygg_sp_area' not instantiated before load
INFO - [G] 1	1	1
INFO - [♥] Applied 1 patch to '=[SMODS _ "smods-https-thread.lua"]'
INFO - [G] 2025-05-12 17:04:11 :: DEBUG :: SMODS.https(1) :: Using https module backend
INFO - [G] ERROR LOADING GAME: Card area 'ygg_sp_area' not instantiated before load
INFO - [G] 1	1	1
INFO - [G] line not found
INFO - [G] file not found: main.lua: No such file or directory
INFO - [G] file not found: main.lua: No such file or directory
INFO - [G] file not found: main.lua: No such file or directory
INFO - [G] file not found: main.lua: No such file or directory
INFO - [G] 2025-05-12 17:05:07 :: ERROR :: StackTrace :: Oops! The game crashed
main.lua:6375: main.lua:6730: attempt to index global 'hand_chips' (a number value)
Stack Traceback
===============
(1) Lua local 'handler' at file 'main.lua:612'
	Local variables:
	 msg = string: "main.lua:6375: main.lua:6730: attempt to index global 'hand_chips' (a number value)"
	 (*temporary) = Lua function '?' (defined at line 31 of chunk [SMODS _ "src/logging.lua"])
	 (*temporary) = string: "Oops! The game crashed\
"
(2) LÖVE function at file 'boot.lua:352' (best guess)
	Local variables:
	 errhand = Lua function '?' (defined at line 598 of chunk main.lua)
	 handler = Lua function '?' (defined at line 598 of chunk main.lua)
(3) global C function 'error'
(4) Lua upvalue 'gfep' at file 'main.lua:6375'
	Local variables:
	 success = boolean: false
	 err = string: "main.lua:6730: attempt to index global 'hand_chips' (a number value)"
(5) Lua upvalue 'gfep' at file 'main.lua:6517'
	Local variables:
	 e = table: 0x3f38da40  {pixellated_rect:table: 0x44df0f28, click_offset:table: 0x44f6a310, children:table: 0x3f38da68, parent:table: 0x3f38d8a0, T:table: 0x44f6a220 (more...)}
(6) Lua upvalue 'eval_hook' at file 'lib/overrides.lua:132' (from mod with id Cryptid)
	Local variables:
	 e = table: 0x3f38da40  {pixellated_rect:table: 0x44df0f28, click_offset:table: 0x44f6a310, children:table: 0x3f38da68, parent:table: 0x3f38d8a0, T:table: 0x44f6a220 (more...)}
(7) Lua field 'evaluate_play' at file './modules/hooks/general.lua:652' (from mod with id aikoyorisshenanigans)
	Local variables:
	 e = table: 0x3f38da40  {pixellated_rect:table: 0x44df0f28, click_offset:table: 0x44f6a310, children:table: 0x3f38da68, parent:table: 0x3f38d8a0, T:table: 0x44f6a220 (more...)}
	 word_split = nil
(8) Lua field 'func' at file 'functions/state_events.lua:633'
(9) Lua method 'handle' at file 'engine/event.lua:101'
	Local variables:
	 self = table: 0x40dbbeb8  {start_timer:true, timer:TOTAL, blockable:true, trigger:immediate, func:function: 0x3c1b4168, delay:0, complete:false, time:246.53071976473, blocking:true (more...)}
	 _results = table: 0x3cad5418  {blocking:true, pause_skip:false, time_done:false, completed:false}
(10) Lua upvalue 'gameUpdate' at file 'engine/event.lua:186'
	Local variables:
	 self = table: 0x3a875970  {queue_last_processed:60.583333333331, queues:table: 0x3a875998, queue_dt:0.016666666666667, queue_timer:60.714077568714}
	 dt = number: 0.0452588
	 forced = nil
	 (for generator) = C function: next
	 (for state) = table: 0x3a875998  {unlock:table: 0x3a875a88, galdur:table: 0x3a244478, other:table: 0x3a875b28, tutorial:table: 0x3a875ad8, akyrs_desc:table: 0x3a875b50, base:table: 0x3a875ab0 (more...)}
	 (for control) = number: nan
	 k = string: "base"
	 v = table: 0x3a875ab0  {1:table: 0x3ea8fe30, 2:table: 0x3f584788, 3:table: 0x40dbbeb8, 4:table: 0x40dbbf08, 5:table: 0x40dbbf58, 6:table: 0x3c48bd18, 7:table: 0x3c461338 (more...)}
	 blocked = boolean: false
	 i = number: 3
	 results = table: 0x3cad5418  {blocking:true, pause_skip:false, time_done:false, completed:false}
(11) Lua method 'update' at file './modules/hooks/general.lua:76' (from mod with id aikoyorisshenanigans)
	Local variables:
	 self = table: 0x3a875970  {queue_last_processed:60.583333333331, queues:table: 0x3a875998, queue_dt:0.016666666666667, queue_timer:60.714077568714}
	 dt = number: 0.0452588
	 forced = nil
(12) Lua upvalue 'gameUpdateRef' at file 'game.lua:2766'
	Local variables:
	 self = table: 0x3a124fc0  {F_GUIDE:false, F_CRASH_REPORTS:false, ygg_sp_area:table: 0x423d87a8, F_QUIT_BUTTON:true, HUD_tags:table: 0x42651230, F_ENGLISH_ONLY:false, HUD:table: 0x3f603308 (more...)}
	 dt = number: 0.0452588
	 http_resp = nil
(13) Lua upvalue 'upd' at Steamodded file 'src/ui.lua:84' 
	Local variables:
	 self = table: 0x3a124fc0  {F_GUIDE:false, F_CRASH_REPORTS:false, ygg_sp_area:table: 0x423d87a8, F_QUIT_BUTTON:true, HUD_tags:table: 0x42651230, F_ENGLISH_ONLY:false, HUD:table: 0x3f603308 (more...)}
	 dt = number: 0.0452588
(14) Lua upvalue 'hookTo' at file 'main.lua:6353'
	Local variables:
	 self = table: 0x3a124fc0  {F_GUIDE:false, F_CRASH_REPORTS:false, ygg_sp_area:table: 0x423d87a8, F_QUIT_BUTTON:true, HUD_tags:table: 0x42651230, F_ENGLISH_ONLY:false, HUD:table: 0x3f603308 (more...)}
	 dt = number: 0.0452588
(15) Lua upvalue 'gu' at file 'code/level.lua:86' (from mod with id YGGDRASIL)
	Local variables:
	 self = table: 0x3a124fc0  {F_GUIDE:false, F_CRASH_REPORTS:false, ygg_sp_area:table: 0x423d87a8, F_QUIT_BUTTON:true, HUD_tags:table: 0x42651230, F_ENGLISH_ONLY:false, HUD:table: 0x3f603308 (more...)}
	 dt = number: 0.0452588
(16) Lua upvalue 'upd' at file 'lib/gameset.lua:27' (from mod with id Cryptid)
	Local variables:
	 self = table: 0x3a124fc0  {F_GUIDE:false, F_CRASH_REPORTS:false, ygg_sp_area:table: 0x423d87a8, F_QUIT_BUTTON:true, HUD_tags:table: 0x42651230, F_ENGLISH_ONLY:false, HUD:table: 0x3f603308 (more...)}
	 dt = number: 0.0452588
(17) Lua upvalue 'update_ref' at file 'lib/overrides.lua:299' (from mod with id Cryptid)
	Local variables:
	 self = table: 0x3a124fc0  {F_GUIDE:false, F_CRASH_REPORTS:false, ygg_sp_area:table: 0x423d87a8, F_QUIT_BUTTON:true, HUD_tags:table: 0x42651230, F_ENGLISH_ONLY:false, HUD:table: 0x3f603308 (more...)}
	 dt = number: 0.0452588
(18) Lua upvalue 'update_ref' at file 'lib/hooks.lua:1082' (from mod with id entr)
	Local variables:
	 self = table: 0x3a124fc0  {F_GUIDE:false, F_CRASH_REPORTS:false, ygg_sp_area:table: 0x423d87a8, F_QUIT_BUTTON:true, HUD_tags:table: 0x42651230, F_ENGLISH_ONLY:false, HUD:table: 0x3f603308 (more...)}
	 dt = number: 0.0452588
(19) Lua upvalue 'upd' at file 'lib/hooks.lua:1730' (from mod with id entr)
	Local variables:
	 self = table: 0x3a124fc0  {F_GUIDE:false, F_CRASH_REPORTS:false, ygg_sp_area:table: 0x423d87a8, F_QUIT_BUTTON:true, HUD_tags:table: 0x42651230, F_ENGLISH_ONLY:false, HUD:table: 0x3f603308 (more...)}
	 dt = number: 0.0452588
(20) Lua method 'update' at file 'lib/hooks.lua:1918' (from mod with id entr)
	Local variables:
	 self = table: 0x3a124fc0  {F_GUIDE:false, F_CRASH_REPORTS:false, ygg_sp_area:table: 0x423d87a8, F_QUIT_BUTTON:true, HUD_tags:table: 0x42651230, F_ENGLISH_ONLY:false, HUD:table: 0x3f603308 (more...)}
	 dt = number: 0.0452588
(21) Lua upvalue 'love_update_ref' at file 'main.lua:1114'
	Local variables:
	 dt = number: 0.0452588
(22) Lua upvalue 'oldupd' at file 'main.lua:4337'
	Local variables:
	 dt = number: 0.0452588
(23) Lua field 'update' at file 'main.lua:6386'
	Local variables:
	 dt = number: 0.0452588
(24) Lua function '?' at file 'main.lua:938' (best guess)
(25) global C function 'xpcall'
(26) LÖVE function at file 'boot.lua:377' (best guess)
	Local variables:
	 func = Lua function '?' (defined at line 909 of chunk main.lua)
	 inerror = boolean: true
	 deferErrhand = Lua function '(LÖVE Function)' (defined at line 348 of chunk [love "boot.lua"])
	 earlyinit = Lua function '(LÖVE Function)' (defined at line 355 of chunk [love "boot.lua"])

INFO - [G] file not found: main.lua: No such file or directory
INFO - [G] file not found: main.lua: No such file or directory
INFO - [G] 2025-05-12 17:05:07 :: INFO  :: StackTrace :: Additional Context:
Balatro Version: 1.0.1o-FULL
Modded Version: 1.0.0~BETA-0507a-STEAMODDED
LÖVE Version: 11.5.0
Lovely Version: 0.7.1
Platform: Windows
Steamodded Mods:
    1: Entropy by Ruby [ID: entr, Priority: 666, Version: 1.0.0~alpha, Uses Lovely]
    2: SDM_0's Stuff by SDM_0 [ID: sdm0sstuff, Version: 1.7.0e, Uses Lovely]
    3: Card Sleeves by Larswijn [ID: CardSleeves, Priority: -10, Version: 1.7.6, Uses Lovely]
    4: TOGA's Stuff by TheOneGoofAli [ID: TOGAPack, Priority: 2, Version: 1.4.0a, Uses Lovely]
    5: Astronomica by naoriley [ID: Astronomica, Uses Lovely]
    6: Galdur by Eremel_ [ID: galdur, Priority: -10000, Version: 1.2, Uses Lovely]
    7: Aikoyori's Shenanigans by Aikoyori [ID: aikoyorisshenanigans, Priority: 300, Version: 0.2.0-alpha-250510c, Uses Lovely]
    8: Handy by SleepyG11 [ID: Handy, Version: 1.4.2a, Uses Lovely]
    9: Finity by Freh_, missingnumber [ID: finity, Priority: 1.1, Version: 1.0.3, Uses Lovely]
    10: Yggdrasil by BepisFever [ID: YGGDRASIL, Priority: 1, Version: 1.0.0, Uses Lovely]
    11: Too Many Decks by Squidguset, WaffleDevs [ID: SGTMD, Priority: 115, Version: 3.5.0, Uses Lovely]
    12: Garbshit by garb [ID: GARBPACK, Version: 2.0.1, Uses Lovely]
    13: Talisman by MathIsFun_, Mathguy24, jenwalter666, cg-223 [ID: Talisman, Version: 2.2.0b, Uses Lovely]
        Break Infinity: omeganum
    14: Cryptid by MathIsFun_, Cryptid and Balatro Discords [ID: Cryptid, Priority: 114, Version: 0.5.6dev, Uses Lovely]
    15: DebugPlus by WilsontheWolf [ID: DebugPlus, Version: 1.5.0~dev, Uses Lovely]
    16: Banner by SylviBlossom [ID: banner, Version: 1.1.1, Uses Lovely]
Lovely Mods:
