INFO - [♥] Lovely 0.7.1
INFO - [♥] Game directory is at "C:\\Program Files (x86)\\Steam\\steamapps\\common\\Balatro"
INFO - [♥] Writing logs to "C:\\Users\\erikk\\AppData\\Roaming\\Balatro\\Mods\\lovely\\log"
INFO - [♥] Using mod directory at "C:\\Users\\erikk\\AppData\\Roaming\\Balatro\\Mods"
INFO - [♥] Cleaning up dumps directory at "C:\\Users\\erikk\\AppData\\Roaming\\Balatro\\Mods\\lovely\\dump"
INFO - [♥] Initialization complete in 57ms
WARN - [♥] Pattern 'G.ARGS.score_intensity.organ = G.video_organ or G.ARGS.score_intensity.required_score > 0 and math.max(math.min(0.4, 0.1*math.log(G.ARGS.score_intensity.earned_score/(G.ARGS.score_intensity.required_score+1), 5)),0.) or 0' on target 'main.lua' for pattern patch from Talisman\lovely.toml resulted in no matches
WARN - [♥] Pattern 'if type(G.GAME.current_round.current_hand.chips) ~= \'number\' or type(G.GAME.current_round.current_hand.mult) ~= \'number\' then' on target 'main.lua' for pattern patch from Talisman\lovely.toml resulted in no matches
INFO - [♥] Applied 14 patches to 'main.lua'
INFO - [♥] Applied 2 patches to 'engine/string_packer.lua'
INFO - [♥] Applied 7 patches to 'engine/controller.lua'
INFO - [♥] Applied 13 patches to 'back.lua'
INFO - [♥] Applied 6 patches to 'tag.lua'
INFO - [♥] Applied 1 patch to 'engine/node.lua'
INFO - [♥] Applied 2 patches to 'engine/moveable.lua'
INFO - [♥] Applied 4 patches to 'engine/sprite.lua'
INFO - [♥] Applied 2 patches to 'engine/animatedsprite.lua'
WARN - [♥] Pattern 'assembled_string = assembled_string..(type(subpart) == \'string\' and subpart or args.vars[tonumber(subpart[1])])' on target 'functions/misc_functions.lua' for pattern patch from my_balatro_mods-main\lovely\lovely.toml resulted in no matches
WARN - [♥] Pattern 'assembled_string = assembled_string..(type(subpart) == \'string\' and subpart or args.vars[tonumber(subpart[1])] or \'ERROR\')' on target 'functions/misc_functions.lua' for pattern patch from Talisman\lovely.toml resulted in no matches
INFO - [♥] Applied 47 patches to 'functions/misc_functions.lua'
WARN - [♥] Pattern 'G.SPLASH_BACK:define_draw_steps({{\n    shader = \'splash\',\n    send = {\n        {name = \'time\', ref_table = G.TIMERS, ref_value = \'REAL\'},\n        {name = \'vort_speed\', val = 1},\n        {name = \'colour_1\', ref_table = G.C, ref_value = \'COLOUR1\'},\n        {name = \'colour_2\', ref_table = G.C, ref_value = \'WHITE\'},\n        {name = \'mid_flash\', val = 0},\n        {name = \'vort_offset\', val = (2*90.15315131*os.time())%100000},\n    }}})\n' on target 'game.lua' for pattern patch from Cardsauce\lovely.toml resulted in no matches
INFO - [♥] Applied 43 patches to 'game.lua'
INFO - [♥] Applied 1 patch to 'globals.lua'
INFO - [♥] Applied 6 patches to 'engine/ui.lua'
WARN - [♥] Pattern '{n=G.UIT.T, config={text = G.GAME.hands[handname].chips, scale = 0.45, colour = G.C.UI.TEXT_LIGHT}},' on target 'functions/UI_definitions.lua' for pattern patch from Talisman\lovely.toml resulted in no matches
WARN - [♥] Pattern '{n=G.UIT.T, config={text = G.GAME.hands[handname].mult, scale = 0.45, colour = G.C.UI.TEXT_LIGHT}}' on target 'functions/UI_definitions.lua' for pattern patch from Talisman\lovely.toml resulted in no matches
WARN - [♥] Regex '(?<indent>[\\t ]*)\\{n=G\\.UIT\\.R, config=\\{align = \"cm\", minw = 1\\.5, minh = 0\\.4, r = 0\\.1, padding = 0\\.05, colour = G\\.C\\.WHITE\\}, nodes=\\{\\{n=G\\.UIT\\.R, config=\\{align = \"cm\", padding = 0\\.03\\}, nodes=t\\}\\}\\}' on target 'functions/UI_definitions.lua' for regex patch from D6-Jokers-main\lovely\main.toml resulted in no matches
WARN - [♥] Pattern 'if (v.type == \'Base\' or v.type == \'Enhanced\') and G.GAME.used_vouchers[\"v_illusion\"] and pseudorandom(pseudoseed(\'illusion\')) > 0.8 then nope' on target 'functions/UI_definitions.lua' for pattern patch from my_balatro_mods-main\lovely\ability.toml resulted in no matches
WARN - [♥] Pattern 'table.insert(t, create_toggle({label = localize(\'b_high_contrast_cards\'), ref_table = G.SETTINGS, ref_value = \'colourblind_option\', callback = G.FUNCS.refresh_contrast_mode}))' on target 'functions/UI_definitions.lua' for pattern patch from Cardsauce\lovely.toml resulted in no matches
INFO - [♥] Applied 84 patches to 'functions/UI_definitions.lua'
WARN - [♥] Pattern 'if effects[ii].card then' on target 'functions/state_events.lua' for pattern patch from Talisman\lovely.toml resulted in no matches
WARN - [♥] Pattern 'if effects.jokers.Xmult_mod then mult = mod_mult(mult*effects.jokers.Xmult_mod);extras.mult = true  end' on target 'functions/state_events.lua' for pattern patch from Talisman\lovely.toml resulted in no matches
WARN - [♥] Pattern 'if effect.Xmult_mod then mult = mod_mult(mult*effect.Xmult_mod);extras.mult = true  end' on target 'functions/state_events.lua' for pattern patch from Talisman\lovely.toml resulted in no matches
WARN - [♥] Pattern 'if effects[ii].message then' on target 'functions/state_events.lua' for pattern patch from Talisman\lovely.toml resulted in no matches
WARN - [♥] Pattern '--calculate the card edition effects' on target 'functions/state_events.lua' for pattern patch from Talisman\lovely.toml resulted in no matches
WARN - [♥] Pattern 'if effects[ii].edition.p_dollars_mod then' on target 'functions/state_events.lua' for pattern patch from Talisman\lovely.toml resulted in no matches
WARN - [♥] Pattern 'if edition_effects.jokers.x_mult_mod then' on target 'functions/state_events.lua' for pattern patch from Talisman\lovely.toml resulted in no matches
WARN - [♥] Pattern '                if effects.jokers.level_up then\n                    level_up_hand(card, text)\n                end\n' on target 'functions/state_events.lua' for pattern patch from Cardsauce\lovely.toml resulted in no matches
WARN - [♥] Pattern 'card_eval_status_text(card, \'jokers\', nil, percent, nil, effects.jokers)' on target 'functions/state_events.lua' for pattern patch from Cardsauce\lovely.toml resulted in no matches
WARN - [♥] Pattern 'if next(find_joker(\'Splash\')) then' on target 'functions/state_events.lua' for pattern patch from Cardsauce\lovely.toml resulted in no matches
INFO - [♥] Applied 59 patches to 'functions/state_events.lua'
WARN - [♥] Pattern 'func = (function() if eval_func(card) then if not first or first then card:juice_up(0.1, 0.1) end;juice_card_until(card, eval_func, nil, 0.8) end return true end)' on target 'functions/common_events.lua' for pattern patch from Talisman\lovely.toml resulted in no matches
WARN - [♥] Pattern 'G.E_MANAGER:add_event(Event({ --Add bonus chips from this card\n                    trigger = \'before\',\n                    delay = delay,\n                    func = function()\n                    if extrafunc then extrafunc() end\n                    attention_text({\n                        text = text,\n                        scale = config.scale or 1,\n                        hold = delay - 0.2,\n                        backdrop_colour = colour,\n                        align = card_aligned,\n                        major = card,\n                        offset = {x = 0, y = y_off}\n                    })\n                    play_sound(sound, 0.8+percent*0.2, volume)\n                    if not extra or not extra.no_juice then\n                        card:juice_up(0.6, 0.1)\n                        G.ROOM.jiggle = G.ROOM.jiggle + 0.7\n                    end\n' on target 'functions/common_events.lua' for pattern patch from Cardsauce\lovely.toml resulted in no matches
INFO - [♥] Applied 132 patches to 'functions/common_events.lua'
WARN - [♥] Pattern 'if G.STATE == G.STATES.TAROT_PACK or G.STATE == G.STATES.PLANET_PACK or G.STATE == G.STATES.SPECTRAL_PACK*' on target 'functions/button_callbacks.lua' for pattern patch from my_balatro_mods-main\lovely\ability.toml resulted in no matches
WARN - [♥] Pattern 'if G.STATE == G.STATES.TAROT_PACK or G.STATE == G.STATES.PLANET_PACK or G.STATE == G.STATES.SPECTRAL_PACK*' on target 'functions/button_callbacks.lua' for pattern patch from my_balatro_mods-main\lovely\spell.toml resulted in no matches
WARN - [♥] Pattern 'if G.ARGS.score_intensity.earned_score >= G.ARGS.score_intensity.required_score and G.ARGS.score_intensity.required_score > 0 then' on target 'functions/button_callbacks.lua' for pattern patch from Cardsauce\lovely.toml resulted in no matches
INFO - [♥] Applied 61 patches to 'functions/button_callbacks.lua'
WARN - [♥] Pattern 'if not self.no_shadow and G.SETTINGS.GRAPHICS.shadows == \'On\' and((layer == \'shadow\' or layer == \'both\') and (self.ability.effect ~= \'Glass Card\' and not self.greyed) and ((self.area and self.area ~= G.discard and self.area.config.type ~= \'deck\') or not self.area or self.states.drag.is)) then' on target 'card.lua' for pattern patch from my_balatro_mods-main\lovely\shader.toml resulted in no matches
WARN - [♥] Pattern 'if G.GAME.blind then G.E_MANAGER:add_event(Event({ func = function() G.GAME.blind:set_blind(nil, true, nil); return true end })) end' on target 'card.lua' for pattern patch from Talisman\lovely.toml resulted in no matches
WARN - [♥] Pattern 'local currentBack = self.params.viewed_back and G.GAME.viewed_back or G.GAME.selected_back' on target 'card.lua' for pattern patch from Galdur-master\lovely.toml resulted in no matches
WARN - [♥] Pattern 'G.E_MANAGER:add_event(Event({trigger = \'after\',delay = 0.1,func = function() G.hand.highlighted[i]:set_ability(G.P_CENTERS[self.ability.consumeable.mod_conv]);return true end }))' on target 'card.lua' for pattern patch from Cardsauce\lovely.toml resulted in no matches
WARN - [♥] Pattern 'if self.debuff then\n    self.children.center:draw_shader(\'debuff\', nil, self.ARGS.send_to_shader)\n' on target 'card.lua' for pattern patch from Cardsauce\lovely.toml resulted in no matches
WARN - [♥] Pattern 'if G.consumeables.cards[i].ability.consumeable then' on target 'card.lua' for pattern patch from Cardsauce\lovely.toml resulted in no matches
INFO - [♥] Applied 184 patches to 'card.lua'
WARN - [♥] Pattern 'self.children.area_uibox = UIBox' on target 'cardarea.lua' for pattern patch from JoyousSpring-main\lovely\zones.toml resulted in no matches
INFO - [♥] Applied 11 patches to 'cardarea.lua'
INFO - [♥] Applied 32 patches to 'blind.lua'
INFO - [♥] Applied 5 patches to 'engine/text.lua'
INFO - [♥] Applied 2 patches to '=[SMODS _ "src/utils.lua"]'
INFO - [♥] Applied 2 patches to '=[SMODS _ "src/game_object.lua"]'
INFO - [G] Failed to connect to the debug server
INFO - [G] 2025-02-22 12:03:43 :: DEBUG :: DebugConsole :: Steamodded Debug Socket started !
INFO - [♥] Applied 9 patches to 'engine/sound_manager.lua'
INFO - [♥] Applied 2 patches to 'engine/string_packer.lua'
INFO - [G] 2025-02-22 12:03:45 :: TRACE :: Loader :: Processing Mod file (Legacy header): BadAppleJoker.lua
INFO - [G] 2025-02-22 12:03:45 :: TRACE :: Loader :: Saving Mod Info: BadApple
INFO - [G] 2025-02-22 12:03:45 :: INFO  :: DefaultLogger :: Valid JSON file found
INFO - [G] 2025-02-22 12:03:45 :: INFO  :: DefaultLogger :: Valid JSON file found
INFO - [G] 2025-02-22 12:03:45 :: TRACE :: Loader :: Processing Mod file (Legacy header): main.lua
INFO - [G] 2025-02-22 12:03:45 :: TRACE :: Loader :: Saving Mod Info: Cardsauce
INFO - [G] 2025-02-22 12:03:45 :: TRACE :: Loader :: Processing Mod file (Legacy header): CodexArcanum.lua
INFO - [G] 2025-02-22 12:03:45 :: TRACE :: Loader :: Saving Mod Info: CodexArcanum
INFO - [G] 2025-02-22 12:03:45 :: INFO  :: DefaultLogger :: Valid JSON file found
INFO - [G] 2025-02-22 12:03:45 :: INFO  :: DefaultLogger :: Valid JSON file found
INFO - [G] 2025-02-22 12:03:45 :: INFO  :: DefaultLogger :: Valid JSON file found
INFO - [G] 2025-02-22 12:03:45 :: INFO  :: DefaultLogger :: Valid JSON file found
INFO - [G] 2025-02-22 12:03:45 :: INFO  :: DefaultLogger :: Valid JSON file found
INFO - [G] 2025-02-22 12:03:45 :: ERROR :: Loader :: Found invalid metadata JSON file at C:\Users\erikk\AppData\Roaming\Balatro\Mods/SnoresvilleTurbulentJokers/SnoresvilleTurbulentJokers.json, ignoring: [SMODS _ "src/loader.lua"]:105: attempt to call method 'gmatch' (a nil value)
INFO - [G] 2025-02-22 12:03:45 :: TRACE :: Loader :: Processing Mod file (Legacy header): steamodded_metadata.lua
INFO - [G] 2025-02-22 12:03:45 :: TRACE :: Loader :: Saving Mod Info: Talisman
INFO - [G] 2025-02-22 12:03:45 :: INFO  :: DefaultLogger :: Valid JSON file found
INFO - [G] 2025-02-22 12:03:45 :: INFO  :: DefaultLogger :: Valid JSON file found
INFO - [G] 2025-02-22 12:03:45 :: TRACE :: Loader :: Processing Mod file (Legacy header): 5_legendary_challenges.lua
INFO - [G] 2025-02-22 12:03:45 :: TRACE :: Loader :: Saving Mod Info: legendaryChallenges
INFO - [G] 2025-02-22 12:03:45 :: TRACE :: Loader :: Processing Mod file (Legacy header): Betmma_Abilities.lua
INFO - [G] 2025-02-22 12:03:45 :: TRACE :: Loader :: Saving Mod Info: BetmmaAbilities
INFO - [G] 2025-02-22 12:03:45 :: TRACE :: Loader :: Processing Mod file (Legacy header): Betmma_Jokers.lua
INFO - [G] 2025-02-22 12:03:45 :: TRACE :: Loader :: Saving Mod Info: BetmmaJokers
INFO - [G] 2025-02-22 12:03:45 :: TRACE :: Loader :: Processing Mod file (Legacy header): Betmma_Spells.lua
INFO - [G] 2025-02-22 12:03:45 :: TRACE :: Loader :: Saving Mod Info: BetmmaSpells
INFO - [G] 2025-02-22 12:03:45 :: TRACE :: Loader :: Processing Mod file (Legacy header): Betmma_Voucher_Pack.lua
INFO - [G] 2025-02-22 12:03:45 :: TRACE :: Loader :: Saving Mod Info: BetmmaVoucherPack
INFO - [G] 2025-02-22 12:03:45 :: TRACE :: Loader :: Processing Mod file (Legacy header): Betmma_Vouchers.lua
INFO - [G] 2025-02-22 12:03:45 :: TRACE :: Loader :: Saving Mod Info: BetmmaVouchers
INFO - [G] 2025-02-22 12:03:45 :: TRACE :: Loader :: Processing Mod file (Legacy header): better_vouchers_this_run_ui.lua
INFO - [G] 2025-02-22 12:03:45 :: TRACE :: Loader :: Saving Mod Info: BetterVouchersThisRunUI
INFO - [G] 2025-02-22 12:03:45 :: DEBUG :: DefaultLogger :: The Alchemical named Ignis with the slug c_alchemy_ignis have been registered at the id 2.
INFO - [G] 2025-02-22 12:03:45 :: DEBUG :: DefaultLogger :: The Alchemical named Aqua with the slug c_alchemy_aqua have been registered at the id 3.
INFO - [G] 2025-02-22 12:03:45 :: DEBUG :: DefaultLogger :: The Alchemical named Terra with the slug c_alchemy_terra have been registered at the id 4.
INFO - [G] 2025-02-22 12:03:45 :: DEBUG :: DefaultLogger :: The Alchemical named Aero with the slug c_alchemy_aero have been registered at the id 5.
INFO - [G] 2025-02-22 12:03:45 :: DEBUG :: DefaultLogger :: The Alchemical named Quicksilver with the slug c_alchemy_quicksilver have been registered at the id 6.
INFO - [G] 2025-02-22 12:03:45 :: DEBUG :: DefaultLogger :: The Alchemical named Salt with the slug c_alchemy_salt have been registered at the id 7.
INFO - [G] 2025-02-22 12:03:45 :: DEBUG :: DefaultLogger :: The Alchemical named Sulfur with the slug c_alchemy_sulfur have been registered at the id 8.
INFO - [G] 2025-02-22 12:03:45 :: DEBUG :: DefaultLogger :: The Alchemical named Phosphorus with the slug c_alchemy_phosphorus have been registered at the id 9.
INFO - [G] 2025-02-22 12:03:45 :: DEBUG :: DefaultLogger :: The Alchemical named Bismuth with the slug c_alchemy_bismuth have been registered at the id 10.
INFO - [G] 2025-02-22 12:03:45 :: DEBUG :: DefaultLogger :: The Alchemical named Cobalt with the slug c_alchemy_cobalt have been registered at the id 11.
INFO - [G] 2025-02-22 12:03:45 :: DEBUG :: DefaultLogger :: The Alchemical named Arsenic with the slug c_alchemy_arsenic have been registered at the id 12.
INFO - [G] 2025-02-22 12:03:45 :: DEBUG :: DefaultLogger :: The Alchemical named Antimony with the slug c_alchemy_antimony have been registered at the id 13.
INFO - [G] 2025-02-22 12:03:45 :: DEBUG :: DefaultLogger :: The Alchemical named Soap with the slug c_alchemy_soap have been registered at the id 14.
INFO - [G] 2025-02-22 12:03:45 :: DEBUG :: DefaultLogger :: The Alchemical named Manganese with the slug c_alchemy_manganese have been registered at the id 15.
INFO - [G] 2025-02-22 12:03:45 :: DEBUG :: DefaultLogger :: The Alchemical named Wax with the slug c_alchemy_wax have been registered at the id 16.
INFO - [G] 2025-02-22 12:03:45 :: DEBUG :: DefaultLogger :: The Alchemical named Borax with the slug c_alchemy_borax have been registered at the id 17.
INFO - [G] 2025-02-22 12:03:45 :: DEBUG :: DefaultLogger :: The Alchemical named Glass with the slug c_alchemy_glass have been registered at the id 18.
INFO - [G] 2025-02-22 12:03:45 :: DEBUG :: DefaultLogger :: The Alchemical named Magnet with the slug c_alchemy_magnet have been registered at the id 19.
INFO - [G] 2025-02-22 12:03:45 :: DEBUG :: DefaultLogger :: The Alchemical named Gold with the slug c_alchemy_gold have been registered at the id 20.
INFO - [G] 2025-02-22 12:03:45 :: DEBUG :: DefaultLogger :: The Alchemical named Silver with the slug c_alchemy_silver have been registered at the id 21.
INFO - [G] 2025-02-22 12:03:45 :: DEBUG :: DefaultLogger :: The Alchemical named Oil with the slug c_alchemy_oil have been registered at the id 22.
INFO - [G] 2025-02-22 12:03:45 :: DEBUG :: DefaultLogger :: The Alchemical named Acid with the slug c_alchemy_acid have been registered at the id 23.
INFO - [G] 2025-02-22 12:03:45 :: DEBUG :: DefaultLogger :: The Alchemical named Brimstone with the slug c_alchemy_brimstone have been registered at the id 24.
INFO - [G] 2025-02-22 12:03:45 :: DEBUG :: DefaultLogger :: The Alchemical named Uranium with the slug c_alchemy_uranium have been registered at the id 25.
INFO - [G] 2025-02-22 12:03:45 :: DEBUG :: DefaultLogger :: c_alchemy_undiscovered
INFO - [G] 2025-02-22 12:03:45 :: DEBUG :: DefaultLogger :: p_alchemy_normal_1
INFO - [G] 2025-02-22 12:03:45 :: DEBUG :: DefaultLogger :: c_alchemy_locked
INFO - [G] 2025-02-22 12:03:45 :: DEBUG :: DefaultLogger :: p_alchemy_normal_1
INFO - [G] 2025-02-22 12:03:45 :: DEBUG :: DefaultLogger :: alchemical_atlas
INFO - [G] 2025-02-22 12:03:45 :: DEBUG :: DefaultLogger :: p_alchemy_normal_1
INFO - [G] 2025-02-22 12:03:45 :: DEBUG :: DefaultLogger :: ca_booster_atlas
INFO - [G] 2025-02-22 12:03:45 :: DEBUG :: DefaultLogger :: p_alchemy_normal_1
INFO - [G] 2025-02-22 12:03:45 :: DEBUG :: DefaultLogger :: The Booster named Alchemy Pack with the slug p_alchemy_normal_1 have been registered at the id 34.
INFO - [G] 2025-02-22 12:03:45 :: DEBUG :: DefaultLogger :: c_alchemy_undiscovered
INFO - [G] 2025-02-22 12:03:45 :: DEBUG :: DefaultLogger :: p_alchemy_normal_2
INFO - [G] 2025-02-22 12:03:45 :: DEBUG :: DefaultLogger :: c_alchemy_locked
INFO - [G] 2025-02-22 12:03:45 :: DEBUG :: DefaultLogger :: p_alchemy_normal_2
INFO - [G] 2025-02-22 12:03:45 :: DEBUG :: DefaultLogger :: alchemical_atlas
INFO - [G] 2025-02-22 12:03:45 :: DEBUG :: DefaultLogger :: p_alchemy_normal_2
INFO - [G] 2025-02-22 12:03:45 :: DEBUG :: DefaultLogger :: ca_booster_atlas
INFO - [G] 2025-02-22 12:03:45 :: DEBUG :: DefaultLogger :: p_alchemy_normal_2
INFO - [G] 2025-02-22 12:03:45 :: DEBUG :: DefaultLogger :: The Booster named Alchemy Pack with the slug p_alchemy_normal_2 have been registered at the id 35.
INFO - [G] 2025-02-22 12:03:45 :: DEBUG :: DefaultLogger :: c_alchemy_undiscovered
INFO - [G] 2025-02-22 12:03:45 :: DEBUG :: DefaultLogger :: p_alchemy_normal_3
INFO - [G] 2025-02-22 12:03:45 :: DEBUG :: DefaultLogger :: c_alchemy_locked
INFO - [G] 2025-02-22 12:03:45 :: DEBUG :: DefaultLogger :: p_alchemy_normal_3
INFO - [G] 2025-02-22 12:03:45 :: DEBUG :: DefaultLogger :: alchemical_atlas
INFO - [G] 2025-02-22 12:03:45 :: DEBUG :: DefaultLogger :: p_alchemy_normal_3
INFO - [G] 2025-02-22 12:03:45 :: DEBUG :: DefaultLogger :: ca_booster_atlas
INFO - [G] 2025-02-22 12:03:45 :: DEBUG :: DefaultLogger :: p_alchemy_normal_3
INFO - [G] 2025-02-22 12:03:45 :: DEBUG :: DefaultLogger :: The Booster named Alchemy Pack with the slug p_alchemy_normal_3 have been registered at the id 36.
INFO - [G] 2025-02-22 12:03:45 :: DEBUG :: DefaultLogger :: c_alchemy_undiscovered
INFO - [G] 2025-02-22 12:03:45 :: DEBUG :: DefaultLogger :: p_alchemy_normal_4
INFO - [G] 2025-02-22 12:03:45 :: DEBUG :: DefaultLogger :: c_alchemy_locked
INFO - [G] 2025-02-22 12:03:45 :: DEBUG :: DefaultLogger :: p_alchemy_normal_4
INFO - [G] 2025-02-22 12:03:45 :: DEBUG :: DefaultLogger :: alchemical_atlas
INFO - [G] 2025-02-22 12:03:45 :: DEBUG :: DefaultLogger :: p_alchemy_normal_4
INFO - [G] 2025-02-22 12:03:45 :: DEBUG :: DefaultLogger :: ca_booster_atlas
INFO - [G] 2025-02-22 12:03:45 :: DEBUG :: DefaultLogger :: p_alchemy_normal_4
INFO - [G] 2025-02-22 12:03:45 :: DEBUG :: DefaultLogger :: The Booster named Alchemy Pack with the slug p_alchemy_normal_4 have been registered at the id 37.
INFO - [G] 2025-02-22 12:03:45 :: DEBUG :: DefaultLogger :: c_alchemy_undiscovered
INFO - [G] 2025-02-22 12:03:45 :: DEBUG :: DefaultLogger :: p_alchemy_jumbo_1
INFO - [G] 2025-02-22 12:03:45 :: DEBUG :: DefaultLogger :: c_alchemy_locked
INFO - [G] 2025-02-22 12:03:45 :: DEBUG :: DefaultLogger :: p_alchemy_jumbo_1
INFO - [G] 2025-02-22 12:03:45 :: DEBUG :: DefaultLogger :: alchemical_atlas
INFO - [G] 2025-02-22 12:03:45 :: DEBUG :: DefaultLogger :: p_alchemy_jumbo_1
INFO - [G] 2025-02-22 12:03:45 :: DEBUG :: DefaultLogger :: ca_booster_atlas
INFO - [G] 2025-02-22 12:03:45 :: DEBUG :: DefaultLogger :: p_alchemy_jumbo_1
INFO - [G] 2025-02-22 12:03:45 :: DEBUG :: DefaultLogger :: The Booster named Jumbo Alchemy Pack with the slug p_alchemy_jumbo_1 have been registered at the id 38.
INFO - [G] 2025-02-22 12:03:45 :: DEBUG :: DefaultLogger :: c_alchemy_undiscovered
INFO - [G] 2025-02-22 12:03:45 :: DEBUG :: DefaultLogger :: p_alchemy_jumbo_2
INFO - [G] 2025-02-22 12:03:45 :: DEBUG :: DefaultLogger :: c_alchemy_locked
INFO - [G] 2025-02-22 12:03:45 :: DEBUG :: DefaultLogger :: p_alchemy_jumbo_2
INFO - [G] 2025-02-22 12:03:45 :: DEBUG :: DefaultLogger :: alchemical_atlas
INFO - [G] 2025-02-22 12:03:45 :: DEBUG :: DefaultLogger :: p_alchemy_jumbo_2
INFO - [G] 2025-02-22 12:03:45 :: DEBUG :: DefaultLogger :: ca_booster_atlas
INFO - [G] 2025-02-22 12:03:45 :: DEBUG :: DefaultLogger :: p_alchemy_jumbo_2
INFO - [G] 2025-02-22 12:03:45 :: DEBUG :: DefaultLogger :: The Booster named Jumbo Alchemy Pack with the slug p_alchemy_jumbo_2 have been registered at the id 39.
INFO - [G] 2025-02-22 12:03:45 :: DEBUG :: DefaultLogger :: c_alchemy_undiscovered
INFO - [G] 2025-02-22 12:03:45 :: DEBUG :: DefaultLogger :: p_alchemy_mega_1
INFO - [G] 2025-02-22 12:03:45 :: DEBUG :: DefaultLogger :: c_alchemy_locked
INFO - [G] 2025-02-22 12:03:45 :: DEBUG :: DefaultLogger :: p_alchemy_mega_1
INFO - [G] 2025-02-22 12:03:45 :: DEBUG :: DefaultLogger :: alchemical_atlas
INFO - [G] 2025-02-22 12:03:45 :: DEBUG :: DefaultLogger :: p_alchemy_mega_1
INFO - [G] 2025-02-22 12:03:45 :: DEBUG :: DefaultLogger :: ca_booster_atlas
INFO - [G] 2025-02-22 12:03:45 :: DEBUG :: DefaultLogger :: p_alchemy_mega_1
INFO - [G] 2025-02-22 12:03:45 :: DEBUG :: DefaultLogger :: The Booster named Mega Alchemy Pack with the slug p_alchemy_mega_1 have been registered at the id 40.
INFO - [G] betmma config not found
INFO - [G] 2025-02-22 12:03:45 :: DEBUG :: DefaultLogger :: Loaded BadAppleJoker~
INFO - [G] 2025-02-22 12:03:45 :: INFO  :: Bakery :: pairs() and ipairs() patched. Reason: Convenience
INFO - [G] 2025-02-22 12:03:45 :: INFO  :: Bakery :: Blind:modify_hand(), update_hand_text(), and Back:trigger_effect() patched. Reason: Scoring tags
INFO - [G] 2025-02-22 12:03:45 :: INFO  :: Bakery :: Object:__call() and Tag:load() patched. Reason: Rendering Poly Tag
INFO - [G] 2025-02-22 12:03:45 :: INFO  :: Bakery :: Blind:defeat() and G.FUNCS.load_profile() patched. Reason: Unlock conditions
INFO - [G] 2025-02-22 12:03:45 :: INFO  :: Bakery :: ease_dollars() patched. Reason: Credit Deck, Vagabond Challenge
INFO - [G] 2025-02-22 12:03:45 :: INFO  :: Bakery :: Blind:press_play() patched. Reason: Credit Deck + Credit Sleeve
INFO - [G] 2025-02-22 12:03:45 :: INFO  :: Bakery :: Card:draw() patched. Reason: Werewolf rendering
INFO - [G] 2025-02-22 12:03:45 :: INFO  :: Bakery :: G.FUNCS.evaluate_round() patched. Reason: Spinner Animation
INFO - [G] 2025-02-22 12:03:45 :: INFO  :: Bakery :: mod_mult(), mod_chips(), and G.FUNCS.evaluate_play() patched. Reason: Balanced Challenge
INFO - [G] 2025-02-22 12:03:45 :: INFO  :: Bakery :: G.FUNCS.buy_from_shop() patched. Reason: Proxy
INFO - [G] 2025-02-22 12:03:45 :: INFO  :: Bakery :: eval_card() patched. Reason: Penny Tag
INFO - [G] 2025-02-22 12:03:45 :: INFO  :: Bakery :: Card:set_sprites() patched. Reason: Spinner Loading
INFO - [G] 2025-02-22 12:03:45 :: INFO  :: Bakery :: G.UIDEF.use_and_sell_buttons(), Card:load(), Game:start_run(), copy_card() and Card:remove() patched. Reason: Card Sleeve
INFO - [G] 2025-02-22 12:03:45 :: WARN  :: Spell :: The field `raw_key` on dark is deprecated.
Set `prefix_config.key = false` on your object instead.
INFO - [G] 2025-02-22 12:03:45 :: WARN  :: Spell :: The field `raw_key` on light is deprecated.
Set `prefix_config.key = false` on your object instead.
INFO - [G] 2025-02-22 12:03:45 :: WARN  :: Spell :: The field `raw_key` on earth is deprecated.
Set `prefix_config.key = false` on your object instead.
INFO - [G] 2025-02-22 12:03:45 :: WARN  :: Spell :: The field `raw_key` on air is deprecated.
Set `prefix_config.key = false` on your object instead.
INFO - [G] 2025-02-22 12:03:45 :: WARN  :: Spell :: The field `raw_key` on water is deprecated.
Set `prefix_config.key = false` on your object instead.
INFO - [G] 2025-02-22 12:03:45 :: WARN  :: Spell :: The field `raw_key` on fire is deprecated.
Set `prefix_config.key = false` on your object instead.
INFO - [G] 2025-02-22 12:03:45 :: WARN  :: Spell :: The field `raw_key` on shadow is deprecated.
Set `prefix_config.key = false` on your object instead.
INFO - [G] 2025-02-22 12:03:45 :: WARN  :: Spell :: The field `raw_key` on inferno is deprecated.
Set `prefix_config.key = false` on your object instead.
INFO - [G] 2025-02-22 12:03:45 :: WARN  :: Spell :: The field `raw_key` on abyss is deprecated.
Set `prefix_config.key = false` on your object instead.
INFO - [G] 2025-02-22 12:03:45 :: WARN  :: Spell :: The field `raw_key` on cavern is deprecated.
Set `prefix_config.key = false` on your object instead.
INFO - [G] 2025-02-22 12:03:45 :: WARN  :: Spell :: The field `raw_key` on smoke is deprecated.
Set `prefix_config.key = false` on your object instead.
INFO - [G] 2025-02-22 12:03:45 :: WARN  :: Spell :: The field `raw_key` on radiance is deprecated.
Set `prefix_config.key = false` on your object instead.
INFO - [G] 2025-02-22 12:03:45 :: WARN  :: Spell :: The field `raw_key` on reflection is deprecated.
Set `prefix_config.key = false` on your object instead.
INFO - [G] 2025-02-22 12:03:45 :: WARN  :: Spell :: The field `raw_key` on crystal is deprecated.
Set `prefix_config.key = false` on your object instead.
INFO - [G] 2025-02-22 12:03:45 :: WARN  :: Spell :: The field `raw_key` on halo is deprecated.
Set `prefix_config.key = false` on your object instead.
INFO - [G] 2025-02-22 12:03:45 :: WARN  :: Spell :: The field `raw_key` on steam is deprecated.
Set `prefix_config.key = false` on your object instead.
INFO - [G] 2025-02-22 12:03:45 :: WARN  :: Spell :: The field `raw_key` on magma is deprecated.
Set `prefix_config.key = false` on your object instead.
INFO - [G] 2025-02-22 12:03:45 :: WARN  :: Spell :: The field `raw_key` on ember is deprecated.
Set `prefix_config.key = false` on your object instead.
INFO - [G] 2025-02-22 12:03:45 :: WARN  :: Spell :: The field `raw_key` on mud is deprecated.
Set `prefix_config.key = false` on your object instead.
INFO - [G] 2025-02-22 12:03:45 :: WARN  :: Spell :: The field `raw_key` on dust is deprecated.
Set `prefix_config.key = false` on your object instead.
INFO - [G] 2025-02-22 12:03:45 :: WARN  :: Spell :: The field `raw_key` on cloud is deprecated.
Set `prefix_config.key = false` on your object instead.
INFO - [G] 2025-02-22 12:03:45 :: WARN  :: Spell :: The field `raw_key` on ripple is deprecated.
Set `prefix_config.key = false` on your object instead.
INFO - [G] 2025-02-22 12:03:45 :: WARN  :: Spell :: The field `raw_key` on lava is deprecated.
Set `prefix_config.key = false` on your object instead.
INFO - [G] 2025-02-22 12:03:45 :: DEBUG :: DefaultLogger :: [Cardsauce] Loaded hook: card
INFO - [G] 2025-02-22 12:03:45 :: DEBUG :: DefaultLogger :: [Cardsauce] Loaded hook: UI_definitions
INFO - [G] 2025-02-22 12:03:45 :: WARN  :: Atlas :: Object csau_odio has the same key as an existing object, not registering.
INFO - [G] 2025-02-22 12:03:45 :: WARN  :: Atlas :: If you want to modify an existing object, use take_ownership()
INFO - [G] 2025-02-22 12:03:45 :: WARN  :: Atlas :: Detected duplicate register call on object csau_modicon
INFO - [G] 2025-02-22 12:03:45 :: INFO  :: JoyousSpring :: Loading 01Dragonmaid.lua
INFO - [G] 2025-02-22 12:03:45 :: INFO  :: JoyousSpring :: Loading 02LiveTwin.lua
INFO - [G] 2025-02-22 12:03:45 :: INFO  :: JoyousSpring :: Loading 03Dogmatika.lua
INFO - [G] 2025-02-22 12:03:45 :: INFO  :: JoyousSpring :: Loading 04GhostGirls.lua
INFO - [G] 2025-02-22 12:03:45 :: INFO  :: JoyousSpring :: Loading 05Spright.lua
INFO - [G] 2025-02-22 12:03:45 :: INFO  :: JoyousSpring :: Loading 06MekkKnight.lua
INFO - [G] 2025-02-22 12:03:45 :: INFO  :: JoyousSpring :: Loading 07Generaider.lua
INFO - [G] 2025-02-22 12:03:45 :: INFO  :: JoyousSpring :: Loading 08Ghoti.lua
INFO - [G] 2025-02-22 12:03:45 :: INFO  :: JoyousSpring :: Loading 09PSYFrame.lua
INFO - [G] 2025-02-22 12:03:45 :: INFO  :: JoyousSpring :: Loading 10Runick.lua
INFO - [G] 2025-02-22 12:03:45 :: INFO  :: JoyousSpring :: Loading 99Misc.lua
INFO - [G] 2025-02-22 12:03:45 :: INFO  :: JoyousSpring :: Loading Tags.lua
INFO - [G] 2025-02-22 12:03:45 :: INFO  :: TIMER :: [0000] Injected Language in 0.001 ms
INFO - [G] 2025-02-22 12:03:45 :: INFO  :: TIMER :: [0000] Injected [INTERNAL] in 1.936 ms
INFO - [G] 2025-02-22 12:03:51 :: INFO  :: TIMER :: [0306] Injected Atlas in 5430.684 ms
INFO - [G] 2025-02-22 12:03:51 :: INFO  :: TIMER :: [0021] Injected Sound in 12.922 ms
INFO - [G] 2025-02-22 12:03:51 :: INFO  :: TIMER :: [0008] Injected Stake in 0.772 ms
INFO - [G] 2025-02-22 12:03:51 :: INFO  :: TIMER :: [0005] Injected Rarity in 0.087 ms
INFO - [G] 2025-02-22 12:03:51 :: INFO  :: TIMER :: [0011] Injected ObjectType in 0.308 ms
INFO - [G] 2025-02-22 12:03:51 :: INFO  :: TIMER :: [0555] Injected Center in 5.183 ms
INFO - [G] 2025-02-22 12:03:51 :: INFO  :: TIMER :: [0010] Injected Undiscovered Sprite in 0.018 ms
INFO - [G] 2025-02-22 12:03:51 :: INFO  :: TIMER :: [0009] Injected Blind in 0.042 ms
INFO - [G] 2025-02-22 12:03:51 :: INFO  :: TIMER :: [0004] Injected Seal in 0.218 ms
INFO - [G] 2025-02-22 12:03:51 :: INFO  :: TIMER :: [0004] Injected Suit in 0.104 ms
INFO - [G] 2025-02-22 12:03:51 :: INFO  :: TIMER :: [0013] Injected Rank in 0.121 ms
INFO - [G] 2025-02-22 12:03:51 :: INFO  :: TIMER :: [0020] Injected DeckSkin in 0.246 ms
INFO - [G] 2025-02-22 12:03:51 :: INFO  :: TIMER :: [0012] Injected PokerHand in 0.124 ms
INFO - [G] 2025-02-22 12:03:51 :: INFO  :: TIMER :: [0023] Injected Challenge in 0.035 ms
INFO - [G] 2025-02-22 12:03:51 :: INFO  :: TIMER :: [0005] Injected Tag in 0.017 ms
INFO - [G] 2025-02-22 12:03:51 :: INFO  :: TIMER :: [0004] Injected Sticker in 0.086 ms
INFO - [G] 2025-02-22 12:03:51 :: INFO  :: TIMER :: [0008] Injected Shader in 98.678 ms
INFO - [G] 2025-02-22 12:03:51 :: INFO  :: TIMER :: [0001] Injected Keybind in 0.009 ms
INFO - [G] 2025-02-22 12:03:51 :: INFO  :: TIMER :: [0000] Injected Achievement in 0.071 ms
INFO - [G] 2025-02-22 12:03:51 :: INFO  :: TIMER :: [0000] Injected [INTERNAL] in 16.928 ms
INFO - [G] 2025-02-22 12:03:51 :: INFO  :: TIMER :: [0057] Injected D6 Side in 0.234 ms
INFO - [G] LONG DT @ 0: 0.0505503
INFO - [G] LONG DT @ 34: 0.074114841454035
INFO - [G] LONG DT @ 34: 0.064231213163228
INFO - [G] LONG DT @ 34: 0.055786770530582
INFO - [G] LONG DT @ 40: 0.068965097136653
INFO - [G] LONG DT @ 40: 0.059968437709322
INFO - [G] LONG DT @ 40: 0.052980450167458
INFO - [G] LONG DT @ 44: 0.073117318199655
INFO - [G] LONG DT @ 45: 0.064634574559724
INFO - [G] LONG DT @ 45: 0.056925699647779
INFO - [G] LONG DT @ 45: 0.050549839718224
INFO - [G] LONG DT @ 49: 0.065993634723093
INFO - [G] LONG DT @ 50: 0.057780547778474
INFO - [G] LONG DT @ 50: 0.05123171822278
INFO - [G] LONG DT @ 55: 0.067031819323593
INFO - [G] LONG DT @ 55: 0.059701115458873
INFO - [G] LONG DT @ 55: 0.052561792367099
INFO - [G] LONG DT @ 59: 0.07058421302455
INFO - [G] LONG DT @ 60: 0.06158635041964
INFO - [G] LONG DT @ 60: 0.054317480335712
INFO - [G] LONG DT @ 64: 0.067120369867083
INFO - [G] LONG DT @ 64: 0.060170275893665
INFO - [G] LONG DT @ 64: 0.053113520714934
INFO - [G] LONG DT @ 69: 0.068307087980179
INFO - [G] LONG DT @ 69: 0.060154670384144
INFO - [G] LONG DT @ 69: 0.052919056307315
INFO - [G] LONG DT @ 74: 0.065407905218905
INFO - [G] LONG DT @ 74: 0.057223244175123
INFO - [G] LONG DT @ 74: 0.050639915340099
INFO - [G] LONG DT @ 79: 0.067301621915234
INFO - [G] LONG DT @ 79: 0.058834377532187
INFO - [G] LONG DT @ 79: 0.05206670202575
INFO - [G] LONG DT @ 83: 0.066947865564871
INFO - [G] LONG DT @ 84: 0.058726532451898
INFO - [G] LONG DT @ 84: 0.052028905961516
INFO - [G] LONG DT @ 88: 0.065990844518738
INFO - [G] LONG DT @ 88: 0.059913035614989
INFO - [G] LONG DT @ 88: 0.053311448491993
INFO - [G] LONG DT @ 92: 0.063289363827556
INFO - [G] LONG DT @ 92: 0.053856991062044
INFO - [G] LONG DT @ 97: 0.067094960292134
INFO - [G] LONG DT @ 97: 0.059203848233707
INFO - [G] LONG DT @ 97: 0.052337618586966
