INFO - [♥] Lovely 0.7.1
INFO - [♥] Game directory is at "C:\\Program Files (x86)\\Steam\\steamapps\\common\\Balatro"
INFO - [♥] Writing logs to "C:\\Users\\erikk\\AppData\\Roaming\\Balatro\\Mods\\lovely\\log"
INFO - [♥] Using mod directory at "C:\\Users\\erikk\\AppData\\Roaming\\Balatro\\Mods"
INFO - [♥] Found .lovelyignore in 'Quilombo', skipping it.
WARN - [♥] Unknown key `patches.49.?.match_indent` found in patch file at "C:\\Users\\erikk\\AppData\\Roaming\\Balatro\\Mods\\Talisman\\lovely.toml", ignoring it
WARN - [♥] Unknown key `patches.52.?.match_indent` found in patch file at "C:\\Users\\erikk\\AppData\\Roaming\\Balatro\\Mods\\Talisman\\lovely.toml", ignoring it
INFO - [♥] Cleaning up dumps directory at "C:\\Users\\erikk\\AppData\\Roaming\\Balatro\\Mods\\lovely\\dump"
INFO - [♥] Initialization complete in 234ms
WARN - [♥] Pattern 'G.ARGS.score_intensity.organ = G.video_organ or G.ARGS.score_intensity.required_score > 0 and math.max(math.min(0.4, 0.1*math.log(G.ARGS.score_intensity.earned_score/(G.ARGS.score_intensity.required_score+1), 5)),0.) or 0' on target 'main.lua' for pattern patch from Talisman\lovely.toml resulted in no matches
WARN - [♥] Pattern 'if type(G.GAME.current_round.current_hand.chips) ~= \'number\' or type(G.GAME.current_round.current_hand.mult) ~= \'number\' then' on target 'main.lua' for pattern patch from Talisman\lovely.toml resulted in no matches
INFO - [♥] Applied 20 patches to 'main.lua'
INFO - [♥] Applied 2 patches to 'engine/string_packer.lua'
INFO - [♥] Applied 6 patches to 'engine/controller.lua'
INFO - [♥] Applied 22 patches to 'back.lua'
INFO - [♥] Applied 7 patches to 'tag.lua'
INFO - [♥] Applied 2 patches to 'engine/moveable.lua'
INFO - [♥] Applied 2 patches to 'engine/sprite.lua'
INFO - [♥] Applied 2 patches to 'engine/animatedsprite.lua'
WARN - [♥] Pattern 'assembled_string = assembled_string..(type(subpart) == \'string\' and subpart or args.vars[tonumber(subpart[1])] or \'ERROR\')' on target 'functions/misc_functions.lua' for pattern patch from Talisman\lovely.toml resulted in no matches
INFO - [♥] Applied 52 patches to 'functions/misc_functions.lua'
WARN - [♥] Pattern 'if G.GAME.chips - G.GAME.blind.chips >= 0 or G.GAME.current_round.hands_left < 1 then' on target 'game.lua' for pattern patch from Prism-main\lovely.toml resulted in no matches
WARN - [♥] Pattern 'SC = Card(G.ROOM.T.w/2 - SC_scale*G.CARD_W/2, 10. + G.ROOM.T.h/2 - SC_scale*G.CARD_H/2, SC_scale*G.CARD_W, SC_scale*G.CARD_H, G.P_CARDS.empty, G.P_CENTERS[\'j_jolly\'],{bypass_discovery_center = true, bypass_discovery_ui = true})' on target 'game.lua' for pattern patch from Prism-main\lovely.toml resulted in no matches
INFO - [♥] Applied 52 patches to 'game.lua'
INFO - [♥] Applied 2 patches to 'globals.lua'
INFO - [♥] Applied 6 patches to 'engine/ui.lua'
WARN - [♥] Pattern '{n=G.UIT.O, config={object = DynaText({string = {{ref_table = G.GAME.round_resets, ref_value = \'ante_disp\'}}, colours = {G.C.IMPORTANT},shadow = true, font = G.LANGUAGES[\'en-us\'].font, scale = scale_number(G.GAME.round_resets.ante, 2*scale, 100)}),id = \'ante_UI_count\'}},--{n=G.UIT.T, config={text = number_format(G.GAME.round_resets.ante), lang = G.LANGUAGES[\'en-us\'], scale = scale_number(G.GAME.round_resets.ante, 2*scale, 100), colour = G.C.IMPORTANT, shadow = true,id = \'ante_UI_count\'}},' on target 'functions/UI_definitions.lua' for pattern patch from SauKhongHuDecks\lovely.toml resulted in no matches
WARN - [♥] Pattern '{n=G.UIT.T, config={text = G.GAME.hands[handname].chips, scale = 0.45, colour = G.C.UI.TEXT_LIGHT}},' on target 'functions/UI_definitions.lua' for pattern patch from Talisman\lovely.toml resulted in no matches
WARN - [♥] Pattern '{n=G.UIT.T, config={text = G.GAME.hands[handname].mult, scale = 0.45, colour = G.C.UI.TEXT_LIGHT}}' on target 'functions/UI_definitions.lua' for pattern patch from Talisman\lovely.toml resulted in no matches
WARN - [♥] Pattern '{n=G.UIT.O, config={object = DynaText({string = {{ref_table = G.GAME.round_resets, ref_value = \'ante\'}}, colours = {G.C.IMPORTANT},shadow = true, font = G.LANGUAGES[\'en-us\'].font, scale = 2*scale}),id = \'ante_UI_count\'}},' on target 'functions/UI_definitions.lua' for pattern patch from Talisman\lovely.toml resulted in no matches
INFO - [♥] Applied 79 patches to 'functions/UI_definitions.lua'
WARN - [♥] Pattern 'mult, hand_chips, modded = G.GAME.blind:modify_hand(G.play.cards, poker_hands, text, mult, hand_chips)' on target 'functions/state_events.lua' for pattern patch from AzzysJokers-1.2.2\lovely\patcher.toml resulted in no matches
WARN - [♥] Pattern 'card_eval_status_text((reps[j].jokers or reps[j].seals).card, \'jokers\', nil, nil, nil, (reps[j].jokers or reps[j].seals))' on target 'functions/state_events.lua' for pattern patch from AzzysJokers-1.2.2\lovely\patcher.toml resulted in no matches
WARN - [♥] Pattern 'if effects[ii].card then' on target 'functions/state_events.lua' for pattern patch from Talisman\lovely.toml resulted in no matches
WARN - [♥] Pattern 'if effects.jokers.Xmult_mod then mult = mod_mult(mult*effects.jokers.Xmult_mod);extras.mult = true  end' on target 'functions/state_events.lua' for pattern patch from Talisman\lovely.toml resulted in no matches
WARN - [♥] Pattern 'if effect.Xmult_mod then mult = mod_mult(mult*effect.Xmult_mod);extras.mult = true  end' on target 'functions/state_events.lua' for pattern patch from Talisman\lovely.toml resulted in no matches
WARN - [♥] Pattern 'if effects[ii].message then' on target 'functions/state_events.lua' for pattern patch from Talisman\lovely.toml resulted in no matches
WARN - [♥] Pattern '--calculate the card edition effects' on target 'functions/state_events.lua' for pattern patch from Talisman\lovely.toml resulted in no matches
WARN - [♥] Pattern 'if effects[ii].edition.p_dollars_mod then' on target 'functions/state_events.lua' for pattern patch from Talisman\lovely.toml resulted in no matches
WARN - [♥] Pattern 'if edition_effects.jokers.x_mult_mod then' on target 'functions/state_events.lua' for pattern patch from Talisman\lovely.toml resulted in no matches
INFO - [♥] Applied 67 patches to 'functions/state_events.lua'
WARN - [♥] Pattern 'if num_dollars > 60 then' on target 'functions/common_events.lua' for pattern patch from Talisman\lovely.toml resulted in no matches
WARN - [♥] Pattern 'func = (function() if eval_func(card) then if not first or first then card:juice_up(0.1, 0.1) end;juice_card_until(card, eval_func, nil, 0.8) end return true end)' on target 'functions/common_events.lua' for pattern patch from Talisman\lovely.toml resulted in no matches
INFO - [♥] Applied 142 patches to 'functions/common_events.lua'
WARN - [♥] Regex '(?<indent>[\\t ]*)voucher_pool\\[i\\+\\(j-1\\)\\*4 \\+ \\(8\\*\\(args\\.cycle_config\\.current_option - 1\\)\\)\\]\\n[\\s\\S]{6}if not center then break end\\n[\\s\\S]{6}local card = Card\\(G\\.your_collection\\[j\\]\\.T\\.x \\+ G\\.your_collection\\[j\\]\\.T\\.w\\/2, G\\.your_collection\\[j\\]\\.T\\.y, G\\.CARD_W, G\\.CARD_H, G\\.P_CARDS\\.empty, center\\)' on target 'functions/button_callbacks.lua' for regex patch from Flower-Pot-main\lovely\stat_type.toml resulted in no matches
INFO - [♥] Applied 65 patches to 'functions/button_callbacks.lua'
WARN - [♥] Pattern 'if G.GAME.blind and G.GAME.blind.in_blind then G.E_MANAGER:add_event(Event({ func = function() G.GAME.blind:set_blind(nil, true, nil); return true end })) end' on target 'card.lua' for pattern patch from smods-main\lovely\calculate_card_added.toml resulted in 2 matches, wanted 1
WARN - [♥] Ignoring excess matches
WARN - [♥] Pattern 'if G.GAME.blind then G.E_MANAGER:add_event(Event({ func = function() G.GAME.blind:set_blind(nil, true, nil); return true end })) end' on target 'card.lua' for pattern patch from Talisman\lovely.toml resulted in no matches
WARN - [♥] Pattern 'x_mult = center.config.Xmult or 1,' on target 'card.lua' for pattern patch from Talisman\lovely.toml resulted in no matches
INFO - [♥] Applied 169 patches to 'card.lua'
INFO - [♥] Applied 9 patches to 'cardarea.lua'
INFO - [♥] Applied 38 patches to 'blind.lua'
INFO - [♥] Applied 5 patches to 'engine/text.lua'
INFO - [♥] Applied 3 patches to 'challenges.lua'
INFO - [♥] Applied 1 patch to '=[SMODS _ "src/ui.lua"]'
INFO - [♥] Applied 2 patches to '=[SMODS _ "src/utils.lua"]'
INFO - [G] Failed to connect to the debug server
INFO - [G] 2025-04-15 09:32:55 :: DEBUG :: DebugConsole :: Steamodded Debug Socket started !
INFO - [G] 2025-04-15 09:32:55 :: INFO  :: SMODS :: Steamodded v1.0.0~BETA-0324b
INFO - [♥] Applied 9 patches to 'engine/sound_manager.lua'
INFO - [♥] Applied 3 patches to 'engine/save_manager.lua'
INFO - [♥] Applied 2 patches to 'engine/string_packer.lua'
INFO - [G] 2025-04-15 09:32:57 :: TRACE :: Loader :: Processing Mod file (Legacy header): Azazel.lua
INFO - [G] 2025-04-15 09:32:57 :: TRACE :: Loader :: Saving Mod Info: AzzysJokers
INFO - [G] 2025-04-15 09:32:57 :: INFO  :: Loader :: Valid JSON file found
INFO - [G] 2025-04-15 09:32:57 :: INFO  :: Loader :: Valid JSON file found
INFO - [G] 2025-04-15 09:32:57 :: INFO  :: Loader :: Valid JSON file found
INFO - [G] 2025-04-15 09:32:57 :: INFO  :: Loader :: Valid JSON file found
INFO - [G] 2025-04-15 09:32:57 :: TRACE :: Loader :: Processing Mod file (Legacy header): MoreFluff.lua
INFO - [G] 2025-04-15 09:32:57 :: TRACE :: Loader :: Saving Mod Info: MoreFluff
INFO - [G] 2025-04-15 09:32:57 :: INFO  :: Loader :: Valid JSON file found
INFO - [G] 2025-04-15 09:32:57 :: INFO  :: Loader :: Valid JSON file found
INFO - [G] 2025-04-15 09:32:58 :: INFO  :: Loader :: Valid JSON file found
INFO - [G] 2025-04-15 09:32:58 :: INFO  :: Loader :: Valid JSON file found
INFO - [G] 2025-04-15 09:32:58 :: INFO  :: Loader :: Valid JSON file found
INFO - [G] 2025-04-15 09:32:58 :: TRACE :: Loader :: Processing Mod file (Legacy header): main.lua
INFO - [G] 2025-04-15 09:32:58 :: TRACE :: Loader :: Saving Mod Info: sdm0sstuff
INFO - [G] 2025-04-15 09:32:58 :: ERROR :: Loader :: Found invalid metadata JSON file at C:\Users\erikk\AppData\Roaming\Balatro\Mods/SauKhongHuDecks/.vscode/settings.json, ignoring: [SMODS _ "src/loader.lua"]:226: id
INFO - [G] 2025-04-15 09:32:58 :: INFO  :: Loader :: Valid JSON file found
INFO - [G] 2025-04-15 09:32:58 :: INFO  :: Loader :: Valid JSON file found
INFO - [G] 2025-04-15 09:32:58 :: TRACE :: Loader :: Processing Mod file (Legacy header): steamodded_metadata.lua
INFO - [G] 2025-04-15 09:32:58 :: TRACE :: Loader :: Saving Mod Info: Talisman
INFO - [G] 2025-04-15 09:32:58 :: INFO  :: Loader :: Valid JSON file found
INFO - [G] 2025-04-15 09:32:58 :: ERROR :: Loader :: Found invalid metadata JSON file at C:\Users\erikk\AppData\Roaming\Balatro\Mods/TooManyDecks-main/.vscode/settings.json, ignoring: [SMODS _ "src/loader.lua"]:226: id
INFO - [G] 2025-04-15 09:32:58 :: INFO  :: Loader :: Valid JSON file found
INFO - [G] 2025-04-15 09:32:58 :: INFO  :: Loader :: Valid JSON file found
INFO - [G] 2025-04-15 09:32:58 :: INFO  :: Loader :: Valid JSON file found
INFO - [G] basepaul_card
INFO - [G] clownfish
INFO - [G] expansion_pack
INFO - [G] hollow
INFO - [G] jester
INFO - [G] lollipop
INFO - [G] luckycharm
INFO - [G] monochrome
INFO - [G] mspaint
INFO - [G] simplified
INFO - [G] spiral
INFO - [G] treasuremap
INFO - [G] philosophical
INFO - [G] badlegaldefence
INFO - [G] clipart
INFO - [G] dropkick
INFO - [G] bladedance
INFO - [G] hyperbeam
INFO - [G] blasphemy
INFO - [G] dramaticentrance
INFO - [G] coupon_catalogue
INFO - [G] css
INFO - [G] globe
INFO - [G] goldencarrot
INFO - [G] hallofmirrors
INFO - [G] impostor
INFO - [G] tonersoup
INFO - [G] loadeddisk
INFO - [G] stylemeter
INFO - [G] teacup
INFO - [G] recycling
INFO - [G] virtual
INFO - [G] bloodpact
INFO - [G] bowlingball
INFO - [G] cba
INFO - [G] fleshprison
INFO - [G] hugejoker
INFO - [G] jankman
INFO - [G] mashupalbum
INFO - [G] pixeljoker
INFO - [G] rainbowjoker
INFO - [G] rosetinted
INFO - [G] the_solo
INFO - [G] triangle
INFO - [G] colorem
INFO - [G] flintandsteel
INFO - [G] junkmail
INFO - [G] gemstonejoker
INFO - [G] stonejokerjoker
INFO - [G] tealjoker
INFO - [G] yuckyrat
INFO - [G] allicantdo
INFO - [G] brass
INFO - [G] hyperjimbo
INFO - [G] top10
INFO - [G] marigold
INFO - [G] 2025-04-15 09:32:58 :: INFO  :: SKHDecks :: The library file assets.lua has been loaded!
INFO - [G] 2025-04-15 09:32:58 :: INFO  :: SKHDecks :: The library file functions.lua has been loaded!
INFO - [G] 2025-04-15 09:32:58 :: INFO  :: SKHDecks :: The item file divine_entity.lua has been loaded!
INFO - [G] 2025-04-15 09:32:58 :: INFO  :: SKHDecks :: The item file forgotten_sin.lua has been loaded!
INFO - [G] 2025-04-15 09:32:58 :: INFO  :: SKHDecks :: The item file heavenly_virtue.lua has been loaded!
INFO - [G] 2025-04-15 09:32:58 :: INFO  :: SKHDecks :: The item file deadly_sin.lua has been loaded!
INFO - [G] 2025-04-15 09:32:58 :: INFO  :: SKHDecks :: The item file forgotten_virtue.lua has been loaded!
INFO - [G] 2025-04-15 09:32:58 :: INFO  :: TOGAPack :: Hello World! Starting TOGAPack...
INFO - [G] 2025-04-15 09:32:58 :: TRACE :: Loader :: Mod quilombo was unable to load: 
INFO - [G] 2025-04-15 09:32:58 :: INFO  :: Mistigris :: Successfully loaded src/startup/game_hooks.lua!
INFO - [G] 2025-04-15 09:32:58 :: INFO  :: Mistigris :: Successfully loaded src/startup/smods_assets.lua!
INFO - [G] 2025-04-15 09:32:58 :: INFO  :: Mistigris :: Successfully loaded src/startup/smods_hooks.lua!
INFO - [G] 2025-04-15 09:32:58 :: INFO  :: Mistigris :: Successfully loaded src/startup/smods_ownership.lua!
INFO - [G] 2025-04-15 09:32:59 :: INFO  :: Mistigris :: Successfully loaded src/content/sleeve/tribute.lua!
INFO - [G] 2025-04-15 09:32:59 :: WARN  :: Atlas :: Detected duplicate register call on object draft_modicon
INFO - [G] 2025-04-15 09:32:59 :: INFO  :: TIMER :: [0000] Injected Language in 0.001 ms
INFO - [G] 2025-04-15 09:32:59 :: INFO  :: TIMER :: [0000] Injected [INTERNAL] in 1.616 ms
INFO - [G] 2025-04-15 09:33:01 :: INFO  :: TIMER :: [0081] Injected Atlas in 2264.531 ms
INFO - [G] 2025-04-15 09:33:01 :: INFO  :: TIMER :: [0076] Injected Sound in 607.971 ms
INFO - [G] 2025-04-15 09:33:01 :: INFO  :: TIMER :: [0009] Injected Stake in 0.345 ms
INFO - [G] 2025-04-15 09:33:01 :: INFO  :: TIMER :: [0004] Injected Rarity in 0.020 ms
INFO - [G] 2025-04-15 09:33:01 :: INFO  :: TIMER :: [0016] Injected ObjectType in 0.145 ms
INFO - [G] 2025-04-15 09:33:01 :: INFO  :: TIMER :: [0712] Injected Center in 4.853 ms
INFO - [G] 2025-04-15 09:33:01 :: INFO  :: TIMER :: [0012] Injected Undiscovered Sprite in 0.015 ms
INFO - [G] 2025-04-15 09:33:01 :: INFO  :: TIMER :: [0012] Injected Blind in 0.029 ms
INFO - [G] 2025-04-15 09:33:01 :: INFO  :: TIMER :: [0006] Injected Seal in 0.728 ms
INFO - [G] 2025-04-15 09:33:01 :: INFO  :: TIMER :: [0004] Injected Suit in 0.166 ms
INFO - [G] 2025-04-15 09:33:01 :: INFO  :: TIMER :: [0026] Injected Rank in 0.156 ms
INFO - [G] 2025-04-15 09:33:01 :: INFO  :: TIMER :: [0028] Injected DeckSkin in 0.211 ms
INFO - [G] 2025-04-15 09:33:01 :: INFO  :: TIMER :: [0012] Injected PokerHand in 0.053 ms
INFO - [G] 2025-04-15 09:33:01 :: INFO  :: TIMER :: [0028] Injected Challenge in 0.039 ms
INFO - [G] 2025-04-15 09:33:01 :: INFO  :: TIMER :: [0018] Injected Tag in 0.109 ms
INFO - [G] 2025-04-15 09:33:01 :: INFO  :: TIMER :: [0004] Injected Sticker in 0.125 ms
INFO - [G] 2025-04-15 09:33:02 :: INFO  :: TIMER :: [0009] Injected Shader in 222.153 ms
INFO - [G] 2025-04-15 09:33:02 :: INFO  :: TIMER :: [0003] Injected Keybind in 0.014 ms
INFO - [G] 2025-04-15 09:33:02 :: INFO  :: TIMER :: [0006] Injected Achievement in 0.095 ms
INFO - [G] 2025-04-15 09:33:02 :: INFO  :: TIMER :: [0004] Injected nil in 0.015 ms
INFO - [G] 2025-04-15 09:33:02 :: INFO  :: TIMER :: [0021] Injected Draw Step in 0.115 ms
INFO - [G] 2025-04-15 09:33:02 :: INFO  :: TIMER :: [0000] Injected [INTERNAL] in 117.048 ms
INFO - [G] line not found
INFO - [G] file not found: main.lua: No such file or directory
INFO - [G] file not found: main.lua: No such file or directory
INFO - [G] file not found: main.lua: No such file or directory
INFO - [G] file not found: main.lua: No such file or directory
INFO - [G] 2025-04-15 09:39:19 :: ERROR :: StackTrace :: Oops! The game crashed
[SMODS AzzysJokers "Azazel.lua"]:1514: attempt to compare table with number
Stack Traceback
===============
(1) Lua local 'handler' at file 'main.lua:612'
	Local variables:
	 msg = string: "[SMODS AzzysJokers \"Azazel.lua\"]:1514: attempt to compare table with number"
	 (*temporary) = Lua function '?' (defined at line 31 of chunk [SMODS _ "src/logging.lua"])
	 (*temporary) = string: "Oops! The game crashed\
"
(2) LÖVE metamethod at file 'boot.lua:352'
	Local variables:
	 errhand = Lua function '?' (defined at line 598 of chunk main.lua)
	 handler = Lua function '?' (defined at line 598 of chunk main.lua)
(3) Lua method 'update' at file 'Azazel.lua:1514' (from mod with id AzzysJokers)
	Local variables:
	 self = table: 0x3d4f3e38  {alerted:true, loc_vars:function: 0x3d4f46b0, _saved_d_u:true, original_key:mimic, mod:table: 0x3cff1208, registered:true, _discovered_unlocked_overwritten:true (more...)}
	 card = table: 0x3d5c4440  {click_offset:table: 0x3d5c4710, children:table: 0x3e14d398, ambient_tilt:0.2, parent:table: 0x3d59b830, STATIONARY:false, T:table: 0x3d5c4620 (more...)}
	 dt = number: 0
	 (*temporary) = number: 0
	 (*temporary) = 8  {array:table: 0x3ebaa3f8, sign:1}
	 (*temporary) = number: 1
	 (*temporary) = number: 1
	 (*temporary) = string: "attempt to compare table with number"
(4) Lua upvalue 'flip_ref' at file 'card.lua:4403'
	Local variables:
	 self = table: 0x3d5c4440  {click_offset:table: 0x3d5c4710, children:table: 0x3e14d398, ambient_tilt:0.2, parent:table: 0x3d59b830, STATIONARY:false, T:table: 0x3d5c4620 (more...)}
	 dt = number: 0
	 obj = table: 0x3d4f3e38  {alerted:true, loc_vars:function: 0x3d4f46b0, _saved_d_u:true, original_key:mimic, mod:table: 0x3cff1208, registered:true, _discovered_unlocked_overwritten:true (more...)}
(5) Lua upvalue 'card_updateref' at file 'main.lua:640' (from mod with id SGTMD)
	Local variables:
	 self = table: 0x3d5c4440  {click_offset:table: 0x3d5c4710, children:table: 0x3e14d398, ambient_tilt:0.2, parent:table: 0x3d59b830, STATIONARY:false, T:table: 0x3d5c4620 (more...)}
	 dt = number: 0
(6) Lua method 'update' at line 394 of chunk '"C:\Users\erikk\AppData\Roaming\Balatro\Mods/P..."]'
	Local variables:
	 self = table: 0x3d5c4440  {click_offset:table: 0x3d5c4710, children:table: 0x3e14d398, ambient_tilt:0.2, parent:table: 0x3d59b830, STATIONARY:false, T:table: 0x3d5c4620 (more...)}
	 dt = number: 0
(7) Lua upvalue 'gameUpdateRef' at file 'game.lua:2727'
	Local variables:
	 self = table: 0x3c81fe88  {F_GUIDE:false, F_CRASH_REPORTS:false, F_QUIT_BUTTON:true, HUD_tags:table: 0x428ac228, F_ENGLISH_ONLY:false, viewed_stake:1, HUD:table: 0x41183330 (more...)}
	 dt = number: 0
	 http_resp = nil
	 move_dt = number: 0.00671303
	 (for generator) = C function: next
	 (for state) = table: 0x3c824960  {1:table: 0x3cf668a8, 2:table: 0x3d863500, 3:table: 0x422cf3d8, 4:table: 0x422d0688, 5:table: 0x422cf930, 6:table: 0x401a77f0, 7:table: 0x401a88c8 (more...)}
	 (for control) = number: nan
	 k = number: 395
	 v = table: 0x3d5c4440  {click_offset:table: 0x3d5c4710, children:table: 0x3e14d398, ambient_tilt:0.2, parent:table: 0x3d59b830, STATIONARY:false, T:table: 0x3d5c4620 (more...)}
(8) Lua upvalue 'upd' at Steamodded file 'src/ui.lua:86' 
	Local variables:
	 self = table: 0x3c81fe88  {F_GUIDE:false, F_CRASH_REPORTS:false, F_QUIT_BUTTON:true, HUD_tags:table: 0x428ac228, F_ENGLISH_ONLY:false, viewed_stake:1, HUD:table: 0x41183330 (more...)}
	 dt = number: 0.00671303
(9) Lua upvalue 'game_updateref' at file 'main.lua:1848'
	Local variables:
	 self = table: 0x3c81fe88  {F_GUIDE:false, F_CRASH_REPORTS:false, F_QUIT_BUTTON:true, HUD_tags:table: 0x428ac228, F_ENGLISH_ONLY:false, viewed_stake:1, HUD:table: 0x41183330 (more...)}
	 dt = number: 0.00671303
(10) Lua upvalue 'game_updateref' at file 'other/colours.lua:1196' (from mod with id MoreFluff)
	Local variables:
	 self = table: 0x3c81fe88  {F_GUIDE:false, F_CRASH_REPORTS:false, F_QUIT_BUTTON:true, HUD_tags:table: 0x428ac228, F_ENGLISH_ONLY:false, viewed_stake:1, HUD:table: 0x41183330 (more...)}
	 dt = number: 0.00671303
(11) Lua global 'upd' at file 'MoreFluff.lua:856' (from mod with id MoreFluff)
	Local variables:
	 self = table: 0x3c81fe88  {F_GUIDE:false, F_CRASH_REPORTS:false, F_QUIT_BUTTON:true, HUD_tags:table: 0x428ac228, F_ENGLISH_ONLY:false, viewed_stake:1, HUD:table: 0x41183330 (more...)}
	 dt = number: 0.00671303
(12) Lua upvalue 'gm_u' at file 'lib/functions.lua:166' (from mod with id SKHDecks)
	Local variables:
	 self = table: 0x3c81fe88  {F_GUIDE:false, F_CRASH_REPORTS:false, F_QUIT_BUTTON:true, HUD_tags:table: 0x428ac228, F_ENGLISH_ONLY:false, viewed_stake:1, HUD:table: 0x41183330 (more...)}
	 dt = number: 0.00671303
(13) Lua upvalue 'upd' at file 'src/startup/game_hooks.lua:37' (from mod with id mistigris)
	Local variables:
	 self = table: 0x3c81fe88  {F_GUIDE:false, F_CRASH_REPORTS:false, F_QUIT_BUTTON:true, HUD_tags:table: 0x428ac228, F_ENGLISH_ONLY:false, viewed_stake:1, HUD:table: 0x41183330 (more...)}
	 dt = number: 0.00671303
(14) Lua method 'update' at file 'items/decks.lua:99' (from mod with id draft)
	Local variables:
	 self = table: 0x3c81fe88  {F_GUIDE:false, F_CRASH_REPORTS:false, F_QUIT_BUTTON:true, HUD_tags:table: 0x428ac228, F_ENGLISH_ONLY:false, viewed_stake:1, HUD:table: 0x41183330 (more...)}
	 dt = number: 0.00671303
(15) Lua upvalue 'oldupd' at file 'main.lua:995'
	Local variables:
	 dt = number: 0.00671303
(16) Lua field 'update' at file 'main.lua:1877'
	Local variables:
	 dt = number: 0.00671303
(17) Lua function '?' at file 'main.lua:934' (best guess)
(18) global C function 'xpcall'
(19) LÖVE function at file 'boot.lua:377' (best guess)
	Local variables:
	 func = Lua function '?' (defined at line 905 of chunk main.lua)
	 inerror = boolean: true
	 deferErrhand = Lua function '(LÖVE Function)' (defined at line 348 of chunk [love "boot.lua"])
	 earlyinit = Lua function '(LÖVE Function)' (defined at line 355 of chunk [love "boot.lua"])

INFO - [G] file not found: main.lua: No such file or directory
INFO - [G] file not found: main.lua: No such file or directory
INFO - [G] 2025-04-15 09:39:19 :: INFO  :: StackTrace :: Additional Context:
Balatro Version: 1.0.1o-FULL
Modded Version: 1.0.0~BETA-0324b-STEAMODDED
LÖVE Version: 11.5.0
Lovely Version: 0.7.1
Platform: Windows
Steamodded Mods:
    1: More Fluff by notmario [ID: MoreFluff, Version: 1.2.3, Uses Lovely]
    2: Lucky Jimbos: Joker Pack by LuckySix [ID: L6_luckyjimbo, Version: 0.3~alpha-5]
    3: Too Many Decks by Squidguset [ID: SGTMD, Version: 2.2.0, Uses Lovely]
    4: TOGA's Stuff by TheOneGoofAli [ID: TOGAPack, Version: 1.0.2b, Uses Lovely]
    5: Ruina Decks by someone23832 [ID: RuinaDecks, Version: 0.2, Uses Lovely]
    6: KCVanilla by krackocloud [ID: kcvanilla, Version: 2.4.1, Uses Lovely]
    7: TerrariaXBalatro by Misenrol, MegarkShark [ID: TerrariaXBalatro, Version: 1.1.1, Uses Lovely]
    8: Azazel's Jokers by Starlet Devil [ID: AzzysJokers, Version: 1.0.0, Uses Lovely]
    9: Talisman by MathIsFun_, Mathguy24, jenwalter666, cg-223 [ID: Talisman, Version: 2.1.0~dev, Uses Lovely]
        Break Infinity: omeganum
    10: Prism by Blazingulag [ID: Prism, Version: 1.7.5, Uses Lovely]
    11: Flower Pot by ItsFlowwey [ID: FlowerPot, Version: 0.8, Uses Lovely]
    12: Plantain by TeamToaster [ID: plantain, Priority: 1, Version: 1.0.0, Uses Lovely]
    13: Drafting by spire_winder [ID: draft, Priority: 100000, Version: 0.5.2]
    14: ExtremeDecks by Crimson Heart [ID: ExtremeDecks, Version: 1.0.0]
    15: Neato Jokers by Neato [ID: Neato_Jokers, Version: 1.1.4]
    16: Mistigris by astrapboy [ID: mistigris, Priority: 69, Version: 0.4.1, Uses Lovely]
    17: SauKhongHu Decks by HuyTheKiller [ID: SKHDecks, Version: 1.6.0a, Uses Lovely]
    18: SDM_0's Stuff by SDM_0 [ID: sdm0sstuff, Version: 1.6.4m, Uses Lovely]
Lovely Mods:
