INFO - [♥] Lovely 0.7.1
INFO - [♥] Game directory is at "C:\\Program Files (x86)\\Steam\\steamapps\\common\\Balatro"
INFO - [♥] Writing logs to "C:\\Users\\erikk\\AppData\\Roaming\\Balatro\\Mods\\lovely\\log"
INFO - [♥] Using mod directory at "C:\\Users\\erikk\\AppData\\Roaming\\Balatro\\Mods"
INFO - [♥] Found .lovelyignore in 'AzzysJokers-1.2.2', skipping it.
INFO - [♥] Found .lovelyignore in 'Balatro-Draft-main', skipping it.
INFO - [♥] Found .lovelyignore in 'Extreme Deck', skipping it.
INFO - [♥] Found .lovelyignore in 'Flower-Pot-main', skipping it.
INFO - [♥] Found .lovelyignore in 'kcvanilla-master', skipping it.
INFO - [♥] Found .lovelyignore in 'luckyjimbos-main', skipping it.
INFO - [♥] Found .lovelyignore in 'Mistigris', skipping it.
INFO - [♥] Found .lovelyignore in 'MoreFluff-main', skipping it.
INFO - [♥] Found .lovelyignore in 'NeatoJokers-main', skipping it.
INFO - [♥] Found .lovelyignore in 'Plantain-main', skipping it.
INFO - [♥] Found .lovelyignore in 'Prism-main', skipping it.
INFO - [♥] Found .lovelyignore in 'Quilombo', skipping it.
INFO - [♥] Found .lovelyignore in 'RuinaDecks-main', skipping it.
INFO - [♥] Found .lovelyignore in 'SauKhongHuDecks-main', skipping it.
INFO - [♥] Found .lovelyignore in 'SDM_0-s-Stuff-main', skipping it.
INFO - [♥] Found .lovelyignore in 'Talisman', skipping it.
INFO - [♥] Found .lovelyignore in 'TerrariaXBalatro-main', skipping it.
INFO - [♥] Found .lovelyignore in 'TOGAPackBalatro-main', skipping it.
INFO - [♥] Found .lovelyignore in 'TooManyDecks-main', skipping it.
WARN - [♥] Unknown key `patches.21.?.match_indent` found in patch file at "C:\\Users\\erikk\\AppData\\Roaming\\Balatro\\Mods\\Cryptid-main\\lovely\\code.toml", ignoring it
INFO - [♥] Cleaning up dumps directory at "C:\\Users\\erikk\\AppData\\Roaming\\Balatro\\Mods\\lovely\\dump"
INFO - [♥] Initialization complete in 95ms
INFO - [♥] Applied 15 patches to 'main.lua'
INFO - [♥] Applied 7 patches to 'engine/controller.lua'
INFO - [♥] Applied 15 patches to 'back.lua'
INFO - [♥] Applied 18 patches to 'tag.lua'
INFO - [♥] Applied 1 patch to 'engine/node.lua'
INFO - [♥] Applied 1 patch to 'engine/moveable.lua'
INFO - [♥] Applied 2 patches to 'engine/sprite.lua'
INFO - [♥] Applied 2 patches to 'engine/animatedsprite.lua'
INFO - [♥] Applied 53 patches to 'functions/misc_functions.lua'
WARN - [♥] Pattern 'for i = 1, 2 do' on target 'game.lua' for pattern patch from Cryptid-main\lovely\stake.toml resulted in no matches
WARN - [♥] Pattern 'create_shop_card_ui(card, \'Voucher\', G.shop_vouchers)' on target 'game.lua' for pattern patch from Cryptid-main\lovely\stake.toml resulted in no matches
WARN - [♥] Pattern 'self.GAME.current_round.voucher = G.SETTINGS.tutorial_progress and G.SETTINGS.tutorial_progress.forced_voucher or SMODS.get_next_vouchers()' on target 'game.lua' for pattern patch from Cryptid-main\lovely\very_fair.toml resulted in no matches
WARN - [♥] Pattern 'self.GAME.current_round.voucher = G.SETTINGS.tutorial_progress and G.SETTINGS.tutorial_progress.forced_voucher or get_next_voucher_key()' on target 'game.lua' for pattern patch from Cryptid-main\lovely\Voucher.toml resulted in no matches
WARN - [♥] Regex 'card\\:start_materialize\\(\\)\\n\\s+G\\.shop_vouchers\\:emplace\\(card\\)\\n\\s+end' on target 'game.lua' for regex patch from Cryptid-main\lovely\Voucher.toml resulted in no matches
INFO - [♥] Applied 77 patches to 'game.lua'
INFO - [♥] Applied 1 patch to 'globals.lua'
INFO - [♥] Applied 3 patches to 'engine/ui.lua'
WARN - [♥] Pattern 'G.GAME.shop.joker_max*1.02*G.CARD_W,' on target 'functions/UI_definitions.lua' for pattern patch from Cryptid-main\lovely\equilibrium.toml resulted in no matches
INFO - [♥] Applied 101 patches to 'functions/UI_definitions.lua'
WARN - [♥] Pattern 'ease_to = G.GAME.chips + math.floor(hand_chips * mult) * (e and e.antiscore and -1 or 1),' on target 'functions/state_events.lua' for pattern patch from Cryptid-main\lovely\blind.toml resulted in no matches
WARN - [♥] Pattern 'if reps[j] ~= 1 then' on target 'functions/state_events.lua' for pattern patch from Cryptid-main\lovely\misc.toml resulted in no matches
WARN - [♥] Pattern 'for i=1, #G.jokers.cards + #G.consumeables.cards do' on target 'functions/state_events.lua' for pattern patch from Cryptid-main\lovely\misc.toml resulted in no matches
WARN - [♥] Pattern 'local effects = {[1] = {playing_card = G.hand.cards[i]:get_end_of_round_effect()}}' on target 'functions/state_events.lua' for pattern patch from Cryptid-main\lovely\stake.toml resulted in no matches
WARN - [♥] Pattern 'G.GAME.current_round.voucher = get_next_voucher_key()' on target 'functions/state_events.lua' for pattern patch from Cryptid-main\lovely\sticker.toml resulted in no matches
WARN - [♥] Pattern 'G.GAME.current_round.voucher = get_next_voucher_key()' on target 'functions/state_events.lua' for pattern patch from Cryptid-main\lovely\Voucher.toml resulted in no matches
WARN - [♥] Pattern 'if SMODS.has_enhancement(scoring_hand[i], \'m_glass\') and not scoring_hand[i].debuff and pseudorandom(\'glass\') < G.GAME.probabilities.normal/(scoring_hand[i].ability.name == \'Glass Card\' and scoring_hand[i].ability.extra or G.P_CENTERS.m_glass.config.extra) then' on target 'functions/state_events.lua' for pattern patch from Cryptid-main\lovely\Probability.toml resulted in no matches
WARN - [♥] Regex '(?<indent>[\\t ]*)if destroyed then \\n' on target 'functions/state_events.lua' for regex patch from Cryptid-main\lovely\seal.toml resulted in no matches
INFO - [♥] Applied 70 patches to 'functions/state_events.lua'
WARN - [♥] Pattern '{n=G.UIT.T, config={text = localize(\'$\')..config.dollars, scale = 1.2*scale, colour = G.C.WHITE, shadow = true, juice = true}}' on target 'functions/common_events.lua' for pattern patch from Cryptid-main\lovely\code.toml resulted in no matches
WARN - [♥] Pattern 'G.shop_jokers.T.w = G.GAME.shop.joker_max*1.01*G.CARD_W' on target 'functions/common_events.lua' for pattern patch from Cryptid-main\lovely\equilibrium.toml resulted in no matches
WARN - [♥] Pattern 'function generate_card_ui(_c, full_UI_table, specific_vars, card_type, badges, hide_desc, main_start, main_end)' on target 'functions/common_events.lua' for pattern patch from Cryptid-main\lovely\lib_misc.toml resulted in no matches
WARN - [♥] Pattern 'elseif v.boss.showdown and (G.GAME.round_resets.ante)%G.GAME.win_ante == 0 and G.GAME.round_resets.ante >= 2 then' on target 'functions/common_events.lua' for pattern patch from Cryptid-main\lovely\stake.toml resulted in no matches
INFO - [♥] Applied 147 patches to 'functions/common_events.lua'
INFO - [♥] Applied 63 patches to 'functions/button_callbacks.lua'
WARN - [♥] Pattern 'if G.GAME.blind and G.GAME.blind.in_blind then G.E_MANAGER:add_event(Event({ func = function() G.GAME.blind:set_blind(nil, true, nil); return true end })) end' on target 'card.lua' for pattern patch from smods-main\lovely\calculate_card_added.toml resulted in 2 matches, wanted 1
WARN - [♥] Ignoring excess matches
WARN - [♥] Pattern 'if self.ability.name == \'Campfire\' and G.GAME.blind.boss and not (G.GAME.blind.config and G.GAME.blind.config.bonus) and self.ability.x_mult > 1 then' on target 'card.lua' for pattern patch from Cryptid-main\lovely\misc.toml resulted in no matches
WARN - [♥] Pattern 'if self.ability.name:find(\'Arcana\') then' on target 'card.lua' for pattern patch from Cryptid-main\lovely\misprint.toml resulted in no matches
WARN - [♥] Pattern 'if self.ability.name == \'The Hermit\' or self.ability.consumeable.hand_type or self.ability.name == \'Temperance\' or self.ability.name == \'Black Hole\' then' on target 'card.lua' for pattern patch from Cryptid-main\lovely\stake.toml resulted in no matches
WARN - [♥] Pattern 'if self.ability.queue_negative_removal then' on target 'card.lua' for pattern patch from Cryptid-main\lovely\sticker.toml resulted in no matches
WARN - [♥] Pattern 'G.GAME.current_round.voucher = nil' on target 'card.lua' for pattern patch from Cryptid-main\lovely\Voucher.toml resulted in no matches
WARN - [♥] Pattern 'elseif self.ability.name == \'Business Card\' then loc_vars = {\'\'..(G.GAME and G.GAME.probabilities.normal or 1), self.ability.extra}' on target 'card.lua' for pattern patch from Cryptid-main\lovely\Probability.toml resulted in no matches
WARN - [♥] Pattern 'pseudorandom(\'business\') < G.GAME.probabilities.normal/self.ability.extra then' on target 'card.lua' for pattern patch from Cryptid-main\lovely\Probability.toml resulted in no matches
INFO - [♥] Applied 241 patches to 'card.lua'
INFO - [♥] Applied 18 patches to 'cardarea.lua'
INFO - [♥] Applied 38 patches to 'blind.lua'
INFO - [♥] Applied 2 patches to 'card_character.lua'
INFO - [♥] Applied 2 patches to 'engine/text.lua'
INFO - [♥] Applied 2 patches to '=[SMODS _ "src/utils.lua"]'
INFO - [♥] Applied 4 patches to '=[SMODS _ "src/overrides.lua"]'
INFO - [♥] Applied 1 patch to '=[SMODS _ "src/game_object.lua"]'
INFO - [G] Failed to connect to the debug server
INFO - [G] 2025-04-16 16:10:52 :: DEBUG :: DebugConsole :: Steamodded Debug Socket started !
INFO - [G] 2025-04-16 16:10:52 :: INFO  :: SMODS :: Steamodded v1.0.0~BETA-0324b
INFO - [♥] Applied 9 patches to 'engine/sound_manager.lua'
INFO - [♥] Applied 1 patch to 'engine/save_manager.lua'
INFO - [♥] Applied 4 patches to '=[SMODS _ "src/card_draw.lua"]'
INFO - [G] 2025-04-16 16:10:54 :: TRACE :: Loader :: Processing Mod file (Legacy header): Azazel.lua
INFO - [G] 2025-04-16 16:10:54 :: TRACE :: Loader :: Saving Mod Info: AzzysJokers
INFO - [G] 2025-04-16 16:10:54 :: INFO  :: Loader :: Valid JSON file found
INFO - [G] 2025-04-16 16:10:54 :: INFO  :: Loader :: Valid JSON file found
INFO - [G] 2025-04-16 16:10:54 :: INFO  :: Loader :: Valid JSON file found
INFO - [G] 2025-04-16 16:10:54 :: INFO  :: Loader :: Valid JSON file found
INFO - [G] 2025-04-16 16:10:54 :: INFO  :: Loader :: Valid JSON file found
INFO - [G] 2025-04-16 16:10:54 :: TRACE :: Loader :: Processing Mod file (Legacy header): MoreFluff.lua
INFO - [G] 2025-04-16 16:10:54 :: TRACE :: Loader :: Saving Mod Info: MoreFluff
INFO - [G] 2025-04-16 16:10:54 :: INFO  :: Loader :: Valid JSON file found
INFO - [G] 2025-04-16 16:10:54 :: INFO  :: Loader :: Valid JSON file found
INFO - [G] 2025-04-16 16:10:54 :: INFO  :: Loader :: Valid JSON file found
INFO - [G] 2025-04-16 16:10:54 :: INFO  :: Loader :: Valid JSON file found
INFO - [G] 2025-04-16 16:10:54 :: INFO  :: Loader :: Valid JSON file found
INFO - [G] 2025-04-16 16:10:54 :: TRACE :: Loader :: Processing Mod file (Legacy header): main.lua
INFO - [G] 2025-04-16 16:10:54 :: TRACE :: Loader :: Saving Mod Info: sdm0sstuff
INFO - [G] 2025-04-16 16:10:54 :: INFO  :: Loader :: Valid JSON file found
INFO - [G] 2025-04-16 16:10:54 :: INFO  :: Loader :: Valid JSON file found
INFO - [G] 2025-04-16 16:10:54 :: TRACE :: Loader :: Processing Mod file (Legacy header): steamodded_metadata.lua
INFO - [G] 2025-04-16 16:10:54 :: TRACE :: Loader :: Saving Mod Info: Talisman
INFO - [G] 2025-04-16 16:10:54 :: INFO  :: Loader :: Valid JSON file found
INFO - [G] 2025-04-16 16:10:54 :: ERROR :: Loader :: Found invalid metadata JSON file at C:\Users\erikk\AppData\Roaming\Balatro\Mods/TooManyDecks-main/.vscode/settings.json, ignoring: [SMODS _ "src/loader.lua"]:226: id
INFO - [G] 2025-04-16 16:10:54 :: INFO  :: Loader :: Valid JSON file found
INFO - [G] 2025-04-16 16:10:54 :: INFO  :: Loader :: Valid JSON file found
INFO - [G] 2025-04-16 16:10:54 :: INFO  :: Loader :: Valid JSON file found
INFO - [G] 2025-04-16 16:10:54 :: TRACE :: Loader :: Mod AzzysJokers was unable to load: 
INFO - [G] 2025-04-16 16:10:54 :: TRACE :: Loader :: Mod ExtremeDecks was unable to load: 
INFO - [G] 2025-04-16 16:10:54 :: TRACE :: Loader :: Mod FlowerPot was unable to load: 
INFO - [G] 2025-04-16 16:10:54 :: TRACE :: Loader :: Mod L6_luckyjimbo was unable to load: 
INFO - [G] 2025-04-16 16:10:54 :: TRACE :: Loader :: Mod MoreFluff was unable to load: Missing Dependencies: 1: Talisman>=2.0.0


INFO - [G] 2025-04-16 16:10:54 :: TRACE :: Loader :: Mod Neato_Jokers was unable to load: 
INFO - [G] 2025-04-16 16:10:54 :: TRACE :: Loader :: Mod Prism was unable to load: 
INFO - [G] 2025-04-16 16:10:54 :: TRACE :: Loader :: Mod RuinaDecks was unable to load: 
INFO - [G] 2025-04-16 16:10:54 :: TRACE :: Loader :: Mod SGTMD was unable to load: 
INFO - [G] 2025-04-16 16:10:54 :: TRACE :: Loader :: Mod SKHDecks was unable to load: 
INFO - [G] 2025-04-16 16:10:54 :: TRACE :: Loader :: Mod TOGAPack was unable to load: 
INFO - [G] 2025-04-16 16:10:54 :: TRACE :: Loader :: Mod Talisman was unable to load: 
INFO - [G] 2025-04-16 16:10:54 :: TRACE :: Loader :: Mod TerrariaXBalatro was unable to load: 
INFO - [G] 2025-04-16 16:10:54 :: TRACE :: Loader :: Mod kcvanilla was unable to load: 
INFO - [G] 2025-04-16 16:10:54 :: TRACE :: Loader :: Mod sdm0sstuff was unable to load: 
INFO - [G] 2025-04-16 16:10:54 :: TRACE :: Loader :: Mod plantain was unable to load: 
INFO - [G] 2025-04-16 16:10:54 :: TRACE :: Loader :: Mod quilombo was unable to load: 
INFO - [G] 2025-04-16 16:10:54 :: TRACE :: Loader :: Mod mistigris was unable to load: 
INFO - [G] 2025-04-16 16:10:54 :: TRACE :: Loader :: Mod Cryptid was unable to load: Missing Dependencies: 1: Talisman (>=2.0.9)


INFO - [G] 2025-04-16 16:10:54 :: TRACE :: Loader :: Mod draft was unable to load: 
INFO - [G] 2025-04-16 16:10:54 :: INFO  :: TIMER :: [0000] Injected Language in 0.002 ms
INFO - [G] 2025-04-16 16:10:54 :: INFO  :: TIMER :: [0000] Injected [INTERNAL] in 2.244 ms
INFO - [G] 2025-04-16 16:10:55 :: INFO  :: TIMER :: [0002] Injected Atlas in 807.326 ms
INFO - [G] 2025-04-16 16:10:55 :: INFO  :: TIMER :: [0001] Injected Sound in 0.308 ms
INFO - [G] 2025-04-16 16:10:55 :: INFO  :: TIMER :: [0008] Injected Stake in 0.271 ms
INFO - [G] 2025-04-16 16:10:55 :: INFO  :: TIMER :: [0004] Injected Rarity in 0.033 ms
INFO - [G] 2025-04-16 16:10:55 :: INFO  :: TIMER :: [0004] Injected ObjectType in 0.124 ms
INFO - [G] 2025-04-16 16:10:55 :: INFO  :: TIMER :: [0049] Injected Center in 0.603 ms
INFO - [G] 2025-04-16 16:10:55 :: INFO  :: TIMER :: [0007] Injected Undiscovered Sprite in 0.026 ms
INFO - [G] 2025-04-16 16:10:55 :: INFO  :: TIMER :: [0002] Injected Blind in 0.013 ms
INFO - [G] 2025-04-16 16:10:55 :: INFO  :: TIMER :: [0004] Injected Seal in 0.159 ms
INFO - [G] 2025-04-16 16:10:55 :: INFO  :: TIMER :: [0004] Injected Suit in 0.076 ms
INFO - [G] 2025-04-16 16:10:55 :: INFO  :: TIMER :: [0013] Injected Rank in 0.175 ms
INFO - [G] 2025-04-16 16:10:55 :: INFO  :: TIMER :: [0028] Injected DeckSkin in 0.256 ms
INFO - [G] 2025-04-16 16:10:55 :: INFO  :: TIMER :: [0012] Injected PokerHand in 0.131 ms
INFO - [G] 2025-04-16 16:10:55 :: INFO  :: TIMER :: [0020] Injected Challenge in 0.033 ms
INFO - [G] 2025-04-16 16:10:55 :: INFO  :: TIMER :: [0000] Injected Tag in 0.003 ms
INFO - [G] 2025-04-16 16:10:55 :: INFO  :: TIMER :: [0004] Injected Sticker in 0.112 ms
INFO - [G] 2025-04-16 16:10:55 :: INFO  :: TIMER :: [0000] Injected Shader in 0.001 ms
INFO - [G] 2025-04-16 16:10:55 :: INFO  :: TIMER :: [0002] Injected Keybind in 0.011 ms
INFO - [G] 2025-04-16 16:10:55 :: INFO  :: TIMER :: [0000] Injected Achievement in 0.081 ms
INFO - [G] 2025-04-16 16:10:55 :: INFO  :: TIMER :: [0002] Injected nil in 0.015 ms
INFO - [G] 2025-04-16 16:10:55 :: INFO  :: TIMER :: [0021] Injected Draw Step in 0.243 ms
INFO - [G] 2025-04-16 16:10:55 :: INFO  :: TIMER :: [0000] Injected [INTERNAL] in 0.009 ms
