INFO - [♥] Lovely 0.7.1
INFO - [♥] Game directory is at "C:\\Program Files (x86)\\Steam\\steamapps\\common\\Balatro"
INFO - [♥] Writing logs to "C:\\Users\\erikk\\AppData\\Roaming\\Balatro\\Mods\\lovely\\log"
INFO - [♥] Using mod directory at "C:\\Users\\erikk\\AppData\\Roaming\\Balatro\\Mods"
INFO - [♥] Found .lovelyignore in 'CardSleeves', skipping it.
INFO - [♥] Found .lovelyignore in 'Cryptid', skipping it.
INFO - [♥] Found .lovelyignore in 'TooManyDecks', skipping it.
WARN - [♥] Unknown key `patches.18.?.overwrite` found in patch file at "C:\\Users\\erikk\\AppData\\Roaming\\Balatro\\Mods\\HandyBalatro\\lovely.toml", ignoring it
WARN - [♥] Unknown key `patches.49.?.match_indent` found in patch file at "C:\\Users\\erikk\\AppData\\Roaming\\Balatro\\Mods\\Talisman\\lovely.toml", ignoring it
WARN - [♥] Unknown key `patches.52.?.match_indent` found in patch file at "C:\\Users\\erikk\\AppData\\Roaming\\Balatro\\Mods\\Talisman\\lovely.toml", ignoring it
INFO - [♥] Cleaning up dumps directory at "C:\\Users\\erikk\\AppData\\Roaming\\Balatro\\Mods\\lovely\\dump"
INFO - [♥] Initialization complete in 62ms
INFO - [♥] Applied 1 patch to 'conf.lua'
WARN - [♥] Pattern 'G.ARGS.score_intensity.organ = G.video_organ or G.ARGS.score_intensity.required_score > 0 and math.max(math.min(0.4, 0.1*math.log(G.ARGS.score_intensity.earned_score/(G.ARGS.score_intensity.required_score+1), 5)),0.) or 0' on target 'main.lua' for pattern patch from Talisman\lovely.toml resulted in no matches
WARN - [♥] Pattern 'if type(G.GAME.current_round.current_hand.chips) ~= \'number\' or type(G.GAME.current_round.current_hand.mult) ~= \'number\' then' on target 'main.lua' for pattern patch from Talisman\lovely.toml resulted in no matches
INFO - [♥] Applied 33 patches to 'main.lua'
INFO - [♥] Applied 2 patches to 'engine/string_packer.lua'
INFO - [♥] Applied 16 patches to 'engine/controller.lua'
INFO - [♥] Applied 18 patches to 'back.lua'
INFO - [♥] Applied 10 patches to 'tag.lua'
INFO - [♥] Applied 1 patch to 'engine/event.lua'
INFO - [♥] Applied 1 patch to 'engine/node.lua'
INFO - [♥] Applied 4 patches to 'engine/moveable.lua'
INFO - [♥] Applied 3 patches to 'engine/sprite.lua'
INFO - [♥] Applied 2 patches to 'engine/animatedsprite.lua'
WARN - [♥] Pattern 'assembled_string = assembled_string..(type(subpart) == \'string\' and subpart or args.vars[tonumber(subpart[1])] or \'ERROR\')' on target 'functions/misc_functions.lua' for pattern patch from Talisman\lovely.toml resulted in no matches
INFO - [♥] Applied 65 patches to 'functions/misc_functions.lua'
WARN - [♥] Pattern 'Cryptid.profile_prefix = \"M\"' on target 'game.lua' for pattern patch from Entropy\lovely\game.toml resulted in no matches
WARN - [♥] Pattern 'Cryptid.profile_prefix = Jen and \"J\" or \"M\"' on target 'game.lua' for pattern patch from Entropy\lovely\game.toml resulted in no matches
INFO - [♥] Applied 73 patches to 'game.lua'
INFO - [♥] Applied 3 patches to 'globals.lua'
INFO - [♥] Applied 17 patches to 'engine/ui.lua'
WARN - [♥] Pattern 'local stake_sprite = get_stake_sprite(G.GAME.stake or 1, 0.4)\n    blind_text[#blind_text + 1] =' on target 'functions/UI_definitions.lua' for pattern patch from Balatro-Aikoyoris-Shenanigans\lovely\ui.toml resulted in no matches
WARN - [♥] Pattern '{n=G.UIT.T, config={text = G.GAME.hands[handname].chips, scale = 0.45, colour = G.C.UI.TEXT_LIGHT}},' on target 'functions/UI_definitions.lua' for pattern patch from Talisman\lovely.toml resulted in no matches
WARN - [♥] Pattern '{n=G.UIT.T, config={text = G.GAME.hands[handname].mult, scale = 0.45, colour = G.C.UI.TEXT_LIGHT}}' on target 'functions/UI_definitions.lua' for pattern patch from Talisman\lovely.toml resulted in no matches
WARN - [♥] Pattern '{n=G.UIT.O, config={object = DynaText({string = {{ref_table = G.GAME.round_resets, ref_value = \'ante\'}}, colours = {G.C.IMPORTANT},shadow = true, font = G.LANGUAGES[\'en-us\'].font, scale = 2*scale}),id = \'ante_UI_count\'}},' on target 'functions/UI_definitions.lua' for pattern patch from Talisman\lovely.toml resulted in no matches
INFO - [♥] Applied 116 patches to 'functions/UI_definitions.lua'
WARN - [♥] Pattern 'update_hand_text({delay = 0}, {chips = extras.hand_chips and hand_chips, mult = extras.mult and mult})' on target 'functions/state_events.lua' for pattern patch from Entropy\lovely\eqmult.toml resulted in no matches
WARN - [♥] Pattern 'elseif config.name == \'interest\' then\n    table.insert(left_text, {n=G.UIT.T, config={text = num_dollars, scale = 0.8*scale, colour = G.C.MONEY, shadow = true, juice = true}})\n    table.insert(left_text,{n=G.UIT.O, config={object = DynaText({string = {\" \"..localize{type = \'variable\', key = \'interest\', vars = {G.GAME.interest_amount, 5, G.GAME.interest_amount*G.GAME.interest_cap/5}}}, colours = {G.C.UI.TEXT_LIGHT}, shadow = true, pop_in = 0, scale = 0.4*scale, silent = true})}})\nend\n' on target 'functions/state_events.lua' for pattern patch from Kino\lovely.toml resulted in no matches
WARN - [♥] Pattern 'if effects[ii].card then' on target 'functions/state_events.lua' for pattern patch from Talisman\lovely.toml resulted in no matches
WARN - [♥] Pattern 'if effects.jokers.Xmult_mod then mult = mod_mult(mult*effects.jokers.Xmult_mod);extras.mult = true  end' on target 'functions/state_events.lua' for pattern patch from Talisman\lovely.toml resulted in no matches
WARN - [♥] Pattern 'if effect.Xmult_mod then mult = mod_mult(mult*effect.Xmult_mod);extras.mult = true  end' on target 'functions/state_events.lua' for pattern patch from Talisman\lovely.toml resulted in no matches
WARN - [♥] Pattern 'if effects[ii].message then' on target 'functions/state_events.lua' for pattern patch from Talisman\lovely.toml resulted in no matches
WARN - [♥] Pattern '--calculate the card edition effects' on target 'functions/state_events.lua' for pattern patch from Talisman\lovely.toml resulted in no matches
WARN - [♥] Pattern 'if effects[ii].edition.p_dollars_mod then' on target 'functions/state_events.lua' for pattern patch from Talisman\lovely.toml resulted in no matches
WARN - [♥] Pattern 'if edition_effects.jokers.x_mult_mod then' on target 'functions/state_events.lua' for pattern patch from Talisman\lovely.toml resulted in no matches
WARN - [♥] Regex '(?<indent>[\t ]*)else\\s*\\n[\\t ]*mult\\s*=\\s*mod_mult\\(\\s*0\\s*\\)\\s*\\n[\\t ]*hand_chips\\s*=\\s*mod_chips\\(\\s*0\\s*\\)\\s*' on target 'functions/state_events.lua' for regex patch from Kino\lovely.toml resulted in no matches
INFO - [♥] Applied 83 patches to 'functions/state_events.lua'
WARN - [♥] Pattern '(self.ability.set == \'Voucher\' and {G.C.SECONDARY_SET.Voucher, G.C.CLEAR}) or ' on target 'functions/common_events.lua' for pattern patch from Entropy\lovely\dissolve_colours.toml resulted in no matches
WARN - [♥] Pattern '{n=G.UIT.O, config={object = DynaText({string = {\' \'..localize(\'ph_mr_bones\')..\' \'}, colours = {G.C.FILTER}, shadow = true, pop_in = 0, scale = 0.5*scale, silent = true})}}' on target 'functions/common_events.lua' for pattern patch from Entropy\lovely\never_lose.toml resulted in no matches
WARN - [♥] Pattern '{n=G.UIT.O, config={object = DynaText({string = {localize(\'$\')..num_dollars}, colours = {G.C.MONEY}, shadow = true, pop_in = 0, scale = 0.65, float = true})}}' on target 'functions/common_events.lua' for pattern patch from Entropy\lovely\rcode.toml resulted in no matches
WARN - [♥] Pattern '{n=G.UIT.O, config={object = DynaText({string = {localize(\'$\')..num_dollars}, colours = {G.C.RED}, shadow = true, pop_in = 0, scale = 0.65, float = true})}}' on target 'functions/common_events.lua' for pattern patch from Entropy\lovely\rcode.toml resulted in no matches
WARN - [♥] Pattern 'if not v.config.softlock then\n    softlocked = softlocked' on target 'functions/common_events.lua' for pattern patch from Balatro-Aikoyoris-Shenanigans\lovely\planets.toml resulted in no matches
WARN - [♥] Pattern 'if num_dollars > 60 then' on target 'functions/common_events.lua' for pattern patch from Talisman\lovely.toml resulted in no matches
WARN - [♥] Pattern 'func = (function() if eval_func(card) then if not first or first then card:juice_up(0.1, 0.1) end;juice_card_until(card, eval_func, nil, 0.8) end return true end)' on target 'functions/common_events.lua' for pattern patch from Talisman\lovely.toml resulted in no matches
INFO - [♥] Applied 163 patches to 'functions/common_events.lua'
INFO - [♥] Applied 66 patches to 'functions/button_callbacks.lua'
WARN - [♥] Pattern '*then G.E_MANAGER:add_event(Event({ func = function() G.GAME.blind:set_blind(nil, true, nil); return true end })) end' on target 'card.lua' for pattern patch from smods\lovely\calculate_card_added.toml resulted in 2 matches, wanted 1
WARN - [♥] Ignoring excess matches
WARN - [♥] Pattern '    return generate_card_ui(self.config.center, nil, loc_vars, card_type, badges, hide_desc, main_start, main_end)' on target 'card.lua' for pattern patch from Balatro-Aikoyoris-Shenanigans\lovely\localization.toml resulted in no matches
WARN - [♥] Pattern 'if G.GAME.blind then G.E_MANAGER:add_event(Event({ func = function() G.GAME.blind:set_blind(nil, true, nil); return true end })) end' on target 'card.lua' for pattern patch from Talisman\lovely.toml resulted in no matches
WARN - [♥] Pattern 'x_mult = center.config.Xmult or 1,' on target 'card.lua' for pattern patch from Talisman\lovely.toml resulted in no matches
WARN - [♥] Pattern 'local currentBack = self.params.viewed_back and G.GAME.viewed_back or G.GAME.selected_back' on target 'card.lua' for pattern patch from Galdur\lovely.toml resulted in no matches
INFO - [♥] Applied 203 patches to 'card.lua'
WARN - [♥] Pattern 'if card.edition.card_limit == -1 and #G.hand.cards < G.hand.config.card_limit then' on target 'cardarea.lua' for pattern patch from Entropy\lovely\hsize_mult.toml resulted in no matches
INFO - [♥] Applied 17 patches to 'cardarea.lua'
WARN - [♥] Pattern 'self.chips = get_blind_amount(G.GAME.round_resets.ante)*self.mult*G.GAME.starting_params.ante_scaling' on target 'blind.lua' for pattern patch from Entropy\lovely\game.toml resulted in no matches
WARN - [♥] Pattern 'self.chips = get_blind_amount(G.GAME.round_resets.ante)*self.mult*G.GAME.starting_params.ante_scaling' on target 'blind.lua' for pattern patch from Entropy\lovely\game.toml resulted in no matches
INFO - [♥] Applied 41 patches to 'blind.lua'
WARN - [♥] Pattern 'self.children.card:set_ability(G.P_CENTERS.j_jolly)' on target 'card_character.lua' for pattern patch from Entropy\lovely\game.toml resulted in no matches
INFO - [♥] Applied 0 patches to 'card_character.lua'
WARN - [♥] Pattern 'colour = pseudorandom_element(self.colours)' on target 'engine/particles.lua' for pattern patch from Entropy\lovely\game.toml resulted in no matches
INFO - [♥] Applied 0 patches to 'engine/particles.lua'
INFO - [♥] Applied 5 patches to 'engine/text.lua'
INFO - [♥] Applied 2 patches to '=[SMODS _ "src/utils.lua"]'
INFO - [♥] Applied 3 patches to '=[SMODS _ "src/overrides.lua"]'
INFO - [♥] Applied 2 patches to '=[SMODS _ "src/game_object.lua"]'
INFO - [G] Failed to connect to the debug server
INFO - [G] 2025-05-07 09:06:55 :: DEBUG :: DebugConsole :: Steamodded Debug Socket started !
INFO - [G] 2025-05-07 09:06:55 :: INFO  :: SMODS :: Steamodded v1.0.0~BETA-0506d
INFO - [♥] Applied 9 patches to 'engine/sound_manager.lua'
INFO - [♥] Applied 3 patches to 'engine/save_manager.lua'
INFO - [♥] Applied 2 patches to 'engine/string_packer.lua'
INFO - [G] 2025-05-07 09:06:57 :: ERROR :: Loader :: Found invalid metadata JSON file at C:\Users\erikk\AppData\Roaming\Balatro\Mods/Balatro-Aikoyoris-Shenanigans/.luarc.json, ignoring: [SMODS _ "src/loader.lua"]:226: id
INFO - [G] 2025-05-07 09:06:57 :: ERROR :: Loader :: Found invalid metadata JSON file at C:\Users\erikk\AppData\Roaming\Balatro\Mods/Balatro-Aikoyoris-Shenanigans/.vscode/settings.json, ignoring: [SMODS _ "src/loader.lua"]:226: id
INFO - [G] 2025-05-07 09:06:57 :: INFO  :: Loader :: Valid JSON file found
INFO - [G] 2025-05-07 09:06:57 :: INFO  :: Loader :: Valid JSON file found
INFO - [G] 2025-05-07 09:06:57 :: INFO  :: Loader :: Valid JSON file found
INFO - [G] 2025-05-07 09:06:57 :: INFO  :: Loader :: Valid JSON file found
INFO - [G] 2025-05-07 09:06:57 :: ERROR :: Loader :: Found invalid metadata JSON file at C:\Users\erikk\AppData\Roaming\Balatro\Mods/DebugPlus/.luarc.json, ignoring: [SMODS _ "src/loader.lua"]:226: id
INFO - [G] 2025-05-07 09:06:57 :: ERROR :: Loader :: Found invalid metadata JSON file at C:\Users\erikk\AppData\Roaming\Balatro\Mods/DebugPlus/dev/.luarc.json, ignoring: [SMODS _ "src/loader.lua"]:226: id
INFO - [G] 2025-05-07 09:06:57 :: INFO  :: Loader :: Valid JSON file found
INFO - [G] 2025-05-07 09:06:57 :: ERROR :: Loader :: Found invalid metadata JSON file at C:\Users\erikk\AppData\Roaming\Balatro\Mods/Entropy/.vscode/settings.json, ignoring: [SMODS _ "src/loader.lua"]:226: id
INFO - [G] 2025-05-07 09:06:57 :: INFO  :: Loader :: Valid JSON file found
INFO - [G] 2025-05-07 09:06:57 :: INFO  :: Loader :: Valid JSON file found
INFO - [G] 2025-05-07 09:06:57 :: INFO  :: Loader :: Valid JSON file found
INFO - [G] 2025-05-07 09:06:57 :: INFO  :: Loader :: Valid JSON file found
INFO - [G] 2025-05-07 09:06:57 :: TRACE :: Loader :: Processing Mod file (Legacy header): steamodded.lua
INFO - [G] 2025-05-07 09:06:57 :: WARN  :: Loader :: Duplicate Mod ID: Handy
INFO - [G] 2025-05-07 09:06:57 :: INFO  :: Loader :: Valid JSON file found
INFO - [G] 2025-05-07 09:06:57 :: TRACE :: Loader :: Processing Mod file (Legacy header): steamodded_metadata.lua
INFO - [G] 2025-05-07 09:06:57 :: TRACE :: Loader :: Saving Mod Info: Talisman
INFO - [G] 2025-05-07 09:06:57 :: INFO  :: Loader :: Valid JSON file found
INFO - [G] 2025-05-07 09:06:57 :: TRACE :: Loader :: Mod CardSleeves was unable to load: 
INFO - [G] 2025-05-07 09:06:57 :: WARN  :: Sound :: Object garb_surge has the same key as an existing object, not registering.
INFO - [G] 2025-05-07 09:06:57 :: WARN  :: Sound :: If you want to modify an existing object, use take_ownership()
INFO - [G] 2025-05-07 09:06:57 :: TRACE :: Loader :: Mod Cryptid was unable to load: 
INFO - [G] 2025-05-07 09:06:57 :: TRACE :: Loader :: Mod SGTMD was unable to load: 
INFO - [G] 2025-05-07 09:06:58 :: WARN  :: Draw Step :: Detected duplicate register call on object floating_sprite
INFO - [G] 2025-05-07 09:06:58 :: WARN  :: Draw Step :: Detected duplicate register call on object front
INFO - [G] 2025-05-07 09:06:58 :: TRACE :: Loader :: Mod entr was unable to load: Missing Dependencies: 1: Cryptid


INFO - [G] 2025-05-07 09:06:58 :: INFO  :: TIMER :: [0000] Injected Language in 0.001 ms
INFO - [G] 2025-05-07 09:06:58 :: INFO  :: TIMER :: [0000] Injected [INTERNAL] in 1.645 ms
INFO - [G] 2025-05-07 09:07:00 :: INFO  :: TIMER :: [0065] Injected Atlas in 2214.301 ms
INFO - [G] 2025-05-07 09:07:00 :: INFO  :: TIMER :: [0027] Injected Sound in 21.625 ms
INFO - [G] 2025-05-07 09:07:00 :: INFO  :: TIMER :: [0008] Injected Stake in 0.267 ms
INFO - [G] 2025-05-07 09:07:00 :: INFO  :: TIMER :: [0004] Injected Rarity in 0.024 ms
INFO - [G] 2025-05-07 09:07:00 :: INFO  :: TIMER :: [0031] Injected ObjectType in 1.153 ms
INFO - [G] 2025-05-07 09:07:00 :: INFO  :: TIMER :: [0569] Injected Center in 5.661 ms
INFO - [G] 2025-05-07 09:07:00 :: INFO  :: TIMER :: [0010] Injected Undiscovered Sprite in 0.030 ms
INFO - [G] 2025-05-07 09:07:00 :: INFO  :: TIMER :: [0052] Injected Blind in 0.147 ms
INFO - [G] 2025-05-07 09:07:00 :: INFO  :: TIMER :: [0009] Injected Seal in 0.414 ms
INFO - [G] 2025-05-07 09:07:00 :: INFO  :: TIMER :: [0009] Injected Suit in 0.155 ms
INFO - [G] 2025-05-07 09:07:00 :: INFO  :: TIMER :: [0014] Injected Rank in 0.192 ms
INFO - [G] 2025-05-07 09:07:00 :: INFO  :: TIMER :: [0033] Injected DeckSkin in 0.311 ms
INFO - [G] 2025-05-07 09:07:00 :: INFO  :: TIMER :: [0048] Injected PokerHand in 2.424 ms
INFO - [G] 2025-05-07 09:07:00 :: INFO  :: TIMER :: [0030] Injected Challenge in 0.070 ms
INFO - [G] 2025-05-07 09:07:00 :: INFO  :: TIMER :: [0001] Injected Tag in 0.010 ms
INFO - [G] 2025-05-07 09:07:00 :: INFO  :: TIMER :: [0010] Injected Sticker in 0.174 ms
INFO - [G] 2025-05-07 09:07:00 :: INFO  :: TIMER :: [0006] Injected Shader in 90.698 ms
INFO - [G] 2025-05-07 09:07:00 :: INFO  :: TIMER :: [0002] Injected Keybind in 0.015 ms
INFO - [G] 2025-05-07 09:07:00 :: INFO  :: TIMER :: [0006] Injected Achievement in 0.109 ms
INFO - [G] 2025-05-07 09:07:00 :: INFO  :: TIMER :: [0004] Injected nil in 0.023 ms
INFO - [G] 2025-05-07 09:07:00 :: INFO  :: TIMER :: [0023] Injected Draw Step in 0.076 ms
INFO - [G] 2025-05-07 09:07:00 :: INFO  :: TIMER :: [0000] Injected [INTERNAL] in 13.925 ms
INFO - [G] 2025-05-07 09:07:00 :: INFO  :: TIMER :: [0002] Injected nil in 7.838 ms
INFO - [G] line not found
INFO - [G] file not found: main.lua: No such file or directory
INFO - [G] file not found: main.lua: No such file or directory
INFO - [G] line not found
INFO - [G] line not found
INFO - [G] line not found
INFO - [G] file not found: main.lua: No such file or directory
INFO - [G] file not found: main.lua: No such file or directory
INFO - [G] 2025-05-07 09:07:03 :: ERROR :: StackTrace :: Oops! The game crashed
functions/misc_functions.lua:270: attempt to index local 'args' (a boolean value)
Stack Traceback
===============
(1) Lua local 'handler' at file 'main.lua:612'
	Local variables:
	 msg = string: "functions/misc_functions.lua:270: attempt to index local 'args' (a boolean value)"
	 (*temporary) = Lua function '?' (defined at line 31 of chunk [SMODS _ "src/logging.lua"])
	 (*temporary) = string: "Oops! The game crashed\
"
(2) LÖVE metamethod at file 'boot.lua:352'
	Local variables:
	 errhand = Lua function '?' (defined at line 598 of chunk main.lua)
	 handler = Lua function '?' (defined at line 598 of chunk main.lua)
(3) Lua global 'pseudorandom_element' at file 'functions/misc_functions.lua:270'
	Local variables:
	 _t = table: 0x3582d768  {1:0.24, 2:-0.24}
	 seed = nil
	 args = boolean: true
	 keys = table: 0x3582d7a8  {}
	 (for generator) = C function: next
	 (for state) = table: 0x3582d768  {1:0.24, 2:-0.24}
	 (for control) = number: nan
	 k = number: 1
	 v = number: 0.24
	 keep = boolean: true
	 (*temporary) = table: 0x31d601b8  {1:table: 0x3231adc0, 2:table: 0x33f82da8, 3:table: 0x33f868e8, 4:table: 0x34231720, 5:table: 0x34233038, 6:table: 0x34236a98, 7:table: 0x33fcf230 (more...)}
	 (*temporary) = table: 0x3582b970  {float:true, click_offset:table: 0x3582baf8, children:table: 0x3582c1b8, sprite_pos:table: 0x3582b878, T:table: 0x3582ba70, offset:table: 0x3582c940 (more...)}
	 (*temporary) = table: 0x3582c630  {1:102, 2:34}
	 (*temporary) = table: 0x3582c630  {1:102, 2:34}
	 (*temporary) = string: "attempt to index local 'args' (a boolean value)"
(4) Lua method 'juice_up' at file 'engine/moveable.lua:260'
	Local variables:
	 self = table: 0x3582b970  {float:true, click_offset:table: 0x3582baf8, children:table: 0x3582c1b8, sprite_pos:table: 0x3582b878, T:table: 0x3582ba70, offset:table: 0x3582c940 (more...)}
	 amount = nil
	 rot_amt = nil
	 amount = number: 0.4
	 end_time = number: 14.5849
	 start_time = number: 14.1849
	 (*temporary) = table: 0x3582d678  {scale:0, r:0, scale_amt:0.4}
(5) Lua global 'buildModtag' at Steamodded file 'src/ui.lua:865' 
	Local variables:
	 mod = table: 0x31c1b820  {version:0.5.0, id:entr, prefix:entr, lovely:true, can_load:false, load_issues:table: 0x321ebfd0, badge_colour:table: 0x31cb42b8, badge_text_colour:table: 0x31fe53b8 (more...)}
	 tag_atlas = string: "mod_tags"
	 tag_pos = table: 0x3582b878  {y:0, x:0}
	 tag_message = string: "load_failure_d"
	 specific_vars = table: 0x3582b928  {1:Cryptid}
	 tag_sprite_tab = table: 0x3582c678  {nodes:table: 0x3582c768, n:3, config:table: 0x3582c708}
	 tag_sprite = table: 0x3582b970  {float:true, click_offset:table: 0x3582baf8, children:table: 0x3582c1b8, sprite_pos:table: 0x3582b878, T:table: 0x3582ba70, offset:table: 0x3582c940 (more...)}
(6) Lua upvalue 'createClickableModBox' at Steamodded file 'src/ui.lua:954' 
	Local variables:
	 modInfo = table: 0x31c1b820  {version:0.5.0, id:entr, prefix:entr, lovely:true, can_load:false, load_issues:table: 0x321ebfd0, badge_colour:table: 0x31cb42b8, badge_text_colour:table: 0x31fe53b8 (more...)}
	 scale = number: 0.375
	 invert = Lua function '?' (defined at line 872 of chunk [SMODS _ "src/ui.lua"])
	 col = table: 0x32365f68  {1:0.78474143876665, 2:0.48943372501557, 3:0.40535320232194, 4:1, prefix_config:table: 0x32365f90, original_key:warning_bg, registered:true, colours:table: 0x32366308 (more...)}
	 text_col = table: 0x323666c8  {1:0.99881934641002, 2:0.81109542560367, 3:0.79928888970389, 4:1, prefix_config:table: 0x323666f0, original_key:warning_text, registered:true (more...)}
	 label = table: 0x3582a650  {1: Entropy , 2: By: Ruby }
	 but = table: 0x3582ae48  {nodes:table: 0x3582af38, n:4, config:table: 0x3582aed8}
	 version_col = table: 0x3582b338  {1:1, 2:1, 3:1, 4:0.6}
	 (*temporary) = table: 0x3582b608  {n:4, config:table: 0x3582b698}
	 (*temporary) = table: 0x3582b6f8  {}
	 (*temporary) = table: 0x3582b748  {n:3, config:table: 0x3582b7d8}
	 (*temporary) = table: 0x3582b838  {}
(7) Lua field 'dynamicModListContent' at Steamodded file 'src/ui.lua:1704' 
	Local variables:
	 page = nil
	 scale = number: 0.75
	 _ = string: "Page 1/3"
	 __ = table: 0x3582a4e0  {1:Page 1/3, 2:Page 2/3, 3:Page 3/3}
	 showingList = boolean: true
	 startIndex = number: 1
	 endIndex = number: 4
	 modsPerPage = number: 4
	 modNodes = table: 0x3582a538  {}
	 modCount = number: 0
	 id = number: 1
	 (for generator) = C function: builtin#6
	 (for state) = table: 0x3582a560  {1:function: 0x3582a5b0, 2:function: 0x3582a5d0, 3:function: 0x3582a5f0, 4:function: 0x3582a610}
	 (for control) = number: 1
	 _ = number: 1
	 condition = Lua function '?' (defined at line 1694 of chunk [SMODS _ "src/ui.lua"])
	 (for generator) = C function: builtin#6
	 (for state) = table: 0x3237d578  {1:table: 0x31f357f8, 2:table: 0x324ec4c8, 3:table: 0x324ef6b8, 4:table: 0x32172388, 5:table: 0x31f5e400, 6:table: 0x31c0eae0, 7:table: 0x324d6f28 (more...)}
	 (for control) = number: 12
	 _ = number: 12
	 modInfo = table: 0x31c1b820  {version:0.5.0, id:entr, prefix:entr, lovely:true, can_load:false, load_issues:table: 0x321ebfd0, badge_colour:table: 0x31cb42b8, badge_text_colour:table: 0x31fe53b8 (more...)}
	 (*temporary) = C function: builtin#96
	 (*temporary) = table: 0x3582a538  {}
(8) Lua upvalue 'updateFunction' at Steamodded file 'src/ui.lua:1390' 
	Local variables:
	 args = table: 0x3582a3f8  {cycle_config:table: 0x3582a458}
	 (*temporary) = Lua function '?' (defined at line 1529 of chunk [SMODS _ "src/ui.lua"])
	 (*temporary) = table: 0x3582a480  {}
(9) Lua field 'func' at Steamodded file 'src/ui.lua:1521' 
(10) Lua method 'handle' at file 'engine/event.lua:101'
	Local variables:
	 self = table: 0x3572e7c0  {start_timer:true, timer:REAL, blockable:true, trigger:immediate, func:function: 0x3572ba18, delay:0, complete:false, time:14.18487532991, blocking:true (more...)}
	 _results = table: 0x33e458c0  {blocking:true, pause_skip:false, time_done:false, completed:false}
(11) Lua upvalue 'gameUpdate' at file 'engine/event.lua:186'
	Local variables:
	 self = table: 0x3231c5e8  {queue_last_processed:3.0333333333333, queues:table: 0x3231c610, queue_dt:0.016666666666667, queue_timer:3.0367281886558}
	 dt = number: 0.00349633
	 forced = nil
	 (for generator) = C function: next
	 (for state) = table: 0x3231c610  {unlock:table: 0x3231c700, galdur:table: 0x32344240, other:table: 0x3231c7a0, tutorial:table: 0x3231c750, akyrs_desc:table: 0x3231c7c8, base:table: 0x3231c728 (more...)}
	 (for control) = number: nan
	 k = string: "base"
	 v = table: 0x3231c728  {1:table: 0x33f84990, 2:table: 0x34236340, 3:table: 0x342367d8, 4:table: 0x34236880, 5:table: 0x33ff8390, 6:table: 0x3572e7c0, 7:table: 0x357ee000 (more...)}
	 blocked = boolean: false
	 i = number: 6
	 results = table: 0x33e458c0  {blocking:true, pause_skip:false, time_done:false, completed:false}
(12) Lua method 'update' at file './modules/hooks/general.lua:76' (from mod with id aikoyorisshenanigans)
	Local variables:
	 self = table: 0x3231c5e8  {queue_last_processed:3.0333333333333, queues:table: 0x3231c610, queue_dt:0.016666666666667, queue_timer:3.0367281886558}
	 dt = number: 0.00349633
	 forced = nil
(13) Lua upvalue 'gameUpdateRef' at file 'game.lua:2676'
	Local variables:
	 self = table: 0x31d4f4b0  {F_GUIDE:false, F_CRASH_REPORTS:false, F_QUIT_BUTTON:true, F_ENGLISH_ONLY:false, sort_id:4, F_VIDEO_SETTINGS:true, STAGE:1, F_MOBILE_UI:false (more...)}
	 dt = number: 0
	 http_resp = nil
(14) Lua upvalue 'upd' at Steamodded file 'src/ui.lua:84' 
	Local variables:
	 self = table: 0x31d4f4b0  {F_GUIDE:false, F_CRASH_REPORTS:false, F_QUIT_BUTTON:true, F_ENGLISH_ONLY:false, sort_id:4, F_VIDEO_SETTINGS:true, STAGE:1, F_MOBILE_UI:false (more...)}
	 dt = number: 0.00349633
(15) Lua method 'update' at file 'main.lua:6357'
	Local variables:
	 self = table: 0x31d4f4b0  {F_GUIDE:false, F_CRASH_REPORTS:false, F_QUIT_BUTTON:true, F_ENGLISH_ONLY:false, sort_id:4, F_VIDEO_SETTINGS:true, STAGE:1, F_MOBILE_UI:false (more...)}
	 dt = number: 0.00349633
(16) Lua upvalue 'love_update_ref' at file 'main.lua:1118'
	Local variables:
	 dt = number: 0.00349633
(17) Lua upvalue 'oldupd' at file 'main.lua:4341'
	Local variables:
	 dt = number: 0.00349633
(18) Lua field 'update' at file 'main.lua:6390'
	Local variables:
	 dt = number: 0.00349633
(19) Lua function '?' at file 'main.lua:938' (best guess)
(20) global C function 'xpcall'
(21) LÖVE function at file 'boot.lua:377' (best guess)
	Local variables:
	 func = Lua function '?' (defined at line 909 of chunk main.lua)
	 inerror = boolean: true
	 deferErrhand = Lua function '(LÖVE Function)' (defined at line 348 of chunk [love "boot.lua"])
	 earlyinit = Lua function '(LÖVE Function)' (defined at line 355 of chunk [love "boot.lua"])

INFO - [G] line not found
INFO - [G] line not found
INFO - [G] line not found
INFO - [G] file not found: main.lua: No such file or directory
INFO - [G] file not found: main.lua: No such file or directory
INFO - [G] 2025-05-07 09:07:03 :: INFO  :: StackTrace :: Additional Context:
Balatro Version: 1.0.1o-FULL
Modded Version: 1.0.0~BETA-0506d-STEAMODDED
LÖVE Version: 11.5.0
Lovely Version: 0.7.1
Platform: Windows
Steamodded Mods:
    1: Balatro Goes Kino by IcyEthics [ID: kino, Version: 0.9.0a, Uses Lovely]
    2: Talisman by MathIsFun_, Mathguy24, jenwalter666, cg-223 [ID: Talisman, Version: 2.2.0b, Uses Lovely]
        Break Infinity: omeganum
    3: Galdur by Eremel_ [ID: galdur, Priority: -10000, Version: 1.2, Uses Lovely]
    4: Aikoyori's Shenanigans by Aikoyori [ID: aikoyorisshenanigans, Priority: 300, Version: 0.2.0-alpha-250507a, Uses Lovely]
    5: Handy by SleepyG11 [ID: Handy, Version: 1.4.2a, Uses Lovely]
    6: DebugPlus by WilsontheWolf [ID: DebugPlus, Version: 1.5.0~dev, Uses Lovely]
    7: Garbshit by garb [ID: GARBPACK, Version: 2.0.1, Uses Lovely]
    8: Banner by SylviBlossom [ID: banner, Version: 1.1.1, Uses Lovely]
Lovely Mods:
    1: Entropy
        Has Steamodded mod that failed to load.
        Missing Dependencies:
            1. Cryptid
