INFO - [♥] Lovely 0.7.1
INFO - [♥] Game directory is at "C:\\Program Files (x86)\\Steam\\steamapps\\common\\Balatro"
INFO - [♥] Writing logs to "C:\\Users\\erikk\\AppData\\Roaming\\Balatro\\Mods\\lovely\\log"
INFO - [♥] Using mod directory at "C:\\Users\\erikk\\AppData\\Roaming\\Balatro\\Mods"
INFO - [♥] Found .lovelyignore in 'Quilombo', skipping it.
WARN - [♥] Unknown key `patches.49.?.match_indent` found in patch file at "C:\\Users\\erikk\\AppData\\Roaming\\Balatro\\Mods\\Talisman\\lovely.toml", ignoring it
WARN - [♥] Unknown key `patches.52.?.match_indent` found in patch file at "C:\\Users\\erikk\\AppData\\Roaming\\Balatro\\Mods\\Talisman\\lovely.toml", ignoring it
INFO - [♥] Cleaning up dumps directory at "C:\\Users\\erikk\\AppData\\Roaming\\Balatro\\Mods\\lovely\\dump"
INFO - [♥] Initialization complete in 58ms
WARN - [♥] Pattern 'G.ARGS.score_intensity.organ = G.video_organ or G.ARGS.score_intensity.required_score > 0 and math.max(math.min(0.4, 0.1*math.log(G.ARGS.score_intensity.earned_score/(G.ARGS.score_intensity.required_score+1), 5)),0.) or 0' on target 'main.lua' for pattern patch from Talisman\lovely.toml resulted in no matches
WARN - [♥] Pattern 'if type(G.GAME.current_round.current_hand.chips) ~= \'number\' or type(G.GAME.current_round.current_hand.mult) ~= \'number\' then' on target 'main.lua' for pattern patch from Talisman\lovely.toml resulted in no matches
INFO - [♥] Applied 20 patches to 'main.lua'
INFO - [♥] Applied 2 patches to 'engine/string_packer.lua'
INFO - [♥] Applied 6 patches to 'engine/controller.lua'
INFO - [♥] Applied 22 patches to 'back.lua'
INFO - [♥] Applied 7 patches to 'tag.lua'
INFO - [♥] Applied 2 patches to 'engine/moveable.lua'
INFO - [♥] Applied 2 patches to 'engine/sprite.lua'
INFO - [♥] Applied 2 patches to 'engine/animatedsprite.lua'
WARN - [♥] Pattern 'assembled_string = assembled_string..(type(subpart) == \'string\' and subpart or args.vars[tonumber(subpart[1])] or \'ERROR\')' on target 'functions/misc_functions.lua' for pattern patch from Talisman\lovely.toml resulted in no matches
INFO - [♥] Applied 52 patches to 'functions/misc_functions.lua'
WARN - [♥] Pattern 'if G.GAME.chips - G.GAME.blind.chips >= 0 or G.GAME.current_round.hands_left < 1 then' on target 'game.lua' for pattern patch from Prism-main\lovely.toml resulted in no matches
WARN - [♥] Pattern 'SC = Card(G.ROOM.T.w/2 - SC_scale*G.CARD_W/2, 10. + G.ROOM.T.h/2 - SC_scale*G.CARD_H/2, SC_scale*G.CARD_W, SC_scale*G.CARD_H, G.P_CARDS.empty, G.P_CENTERS[\'j_jolly\'],{bypass_discovery_center = true, bypass_discovery_ui = true})' on target 'game.lua' for pattern patch from Prism-main\lovely.toml resulted in no matches
INFO - [♥] Applied 52 patches to 'game.lua'
INFO - [♥] Applied 2 patches to 'globals.lua'
INFO - [♥] Applied 6 patches to 'engine/ui.lua'
WARN - [♥] Pattern '{n=G.UIT.O, config={object = DynaText({string = {{ref_table = G.GAME.round_resets, ref_value = \'ante_disp\'}}, colours = {G.C.IMPORTANT},shadow = true, font = G.LANGUAGES[\'en-us\'].font, scale = scale_number(G.GAME.round_resets.ante, 2*scale, 100)}),id = \'ante_UI_count\'}},--{n=G.UIT.T, config={text = number_format(G.GAME.round_resets.ante), lang = G.LANGUAGES[\'en-us\'], scale = scale_number(G.GAME.round_resets.ante, 2*scale, 100), colour = G.C.IMPORTANT, shadow = true,id = \'ante_UI_count\'}},' on target 'functions/UI_definitions.lua' for pattern patch from SauKhongHuDecks\lovely.toml resulted in no matches
WARN - [♥] Pattern '{n=G.UIT.T, config={text = G.GAME.hands[handname].chips, scale = 0.45, colour = G.C.UI.TEXT_LIGHT}},' on target 'functions/UI_definitions.lua' for pattern patch from Talisman\lovely.toml resulted in no matches
WARN - [♥] Pattern '{n=G.UIT.T, config={text = G.GAME.hands[handname].mult, scale = 0.45, colour = G.C.UI.TEXT_LIGHT}}' on target 'functions/UI_definitions.lua' for pattern patch from Talisman\lovely.toml resulted in no matches
WARN - [♥] Pattern '{n=G.UIT.O, config={object = DynaText({string = {{ref_table = G.GAME.round_resets, ref_value = \'ante\'}}, colours = {G.C.IMPORTANT},shadow = true, font = G.LANGUAGES[\'en-us\'].font, scale = 2*scale}),id = \'ante_UI_count\'}},' on target 'functions/UI_definitions.lua' for pattern patch from Talisman\lovely.toml resulted in no matches
INFO - [♥] Applied 79 patches to 'functions/UI_definitions.lua'
WARN - [♥] Pattern 'mult, hand_chips, modded = G.GAME.blind:modify_hand(G.play.cards, poker_hands, text, mult, hand_chips)' on target 'functions/state_events.lua' for pattern patch from AzzysJokers-1.2.2\lovely\patcher.toml resulted in no matches
WARN - [♥] Pattern 'card_eval_status_text((reps[j].jokers or reps[j].seals).card, \'jokers\', nil, nil, nil, (reps[j].jokers or reps[j].seals))' on target 'functions/state_events.lua' for pattern patch from AzzysJokers-1.2.2\lovely\patcher.toml resulted in no matches
WARN - [♥] Pattern 'if effects[ii].card then' on target 'functions/state_events.lua' for pattern patch from Talisman\lovely.toml resulted in no matches
WARN - [♥] Pattern 'if effects.jokers.Xmult_mod then mult = mod_mult(mult*effects.jokers.Xmult_mod);extras.mult = true  end' on target 'functions/state_events.lua' for pattern patch from Talisman\lovely.toml resulted in no matches
WARN - [♥] Pattern 'if effect.Xmult_mod then mult = mod_mult(mult*effect.Xmult_mod);extras.mult = true  end' on target 'functions/state_events.lua' for pattern patch from Talisman\lovely.toml resulted in no matches
WARN - [♥] Pattern 'if effects[ii].message then' on target 'functions/state_events.lua' for pattern patch from Talisman\lovely.toml resulted in no matches
WARN - [♥] Pattern '--calculate the card edition effects' on target 'functions/state_events.lua' for pattern patch from Talisman\lovely.toml resulted in no matches
WARN - [♥] Pattern 'if effects[ii].edition.p_dollars_mod then' on target 'functions/state_events.lua' for pattern patch from Talisman\lovely.toml resulted in no matches
WARN - [♥] Pattern 'if edition_effects.jokers.x_mult_mod then' on target 'functions/state_events.lua' for pattern patch from Talisman\lovely.toml resulted in no matches
INFO - [♥] Applied 67 patches to 'functions/state_events.lua'
WARN - [♥] Pattern 'if num_dollars > 60 then' on target 'functions/common_events.lua' for pattern patch from Talisman\lovely.toml resulted in no matches
WARN - [♥] Pattern 'func = (function() if eval_func(card) then if not first or first then card:juice_up(0.1, 0.1) end;juice_card_until(card, eval_func, nil, 0.8) end return true end)' on target 'functions/common_events.lua' for pattern patch from Talisman\lovely.toml resulted in no matches
INFO - [♥] Applied 142 patches to 'functions/common_events.lua'
WARN - [♥] Regex '(?<indent>[\\t ]*)voucher_pool\\[i\\+\\(j-1\\)\\*4 \\+ \\(8\\*\\(args\\.cycle_config\\.current_option - 1\\)\\)\\]\\n[\\s\\S]{6}if not center then break end\\n[\\s\\S]{6}local card = Card\\(G\\.your_collection\\[j\\]\\.T\\.x \\+ G\\.your_collection\\[j\\]\\.T\\.w\\/2, G\\.your_collection\\[j\\]\\.T\\.y, G\\.CARD_W, G\\.CARD_H, G\\.P_CARDS\\.empty, center\\)' on target 'functions/button_callbacks.lua' for regex patch from Flower-Pot-main\lovely\stat_type.toml resulted in no matches
INFO - [♥] Applied 65 patches to 'functions/button_callbacks.lua'
WARN - [♥] Pattern 'if G.GAME.blind and G.GAME.blind.in_blind then G.E_MANAGER:add_event(Event({ func = function() G.GAME.blind:set_blind(nil, true, nil); return true end })) end' on target 'card.lua' for pattern patch from smods-main\lovely\calculate_card_added.toml resulted in 2 matches, wanted 1
WARN - [♥] Ignoring excess matches
WARN - [♥] Pattern 'if G.GAME.blind then G.E_MANAGER:add_event(Event({ func = function() G.GAME.blind:set_blind(nil, true, nil); return true end })) end' on target 'card.lua' for pattern patch from Talisman\lovely.toml resulted in no matches
WARN - [♥] Pattern 'x_mult = center.config.Xmult or 1,' on target 'card.lua' for pattern patch from Talisman\lovely.toml resulted in no matches
INFO - [♥] Applied 169 patches to 'card.lua'
INFO - [♥] Applied 9 patches to 'cardarea.lua'
INFO - [♥] Applied 38 patches to 'blind.lua'
INFO - [♥] Applied 5 patches to 'engine/text.lua'
INFO - [♥] Applied 3 patches to 'challenges.lua'
INFO - [♥] Applied 1 patch to '=[SMODS _ "src/ui.lua"]'
INFO - [♥] Applied 2 patches to '=[SMODS _ "src/utils.lua"]'
INFO - [G] Failed to connect to the debug server
INFO - [G] 2025-04-15 11:10:30 :: DEBUG :: DebugConsole :: Steamodded Debug Socket started !
INFO - [G] 2025-04-15 11:10:30 :: INFO  :: SMODS :: Steamodded v1.0.0~BETA-0324b
INFO - [♥] Applied 9 patches to 'engine/sound_manager.lua'
INFO - [♥] Applied 3 patches to 'engine/save_manager.lua'
INFO - [♥] Applied 2 patches to 'engine/string_packer.lua'
INFO - [G] 2025-04-15 11:10:32 :: TRACE :: Loader :: Processing Mod file (Legacy header): Azazel.lua
INFO - [G] 2025-04-15 11:10:32 :: TRACE :: Loader :: Saving Mod Info: AzzysJokers
INFO - [G] 2025-04-15 11:10:32 :: INFO  :: Loader :: Valid JSON file found
INFO - [G] 2025-04-15 11:10:32 :: INFO  :: Loader :: Valid JSON file found
INFO - [G] 2025-04-15 11:10:32 :: INFO  :: Loader :: Valid JSON file found
INFO - [G] 2025-04-15 11:10:32 :: INFO  :: Loader :: Valid JSON file found
INFO - [G] 2025-04-15 11:10:32 :: TRACE :: Loader :: Processing Mod file (Legacy header): MoreFluff.lua
INFO - [G] 2025-04-15 11:10:32 :: TRACE :: Loader :: Saving Mod Info: MoreFluff
INFO - [G] 2025-04-15 11:10:32 :: INFO  :: Loader :: Valid JSON file found
INFO - [G] 2025-04-15 11:10:32 :: INFO  :: Loader :: Valid JSON file found
INFO - [G] 2025-04-15 11:10:32 :: INFO  :: Loader :: Valid JSON file found
INFO - [G] 2025-04-15 11:10:32 :: INFO  :: Loader :: Valid JSON file found
INFO - [G] 2025-04-15 11:10:32 :: INFO  :: Loader :: Valid JSON file found
INFO - [G] 2025-04-15 11:10:32 :: TRACE :: Loader :: Processing Mod file (Legacy header): main.lua
INFO - [G] 2025-04-15 11:10:32 :: TRACE :: Loader :: Saving Mod Info: sdm0sstuff
INFO - [G] 2025-04-15 11:10:32 :: ERROR :: Loader :: Found invalid metadata JSON file at C:\Users\erikk\AppData\Roaming\Balatro\Mods/SauKhongHuDecks/.vscode/settings.json, ignoring: [SMODS _ "src/loader.lua"]:226: id
INFO - [G] 2025-04-15 11:10:32 :: INFO  :: Loader :: Valid JSON file found
INFO - [G] 2025-04-15 11:10:32 :: INFO  :: Loader :: Valid JSON file found
INFO - [G] 2025-04-15 11:10:32 :: TRACE :: Loader :: Processing Mod file (Legacy header): steamodded_metadata.lua
INFO - [G] 2025-04-15 11:10:32 :: TRACE :: Loader :: Saving Mod Info: Talisman
INFO - [G] 2025-04-15 11:10:32 :: INFO  :: Loader :: Valid JSON file found
INFO - [G] 2025-04-15 11:10:32 :: ERROR :: Loader :: Found invalid metadata JSON file at C:\Users\erikk\AppData\Roaming\Balatro\Mods/TooManyDecks-main/.vscode/settings.json, ignoring: [SMODS _ "src/loader.lua"]:226: id
INFO - [G] 2025-04-15 11:10:32 :: INFO  :: Loader :: Valid JSON file found
INFO - [G] 2025-04-15 11:10:32 :: INFO  :: Loader :: Valid JSON file found
INFO - [G] 2025-04-15 11:10:32 :: INFO  :: Loader :: Valid JSON file found
INFO - [G] basepaul_card
INFO - [G] clownfish
INFO - [G] expansion_pack
INFO - [G] hollow
INFO - [G] jester
INFO - [G] lollipop
INFO - [G] luckycharm
INFO - [G] monochrome
INFO - [G] mspaint
INFO - [G] simplified
INFO - [G] spiral
INFO - [G] treasuremap
INFO - [G] philosophical
INFO - [G] badlegaldefence
INFO - [G] clipart
INFO - [G] dropkick
INFO - [G] bladedance
INFO - [G] hyperbeam
INFO - [G] blasphemy
INFO - [G] dramaticentrance
INFO - [G] coupon_catalogue
INFO - [G] css
INFO - [G] globe
INFO - [G] goldencarrot
INFO - [G] hallofmirrors
INFO - [G] impostor
INFO - [G] tonersoup
INFO - [G] loadeddisk
INFO - [G] stylemeter
INFO - [G] teacup
INFO - [G] recycling
INFO - [G] virtual
INFO - [G] bloodpact
INFO - [G] bowlingball
INFO - [G] cba
INFO - [G] fleshprison
INFO - [G] hugejoker
INFO - [G] jankman
INFO - [G] mashupalbum
INFO - [G] pixeljoker
INFO - [G] rainbowjoker
INFO - [G] rosetinted
INFO - [G] the_solo
INFO - [G] triangle
INFO - [G] colorem
INFO - [G] flintandsteel
INFO - [G] junkmail
INFO - [G] gemstonejoker
INFO - [G] stonejokerjoker
INFO - [G] tealjoker
INFO - [G] yuckyrat
INFO - [G] allicantdo
INFO - [G] brass
INFO - [G] hyperjimbo
INFO - [G] top10
INFO - [G] marigold
INFO - [G] 2025-04-15 11:10:32 :: INFO  :: SKHDecks :: The library file assets.lua has been loaded!
INFO - [G] 2025-04-15 11:10:32 :: INFO  :: SKHDecks :: The library file functions.lua has been loaded!
INFO - [G] 2025-04-15 11:10:32 :: INFO  :: SKHDecks :: The item file divine_entity.lua has been loaded!
INFO - [G] 2025-04-15 11:10:32 :: INFO  :: SKHDecks :: The item file forgotten_sin.lua has been loaded!
INFO - [G] 2025-04-15 11:10:32 :: INFO  :: SKHDecks :: The item file heavenly_virtue.lua has been loaded!
INFO - [G] 2025-04-15 11:10:32 :: INFO  :: SKHDecks :: The item file deadly_sin.lua has been loaded!
INFO - [G] 2025-04-15 11:10:32 :: INFO  :: SKHDecks :: The item file forgotten_virtue.lua has been loaded!
INFO - [G] 2025-04-15 11:10:32 :: INFO  :: TOGAPack :: Hello World! Starting TOGAPack...
INFO - [G] 2025-04-15 11:10:32 :: TRACE :: Loader :: Mod quilombo was unable to load: 
INFO - [G] 2025-04-15 11:10:32 :: INFO  :: Mistigris :: Successfully loaded src/startup/game_hooks.lua!
INFO - [G] 2025-04-15 11:10:32 :: INFO  :: Mistigris :: Successfully loaded src/startup/smods_assets.lua!
INFO - [G] 2025-04-15 11:10:32 :: INFO  :: Mistigris :: Successfully loaded src/startup/smods_hooks.lua!
INFO - [G] 2025-04-15 11:10:32 :: INFO  :: Mistigris :: Successfully loaded src/startup/smods_ownership.lua!
INFO - [G] 2025-04-15 11:10:32 :: INFO  :: Mistigris :: Successfully loaded src/content/sleeve/tribute.lua!
INFO - [G] 2025-04-15 11:10:32 :: WARN  :: Atlas :: Detected duplicate register call on object draft_modicon
INFO - [G] 2025-04-15 11:10:32 :: INFO  :: TIMER :: [0000] Injected Language in 0.001 ms
INFO - [G] 2025-04-15 11:10:32 :: INFO  :: TIMER :: [0000] Injected [INTERNAL] in 1.901 ms
INFO - [G] 2025-04-15 11:10:35 :: INFO  :: TIMER :: [0081] Injected Atlas in 2177.549 ms
INFO - [G] 2025-04-15 11:10:35 :: INFO  :: TIMER :: [0076] Injected Sound in 209.563 ms
INFO - [G] 2025-04-15 11:10:35 :: INFO  :: TIMER :: [0009] Injected Stake in 0.359 ms
INFO - [G] 2025-04-15 11:10:35 :: INFO  :: TIMER :: [0004] Injected Rarity in 0.023 ms
INFO - [G] 2025-04-15 11:10:35 :: INFO  :: TIMER :: [0016] Injected ObjectType in 0.110 ms
INFO - [G] 2025-04-15 11:10:35 :: INFO  :: TIMER :: [0712] Injected Center in 4.781 ms
INFO - [G] 2025-04-15 11:10:35 :: INFO  :: TIMER :: [0012] Injected Undiscovered Sprite in 0.016 ms
INFO - [G] 2025-04-15 11:10:35 :: INFO  :: TIMER :: [0012] Injected Blind in 0.035 ms
INFO - [G] 2025-04-15 11:10:35 :: INFO  :: TIMER :: [0006] Injected Seal in 0.214 ms
INFO - [G] 2025-04-15 11:10:35 :: INFO  :: TIMER :: [0004] Injected Suit in 0.212 ms
INFO - [G] 2025-04-15 11:10:35 :: INFO  :: TIMER :: [0026] Injected Rank in 0.207 ms
INFO - [G] 2025-04-15 11:10:35 :: INFO  :: TIMER :: [0028] Injected DeckSkin in 0.292 ms
INFO - [G] 2025-04-15 11:10:35 :: INFO  :: TIMER :: [0012] Injected PokerHand in 0.098 ms
INFO - [G] 2025-04-15 11:10:35 :: INFO  :: TIMER :: [0028] Injected Challenge in 0.041 ms
INFO - [G] 2025-04-15 11:10:35 :: INFO  :: TIMER :: [0018] Injected Tag in 0.043 ms
INFO - [G] 2025-04-15 11:10:35 :: INFO  :: TIMER :: [0004] Injected Sticker in 0.113 ms
INFO - [G] 2025-04-15 11:10:35 :: INFO  :: TIMER :: [0009] Injected Shader in 128.231 ms
INFO - [G] 2025-04-15 11:10:35 :: INFO  :: TIMER :: [0003] Injected Keybind in 0.011 ms
INFO - [G] 2025-04-15 11:10:35 :: INFO  :: TIMER :: [0006] Injected Achievement in 0.087 ms
INFO - [G] 2025-04-15 11:10:35 :: INFO  :: TIMER :: [0004] Injected nil in 0.013 ms
INFO - [G] 2025-04-15 11:10:35 :: INFO  :: TIMER :: [0021] Injected Draw Step in 0.046 ms
INFO - [G] 2025-04-15 11:10:35 :: INFO  :: TIMER :: [0000] Injected [INTERNAL] in 29.239 ms
INFO - [G] LONG DT @ 0: 0.055714696
INFO - [G] LONG DT @ 3151: 0.055332587955267
INFO - [G] LONG DT @ 3151: 0.053594610364238
INFO - [G] LONG DT @ 3151: 0.061008528291389
INFO - [G] LONG DT @ 3151: 0.051568602633148
INFO - [G] LONG DT @ 1224: 0.076906180921836
INFO - [G] LONG DT @ 1224: 0.06627960473754
INFO - [G] LONG DT @ 1224: 0.058212423789935
INFO - [G] LONG DT @ 1224: 0.050967559032003
INFO - [G] LONG DT @ 1249: 0.064462947476023
INFO - [G] LONG DT @ 1249: 0.056172917980876
INFO - [G] LONG DT @ 1266: 0.063625995426668
INFO - [G] LONG DT @ 1266: 0.055697316341462
INFO - [G] LONG DT @ 1282: 0.068087812338961
INFO - [G] LONG DT @ 1282: 0.059441389871258
INFO - [G] LONG DT @ 1282: 0.052348411896939
INFO - [G] LONG DT @ 1295: 0.069363448653252
INFO - [G] LONG DT @ 1295: 0.06028561892264
INFO - [G] LONG DT @ 1295: 0.053056595138235
INFO - [G] LONG DT @ 1309: 0.068592399225179
INFO - [G] LONG DT @ 1309: 0.059672119380148
INFO - [G] LONG DT @ 1309: 0.052535215504038
INFO - [G] LONG DT @ 1322: 0.069798658585383
INFO - [G] LONG DT @ 1322: 0.0605954268682
INFO - [G] LONG DT @ 1322: 0.053311021494582
INFO - [G] LONG DT @ 1336: 0.070412436969628
INFO - [G] LONG DT @ 1336: 0.061320029575582
INFO - [G] LONG DT @ 1336: 0.054054143660448
INFO - [G] LONG DT @ 155: 0.067895795541985
INFO - [G] LONG DT @ 155: 0.059197136433442
INFO - [G] LONG DT @ 155: 0.051897429147074
INFO - [G] LONG DT @ 179: 0.061328392454159
INFO - [G] LONG DT @ 179: 0.051949713963519
INFO - [G] LONG DT @ 204: 0.077141411230004
INFO - [G] LONG DT @ 204: 0.065943068984008
INFO - [G] LONG DT @ 204: 0.056940195187164
INFO - [G] LONG DT @ 230: 0.053204757651617
INFO - [G] LONG DT @ 268: 0.08694691939872
INFO - [G] LONG DT @ 268: 0.076073435519134
INFO - [G] LONG DT @ 268: 0.065735668415186
INFO - [G] LONG DT @ 268: 0.057394874731926
INFO - [G] LONG DT @ 268: 0.050898299785695
INFO - [G] LONG DT @ 288: 0.081540431081533
INFO - [G] LONG DT @ 288: 0.070335604864895
INFO - [G] LONG DT @ 288: 0.061269623892157
INFO - [G] LONG DT @ 288: 0.054011699113754
INFO - [G] LONG DT @ 305: 0.077890050676069
INFO - [G] LONG DT @ 305: 0.067306320540883
INFO - [G] LONG DT @ 305: 0.058846476432532
INFO - [G] LONG DT @ 305: 0.052022881146124
INFO - [G] 2025-04-15 13:52:02 :: INFO  :: TIMER :: [0000] Injected Language in 0.002 ms
INFO - [G] 2025-04-15 13:52:02 :: INFO  :: TIMER :: [0000] Injected [INTERNAL] in 2.259 ms
INFO - [G] 2025-04-15 13:52:04 :: INFO  :: TIMER :: [0081] Injected Atlas in 2302.842 ms
INFO - [G] 2025-04-15 13:52:04 :: INFO  :: TIMER :: [0076] Injected Sound in 0.107 ms
INFO - [G] 2025-04-15 13:52:04 :: INFO  :: TIMER :: [0009] Injected Stake in 0.047 ms
INFO - [G] 2025-04-15 13:52:04 :: INFO  :: TIMER :: [0004] Injected Rarity in 0.019 ms
INFO - [G] 2025-04-15 13:52:04 :: INFO  :: TIMER :: [0016] Injected ObjectType in 0.087 ms
INFO - [G] 2025-04-15 13:52:04 :: INFO  :: TIMER :: [0712] Injected Center in 4.071 ms
INFO - [G] 2025-04-15 13:52:04 :: INFO  :: TIMER :: [0012] Injected Undiscovered Sprite in 0.014 ms
INFO - [G] 2025-04-15 13:52:04 :: INFO  :: TIMER :: [0012] Injected Blind in 0.025 ms
INFO - [G] 2025-04-15 13:52:04 :: INFO  :: TIMER :: [0006] Injected Seal in 1.217 ms
INFO - [G] 2025-04-15 13:52:04 :: INFO  :: TIMER :: [0004] Injected Suit in 0.132 ms
INFO - [G] 2025-04-15 13:52:04 :: INFO  :: TIMER :: [0026] Injected Rank in 0.116 ms
INFO - [G] 2025-04-15 13:52:04 :: INFO  :: TIMER :: [0028] Injected DeckSkin in 0.156 ms
INFO - [G] 2025-04-15 13:52:04 :: INFO  :: TIMER :: [0012] Injected PokerHand in 0.066 ms
INFO - [G] 2025-04-15 13:52:04 :: INFO  :: TIMER :: [0028] Injected Challenge in 0.030 ms
INFO - [G] 2025-04-15 13:52:04 :: INFO  :: TIMER :: [0018] Injected Tag in 0.032 ms
INFO - [G] 2025-04-15 13:52:04 :: INFO  :: TIMER :: [0004] Injected Sticker in 0.053 ms
INFO - [G] 2025-04-15 13:52:04 :: INFO  :: TIMER :: [0009] Injected Shader in 145.817 ms
INFO - [G] 2025-04-15 13:52:04 :: INFO  :: TIMER :: [0003] Injected Keybind in 0.010 ms
INFO - [G] 2025-04-15 13:52:04 :: INFO  :: TIMER :: [0006] Injected Achievement in 0.078 ms
INFO - [G] 2025-04-15 13:52:04 :: INFO  :: TIMER :: [0004] Injected nil in 0.013 ms
INFO - [G] 2025-04-15 13:52:04 :: INFO  :: TIMER :: [0021] Injected Draw Step in 0.033 ms
INFO - [G] 2025-04-15 13:52:04 :: INFO  :: TIMER :: [0000] Injected [INTERNAL] in 30.342 ms
INFO - [G] LONG DT @ 324: 0.1
INFO - [G] LONG DT @ 12: 0.083410819999772
INFO - [G] LONG DT @ 12: 0.067250555999693
INFO - [G] LONG DT @ 12: 0.054258304799852
INFO - [G] 2025-04-15 13:52:12 :: INFO  :: TIMER :: [0000] Injected Language in 0.002 ms
INFO - [G] 2025-04-15 13:52:12 :: INFO  :: TIMER :: [0000] Injected [INTERNAL] in 1.441 ms
INFO - [G] 2025-04-15 13:52:14 :: INFO  :: TIMER :: [0081] Injected Atlas in 2205.123 ms
INFO - [G] 2025-04-15 13:52:14 :: INFO  :: TIMER :: [0076] Injected Sound in 0.127 ms
INFO - [G] 2025-04-15 13:52:14 :: INFO  :: TIMER :: [0009] Injected Stake in 0.114 ms
INFO - [G] 2025-04-15 13:52:14 :: INFO  :: TIMER :: [0004] Injected Rarity in 0.018 ms
INFO - [G] 2025-04-15 13:52:14 :: INFO  :: TIMER :: [0016] Injected ObjectType in 0.090 ms
INFO - [G] 2025-04-15 13:52:14 :: INFO  :: TIMER :: [0712] Injected Center in 3.118 ms
INFO - [G] 2025-04-15 13:52:14 :: INFO  :: TIMER :: [0012] Injected Undiscovered Sprite in 0.017 ms
INFO - [G] 2025-04-15 13:52:14 :: INFO  :: TIMER :: [0012] Injected Blind in 0.094 ms
INFO - [G] 2025-04-15 13:52:14 :: INFO  :: TIMER :: [0006] Injected Seal in 0.106 ms
INFO - [G] 2025-04-15 13:52:14 :: INFO  :: TIMER :: [0004] Injected Suit in 0.166 ms
INFO - [G] 2025-04-15 13:52:14 :: INFO  :: TIMER :: [0026] Injected Rank in 0.122 ms
INFO - [G] 2025-04-15 13:52:14 :: INFO  :: TIMER :: [0028] Injected DeckSkin in 0.147 ms
INFO - [G] 2025-04-15 13:52:14 :: INFO  :: TIMER :: [0012] Injected PokerHand in 0.036 ms
INFO - [G] 2025-04-15 13:52:14 :: INFO  :: TIMER :: [0028] Injected Challenge in 0.030 ms
INFO - [G] 2025-04-15 13:52:14 :: INFO  :: TIMER :: [0018] Injected Tag in 0.037 ms
INFO - [G] 2025-04-15 13:52:14 :: INFO  :: TIMER :: [0004] Injected Sticker in 0.057 ms
INFO - [G] 2025-04-15 13:52:14 :: INFO  :: TIMER :: [0009] Injected Shader in 43.171 ms
INFO - [G] 2025-04-15 13:52:14 :: INFO  :: TIMER :: [0003] Injected Keybind in 0.009 ms
INFO - [G] 2025-04-15 13:52:14 :: INFO  :: TIMER :: [0006] Injected Achievement in 0.076 ms
INFO - [G] 2025-04-15 13:52:14 :: INFO  :: TIMER :: [0004] Injected nil in 0.013 ms
INFO - [G] 2025-04-15 13:52:14 :: INFO  :: TIMER :: [0021] Injected Draw Step in 0.031 ms
INFO - [G] 2025-04-15 13:52:14 :: INFO  :: TIMER :: [0000] Injected [INTERNAL] in 22.313 ms
INFO - [G] LONG DT @ 20: 0.1
INFO - [G] LONG DT @ 12: 0.084050300000017
INFO - [G] LONG DT @ 12: 0.067721560000122
INFO - [G] LONG DT @ 12: 0.055350328000178
INFO - [G] 2025-04-15 13:52:48 :: INFO  :: TIMER :: [0000] Injected Language in 0.002 ms
INFO - [G] 2025-04-15 13:52:48 :: INFO  :: TIMER :: [0000] Injected [INTERNAL] in 1.488 ms
INFO - [G] 2025-04-15 13:52:50 :: INFO  :: TIMER :: [0081] Injected Atlas in 2174.861 ms
INFO - [G] 2025-04-15 13:52:50 :: INFO  :: TIMER :: [0076] Injected Sound in 0.122 ms
INFO - [G] 2025-04-15 13:52:50 :: INFO  :: TIMER :: [0009] Injected Stake in 0.147 ms
INFO - [G] 2025-04-15 13:52:50 :: INFO  :: TIMER :: [0004] Injected Rarity in 0.019 ms
INFO - [G] 2025-04-15 13:52:50 :: INFO  :: TIMER :: [0016] Injected ObjectType in 0.084 ms
INFO - [G] 2025-04-15 13:52:50 :: INFO  :: TIMER :: [0712] Injected Center in 3.105 ms
INFO - [G] 2025-04-15 13:52:50 :: INFO  :: TIMER :: [0012] Injected Undiscovered Sprite in 0.099 ms
INFO - [G] 2025-04-15 13:52:50 :: INFO  :: TIMER :: [0012] Injected Blind in 0.190 ms
INFO - [G] 2025-04-15 13:52:50 :: INFO  :: TIMER :: [0006] Injected Seal in 0.098 ms
INFO - [G] 2025-04-15 13:52:50 :: INFO  :: TIMER :: [0004] Injected Suit in 0.152 ms
INFO - [G] 2025-04-15 13:52:50 :: INFO  :: TIMER :: [0026] Injected Rank in 0.238 ms
INFO - [G] 2025-04-15 13:52:50 :: INFO  :: TIMER :: [0028] Injected DeckSkin in 0.144 ms
INFO - [G] 2025-04-15 13:52:50 :: INFO  :: TIMER :: [0012] Injected PokerHand in 0.036 ms
INFO - [G] 2025-04-15 13:52:50 :: INFO  :: TIMER :: [0028] Injected Challenge in 0.032 ms
INFO - [G] 2025-04-15 13:52:50 :: INFO  :: TIMER :: [0018] Injected Tag in 0.032 ms
INFO - [G] 2025-04-15 13:52:50 :: INFO  :: TIMER :: [0004] Injected Sticker in 0.051 ms
INFO - [G] 2025-04-15 13:52:51 :: INFO  :: TIMER :: [0009] Injected Shader in 46.404 ms
INFO - [G] 2025-04-15 13:52:51 :: INFO  :: TIMER :: [0003] Injected Keybind in 0.104 ms
INFO - [G] 2025-04-15 13:52:51 :: INFO  :: TIMER :: [0006] Injected Achievement in 0.077 ms
INFO - [G] 2025-04-15 13:52:51 :: INFO  :: TIMER :: [0004] Injected nil in 0.013 ms
INFO - [G] 2025-04-15 13:52:51 :: INFO  :: TIMER :: [0021] Injected Draw Step in 0.111 ms
INFO - [G] 2025-04-15 13:52:51 :: INFO  :: TIMER :: [0000] Injected [INTERNAL] in 22.076 ms
INFO - [G] LONG DT @ 46: 0.1
INFO - [G] LONG DT @ 12: 0.087770900000105
INFO - [G] LONG DT @ 12: 0.073980619999915
INFO - [G] LONG DT @ 12: 0.06281881600006
INFO - [G] LONG DT @ 12: 0.053859972800046
INFO - [G] LONG DT @ 4108: 0.051128425387079
INFO - [G] LONG DT @ 5869: 0.05603443552746
INFO - [G] 2
INFO - [G] 1
INFO - [G] 1
INFO - [G] 1
INFO - [G] LONG DT @ 6552: 0.065540853087158
INFO - [G] LONG DT @ 6552: 0.059514022469512
INFO - [G] LONG DT @ 6552: 0.053803577975815
