INFO - [♥] Lovely 0.7.1
INFO - [♥] Game directory is at "C:\\Program Files (x86)\\Steam\\steamapps\\common\\Balatro"
INFO - [♥] Writing logs to "C:\\Users\\erikk\\AppData\\Roaming\\Balatro\\Mods\\lovely\\log"
INFO - [♥] Using mod directory at "C:\\Users\\erikk\\AppData\\Roaming\\Balatro\\Mods"
INFO - [♥] Found .lovelyignore in 'AzzysJokers-1.2.2', skipping it.
INFO - [♥] Found .lovelyignore in 'Balatro-Draft-main', skipping it.
INFO - [♥] Found .lovelyignore in 'Extreme Deck', skipping it.
INFO - [♥] Found .lovelyignore in 'Flower-Pot-main', skipping it.
INFO - [♥] Found .lovelyignore in 'kcvanilla-master', skipping it.
INFO - [♥] Found .lovelyignore in 'luckyjimbos-main', skipping it.
INFO - [♥] Found .lovelyignore in 'Mistigris', skipping it.
INFO - [♥] Found .lovelyignore in 'MoreFluff-main', skipping it.
INFO - [♥] Found .lovelyignore in 'NeatoJokers-main', skipping it.
INFO - [♥] Found .lovelyignore in 'Plantain-main', skipping it.
INFO - [♥] Found .lovelyignore in 'Prism-main', skipping it.
INFO - [♥] Found .lovelyignore in 'Quilombo', skipping it.
INFO - [♥] Found .lovelyignore in 'RuinaDecks-main', skipping it.
INFO - [♥] Found .lovelyignore in 'SauKhongHuDecks-main', skipping it.
INFO - [♥] Found .lovelyignore in 'SDM_0-s-Stuff-main', skipping it.
INFO - [♥] Found .lovelyignore in 'TerrariaXBalatro-main', skipping it.
INFO - [♥] Found .lovelyignore in 'TOGAPackBalatro-main', skipping it.
INFO - [♥] Found .lovelyignore in 'TooManyDecks-main', skipping it.
WARN - [♥] Unknown key `patches.21.?.match_indent` found in patch file at "C:\\Users\\erikk\\AppData\\Roaming\\Balatro\\Mods\\Cryptid-main\\lovely\\code.toml", ignoring it
WARN - [♥] Unknown key `patches.49.?.match_indent` found in patch file at "C:\\Users\\erikk\\AppData\\Roaming\\Balatro\\Mods\\Talisman\\lovely.toml", ignoring it
WARN - [♥] Unknown key `patches.52.?.match_indent` found in patch file at "C:\\Users\\erikk\\AppData\\Roaming\\Balatro\\Mods\\Talisman\\lovely.toml", ignoring it
INFO - [♥] Cleaning up dumps directory at "C:\\Users\\erikk\\AppData\\Roaming\\Balatro\\Mods\\lovely\\dump"
INFO - [♥] Initialization complete in 67ms
WARN - [♥] Pattern 'G.ARGS.score_intensity.organ = G.video_organ or G.ARGS.score_intensity.required_score > 0 and math.max(math.min(0.4, 0.1*math.log(G.ARGS.score_intensity.earned_score/(G.ARGS.score_intensity.required_score+1), 5)),0.) or 0' on target 'main.lua' for pattern patch from Talisman\lovely.toml resulted in no matches
WARN - [♥] Pattern 'if type(G.GAME.current_round.current_hand.chips) ~= \'number\' or type(G.GAME.current_round.current_hand.mult) ~= \'number\' then' on target 'main.lua' for pattern patch from Talisman\lovely.toml resulted in no matches
INFO - [♥] Applied 17 patches to 'main.lua'
INFO - [♥] Applied 2 patches to 'engine/string_packer.lua'
INFO - [♥] Applied 7 patches to 'engine/controller.lua'
INFO - [♥] Applied 15 patches to 'back.lua'
INFO - [♥] Applied 18 patches to 'tag.lua'
INFO - [♥] Applied 1 patch to 'engine/node.lua'
INFO - [♥] Applied 3 patches to 'engine/moveable.lua'
INFO - [♥] Applied 3 patches to 'engine/sprite.lua'
INFO - [♥] Applied 2 patches to 'engine/animatedsprite.lua'
WARN - [♥] Pattern 'assembled_string = assembled_string..(type(subpart) == \'string\' and subpart or args.vars[tonumber(subpart[1])] or \'ERROR\')' on target 'functions/misc_functions.lua' for pattern patch from Talisman\lovely.toml resulted in no matches
INFO - [♥] Applied 59 patches to 'functions/misc_functions.lua'
WARN - [♥] Pattern 'for i = 1, 2 do' on target 'game.lua' for pattern patch from Cryptid-main\lovely\stake.toml resulted in no matches
WARN - [♥] Pattern 'create_shop_card_ui(card, \'Voucher\', G.shop_vouchers)' on target 'game.lua' for pattern patch from Cryptid-main\lovely\stake.toml resulted in no matches
WARN - [♥] Pattern 'self.GAME.current_round.voucher = G.SETTINGS.tutorial_progress and G.SETTINGS.tutorial_progress.forced_voucher or SMODS.get_next_vouchers()' on target 'game.lua' for pattern patch from Cryptid-main\lovely\very_fair.toml resulted in no matches
WARN - [♥] Pattern 'self.GAME.current_round.voucher = G.SETTINGS.tutorial_progress and G.SETTINGS.tutorial_progress.forced_voucher or get_next_voucher_key()' on target 'game.lua' for pattern patch from Cryptid-main\lovely\Voucher.toml resulted in no matches
WARN - [♥] Regex 'card\\:start_materialize\\(\\)\\n\\s+G\\.shop_vouchers\\:emplace\\(card\\)\\n\\s+end' on target 'game.lua' for regex patch from Cryptid-main\lovely\Voucher.toml resulted in no matches
INFO - [♥] Applied 85 patches to 'game.lua'
INFO - [♥] Applied 1 patch to 'globals.lua'
INFO - [♥] Applied 6 patches to 'engine/ui.lua'
WARN - [♥] Pattern 'G.GAME.shop.joker_max*1.02*G.CARD_W,' on target 'functions/UI_definitions.lua' for pattern patch from Cryptid-main\lovely\equilibrium.toml resulted in no matches
WARN - [♥] Pattern '{n=G.UIT.T, config={text = G.GAME.hands[handname].chips, scale = 0.45, colour = G.C.UI.TEXT_LIGHT}},' on target 'functions/UI_definitions.lua' for pattern patch from Talisman\lovely.toml resulted in no matches
WARN - [♥] Pattern '{n=G.UIT.T, config={text = G.GAME.hands[handname].mult, scale = 0.45, colour = G.C.UI.TEXT_LIGHT}}' on target 'functions/UI_definitions.lua' for pattern patch from Talisman\lovely.toml resulted in no matches
INFO - [♥] Applied 104 patches to 'functions/UI_definitions.lua'
WARN - [♥] Pattern 'ease_to = G.GAME.chips + math.floor(hand_chips * mult) * (e and e.antiscore and -1 or 1),' on target 'functions/state_events.lua' for pattern patch from Cryptid-main\lovely\blind.toml resulted in no matches
WARN - [♥] Pattern 'if reps[j] ~= 1 then' on target 'functions/state_events.lua' for pattern patch from Cryptid-main\lovely\misc.toml resulted in no matches
WARN - [♥] Pattern 'for i=1, #G.jokers.cards + #G.consumeables.cards do' on target 'functions/state_events.lua' for pattern patch from Cryptid-main\lovely\misc.toml resulted in no matches
WARN - [♥] Pattern 'local effects = {[1] = {playing_card = G.hand.cards[i]:get_end_of_round_effect()}}' on target 'functions/state_events.lua' for pattern patch from Cryptid-main\lovely\stake.toml resulted in no matches
WARN - [♥] Pattern 'G.GAME.current_round.voucher = get_next_voucher_key()' on target 'functions/state_events.lua' for pattern patch from Cryptid-main\lovely\sticker.toml resulted in no matches
WARN - [♥] Pattern 'G.GAME.current_round.voucher = get_next_voucher_key()' on target 'functions/state_events.lua' for pattern patch from Cryptid-main\lovely\Voucher.toml resulted in no matches
WARN - [♥] Pattern 'if effects[ii].card then' on target 'functions/state_events.lua' for pattern patch from Talisman\lovely.toml resulted in no matches
WARN - [♥] Pattern 'if effects.jokers.Xmult_mod then mult = mod_mult(mult*effects.jokers.Xmult_mod);extras.mult = true  end' on target 'functions/state_events.lua' for pattern patch from Talisman\lovely.toml resulted in no matches
WARN - [♥] Pattern 'if effect.Xmult_mod then mult = mod_mult(mult*effect.Xmult_mod);extras.mult = true  end' on target 'functions/state_events.lua' for pattern patch from Talisman\lovely.toml resulted in no matches
WARN - [♥] Pattern 'if effects[ii].message then' on target 'functions/state_events.lua' for pattern patch from Talisman\lovely.toml resulted in no matches
WARN - [♥] Pattern '--calculate the card edition effects' on target 'functions/state_events.lua' for pattern patch from Talisman\lovely.toml resulted in no matches
WARN - [♥] Pattern 'if effects[ii].edition.p_dollars_mod then' on target 'functions/state_events.lua' for pattern patch from Talisman\lovely.toml resulted in no matches
WARN - [♥] Pattern 'if edition_effects.jokers.x_mult_mod then' on target 'functions/state_events.lua' for pattern patch from Talisman\lovely.toml resulted in no matches
WARN - [♥] Pattern 'if SMODS.has_enhancement(scoring_hand[i], \'m_glass\') and not scoring_hand[i].debuff and pseudorandom(\'glass\') < G.GAME.probabilities.normal/(scoring_hand[i].ability.name == \'Glass Card\' and scoring_hand[i].ability.extra or G.P_CENTERS.m_glass.config.extra) then' on target 'functions/state_events.lua' for pattern patch from Cryptid-main\lovely\Probability.toml resulted in no matches
WARN - [♥] Regex '(?<indent>[\\t ]*)if destroyed then \\n' on target 'functions/state_events.lua' for regex patch from Cryptid-main\lovely\seal.toml resulted in no matches
INFO - [♥] Applied 82 patches to 'functions/state_events.lua'
WARN - [♥] Pattern '{n=G.UIT.T, config={text = localize(\'$\')..config.dollars, scale = 1.2*scale, colour = G.C.WHITE, shadow = true, juice = true}}' on target 'functions/common_events.lua' for pattern patch from Cryptid-main\lovely\code.toml resulted in no matches
WARN - [♥] Pattern 'G.shop_jokers.T.w = G.GAME.shop.joker_max*1.01*G.CARD_W' on target 'functions/common_events.lua' for pattern patch from Cryptid-main\lovely\equilibrium.toml resulted in no matches
WARN - [♥] Pattern 'function generate_card_ui(_c, full_UI_table, specific_vars, card_type, badges, hide_desc, main_start, main_end)' on target 'functions/common_events.lua' for pattern patch from Cryptid-main\lovely\lib_misc.toml resulted in no matches
WARN - [♥] Pattern 'elseif v.boss.showdown and (G.GAME.round_resets.ante)%G.GAME.win_ante == 0 and G.GAME.round_resets.ante >= 2 then' on target 'functions/common_events.lua' for pattern patch from Cryptid-main\lovely\stake.toml resulted in no matches
WARN - [♥] Regex 'localize\\(\'ph_mr_bones\'\\)..\' \'\\}, colours = \\{G.C.FILTER' on target 'functions/common_events.lua' for regex patch from Cryptid-main\lovely\code.toml resulted in no matches
WARN - [♥] Pattern 'if num_dollars > 60 then' on target 'functions/common_events.lua' for pattern patch from Talisman\lovely.toml resulted in no matches
WARN - [♥] Pattern 'func = (function() if eval_func(card) then if not first or first then card:juice_up(0.1, 0.1) end;juice_card_until(card, eval_func, nil, 0.8) end return true end)' on target 'functions/common_events.lua' for pattern patch from Talisman\lovely.toml resulted in no matches
INFO - [♥] Applied 176 patches to 'functions/common_events.lua'
WARN - [♥] Pattern 'if ((G.GAME.dollars-G.GAME.bankrupt_at) - 10 >= 0) and' on target 'functions/button_callbacks.lua' for pattern patch from Talisman\lovely.toml resulted in no matches
INFO - [♥] Applied 74 patches to 'functions/button_callbacks.lua'
WARN - [♥] Pattern '*then G.E_MANAGER:add_event(Event({ func = function() G.GAME.blind:set_blind(nil, true, nil); return true end })) end' on target 'card.lua' for pattern patch from smods-main\lovely\calculate_card_added.toml resulted in 2 matches, wanted 1
WARN - [♥] Ignoring excess matches
WARN - [♥] Pattern 'if not initial then G.GAME.blind:debuff_card(self) end' on target 'card.lua' for pattern patch from Cryptid-main\lovely\lib_misc.toml resulted in no matches
WARN - [♥] Pattern 'if self.ability.name == \'Campfire\' and G.GAME.blind.boss and not (G.GAME.blind.config and G.GAME.blind.config.bonus) and self.ability.x_mult > 1 then' on target 'card.lua' for pattern patch from Cryptid-main\lovely\misc.toml resulted in no matches
WARN - [♥] Pattern 'if self.ability.name:find(\'Arcana\') then' on target 'card.lua' for pattern patch from Cryptid-main\lovely\misprint.toml resulted in no matches
WARN - [♥] Pattern 'if self.ability.name == \'The Hermit\' or self.ability.consumeable.hand_type or self.ability.name == \'Temperance\' or self.ability.name == \'Black Hole\' then' on target 'card.lua' for pattern patch from Cryptid-main\lovely\stake.toml resulted in no matches
WARN - [♥] Pattern 'if self.ability.queue_negative_removal then' on target 'card.lua' for pattern patch from Cryptid-main\lovely\sticker.toml resulted in no matches
WARN - [♥] Pattern 'G.GAME.current_round.voucher = nil' on target 'card.lua' for pattern patch from Cryptid-main\lovely\Voucher.toml resulted in no matches
WARN - [♥] Pattern 'if G.GAME.blind then G.E_MANAGER:add_event(Event({ func = function() G.GAME.blind:set_blind(nil, true, nil); return true end })) end' on target 'card.lua' for pattern patch from Talisman\lovely.toml resulted in no matches
WARN - [♥] Pattern 'x_mult = center.config.Xmult or 1,' on target 'card.lua' for pattern patch from Talisman\lovely.toml resulted in no matches
WARN - [♥] Pattern 'elseif self.ability.name == \'Business Card\' then loc_vars = {\'\'..(G.GAME and G.GAME.probabilities.normal or 1), self.ability.extra}' on target 'card.lua' for pattern patch from Cryptid-main\lovely\Probability.toml resulted in no matches
WARN - [♥] Pattern 'pseudorandom(\'business\') < G.GAME.probabilities.normal/self.ability.extra then' on target 'card.lua' for pattern patch from Cryptid-main\lovely\Probability.toml resulted in no matches
INFO - [♥] Applied 255 patches to 'card.lua'
INFO - [♥] Applied 19 patches to 'cardarea.lua'
INFO - [♥] Applied 40 patches to 'blind.lua'
INFO - [♥] Applied 2 patches to 'card_character.lua'
INFO - [♥] Applied 5 patches to 'engine/text.lua'
INFO - [♥] Applied 2 patches to '=[SMODS _ "src/utils.lua"]'
INFO - [♥] Applied 4 patches to '=[SMODS _ "src/overrides.lua"]'
INFO - [♥] Applied 1 patch to '=[SMODS _ "src/game_object.lua"]'
INFO - [G] Failed to connect to the debug server
INFO - [G] 2025-04-17 11:41:16 :: DEBUG :: DebugConsole :: Steamodded Debug Socket started !
INFO - [G] 2025-04-17 11:41:16 :: INFO  :: SMODS :: Steamodded v1.0.0~BETA-0416b
INFO - [♥] Applied 9 patches to 'engine/sound_manager.lua'
INFO - [♥] Applied 3 patches to 'engine/save_manager.lua'
INFO - [♥] Applied 2 patches to 'engine/string_packer.lua'
INFO - [♥] Applied 4 patches to '=[SMODS _ "src/card_draw.lua"]'
INFO - [G] 2025-04-17 11:41:18 :: TRACE :: Loader :: Processing Mod file (Legacy header): Azazel.lua
INFO - [G] 2025-04-17 11:41:18 :: TRACE :: Loader :: Saving Mod Info: AzzysJokers
INFO - [G] 2025-04-17 11:41:18 :: INFO  :: Loader :: Valid JSON file found
INFO - [G] 2025-04-17 11:41:18 :: INFO  :: Loader :: Valid JSON file found
INFO - [G] 2025-04-17 11:41:18 :: INFO  :: Loader :: Valid JSON file found
INFO - [G] 2025-04-17 11:41:18 :: INFO  :: Loader :: Valid JSON file found
INFO - [G] 2025-04-17 11:41:18 :: TRACE :: Loader :: Processing Mod file (Legacy header): steamodded_metadata.lua
INFO - [G] 2025-04-17 11:41:18 :: TRACE :: Loader :: Saving Mod Info: Talisman
INFO - [G] 2025-04-17 11:41:18 :: INFO  :: Loader :: Valid JSON file found
INFO - [G] 2025-04-17 11:41:18 :: TRACE :: Loader :: Processing Mod file (Legacy header): MoreFluff.lua
INFO - [G] 2025-04-17 11:41:18 :: TRACE :: Loader :: Saving Mod Info: MoreFluff
INFO - [G] 2025-04-17 11:41:18 :: INFO  :: Loader :: Valid JSON file found
INFO - [G] 2025-04-17 11:41:18 :: INFO  :: Loader :: Valid JSON file found
INFO - [G] 2025-04-17 11:41:18 :: INFO  :: Loader :: Valid JSON file found
INFO - [G] 2025-04-17 11:41:18 :: INFO  :: Loader :: Valid JSON file found
INFO - [G] 2025-04-17 11:41:18 :: INFO  :: Loader :: Valid JSON file found
INFO - [G] 2025-04-17 11:41:18 :: TRACE :: Loader :: Processing Mod file (Legacy header): main.lua
INFO - [G] 2025-04-17 11:41:18 :: TRACE :: Loader :: Saving Mod Info: sdm0sstuff
INFO - [G] 2025-04-17 11:41:18 :: INFO  :: Loader :: Valid JSON file found
INFO - [G] 2025-04-17 11:41:18 :: INFO  :: Loader :: Valid JSON file found
INFO - [G] 2025-04-17 11:41:18 :: TRACE :: Loader :: Processing Mod file (Legacy header): steamodded_metadata.lua
INFO - [G] 2025-04-17 11:41:18 :: WARN  :: Loader :: Duplicate Mod ID: Talisman
INFO - [G] 2025-04-17 11:41:18 :: WARN  :: Loader :: Duplicate Mod prefix talisman used by Talisman, Talisman
INFO - [G] 2025-04-17 11:41:18 :: INFO  :: Loader :: Valid JSON file found
INFO - [G] 2025-04-17 11:41:18 :: ERROR :: Loader :: Found invalid metadata JSON file at C:\Users\erikk\AppData\Roaming\Balatro\Mods/TooManyDecks-main/.vscode/settings.json, ignoring: [SMODS _ "src/loader.lua"]:226: id
INFO - [G] 2025-04-17 11:41:18 :: INFO  :: Loader :: Valid JSON file found
INFO - [G] 2025-04-17 11:41:18 :: INFO  :: Loader :: Valid JSON file found
INFO - [G] 2025-04-17 11:41:18 :: INFO  :: Loader :: Valid JSON file found
INFO - [G] 2025-04-17 11:41:18 :: TRACE :: Loader :: Mod AzzysJokers was unable to load: 
INFO - [G] 2025-04-17 11:41:18 :: TRACE :: Loader :: Mod ExtremeDecks was unable to load: 
INFO - [G] 2025-04-17 11:41:18 :: TRACE :: Loader :: Mod FlowerPot was unable to load: 
INFO - [G] 2025-04-17 11:41:18 :: TRACE :: Loader :: Mod L6_luckyjimbo was unable to load: 
INFO - [G] 2025-04-17 11:41:18 :: TRACE :: Loader :: Mod MoreFluff was unable to load: 
INFO - [G] 2025-04-17 11:41:18 :: TRACE :: Loader :: Mod Neato_Jokers was unable to load: 
INFO - [G] 2025-04-17 11:41:18 :: TRACE :: Loader :: Mod Prism was unable to load: 
INFO - [G] 2025-04-17 11:41:18 :: TRACE :: Loader :: Mod RuinaDecks was unable to load: 
INFO - [G] 2025-04-17 11:41:18 :: TRACE :: Loader :: Mod SGTMD was unable to load: 
INFO - [G] 2025-04-17 11:41:18 :: TRACE :: Loader :: Mod SKHDecks was unable to load: 
INFO - [G] 2025-04-17 11:41:18 :: TRACE :: Loader :: Mod TOGAPack was unable to load: 
INFO - [G] 2025-04-17 11:41:18 :: TRACE :: Loader :: Mod TerrariaXBalatro was unable to load: 
INFO - [G] 2025-04-17 11:41:18 :: TRACE :: Loader :: Mod kcvanilla was unable to load: 
INFO - [G] 2025-04-17 11:41:18 :: TRACE :: Loader :: Mod sdm0sstuff was unable to load: 
INFO - [G] 2025-04-17 11:41:18 :: TRACE :: Loader :: Mod plantain was unable to load: 
INFO - [G] 2025-04-17 11:41:18 :: TRACE :: Loader :: Mod quilombo was unable to load: 
INFO - [G] 2025-04-17 11:41:18 :: TRACE :: Loader :: Mod mistigris was unable to load: 
INFO - [G] [CRYPTID] Loading library file ascended.lua
INFO - [G] [CRYPTID] Loading library file calculate.lua
INFO - [G] [CRYPTID] Loading library file content.lua
INFO - [G] [CRYPTID] Loading library file cross-mod.lua
INFO - [G] [CRYPTID] Loading library file d20.lua
INFO - [G] [CRYPTID] Loading library file event.lua
INFO - [G] [CRYPTID] Loading library file gameset.lua
INFO - [G] [CRYPTID] Loading library file https.lua
INFO - [G] 2025-04-17 11:41:18 :: DEBUG :: SMODS.https :: Using https module backend
INFO - [G] [CRYPTID] Loading library file misc.lua
INFO - [G] [CRYPTID] Loading library file misprintize.lua
INFO - [G] [CRYPTID] Loading library file modifiers.lua
INFO - [G] 2025-04-17 11:41:18 :: WARN  :: Sticker :: Detected duplicate register call on object perishable
INFO - [G] 2025-04-17 11:41:18 :: WARN  :: Sticker :: Detected duplicate register call on object pinned
INFO - [G] 2025-04-17 11:41:18 :: WARN  :: Sticker :: Detected duplicate register call on object eternal
INFO - [G] 2025-04-17 11:41:18 :: WARN  :: Sticker :: Detected duplicate register call on object rental
INFO - [G] [CRYPTID] Loading library file notifications.lua
INFO - [G] [CRYPTID] Loading library file overrides.lua
INFO - [G] [CRYPTID] Loading library file ui.lua
INFO - [G] [CRYPTID] Loading file achievement.lua
INFO - [G] [CRYPTID] Loading file blind.lua
INFO - [G] [CRYPTID] Loading file challenge.lua
INFO - [G] [CRYPTID] Loading file code.lua
INFO - [G] [CRYPTID] Loading file deck.lua
INFO - [G] [CRYPTID] Loading file enhanced.lua
INFO - [G] [CRYPTID] Loading file epic.lua
INFO - [G] [CRYPTID] Loading file exotic.lua
INFO - [G] [CRYPTID] Loading file joker_display.lua
INFO - [G] [CRYPTID] Loading file m.lua
INFO - [G] [CRYPTID] Loading file misc.lua
INFO - [G] [CRYPTID] Loading file misc_joker.lua
INFO - [G] [CRYPTID] Loading file planet.lua
INFO - [G] [CRYPTID] Loading file sleeve.lua
INFO - [G] [CRYPTID] Loading file spectral.lua
INFO - [G] [CRYPTID] Loading file spooky.lua
INFO - [G] [CRYPTID] Loading file stake.lua
INFO - [G] [CRYPTID] Loading file tag.lua
INFO - [G] [CRYPTID] Loading file test.lua
INFO - [G] [CRYPTID] Loading file voucher.lua
INFO - [G] 2025-04-17 11:41:18 :: WARN  :: Atlas :: Object cry_effarcire has the same key as an existing object, not registering.
INFO - [G] 2025-04-17 11:41:18 :: WARN  :: Atlas :: If you want to modify an existing object, use take_ownership()
INFO - [G] 2025-04-17 11:41:18 :: TRACE :: Loader :: Mod draft was unable to load: 
INFO - [G] 2025-04-17 11:41:18 :: INFO  :: TIMER :: [0000] Injected Language in 0.001 ms
INFO - [G] 2025-04-17 11:41:18 :: INFO  :: TIMER :: [0000] Injected [INTERNAL] in 2.057 ms
INFO - [G] 2025-04-17 11:41:20 :: INFO  :: TIMER :: [0031] Injected Atlas in 1374.386 ms
INFO - [G] 2025-04-17 11:41:20 :: INFO  :: TIMER :: [0030] Injected Sound in 145.698 ms
INFO - [G] 2025-04-17 11:41:20 :: INFO  :: TIMER :: [0032] Injected Stake in 1.155 ms
INFO - [G] 2025-04-17 11:41:20 :: INFO  :: TIMER :: [0008] Injected Rarity in 0.090 ms
INFO - [G] 2025-04-17 11:41:20 :: INFO  :: TIMER :: [0010] Injected ObjectType in 0.090 ms
INFO - [G] 2025-04-17 11:41:20 :: INFO  :: TIMER :: [0387] Injected Center in 2.957 ms
INFO - [G] 2025-04-17 11:41:20 :: INFO  :: TIMER :: [0009] Injected Undiscovered Sprite in 0.014 ms
INFO - [G] 2025-04-17 11:41:20 :: INFO  :: TIMER :: [0029] Injected Blind in 0.436 ms
INFO - [G] 2025-04-17 11:41:20 :: INFO  :: TIMER :: [0006] Injected Seal in 0.330 ms
INFO - [G] 2025-04-17 11:41:20 :: INFO  :: TIMER :: [0004] Injected Suit in 0.083 ms
INFO - [G] 2025-04-17 11:41:20 :: INFO  :: TIMER :: [0013] Injected Rank in 0.095 ms
INFO - [G] 2025-04-17 11:41:20 :: INFO  :: TIMER :: [0028] Injected DeckSkin in 0.255 ms
INFO - [G] 2025-04-17 11:41:20 :: INFO  :: TIMER :: [0016] Injected PokerHand in 0.116 ms
INFO - [G] 2025-04-17 11:41:20 :: INFO  :: TIMER :: [0031] Injected Challenge in 0.083 ms
INFO - [G] 2025-04-17 11:41:20 :: INFO  :: TIMER :: [0028] Injected Tag in 0.049 ms
INFO - [G] 2025-04-17 11:41:20 :: INFO  :: TIMER :: [0009] Injected Sticker in 0.240 ms
INFO - [G] 2025-04-17 11:41:20 :: INFO  :: TIMER :: [0009] Injected Shader in 152.642 ms
INFO - [G] 2025-04-17 11:41:20 :: INFO  :: TIMER :: [0002] Injected Keybind in 0.011 ms
INFO - [G] 2025-04-17 11:41:20 :: INFO  :: TIMER :: [0021] Injected Achievement in 0.114 ms
INFO - [G] 2025-04-17 11:41:20 :: INFO  :: TIMER :: [0002] Injected nil in 0.010 ms
INFO - [G] 2025-04-17 11:41:20 :: INFO  :: TIMER :: [0023] Injected Draw Step in 0.054 ms
INFO - [G] 2025-04-17 11:41:20 :: INFO  :: TIMER :: [0000] Injected [INTERNAL] in 22.065 ms
INFO - [G] 2025-04-17 11:41:20 :: INFO  :: TIMER :: [0010] Injected Other in 0.024 ms
INFO - [♥] Applied 1 patch to '=[SMODS _ "smods-https-thread.lua"]'
INFO - [G] 2025-04-17 11:41:25 :: DEBUG :: SMODS.https(1) :: Using https module backend
INFO - [♥] Applied 1 patch to '=[SMODS _ "smods-https-thread.lua"]'
INFO - [G] 2025-04-17 11:42:29 :: DEBUG :: SMODS.https(2) :: Using https module backend
INFO - [♥] Applied 1 patch to '=[SMODS _ "smods-https-thread.lua"]'
INFO - [G] 2025-04-17 11:43:29 :: DEBUG :: SMODS.https(3) :: Using https module backend
INFO - [♥] Applied 1 patch to '=[SMODS _ "smods-https-thread.lua"]'
INFO - [G] 2025-04-17 11:44:29 :: DEBUG :: SMODS.https(4) :: Using https module backend
INFO - [♥] Applied 1 patch to '=[SMODS _ "smods-https-thread.lua"]'
INFO - [G] 2025-04-17 11:45:31 :: DEBUG :: SMODS.https(5) :: Using https module backend
INFO - [♥] Applied 1 patch to '=[SMODS _ "smods-https-thread.lua"]'
INFO - [G] 2025-04-17 11:46:36 :: DEBUG :: SMODS.https(6) :: Using https module backend
INFO - [♥] Applied 1 patch to '=[SMODS _ "smods-https-thread.lua"]'
INFO - [G] 2025-04-17 11:47:37 :: DEBUG :: SMODS.https(7) :: Using https module backend
INFO - [♥] Applied 1 patch to '=[SMODS _ "smods-https-thread.lua"]'
INFO - [G] 2025-04-17 11:48:37 :: DEBUG :: SMODS.https(8) :: Using https module backend
INFO - [♥] Applied 1 patch to '=[SMODS _ "smods-https-thread.lua"]'
INFO - [G] 2025-04-17 11:49:43 :: DEBUG :: SMODS.https(9) :: Using https module backend
INFO - [♥] Applied 1 patch to '=[SMODS _ "smods-https-thread.lua"]'
INFO - [G] 2025-04-17 11:56:57 :: DEBUG :: SMODS.https(10) :: Using https module backend
INFO - [♥] Applied 1 patch to '=[SMODS _ "smods-https-thread.lua"]'
INFO - [G] 2025-04-17 11:59:03 :: DEBUG :: SMODS.https(11) :: Using https module backend
INFO - [♥] Applied 1 patch to '=[SMODS _ "smods-https-thread.lua"]'
INFO - [G] 2025-04-17 12:00:05 :: DEBUG :: SMODS.https(12) :: Using https module backend
INFO - [♥] Applied 1 patch to '=[SMODS _ "smods-https-thread.lua"]'
INFO - [G] 2025-04-17 12:01:05 :: DEBUG :: SMODS.https(13) :: Using https module backend
INFO - [♥] Applied 1 patch to '=[SMODS _ "smods-https-thread.lua"]'
INFO - [G] 2025-04-17 12:02:07 :: DEBUG :: SMODS.https(14) :: Using https module backend
INFO - [♥] Applied 1 patch to '=[SMODS _ "smods-https-thread.lua"]'
INFO - [G] 2025-04-17 12:03:09 :: DEBUG :: SMODS.https(15) :: Using https module backend
INFO - [♥] Applied 1 patch to '=[SMODS _ "smods-https-thread.lua"]'
INFO - [G] 2025-04-17 12:04:09 :: DEBUG :: SMODS.https(16) :: Using https module backend
INFO - [♥] Applied 1 patch to '=[SMODS _ "smods-https-thread.lua"]'
INFO - [G] 2025-04-17 12:05:09 :: DEBUG :: SMODS.https(17) :: Using https module backend
INFO - [♥] Applied 1 patch to '=[SMODS _ "smods-https-thread.lua"]'
INFO - [G] 2025-04-17 12:06:10 :: DEBUG :: SMODS.https(18) :: Using https module backend
INFO - [♥] Applied 1 patch to '=[SMODS _ "smods-https-thread.lua"]'
INFO - [G] 2025-04-17 12:07:10 :: DEBUG :: SMODS.https(19) :: Using https module backend
INFO - [♥] Applied 1 patch to '=[SMODS _ "smods-https-thread.lua"]'
INFO - [G] 2025-04-17 12:08:10 :: DEBUG :: SMODS.https(20) :: Using https module backend
INFO - [♥] Applied 1 patch to '=[SMODS _ "smods-https-thread.lua"]'
INFO - [G] 2025-04-17 12:09:10 :: DEBUG :: SMODS.https(21) :: Using https module backend
INFO - [♥] Applied 1 patch to '=[SMODS _ "smods-https-thread.lua"]'
INFO - [G] 2025-04-17 12:10:14 :: DEBUG :: SMODS.https(22) :: Using https module backend
INFO - [♥] Applied 1 patch to '=[SMODS _ "smods-https-thread.lua"]'
INFO - [G] 2025-04-17 12:11:32 :: DEBUG :: SMODS.https(23) :: Using https module backend
INFO - [♥] Applied 1 patch to '=[SMODS _ "smods-https-thread.lua"]'
INFO - [G] 2025-04-17 12:12:33 :: DEBUG :: SMODS.https(24) :: Using https module backend
INFO - [♥] Applied 1 patch to '=[SMODS _ "smods-https-thread.lua"]'
INFO - [G] 2025-04-17 12:13:35 :: DEBUG :: SMODS.https(25) :: Using https module backend
INFO - [♥] Applied 1 patch to '=[SMODS _ "smods-https-thread.lua"]'
INFO - [G] 2025-04-17 12:14:38 :: DEBUG :: SMODS.https(26) :: Using https module backend
INFO - [♥] Applied 1 patch to '=[SMODS _ "smods-https-thread.lua"]'
INFO - [G] 2025-04-17 12:15:38 :: DEBUG :: SMODS.https(27) :: Using https module backend
INFO - [♥] Applied 1 patch to '=[SMODS _ "smods-https-thread.lua"]'
INFO - [G] 2025-04-17 12:16:39 :: DEBUG :: SMODS.https(28) :: Using https module backend
INFO - [♥] Applied 1 patch to '=[SMODS _ "smods-https-thread.lua"]'
INFO - [G] 2025-04-17 12:17:39 :: DEBUG :: SMODS.https(29) :: Using https module backend
INFO - [♥] Applied 1 patch to '=[SMODS _ "smods-https-thread.lua"]'
INFO - [G] 2025-04-17 12:18:39 :: DEBUG :: SMODS.https(30) :: Using https module backend
INFO - [♥] Applied 1 patch to '=[SMODS _ "smods-https-thread.lua"]'
INFO - [G] 2025-04-17 12:19:39 :: DEBUG :: SMODS.https(31) :: Using https module backend
INFO - [♥] Applied 1 patch to '=[SMODS _ "smods-https-thread.lua"]'
INFO - [G] 2025-04-17 12:20:39 :: DEBUG :: SMODS.https(32) :: Using https module backend
INFO - [♥] Applied 1 patch to '=[SMODS _ "smods-https-thread.lua"]'
INFO - [G] 2025-04-17 12:21:58 :: DEBUG :: SMODS.https(33) :: Using https module backend
INFO - [♥] Applied 1 patch to '=[SMODS _ "smods-https-thread.lua"]'
INFO - [G] 2025-04-17 12:23:00 :: DEBUG :: SMODS.https(34) :: Using https module backend
INFO - [♥] Applied 1 patch to '=[SMODS _ "smods-https-thread.lua"]'
INFO - [G] 2025-04-17 12:24:00 :: DEBUG :: SMODS.https(35) :: Using https module backend
INFO - [♥] Applied 1 patch to '=[SMODS _ "smods-https-thread.lua"]'
INFO - [G] 2025-04-17 12:25:00 :: DEBUG :: SMODS.https(36) :: Using https module backend
INFO - [♥] Applied 1 patch to '=[SMODS _ "smods-https-thread.lua"]'
INFO - [G] 2025-04-17 12:26:00 :: DEBUG :: SMODS.https(37) :: Using https module backend
INFO - [♥] Applied 1 patch to '=[SMODS _ "smods-https-thread.lua"]'
INFO - [G] 2025-04-17 12:27:01 :: DEBUG :: SMODS.https(38) :: Using https module backend
INFO - [♥] Applied 1 patch to '=[SMODS _ "smods-https-thread.lua"]'
INFO - [G] 2025-04-17 12:28:01 :: DEBUG :: SMODS.https(39) :: Using https module backend
INFO - [♥] Applied 1 patch to '=[SMODS _ "smods-https-thread.lua"]'
INFO - [G] 2025-04-17 12:29:01 :: DEBUG :: SMODS.https(40) :: Using https module backend
INFO - [♥] Applied 1 patch to '=[SMODS _ "smods-https-thread.lua"]'
INFO - [G] 2025-04-17 12:30:04 :: DEBUG :: SMODS.https(41) :: Using https module backend
INFO - [♥] Applied 1 patch to '=[SMODS _ "smods-https-thread.lua"]'
INFO - [G] 2025-04-17 12:31:04 :: DEBUG :: SMODS.https(42) :: Using https module backend
INFO - [♥] Applied 1 patch to '=[SMODS _ "smods-https-thread.lua"]'
INFO - [G] 2025-04-17 12:32:04 :: DEBUG :: SMODS.https(43) :: Using https module backend
INFO - [♥] Applied 1 patch to '=[SMODS _ "smods-https-thread.lua"]'
INFO - [G] 2025-04-17 12:33:04 :: DEBUG :: SMODS.https(44) :: Using https module backend
INFO - [♥] Applied 1 patch to '=[SMODS _ "smods-https-thread.lua"]'
INFO - [G] 2025-04-17 12:34:04 :: DEBUG :: SMODS.https(45) :: Using https module backend
INFO - [♥] Applied 1 patch to '=[SMODS _ "smods-https-thread.lua"]'
INFO - [G] 2025-04-17 12:35:10 :: DEBUG :: SMODS.https(46) :: Using https module backend
INFO - [♥] Applied 1 patch to '=[SMODS _ "smods-https-thread.lua"]'
INFO - [G] 2025-04-17 12:36:11 :: DEBUG :: SMODS.https(47) :: Using https module backend
INFO - [♥] Applied 1 patch to '=[SMODS _ "smods-https-thread.lua"]'
INFO - [G] 2025-04-17 12:37:11 :: DEBUG :: SMODS.https(48) :: Using https module backend
INFO - [♥] Applied 1 patch to '=[SMODS _ "smods-https-thread.lua"]'
INFO - [G] 2025-04-17 12:38:11 :: DEBUG :: SMODS.https(49) :: Using https module backend
INFO - [♥] Applied 1 patch to '=[SMODS _ "smods-https-thread.lua"]'
INFO - [G] 2025-04-17 12:39:11 :: DEBUG :: SMODS.https(50) :: Using https module backend
INFO - [♥] Applied 1 patch to '=[SMODS _ "smods-https-thread.lua"]'
INFO - [G] 2025-04-17 12:40:11 :: DEBUG :: SMODS.https(51) :: Using https module backend
INFO - [♥] Applied 1 patch to '=[SMODS _ "smods-https-thread.lua"]'
INFO - [G] 2025-04-17 12:41:12 :: DEBUG :: SMODS.https(52) :: Using https module backend
INFO - [♥] Applied 1 patch to '=[SMODS _ "smods-https-thread.lua"]'
INFO - [G] 2025-04-17 12:42:12 :: DEBUG :: SMODS.https(53) :: Using https module backend
INFO - [♥] Applied 1 patch to '=[SMODS _ "smods-https-thread.lua"]'
INFO - [G] 2025-04-17 12:43:12 :: DEBUG :: SMODS.https(54) :: Using https module backend
INFO - [♥] Applied 1 patch to '=[SMODS _ "smods-https-thread.lua"]'
INFO - [G] 2025-04-17 12:44:12 :: DEBUG :: SMODS.https(55) :: Using https module backend
INFO - [♥] Applied 1 patch to '=[SMODS _ "smods-https-thread.lua"]'
INFO - [G] 2025-04-17 12:45:12 :: DEBUG :: SMODS.https(56) :: Using https module backend
INFO - [♥] Applied 1 patch to '=[SMODS _ "smods-https-thread.lua"]'
INFO - [G] 2025-04-17 12:46:16 :: DEBUG :: SMODS.https(57) :: Using https module backend
INFO - [♥] Applied 1 patch to '=[SMODS _ "smods-https-thread.lua"]'
INFO - [G] 2025-04-17 12:47:16 :: DEBUG :: SMODS.https(58) :: Using https module backend
INFO - [♥] Applied 1 patch to '=[SMODS _ "smods-https-thread.lua"]'
INFO - [G] 2025-04-17 12:48:18 :: DEBUG :: SMODS.https(59) :: Using https module backend
INFO - [♥] Applied 1 patch to '=[SMODS _ "smods-https-thread.lua"]'
INFO - [G] 2025-04-17 12:49:18 :: DEBUG :: SMODS.https(60) :: Using https module backend
INFO - [♥] Applied 1 patch to '=[SMODS _ "smods-https-thread.lua"]'
INFO - [G] 2025-04-17 12:50:18 :: DEBUG :: SMODS.https(61) :: Using https module backend
INFO - [♥] Applied 1 patch to '=[SMODS _ "smods-https-thread.lua"]'
INFO - [G] 2025-04-17 12:51:19 :: DEBUG :: SMODS.https(62) :: Using https module backend
INFO - [♥] Applied 1 patch to '=[SMODS _ "smods-https-thread.lua"]'
INFO - [G] 2025-04-17 12:52:19 :: DEBUG :: SMODS.https(63) :: Using https module backend
INFO - [♥] Applied 1 patch to '=[SMODS _ "smods-https-thread.lua"]'
INFO - [G] 2025-04-17 12:53:19 :: DEBUG :: SMODS.https(64) :: Using https module backend
INFO - [♥] Applied 1 patch to '=[SMODS _ "smods-https-thread.lua"]'
INFO - [G] 2025-04-17 12:54:19 :: DEBUG :: SMODS.https(65) :: Using https module backend
INFO - [♥] Applied 1 patch to '=[SMODS _ "smods-https-thread.lua"]'
INFO - [G] 2025-04-17 12:55:19 :: DEBUG :: SMODS.https(66) :: Using https module backend
INFO - [♥] Applied 1 patch to '=[SMODS _ "smods-https-thread.lua"]'
INFO - [G] 2025-04-17 12:56:20 :: DEBUG :: SMODS.https(67) :: Using https module backend
INFO - [♥] Applied 1 patch to '=[SMODS _ "smods-https-thread.lua"]'
INFO - [G] 2025-04-17 12:57:20 :: DEBUG :: SMODS.https(68) :: Using https module backend
INFO - [♥] Applied 1 patch to '=[SMODS _ "smods-https-thread.lua"]'
INFO - [G] 2025-04-17 12:58:20 :: DEBUG :: SMODS.https(69) :: Using https module backend
INFO - [♥] Applied 1 patch to '=[SMODS _ "smods-https-thread.lua"]'
INFO - [G] 2025-04-17 12:59:20 :: DEBUG :: SMODS.https(70) :: Using https module backend
INFO - [♥] Applied 1 patch to '=[SMODS _ "smods-https-thread.lua"]'
INFO - [G] 2025-04-17 13:00:20 :: DEBUG :: SMODS.https(71) :: Using https module backend
INFO - [♥] Applied 1 patch to '=[SMODS _ "smods-https-thread.lua"]'
INFO - [G] 2025-04-17 13:01:20 :: DEBUG :: SMODS.https(72) :: Using https module backend
INFO - [♥] Applied 1 patch to '=[SMODS _ "smods-https-thread.lua"]'
INFO - [G] 2025-04-17 13:02:21 :: DEBUG :: SMODS.https(73) :: Using https module backend
INFO - [♥] Applied 1 patch to '=[SMODS _ "smods-https-thread.lua"]'
INFO - [G] 2025-04-17 13:03:21 :: DEBUG :: SMODS.https(74) :: Using https module backend
INFO - [♥] Applied 1 patch to '=[SMODS _ "smods-https-thread.lua"]'
INFO - [G] 2025-04-17 13:04:21 :: DEBUG :: SMODS.https(75) :: Using https module backend
INFO - [♥] Applied 1 patch to '=[SMODS _ "smods-https-thread.lua"]'
INFO - [G] 2025-04-17 13:05:21 :: DEBUG :: SMODS.https(76) :: Using https module backend
INFO - [♥] Applied 1 patch to '=[SMODS _ "smods-https-thread.lua"]'
INFO - [G] 2025-04-17 13:06:21 :: DEBUG :: SMODS.https(77) :: Using https module backend
INFO - [♥] Applied 1 patch to '=[SMODS _ "smods-https-thread.lua"]'
INFO - [G] 2025-04-17 13:07:22 :: DEBUG :: SMODS.https(78) :: Using https module backend
INFO - [♥] Applied 1 patch to '=[SMODS _ "smods-https-thread.lua"]'
INFO - [G] 2025-04-17 13:08:22 :: DEBUG :: SMODS.https(79) :: Using https module backend
INFO - [♥] Applied 1 patch to '=[SMODS _ "smods-https-thread.lua"]'
INFO - [G] 2025-04-17 13:09:22 :: DEBUG :: SMODS.https(80) :: Using https module backend
INFO - [♥] Applied 1 patch to '=[SMODS _ "smods-https-thread.lua"]'
INFO - [G] 2025-04-17 13:10:22 :: DEBUG :: SMODS.https(81) :: Using https module backend
INFO - [♥] Applied 1 patch to '=[SMODS _ "smods-https-thread.lua"]'
INFO - [G] 2025-04-17 13:11:22 :: DEBUG :: SMODS.https(82) :: Using https module backend
INFO - [♥] Applied 1 patch to '=[SMODS _ "smods-https-thread.lua"]'
INFO - [G] 2025-04-17 13:12:23 :: DEBUG :: SMODS.https(83) :: Using https module backend
INFO - [♥] Applied 1 patch to '=[SMODS _ "smods-https-thread.lua"]'
INFO - [G] 2025-04-17 13:13:25 :: DEBUG :: SMODS.https(84) :: Using https module backend
INFO - [♥] Applied 1 patch to '=[SMODS _ "smods-https-thread.lua"]'
INFO - [G] 2025-04-17 13:14:26 :: DEBUG :: SMODS.https(85) :: Using https module backend
INFO - [♥] Applied 1 patch to '=[SMODS _ "smods-https-thread.lua"]'
INFO - [G] 2025-04-17 13:15:26 :: DEBUG :: SMODS.https(86) :: Using https module backend
INFO - [♥] Applied 1 patch to '=[SMODS _ "smods-https-thread.lua"]'
INFO - [G] 2025-04-17 13:16:27 :: DEBUG :: SMODS.https(87) :: Using https module backend
INFO - [♥] Applied 1 patch to '=[SMODS _ "smods-https-thread.lua"]'
INFO - [G] 2025-04-17 13:17:27 :: DEBUG :: SMODS.https(88) :: Using https module backend
INFO - [♥] Applied 1 patch to '=[SMODS _ "smods-https-thread.lua"]'
INFO - [G] 2025-04-17 13:18:28 :: DEBUG :: SMODS.https(89) :: Using https module backend
INFO - [G] LONG DT @ 3453: 0.05997183505701
INFO - [G] LONG DT @ 3453: 0.050691628045749
INFO - [♥] Applied 1 patch to '=[SMODS _ "smods-https-thread.lua"]'
INFO - [G] 2025-04-17 13:19:31 :: DEBUG :: SMODS.https(90) :: Using https module backend
INFO - [♥] Applied 1 patch to '=[SMODS _ "smods-https-thread.lua"]'
INFO - [G] 2025-04-17 13:20:35 :: DEBUG :: SMODS.https(91) :: Using https module backend
INFO - [♥] Applied 1 patch to '=[SMODS _ "smods-https-thread.lua"]'
INFO - [G] 2025-04-17 13:21:36 :: DEBUG :: SMODS.https(92) :: Using https module backend
INFO - [G] LONG DT @ 3663: 0.052245229613763
INFO - [♥] Applied 1 patch to '=[SMODS _ "smods-https-thread.lua"]'
INFO - [G] 2025-04-17 13:22:36 :: DEBUG :: SMODS.https(93) :: Using https module backend
INFO - [♥] Applied 1 patch to '=[SMODS _ "smods-https-thread.lua"]'
INFO - [G] 2025-04-17 13:23:36 :: DEBUG :: SMODS.https(94) :: Using https module backend
INFO - [♥] Applied 1 patch to '=[SMODS _ "smods-https-thread.lua"]'
INFO - [G] 2025-04-17 13:24:36 :: DEBUG :: SMODS.https(95) :: Using https module backend
INFO - [♥] Applied 1 patch to '=[SMODS _ "smods-https-thread.lua"]'
INFO - [G] 2025-04-17 13:25:39 :: DEBUG :: SMODS.https(96) :: Using https module backend
INFO - [♥] Applied 1 patch to '=[SMODS _ "smods-https-thread.lua"]'
INFO - [G] 2025-04-17 13:27:56 :: DEBUG :: SMODS.https(97) :: Using https module backend
INFO - [♥] Applied 1 patch to '=[SMODS _ "smods-https-thread.lua"]'
INFO - [G] 2025-04-17 13:29:16 :: DEBUG :: SMODS.https(98) :: Using https module backend
INFO - [♥] Applied 1 patch to '=[SMODS _ "smods-https-thread.lua"]'
INFO - [G] 2025-04-17 13:35:44 :: DEBUG :: SMODS.https(99) :: Using https module backend
INFO - [♥] Applied 1 patch to '=[SMODS _ "smods-https-thread.lua"]'
INFO - [G] 2025-04-17 13:36:56 :: DEBUG :: SMODS.https(100) :: Using https module backend
INFO - [♥] Applied 1 patch to '=[SMODS _ "smods-https-thread.lua"]'
INFO - [G] 2025-04-17 13:38:00 :: DEBUG :: SMODS.https(101) :: Using https module backend
INFO - [♥] Applied 1 patch to '=[SMODS _ "smods-https-thread.lua"]'
INFO - [G] 2025-04-17 13:39:01 :: DEBUG :: SMODS.https(102) :: Using https module backend
INFO - [♥] Applied 1 patch to '=[SMODS _ "smods-https-thread.lua"]'
INFO - [G] 2025-04-17 13:40:02 :: DEBUG :: SMODS.https(103) :: Using https module backend
INFO - [♥] Applied 1 patch to '=[SMODS _ "smods-https-thread.lua"]'
INFO - [G] 2025-04-17 13:41:02 :: DEBUG :: SMODS.https(104) :: Using https module backend
INFO - [♥] Applied 1 patch to '=[SMODS _ "smods-https-thread.lua"]'
INFO - [G] 2025-04-17 13:42:02 :: DEBUG :: SMODS.https(105) :: Using https module backend
INFO - [♥] Applied 1 patch to '=[SMODS _ "smods-https-thread.lua"]'
INFO - [G] 2025-04-17 13:43:10 :: DEBUG :: SMODS.https(106) :: Using https module backend
INFO - [♥] Applied 1 patch to '=[SMODS _ "smods-https-thread.lua"]'
INFO - [G] 2025-04-17 13:44:10 :: DEBUG :: SMODS.https(107) :: Using https module backend
INFO - [♥] Applied 1 patch to '=[SMODS _ "smods-https-thread.lua"]'
INFO - [G] 2025-04-17 13:45:10 :: DEBUG :: SMODS.https(108) :: Using https module backend
INFO - [♥] Applied 1 patch to '=[SMODS _ "smods-https-thread.lua"]'
INFO - [G] 2025-04-17 13:46:10 :: DEBUG :: SMODS.https(109) :: Using https module backend
INFO - [♥] Applied 1 patch to '=[SMODS _ "smods-https-thread.lua"]'
INFO - [G] 2025-04-17 13:47:11 :: DEBUG :: SMODS.https(110) :: Using https module backend
INFO - [♥] Applied 1 patch to '=[SMODS _ "smods-https-thread.lua"]'
INFO - [G] 2025-04-17 13:48:11 :: DEBUG :: SMODS.https(111) :: Using https module backend
INFO - [♥] Applied 1 patch to '=[SMODS _ "smods-https-thread.lua"]'
INFO - [G] 2025-04-17 13:49:11 :: DEBUG :: SMODS.https(112) :: Using https module backend
INFO - [♥] Applied 1 patch to '=[SMODS _ "smods-https-thread.lua"]'
INFO - [G] 2025-04-17 13:50:11 :: DEBUG :: SMODS.https(113) :: Using https module backend
INFO - [♥] Applied 1 patch to '=[SMODS _ "smods-https-thread.lua"]'
INFO - [G] 2025-04-17 13:51:13 :: DEBUG :: SMODS.https(114) :: Using https module backend
INFO - [♥] Applied 1 patch to '=[SMODS _ "smods-https-thread.lua"]'
INFO - [G] 2025-04-17 13:52:14 :: DEBUG :: SMODS.https(115) :: Using https module backend
INFO - [♥] Applied 1 patch to '=[SMODS _ "smods-https-thread.lua"]'
INFO - [G] 2025-04-17 13:53:14 :: DEBUG :: SMODS.https(116) :: Using https module backend
INFO - [♥] Applied 1 patch to '=[SMODS _ "smods-https-thread.lua"]'
INFO - [G] 2025-04-17 13:54:16 :: DEBUG :: SMODS.https(117) :: Using https module backend
INFO - [♥] Applied 1 patch to '=[SMODS _ "smods-https-thread.lua"]'
INFO - [G] 2025-04-17 13:55:16 :: DEBUG :: SMODS.https(118) :: Using https module backend
INFO - [♥] Applied 1 patch to '=[SMODS _ "smods-https-thread.lua"]'
INFO - [G] 2025-04-17 13:56:17 :: DEBUG :: SMODS.https(119) :: Using https module backend
INFO - [♥] Applied 1 patch to '=[SMODS _ "smods-https-thread.lua"]'
INFO - [G] 2025-04-17 13:57:17 :: DEBUG :: SMODS.https(120) :: Using https module backend
INFO - [♥] Applied 1 patch to '=[SMODS _ "smods-https-thread.lua"]'
INFO - [G] 2025-04-17 13:58:17 :: DEBUG :: SMODS.https(121) :: Using https module backend
INFO - [♥] Applied 1 patch to '=[SMODS _ "smods-https-thread.lua"]'
INFO - [G] 2025-04-17 13:59:17 :: DEBUG :: SMODS.https(122) :: Using https module backend
INFO - [♥] Applied 1 patch to '=[SMODS _ "smods-https-thread.lua"]'
INFO - [G] 2025-04-17 14:00:17 :: DEBUG :: SMODS.https(123) :: Using https module backend
INFO - [♥] Applied 1 patch to '=[SMODS _ "smods-https-thread.lua"]'
INFO - [G] 2025-04-17 14:01:17 :: DEBUG :: SMODS.https(124) :: Using https module backend
INFO - [♥] Applied 1 patch to '=[SMODS _ "smods-https-thread.lua"]'
INFO - [G] 2025-04-17 14:02:18 :: DEBUG :: SMODS.https(125) :: Using https module backend
INFO - [♥] Applied 1 patch to '=[SMODS _ "smods-https-thread.lua"]'
INFO - [G] 2025-04-17 14:03:18 :: DEBUG :: SMODS.https(126) :: Using https module backend
INFO - [♥] Applied 1 patch to '=[SMODS _ "smods-https-thread.lua"]'
INFO - [G] 2025-04-17 14:04:21 :: DEBUG :: SMODS.https(127) :: Using https module backend
INFO - [♥] Applied 1 patch to '=[SMODS _ "smods-https-thread.lua"]'
INFO - [G] 2025-04-17 14:05:23 :: DEBUG :: SMODS.https(128) :: Using https module backend
INFO - [♥] Applied 1 patch to '=[SMODS _ "smods-https-thread.lua"]'
INFO - [G] 2025-04-17 14:06:24 :: DEBUG :: SMODS.https(129) :: Using https module backend
INFO - [♥] Applied 1 patch to '=[SMODS _ "smods-https-thread.lua"]'
INFO - [G] 2025-04-17 14:07:24 :: DEBUG :: SMODS.https(130) :: Using https module backend
INFO - [♥] Applied 1 patch to '=[SMODS _ "smods-https-thread.lua"]'
INFO - [G] 2025-04-17 14:08:24 :: DEBUG :: SMODS.https(131) :: Using https module backend
INFO - [♥] Applied 1 patch to '=[SMODS _ "smods-https-thread.lua"]'
INFO - [G] 2025-04-17 14:09:25 :: DEBUG :: SMODS.https(132) :: Using https module backend
INFO - [♥] Applied 1 patch to '=[SMODS _ "smods-https-thread.lua"]'
INFO - [G] 2025-04-17 14:10:29 :: DEBUG :: SMODS.https(133) :: Using https module backend
INFO - [♥] Applied 1 patch to '=[SMODS _ "smods-https-thread.lua"]'
INFO - [G] 2025-04-17 14:11:46 :: DEBUG :: SMODS.https(134) :: Using https module backend
INFO - [♥] Applied 1 patch to '=[SMODS _ "smods-https-thread.lua"]'
INFO - [G] 2025-04-17 14:12:47 :: DEBUG :: SMODS.https(135) :: Using https module backend
INFO - [♥] Applied 1 patch to '=[SMODS _ "smods-https-thread.lua"]'
INFO - [G] 2025-04-17 14:13:47 :: DEBUG :: SMODS.https(136) :: Using https module backend
INFO - [♥] Applied 1 patch to '=[SMODS _ "smods-https-thread.lua"]'
INFO - [G] 2025-04-17 14:14:47 :: DEBUG :: SMODS.https(137) :: Using https module backend
INFO - [♥] Applied 1 patch to '=[SMODS _ "smods-https-thread.lua"]'
INFO - [G] 2025-04-17 14:15:47 :: DEBUG :: SMODS.https(138) :: Using https module backend
INFO - [♥] Applied 1 patch to '=[SMODS _ "smods-https-thread.lua"]'
INFO - [G] 2025-04-17 14:16:47 :: DEBUG :: SMODS.https(139) :: Using https module backend
INFO - [♥] Applied 1 patch to '=[SMODS _ "smods-https-thread.lua"]'
INFO - [G] 2025-04-17 14:17:48 :: DEBUG :: SMODS.https(140) :: Using https module backend
INFO - [♥] Applied 1 patch to '=[SMODS _ "smods-https-thread.lua"]'
INFO - [G] 2025-04-17 14:18:48 :: DEBUG :: SMODS.https(141) :: Using https module backend
INFO - [♥] Applied 1 patch to '=[SMODS _ "smods-https-thread.lua"]'
INFO - [G] 2025-04-17 14:19:50 :: DEBUG :: SMODS.https(142) :: Using https module backend
INFO - [♥] Applied 1 patch to '=[SMODS _ "smods-https-thread.lua"]'
INFO - [G] 2025-04-17 14:20:52 :: DEBUG :: SMODS.https(143) :: Using https module backend
INFO - [♥] Applied 1 patch to '=[SMODS _ "smods-https-thread.lua"]'
INFO - [G] 2025-04-17 14:21:52 :: DEBUG :: SMODS.https(144) :: Using https module backend
INFO - [♥] Applied 1 patch to '=[SMODS _ "smods-https-thread.lua"]'
INFO - [G] 2025-04-17 14:22:52 :: DEBUG :: SMODS.https(145) :: Using https module backend
INFO - [♥] Applied 1 patch to '=[SMODS _ "smods-https-thread.lua"]'
INFO - [G] 2025-04-17 14:23:52 :: DEBUG :: SMODS.https(146) :: Using https module backend
INFO - [♥] Applied 1 patch to '=[SMODS _ "smods-https-thread.lua"]'
INFO - [G] 2025-04-17 14:24:52 :: DEBUG :: SMODS.https(147) :: Using https module backend
INFO - [♥] Applied 1 patch to '=[SMODS _ "smods-https-thread.lua"]'
INFO - [G] 2025-04-17 14:25:53 :: DEBUG :: SMODS.https(148) :: Using https module backend
INFO - [♥] Applied 1 patch to '=[SMODS _ "smods-https-thread.lua"]'
INFO - [G] 2025-04-17 14:26:55 :: DEBUG :: SMODS.https(149) :: Using https module backend
INFO - [♥] Applied 1 patch to '=[SMODS _ "smods-https-thread.lua"]'
INFO - [G] 2025-04-17 14:27:56 :: DEBUG :: SMODS.https(150) :: Using https module backend
INFO - [♥] Applied 1 patch to '=[SMODS _ "smods-https-thread.lua"]'
INFO - [G] 2025-04-17 14:28:56 :: DEBUG :: SMODS.https(151) :: Using https module backend
INFO - [♥] Applied 1 patch to '=[SMODS _ "smods-https-thread.lua"]'
INFO - [G] 2025-04-17 14:29:56 :: DEBUG :: SMODS.https(152) :: Using https module backend
INFO - [♥] Applied 1 patch to '=[SMODS _ "smods-https-thread.lua"]'
INFO - [G] 2025-04-17 14:30:58 :: DEBUG :: SMODS.https(153) :: Using https module backend
INFO - [♥] Applied 1 patch to '=[SMODS _ "smods-https-thread.lua"]'
INFO - [G] 2025-04-17 14:31:58 :: DEBUG :: SMODS.https(154) :: Using https module backend
INFO - [♥] Applied 1 patch to '=[SMODS _ "smods-https-thread.lua"]'
INFO - [G] 2025-04-17 14:32:59 :: DEBUG :: SMODS.https(155) :: Using https module backend
INFO - [♥] Applied 1 patch to '=[SMODS _ "smods-https-thread.lua"]'
INFO - [G] 2025-04-17 14:33:59 :: DEBUG :: SMODS.https(156) :: Using https module backend
INFO - [♥] Applied 1 patch to '=[SMODS _ "smods-https-thread.lua"]'
INFO - [G] 2025-04-17 14:34:59 :: DEBUG :: SMODS.https(157) :: Using https module backend
INFO - [♥] Applied 1 patch to '=[SMODS _ "smods-https-thread.lua"]'
INFO - [G] 2025-04-17 14:35:59 :: DEBUG :: SMODS.https(158) :: Using https module backend
INFO - [♥] Applied 1 patch to '=[SMODS _ "smods-https-thread.lua"]'
INFO - [G] 2025-04-17 14:36:59 :: DEBUG :: SMODS.https(159) :: Using https module backend
INFO - [♥] Applied 1 patch to '=[SMODS _ "smods-https-thread.lua"]'
INFO - [G] 2025-04-17 14:37:59 :: DEBUG :: SMODS.https(160) :: Using https module backend
INFO - [♥] Applied 1 patch to '=[SMODS _ "smods-https-thread.lua"]'
INFO - [G] 2025-04-17 14:39:00 :: DEBUG :: SMODS.https(161) :: Using https module backend
INFO - [♥] Applied 1 patch to '=[SMODS _ "smods-https-thread.lua"]'
INFO - [G] 2025-04-17 14:40:00 :: DEBUG :: SMODS.https(162) :: Using https module backend
INFO - [♥] Applied 1 patch to '=[SMODS _ "smods-https-thread.lua"]'
INFO - [G] 2025-04-17 14:41:00 :: DEBUG :: SMODS.https(163) :: Using https module backend
INFO - [♥] Applied 1 patch to '=[SMODS _ "smods-https-thread.lua"]'
INFO - [G] 2025-04-17 14:42:00 :: DEBUG :: SMODS.https(164) :: Using https module backend
INFO - [♥] Applied 1 patch to '=[SMODS _ "smods-https-thread.lua"]'
INFO - [G] 2025-04-17 14:43:00 :: DEBUG :: SMODS.https(165) :: Using https module backend
INFO - [♥] Applied 1 patch to '=[SMODS _ "smods-https-thread.lua"]'
INFO - [G] 2025-04-17 14:44:01 :: DEBUG :: SMODS.https(166) :: Using https module backend
INFO - [♥] Applied 1 patch to '=[SMODS _ "smods-https-thread.lua"]'
INFO - [G] 2025-04-17 14:45:01 :: DEBUG :: SMODS.https(167) :: Using https module backend
INFO - [♥] Applied 1 patch to '=[SMODS _ "smods-https-thread.lua"]'
INFO - [G] 2025-04-17 14:46:01 :: DEBUG :: SMODS.https(168) :: Using https module backend
INFO - [♥] Applied 1 patch to '=[SMODS _ "smods-https-thread.lua"]'
INFO - [G] 2025-04-17 14:47:01 :: DEBUG :: SMODS.https(169) :: Using https module backend
INFO - [♥] Applied 1 patch to '=[SMODS _ "smods-https-thread.lua"]'
INFO - [G] 2025-04-17 14:48:01 :: DEBUG :: SMODS.https(170) :: Using https module backend
INFO - [♥] Applied 1 patch to '=[SMODS _ "smods-https-thread.lua"]'
INFO - [G] 2025-04-17 14:49:03 :: DEBUG :: SMODS.https(171) :: Using https module backend
INFO - [♥] Applied 1 patch to '=[SMODS _ "smods-https-thread.lua"]'
INFO - [G] 2025-04-17 14:50:03 :: DEBUG :: SMODS.https(172) :: Using https module backend
INFO - [♥] Applied 1 patch to '=[SMODS _ "smods-https-thread.lua"]'
INFO - [G] 2025-04-17 14:51:03 :: DEBUG :: SMODS.https(173) :: Using https module backend
INFO - [♥] Applied 1 patch to '=[SMODS _ "smods-https-thread.lua"]'
INFO - [G] 2025-04-17 14:52:03 :: DEBUG :: SMODS.https(174) :: Using https module backend
INFO - [♥] Applied 1 patch to '=[SMODS _ "smods-https-thread.lua"]'
INFO - [G] 2025-04-17 14:53:04 :: DEBUG :: SMODS.https(175) :: Using https module backend
INFO - [♥] Applied 1 patch to '=[SMODS _ "smods-https-thread.lua"]'
INFO - [G] 2025-04-17 14:54:04 :: DEBUG :: SMODS.https(176) :: Using https module backend
INFO - [♥] Applied 1 patch to '=[SMODS _ "smods-https-thread.lua"]'
INFO - [G] 2025-04-17 14:55:04 :: DEBUG :: SMODS.https(177) :: Using https module backend
INFO - [♥] Applied 1 patch to '=[SMODS _ "smods-https-thread.lua"]'
INFO - [G] 2025-04-17 14:56:04 :: DEBUG :: SMODS.https(178) :: Using https module backend
INFO - [♥] Applied 1 patch to '=[SMODS _ "smods-https-thread.lua"]'
INFO - [G] 2025-04-17 14:57:04 :: DEBUG :: SMODS.https(179) :: Using https module backend
INFO - [♥] Applied 1 patch to '=[SMODS _ "smods-https-thread.lua"]'
INFO - [G] 2025-04-17 14:58:05 :: DEBUG :: SMODS.https(180) :: Using https module backend
INFO - [♥] Applied 1 patch to '=[SMODS _ "smods-https-thread.lua"]'
INFO - [G] 2025-04-17 14:59:05 :: DEBUG :: SMODS.https(181) :: Using https module backend
INFO - [♥] Applied 1 patch to '=[SMODS _ "smods-https-thread.lua"]'
INFO - [G] 2025-04-17 15:00:06 :: DEBUG :: SMODS.https(182) :: Using https module backend
INFO - [♥] Applied 1 patch to '=[SMODS _ "smods-https-thread.lua"]'
INFO - [G] 2025-04-17 15:01:07 :: DEBUG :: SMODS.https(183) :: Using https module backend
INFO - [♥] Applied 1 patch to '=[SMODS _ "smods-https-thread.lua"]'
INFO - [G] 2025-04-17 15:02:08 :: DEBUG :: SMODS.https(184) :: Using https module backend
INFO - [♥] Applied 1 patch to '=[SMODS _ "smods-https-thread.lua"]'
INFO - [G] 2025-04-17 15:03:08 :: DEBUG :: SMODS.https(185) :: Using https module backend
INFO - [♥] Applied 1 patch to '=[SMODS _ "smods-https-thread.lua"]'
INFO - [G] 2025-04-17 15:04:08 :: DEBUG :: SMODS.https(186) :: Using https module backend
INFO - [♥] Applied 1 patch to '=[SMODS _ "smods-https-thread.lua"]'
INFO - [G] 2025-04-17 15:05:08 :: DEBUG :: SMODS.https(187) :: Using https module backend
INFO - [♥] Applied 1 patch to '=[SMODS _ "smods-https-thread.lua"]'
INFO - [G] 2025-04-17 15:06:08 :: DEBUG :: SMODS.https(188) :: Using https module backend
INFO - [♥] Applied 1 patch to '=[SMODS _ "smods-https-thread.lua"]'
INFO - [G] 2025-04-17 15:07:08 :: DEBUG :: SMODS.https(189) :: Using https module backend
INFO - [♥] Applied 1 patch to '=[SMODS _ "smods-https-thread.lua"]'
INFO - [G] 2025-04-17 15:08:08 :: DEBUG :: SMODS.https(190) :: Using https module backend
INFO - [♥] Applied 1 patch to '=[SMODS _ "smods-https-thread.lua"]'
INFO - [G] 2025-04-17 15:09:08 :: DEBUG :: SMODS.https(191) :: Using https module backend
INFO - [♥] Applied 1 patch to '=[SMODS _ "smods-https-thread.lua"]'
INFO - [G] 2025-04-17 15:10:08 :: DEBUG :: SMODS.https(192) :: Using https module backend
INFO - [♥] Applied 1 patch to '=[SMODS _ "smods-https-thread.lua"]'
INFO - [G] 2025-04-17 15:11:08 :: DEBUG :: SMODS.https(193) :: Using https module backend
INFO - [♥] Applied 1 patch to '=[SMODS _ "smods-https-thread.lua"]'
INFO - [G] 2025-04-17 15:12:08 :: DEBUG :: SMODS.https(194) :: Using https module backend
INFO - [♥] Applied 1 patch to '=[SMODS _ "smods-https-thread.lua"]'
INFO - [G] 2025-04-17 15:13:08 :: DEBUG :: SMODS.https(195) :: Using https module backend
INFO - [♥] Applied 1 patch to '=[SMODS _ "smods-https-thread.lua"]'
INFO - [G] 2025-04-17 15:14:08 :: DEBUG :: SMODS.https(196) :: Using https module backend
INFO - [♥] Applied 1 patch to '=[SMODS _ "smods-https-thread.lua"]'
INFO - [G] 2025-04-17 15:15:08 :: DEBUG :: SMODS.https(197) :: Using https module backend
INFO - [♥] Applied 1 patch to '=[SMODS _ "smods-https-thread.lua"]'
INFO - [G] 2025-04-17 15:16:09 :: DEBUG :: SMODS.https(198) :: Using https module backend
INFO - [♥] Applied 1 patch to '=[SMODS _ "smods-https-thread.lua"]'
INFO - [G] 2025-04-17 15:17:09 :: DEBUG :: SMODS.https(199) :: Using https module backend
INFO - [♥] Applied 1 patch to '=[SMODS _ "smods-https-thread.lua"]'
INFO - [G] 2025-04-17 15:18:09 :: DEBUG :: SMODS.https(200) :: Using https module backend
INFO - [♥] Applied 1 patch to '=[SMODS _ "smods-https-thread.lua"]'
INFO - [G] 2025-04-17 15:19:09 :: DEBUG :: SMODS.https(201) :: Using https module backend
INFO - [♥] Applied 1 patch to '=[SMODS _ "smods-https-thread.lua"]'
INFO - [G] 2025-04-17 15:20:09 :: DEBUG :: SMODS.https(202) :: Using https module backend
INFO - [♥] Applied 1 patch to '=[SMODS _ "smods-https-thread.lua"]'
INFO - [G] 2025-04-17 15:21:09 :: DEBUG :: SMODS.https(203) :: Using https module backend
INFO - [♥] Applied 1 patch to '=[SMODS _ "smods-https-thread.lua"]'
INFO - [G] 2025-04-17 15:22:12 :: DEBUG :: SMODS.https(204) :: Using https module backend
INFO - [♥] Applied 1 patch to '=[SMODS _ "smods-https-thread.lua"]'
INFO - [G] 2025-04-17 15:23:13 :: DEBUG :: SMODS.https(205) :: Using https module backend
INFO - [♥] Applied 1 patch to '=[SMODS _ "smods-https-thread.lua"]'
INFO - [G] 2025-04-17 15:24:13 :: DEBUG :: SMODS.https(206) :: Using https module backend
INFO - [♥] Applied 1 patch to '=[SMODS _ "smods-https-thread.lua"]'
INFO - [G] 2025-04-17 15:25:13 :: DEBUG :: SMODS.https(207) :: Using https module backend
INFO - [♥] Applied 1 patch to '=[SMODS _ "smods-https-thread.lua"]'
INFO - [G] 2025-04-17 15:26:13 :: DEBUG :: SMODS.https(208) :: Using https module backend
INFO - [♥] Applied 1 patch to '=[SMODS _ "smods-https-thread.lua"]'
INFO - [G] 2025-04-17 15:27:13 :: DEBUG :: SMODS.https(209) :: Using https module backend
INFO - [♥] Applied 1 patch to '=[SMODS _ "smods-https-thread.lua"]'
INFO - [G] 2025-04-17 15:28:13 :: DEBUG :: SMODS.https(210) :: Using https module backend
INFO - [♥] Applied 1 patch to '=[SMODS _ "smods-https-thread.lua"]'
INFO - [G] 2025-04-17 15:29:14 :: DEBUG :: SMODS.https(211) :: Using https module backend
INFO - [♥] Applied 1 patch to '=[SMODS _ "smods-https-thread.lua"]'
INFO - [G] 2025-04-17 15:30:14 :: DEBUG :: SMODS.https(212) :: Using https module backend
INFO - [♥] Applied 1 patch to '=[SMODS _ "smods-https-thread.lua"]'
INFO - [G] 2025-04-17 15:31:14 :: DEBUG :: SMODS.https(213) :: Using https module backend
INFO - [♥] Applied 1 patch to '=[SMODS _ "smods-https-thread.lua"]'
INFO - [G] 2025-04-17 15:32:14 :: DEBUG :: SMODS.https(214) :: Using https module backend
INFO - [G] LONG DT @ 1919: 0.062970411838925
INFO - [G] LONG DT @ 1919: 0.064716169471097
INFO - [G] LONG DT @ 1919: 0.056175555576987
INFO - [G] LONG DT @ 1919: 0.054323376387505
INFO - [G] LONG DT @ 1919: 0.057171741109861
INFO - [G] LONG DT @ 1919: 0.059725452887863
INFO - [G] LONG DT @ 1919: 0.062668082310406
INFO - [G] LONG DT @ 1919: 0.063926145848174
INFO - [G] LONG DT @ 1919: 0.053680996678647
INFO - [G] LONG DT @ 1920: 0.05084169691483
INFO - [G] LONG DT @ 1920: 0.054658617531982
INFO - [G] LONG DT @ 1920: 0.057644514025433
INFO - [G] LONG DT @ 1920: 0.060014971220488
INFO - [G] LONG DT @ 1920: 0.061890276976241
INFO - [G] LONG DT @ 1920: 0.06328202158122
INFO - [G] LONG DT @ 1920: 0.064438337264964
INFO - [G] LONG DT @ 1920: 0.064039949811834
INFO - [G] LONG DT @ 1920: 0.06459431984935
INFO - [G] LONG DT @ 1920: 0.065223515879656
INFO - [G] LONG DT @ 1920: 0.064663052703773
INFO - [G] LONG DT @ 1920: 0.065174082162987
INFO - [G] LONG DT @ 1920: 0.065633885730373
INFO - [G] LONG DT @ 1920: 0.065613208584303
INFO - [G] LONG DT @ 1920: 0.064863386867461
INFO - [G] LONG DT @ 1921: 0.064280549494074
INFO - [G] LONG DT @ 1921: 0.063805879595068
INFO - [G] LONG DT @ 1921: 0.063529223676052
INFO - [G] LONG DT @ 1921: 0.063380558940772
INFO - [G] LONG DT @ 1921: 0.06330356715285
INFO - [G] LONG DT @ 1921: 0.064374953722114
INFO - [G] LONG DT @ 1921: 0.064066462977648
INFO - [G] LONG DT @ 1921: 0.06390205038217
INFO - [G] LONG DT @ 1921: 0.063637080305797
INFO - [G] LONG DT @ 1921: 0.063579144244751
INFO - [G] LONG DT @ 1921: 0.063359855395648
INFO - [G] LONG DT @ 1921: 0.063118424316578
INFO - [G] LONG DT @ 1921: 0.062875939453062
INFO - [G] LONG DT @ 1921: 0.062841831562751
INFO - [G] LONG DT @ 1921: 0.06286916525022
INFO - [G] LONG DT @ 1922: 0.062692052199919
INFO - [G] LONG DT @ 1922: 0.062591761759868
INFO - [G] LONG DT @ 1922: 0.062534429407941
INFO - [G] LONG DT @ 1922: 0.062586643526351
INFO - [G] LONG DT @ 1922: 0.062814034821127
INFO - [G] LONG DT @ 1922: 0.052920867856924
INFO - [G] LONG DT @ 1933: 0.053544645303276
INFO - [♥] Applied 1 patch to '=[SMODS _ "smods-https-thread.lua"]'
INFO - [G] 2025-04-17 15:33:14 :: DEBUG :: SMODS.https(215) :: Using https module backend
INFO - [♥] Applied 1 patch to '=[SMODS _ "smods-https-thread.lua"]'
INFO - [G] 2025-04-17 15:34:15 :: DEBUG :: SMODS.https(216) :: Using https module backend
INFO - [♥] Applied 1 patch to '=[SMODS _ "smods-https-thread.lua"]'
INFO - [G] 2025-04-17 15:35:15 :: DEBUG :: SMODS.https(217) :: Using https module backend
INFO - [♥] Applied 1 patch to '=[SMODS _ "smods-https-thread.lua"]'
INFO - [G] 2025-04-17 15:36:15 :: DEBUG :: SMODS.https(218) :: Using https module backend
INFO - [♥] Applied 1 patch to '=[SMODS _ "smods-https-thread.lua"]'
INFO - [G] 2025-04-17 15:37:15 :: DEBUG :: SMODS.https(219) :: Using https module backend
INFO - [♥] Applied 1 patch to '=[SMODS _ "smods-https-thread.lua"]'
INFO - [G] 2025-04-17 15:38:16 :: DEBUG :: SMODS.https(220) :: Using https module backend
INFO - [♥] Applied 1 patch to '=[SMODS _ "smods-https-thread.lua"]'
INFO - [G] 2025-04-17 15:39:16 :: DEBUG :: SMODS.https(221) :: Using https module backend
INFO - [♥] Applied 1 patch to '=[SMODS _ "smods-https-thread.lua"]'
INFO - [G] 2025-04-17 15:40:17 :: DEBUG :: SMODS.https(222) :: Using https module backend
INFO - [♥] Applied 1 patch to '=[SMODS _ "smods-https-thread.lua"]'
INFO - [G] 2025-04-17 15:41:17 :: DEBUG :: SMODS.https(223) :: Using https module backend
INFO - [♥] Applied 1 patch to '=[SMODS _ "smods-https-thread.lua"]'
INFO - [G] 2025-04-17 15:42:17 :: DEBUG :: SMODS.https(224) :: Using https module backend
INFO - [♥] Applied 1 patch to '=[SMODS _ "smods-https-thread.lua"]'
INFO - [G] 2025-04-17 15:43:17 :: DEBUG :: SMODS.https(225) :: Using https module backend
INFO - [♥] Applied 1 patch to '=[SMODS _ "smods-https-thread.lua"]'
INFO - [G] 2025-04-17 15:44:18 :: DEBUG :: SMODS.https(226) :: Using https module backend
INFO - [♥] Applied 1 patch to '=[SMODS _ "smods-https-thread.lua"]'
INFO - [G] 2025-04-17 15:45:18 :: DEBUG :: SMODS.https(227) :: Using https module backend
INFO - [♥] Applied 1 patch to '=[SMODS _ "smods-https-thread.lua"]'
INFO - [G] 2025-04-17 15:46:18 :: DEBUG :: SMODS.https(228) :: Using https module backend
INFO - [♥] Applied 1 patch to '=[SMODS _ "smods-https-thread.lua"]'
INFO - [G] 2025-04-17 15:47:19 :: DEBUG :: SMODS.https(229) :: Using https module backend
INFO - [♥] Applied 1 patch to '=[SMODS _ "smods-https-thread.lua"]'
INFO - [G] 2025-04-17 15:48:25 :: DEBUG :: SMODS.https(230) :: Using https module backend
INFO - [♥] Applied 1 patch to '=[SMODS _ "smods-https-thread.lua"]'
INFO - [G] 2025-04-17 15:49:25 :: DEBUG :: SMODS.https(231) :: Using https module backend
INFO - [G] LONG DT @ 2944: 0.063219080811399
INFO - [G] LONG DT @ 2944: 0.054612364649034
INFO - [♥] Applied 1 patch to '=[SMODS _ "smods-https-thread.lua"]'
INFO - [G] 2025-04-17 15:50:25 :: DEBUG :: SMODS.https(232) :: Using https module backend
INFO - [♥] Applied 1 patch to '=[SMODS _ "smods-https-thread.lua"]'
INFO - [G] 2025-04-17 15:51:51 :: DEBUG :: SMODS.https(233) :: Using https module backend
INFO - [♥] Applied 1 patch to '=[SMODS _ "smods-https-thread.lua"]'
INFO - [G] 2025-04-17 15:52:51 :: DEBUG :: SMODS.https(234) :: Using https module backend
INFO - [♥] Applied 1 patch to '=[SMODS _ "smods-https-thread.lua"]'
INFO - [G] 2025-04-17 15:53:52 :: DEBUG :: SMODS.https(235) :: Using https module backend
INFO - [♥] Applied 1 patch to '=[SMODS _ "smods-https-thread.lua"]'
INFO - [G] 2025-04-17 15:54:55 :: DEBUG :: SMODS.https(236) :: Using https module backend
INFO - [♥] Applied 1 patch to '=[SMODS _ "smods-https-thread.lua"]'
INFO - [G] 2025-04-17 15:55:59 :: DEBUG :: SMODS.https(237) :: Using https module backend
