INFO - [♥] Lovely 0.7.1
INFO - [♥] Game directory is at "C:\\Program Files (x86)\\Steam\\steamapps\\common\\Balatro"
INFO - [♥] Writing logs to "C:\\Users\\erikk\\AppData\\Roaming\\Balatro\\Mods\\lovely\\log"
INFO - [♥] Using mod directory at "C:\\Users\\erikk\\AppData\\Roaming\\Balatro\\Mods"
INFO - [♥] Found .lovelyignore in 'DebugPlus', skipping it.
INFO - [♥] Found .lovelyignore in 'JoyousSpring-main', skipping it.
INFO - [♥] Found .lovelyignore in 'Talisman', skipping it.
WARN - [♥] Unknown key `patches.16.?.match_indent` found in patch file at "C:\\Users\\erikk\\AppData\\Roaming\\Balatro\\Mods\\Bunco-5.1\\lovely.toml", ignoring it
WARN - [♥] Unknown key `patches.148.?.match_indent` found in patch file at "C:\\Users\\erikk\\AppData\\Roaming\\Balatro\\Mods\\Bunco-5.1\\lovely.toml", ignoring it
INFO - [♥] Cleaning up dumps directory at "C:\\Users\\erikk\\AppData\\Roaming\\Balatro\\Mods\\lovely\\dump"
INFO - [♥] Initialization complete in 82ms
WARN - [♥] Pattern 'mod = mod or 0' on target 'main.lua' for pattern patch from Bunco-5.1\lovely.toml resulted in no matches
INFO - [♥] Applied 15 patches to 'main.lua'
INFO - [♥] Applied 6 patches to 'engine/controller.lua'
INFO - [♥] Applied 16 patches to 'back.lua'
INFO - [♥] Applied 11 patches to 'tag.lua'
INFO - [♥] Applied 4 patches to 'engine/node.lua'
INFO - [♥] Applied 1 patch to 'engine/moveable.lua'
INFO - [♥] Applied 2 patches to 'engine/sprite.lua'
INFO - [♥] Applied 2 patches to 'engine/animatedsprite.lua'
INFO - [♥] Applied 58 patches to 'functions/misc_functions.lua'
WARN - [♥] Pattern 'G.SPLASH_BACK:define_draw_steps({{\n    shader = \'splash\',\n    send = {\n        {name = \'time\', ref_table = G.TIMERS, ref_value = \'REAL\'},\n        {name = \'vort_speed\', val = 1},\n        {name = \'colour_1\', ref_table = G.C, ref_value = \'COLOUR1\'},\n        {name = \'colour_2\', ref_table = G.C, ref_value = \'WHITE\'},\n        {name = \'mid_flash\', val = 0},\n        {name = \'vort_offset\', val = (2*90.15315131*os.time())%100000},\n    }}})\n' on target 'game.lua' for pattern patch from Cardsauce\lovely.toml resulted in no matches
INFO - [♥] Applied 68 patches to 'game.lua'
INFO - [♥] Applied 9 patches to 'globals.lua'
INFO - [♥] Applied 3 patches to 'engine/ui.lua'
WARN - [♥] Pattern 'table.insert(t, create_toggle({label = localize(\'b_high_contrast_cards\'), ref_table = G.SETTINGS, ref_value = \'colourblind_option\', callback = G.FUNCS.refresh_contrast_mode}))' on target 'functions/UI_definitions.lua' for pattern patch from Cardsauce\lovely.toml resulted in no matches
INFO - [♥] Applied 110 patches to 'functions/UI_definitions.lua'
WARN - [♥] Pattern 'mult, hand_chips, modded = G.GAME.blind:modify_hand(G.play.cards, poker_hands, text, mult, hand_chips)' on target 'functions/state_events.lua' for pattern patch from AzzysJokers-1.2.2\lovely\patcher.toml resulted in no matches
WARN - [♥] Pattern 'card_eval_status_text((reps[j].jokers or reps[j].seals).card, \'jokers\', nil, nil, nil, (reps[j].jokers or reps[j].seals))' on target 'functions/state_events.lua' for pattern patch from AzzysJokers-1.2.2\lovely\patcher.toml resulted in no matches
WARN - [♥] Pattern 'for j=1,#reps do' on target 'functions/state_events.lua' for pattern patch from Cruel-Blinds-main\lovely.toml resulted in no matches
WARN - [♥] Pattern 'table.sort(scoring_hand, function (a, b) return a.T.x < b.T.x end )' on target 'functions/state_events.lua' for pattern patch from Cruel-Blinds-main\lovely.toml resulted in no matches
WARN - [♥] Pattern 'reps[#reps+1] = eval' on target 'functions/state_events.lua' for pattern patch from MathBlinds-main\lovely.toml resulted in no matches
WARN - [♥] Regex 'for h[ ]*\\= 1, eval\\.jokers\\.repetitions do\n[ \\t]*if G\\.GAME\\.blind.name \\=\\= \"bl_mathbl_infinite\" and not G\\.GAME\\.blind\\.disabled then\n[ \\t]*G\\.GAME\\.blind:wiggle\\(\\)\n[ \\t]*G\\.GAME\\.blind\\.triggered \\= true\n[ \\t]*else\n[ \\t]*reps\\[#reps\\+1\\] \\= eval\n[ \\t]*end\n[ \\t]*end\n[ \\t]*end' on target 'functions/state_events.lua' for regex patch from MathBlinds-main\lovely.toml resulted in no matches
WARN - [♥] Pattern 'local splashed = SMODS.always_scores(G.play.cards[i]) or next(find_joker(\'Splash\'))\n' on target 'functions/state_events.lua' for pattern patch from Maximus-main\lovely\high_dive.toml resulted in no matches
WARN - [♥] Pattern 'if to_big(hand_chips)*mult > to_big(0) then\n' on target 'functions/state_events.lua' for pattern patch from Maximus-main\lovely\modifiers.toml resulted in no matches
WARN - [♥] Pattern 'reset_idol_card()\nreset_mail_rank()\nreset_ancient_card()\nreset_castle_card()                        for _, mod in ipairs(SMODS.mod_list) do\n    if mod.reset_game_globals and type(mod.reset_game_globals) == \'function\' then\n        mod.reset_game_globals(false)\n    end\nend\n' on target 'functions/state_events.lua' for pattern patch from Maximus-main\lovely\stop_sign.toml resulted in no matches
WARN - [♥] Pattern 'ease_to = G.GAME.chips + math.floor(hand_chips*mult),' on target 'functions/state_events.lua' for pattern patch from Bunco-5.1\lovely.toml resulted in no matches
WARN - [♥] Regex '([^)p])/(5)' on target 'functions/state_events.lua' for regex patch from BalatroBakery-main\lovely.toml resulted in 3 matches, wanted 7
WARN - [♥] Regex '>= (to_big)?\\(5\\)' on target 'functions/state_events.lua' for regex patch from BalatroBakery-main\lovely.toml resulted in no matches
WARN - [♥] Pattern '    for k, v in ipairs(G.play.cards) do\n        if (not v.shattered) and (not v.destroyed) then\n            draw_card(G.play,G.discard, it*100/play_count,\'down\', false, v)\n            it = it + 1\n        end\n    end\n' on target 'functions/state_events.lua' for pattern patch from Cardsauce\lovely.toml resulted in no matches
WARN - [♥] Pattern '                if effects.jokers.level_up then\n                    level_up_hand(card, text)\n                end\n' on target 'functions/state_events.lua' for pattern patch from Cardsauce\lovely.toml resulted in no matches
WARN - [♥] Pattern 'card_eval_status_text(card, \'jokers\', nil, percent, nil, effects.jokers)' on target 'functions/state_events.lua' for pattern patch from Cardsauce\lovely.toml resulted in no matches
WARN - [♥] Pattern 'if next(find_joker(\'Splash\')) then' on target 'functions/state_events.lua' for pattern patch from Cardsauce\lovely.toml resulted in no matches
INFO - [♥] Applied 112 patches to 'functions/state_events.lua'
WARN - [♥] Pattern '{n=G.UIT.O, config={object = DynaText({string = {\' \'..localize(\'ph_mr_bones\')..\' \'}, colours = {G.C.FILTER}, shadow = true, pop_in = 0, scale = 0.5*scale, silent = true})}}' on target 'functions/common_events.lua' for pattern patch from Cardsauce\lovely.toml resulted in no matches
WARN - [♥] Pattern 'if specific_vars.nominal_chips then\n    localize{type = \'other\', key = \'card_chips\', nodes = desc_nodes, vars = {specific_vars.nominal_chips}}\nend\nif specific_vars.bonus_chips then\n    localize{type = \'other\', key = \'card_extra_chips\', nodes = desc_nodes, vars = {specific_vars.bonus_chips}}\nend\n' on target 'functions/common_events.lua' for pattern patch from Cardsauce\lovely.toml resulted in no matches
INFO - [♥] Applied 161 patches to 'functions/common_events.lua'
WARN - [♥] Pattern 'if #G.hand.highlighted <= 0 or G.GAME.blind.block_play or #G.hand.highlighted > 5 then' on target 'functions/button_callbacks.lua' for pattern patch from Bunco-5.1\lovely.toml resulted in no matches
WARN - [♥] Pattern 'if #G.hand.highlighted <= 0 or G.GAME.blind.block_play or #G.hand.highlighted > 5 then' on target 'functions/button_callbacks.lua' for pattern patch from Prism-main\lovely.toml resulted in no matches
INFO - [♥] Applied 74 patches to 'functions/button_callbacks.lua'
WARN - [♥] Pattern 'if G.GAME.blind and G.GAME.blind.in_blind then G.E_MANAGER:add_event(Event({ func = function() G.GAME.blind:set_blind(nil, true, nil); return true end })) end' on target 'card.lua' for pattern patch from smods-main\lovely\calculate_card_added.toml resulted in 2 matches, wanted 1
WARN - [♥] Ignoring excess matches
WARN - [♥] Pattern 'if next(find_joker(\'Smeared Joker\')) and (self.base.suit == \'Hearts\' or self.base.suit == \'Diamonds\') == (suit == \'Hearts\' or suit == \'Diamonds\') then' on target 'card.lua' for pattern patch from paperback-main\lovely\spectrum.toml resulted in no matches
WARN - [♥] Pattern 'if next(find_joker(\'Smeared Joker\')) and (self.base.suit == \'Hearts\' or self.base.suit == \'Diamonds\') == (suit == \'Hearts\' or suit == \'Diamonds\') then\n    return true\nend\n' on target 'card.lua' for pattern patch from Maximus-main\lovely\faded.toml resulted in no matches
WARN - [♥] Pattern 'if next(find_joker(\'Smeared Joker\')) and (self.base.suit == \'Hearts\' or self.base.suit == \'Diamonds\') == (suit == \'Hearts\' or suit == \'Diamonds\') then\n    return true\nend\n' on target 'card.lua' for pattern patch from Maximus-main\lovely\faded.toml resulted in no matches
WARN - [♥] Pattern 'if self.ability.name == \'Business Card\' and\n    context.other_card:is_face() and\n    pseudorandom(\'business\') < G.GAME.probabilities.normal/self.ability.extra then\n        G.GAME.dollar_buffer = (G.GAME.dollar_buffer or 0) + 2\n        if not Talisman.config_file.disable_anims then G.E_MANAGER:add_event(Event({func = (function() G.GAME.dollar_buffer = 0; return true end)})) else G.GAME.dollar_buffer = 0 end\n        return {\n            dollars = 2,\n            card = self\n        }\n    end\n' on target 'card.lua' for pattern patch from Maximus-main\lovely\pessimistic.toml resulted in no matches
WARN - [♥] Pattern 'if self.ability.name == \'Reserved Parking\' and\ncontext.other_card:is_face() and\npseudorandom(\'parking\') < G.GAME.probabilities.normal/self.ability.extra.odds then\n    if context.other_card.debuff then\n        return {\n            message = localize(\'k_debuffed\'),\n            colour = G.C.RED,\n            card = self,\n        }\n    else\n        G.GAME.dollar_buffer = (G.GAME.dollar_buffer or 0) + self.ability.extra.dollars\n        if not Talisman.config_file.disable_anims then G.E_MANAGER:add_event(Event({func = (function() G.GAME.dollar_buffer = 0; return true end)})) else G.GAME.dollar_buffer = 0 end\n        return {\n            dollars = self.ability.extra.dollars,\n            card = self\n        }\n    end\nend\n' on target 'card.lua' for pattern patch from Maximus-main\lovely\pessimistic.toml resulted in no matches
WARN - [♥] Pattern 'function Card:calculate_joker(context)\n    if self.debuff then return nil end\n' on target 'card.lua' for pattern patch from Maximus-main\lovely\schrodingers.toml resulted in no matches
WARN - [♥] Pattern 'if next(find_joker(\'Smeared Joker\')) and (self.base.suit == \'Hearts\' or self.base.suit == \'Diamonds\') == (suit == \'Hearts\' or suit == \'Diamonds\') then' on target 'card.lua' for pattern patch from Bunco-5.1\lovely.toml resulted in no matches
WARN - [♥] Pattern 'if true then\nself.children.back = Sprite(self.T.x, self.T.y, self.T.w, self.T.h, G.ASSET_ATLAS[(G.GAME.viewed_back or G.GAME.selected_back) and ((G.GAME.viewed_back or G.GAME.selected_back)[G.SETTINGS.colourblind_option and \'hc_atlas\' or \'lc_atlas\'] or (G.GAME.viewed_back or G.GAME.selected_back).atlas) or \'centers\'], self.params.bypass_back or (self.playing_card and G.GAME[self.back].pos or G.P_CENTERS[\'b_red\'].pos))' on target 'card.lua' for pattern patch from Bunco-5.1\lovely.toml resulted in no matches
WARN - [♥] Pattern 'G.E_MANAGER:add_event(Event({trigger = \'after\',delay = 0.1,func = function() G.hand.highlighted[i]:set_ability(G.P_CENTERS[self.ability.consumeable.mod_conv]);return true end }))' on target 'card.lua' for pattern patch from Cardsauce\lovely.toml resulted in no matches
WARN - [♥] Pattern 'if self.debuff then\n    self.children.center:draw_shader(\'debuff\', nil, self.ARGS.send_to_shader)\n' on target 'card.lua' for pattern patch from Cardsauce\lovely.toml resulted in no matches
WARN - [♥] Pattern 'if G.consumeables.cards[i].ability.consumeable then' on target 'card.lua' for pattern patch from Cardsauce\lovely.toml resulted in no matches
INFO - [♥] Applied 317 patches to 'card.lua'
INFO - [♥] Applied 23 patches to 'cardarea.lua'
WARN - [♥] Pattern 'function Blind:modify_hand(cards, poker_hands, text, mult, hand_chips)' on target 'blind.lua' for pattern patch from Cruel-Blinds-main\lovely.toml resulted in no matches
INFO - [♥] Applied 47 patches to 'blind.lua'
INFO - [♥] Applied 2 patches to 'engine/text.lua'
INFO - [♥] Applied 3 patches to 'challenges.lua'
INFO - [♥] Applied 1 patch to '=[SMODS _ "src/ui.lua"]'
WARN - [♥] Pattern 'if scoring_hand and SMODS.has_enhancement(card, \'m_glass\') and not card.debuff and pseudorandom(\'glass\') < G.GAME.probabilities.normal/(card.ability.name == \'Glass Card\' and card.ability.extra or G.P_CENTERS.m_glass.config.extra) then' on target '=[SMODS _ "src/utils.lua"]' for pattern patch from Maximus-main\lovely\stone_thrower.toml resulted in no matches
INFO - [♥] Applied 3 patches to '=[SMODS _ "src/utils.lua"]'
INFO - [♥] Applied 1 patch to '=[SMODS _ "src/overrides.lua"]'
INFO - [♥] Applied 5 patches to '=[SMODS _ "src/game_object.lua"]'
INFO - [G] Failed to connect to the debug server
INFO - [G] 2025-03-26 15:18:48 :: DEBUG :: DebugConsole :: Steamodded Debug Socket started !
INFO - [♥] Applied 9 patches to 'engine/sound_manager.lua'
INFO - [♥] Applied 1 patch to 'engine/save_manager.lua'
INFO - [♥] Applied 4 patches to '=[SMODS _ "src/card_draw.lua"]'
INFO - [G] 2025-03-26 15:18:50 :: TRACE :: Loader :: Processing Mod file (Legacy header): Azazel.lua
INFO - [G] 2025-03-26 15:18:50 :: TRACE :: Loader :: Saving Mod Info: AzzysJokers
INFO - [G] 2025-03-26 15:18:50 :: INFO  :: DefaultLogger :: Valid JSON file found
INFO - [G] 2025-03-26 15:18:50 :: INFO  :: DefaultLogger :: Valid JSON file found
INFO - [G] 2025-03-26 15:18:50 :: TRACE :: Loader :: Processing Mod file (Legacy header): main.lua
INFO - [G] 2025-03-26 15:18:50 :: TRACE :: Loader :: Saving Mod Info: Cardsauce
INFO - [G] 2025-03-26 15:18:50 :: TRACE :: Loader :: Processing Mod file (Legacy header): CruelBlinds.lua
INFO - [G] 2025-03-26 15:18:50 :: TRACE :: Loader :: Saving Mod Info: CBL
INFO - [G] 2025-03-26 15:18:50 :: INFO  :: DefaultLogger :: Valid JSON file found
INFO - [G] 2025-03-26 15:18:50 :: INFO  :: DefaultLogger :: Valid JSON file found
INFO - [G] 2025-03-26 15:18:50 :: INFO  :: DefaultLogger :: Valid JSON file found
INFO - [G] 2025-03-26 15:18:50 :: TRACE :: Loader :: Processing Mod file (Legacy header): MathBlinds.lua
INFO - [G] 2025-03-26 15:18:50 :: TRACE :: Loader :: Saving Mod Info: MathBlinds
INFO - [G] 2025-03-26 15:18:50 :: INFO  :: DefaultLogger :: Valid JSON file found
INFO - [G] 2025-03-26 15:18:50 :: INFO  :: DefaultLogger :: Valid JSON file found
INFO - [G] 2025-03-26 15:18:50 :: TRACE :: Loader :: Processing Mod file (Legacy header): MoreFluff.lua
INFO - [G] 2025-03-26 15:18:50 :: TRACE :: Loader :: Saving Mod Info: MoreFluff
INFO - [G] 2025-03-26 15:18:50 :: INFO  :: DefaultLogger :: Valid JSON file found
INFO - [G] 2025-03-26 15:18:50 :: INFO  :: DefaultLogger :: Valid JSON file found
INFO - [G] 2025-03-26 15:18:50 :: INFO  :: DefaultLogger :: Valid JSON file found
INFO - [G] 2025-03-26 15:18:50 :: INFO  :: DefaultLogger :: Valid JSON file found
INFO - [G] 2025-03-26 15:18:50 :: INFO  :: DefaultLogger :: Valid JSON file found
INFO - [G] 2025-03-26 15:18:50 :: TRACE :: Loader :: Processing Mod file (Legacy header): main.lua
INFO - [G] 2025-03-26 15:18:50 :: TRACE :: Loader :: Saving Mod Info: sdm0sstuff
INFO - [G] 2025-03-26 15:18:50 :: INFO  :: DefaultLogger :: Valid JSON file found
INFO - [G] 2025-03-26 15:18:50 :: ERROR :: Loader :: Found invalid metadata JSON file at C:\Users\erikk\AppData\Roaming\Balatro\Mods/SnoresvilleTurbulentJokers/SnoresvilleTurbulentJokers.json, ignoring: [SMODS _ "src/loader.lua"]:105: attempt to call method 'gmatch' (a nil value)
INFO - [G] 2025-03-26 15:18:50 :: TRACE :: Loader :: Processing Mod file (Legacy header): SnowMods.lua
INFO - [G] 2025-03-26 15:18:50 :: TRACE :: Loader :: Saving Mod Info: SnowMods
INFO - [G] 2025-03-26 15:18:50 :: INFO  :: DefaultLogger :: Valid JSON file found
INFO - [G] 2025-03-26 15:18:50 :: TRACE :: Loader :: Processing Mod file (Legacy header): steamodded_metadata.lua
INFO - [G] 2025-03-26 15:18:50 :: TRACE :: Loader :: Saving Mod Info: Talisman
INFO - [G] 2025-03-26 15:18:50 :: ERROR :: Loader :: Found invalid metadata JSON file at C:\Users\erikk\AppData\Roaming\Balatro\Mods/TooManyDecks-main/.vscode/settings.json, ignoring: [SMODS _ "src/loader.lua"]:226: id
INFO - [G] 2025-03-26 15:18:50 :: INFO  :: DefaultLogger :: Valid JSON file found
INFO - [G] 2025-03-26 15:18:50 :: INFO  :: DefaultLogger :: Valid JSON file found
INFO - [G] 2025-03-26 15:18:50 :: INFO  :: DefaultLogger :: Valid JSON file found
INFO - [G] 2025-03-26 15:18:50 :: INFO  :: DefaultLogger :: Valid JSON file found
INFO - [G] 2025-03-26 15:18:50 :: ERROR :: Loader :: Found invalid metadata JSON file at C:\Users\erikk\AppData\Roaming\Balatro\Mods/paperback-main/.vscode/settings.json, ignoring: [SMODS _ "src/loader.lua"]:226: id
INFO - [G] 2025-03-26 15:18:50 :: INFO  :: DefaultLogger :: Valid JSON file found
INFO - [G] 2025-03-26 15:18:50 :: INFO  :: Bakery :: pairs() and ipairs() patched. Reason: Convenience
INFO - [G] 2025-03-26 15:18:50 :: INFO  :: Bakery :: Blind:modify_hand(), update_hand_text(), and Back:trigger_effect() patched. Reason: Scoring tags
INFO - [G] 2025-03-26 15:18:50 :: INFO  :: Bakery :: Object:__call() and Tag:load() patched. Reason: Rendering Poly Tag
INFO - [G] 2025-03-26 15:18:50 :: INFO  :: Bakery :: Blind:defeat() and G.FUNCS.load_profile() patched. Reason: Unlock conditions
INFO - [G] 2025-03-26 15:18:50 :: INFO  :: Bakery :: ease_dollars() patched. Reason: Credit Deck, Vagabond Challenge
INFO - [G] 2025-03-26 15:18:50 :: INFO  :: Bakery :: Blind:press_play() patched. Reason: Credit Deck + Credit Sleeve
INFO - [G] 2025-03-26 15:18:50 :: INFO  :: Bakery :: Card:draw() patched. Reason: Werewolf rendering
INFO - [G] 2025-03-26 15:18:50 :: INFO  :: Bakery :: G.FUNCS.evaluate_round() patched. Reason: Spinner Animation
INFO - [G] 2025-03-26 15:18:50 :: INFO  :: Bakery :: mod_mult(), mod_chips(), and G.FUNCS.evaluate_play() patched. Reason: Balanced Challenge
INFO - [G] 2025-03-26 15:18:50 :: INFO  :: Bakery :: G.FUNCS.buy_from_shop() patched. Reason: Proxy
INFO - [G] 2025-03-26 15:18:50 :: INFO  :: Bakery :: eval_card() patched. Reason: Penny Tag
INFO - [G] 2025-03-26 15:18:50 :: INFO  :: Bakery :: Card:set_sprites() patched. Reason: Spinner Loading
INFO - [G] 2025-03-26 15:18:50 :: INFO  :: Bakery :: Game:start_run(), copy_card(), and Card:load() patched. Reason: Card Sleeve
INFO - [G] 2025-03-26 15:18:50 :: INFO  :: Bakery :: G.UIDEF.use_and_sell_buttons() and Card:remove() patched. Reason: Usable jokers
INFO - [G] 2025-03-26 15:18:50 :: INFO  :: Bakery :: Card:set_sprites() patched. Reason: Charm Unlocking
INFO - [G] 2025-03-26 15:18:50 :: INFO  :: Bakery :: set_screen_positions() and CardArea:can_highlight() patched. Reason: Charm rendering
INFO - [G] 2025-03-26 15:18:50 :: INFO  :: Bakery :: G.FUNCS.can_discard() patched. Reason: Discarding zero cards
INFO - [G] 2025-03-26 15:18:50 :: DEBUG :: DefaultLogger :: [Cardsauce] Loaded hook: card
INFO - [G] 2025-03-26 15:18:50 :: DEBUG :: DefaultLogger :: [Cardsauce] Loaded hook: UI_definitions
INFO - [G] 2025-03-26 15:18:50 :: WARN  :: Atlas :: Object csau_odio has the same key as an existing object, not registering.
INFO - [G] 2025-03-26 15:18:50 :: WARN  :: Atlas :: If you want to modify an existing object, use take_ownership()
INFO - [G] 2025-03-26 15:18:51 :: WARN  :: Atlas :: Detected duplicate register call on object csau_modicon
INFO - [G] 2025-03-26 15:18:51 :: TRACE :: Loader :: Mod DebugPlus was unable to load: 
INFO - [G] 2025-03-26 15:18:51 :: TRACE :: Loader :: Mod JoyousSpring was unable to load: 
INFO - [G] 2025-03-26 15:18:51 :: TRACE :: Loader :: Mod Maximus was unable to load: Missing Dependencies: 1: Talisman (=>2.1.0)


INFO - [G] 2025-03-26 15:18:51 :: TRACE :: Loader :: Mod MoreFluff was unable to load: Missing Dependencies: 1: Talisman>=2.0.0


INFO - [G] 2025-03-26 15:18:51 :: TRACE :: Loader :: Mod SGTMD was unable to load: Missing Dependencies: 1: Talisman (>=2.0.9)


INFO - [G] 2025-03-26 15:18:51 :: INFO  :: TOGAPack :: Hello World! Starting TOGAPack...
INFO - [G] 2025-03-26 15:18:51 :: TRACE :: Loader :: Mod Talisman was unable to load: 
INFO - [G] 2025-03-26 15:18:51 :: WARN  :: Sound :: Object Coo29_yippie has the same key as an existing object, not registering.
INFO - [G] 2025-03-26 15:18:51 :: WARN  :: Sound :: If you want to modify an existing object, use take_ownership()
INFO - [G] 2025-03-26 15:18:51 :: INFO  :: Mistigris :: Successfully loaded src/startup/game_hooks.lua!
INFO - [G] 2025-03-26 15:18:51 :: INFO  :: Mistigris :: Successfully loaded src/startup/smods_assets.lua!
INFO - [G] 2025-03-26 15:18:51 :: INFO  :: Mistigris :: Successfully loaded src/startup/smods_hooks.lua!
INFO - [G] 2025-03-26 15:18:51 :: INFO  :: Mistigris :: Successfully loaded src/startup/smods_ownership.lua!
INFO - [G] 2025-03-26 15:18:51 :: INFO  :: Mistigris :: Successfully loaded src/content/sleeve/tribute.lua!
INFO - [G] 2025-03-26 15:18:51 :: INFO  :: TIMER :: [0000] Injected Language in 0.001 ms
INFO - [G] 2025-03-26 15:18:51 :: INFO  :: TIMER :: [0000] Injected [INTERNAL] in 1.630 ms
INFO - [G] 2025-03-26 15:18:54 :: INFO  :: TIMER :: [0320] Injected Atlas in 3517.145 ms
INFO - [G] 2025-03-26 15:18:54 :: INFO  :: TIMER :: [0081] Injected Sound in 34.218 ms
INFO - [G] 2025-03-26 15:18:54 :: INFO  :: TIMER :: [0024] Injected Stake in 1.170 ms
INFO - [G] 2025-03-26 15:18:54 :: INFO  :: TIMER :: [0011] Injected Rarity in 0.046 ms
INFO - [G] 2025-03-26 15:18:54 :: INFO  :: TIMER :: [0018] Injected ObjectType in 0.199 ms
INFO - [G] 2025-03-26 15:18:54 :: INFO  :: TIMER :: [1161] Injected Center in 8.787 ms
INFO - [G] 2025-03-26 15:18:54 :: INFO  :: TIMER :: [0014] Injected Undiscovered Sprite in 0.057 ms
INFO - [G] 2025-03-26 15:18:54 :: INFO  :: TIMER :: [0085] Injected Blind in 0.826 ms
INFO - [G] 2025-03-26 15:18:54 :: INFO  :: TIMER :: [0007] Injected Seal in 0.225 ms
INFO - [G] 2025-03-26 15:18:54 :: INFO  :: TIMER :: [0008] Injected Suit in 0.236 ms
INFO - [G] 2025-03-26 15:18:54 :: INFO  :: TIMER :: [0013] Injected Rank in 0.143 ms
INFO - [G] 2025-03-26 15:18:54 :: INFO  :: TIMER :: [0050] Injected DeckSkin in 0.583 ms
INFO - [G] 2025-03-26 15:18:54 :: INFO  :: TIMER :: [0017] Injected PokerHand in 0.088 ms
INFO - [G] 2025-03-26 15:18:54 :: INFO  :: TIMER :: [0033] Injected Challenge in 0.044 ms
INFO - [G] 2025-03-26 15:18:54 :: INFO  :: TIMER :: [0043] Injected Tag in 0.388 ms
INFO - [G] 2025-03-26 15:18:54 :: INFO  :: TIMER :: [0017] Injected Sticker in 0.387 ms
INFO - [G] 2025-03-26 15:18:54 :: INFO  :: TIMER :: [0014] Injected Shader in 186.114 ms
INFO - [G] 2025-03-26 15:18:54 :: INFO  :: TIMER :: [0002] Injected Keybind in 0.014 ms
INFO - [G] 2025-03-26 15:18:54 :: INFO  :: TIMER :: [0000] Injected Achievement in 0.081 ms
INFO - [G] 2025-03-26 15:18:54 :: INFO  :: TIMER :: [0002] Injected nil in 0.011 ms
INFO - [G] 2025-03-26 15:18:54 :: INFO  :: TIMER :: [0025] Injected Draw Step in 0.063 ms
INFO - [G] 2025-03-26 15:18:54 :: INFO  :: TIMER :: [0000] Injected [INTERNAL] in 50.918 ms
INFO - [G] 2025-03-26 15:18:54 :: INFO  :: TIMER :: [0057] Injected D6 Side in 0.261 ms
INFO - [G] line not found
INFO - [G] file not found: main.lua: No such file or directory
INFO - [G] file not found: main.lua: No such file or directory
INFO - [G] file not found: main.lua: No such file or directory
INFO - [G] file not found: main.lua: No such file or directory
INFO - [G] 2025-03-26 15:18:55 :: ERROR :: StackTrace :: Oops! The game crashed
card.lua:534: attempt to perform arithmetic on field 'shop_price_multiplier' (a nil value)
Stack Traceback
===============
(1) Lua local 'handler' at file 'main.lua:612'
	Local variables:
	 msg = string: "card.lua:534: attempt to perform arithmetic on field 'shop_price_multiplier' (a nil value)"
	 (*temporary) = Lua function '?' (defined at line 31 of chunk [SMODS _ "src/logging.lua"])
	 (*temporary) = string: "Oops! The game crashed\
"
(2) LÖVE metamethod at file 'boot.lua:352'
	Local variables:
	 errhand = Lua function '?' (defined at line 598 of chunk main.lua)
	 handler = Lua function '?' (defined at line 598 of chunk main.lua)
(3) Lua method 'set_cost' at file 'card.lua:534'
	Local variables:
	 self = table: 0x311345f8  {click_offset:table: 0x30f00500, children:table: 0x30c781b0, ambient_tilt:0.2, T:table: 0x30fc28b0, offset:table: 0x3111f9f8, role:table: 0x311081a0 (more...)}
	 (*temporary) = number: 2
	 (*temporary) = nil
	 (*temporary) = nil
	 (*temporary) = nil
	 (*temporary) = table: 0x31ce45d0  {}
	 (*temporary) = table: 0x31978890  {}
	 (*temporary) = number: 0
	 (*temporary) = table: 0x3112a050  {alerted:true, _saved_d_u:true, unlocked:true, _u:true, effect:Mult, cost:2, order:1, _d:true, blueprint_compat:true, key:j_joker, _discovered_unlocked_overwritten:true (more...)}
	 (*temporary) = table: 0x3144b918  {h_mult:0, perma_h_chips:0, x_mult:1, h_chips:0, perma_h_mult:0, mult:4, perma_h_x_mult:0, h_size:0, perma_h_dollars:0, h_x_chips:1, perma_x_mult:0 (more...)}
	 (*temporary) = string: "attempt to perform arithmetic on field 'shop_price_multiplier' (a nil value)"
(4) Lua upvalue 'card_init' at file 'card.lua:83'
	Local variables:
	 self = table: 0x311345f8  {click_offset:table: 0x30f00500, children:table: 0x30c781b0, ambient_tilt:0.2, T:table: 0x30fc28b0, offset:table: 0x3111f9f8, role:table: 0x311081a0 (more...)}
	 X = number: 8.77073
	 Y = number: 14.0993
	 W = number: 2.45854
	 H = number: 3.30146
	 card = nil
	 center = table: 0x3112a050  {alerted:true, _saved_d_u:true, unlocked:true, _u:true, effect:Mult, cost:2, order:1, _d:true, blueprint_compat:true, key:j_joker, _discovered_unlocked_overwritten:true (more...)}
	 params = nil
(5) Lua method 'init' at Steamodded file 'src/overrides.lua:1350' 
	Local variables:
	 self = table: 0x311345f8  {click_offset:table: 0x30f00500, children:table: 0x30c781b0, ambient_tilt:0.2, T:table: 0x30fc28b0, offset:table: 0x3111f9f8, role:table: 0x311081a0 (more...)}
	 X = number: 8.77073
	 Y = number: 14.0993
	 W = number: 2.45854
	 H = number: 3.30146
	 card = nil
	 center = table: 0x3112a050  {alerted:true, _saved_d_u:true, unlocked:true, _u:true, effect:Mult, cost:2, order:1, _d:true, blueprint_compat:true, key:j_joker, _discovered_unlocked_overwritten:true (more...)}
	 params = nil
(6) Lua field 'center_splash_screen_card' at file 'engine/object.lua:35'
	Local variables:
	 self = table: 0x30f87120  {get_chip_x_bonus:function: 0x30f89668, set_base:function: 0x30f872f0, vic_remove_speech_bubble:function: 0x31225168, calculate_reactive:function: 0x30f89178 (more...)}
	 obj = table: 0x311345f8  {click_offset:table: 0x30f00500, children:table: 0x30c781b0, ambient_tilt:0.2, T:table: 0x30fc28b0, offset:table: 0x3111f9f8, role:table: 0x311081a0 (more...)}
(7) Lua field 'func' at file 'game.lua:1448'
	Local variables:
	 SC_scale = number: 1.2
(8) Lua method 'handle' at file 'engine/event.lua:55'
	Local variables:
	 self = table: 0x321b2528  {start_timer:true, timer:TOTAL, blockable:true, trigger:after, func:function: 0x321b14d8, delay:0.2, complete:false, time:0.029835827629978, blocking:true (more...)}
	 _results = table: 0x31e62a00  {blocking:true, pause_skip:false, time_done:true, completed:false}
(9) Lua method 'update' at file 'engine/event.lua:182'
	Local variables:
	 self = table: 0x311c3bc8  {queue_last_processed:0.28333333333333, queues:table: 0x311c3bf0, queue_dt:0.016666666666667, queue_timer:0.28383028764396}
	 dt = number: 0.0013456
	 forced = nil
	 (for generator) = C function: next
	 (for state) = table: 0x311c3bf0  {unlock:table: 0x311c3ce0, other:table: 0x311c3d80, tutorial:table: 0x311c3d30, base:table: 0x311c3d08, achievement:table: 0x311c3d58}
	 (for control) = number: nan
	 k = string: "base"
	 v = table: 0x311c3d08  {1:table: 0x321b2528, 2:table: 0x321b2640, 3:table: 0x321b2758, 4:table: 0x321b2c08, 5:table: 0x321b3050, 6:table: 0x321b3188, 7:table: 0x321b3280 (more...)}
	 blocked = boolean: false
	 i = number: 1
	 results = table: 0x31e62a00  {blocking:true, pause_skip:false, time_done:true, completed:false}
(10) Lua upvalue 'gameUpdateRef' at file 'game.lua:2595'
	Local variables:
	 self = table: 0x30ceeaa8  {F_GUIDE:false, F_CRASH_REPORTS:false, F_QUIT_BUTTON:true, F_ENGLISH_ONLY:false, sort_id:1, F_DISCORD:true, STAGE:1, F_MOBILE_UI:false, F_NO_SAVING:false (more...)}
	 dt = number: 0.0013456
	 http_resp = nil
(11) Lua upvalue 'original_game_update' at Steamodded file 'src/ui.lua:86' 
	Local variables:
	 self = table: 0x30ceeaa8  {F_GUIDE:false, F_CRASH_REPORTS:false, F_QUIT_BUTTON:true, F_ENGLISH_ONLY:false, sort_id:1, F_DISCORD:true, STAGE:1, F_MOBILE_UI:false, F_NO_SAVING:false (more...)}
	 dt = number: 0.0013456
(12) Lua upvalue 'upd' at file 'Bunco.lua:931' (from mod with id Bunco)
	Local variables:
	 self = table: 0x30ceeaa8  {F_GUIDE:false, F_CRASH_REPORTS:false, F_QUIT_BUTTON:true, F_ENGLISH_ONLY:false, sort_id:1, F_DISCORD:true, STAGE:1, F_MOBILE_UI:false, F_NO_SAVING:false (more...)}
	 dt = number: 0.0013456
(13) Lua upvalue 'gm_u' at file 'jokers/grannycream.lua:73' (from mod with id Cardsauce)
	Local variables:
	 self = table: 0x30ceeaa8  {F_GUIDE:false, F_CRASH_REPORTS:false, F_QUIT_BUTTON:true, F_ENGLISH_ONLY:false, sort_id:1, F_DISCORD:true, STAGE:1, F_MOBILE_UI:false, F_NO_SAVING:false (more...)}
	 dt = number: 0.0013456
(14) Lua method 'update' at file 'src/startup/game_hooks.lua:37' (from mod with id mistigris)
	Local variables:
	 self = table: 0x30ceeaa8  {F_GUIDE:false, F_CRASH_REPORTS:false, F_QUIT_BUTTON:true, F_ENGLISH_ONLY:false, sort_id:1, F_DISCORD:true, STAGE:1, F_MOBILE_UI:false, F_NO_SAVING:false (more...)}
	 dt = number: 0.0013456
(15) Lua upvalue 'loveUpdateReference' at file 'main.lua:995'
	Local variables:
	 dt = number: 0.0013456
(16) Lua field 'update' at file 'jokers/speen.lua:75' (from mod with id Cardsauce)
	Local variables:
	 dt = number: 0.0013456
(17) Lua function '?' at file 'main.lua:934' (best guess)
(18) global C function 'xpcall'
(19) LÖVE function at file 'boot.lua:377' (best guess)
	Local variables:
	 func = Lua function '?' (defined at line 905 of chunk main.lua)
	 inerror = boolean: true
	 deferErrhand = Lua function '(LÖVE Function)' (defined at line 348 of chunk [love "boot.lua"])
	 earlyinit = Lua function '(LÖVE Function)' (defined at line 355 of chunk [love "boot.lua"])

INFO - [G] file not found: main.lua: No such file or directory
INFO - [G] file not found: main.lua: No such file or directory
INFO - [G] 2025-03-26 15:18:55 :: INFO  :: StackTrace :: Additional Context:
Balatro Version: 1.0.1o-FULL
Modded Version: 1.0.0~BETA-0323d-STEAMODDED
LÖVE Version: 11.5.0
Lovely Version: 0.7.1
Platform: Windows
Steamodded Mods:
    1: Bakery by BakersDozenBagels [ID: Bakery, Version: 2.0.8, Uses Lovely]
    2: Lucky Jimbos: Joker Pack by LuckySix [ID: L6_luckyjimbo, Version: 0.3~alpha-5]
    3: TOGA's Stuff by TheOneGoofAli [ID: TOGAPack, Version: 1.0.2b, Uses Lovely]
    4: KCVanilla by krackocloud [ID: kcvanilla, Version: 2.4.1, Uses Lovely]
    5: Paperback by PaperMoon, OppositeWolf770, srockw, Nether, B [ID: paperback, Version: 0.6.4, Uses Lovely]
    6: Yippie by Coo29 [ID: Yippie, Version: 0.0.6]
    7: Redux Arcanum by itayfeder, Lyman, Jumbo [ID: ReduxArcanum, Version: 2.0.0~PreRelease5, Uses Lovely]
    8: Math Blinds by Bazinga_9000, tauttie [ID: MathBlinds, Version: 1.2.3, Uses Lovely]
    9: SDM_0's Stuff by SDM_0 [ID: sdm0sstuff, Version: 1.6.4l, Uses Lovely]
    10: Azazel's Jokers by Starlet Devil [ID: AzzysJokers, Version: 1.0.0, Uses Lovely]
    11: Revo's Vault by CodeRevo [ID: RevosVault, Version: 3.8.9a]
    12: D6 Jokers by ItsFlowwey [ID: D6Joker, Priority: -100, Version: 0.7.22, Uses Lovely]
    13: Cardsauce by BarrierTrio/Gote & Keku [ID: Cardsauce, Version: 1.3.4, Uses Lovely]
    14: Snows Mods by RattlingSnow353 [ID: SnowMods, Version: 0.2.0]
    15: Prism by Blazingulag [ID: Prism, Priority: 15, Version: 1.6.3, Uses Lovely]
    16: Plantain by TeamToaster [ID: plantain, Priority: 1, Version: 1.0.0, Uses Lovely]
    17: Neato Jokers by Neato [ID: Neato_Jokers, Version: 1.1.3]
    18: Bunco by Firch, RENREN, Peas, minichibis, J.D., Guwahavel, Ciirulean, ejwu [ID: Bunco, Version: 5.1, Uses Lovely]
    19: Cruel Blinds by mathguy [ID: CBL, Version: 1.4.2, Uses Lovely]
    20: Mistigris by astrapboy [ID: mistigris, Priority: 69, Version: 0.4.1, Uses Lovely]
    21: SauKhongHu Decks by HuyTheKiller [ID: SKHDecks, Version: 1.4.1, Uses Lovely]
Lovely Mods:
    1: Too Many Decks
        Has Steamodded mod that failed to load.
        Missing Dependencies:
            1. Talisman (>=2.0.9)
    2: Maximus
        Has Steamodded mod that failed to load.
        Missing Dependencies:
            1. Talisman (=>2.1.0)
    3: More Fluff
        Has Steamodded mod that failed to load.
        Missing Dependencies:
            1. Talisman>=2.0.0
