INFO - [♥] Lovely 0.7.1
INFO - [♥] Game directory is at "C:\\Program Files (x86)\\Steam\\steamapps\\common\\Balatro"
INFO - [♥] Writing logs to "C:\\Users\\erikk\\AppData\\Roaming\\Balatro\\Mods\\lovely\\log"
INFO - [♥] Using mod directory at "C:\\Users\\erikk\\AppData\\Roaming\\Balatro\\Mods"
INFO - [♥] Found .lovelyignore in 'AzzysJokers-1.2.2', skipping it.
INFO - [♥] Found .lovelyignore in 'kcvanilla-master', skipping it.
INFO - [♥] Found .lovelyignore in 'luckyjimbos-main', skipping it.
INFO - [♥] Found .lovelyignore in 'Mistigris', skipping it.
INFO - [♥] Found .lovelyignore in 'MoreFluff-main', skipping it.
INFO - [♥] Found .lovelyignore in 'NeatoJokers-main', skipping it.
INFO - [♥] Found .lovelyignore in 'Plantain-main', skipping it.
INFO - [♥] Found .lovelyignore in 'Quilombo', skipping it.
INFO - [♥] Found .lovelyignore in 'SDM_0-s-Stuff-main', skipping it.
INFO - [♥] Found .lovelyignore in 'Talisman', skipping it.
INFO - [♥] Found .lovelyignore in 'TerrariaXBalatro-main', skipping it.
INFO - [♥] Found .lovelyignore in 'TOGAPackBalatro-main', skipping it.
INFO - [♥] Cleaning up dumps directory at "C:\\Users\\erikk\\AppData\\Roaming\\Balatro\\Mods\\lovely\\dump"
INFO - [♥] Initialization complete in 43ms
INFO - [♥] Applied 14 patches to 'main.lua'
INFO - [♥] Applied 5 patches to 'engine/controller.lua'
INFO - [♥] Applied 15 patches to 'back.lua'
INFO - [♥] Applied 7 patches to 'tag.lua'
INFO - [♥] Applied 1 patch to 'engine/moveable.lua'
INFO - [♥] Applied 2 patches to 'engine/sprite.lua'
INFO - [♥] Applied 2 patches to 'engine/animatedsprite.lua'
INFO - [♥] Applied 47 patches to 'functions/misc_functions.lua'
INFO - [♥] Applied 37 patches to 'game.lua'
INFO - [♥] Applied 1 patch to 'globals.lua'
INFO - [♥] Applied 3 patches to 'engine/ui.lua'
INFO - [♥] Applied 73 patches to 'functions/UI_definitions.lua'
INFO - [♥] Applied 44 patches to 'functions/state_events.lua'
INFO - [♥] Applied 104 patches to 'functions/common_events.lua'
INFO - [♥] Applied 46 patches to 'functions/button_callbacks.lua'
WARN - [♥] Pattern 'if G.GAME.blind and G.GAME.blind.in_blind then G.E_MANAGER:add_event(Event({ func = function() G.GAME.blind:set_blind(nil, true, nil); return true end })) end' on target 'card.lua' for pattern patch from smods-main\lovely\calculate_card_added.toml resulted in 2 matches, wanted 1
WARN - [♥] Ignoring excess matches
INFO - [♥] Applied 151 patches to 'card.lua'
INFO - [♥] Applied 9 patches to 'cardarea.lua'
INFO - [♥] Applied 36 patches to 'blind.lua'
INFO - [♥] Applied 2 patches to 'engine/text.lua'
INFO - [G] Failed to connect to the debug server
INFO - [G] 2025-04-11 09:37:59 :: DEBUG :: DebugConsole :: Steamodded Debug Socket started !
INFO - [G] 2025-04-11 09:37:59 :: INFO  :: SMODS :: Steamodded v1.0.0~BETA-0324b
INFO - [♥] Applied 9 patches to 'engine/sound_manager.lua'
INFO - [♥] Applied 1 patch to 'engine/save_manager.lua'
INFO - [G] 2025-04-11 09:38:01 :: TRACE :: Loader :: Processing Mod file (Legacy header): Azazel.lua
INFO - [G] 2025-04-11 09:38:01 :: TRACE :: Loader :: Saving Mod Info: AzzysJokers
INFO - [G] 2025-04-11 09:38:01 :: INFO  :: Loader :: Valid JSON file found
INFO - [G] 2025-04-11 09:38:01 :: INFO  :: Loader :: Valid JSON file found
INFO - [G] 2025-04-11 09:38:01 :: INFO  :: Loader :: Valid JSON file found
INFO - [G] 2025-04-11 09:38:01 :: TRACE :: Loader :: Processing Mod file (Legacy header): MoreFluff.lua
INFO - [G] 2025-04-11 09:38:01 :: TRACE :: Loader :: Saving Mod Info: MoreFluff
INFO - [G] 2025-04-11 09:38:01 :: INFO  :: Loader :: Valid JSON file found
INFO - [G] 2025-04-11 09:38:01 :: INFO  :: Loader :: Valid JSON file found
INFO - [G] 2025-04-11 09:38:01 :: INFO  :: Loader :: Valid JSON file found
INFO - [G] 2025-04-11 09:38:01 :: TRACE :: Loader :: Processing Mod file (Legacy header): main.lua
INFO - [G] 2025-04-11 09:38:01 :: TRACE :: Loader :: Saving Mod Info: sdm0sstuff
INFO - [G] 2025-04-11 09:38:01 :: INFO  :: Loader :: Valid JSON file found
INFO - [G] 2025-04-11 09:38:01 :: TRACE :: Loader :: Processing Mod file (Legacy header): steamodded_metadata.lua
INFO - [G] 2025-04-11 09:38:01 :: TRACE :: Loader :: Saving Mod Info: Talisman
INFO - [G] 2025-04-11 09:38:01 :: INFO  :: Loader :: Valid JSON file found
INFO - [G] 2025-04-11 09:38:01 :: ERROR :: Loader :: Found invalid metadata JSON file at C:\Users\erikk\AppData\Roaming\Balatro\Mods/TooManyDecks-main/.vscode/settings.json, ignoring: [SMODS _ "src/loader.lua"]:226: id
INFO - [G] 2025-04-11 09:38:01 :: INFO  :: Loader :: Valid JSON file found
INFO - [G] 2025-04-11 09:38:01 :: INFO  :: Loader :: Valid JSON file found
INFO - [G] 2025-04-11 09:38:01 :: INFO  :: Loader :: Valid JSON file found
INFO - [G] 2025-04-11 09:38:01 :: TRACE :: Loader :: Mod AzzysJokers was unable to load: 
INFO - [G] 2025-04-11 09:38:01 :: TRACE :: Loader :: Mod L6_luckyjimbo was unable to load: 
INFO - [G] 2025-04-11 09:38:01 :: TRACE :: Loader :: Mod MoreFluff was unable to load: Missing Dependencies: 1: Talisman>=2.0.0


INFO - [G] 2025-04-11 09:38:01 :: TRACE :: Loader :: Mod Neato_Jokers was unable to load: 
INFO - [G] 2025-04-11 09:38:01 :: TRACE :: Loader :: Mod TOGAPack was unable to load: 
INFO - [G] 2025-04-11 09:38:01 :: TRACE :: Loader :: Mod Talisman was unable to load: 
INFO - [G] 2025-04-11 09:38:01 :: TRACE :: Loader :: Mod TerrariaXBalatro was unable to load: 
INFO - [G] 2025-04-11 09:38:01 :: TRACE :: Loader :: Mod kcvanilla was unable to load: 
INFO - [G] 2025-04-11 09:38:01 :: TRACE :: Loader :: Mod sdm0sstuff was unable to load: 
INFO - [G] 2025-04-11 09:38:01 :: TRACE :: Loader :: Mod plantain was unable to load: 
INFO - [G] 2025-04-11 09:38:01 :: TRACE :: Loader :: Mod quilombo was unable to load: 
INFO - [G] 2025-04-11 09:38:01 :: TRACE :: Loader :: Mod mistigris was unable to load: 
INFO - [G] 2025-04-11 09:38:01 :: WARN  :: Atlas :: Detected duplicate register call on object draft_modicon
INFO - [G] 2025-04-11 09:38:01 :: INFO  :: TIMER :: [0000] Injected Language in 0.002 ms
INFO - [G] 2025-04-11 09:38:01 :: INFO  :: TIMER :: [0000] Injected [INTERNAL] in 1.611 ms
INFO - [G] 2025-04-11 09:38:02 :: INFO  :: TIMER :: [0018] Injected Atlas in 1281.694 ms
INFO - [G] 2025-04-11 09:38:02 :: INFO  :: TIMER :: [0001] Injected Sound in 0.266 ms
INFO - [G] 2025-04-11 09:38:02 :: INFO  :: TIMER :: [0008] Injected Stake in 0.248 ms
INFO - [G] 2025-04-11 09:38:02 :: INFO  :: TIMER :: [0004] Injected Rarity in 0.057 ms
INFO - [G] 2025-04-11 09:38:02 :: INFO  :: TIMER :: [0010] Injected ObjectType in 0.217 ms
INFO - [G] 2025-04-11 09:38:02 :: INFO  :: TIMER :: [0166] Injected Center in 1.232 ms
INFO - [G] 2025-04-11 09:38:02 :: INFO  :: TIMER :: [0009] Injected Undiscovered Sprite in 0.014 ms
INFO - [G] 2025-04-11 09:38:02 :: INFO  :: TIMER :: [0003] Injected Blind in 0.019 ms
INFO - [G] 2025-04-11 09:38:02 :: INFO  :: TIMER :: [0004] Injected Seal in 0.140 ms
INFO - [G] 2025-04-11 09:38:02 :: INFO  :: TIMER :: [0004] Injected Suit in 0.137 ms
INFO - [G] 2025-04-11 09:38:02 :: INFO  :: TIMER :: [0026] Injected Rank in 0.161 ms
INFO - [G] 2025-04-11 09:38:02 :: INFO  :: TIMER :: [0028] Injected DeckSkin in 0.299 ms
INFO - [G] 2025-04-11 09:38:02 :: INFO  :: TIMER :: [0012] Injected PokerHand in 0.062 ms
INFO - [G] 2025-04-11 09:38:02 :: INFO  :: TIMER :: [0020] Injected Challenge in 0.029 ms
INFO - [G] 2025-04-11 09:38:02 :: INFO  :: TIMER :: [0005] Injected Tag in 0.025 ms
INFO - [G] 2025-04-11 09:38:02 :: INFO  :: TIMER :: [0004] Injected Sticker in 0.063 ms
INFO - [G] 2025-04-11 09:38:03 :: INFO  :: TIMER :: [0008] Injected Shader in 104.442 ms
INFO - [G] 2025-04-11 09:38:03 :: INFO  :: TIMER :: [0003] Injected Keybind in 0.098 ms
INFO - [G] 2025-04-11 09:38:03 :: INFO  :: TIMER :: [0000] Injected Achievement in 0.059 ms
INFO - [G] 2025-04-11 09:38:03 :: INFO  :: TIMER :: [0004] Injected nil in 0.177 ms
INFO - [G] 2025-04-11 09:38:03 :: INFO  :: TIMER :: [0021] Injected Draw Step in 0.852 ms
INFO - [G] 2025-04-11 09:38:03 :: INFO  :: TIMER :: [0000] Injected [INTERNAL] in 2.541 ms
INFO - [G] LONG DT @ 146: 0.053798592045092
