INFO - [♥] Lovely 0.7.1
INFO - [♥] Game directory is at "C:\\Program Files (x86)\\Steam\\steamapps\\common\\Balatro"
INFO - [♥] Writing logs to "C:\\Users\\erikk\\AppData\\Roaming\\Balatro\\Mods\\lovely\\log"
INFO - [♥] Using mod directory at "C:\\Users\\erikk\\AppData\\Roaming\\Balatro\\Mods"
INFO - [♥] Found .lovelyignore in 'AzzysJokers-1.2.2', skipping it.
INFO - [♥] Found .lovelyignore in 'Balatro-Draft-main', skipping it.
INFO - [♥] Found .lovelyignore in 'Extreme Deck', skipping it.
INFO - [♥] Found .lovelyignore in 'Flower-Pot-main', skipping it.
INFO - [♥] Found .lovelyignore in 'kcvanilla-master', skipping it.
INFO - [♥] Found .lovelyignore in 'luckyjimbos-main', skipping it.
INFO - [♥] Found .lovelyignore in 'Mistigris', skipping it.
INFO - [♥] Found .lovelyignore in 'MoreFluff-main', skipping it.
INFO - [♥] Found .lovelyignore in 'NeatoJokers-main', skipping it.
INFO - [♥] Found .lovelyignore in 'Plantain-main', skipping it.
INFO - [♥] Found .lovelyignore in 'Prism-main', skipping it.
INFO - [♥] Found .lovelyignore in 'Quilombo', skipping it.
INFO - [♥] Found .lovelyignore in 'RuinaDecks-main', skipping it.
INFO - [♥] Found .lovelyignore in 'SauKhongHuDecks-main', skipping it.
INFO - [♥] Found .lovelyignore in 'SDM_0-s-Stuff-main', skipping it.
INFO - [♥] Found .lovelyignore in 'TerrariaXBalatro-main', skipping it.
INFO - [♥] Found .lovelyignore in 'TOGAPackBalatro-main', skipping it.
INFO - [♥] Found .lovelyignore in 'TooManyDecks-main', skipping it.
WARN - [♥] Unknown key `patches.21.?.match_indent` found in patch file at "C:\\Users\\erikk\\AppData\\Roaming\\Balatro\\Mods\\Cryptid-main\\lovely\\code.toml", ignoring it
WARN - [♥] Unknown key `patches.49.?.match_indent` found in patch file at "C:\\Users\\erikk\\AppData\\Roaming\\Balatro\\Mods\\Talisman\\lovely.toml", ignoring it
WARN - [♥] Unknown key `patches.52.?.match_indent` found in patch file at "C:\\Users\\erikk\\AppData\\Roaming\\Balatro\\Mods\\Talisman\\lovely.toml", ignoring it
INFO - [♥] Cleaning up dumps directory at "C:\\Users\\erikk\\AppData\\Roaming\\Balatro\\Mods\\lovely\\dump"
INFO - [♥] Initialization complete in 117ms
WARN - [♥] Pattern 'G.ARGS.score_intensity.organ = G.video_organ or G.ARGS.score_intensity.required_score > 0 and math.max(math.min(0.4, 0.1*math.log(G.ARGS.score_intensity.earned_score/(G.ARGS.score_intensity.required_score+1), 5)),0.) or 0' on target 'main.lua' for pattern patch from Talisman\lovely.toml resulted in no matches
WARN - [♥] Pattern 'if type(G.GAME.current_round.current_hand.chips) ~= \'number\' or type(G.GAME.current_round.current_hand.mult) ~= \'number\' then' on target 'main.lua' for pattern patch from Talisman\lovely.toml resulted in no matches
INFO - [♥] Applied 17 patches to 'main.lua'
INFO - [♥] Applied 2 patches to 'engine/string_packer.lua'
INFO - [♥] Applied 7 patches to 'engine/controller.lua'
INFO - [♥] Applied 15 patches to 'back.lua'
INFO - [♥] Applied 18 patches to 'tag.lua'
INFO - [♥] Applied 1 patch to 'engine/node.lua'
INFO - [♥] Applied 3 patches to 'engine/moveable.lua'
INFO - [♥] Applied 3 patches to 'engine/sprite.lua'
INFO - [♥] Applied 2 patches to 'engine/animatedsprite.lua'
WARN - [♥] Pattern 'assembled_string = assembled_string..(type(subpart) == \'string\' and subpart or args.vars[tonumber(subpart[1])] or \'ERROR\')' on target 'functions/misc_functions.lua' for pattern patch from Talisman\lovely.toml resulted in no matches
INFO - [♥] Applied 59 patches to 'functions/misc_functions.lua'
WARN - [♥] Pattern 'for i = 1, 2 do' on target 'game.lua' for pattern patch from Cryptid-main\lovely\stake.toml resulted in no matches
WARN - [♥] Pattern 'create_shop_card_ui(card, \'Voucher\', G.shop_vouchers)' on target 'game.lua' for pattern patch from Cryptid-main\lovely\stake.toml resulted in no matches
WARN - [♥] Pattern 'self.GAME.current_round.voucher = G.SETTINGS.tutorial_progress and G.SETTINGS.tutorial_progress.forced_voucher or SMODS.get_next_vouchers()' on target 'game.lua' for pattern patch from Cryptid-main\lovely\very_fair.toml resulted in no matches
WARN - [♥] Pattern 'self.GAME.current_round.voucher = G.SETTINGS.tutorial_progress and G.SETTINGS.tutorial_progress.forced_voucher or get_next_voucher_key()' on target 'game.lua' for pattern patch from Cryptid-main\lovely\Voucher.toml resulted in no matches
WARN - [♥] Regex 'card\\:start_materialize\\(\\)\\n\\s+G\\.shop_vouchers\\:emplace\\(card\\)\\n\\s+end' on target 'game.lua' for regex patch from Cryptid-main\lovely\Voucher.toml resulted in no matches
INFO - [♥] Applied 85 patches to 'game.lua'
INFO - [♥] Applied 1 patch to 'globals.lua'
INFO - [♥] Applied 6 patches to 'engine/ui.lua'
WARN - [♥] Pattern 'G.GAME.shop.joker_max*1.02*G.CARD_W,' on target 'functions/UI_definitions.lua' for pattern patch from Cryptid-main\lovely\equilibrium.toml resulted in no matches
WARN - [♥] Pattern '{n=G.UIT.T, config={text = G.GAME.hands[handname].chips, scale = 0.45, colour = G.C.UI.TEXT_LIGHT}},' on target 'functions/UI_definitions.lua' for pattern patch from Talisman\lovely.toml resulted in no matches
WARN - [♥] Pattern '{n=G.UIT.T, config={text = G.GAME.hands[handname].mult, scale = 0.45, colour = G.C.UI.TEXT_LIGHT}}' on target 'functions/UI_definitions.lua' for pattern patch from Talisman\lovely.toml resulted in no matches
INFO - [♥] Applied 104 patches to 'functions/UI_definitions.lua'
WARN - [♥] Pattern 'ease_to = G.GAME.chips + math.floor(hand_chips * mult) * (e and e.antiscore and -1 or 1),' on target 'functions/state_events.lua' for pattern patch from Cryptid-main\lovely\blind.toml resulted in no matches
WARN - [♥] Pattern 'if reps[j] ~= 1 then' on target 'functions/state_events.lua' for pattern patch from Cryptid-main\lovely\misc.toml resulted in no matches
WARN - [♥] Pattern 'for i=1, #G.jokers.cards + #G.consumeables.cards do' on target 'functions/state_events.lua' for pattern patch from Cryptid-main\lovely\misc.toml resulted in no matches
WARN - [♥] Pattern 'local effects = {[1] = {playing_card = G.hand.cards[i]:get_end_of_round_effect()}}' on target 'functions/state_events.lua' for pattern patch from Cryptid-main\lovely\stake.toml resulted in no matches
WARN - [♥] Pattern 'G.GAME.current_round.voucher = get_next_voucher_key()' on target 'functions/state_events.lua' for pattern patch from Cryptid-main\lovely\sticker.toml resulted in no matches
WARN - [♥] Pattern 'G.GAME.current_round.voucher = get_next_voucher_key()' on target 'functions/state_events.lua' for pattern patch from Cryptid-main\lovely\Voucher.toml resulted in no matches
WARN - [♥] Pattern 'if effects[ii].card then' on target 'functions/state_events.lua' for pattern patch from Talisman\lovely.toml resulted in no matches
WARN - [♥] Pattern 'if effects.jokers.Xmult_mod then mult = mod_mult(mult*effects.jokers.Xmult_mod);extras.mult = true  end' on target 'functions/state_events.lua' for pattern patch from Talisman\lovely.toml resulted in no matches
WARN - [♥] Pattern 'if effect.Xmult_mod then mult = mod_mult(mult*effect.Xmult_mod);extras.mult = true  end' on target 'functions/state_events.lua' for pattern patch from Talisman\lovely.toml resulted in no matches
WARN - [♥] Pattern 'if effects[ii].message then' on target 'functions/state_events.lua' for pattern patch from Talisman\lovely.toml resulted in no matches
WARN - [♥] Pattern '--calculate the card edition effects' on target 'functions/state_events.lua' for pattern patch from Talisman\lovely.toml resulted in no matches
WARN - [♥] Pattern 'if effects[ii].edition.p_dollars_mod then' on target 'functions/state_events.lua' for pattern patch from Talisman\lovely.toml resulted in no matches
WARN - [♥] Pattern 'if edition_effects.jokers.x_mult_mod then' on target 'functions/state_events.lua' for pattern patch from Talisman\lovely.toml resulted in no matches
WARN - [♥] Pattern 'if SMODS.has_enhancement(scoring_hand[i], \'m_glass\') and not scoring_hand[i].debuff and pseudorandom(\'glass\') < G.GAME.probabilities.normal/(scoring_hand[i].ability.name == \'Glass Card\' and scoring_hand[i].ability.extra or G.P_CENTERS.m_glass.config.extra) then' on target 'functions/state_events.lua' for pattern patch from Cryptid-main\lovely\Probability.toml resulted in no matches
WARN - [♥] Regex '(?<indent>[\\t ]*)if destroyed then \\n' on target 'functions/state_events.lua' for regex patch from Cryptid-main\lovely\seal.toml resulted in no matches
INFO - [♥] Applied 82 patches to 'functions/state_events.lua'
WARN - [♥] Pattern '{n=G.UIT.T, config={text = localize(\'$\')..config.dollars, scale = 1.2*scale, colour = G.C.WHITE, shadow = true, juice = true}}' on target 'functions/common_events.lua' for pattern patch from Cryptid-main\lovely\code.toml resulted in no matches
WARN - [♥] Pattern 'G.shop_jokers.T.w = G.GAME.shop.joker_max*1.01*G.CARD_W' on target 'functions/common_events.lua' for pattern patch from Cryptid-main\lovely\equilibrium.toml resulted in no matches
WARN - [♥] Pattern 'function generate_card_ui(_c, full_UI_table, specific_vars, card_type, badges, hide_desc, main_start, main_end)' on target 'functions/common_events.lua' for pattern patch from Cryptid-main\lovely\lib_misc.toml resulted in no matches
WARN - [♥] Pattern 'elseif v.boss.showdown and (G.GAME.round_resets.ante)%G.GAME.win_ante == 0 and G.GAME.round_resets.ante >= 2 then' on target 'functions/common_events.lua' for pattern patch from Cryptid-main\lovely\stake.toml resulted in no matches
WARN - [♥] Regex 'localize\\(\'ph_mr_bones\'\\)..\' \'\\}, colours = \\{G.C.FILTER' on target 'functions/common_events.lua' for regex patch from Cryptid-main\lovely\code.toml resulted in no matches
WARN - [♥] Pattern 'if num_dollars > 60 then' on target 'functions/common_events.lua' for pattern patch from Talisman\lovely.toml resulted in no matches
WARN - [♥] Pattern 'func = (function() if eval_func(card) then if not first or first then card:juice_up(0.1, 0.1) end;juice_card_until(card, eval_func, nil, 0.8) end return true end)' on target 'functions/common_events.lua' for pattern patch from Talisman\lovely.toml resulted in no matches
INFO - [♥] Applied 176 patches to 'functions/common_events.lua'
WARN - [♥] Pattern 'if ((G.GAME.dollars-G.GAME.bankrupt_at) - 10 >= 0) and' on target 'functions/button_callbacks.lua' for pattern patch from Talisman\lovely.toml resulted in no matches
INFO - [♥] Applied 74 patches to 'functions/button_callbacks.lua'
WARN - [♥] Pattern '*then G.E_MANAGER:add_event(Event({ func = function() G.GAME.blind:set_blind(nil, true, nil); return true end })) end' on target 'card.lua' for pattern patch from smods-main\lovely\calculate_card_added.toml resulted in 2 matches, wanted 1
WARN - [♥] Ignoring excess matches
WARN - [♥] Pattern 'if not initial then G.GAME.blind:debuff_card(self) end' on target 'card.lua' for pattern patch from Cryptid-main\lovely\lib_misc.toml resulted in no matches
WARN - [♥] Pattern 'if self.ability.name == \'Campfire\' and G.GAME.blind.boss and not (G.GAME.blind.config and G.GAME.blind.config.bonus) and self.ability.x_mult > 1 then' on target 'card.lua' for pattern patch from Cryptid-main\lovely\misc.toml resulted in no matches
WARN - [♥] Pattern 'if self.ability.name:find(\'Arcana\') then' on target 'card.lua' for pattern patch from Cryptid-main\lovely\misprint.toml resulted in no matches
WARN - [♥] Pattern 'if self.ability.name == \'The Hermit\' or self.ability.consumeable.hand_type or self.ability.name == \'Temperance\' or self.ability.name == \'Black Hole\' then' on target 'card.lua' for pattern patch from Cryptid-main\lovely\stake.toml resulted in no matches
WARN - [♥] Pattern 'if self.ability.queue_negative_removal then' on target 'card.lua' for pattern patch from Cryptid-main\lovely\sticker.toml resulted in no matches
WARN - [♥] Pattern 'G.GAME.current_round.voucher = nil' on target 'card.lua' for pattern patch from Cryptid-main\lovely\Voucher.toml resulted in no matches
WARN - [♥] Pattern 'if G.GAME.blind then G.E_MANAGER:add_event(Event({ func = function() G.GAME.blind:set_blind(nil, true, nil); return true end })) end' on target 'card.lua' for pattern patch from Talisman\lovely.toml resulted in no matches
WARN - [♥] Pattern 'x_mult = center.config.Xmult or 1,' on target 'card.lua' for pattern patch from Talisman\lovely.toml resulted in no matches
WARN - [♥] Pattern 'elseif self.ability.name == \'Business Card\' then loc_vars = {\'\'..(G.GAME and G.GAME.probabilities.normal or 1), self.ability.extra}' on target 'card.lua' for pattern patch from Cryptid-main\lovely\Probability.toml resulted in no matches
WARN - [♥] Pattern 'pseudorandom(\'business\') < G.GAME.probabilities.normal/self.ability.extra then' on target 'card.lua' for pattern patch from Cryptid-main\lovely\Probability.toml resulted in no matches
INFO - [♥] Applied 255 patches to 'card.lua'
INFO - [♥] Applied 19 patches to 'cardarea.lua'
INFO - [♥] Applied 40 patches to 'blind.lua'
INFO - [♥] Applied 2 patches to 'card_character.lua'
INFO - [♥] Applied 5 patches to 'engine/text.lua'
INFO - [♥] Applied 2 patches to '=[SMODS _ "src/utils.lua"]'
INFO - [♥] Applied 4 patches to '=[SMODS _ "src/overrides.lua"]'
INFO - [♥] Applied 1 patch to '=[SMODS _ "src/game_object.lua"]'
INFO - [G] Failed to connect to the debug server
INFO - [G] 2025-04-24 10:58:21 :: DEBUG :: DebugConsole :: Steamodded Debug Socket started !
INFO - [G] 2025-04-24 10:58:21 :: INFO  :: SMODS :: Steamodded v1.0.0~BETA-0416b
INFO - [♥] Applied 9 patches to 'engine/sound_manager.lua'
INFO - [♥] Applied 3 patches to 'engine/save_manager.lua'
INFO - [♥] Applied 2 patches to 'engine/string_packer.lua'
INFO - [♥] Applied 4 patches to '=[SMODS _ "src/card_draw.lua"]'
INFO - [G] 2025-04-24 10:58:23 :: TRACE :: Loader :: Processing Mod file (Legacy header): Azazel.lua
INFO - [G] 2025-04-24 10:58:23 :: TRACE :: Loader :: Saving Mod Info: AzzysJokers
INFO - [G] 2025-04-24 10:58:23 :: INFO  :: Loader :: Valid JSON file found
INFO - [G] 2025-04-24 10:58:23 :: INFO  :: Loader :: Valid JSON file found
INFO - [G] 2025-04-24 10:58:23 :: INFO  :: Loader :: Valid JSON file found
INFO - [G] 2025-04-24 10:58:24 :: INFO  :: Loader :: Valid JSON file found
INFO - [G] 2025-04-24 10:58:24 :: TRACE :: Loader :: Processing Mod file (Legacy header): steamodded_metadata.lua
INFO - [G] 2025-04-24 10:58:24 :: TRACE :: Loader :: Saving Mod Info: Talisman
INFO - [G] 2025-04-24 10:58:24 :: INFO  :: Loader :: Valid JSON file found
INFO - [G] 2025-04-24 10:58:24 :: TRACE :: Loader :: Processing Mod file (Legacy header): MoreFluff.lua
INFO - [G] 2025-04-24 10:58:24 :: TRACE :: Loader :: Saving Mod Info: MoreFluff
INFO - [G] 2025-04-24 10:58:24 :: INFO  :: Loader :: Valid JSON file found
INFO - [G] 2025-04-24 10:58:24 :: INFO  :: Loader :: Valid JSON file found
INFO - [G] 2025-04-24 10:58:24 :: INFO  :: Loader :: Valid JSON file found
INFO - [G] 2025-04-24 10:58:24 :: INFO  :: Loader :: Valid JSON file found
INFO - [G] 2025-04-24 10:58:24 :: INFO  :: Loader :: Valid JSON file found
INFO - [G] 2025-04-24 10:58:24 :: TRACE :: Loader :: Processing Mod file (Legacy header): main.lua
INFO - [G] 2025-04-24 10:58:24 :: TRACE :: Loader :: Saving Mod Info: sdm0sstuff
INFO - [G] 2025-04-24 10:58:24 :: INFO  :: Loader :: Valid JSON file found
INFO - [G] 2025-04-24 10:58:24 :: INFO  :: Loader :: Valid JSON file found
INFO - [G] 2025-04-24 10:58:24 :: TRACE :: Loader :: Processing Mod file (Legacy header): steamodded_metadata.lua
INFO - [G] 2025-04-24 10:58:24 :: WARN  :: Loader :: Duplicate Mod ID: Talisman
INFO - [G] 2025-04-24 10:58:24 :: WARN  :: Loader :: Duplicate Mod prefix talisman used by Talisman, Talisman
INFO - [G] 2025-04-24 10:58:24 :: INFO  :: Loader :: Valid JSON file found
INFO - [G] 2025-04-24 10:58:24 :: ERROR :: Loader :: Found invalid metadata JSON file at C:\Users\erikk\AppData\Roaming\Balatro\Mods/TooManyDecks-main/.vscode/settings.json, ignoring: [SMODS _ "src/loader.lua"]:226: id
INFO - [G] 2025-04-24 10:58:24 :: INFO  :: Loader :: Valid JSON file found
INFO - [G] 2025-04-24 10:58:24 :: INFO  :: Loader :: Valid JSON file found
INFO - [G] 2025-04-24 10:58:24 :: INFO  :: Loader :: Valid JSON file found
INFO - [G] 2025-04-24 10:58:24 :: TRACE :: Loader :: Mod AzzysJokers was unable to load: 
INFO - [G] 2025-04-24 10:58:24 :: TRACE :: Loader :: Mod ExtremeDecks was unable to load: 
INFO - [G] 2025-04-24 10:58:24 :: TRACE :: Loader :: Mod FlowerPot was unable to load: 
INFO - [G] 2025-04-24 10:58:24 :: TRACE :: Loader :: Mod L6_luckyjimbo was unable to load: 
INFO - [G] 2025-04-24 10:58:24 :: TRACE :: Loader :: Mod MoreFluff was unable to load: 
INFO - [G] 2025-04-24 10:58:24 :: TRACE :: Loader :: Mod Neato_Jokers was unable to load: 
INFO - [G] 2025-04-24 10:58:24 :: TRACE :: Loader :: Mod Prism was unable to load: 
INFO - [G] 2025-04-24 10:58:24 :: TRACE :: Loader :: Mod RuinaDecks was unable to load: 
INFO - [G] 2025-04-24 10:58:24 :: TRACE :: Loader :: Mod SGTMD was unable to load: 
INFO - [G] 2025-04-24 10:58:24 :: TRACE :: Loader :: Mod SKHDecks was unable to load: 
INFO - [G] 2025-04-24 10:58:24 :: TRACE :: Loader :: Mod TOGAPack was unable to load: 
INFO - [G] 2025-04-24 10:58:24 :: TRACE :: Loader :: Mod TerrariaXBalatro was unable to load: 
INFO - [G] 2025-04-24 10:58:24 :: TRACE :: Loader :: Mod kcvanilla was unable to load: 
INFO - [G] 2025-04-24 10:58:24 :: TRACE :: Loader :: Mod sdm0sstuff was unable to load: 
INFO - [G] 2025-04-24 10:58:24 :: TRACE :: Loader :: Mod plantain was unable to load: 
INFO - [G] 2025-04-24 10:58:24 :: TRACE :: Loader :: Mod quilombo was unable to load: 
INFO - [G] 2025-04-24 10:58:24 :: TRACE :: Loader :: Mod mistigris was unable to load: 
INFO - [G] [CRYPTID] Loading library file ascended.lua
INFO - [G] [CRYPTID] Loading library file calculate.lua
INFO - [G] [CRYPTID] Loading library file content.lua
INFO - [G] [CRYPTID] Loading library file cross-mod.lua
INFO - [G] [CRYPTID] Loading library file d20.lua
INFO - [G] [CRYPTID] Loading library file event.lua
INFO - [G] [CRYPTID] Loading library file gameset.lua
INFO - [G] [CRYPTID] Loading library file https.lua
INFO - [G] 2025-04-24 10:58:24 :: DEBUG :: SMODS.https :: Using https module backend
INFO - [G] [CRYPTID] Loading library file misc.lua
INFO - [G] [CRYPTID] Loading library file misprintize.lua
INFO - [G] [CRYPTID] Loading library file modifiers.lua
INFO - [G] 2025-04-24 10:58:24 :: WARN  :: Sticker :: Detected duplicate register call on object perishable
INFO - [G] 2025-04-24 10:58:24 :: WARN  :: Sticker :: Detected duplicate register call on object pinned
INFO - [G] 2025-04-24 10:58:24 :: WARN  :: Sticker :: Detected duplicate register call on object eternal
INFO - [G] 2025-04-24 10:58:24 :: WARN  :: Sticker :: Detected duplicate register call on object rental
INFO - [G] [CRYPTID] Loading library file notifications.lua
INFO - [G] [CRYPTID] Loading library file overrides.lua
INFO - [G] [CRYPTID] Loading library file ui.lua
INFO - [G] [CRYPTID] Loading file achievement.lua
INFO - [G] [CRYPTID] Loading file blind.lua
INFO - [G] [CRYPTID] Loading file challenge.lua
INFO - [G] [CRYPTID] Loading file code.lua
INFO - [G] [CRYPTID] Loading file deck.lua
INFO - [G] [CRYPTID] Loading file enhanced.lua
INFO - [G] [CRYPTID] Loading file epic.lua
INFO - [G] [CRYPTID] Loading file exotic.lua
INFO - [G] [CRYPTID] Loading file joker_display.lua
INFO - [G] [CRYPTID] Loading file m.lua
INFO - [G] [CRYPTID] Loading file misc.lua
INFO - [G] [CRYPTID] Loading file misc_joker.lua
INFO - [G] [CRYPTID] Loading file planet.lua
INFO - [G] [CRYPTID] Loading file sleeve.lua
INFO - [G] [CRYPTID] Loading file spectral.lua
INFO - [G] [CRYPTID] Loading file spooky.lua
INFO - [G] [CRYPTID] Loading file stake.lua
INFO - [G] [CRYPTID] Loading file tag.lua
INFO - [G] [CRYPTID] Loading file test.lua
INFO - [G] [CRYPTID] Loading file voucher.lua
INFO - [G] 2025-04-24 10:58:24 :: WARN  :: Atlas :: Object cry_effarcire has the same key as an existing object, not registering.
INFO - [G] 2025-04-24 10:58:24 :: WARN  :: Atlas :: If you want to modify an existing object, use take_ownership()
INFO - [G] 2025-04-24 10:58:24 :: TRACE :: Loader :: Mod draft was unable to load: 
INFO - [G] 2025-04-24 10:58:24 :: INFO  :: TIMER :: [0000] Injected Language in 0.001 ms
INFO - [G] 2025-04-24 10:58:24 :: INFO  :: TIMER :: [0000] Injected [INTERNAL] in 2.022 ms
INFO - [G] 2025-04-24 10:58:26 :: INFO  :: TIMER :: [0031] Injected Atlas in 1842.993 ms
INFO - [G] 2025-04-24 10:58:26 :: INFO  :: TIMER :: [0030] Injected Sound in 141.332 ms
INFO - [G] 2025-04-24 10:58:26 :: INFO  :: TIMER :: [0032] Injected Stake in 1.083 ms
INFO - [G] 2025-04-24 10:58:26 :: INFO  :: TIMER :: [0008] Injected Rarity in 0.069 ms
INFO - [G] 2025-04-24 10:58:26 :: INFO  :: TIMER :: [0010] Injected ObjectType in 0.112 ms
INFO - [G] 2025-04-24 10:58:26 :: INFO  :: TIMER :: [0387] Injected Center in 3.175 ms
INFO - [G] 2025-04-24 10:58:26 :: INFO  :: TIMER :: [0009] Injected Undiscovered Sprite in 0.013 ms
INFO - [G] 2025-04-24 10:58:26 :: INFO  :: TIMER :: [0029] Injected Blind in 0.181 ms
INFO - [G] 2025-04-24 10:58:26 :: INFO  :: TIMER :: [0006] Injected Seal in 0.223 ms
INFO - [G] 2025-04-24 10:58:26 :: INFO  :: TIMER :: [0004] Injected Suit in 0.108 ms
INFO - [G] 2025-04-24 10:58:26 :: INFO  :: TIMER :: [0013] Injected Rank in 0.101 ms
INFO - [G] 2025-04-24 10:58:26 :: INFO  :: TIMER :: [0028] Injected DeckSkin in 0.251 ms
INFO - [G] 2025-04-24 10:58:26 :: INFO  :: TIMER :: [0016] Injected PokerHand in 0.134 ms
INFO - [G] 2025-04-24 10:58:26 :: INFO  :: TIMER :: [0031] Injected Challenge in 0.103 ms
INFO - [G] 2025-04-24 10:58:26 :: INFO  :: TIMER :: [0028] Injected Tag in 1.391 ms
INFO - [G] 2025-04-24 10:58:26 :: INFO  :: TIMER :: [0009] Injected Sticker in 0.699 ms
INFO - [G] 2025-04-24 10:58:26 :: INFO  :: TIMER :: [0009] Injected Shader in 163.207 ms
INFO - [G] 2025-04-24 10:58:26 :: INFO  :: TIMER :: [0002] Injected Keybind in 0.015 ms
INFO - [G] 2025-04-24 10:58:26 :: INFO  :: TIMER :: [0021] Injected Achievement in 0.129 ms
INFO - [G] 2025-04-24 10:58:26 :: INFO  :: TIMER :: [0002] Injected nil in 0.010 ms
INFO - [G] 2025-04-24 10:58:26 :: INFO  :: TIMER :: [0023] Injected Draw Step in 0.119 ms
INFO - [G] 2025-04-24 10:58:26 :: INFO  :: TIMER :: [0000] Injected [INTERNAL] in 9.642 ms
INFO - [G] 2025-04-24 10:58:26 :: INFO  :: TIMER :: [0010] Injected Other in 0.020 ms
INFO - [G] ERROR LOADING GAME: Card area 'shop_vouchers' not instantiated before load
INFO - [G] ERROR LOADING GAME: Card area 'shop_jokers' not instantiated before load
INFO - [G] ERROR LOADING GAME: Card area 'shop_booster' not instantiated before load
INFO - [♥] Applied 1 patch to '=[SMODS _ "smods-https-thread.lua"]'
INFO - [G] 2025-04-24 10:58:34 :: DEBUG :: SMODS.https(1) :: Using https module backend
INFO - [G] line not found
INFO - [G] file not found: main.lua: No such file or directory
INFO - [G] file not found: main.lua: No such file or directory
INFO - [G] file not found: functions/UI_definitions.lua: No such file or directory
INFO - [G] file not found: main.lua: No such file or directory
INFO - [G] file not found: main.lua: No such file or directory
INFO - [G] 2025-04-24 10:58:36 :: ERROR :: StackTrace :: Oops! The game crashed
main.lua:1552: attempt to index local 'amount' (a nil value)
Stack Traceback
===============
(1) Lua local 'handler' at file 'main.lua:612'
	Local variables:
	 msg = string: "main.lua:1552: attempt to index local 'amount' (a nil value)"
	 (*temporary) = Lua function '?' (defined at line 31 of chunk [SMODS _ "src/logging.lua"])
	 (*temporary) = string: "Oops! The game crashed\
"
(2) LÖVE metamethod at file 'boot.lua:352'
	Local variables:
	 errhand = Lua function '?' (defined at line 598 of chunk main.lua)
	 handler = Lua function '?' (defined at line 598 of chunk main.lua)
(3) Lua global 'get_blind_amount' at file 'main.lua:1552'
	Local variables:
	 ante = number: 6.5
	 k = 0.75  {array:table: 0x09df65d8, sign:1}
	 scale = number: 4
	 amounts = table: 0x09df6678  {1:300, 2:1,100, 3:3,800, 4:13,700, 5:42,726, 6:76,000, 7:135,000, 8:408,163}
	 amount = nil
	 (*temporary) = number: 408163
	 (*temporary) = nil
	 (*temporary) = 408,163  {array:table: 0x09df6b48, sign:1}
	 (*temporary) = number: 1
	 (*temporary) = boolean: false
	 (*temporary) = 408,163  {array:table: 0x09df6b48, sign:1}
	 (*temporary) = number: 1
	 (*temporary) = boolean: false
	 (*temporary) = number: 1
	 (*temporary) = string: "attempt to index local 'amount' (a nil value)"
(4) Lua global 'create_UIBox_blind_choice' at file 'functions/UI_definitions.lua:1670'
	Local variables:
	 type = string: "Small"
	 run_info = nil
	 disabled = boolean: false
	 blind_choice = table: 0x09cd20f8  {animation:table: 0x09cd2158, config:table: 0x084ed6d8}
	 extras = table: 0x09be8100  {nodes:table: 0x09be8220, n:4, config:table: 0x09be8190}
	 stake_sprite = table: 0x08faaac0  {click_offset:table: 0x08fa99a8, children:table: 0x08fa9e80, sprite_pos:table: 0x08ef6678, T:table: 0x08fa97f0, offset:table: 0x08fa92b0, role:table: 0x08fa8d10 (more...)}
	 target = table: 0x09be6d10  {type:raw_descriptions, vars:table: 0x09df6418, key:bl_small, set:Blind}
	 obj = table: 0x084ed6d8  {order:1, name:Small Blind, alerted:true, debuff:table: 0x084ed8b0, _saved_d_u:true, debuff_text:, discovered:true, vars:table: 0x084ed888, defeated:false (more...)}
	 loc_target = table: 0x09df6468  {}
	 loc_name = string: "Small Blind"
	 text_table = table: 0x09df6468  {}
	 blind_col = table: 0x09df6588  {1:0.086274509803922, 2:0.47294117647059, 3:0.70666666666667, 4:1}
(5) Lua global 'create_UIBox_blind_select' at file 'functions/UI_definitions.lua:1556'
	Local variables:
	 width = number: 12.2927
	 (*temporary) = table: 0x09cd1f00  {}
	 (*temporary) = table: 0x0857bae0  {remove_group:function: 0x08564de8, draw:function: 0x08564e68, print_topology:function: 0x08562fa0, recalculate:function: 0x08564e88, init:function: 0x0856ac58 (more...)}
	 (*temporary) = table: 0x09cd1f28  {}
	 (*temporary) = table: 0x09cd1f88  {n:7, config:table: 0x09cd2018}
	 (*temporary) = table: 0x09cd2078  {}
	 (*temporary) = Lua function '?' (defined at line 6595 of chunk functions/UI_definitions.lua)
	 (*temporary) = table: 0x09cd20b8  {}
(6) Lua field 'func' at file 'game.lua:3506'
	Local variables:
	 (*temporary) = table: 0x084fe648  {F_GUIDE:false, F_CRASH_REPORTS:false, F_QUIT_BUTTON:true, HUD_tags:table: 0x09de6038, F_ENGLISH_ONLY:false, viewed_stake:16, HUD:table: 0x08c3a8a8 (more...)}
	 (*temporary) = table: 0x0857bae0  {remove_group:function: 0x08564de8, draw:function: 0x08564e68, print_topology:function: 0x08562fa0, recalculate:function: 0x08564e88, init:function: 0x0856ac58 (more...)}
	 (*temporary) = table: 0x09bc52d0  {}
(7) Lua method 'handle' at file 'engine/event.lua:99'
	Local variables:
	 self = table: 0x0a64fad8  {start_timer:true, timer:TOTAL, blockable:true, trigger:immediate, func:function: 0x0a64fab8, delay:0, complete:false, time:29.720138794524, blocking:true (more...)}
	 _results = table: 0x09027a68  {blocking:true, pause_skip:false, time_done:false, completed:false}
(8) Lua method 'update' at file 'engine/event.lua:182'
	Local variables:
	 self = table: 0x0890bbe0  {queue_last_processed:10.083333333333, queues:table: 0x0890bc08, queue_dt:0.016666666666667, queue_timer:10.087539183018}
	 dt = number: 0.00838973
	 forced = nil
	 (for generator) = C function: next
	 (for state) = table: 0x0890bc08  {unlock:table: 0x0890bcf8, other:table: 0x0890bd98, tutorial:table: 0x0890bd48, base:table: 0x0890bd20, achievement:table: 0x0890bd70}
	 (for control) = number: nan
	 k = string: "base"
	 v = table: 0x0890bd20  {1:table: 0x097bd738, 2:table: 0x0a114e48, 3:table: 0x0a114fc8, 4:table: 0x0a115148, 5:table: 0x0a1152c8, 6:table: 0x0a115448, 7:table: 0x0a1155c8 (more...)}
	 blocked = boolean: false
	 i = number: 28
	 results = table: 0x09027a68  {blocking:true, pause_skip:false, time_done:false, completed:false}
(9) Lua upvalue 'gameUpdateRef' at file 'game.lua:2665'
	Local variables:
	 self = table: 0x084fe648  {F_GUIDE:false, F_CRASH_REPORTS:false, F_QUIT_BUTTON:true, HUD_tags:table: 0x09de6038, F_ENGLISH_ONLY:false, viewed_stake:16, HUD:table: 0x08c3a8a8 (more...)}
	 dt = number: 0.00838973
	 http_resp = nil
(10) Lua upvalue 'upd' at Steamodded file 'src/ui.lua:84' 
	Local variables:
	 self = table: 0x084fe648  {F_GUIDE:false, F_CRASH_REPORTS:false, F_QUIT_BUTTON:true, HUD_tags:table: 0x09de6038, F_ENGLISH_ONLY:false, viewed_stake:16, HUD:table: 0x08c3a8a8 (more...)}
	 dt = number: 0.00838973
(11) Lua upvalue 'gu' at file 'main.lua:1866'
	Local variables:
	 self = table: 0x084fe648  {F_GUIDE:false, F_CRASH_REPORTS:false, F_QUIT_BUTTON:true, HUD_tags:table: 0x09de6038, F_ENGLISH_ONLY:false, viewed_stake:16, HUD:table: 0x08c3a8a8 (more...)}
	 dt = number: 0.00838973
(12) Lua upvalue 'upd' at file 'lib/gameset.lua:27' (from mod with id Cryptid)
	Local variables:
	 self = table: 0x084fe648  {F_GUIDE:false, F_CRASH_REPORTS:false, F_QUIT_BUTTON:true, HUD_tags:table: 0x09de6038, F_ENGLISH_ONLY:false, viewed_stake:16, HUD:table: 0x08c3a8a8 (more...)}
	 dt = number: 0.00838973
(13) Lua method 'update' at file 'lib/overrides.lua:259' (from mod with id Cryptid)
	Local variables:
	 self = table: 0x084fe648  {F_GUIDE:false, F_CRASH_REPORTS:false, F_QUIT_BUTTON:true, HUD_tags:table: 0x09de6038, F_ENGLISH_ONLY:false, viewed_stake:16, HUD:table: 0x08c3a8a8 (more...)}
	 dt = number: 0.00838973
(14) Lua upvalue 'oldupd' at file 'main.lua:1007'
	Local variables:
	 dt = number: 0.00838973
(15) Lua field 'update' at file 'main.lua:1899'
	Local variables:
	 dt = number: 0.00838973
(16) Lua function '?' at file 'main.lua:934' (best guess)
(17) global C function 'xpcall'
(18) LÖVE function at file 'boot.lua:377' (best guess)
	Local variables:
	 func = Lua function '?' (defined at line 905 of chunk main.lua)
	 inerror = boolean: true
	 deferErrhand = Lua function '(LÖVE Function)' (defined at line 348 of chunk [love "boot.lua"])
	 earlyinit = Lua function '(LÖVE Function)' (defined at line 355 of chunk [love "boot.lua"])

INFO - [G] file not found: functions/UI_definitions.lua: No such file or directory
INFO - [G] file not found: main.lua: No such file or directory
INFO - [G] file not found: main.lua: No such file or directory
INFO - [G] 2025-04-24 10:58:36 :: INFO  :: StackTrace :: Additional Context:
Balatro Version: 1.0.1o-FULL
Modded Version: 1.0.0~BETA-0416b-STEAMODDED
LÖVE Version: 11.5.0
Lovely Version: 0.7.1
Platform: Windows
Steamodded Mods:
    1: Cryptid by MathIsFun_, Cryptid and Balatro Discords [ID: Cryptid, Priority: 114, Version: 0.5.5b, Uses Lovely]
    2: Talisman by MathIsFun_, Mathguy24, jenwalter666, cg-223 [ID: Talisman, Version: 2.2.0~dev]
        Break Infinity: omeganum
Lovely Mods:
    1: Talisman
