INFO - [♥] Lovely 0.7.1
INFO - [♥] Game directory is at "C:\\Program Files (x86)\\Steam\\steamapps\\common\\Balatro"
INFO - [♥] Writing logs to "C:\\Users\\erikk\\AppData\\Roaming\\Balatro\\Mods\\lovely\\log"
INFO - [♥] Using mod directory at "C:\\Users\\erikk\\AppData\\Roaming\\Balatro\\Mods"
INFO - [♥] Found .lovelyignore in 'AzzysJokers-1.2.2', skipping it.
INFO - [♥] Found .lovelyignore in 'Balatro-Draft-main', skipping it.
INFO - [♥] Found .lovelyignore in 'kcvanilla-master', skipping it.
INFO - [♥] Found .lovelyignore in 'luckyjimbos-main', skipping it.
INFO - [♥] Found .lovelyignore in 'Mistigris', skipping it.
INFO - [♥] Found .lovelyignore in 'MoreFluff-main', skipping it.
INFO - [♥] Found .lovelyignore in 'NeatoJokers-main', skipping it.
INFO - [♥] Found .lovelyignore in 'Plantain-main', skipping it.
INFO - [♥] Found .lovelyignore in 'Quilombo', skipping it.
INFO - [♥] Found .lovelyignore in 'SDM_0-s-Stuff-main', skipping it.
INFO - [♥] Found .lovelyignore in 'Talisman', skipping it.
INFO - [♥] Found .lovelyignore in 'TerrariaXBalatro-main', skipping it.
INFO - [♥] Found .lovelyignore in 'TOGAPackBalatro-main', skipping it.
INFO - [♥] Found .lovelyignore in 'TooManyDecks-main', skipping it.
INFO - [♥] Cleaning up dumps directory at "C:\\Users\\erikk\\AppData\\Roaming\\Balatro\\Mods\\lovely\\dump"
INFO - [♥] Initialization complete in 55ms
INFO - [♥] Applied 14 patches to 'main.lua'
INFO - [♥] Applied 5 patches to 'engine/controller.lua'
INFO - [♥] Applied 15 patches to 'back.lua'
INFO - [♥] Applied 7 patches to 'tag.lua'
INFO - [♥] Applied 1 patch to 'engine/moveable.lua'
INFO - [♥] Applied 2 patches to 'engine/sprite.lua'
INFO - [♥] Applied 2 patches to 'engine/animatedsprite.lua'
INFO - [♥] Applied 47 patches to 'functions/misc_functions.lua'
INFO - [♥] Applied 33 patches to 'game.lua'
INFO - [♥] Applied 1 patch to 'globals.lua'
INFO - [♥] Applied 3 patches to 'engine/ui.lua'
INFO - [♥] Applied 73 patches to 'functions/UI_definitions.lua'
INFO - [♥] Applied 44 patches to 'functions/state_events.lua'
INFO - [♥] Applied 104 patches to 'functions/common_events.lua'
INFO - [♥] Applied 46 patches to 'functions/button_callbacks.lua'
WARN - [♥] Pattern 'if G.GAME.blind and G.GAME.blind.in_blind then G.E_MANAGER:add_event(Event({ func = function() G.GAME.blind:set_blind(nil, true, nil); return true end })) end' on target 'card.lua' for pattern patch from smods-main\lovely\calculate_card_added.toml resulted in 2 matches, wanted 1
WARN - [♥] Ignoring excess matches
INFO - [♥] Applied 151 patches to 'card.lua'
INFO - [♥] Applied 9 patches to 'cardarea.lua'
INFO - [♥] Applied 36 patches to 'blind.lua'
INFO - [♥] Applied 2 patches to 'engine/text.lua'
INFO - [G] Failed to connect to the debug server
INFO - [G] 2025-04-11 09:24:34 :: DEBUG :: DebugConsole :: Steamodded Debug Socket started !
INFO - [G] 2025-04-11 09:24:34 :: INFO  :: SMODS :: Steamodded v1.0.0~BETA-0324b
INFO - [♥] Applied 9 patches to 'engine/sound_manager.lua'
INFO - [♥] Applied 1 patch to 'engine/save_manager.lua'
INFO - [G] 2025-04-11 09:24:36 :: TRACE :: Loader :: Processing Mod file (Legacy header): Azazel.lua
INFO - [G] 2025-04-11 09:24:36 :: TRACE :: Loader :: Saving Mod Info: AzzysJokers
INFO - [G] 2025-04-11 09:24:36 :: INFO  :: Loader :: Valid JSON file found
INFO - [G] 2025-04-11 09:24:36 :: INFO  :: Loader :: Valid JSON file found
INFO - [G] 2025-04-11 09:24:36 :: INFO  :: Loader :: Valid JSON file found
INFO - [G] 2025-04-11 09:24:36 :: TRACE :: Loader :: Processing Mod file (Legacy header): MoreFluff.lua
INFO - [G] 2025-04-11 09:24:36 :: TRACE :: Loader :: Saving Mod Info: MoreFluff
INFO - [G] 2025-04-11 09:24:36 :: INFO  :: Loader :: Valid JSON file found
INFO - [G] 2025-04-11 09:24:36 :: INFO  :: Loader :: Valid JSON file found
INFO - [G] 2025-04-11 09:24:36 :: INFO  :: Loader :: Valid JSON file found
INFO - [G] 2025-04-11 09:24:36 :: TRACE :: Loader :: Processing Mod file (Legacy header): main.lua
INFO - [G] 2025-04-11 09:24:36 :: TRACE :: Loader :: Saving Mod Info: sdm0sstuff
INFO - [G] 2025-04-11 09:24:36 :: INFO  :: Loader :: Valid JSON file found
INFO - [G] 2025-04-11 09:24:36 :: TRACE :: Loader :: Processing Mod file (Legacy header): steamodded_metadata.lua
INFO - [G] 2025-04-11 09:24:36 :: TRACE :: Loader :: Saving Mod Info: Talisman
INFO - [G] 2025-04-11 09:24:36 :: INFO  :: Loader :: Valid JSON file found
INFO - [G] 2025-04-11 09:24:36 :: ERROR :: Loader :: Found invalid metadata JSON file at C:\Users\erikk\AppData\Roaming\Balatro\Mods/TooManyDecks-main/.vscode/settings.json, ignoring: [SMODS _ "src/loader.lua"]:226: id
INFO - [G] 2025-04-11 09:24:36 :: INFO  :: Loader :: Valid JSON file found
INFO - [G] 2025-04-11 09:24:36 :: INFO  :: Loader :: Valid JSON file found
INFO - [G] 2025-04-11 09:24:36 :: INFO  :: Loader :: Valid JSON file found
INFO - [G] 2025-04-11 09:24:36 :: TRACE :: Loader :: Mod AzzysJokers was unable to load: 
INFO - [G] 2025-04-11 09:24:36 :: TRACE :: Loader :: Mod L6_luckyjimbo was unable to load: 
INFO - [G] 2025-04-11 09:24:36 :: TRACE :: Loader :: Mod MoreFluff was unable to load: Missing Dependencies: 1: Talisman>=2.0.0


INFO - [G] 2025-04-11 09:24:36 :: TRACE :: Loader :: Mod Neato_Jokers was unable to load: 
INFO - [G] 2025-04-11 09:24:36 :: TRACE :: Loader :: Mod SGTMD was unable to load: 
INFO - [G] 2025-04-11 09:24:36 :: TRACE :: Loader :: Mod TOGAPack was unable to load: 
INFO - [G] 2025-04-11 09:24:36 :: TRACE :: Loader :: Mod Talisman was unable to load: 
INFO - [G] 2025-04-11 09:24:36 :: TRACE :: Loader :: Mod TerrariaXBalatro was unable to load: 
INFO - [G] 2025-04-11 09:24:36 :: TRACE :: Loader :: Mod kcvanilla was unable to load: 
INFO - [G] 2025-04-11 09:24:36 :: TRACE :: Loader :: Mod sdm0sstuff was unable to load: 
INFO - [G] 2025-04-11 09:24:36 :: TRACE :: Loader :: Mod plantain was unable to load: 
INFO - [G] 2025-04-11 09:24:36 :: TRACE :: Loader :: Mod quilombo was unable to load: 
INFO - [G] 2025-04-11 09:24:36 :: TRACE :: Loader :: Mod mistigris was unable to load: 
INFO - [G] 2025-04-11 09:24:36 :: TRACE :: Loader :: Mod draft was unable to load: 
INFO - [G] 2025-04-11 09:24:36 :: INFO  :: TIMER :: [0000] Injected Language in 0.001 ms
INFO - [G] 2025-04-11 09:24:36 :: INFO  :: TIMER :: [0000] Injected [INTERNAL] in 1.568 ms
INFO - [G] 2025-04-11 09:24:37 :: INFO  :: TIMER :: [0003] Injected Atlas in 704.688 ms
INFO - [G] 2025-04-11 09:24:37 :: INFO  :: TIMER :: [0001] Injected Sound in 0.239 ms
INFO - [G] 2025-04-11 09:24:37 :: INFO  :: TIMER :: [0008] Injected Stake in 0.225 ms
INFO - [G] 2025-04-11 09:24:37 :: INFO  :: TIMER :: [0004] Injected Rarity in 0.019 ms
INFO - [G] 2025-04-11 09:24:37 :: INFO  :: TIMER :: [0004] Injected ObjectType in 0.030 ms
INFO - [G] 2025-04-11 09:24:37 :: INFO  :: TIMER :: [0052] Injected Center in 0.543 ms
INFO - [G] 2025-04-11 09:24:37 :: INFO  :: TIMER :: [0007] Injected Undiscovered Sprite in 0.010 ms
INFO - [G] 2025-04-11 09:24:37 :: INFO  :: TIMER :: [0002] Injected Blind in 0.009 ms
INFO - [G] 2025-04-11 09:24:37 :: INFO  :: TIMER :: [0004] Injected Seal in 0.111 ms
INFO - [G] 2025-04-11 09:24:37 :: INFO  :: TIMER :: [0004] Injected Suit in 0.069 ms
INFO - [G] 2025-04-11 09:24:37 :: INFO  :: TIMER :: [0013] Injected Rank in 0.109 ms
INFO - [G] 2025-04-11 09:24:37 :: INFO  :: TIMER :: [0028] Injected DeckSkin in 0.234 ms
INFO - [G] 2025-04-11 09:24:37 :: INFO  :: TIMER :: [0012] Injected PokerHand in 0.083 ms
INFO - [G] 2025-04-11 09:24:37 :: INFO  :: TIMER :: [0020] Injected Challenge in 0.023 ms
INFO - [G] 2025-04-11 09:24:37 :: INFO  :: TIMER :: [0000] Injected Tag in 0.001 ms
INFO - [G] 2025-04-11 09:24:37 :: INFO  :: TIMER :: [0004] Injected Sticker in 0.205 ms
INFO - [G] 2025-04-11 09:24:37 :: INFO  :: TIMER :: [0000] Injected Shader in 0.001 ms
INFO - [G] 2025-04-11 09:24:37 :: INFO  :: TIMER :: [0002] Injected Keybind in 0.009 ms
INFO - [G] 2025-04-11 09:24:37 :: INFO  :: TIMER :: [0000] Injected Achievement in 0.070 ms
INFO - [G] 2025-04-11 09:24:37 :: INFO  :: TIMER :: [0002] Injected nil in 0.011 ms
INFO - [G] 2025-04-11 09:24:37 :: INFO  :: TIMER :: [0021] Injected Draw Step in 0.882 ms
INFO - [G] 2025-04-11 09:24:37 :: INFO  :: TIMER :: [0000] Injected [INTERNAL] in 0.369 ms
