INFO - [♥] Lovely 0.7.1
INFO - [♥] Game directory is at "C:\\Program Files (x86)\\Steam\\steamapps\\common\\Balatro"
INFO - [♥] Writing logs to "C:\\Users\\erikk\\AppData\\Roaming\\Balatro\\Mods\\lovely\\log"
INFO - [♥] Using mod directory at "C:\\Users\\erikk\\AppData\\Roaming\\Balatro\\Mods"
INFO - [♥] Found .lovelyignore in 'AzzysJokers-1.2.2', skipping it.
INFO - [♥] Found .lovelyignore in 'BalatroBakery-main', skipping it.
INFO - [♥] Found .lovelyignore in 'Buffoonery-main', skipping it.
INFO - [♥] Found .lovelyignore in 'Bunco-5.1', skipping it.
INFO - [♥] Found .lovelyignore in 'Cardsauce', skipping it.
INFO - [♥] Found .lovelyignore in 'D6-Jokers-main', skipping it.
INFO - [♥] Found .lovelyignore in 'DebugPlus', skipping it.
INFO - [♥] Found .lovelyignore in 'JokerHub-main', skipping it.
INFO - [♥] Found .lovelyignore in 'kcvanilla-master', skipping it.
INFO - [♥] Found .lovelyignore in 'luckyjimbos-main', skipping it.
INFO - [♥] Found .lovelyignore in 'Maximus-main', skipping it.
INFO - [♥] Found .lovelyignore in 'Mistigris', skipping it.
INFO - [♥] Found .lovelyignore in 'MoreFluff-main', skipping it.
INFO - [♥] Found .lovelyignore in 'NeatoJokers-main', skipping it.
INFO - [♥] Found .lovelyignore in 'paperback-main', skipping it.
INFO - [♥] Found .lovelyignore in 'Plantain-main', skipping it.
INFO - [♥] Found .lovelyignore in 'Prism-main', skipping it.
INFO - [♥] Found .lovelyignore in 'Redux-Arcanum-main', skipping it.
INFO - [♥] Found .lovelyignore in 'Revos-Vault---Balatro-Mod-main', skipping it.
INFO - [♥] Found .lovelyignore in 'SauKhongHuDecks', skipping it.
INFO - [♥] Found .lovelyignore in 'SDM_0-s-Stuff-main', skipping it.
INFO - [♥] Found .lovelyignore in 'Snow-s-Mods-main', skipping it.
INFO - [♥] Found .lovelyignore in 'TOGAPackBalatro-main', skipping it.
WARN - [♥] Unknown key `patches.49.?.match_indent` found in patch file at "C:\\Users\\erikk\\AppData\\Roaming\\Balatro\\Mods\\Talisman\\lovely.toml", ignoring it
WARN - [♥] Unknown key `patches.52.?.match_indent` found in patch file at "C:\\Users\\erikk\\AppData\\Roaming\\Balatro\\Mods\\Talisman\\lovely.toml", ignoring it
INFO - [♥] Cleaning up dumps directory at "C:\\Users\\erikk\\AppData\\Roaming\\Balatro\\Mods\\lovely\\dump"
INFO - [♥] Initialization complete in 64ms
WARN - [♥] Pattern 'G.ARGS.score_intensity.organ = G.video_organ or G.ARGS.score_intensity.required_score > 0 and math.max(math.min(0.4, 0.1*math.log(G.ARGS.score_intensity.earned_score/(G.ARGS.score_intensity.required_score+1), 5)),0.) or 0' on target 'main.lua' for pattern patch from Talisman\lovely.toml resulted in no matches
WARN - [♥] Pattern 'if type(G.GAME.current_round.current_hand.chips) ~= \'number\' or type(G.GAME.current_round.current_hand.mult) ~= \'number\' then' on target 'main.lua' for pattern patch from Talisman\lovely.toml resulted in no matches
INFO - [♥] Applied 16 patches to 'main.lua'
INFO - [♥] Applied 2 patches to 'engine/string_packer.lua'
INFO - [♥] Applied 5 patches to 'engine/controller.lua'
INFO - [♥] Applied 16 patches to 'back.lua'
INFO - [♥] Applied 7 patches to 'tag.lua'
INFO - [♥] Applied 2 patches to 'engine/moveable.lua'
INFO - [♥] Applied 2 patches to 'engine/sprite.lua'
INFO - [♥] Applied 2 patches to 'engine/animatedsprite.lua'
WARN - [♥] Pattern 'assembled_string = assembled_string..(type(subpart) == \'string\' and subpart or args.vars[tonumber(subpart[1])] or \'ERROR\')' on target 'functions/misc_functions.lua' for pattern patch from Talisman\lovely.toml resulted in no matches
INFO - [♥] Applied 51 patches to 'functions/misc_functions.lua'
INFO - [♥] Applied 46 patches to 'game.lua'
INFO - [♥] Applied 1 patch to 'globals.lua'
INFO - [♥] Applied 6 patches to 'engine/ui.lua'
WARN - [♥] Pattern '{n=G.UIT.T, config={text = G.GAME.hands[handname].chips, scale = 0.45, colour = G.C.UI.TEXT_LIGHT}},' on target 'functions/UI_definitions.lua' for pattern patch from Talisman\lovely.toml resulted in no matches
WARN - [♥] Pattern '{n=G.UIT.T, config={text = G.GAME.hands[handname].mult, scale = 0.45, colour = G.C.UI.TEXT_LIGHT}}' on target 'functions/UI_definitions.lua' for pattern patch from Talisman\lovely.toml resulted in no matches
INFO - [♥] Applied 78 patches to 'functions/UI_definitions.lua'
WARN - [♥] Pattern 'for j=1,#reps do' on target 'functions/state_events.lua' for pattern patch from Cruel-Blinds-main\lovely.toml resulted in no matches
WARN - [♥] Pattern 'table.sort(scoring_hand, function (a, b) return a.T.x < b.T.x end )' on target 'functions/state_events.lua' for pattern patch from Cruel-Blinds-main\lovely.toml resulted in no matches
WARN - [♥] Pattern 'reps[#reps+1] = eval' on target 'functions/state_events.lua' for pattern patch from MathBlinds-main\lovely.toml resulted in no matches
WARN - [♥] Pattern 'if effects[ii].card then' on target 'functions/state_events.lua' for pattern patch from Talisman\lovely.toml resulted in no matches
WARN - [♥] Pattern 'if effects.jokers.Xmult_mod then mult = mod_mult(mult*effects.jokers.Xmult_mod);extras.mult = true  end' on target 'functions/state_events.lua' for pattern patch from Talisman\lovely.toml resulted in no matches
WARN - [♥] Pattern 'if effect.Xmult_mod then mult = mod_mult(mult*effect.Xmult_mod);extras.mult = true  end' on target 'functions/state_events.lua' for pattern patch from Talisman\lovely.toml resulted in no matches
WARN - [♥] Pattern 'if effects[ii].message then' on target 'functions/state_events.lua' for pattern patch from Talisman\lovely.toml resulted in no matches
WARN - [♥] Pattern '--calculate the card edition effects' on target 'functions/state_events.lua' for pattern patch from Talisman\lovely.toml resulted in no matches
WARN - [♥] Pattern 'if effects[ii].edition.p_dollars_mod then' on target 'functions/state_events.lua' for pattern patch from Talisman\lovely.toml resulted in no matches
WARN - [♥] Pattern 'if edition_effects.jokers.x_mult_mod then' on target 'functions/state_events.lua' for pattern patch from Talisman\lovely.toml resulted in no matches
WARN - [♥] Regex 'for h[ ]*\\= 1, eval\\.jokers\\.repetitions do\n[ \\t]*if G\\.GAME\\.blind.name \\=\\= \"bl_mathbl_infinite\" and not G\\.GAME\\.blind\\.disabled then\n[ \\t]*G\\.GAME\\.blind:wiggle\\(\\)\n[ \\t]*G\\.GAME\\.blind\\.triggered \\= true\n[ \\t]*else\n[ \\t]*reps\\[#reps\\+1\\] \\= eval\n[ \\t]*end\n[ \\t]*end\n[ \\t]*end' on target 'functions/state_events.lua' for regex patch from MathBlinds-main\lovely.toml resulted in no matches
INFO - [♥] Applied 57 patches to 'functions/state_events.lua'
WARN - [♥] Pattern 'if num_dollars > 60 then' on target 'functions/common_events.lua' for pattern patch from Talisman\lovely.toml resulted in no matches
WARN - [♥] Pattern 'func = (function() if eval_func(card) then if not first or first then card:juice_up(0.1, 0.1) end;juice_card_until(card, eval_func, nil, 0.8) end return true end)' on target 'functions/common_events.lua' for pattern patch from Talisman\lovely.toml resulted in no matches
INFO - [♥] Applied 138 patches to 'functions/common_events.lua'
INFO - [♥] Applied 55 patches to 'functions/button_callbacks.lua'
WARN - [♥] Pattern 'if G.GAME.blind and G.GAME.blind.in_blind then G.E_MANAGER:add_event(Event({ func = function() G.GAME.blind:set_blind(nil, true, nil); return true end })) end' on target 'card.lua' for pattern patch from smods-main\lovely\calculate_card_added.toml resulted in 2 matches, wanted 1
WARN - [♥] Ignoring excess matches
WARN - [♥] Pattern 'if G.GAME.blind then G.E_MANAGER:add_event(Event({ func = function() G.GAME.blind:set_blind(nil, true, nil); return true end })) end' on target 'card.lua' for pattern patch from Talisman\lovely.toml resulted in no matches
WARN - [♥] Pattern 'x_mult = center.config.Xmult or 1,' on target 'card.lua' for pattern patch from Talisman\lovely.toml resulted in no matches
INFO - [♥] Applied 163 patches to 'card.lua'
INFO - [♥] Applied 9 patches to 'cardarea.lua'
WARN - [♥] Pattern 'function Blind:modify_hand(cards, poker_hands, text, mult, hand_chips)' on target 'blind.lua' for pattern patch from Cruel-Blinds-main\lovely.toml resulted in no matches
INFO - [♥] Applied 44 patches to 'blind.lua'
INFO - [♥] Applied 5 patches to 'engine/text.lua'
INFO - [G] Failed to connect to the debug server
INFO - [G] 2025-04-08 10:46:47 :: DEBUG :: DebugConsole :: Steamodded Debug Socket started !
INFO - [G] 2025-04-08 10:46:47 :: INFO  :: SMODS :: Steamodded v1.0.0~BETA-0324b
INFO - [♥] Applied 9 patches to 'engine/sound_manager.lua'
INFO - [♥] Applied 3 patches to 'engine/save_manager.lua'
INFO - [♥] Applied 2 patches to 'engine/string_packer.lua'
INFO - [G] 2025-04-08 10:46:49 :: TRACE :: Loader :: Processing Mod file (Legacy header): Azazel.lua
INFO - [G] 2025-04-08 10:46:49 :: TRACE :: Loader :: Saving Mod Info: AzzysJokers
INFO - [G] 2025-04-08 10:46:49 :: INFO  :: Loader :: Valid JSON file found
INFO - [G] 2025-04-08 10:46:49 :: INFO  :: Loader :: Valid JSON file found
INFO - [G] 2025-04-08 10:46:49 :: INFO  :: Loader :: Valid JSON file found
INFO - [G] 2025-04-08 10:46:49 :: TRACE :: Loader :: Processing Mod file (Legacy header): main.lua
INFO - [G] 2025-04-08 10:46:49 :: TRACE :: Loader :: Saving Mod Info: Cardsauce
INFO - [G] 2025-04-08 10:46:49 :: TRACE :: Loader :: Processing Mod file (Legacy header): CruelBlinds.lua
INFO - [G] 2025-04-08 10:46:49 :: TRACE :: Loader :: Saving Mod Info: CBL
INFO - [G] 2025-04-08 10:46:49 :: INFO  :: Loader :: Valid JSON file found
INFO - [G] 2025-04-08 10:46:49 :: INFO  :: Loader :: Valid JSON file found
INFO - [G] 2025-04-08 10:46:49 :: INFO  :: Loader :: Valid JSON file found
INFO - [G] 2025-04-08 10:46:49 :: INFO  :: Loader :: Valid JSON file found
INFO - [G] 2025-04-08 10:46:49 :: TRACE :: Loader :: Processing Mod file (Legacy header): MathBlinds.lua
INFO - [G] 2025-04-08 10:46:49 :: TRACE :: Loader :: Saving Mod Info: MathBlinds
INFO - [G] 2025-04-08 10:46:49 :: ERROR :: Loader :: Found invalid metadata JSON file at C:\Users\erikk\AppData\Roaming\Balatro\Mods/Maximus-main/.vscode/settings.json, ignoring: [SMODS _ "src/loader.lua"]:226: id
INFO - [G] 2025-04-08 10:46:49 :: INFO  :: Loader :: Valid JSON file found
INFO - [G] 2025-04-08 10:46:49 :: INFO  :: Loader :: Valid JSON file found
INFO - [G] 2025-04-08 10:46:49 :: TRACE :: Loader :: Processing Mod file (Legacy header): MoreFluff.lua
INFO - [G] 2025-04-08 10:46:49 :: TRACE :: Loader :: Saving Mod Info: MoreFluff
INFO - [G] 2025-04-08 10:46:49 :: INFO  :: Loader :: Valid JSON file found
INFO - [G] 2025-04-08 10:46:49 :: INFO  :: Loader :: Valid JSON file found
INFO - [G] 2025-04-08 10:46:49 :: INFO  :: Loader :: Valid JSON file found
INFO - [G] 2025-04-08 10:46:49 :: INFO  :: Loader :: Valid JSON file found
INFO - [G] 2025-04-08 10:46:49 :: INFO  :: Loader :: Valid JSON file found
INFO - [G] 2025-04-08 10:46:49 :: TRACE :: Loader :: Processing Mod file (Legacy header): main.lua
INFO - [G] 2025-04-08 10:46:49 :: TRACE :: Loader :: Saving Mod Info: sdm0sstuff
INFO - [G] 2025-04-08 10:46:49 :: INFO  :: Loader :: Valid JSON file found
INFO - [G] 2025-04-08 10:46:49 :: ERROR :: Loader :: Found invalid metadata JSON file at C:\Users\erikk\AppData\Roaming\Balatro\Mods/SnoresvilleTurbulentJokers/SnoresvilleTurbulentJokers.json, ignoring: [SMODS _ "src/loader.lua"]:105: attempt to call method 'gmatch' (a nil value)
INFO - [G] 2025-04-08 10:46:49 :: TRACE :: Loader :: Processing Mod file (Legacy header): SnowMods.lua
INFO - [G] 2025-04-08 10:46:49 :: TRACE :: Loader :: Saving Mod Info: SnowMods
INFO - [G] 2025-04-08 10:46:49 :: INFO  :: Loader :: Valid JSON file found
INFO - [G] 2025-04-08 10:46:49 :: TRACE :: Loader :: Processing Mod file (Legacy header): steamodded_metadata.lua
INFO - [G] 2025-04-08 10:46:49 :: TRACE :: Loader :: Saving Mod Info: Talisman
INFO - [G] 2025-04-08 10:46:49 :: ERROR :: Loader :: Found invalid metadata JSON file at C:\Users\erikk\AppData\Roaming\Balatro\Mods/TooManyDecks-main/.vscode/settings.json, ignoring: [SMODS _ "src/loader.lua"]:226: id
INFO - [G] 2025-04-08 10:46:49 :: INFO  :: Loader :: Valid JSON file found
INFO - [G] 2025-04-08 10:46:49 :: INFO  :: Loader :: Valid JSON file found
INFO - [G] 2025-04-08 10:46:49 :: INFO  :: Loader :: Valid JSON file found
INFO - [G] 2025-04-08 10:46:49 :: INFO  :: Loader :: Valid JSON file found
INFO - [G] 2025-04-08 10:46:49 :: ERROR :: Loader :: Found invalid metadata JSON file at C:\Users\erikk\AppData\Roaming\Balatro\Mods/paperback-main/.vscode/settings.json, ignoring: [SMODS _ "src/loader.lua"]:226: id
INFO - [G] 2025-04-08 10:46:49 :: INFO  :: Loader :: Valid JSON file found
INFO - [G] 2025-04-08 10:46:50 :: TRACE :: Loader :: Mod D6Joker was unable to load: 
INFO - [G] 2025-04-08 10:46:50 :: TRACE :: Loader :: Mod AzzysJokers was unable to load: 
INFO - [G] 2025-04-08 10:46:50 :: TRACE :: Loader :: Mod Bakery was unable to load: 
INFO - [G] 2025-04-08 10:46:50 :: TRACE :: Loader :: Mod Buffoonery was unable to load: 
INFO - [G] 2025-04-08 10:46:50 :: TRACE :: Loader :: Mod Bunco was unable to load: 
INFO - [G] 2025-04-08 10:46:50 :: TRACE :: Loader :: Mod Cardsauce was unable to load: 
INFO - [G] 2025-04-08 10:46:50 :: TRACE :: Loader :: Mod DebugPlus was unable to load: 
INFO - [G] 2025-04-08 10:46:50 :: TRACE :: Loader :: Mod L6_luckyjimbo was unable to load: 
INFO - [G] 2025-04-08 10:46:50 :: TRACE :: Loader :: Mod Maximus was unable to load: 
INFO - [G] 2025-04-08 10:46:50 :: TRACE :: Loader :: Mod MoreFluff was unable to load: 
INFO - [G] 2025-04-08 10:46:50 :: TRACE :: Loader :: Mod Neato_Jokers was unable to load: 
INFO - [G] 2025-04-08 10:46:50 :: TRACE :: Loader :: Mod ReduxArcanum was unable to load: 
INFO - [G] 2025-04-08 10:46:50 :: TRACE :: Loader :: Mod RevosVault was unable to load: 
INFO - [G] 2025-04-08 10:46:50 :: TRACE :: Loader :: Mod SKHDecks was unable to load: 
INFO - [G] 2025-04-08 10:46:50 :: TRACE :: Loader :: Mod SnowMods was unable to load: 
INFO - [G] 2025-04-08 10:46:50 :: TRACE :: Loader :: Mod TOGAPack was unable to load: 
INFO - [G] 2025-04-08 10:46:50 :: TRACE :: Loader :: Mod Yippie was unable to load: 
INFO - [G] 2025-04-08 10:46:50 :: TRACE :: Loader :: Mod kcvanilla was unable to load: 
INFO - [G] 2025-04-08 10:46:50 :: TRACE :: Loader :: Mod paperback was unable to load: 
INFO - [G] 2025-04-08 10:46:50 :: TRACE :: Loader :: Mod sdm0sstuff was unable to load: 
INFO - [G] 2025-04-08 10:46:50 :: TRACE :: Loader :: Mod jokerhub was unable to load: 
INFO - [G] 2025-04-08 10:46:50 :: TRACE :: Loader :: Mod plantain was unable to load: 
INFO - [G] 2025-04-08 10:46:50 :: TRACE :: Loader :: Mod Prism was unable to load: 
INFO - [G] 2025-04-08 10:46:50 :: TRACE :: Loader :: Mod mistigris was unable to load: 
INFO - [G] 2025-04-08 10:46:50 :: INFO  :: TIMER :: [0000] Injected Language in 0.002 ms
INFO - [G] 2025-04-08 10:46:50 :: INFO  :: TIMER :: [0000] Injected [INTERNAL] in 1.518 ms
INFO - [G] 2025-04-08 10:46:50 :: INFO  :: TIMER :: [0022] Injected Atlas in 951.806 ms
INFO - [G] 2025-04-08 10:46:50 :: INFO  :: TIMER :: [0008] Injected Sound in 7.305 ms
INFO - [G] 2025-04-08 10:46:50 :: INFO  :: TIMER :: [0017] Injected Stake in 0.487 ms
INFO - [G] 2025-04-08 10:46:50 :: INFO  :: TIMER :: [0004] Injected Rarity in 0.112 ms
INFO - [G] 2025-04-08 10:46:50 :: INFO  :: TIMER :: [0005] Injected ObjectType in 0.075 ms
INFO - [G] 2025-04-08 10:46:50 :: INFO  :: TIMER :: [0090] Injected Center in 0.787 ms
INFO - [G] 2025-04-08 10:46:50 :: INFO  :: TIMER :: [0007] Injected Undiscovered Sprite in 0.010 ms
INFO - [G] 2025-04-08 10:46:50 :: INFO  :: TIMER :: [0044] Injected Blind in 0.158 ms
INFO - [G] 2025-04-08 10:46:50 :: INFO  :: TIMER :: [0004] Injected Seal in 0.121 ms
INFO - [G] 2025-04-08 10:46:50 :: INFO  :: TIMER :: [0004] Injected Suit in 0.197 ms
INFO - [G] 2025-04-08 10:46:50 :: INFO  :: TIMER :: [0026] Injected Rank in 0.184 ms
INFO - [G] 2025-04-08 10:46:50 :: INFO  :: TIMER :: [0028] Injected DeckSkin in 0.263 ms
INFO - [G] 2025-04-08 10:46:50 :: INFO  :: TIMER :: [0012] Injected PokerHand in 0.088 ms
INFO - [G] 2025-04-08 10:46:50 :: INFO  :: TIMER :: [0020] Injected Challenge in 0.065 ms
INFO - [G] 2025-04-08 10:46:51 :: INFO  :: TIMER :: [0000] Injected Tag in 0.001 ms
INFO - [G] 2025-04-08 10:46:51 :: INFO  :: TIMER :: [0006] Injected Sticker in 0.459 ms
INFO - [G] 2025-04-08 10:46:51 :: INFO  :: TIMER :: [0008] Injected Shader in 96.783 ms
INFO - [G] 2025-04-08 10:46:51 :: INFO  :: TIMER :: [0003] Injected Keybind in 0.014 ms
INFO - [G] 2025-04-08 10:46:51 :: INFO  :: TIMER :: [0000] Injected Achievement in 0.071 ms
INFO - [G] 2025-04-08 10:46:51 :: INFO  :: TIMER :: [0004] Injected nil in 0.015 ms
INFO - [G] 2025-04-08 10:46:51 :: INFO  :: TIMER :: [0021] Injected Draw Step in 0.045 ms
INFO - [G] 2025-04-08 10:46:51 :: INFO  :: TIMER :: [0000] Injected [INTERNAL] in 1.514 ms
INFO - [G] 2025-04-08 10:59:38 :: WARN  :: Blind :: Blind object bl_mathbl_bottom has debuff_card function, recalc_debuff is preferred
INFO - [G] 2025-04-08 10:59:38 :: WARN  :: Blind :: Blind object bl_mathbl_bottom has debuff_card function, recalc_debuff is preferred
INFO - [G] 2025-04-08 10:59:38 :: WARN  :: Blind :: Blind object bl_mathbl_bottom has debuff_card function, recalc_debuff is preferred
INFO - [G] 2025-04-08 10:59:38 :: WARN  :: Blind :: Blind object bl_mathbl_bottom has debuff_card function, recalc_debuff is preferred
INFO - [G] 2025-04-08 10:59:38 :: WARN  :: Blind :: Blind object bl_mathbl_bottom has debuff_card function, recalc_debuff is preferred
INFO - [G] 2025-04-08 10:59:38 :: WARN  :: Blind :: Blind object bl_mathbl_bottom has debuff_card function, recalc_debuff is preferred
INFO - [G] 2025-04-08 10:59:38 :: WARN  :: Blind :: Blind object bl_mathbl_bottom has debuff_card function, recalc_debuff is preferred
INFO - [G] line not found
INFO - [G] file not found: main.lua: No such file or directory
INFO - [G] file not found: main.lua: No such file or directory
INFO - [G] file not found: main.lua: No such file or directory
INFO - [G] file not found: main.lua: No such file or directory
INFO - [G] 2025-04-08 11:06:30 :: ERROR :: StackTrace :: Oops! The game crashed
main.lua:1803: [SMODS CBL "CruelBlinds.lua"]:412: attempt to compare number with table
Stack Traceback
===============
(1) Lua local 'handler' at file 'main.lua:612'
	Local variables:
	 msg = string: "main.lua:1803: [SMODS CBL \"CruelBlinds.lua\"]:412: attempt to compare number with table"
	 (*temporary) = Lua function '?' (defined at line 31 of chunk [SMODS _ "src/logging.lua"])
	 (*temporary) = string: "Oops! The game crashed\
"
(2) LÖVE function at file 'boot.lua:352' (best guess)
	Local variables:
	 errhand = Lua function '?' (defined at line 598 of chunk main.lua)
	 handler = Lua function '?' (defined at line 598 of chunk main.lua)
(3) global C function 'error'
(4) Lua upvalue 'gfep' at file 'main.lua:1803'
	Local variables:
	 success = boolean: false
	 err = string: "[SMODS CBL \"CruelBlinds.lua\"]:412: attempt to compare number with table"
(5) Lua field 'evaluate_play' at file 'main.lua:1927'
	Local variables:
	 e = nil
(6) Lua field 'func' at file 'functions/state_events.lua:531'
(7) Lua method 'handle' at file 'engine/event.lua:99'
	Local variables:
	 self = table: 0x13af8f08  {start_timer:true, timer:TOTAL, blockable:true, trigger:immediate, func:function: 0x130a3b70, delay:0, complete:false, time:3713.7159022509, blocking:true (more...)}
	 _results = table: 0x11a3e1e0  {blocking:true, pause_skip:false, time_done:false, completed:false}
(8) Lua method 'update' at file 'engine/event.lua:182'
	Local variables:
	 self = table: 0x11a3c408  {queue_last_processed:1179.0333333326, queues:table: 0x11a3c430, queue_dt:0.016666666666667, queue_timer:1179.0362659002}
	 dt = number: 0.00670482
	 forced = nil
	 (for generator) = C function: next
	 (for state) = table: 0x11a3c430  {unlock:table: 0x11a3c458, other:table: 0x11a3c8d0, tutorial:table: 0x11a3c4a8, base:table: 0x11a3c480, achievement:table: 0x11a3c8a8}
	 (for control) = number: nan
	 k = string: "base"
	 v = table: 0x11a3c480  {1:table: 0x1196d930, 2:table: 0x13801610, 3:table: 0x13af8f08, 4:table: 0x13af8fc0, 5:table: 0x11ec6a88, 6:table: 0x13945678, 7:table: 0x13c42fd0 (more...)}
	 blocked = boolean: false
	 i = number: 3
	 results = table: 0x11a3e1e0  {blocking:true, pause_skip:false, time_done:false, completed:false}
(9) Lua upvalue 'gameUpdateRef' at file 'game.lua:2559'
	Local variables:
	 self = table: 0x113515d0  {F_GUIDE:false, F_CRASH_REPORTS:false, F_QUIT_BUTTON:true, HUD_tags:table: 0x13e36610, F_ENGLISH_ONLY:false, viewed_stake:1, HUD:table: 0x11861290 (more...)}
	 dt = number: 0.00670482
	 http_resp = nil
(10) Lua upvalue 'upd' at Steamodded file 'src/ui.lua:84' 
	Local variables:
	 self = table: 0x113515d0  {F_GUIDE:false, F_CRASH_REPORTS:false, F_QUIT_BUTTON:true, HUD_tags:table: 0x13e36610, F_ENGLISH_ONLY:false, viewed_stake:1, HUD:table: 0x11861290 (more...)}
	 dt = number: 0.00670482
(11) Lua method 'update' at file 'main.lua:1781'
	Local variables:
	 self = table: 0x113515d0  {F_GUIDE:false, F_CRASH_REPORTS:false, F_QUIT_BUTTON:true, HUD_tags:table: 0x13e36610, F_ENGLISH_ONLY:false, viewed_stake:1, HUD:table: 0x11861290 (more...)}
	 dt = number: 0.00670482
(12) Lua upvalue 'oldupd' at file 'main.lua:995'
	Local variables:
	 dt = number: 0.00670482
(13) Lua field 'update' at file 'main.lua:1810'
	Local variables:
	 dt = number: 0.00670482
(14) Lua function '?' at file 'main.lua:934' (best guess)
(15) global C function 'xpcall'
(16) LÖVE function at file 'boot.lua:377' (best guess)
	Local variables:
	 func = Lua function '?' (defined at line 905 of chunk main.lua)
	 inerror = boolean: true
	 deferErrhand = Lua function '(LÖVE Function)' (defined at line 348 of chunk [love "boot.lua"])
	 earlyinit = Lua function '(LÖVE Function)' (defined at line 355 of chunk [love "boot.lua"])

INFO - [G] file not found: main.lua: No such file or directory
INFO - [G] file not found: main.lua: No such file or directory
INFO - [G] 2025-04-08 11:06:30 :: INFO  :: StackTrace :: Additional Context:
Balatro Version: 1.0.1o-FULL
Modded Version: 1.0.0~BETA-0324b-STEAMODDED
LÖVE Version: 11.5.0
Lovely Version: 0.7.1
Platform: Windows
Steamodded Mods:
    1: Too Many Decks by Squidguset [ID: SGTMD, Version: 2.2.0, Uses Lovely]
    2: Devil's Deckbox by NightFreeze [ID: DevilsDeckbox, Version: 1.0.2.1 Beta]
    3: Talisman by MathIsFun_, Mathguy24, jenwalter666, cg-223 [ID: Talisman, Version: 2.1.0~dev, Uses Lovely]
        Break Infinity: omeganum
    4: Cruel Blinds by mathguy [ID: CBL, Version: 1.4.2, Uses Lovely]
    5: Math Blinds by Bazinga_9000, tauttie [ID: MathBlinds, Version: 1.2.3, Uses Lovely]
Lovely Mods:
