INFO - [♥] Lovely 0.7.1
INFO - [♥] Game directory is at "C:\\Program Files (x86)\\Steam\\steamapps\\common\\Balatro"
INFO - [♥] Writing logs to "C:\\Users\\erikk\\AppData\\Roaming\\Balatro\\Mods\\lovely\\log"
INFO - [♥] Using mod directory at "C:\\Users\\erikk\\AppData\\Roaming\\Balatro\\Mods"
INFO - [♥] Found .lovelyignore in 'AzzysJokers-1.2.2', skipping it.
INFO - [♥] Found .lovelyignore in 'kcvanilla-master', skipping it.
INFO - [♥] Found .lovelyignore in 'luckyjimbos-main', skipping it.
INFO - [♥] Found .lovelyignore in 'Mistigris', skipping it.
INFO - [♥] Found .lovelyignore in 'MoreFluff-main', skipping it.
INFO - [♥] Found .lovelyignore in 'NeatoJokers-main', skipping it.
INFO - [♥] Found .lovelyignore in 'Plantain-main', skipping it.
INFO - [♥] Found .lovelyignore in 'Quilombo', skipping it.
INFO - [♥] Found .lovelyignore in 'SDM_0-s-Stuff-main', skipping it.
INFO - [♥] Found .lovelyignore in 'Talisman', skipping it.
INFO - [♥] Found .lovelyignore in 'TerrariaXBalatro-main', skipping it.
INFO - [♥] Found .lovelyignore in 'TOGAPackBalatro-main', skipping it.
INFO - [♥] Cleaning up dumps directory at "C:\\Users\\erikk\\AppData\\Roaming\\Balatro\\Mods\\lovely\\dump"
INFO - [♥] Initialization complete in 45ms
INFO - [♥] Applied 17 patches to 'main.lua'
INFO - [♥] Applied 6 patches to 'engine/controller.lua'
INFO - [♥] Applied 19 patches to 'back.lua'
INFO - [♥] Applied 7 patches to 'tag.lua'
INFO - [♥] Applied 1 patch to 'engine/moveable.lua'
INFO - [♥] Applied 2 patches to 'engine/sprite.lua'
INFO - [♥] Applied 2 patches to 'engine/animatedsprite.lua'
INFO - [♥] Applied 47 patches to 'functions/misc_functions.lua'
WARN - [♥] Pattern 'if to_big(G.GAME.chips) >= to_big(G.GAME.blind.chips) or G.GAME.current_round.hands_left < 1 then' on target 'game.lua' for pattern patch from Prism-main\lovely.toml resulted in no matches
WARN - [♥] Pattern 'SC = Card(G.ROOM.T.w/2 - SC_scale*G.CARD_W/2, 10. + G.ROOM.T.h/2 - SC_scale*G.CARD_H/2, SC_scale*G.CARD_W, SC_scale*G.CARD_H, G.P_CARDS.empty, G.P_CENTERS[\'j_jolly\'],{bypass_discovery_center = true, bypass_discovery_ui = true})' on target 'game.lua' for pattern patch from Prism-main\lovely.toml resulted in no matches
INFO - [♥] Applied 41 patches to 'game.lua'
INFO - [♥] Applied 1 patch to 'globals.lua'
INFO - [♥] Applied 3 patches to 'engine/ui.lua'
WARN - [♥] Pattern '{n=G.UIT.O, config={object = DynaText({string = {{ref_table = G.GAME.round_resets, ref_value = \'ante_disp\'}}, colours = {G.C.IMPORTANT},shadow = true, font = G.LANGUAGES[\'en-us\'].font, scale = scale_number(G.GAME.round_resets.ante, 2*scale, 100)}),id = \'ante_UI_count\'}},--{n=G.UIT.T, config={text = number_format(G.GAME.round_resets.ante), lang = G.LANGUAGES[\'en-us\'], scale = scale_number(G.GAME.round_resets.ante, 2*scale, 100), colour = G.C.IMPORTANT, shadow = true,id = \'ante_UI_count\'}},' on target 'functions/UI_definitions.lua' for pattern patch from SauKhongHuDecks\lovely.toml resulted in no matches
INFO - [♥] Applied 77 patches to 'functions/UI_definitions.lua'
INFO - [♥] Applied 58 patches to 'functions/state_events.lua'
INFO - [♥] Applied 108 patches to 'functions/common_events.lua'
WARN - [♥] Regex '(?<indent>[\\t ]*)voucher_pool\\[i\\+\\(j-1\\)\\*4 \\+ \\(8\\*\\(args\\.cycle_config\\.current_option - 1\\)\\)\\]\\n[\\s\\S]{6}if not center then break end\\n[\\s\\S]{6}local card = Card\\(G\\.your_collection\\[j\\]\\.T\\.x \\+ G\\.your_collection\\[j\\]\\.T\\.w\\/2, G\\.your_collection\\[j\\]\\.T\\.y, G\\.CARD_W, G\\.CARD_H, G\\.P_CARDS\\.empty, center\\)' on target 'functions/button_callbacks.lua' for regex patch from Flower-Pot-main\lovely\stat_type.toml resulted in no matches
INFO - [♥] Applied 52 patches to 'functions/button_callbacks.lua'
WARN - [♥] Pattern 'if G.GAME.blind and G.GAME.blind.in_blind then G.E_MANAGER:add_event(Event({ func = function() G.GAME.blind:set_blind(nil, true, nil); return true end })) end' on target 'card.lua' for pattern patch from smods-main\lovely\calculate_card_added.toml resulted in 2 matches, wanted 1
WARN - [♥] Ignoring excess matches
INFO - [♥] Applied 155 patches to 'card.lua'
INFO - [♥] Applied 9 patches to 'cardarea.lua'
INFO - [♥] Applied 36 patches to 'blind.lua'
INFO - [♥] Applied 2 patches to 'engine/text.lua'
INFO - [♥] Applied 3 patches to 'challenges.lua'
INFO - [♥] Applied 1 patch to '=[SMODS _ "src/ui.lua"]'
INFO - [♥] Applied 2 patches to '=[SMODS _ "src/utils.lua"]'
INFO - [G] Failed to connect to the debug server
INFO - [G] 2025-04-15 09:32:14 :: DEBUG :: DebugConsole :: Steamodded Debug Socket started !
INFO - [G] 2025-04-15 09:32:14 :: INFO  :: SMODS :: Steamodded v1.0.0~BETA-0324b
INFO - [♥] Applied 9 patches to 'engine/sound_manager.lua'
INFO - [♥] Applied 1 patch to 'engine/save_manager.lua'
INFO - [G] 2025-04-15 09:32:16 :: TRACE :: Loader :: Processing Mod file (Legacy header): Azazel.lua
INFO - [G] 2025-04-15 09:32:16 :: TRACE :: Loader :: Saving Mod Info: AzzysJokers
INFO - [G] 2025-04-15 09:32:16 :: INFO  :: Loader :: Valid JSON file found
INFO - [G] 2025-04-15 09:32:16 :: INFO  :: Loader :: Valid JSON file found
INFO - [G] 2025-04-15 09:32:16 :: INFO  :: Loader :: Valid JSON file found
INFO - [G] 2025-04-15 09:32:16 :: INFO  :: Loader :: Valid JSON file found
INFO - [G] 2025-04-15 09:32:16 :: TRACE :: Loader :: Processing Mod file (Legacy header): MoreFluff.lua
INFO - [G] 2025-04-15 09:32:16 :: TRACE :: Loader :: Saving Mod Info: MoreFluff
INFO - [G] 2025-04-15 09:32:16 :: INFO  :: Loader :: Valid JSON file found
INFO - [G] 2025-04-15 09:32:16 :: INFO  :: Loader :: Valid JSON file found
INFO - [G] 2025-04-15 09:32:16 :: INFO  :: Loader :: Valid JSON file found
INFO - [G] 2025-04-15 09:32:16 :: INFO  :: Loader :: Valid JSON file found
INFO - [G] 2025-04-15 09:32:16 :: INFO  :: Loader :: Valid JSON file found
INFO - [G] 2025-04-15 09:32:16 :: TRACE :: Loader :: Processing Mod file (Legacy header): main.lua
INFO - [G] 2025-04-15 09:32:16 :: TRACE :: Loader :: Saving Mod Info: sdm0sstuff
INFO - [G] 2025-04-15 09:32:16 :: ERROR :: Loader :: Found invalid metadata JSON file at C:\Users\erikk\AppData\Roaming\Balatro\Mods/SauKhongHuDecks/.vscode/settings.json, ignoring: [SMODS _ "src/loader.lua"]:226: id
INFO - [G] 2025-04-15 09:32:16 :: INFO  :: Loader :: Valid JSON file found
INFO - [G] 2025-04-15 09:32:16 :: INFO  :: Loader :: Valid JSON file found
INFO - [G] 2025-04-15 09:32:16 :: TRACE :: Loader :: Processing Mod file (Legacy header): steamodded_metadata.lua
INFO - [G] 2025-04-15 09:32:16 :: TRACE :: Loader :: Saving Mod Info: Talisman
INFO - [G] 2025-04-15 09:32:16 :: INFO  :: Loader :: Valid JSON file found
INFO - [G] 2025-04-15 09:32:16 :: ERROR :: Loader :: Found invalid metadata JSON file at C:\Users\erikk\AppData\Roaming\Balatro\Mods/TooManyDecks-main/.vscode/settings.json, ignoring: [SMODS _ "src/loader.lua"]:226: id
INFO - [G] 2025-04-15 09:32:16 :: INFO  :: Loader :: Valid JSON file found
INFO - [G] 2025-04-15 09:32:16 :: INFO  :: Loader :: Valid JSON file found
INFO - [G] 2025-04-15 09:32:16 :: INFO  :: Loader :: Valid JSON file found
INFO - [G] 2025-04-15 09:32:16 :: TRACE :: Loader :: Mod AzzysJokers was unable to load: 
INFO - [G] 2025-04-15 09:32:16 :: TRACE :: Loader :: Mod L6_luckyjimbo was unable to load: 
INFO - [G] 2025-04-15 09:32:16 :: TRACE :: Loader :: Mod MoreFluff was unable to load: Missing Dependencies: 1: Talisman>=2.0.0


INFO - [G] 2025-04-15 09:32:16 :: TRACE :: Loader :: Mod Neato_Jokers was unable to load: 
INFO - [G] 2025-04-15 09:32:16 :: INFO  :: SKHDecks :: The library file assets.lua has been loaded!
INFO - [G] 2025-04-15 09:32:16 :: INFO  :: SKHDecks :: The library file functions.lua has been loaded!
INFO - [G] 2025-04-15 09:32:16 :: INFO  :: SKHDecks :: The item file divine_entity.lua has been loaded!
INFO - [G] 2025-04-15 09:32:16 :: INFO  :: SKHDecks :: The item file forgotten_sin.lua has been loaded!
INFO - [G] 2025-04-15 09:32:16 :: INFO  :: SKHDecks :: The item file heavenly_virtue.lua has been loaded!
INFO - [G] 2025-04-15 09:32:16 :: INFO  :: SKHDecks :: The item file deadly_sin.lua has been loaded!
INFO - [G] 2025-04-15 09:32:16 :: INFO  :: SKHDecks :: The item file forgotten_virtue.lua has been loaded!
INFO - [G] 2025-04-15 09:32:16 :: TRACE :: Loader :: Mod TOGAPack was unable to load: 
INFO - [G] 2025-04-15 09:32:16 :: TRACE :: Loader :: Mod Talisman was unable to load: 
INFO - [G] 2025-04-15 09:32:16 :: TRACE :: Loader :: Mod TerrariaXBalatro was unable to load: 
INFO - [G] 2025-04-15 09:32:16 :: TRACE :: Loader :: Mod kcvanilla was unable to load: 
INFO - [G] 2025-04-15 09:32:16 :: TRACE :: Loader :: Mod sdm0sstuff was unable to load: 
INFO - [G] 2025-04-15 09:32:16 :: TRACE :: Loader :: Mod plantain was unable to load: 
INFO - [G] 2025-04-15 09:32:16 :: TRACE :: Loader :: Mod quilombo was unable to load: 
INFO - [G] 2025-04-15 09:32:16 :: TRACE :: Loader :: Mod mistigris was unable to load: 
INFO - [G] 2025-04-15 09:32:16 :: WARN  :: Atlas :: Detected duplicate register call on object draft_modicon
INFO - [G] 2025-04-15 09:32:16 :: INFO  :: TIMER :: [0000] Injected Language in 0.001 ms
INFO - [G] 2025-04-15 09:32:16 :: INFO  :: TIMER :: [0000] Injected [INTERNAL] in 1.561 ms
INFO - [G] 2025-04-15 09:32:17 :: INFO  :: TIMER :: [0040] Injected Atlas in 1408.426 ms
INFO - [G] 2025-04-15 09:32:17 :: INFO  :: TIMER :: [0014] Injected Sound in 8.983 ms
INFO - [G] 2025-04-15 09:32:17 :: INFO  :: TIMER :: [0009] Injected Stake in 0.298 ms
INFO - [G] 2025-04-15 09:32:17 :: INFO  :: TIMER :: [0004] Injected Rarity in 0.026 ms
INFO - [G] 2025-04-15 09:32:17 :: INFO  :: TIMER :: [0013] Injected ObjectType in 0.131 ms
INFO - [G] 2025-04-15 09:32:17 :: INFO  :: TIMER :: [0287] Injected Center in 2.600 ms
INFO - [G] 2025-04-15 09:32:17 :: INFO  :: TIMER :: [0010] Injected Undiscovered Sprite in 0.047 ms
INFO - [G] 2025-04-15 09:32:17 :: INFO  :: TIMER :: [0006] Injected Blind in 0.034 ms
INFO - [G] 2025-04-15 09:32:17 :: INFO  :: TIMER :: [0006] Injected Seal in 0.232 ms
INFO - [G] 2025-04-15 09:32:17 :: INFO  :: TIMER :: [0004] Injected Suit in 0.217 ms
INFO - [G] 2025-04-15 09:32:17 :: INFO  :: TIMER :: [0026] Injected Rank in 0.236 ms
INFO - [G] 2025-04-15 09:32:17 :: INFO  :: TIMER :: [0028] Injected DeckSkin in 0.281 ms
INFO - [G] 2025-04-15 09:32:17 :: INFO  :: TIMER :: [0012] Injected PokerHand in 0.096 ms
INFO - [G] 2025-04-15 09:32:17 :: INFO  :: TIMER :: [0022] Injected Challenge in 0.078 ms
INFO - [G] 2025-04-15 09:32:17 :: INFO  :: TIMER :: [0007] Injected Tag in 0.030 ms
INFO - [G] 2025-04-15 09:32:17 :: INFO  :: TIMER :: [0004] Injected Sticker in 0.116 ms
INFO - [G] 2025-04-15 09:32:18 :: INFO  :: TIMER :: [0009] Injected Shader in 370.520 ms
INFO - [G] 2025-04-15 09:32:18 :: INFO  :: TIMER :: [0003] Injected Keybind in 0.014 ms
INFO - [G] 2025-04-15 09:32:18 :: INFO  :: TIMER :: [0000] Injected Achievement in 0.207 ms
INFO - [G] 2025-04-15 09:32:18 :: INFO  :: TIMER :: [0004] Injected nil in 0.016 ms
INFO - [G] 2025-04-15 09:32:18 :: INFO  :: TIMER :: [0021] Injected Draw Step in 0.088 ms
INFO - [G] 2025-04-15 09:32:18 :: INFO  :: TIMER :: [0000] Injected [INTERNAL] in 11.466 ms
