INFO - [♥] Lovely 0.7.1
INFO - [♥] Game directory is at "C:\\Program Files (x86)\\Steam\\steamapps\\common\\Balatro"
INFO - [♥] Writing logs to "C:\\Users\\erikk\\AppData\\Roaming\\Balatro\\Mods\\lovely\\log"
INFO - [♥] Using mod directory at "C:\\Users\\erikk\\AppData\\Roaming\\Balatro\\Mods"
INFO - [♥] Found .lovelyignore in 'Balatro-Draft-main', skipping it.
INFO - [♥] Found .lovelyignore in 'BalatroBeyond-main', skipping it.
INFO - [♥] Found .lovelyignore in 'Extreme Deck', skipping it.
INFO - [♥] Found .lovelyignore in 'FemtoLabsCollection-master', skipping it.
INFO - [♥] Found .lovelyignore in 'GARBSHIT-main', skipping it.
INFO - [♥] Found .lovelyignore in 'SDM_0-s-Stuff-main', skipping it.
INFO - [♥] Found .lovelyignore in 'TOGAPackBalatro-main', skipping it.
INFO - [♥] Found .lovelyignore in 'TooManyDecks-main', skipping it.
WARN - [♥] Unknown key `patches.21.?.match_indent` found in patch file at "C:\\Users\\erikk\\AppData\\Roaming\\Balatro\\Mods\\Cryptid-main\\lovely\\code.toml", ignoring it
WARN - [♥] Unknown key `patches.18.?.overwrite` found in patch file at "C:\\Users\\erikk\\AppData\\Roaming\\Balatro\\Mods\\HandyBalatro-main\\lovely.toml", ignoring it
WARN - [♥] Unknown key `patches.49.?.match_indent` found in patch file at "C:\\Users\\erikk\\AppData\\Roaming\\Balatro\\Mods\\Talisman\\lovely.toml", ignoring it
WARN - [♥] Unknown key `patches.52.?.match_indent` found in patch file at "C:\\Users\\erikk\\AppData\\Roaming\\Balatro\\Mods\\Talisman\\lovely.toml", ignoring it
INFO - [♥] Cleaning up dumps directory at "C:\\Users\\erikk\\AppData\\Roaming\\Balatro\\Mods\\lovely\\dump"
INFO - [♥] Initialization complete in 1585ms
INFO - [♥] Applied 1 patch to 'conf.lua'
WARN - [♥] Pattern 'G.ARGS.score_intensity.organ = G.video_organ or G.ARGS.score_intensity.required_score > 0 and math.max(math.min(0.4, 0.1*math.log(G.ARGS.score_intensity.earned_score/(G.ARGS.score_intensity.required_score+1), 5)),0.) or 0' on target 'main.lua' for pattern patch from Talisman\lovely.toml resulted in no matches
WARN - [♥] Pattern 'if type(G.GAME.current_round.current_hand.chips) ~= \'number\' or type(G.GAME.current_round.current_hand.mult) ~= \'number\' then' on target 'main.lua' for pattern patch from Talisman\lovely.toml resulted in no matches
INFO - [♥] Applied 36 patches to 'main.lua'
INFO - [♥] Applied 2 patches to 'engine/string_packer.lua'
INFO - [♥] Applied 19 patches to 'engine/controller.lua'
INFO - [♥] Applied 18 patches to 'back.lua'
WARN - [♥] Pattern 'local tag_sprite = Sprite(0,0,_size*1,_size*1,G.ASSET_ATLAS[(not self.hide_ability) and G.P_TAGS[self.key].atlas or \"tags\"], (self.hide_ability) and G.tag_undiscovered.pos or self.pos)' on target 'tag.lua' for pattern patch from Cryptid-main\lovely\cat.toml resulted in no matches
INFO - [♥] Applied 20 patches to 'tag.lua'
INFO - [♥] Applied 1 patch to 'engine/event.lua'
INFO - [♥] Applied 2 patches to 'engine/node.lua'
INFO - [♥] Applied 3 patches to 'engine/moveable.lua'
INFO - [♥] Applied 3 patches to 'engine/sprite.lua'
INFO - [♥] Applied 2 patches to 'engine/animatedsprite.lua'
WARN - [♥] Pattern 'assembled_string = assembled_string..(type(subpart) == \'string\' and subpart or args.vars[tonumber(subpart[1])] or \'ERROR\')' on target 'functions/misc_functions.lua' for pattern patch from Talisman\lovely.toml resulted in no matches
INFO - [♥] Applied 66 patches to 'functions/misc_functions.lua'
WARN - [♥] Pattern 'for i = 1, 2 do' on target 'game.lua' for pattern patch from Cryptid-main\lovely\stake.toml resulted in no matches
WARN - [♥] Pattern 'create_shop_card_ui(card, \'Voucher\', G.shop_vouchers)' on target 'game.lua' for pattern patch from Cryptid-main\lovely\stake.toml resulted in no matches
WARN - [♥] Pattern 'self.GAME.current_round.voucher = G.SETTINGS.tutorial_progress and G.SETTINGS.tutorial_progress.forced_voucher or SMODS.get_next_vouchers()' on target 'game.lua' for pattern patch from Cryptid-main\lovely\very_fair.toml resulted in no matches
WARN - [♥] Pattern 'Cryptid.profile_prefix = \"M\"' on target 'game.lua' for pattern patch from Entropy-main\lovely\game.toml resulted in no matches
WARN - [♥] Pattern 'self.GAME.current_round.voucher = G.SETTINGS.tutorial_progress and G.SETTINGS.tutorial_progress.forced_voucher or get_next_voucher_key()' on target 'game.lua' for pattern patch from Cryptid-main\lovely\Voucher.toml resulted in no matches
WARN - [♥] Regex 'card\\:start_materialize\\(\\)\\n\\s+G\\.shop_vouchers\\:emplace\\(card\\)\\n\\s+end' on target 'game.lua' for regex patch from Cryptid-main\lovely\Voucher.toml resulted in no matches
INFO - [♥] Applied 113 patches to 'game.lua'
INFO - [♥] Applied 2 patches to 'globals.lua'
INFO - [♥] Applied 7 patches to 'engine/ui.lua'
WARN - [♥] Pattern 'G.GAME.shop.joker_max*1.02*G.CARD_W,' on target 'functions/UI_definitions.lua' for pattern patch from Cryptid-main\lovely\equilibrium.toml resulted in no matches
WARN - [♥] Pattern 'local stake_sprite = get_stake_sprite(G.GAME.stake or 1, 0.4)\n    blind_text[#blind_text + 1] =' on target 'functions/UI_definitions.lua' for pattern patch from Balatro-Aikoyoris-Shenanigans-main\lovely\ui.toml resulted in no matches
WARN - [♥] Pattern '{n=G.UIT.T, config={text = G.GAME.hands[handname].chips, scale = 0.45, colour = G.C.UI.TEXT_LIGHT}},' on target 'functions/UI_definitions.lua' for pattern patch from Talisman\lovely.toml resulted in no matches
WARN - [♥] Pattern '{n=G.UIT.T, config={text = G.GAME.hands[handname].mult, scale = 0.45, colour = G.C.UI.TEXT_LIGHT}}' on target 'functions/UI_definitions.lua' for pattern patch from Talisman\lovely.toml resulted in no matches
WARN - [♥] Pattern '{n=G.UIT.O, config={object = DynaText({string = {{ref_table = G.GAME.round_resets, ref_value = \'ante\'}}, colours = {G.C.IMPORTANT},shadow = true, font = G.LANGUAGES[\'en-us\'].font, scale = 2*scale}),id = \'ante_UI_count\'}},' on target 'functions/UI_definitions.lua' for pattern patch from Talisman\lovely.toml resulted in no matches
INFO - [♥] Applied 142 patches to 'functions/UI_definitions.lua'
WARN - [♥] Pattern 'ease_to = G.GAME.chips + math.floor(hand_chips * mult) * (e and e.antiscore and -1 or 1),' on target 'functions/state_events.lua' for pattern patch from Cryptid-main\lovely\blind.toml resulted in no matches
WARN - [♥] Pattern 'if reps[j] ~= 1 then' on target 'functions/state_events.lua' for pattern patch from Cryptid-main\lovely\misc.toml resulted in no matches
WARN - [♥] Pattern 'for i=1, #G.jokers.cards + #G.consumeables.cards do' on target 'functions/state_events.lua' for pattern patch from Cryptid-main\lovely\misc.toml resulted in no matches
WARN - [♥] Pattern 'local effects = {[1] = {playing_card = G.hand.cards[i]:get_end_of_round_effect()}}' on target 'functions/state_events.lua' for pattern patch from Cryptid-main\lovely\stake.toml resulted in no matches
WARN - [♥] Pattern 'G.GAME.current_round.voucher = get_next_voucher_key()' on target 'functions/state_events.lua' for pattern patch from Cryptid-main\lovely\sticker.toml resulted in no matches
WARN - [♥] Pattern 'update_hand_text({delay = 0}, {chips = extras.hand_chips and hand_chips, mult = extras.mult and mult})' on target 'functions/state_events.lua' for pattern patch from Entropy-main\lovely\eqmult.toml resulted in no matches
WARN - [♥] Pattern 'G.GAME.current_round.voucher = get_next_voucher_key()' on target 'functions/state_events.lua' for pattern patch from Cryptid-main\lovely\Voucher.toml resulted in no matches
WARN - [♥] Pattern 'if effects[ii].card then' on target 'functions/state_events.lua' for pattern patch from Talisman\lovely.toml resulted in no matches
WARN - [♥] Pattern 'if effects.jokers.Xmult_mod then mult = mod_mult(mult*effects.jokers.Xmult_mod);extras.mult = true  end' on target 'functions/state_events.lua' for pattern patch from Talisman\lovely.toml resulted in no matches
WARN - [♥] Pattern 'if effect.Xmult_mod then mult = mod_mult(mult*effect.Xmult_mod);extras.mult = true  end' on target 'functions/state_events.lua' for pattern patch from Talisman\lovely.toml resulted in no matches
WARN - [♥] Pattern 'if effects[ii].message then' on target 'functions/state_events.lua' for pattern patch from Talisman\lovely.toml resulted in no matches
WARN - [♥] Pattern '--calculate the card edition effects' on target 'functions/state_events.lua' for pattern patch from Talisman\lovely.toml resulted in no matches
WARN - [♥] Pattern 'if effects[ii].edition.p_dollars_mod then' on target 'functions/state_events.lua' for pattern patch from Talisman\lovely.toml resulted in no matches
WARN - [♥] Pattern 'if edition_effects.jokers.x_mult_mod then' on target 'functions/state_events.lua' for pattern patch from Talisman\lovely.toml resulted in no matches
WARN - [♥] Pattern 'if SMODS.has_enhancement(scoring_hand[i], \'m_glass\') and not scoring_hand[i].debuff and pseudorandom(\'glass\') < G.GAME.probabilities.normal/(scoring_hand[i].ability.name == \'Glass Card\' and scoring_hand[i].ability.extra or G.P_CENTERS.m_glass.config.extra) then' on target 'functions/state_events.lua' for pattern patch from Cryptid-main\lovely\Probability.toml resulted in no matches
WARN - [♥] Regex '(?<indent>[\\t ]*)if destroyed then \\n' on target 'functions/state_events.lua' for regex patch from Cryptid-main\lovely\seal.toml resulted in no matches
INFO - [♥] Applied 94 patches to 'functions/state_events.lua'
WARN - [♥] Pattern '{n=G.UIT.T, config={text = localize(\'$\')..config.dollars, scale = 1.2*scale, colour = G.C.WHITE, shadow = true, juice = true}}' on target 'functions/common_events.lua' for pattern patch from Cryptid-main\lovely\code.toml resulted in no matches
WARN - [♥] Pattern 'G.shop_jokers.T.w = G.GAME.shop.joker_max*1.01*G.CARD_W' on target 'functions/common_events.lua' for pattern patch from Cryptid-main\lovely\equilibrium.toml resulted in no matches
WARN - [♥] Pattern 'function generate_card_ui(_c, full_UI_table, specific_vars, card_type, badges, hide_desc, main_start, main_end)' on target 'functions/common_events.lua' for pattern patch from Cryptid-main\lovely\lib_misc.toml resulted in no matches
WARN - [♥] Pattern 'elseif v.boss.showdown and (G.GAME.round_resets.ante)%G.GAME.win_ante == 0 and G.GAME.round_resets.ante >= 2 then' on target 'functions/common_events.lua' for pattern patch from Cryptid-main\lovely\stake.toml resulted in no matches
WARN - [♥] Pattern '(self.ability.set == \'Voucher\' and {G.C.SECONDARY_SET.Voucher, G.C.CLEAR}) or ' on target 'functions/common_events.lua' for pattern patch from Entropy-main\lovely\dissolve_colours.toml resulted in no matches
WARN - [♥] Pattern '{n=G.UIT.O, config={object = DynaText({string = {\' \'..localize(\'ph_mr_bones\')..\' \'}, colours = {G.C.FILTER}, shadow = true, pop_in = 0, scale = 0.5*scale, silent = true})}}' on target 'functions/common_events.lua' for pattern patch from Entropy-main\lovely\never_lose.toml resulted in no matches
WARN - [♥] Pattern '{n=G.UIT.O, config={object = DynaText({string = {localize(\'$\')..num_dollars}, colours = {G.C.MONEY}, shadow = true, pop_in = 0, scale = 0.65, float = true})}}' on target 'functions/common_events.lua' for pattern patch from Entropy-main\lovely\rcode.toml resulted in no matches
WARN - [♥] Pattern '{n=G.UIT.O, config={object = DynaText({string = {localize(\'$\')..num_dollars}, colours = {G.C.RED}, shadow = true, pop_in = 0, scale = 0.65, float = true})}}' on target 'functions/common_events.lua' for pattern patch from Entropy-main\lovely\rcode.toml resulted in no matches
WARN - [♥] Regex 'localize\\(\'ph_mr_bones\'\\)..\' \'\\}, colours = \\{G.C.FILTER' on target 'functions/common_events.lua' for regex patch from Cryptid-main\lovely\code.toml resulted in no matches
WARN - [♥] Pattern 'if not v.config.softlock then\n    softlocked = softlocked' on target 'functions/common_events.lua' for pattern patch from Balatro-Aikoyoris-Shenanigans-main\lovely\planets.toml resulted in no matches
WARN - [♥] Pattern '                    if (not v.config.softlock or G.GAME.hands[v.config.hand_type].played > 0) then\n                        add = true\n                    end' on target 'functions/common_events.lua' for pattern patch from Balatro-Aikoyoris-Shenanigans-main\lovely\planets.toml resulted in no matches
WARN - [♥] Pattern '                    if (not v.config.softlock or G.GAME.hands[v.config.hand_type].played > 0) then\n                        add = true\n                    end' on target 'functions/common_events.lua' for pattern patch from Balatro-Aikoyoris-Shenanigans-main\lovely\planets.toml resulted in no matches
WARN - [♥] Pattern 'if num_dollars > 60 then' on target 'functions/common_events.lua' for pattern patch from Talisman\lovely.toml resulted in no matches
WARN - [♥] Pattern 'func = (function() if eval_func(card) then if not first or first then card:juice_up(0.1, 0.1) end;juice_card_until(card, eval_func, nil, 0.8) end return true end)' on target 'functions/common_events.lua' for pattern patch from Talisman\lovely.toml resulted in no matches
INFO - [♥] Applied 201 patches to 'functions/common_events.lua'
WARN - [♥] Pattern '    if #G.hand.highlighted <= 0 or G.GAME.blind.block_play or #G.hand.highlighted > 5 then ' on target 'functions/button_callbacks.lua' for pattern patch from Balatro-Aikoyoris-Shenanigans-main\lovely\selectionlimit.toml resulted in no matches
WARN - [♥] Pattern 'if ((G.GAME.dollars-G.GAME.bankrupt_at) - 10 >= 0) and' on target 'functions/button_callbacks.lua' for pattern patch from Talisman\lovely.toml resulted in no matches
WARN - [♥] Regex '(?<indent>[\\t ]*)voucher_pool\\[i\\+\\(j-1\\)\\*4 \\+ \\(8\\*\\(args\\.cycle_config\\.current_option - 1\\)\\)\\]\\n[\\s\\S]{6}if not center then break end\\n[\\s\\S]{6}local card = Card\\(G\\.your_collection\\[j\\]\\.T\\.x \\+ G\\.your_collection\\[j\\]\\.T\\.w\\/2, G\\.your_collection\\[j\\]\\.T\\.y, G\\.CARD_W, G\\.CARD_H, G\\.P_CARDS\\.empty, center\\)' on target 'functions/button_callbacks.lua' for regex patch from Flower-Pot-main\lovely\stat_type.toml resulted in no matches
INFO - [♥] Applied 79 patches to 'functions/button_callbacks.lua'
WARN - [♥] Pattern '*then G.E_MANAGER:add_event(Event({ func = function() G.GAME.blind:set_blind(nil, true, nil); return true end })) end' on target 'card.lua' for pattern patch from smods-main\lovely\calculate_card_added.toml resulted in 2 matches, wanted 1
WARN - [♥] Ignoring excess matches
WARN - [♥] Pattern 'if not initial then G.GAME.blind:debuff_card(self) end' on target 'card.lua' for pattern patch from Cryptid-main\lovely\lib_misc.toml resulted in no matches
WARN - [♥] Pattern 'if self.ability.name == \'Campfire\' and G.GAME.blind.boss and not (G.GAME.blind.config and G.GAME.blind.config.bonus) and self.ability.x_mult > 1 then' on target 'card.lua' for pattern patch from Cryptid-main\lovely\misc.toml resulted in no matches
WARN - [♥] Pattern 'if self.ability.name:find(\'Arcana\') then' on target 'card.lua' for pattern patch from Cryptid-main\lovely\misprint.toml resulted in no matches
WARN - [♥] Pattern 'if self.ability.name == \'The Hermit\' or self.ability.consumeable.hand_type or self.ability.name == \'Temperance\' or self.ability.name == \'Black Hole\' then' on target 'card.lua' for pattern patch from Cryptid-main\lovely\stake.toml resulted in no matches
WARN - [♥] Pattern 'if self.ability.queue_negative_removal then' on target 'card.lua' for pattern patch from Cryptid-main\lovely\sticker.toml resulted in no matches
WARN - [♥] Pattern '    return generate_card_ui(self.config.center, nil, loc_vars, card_type, badges, hide_desc, main_start, main_end)' on target 'card.lua' for pattern patch from Balatro-Aikoyoris-Shenanigans-main\lovely\localization.toml resulted in no matches
WARN - [♥] Pattern 'G.GAME.current_round.voucher = nil' on target 'card.lua' for pattern patch from Cryptid-main\lovely\Voucher.toml resulted in no matches
WARN - [♥] Pattern 'if G.GAME.blind then G.E_MANAGER:add_event(Event({ func = function() G.GAME.blind:set_blind(nil, true, nil); return true end })) end' on target 'card.lua' for pattern patch from Talisman\lovely.toml resulted in no matches
WARN - [♥] Pattern 'x_mult = center.config.Xmult or 1,' on target 'card.lua' for pattern patch from Talisman\lovely.toml resulted in no matches
WARN - [♥] Pattern 'elseif self.ability.name == \'Business Card\' then loc_vars = {\'\'..(G.GAME and G.GAME.probabilities.normal or 1), self.ability.extra}' on target 'card.lua' for pattern patch from Cryptid-main\lovely\Probability.toml resulted in no matches
WARN - [♥] Pattern 'pseudorandom(\'business\') < G.GAME.probabilities.normal/self.ability.extra then' on target 'card.lua' for pattern patch from Cryptid-main\lovely\Probability.toml resulted in no matches
WARN - [♥] Pattern 'local currentBack = self.params.viewed_back and G.GAME.viewed_back or G.GAME.selected_back' on target 'card.lua' for pattern patch from Galdur-master\lovely.toml resulted in no matches
INFO - [♥] Applied 283 patches to 'card.lua'
WARN - [♥] Pattern 'if card.edition.card_limit == -1 and #G.hand.cards < G.hand.config.card_limit then' on target 'cardarea.lua' for pattern patch from Entropy-main\lovely\hsize_mult.toml resulted in no matches
WARN - [♥] Pattern '    self.config.highlighted_limit = config.highlight_limit or 5' on target 'cardarea.lua' for pattern patch from Balatro-Aikoyoris-Shenanigans-main\lovely\selectionlimit.toml resulted in no matches
INFO - [♥] Applied 25 patches to 'cardarea.lua'
WARN - [♥] Pattern 'self.chips = get_blind_amount(G.GAME.round_resets.ante)*self.mult*G.GAME.starting_params.ante_scaling' on target 'blind.lua' for pattern patch from Entropy-main\lovely\game.toml resulted in no matches
WARN - [♥] Pattern 'self.chips = get_blind_amount(G.GAME.round_resets.ante)*self.mult*G.GAME.starting_params.ante_scaling' on target 'blind.lua' for pattern patch from Entropy-main\lovely\game.toml resulted in no matches
INFO - [♥] Applied 43 patches to 'blind.lua'
INFO - [♥] Applied 3 patches to 'card_character.lua'
INFO - [♥] Applied 5 patches to 'engine/text.lua'
INFO - [♥] Applied 1 patch to '=[SMODS _ "src/ui.lua"]'
INFO - [♥] Applied 3 patches to '=[SMODS _ "src/utils.lua"]'
INFO - [♥] Applied 7 patches to '=[SMODS _ "src/overrides.lua"]'
INFO - [♥] Applied 3 patches to '=[SMODS _ "src/game_object.lua"]'
INFO - [G] Failed to connect to the debug server
INFO - [G] 2025-05-03 14:12:21 :: DEBUG :: DebugConsole :: Steamodded Debug Socket started !
INFO - [G] 2025-05-03 14:12:21 :: INFO  :: SMODS :: Steamodded v1.0.0~BETA-0427a
INFO - [♥] Applied 9 patches to 'engine/sound_manager.lua'
INFO - [♥] Applied 3 patches to 'engine/save_manager.lua'
INFO - [♥] Applied 2 patches to 'engine/string_packer.lua'
INFO - [♥] Applied 4 patches to '=[SMODS _ "src/card_draw.lua"]'
INFO - [G] 2025-05-03 14:12:24 :: ERROR :: Loader :: Found invalid metadata JSON file at C:\Users\erikk\AppData\Roaming\Balatro\Mods/Balatro-Aikoyoris-Shenanigans-main/.luarc.json, ignoring: [SMODS _ "src/loader.lua"]:226: id
INFO - [G] 2025-05-03 14:12:24 :: ERROR :: Loader :: Found invalid metadata JSON file at C:\Users\erikk\AppData\Roaming\Balatro\Mods/Balatro-Aikoyoris-Shenanigans-main/.vscode/settings.json, ignoring: [SMODS _ "src/loader.lua"]:226: id
INFO - [G] 2025-05-03 14:12:24 :: INFO  :: Loader :: Valid JSON file found
INFO - [G] 2025-05-03 14:12:24 :: INFO  :: Loader :: Valid JSON file found
INFO - [G] 2025-05-03 14:12:24 :: INFO  :: Loader :: Valid JSON file found
INFO - [G] 2025-05-03 14:12:24 :: TRACE :: Loader :: Processing Mod file (Legacy header): main.lua
INFO - [G] 2025-05-03 14:12:24 :: WARN  :: Loader :: Duplicate Mod ID: bb
INFO - [G] 2025-05-03 14:12:24 :: INFO  :: Loader :: Valid JSON file found
INFO - [G] 2025-05-03 14:12:24 :: INFO  :: Loader :: Valid JSON file found
INFO - [G] 2025-05-03 14:12:25 :: INFO  :: Loader :: Valid JSON file found
INFO - [G] 2025-05-03 14:12:25 :: ERROR :: Loader :: Found invalid metadata JSON file at C:\Users\erikk\AppData\Roaming\Balatro\Mods/Entropy-main/.vscode/settings.json, ignoring: [SMODS _ "src/loader.lua"]:226: id
INFO - [G] 2025-05-03 14:12:25 :: INFO  :: Loader :: Valid JSON file found
INFO - [G] 2025-05-03 14:12:25 :: INFO  :: Loader :: Valid JSON file found
INFO - [G] 2025-05-03 14:12:25 :: INFO  :: Loader :: Valid JSON file found
INFO - [G] 2025-05-03 14:12:25 :: INFO  :: Loader :: Valid JSON file found
INFO - [G] 2025-05-03 14:12:25 :: INFO  :: Loader :: Valid JSON file found
INFO - [G] 2025-05-03 14:12:25 :: INFO  :: Loader :: Valid JSON file found
INFO - [G] 2025-05-03 14:12:25 :: INFO  :: Loader :: Valid JSON file found
INFO - [G] 2025-05-03 14:12:25 :: TRACE :: Loader :: Processing Mod file (Legacy header): steamodded.lua
INFO - [G] 2025-05-03 14:12:25 :: WARN  :: Loader :: Duplicate Mod ID: Handy
INFO - [G] 2025-05-03 14:12:25 :: TRACE :: Loader :: Processing Mod file (Legacy header): main.lua
INFO - [G] 2025-05-03 14:12:25 :: TRACE :: Loader :: Saving Mod Info: sdm0sstuff
INFO - [G] 2025-05-03 14:12:25 :: INFO  :: Loader :: Valid JSON file found
INFO - [G] 2025-05-03 14:12:25 :: TRACE :: Loader :: Processing Mod file (Legacy header): steamodded_metadata.lua
INFO - [G] 2025-05-03 14:12:25 :: TRACE :: Loader :: Saving Mod Info: Talisman
INFO - [G] 2025-05-03 14:12:25 :: ERROR :: Loader :: Found invalid metadata JSON file at C:\Users\erikk\AppData\Roaming\Balatro\Mods/TooManyDecks-main/.vscode/settings.json, ignoring: [SMODS _ "src/loader.lua"]:226: id
INFO - [G] 2025-05-03 14:12:25 :: INFO  :: Loader :: Valid JSON file found
INFO - [G] 2025-05-03 14:12:26 :: TRACE :: Loader :: Mod bb was unable to load: 
INFO - [G] 2025-05-03 14:12:26 :: TRACE :: Loader :: Mod ExtremeDecks was unable to load: 
INFO - [G] 2025-05-03 14:12:26 :: TRACE :: Loader :: Mod GARBPACK was unable to load: 
INFO - [G] 2025-05-03 14:12:26 :: TRACE :: Loader :: Mod TOGAPack was unable to load: 
INFO - [G] 2025-05-03 14:12:26 :: TRACE :: Loader :: Mod sdm0sstuff was unable to load: 
INFO - [G] [CRYPTID] Loading library file ascended.lua
INFO - [G] [CRYPTID] Loading library file calculate.lua
INFO - [G] [CRYPTID] Loading library file content.lua
WARN - [♥] Pattern 'bogus patch lol aikoyori was here no patching ' on target '=[SMODS Cryptid "lib/content.lua"]' for pattern patch from Balatro-Aikoyoris-Shenanigans-main\lovely\compat.cryptid.toml resulted in no matches
INFO - [♥] Applied 0 patches to '=[SMODS Cryptid "lib/content.lua"]'
INFO - [G] [CRYPTID] Loading library file cross-mod.lua
INFO - [G] [CRYPTID] Loading library file d20.lua
INFO - [G] [CRYPTID] Loading library file event.lua
INFO - [G] [CRYPTID] Loading library file gameset.lua
INFO - [G] [CRYPTID] Loading library file https.lua
INFO - [G] 2025-05-03 14:12:26 :: DEBUG :: SMODS.https :: Using https module backend
INFO - [G] [CRYPTID] Loading library file misc.lua
INFO - [G] [CRYPTID] Loading library file misprintize.lua
INFO - [G] [CRYPTID] Loading library file modifiers.lua
INFO - [G] 2025-05-03 14:12:26 :: WARN  :: Sticker :: Detected duplicate register call on object perishable
INFO - [G] 2025-05-03 14:12:26 :: WARN  :: Sticker :: Detected duplicate register call on object pinned
INFO - [G] 2025-05-03 14:12:26 :: WARN  :: Sticker :: Detected duplicate register call on object eternal
INFO - [G] 2025-05-03 14:12:26 :: WARN  :: Sticker :: Detected duplicate register call on object rental
INFO - [G] [CRYPTID] Loading library file notifications.lua
INFO - [G] [CRYPTID] Loading library file overrides.lua
INFO - [G] [CRYPTID] Loading library file pointerlib.lua
INFO - [G] [CRYPTID] Loading library file ui.lua
INFO - [G] [CRYPTID] Loading file achievement.lua
INFO - [G] [CRYPTID] Loading file blind.lua
INFO - [G] [CRYPTID] Loading file challenge.lua
INFO - [G] [CRYPTID] Loading file code.lua
INFO - [G] [CRYPTID] Loading file deck.lua
INFO - [G] [CRYPTID] Loading file enhanced.lua
INFO - [G] [CRYPTID] Loading file epic.lua
INFO - [G] [CRYPTID] Loading file exotic.lua
INFO - [G] [CRYPTID] Loading file joker_display.lua
INFO - [G] [CRYPTID] Loading file m.lua
INFO - [G] [CRYPTID] Loading file misc.lua
INFO - [G] [CRYPTID] Loading file misc_joker.lua
INFO - [G] [CRYPTID] Loading file planet.lua
INFO - [G] [CRYPTID] Loading file pointer.lua
INFO - [G] [CRYPTID] Inserting Pointer Aliases
INFO - [G] [CRYPTID] Loading file sleeve.lua
INFO - [G] [CRYPTID] Loading file spectral.lua
INFO - [G] [CRYPTID] Loading file spooky.lua
INFO - [G] [CRYPTID] Loading file stake.lua
INFO - [♥] Applied 1 patch to '=[SMODS Cryptid "items/stake.lua"]'
INFO - [G] [CRYPTID] Loading file tag.lua
INFO - [G] [CRYPTID] Loading file test.lua
INFO - [G] [CRYPTID] Loading file voucher.lua
INFO - [G] 2025-05-03 14:12:26 :: WARN  :: Atlas :: Object cry_effarcire has the same key as an existing object, not registering.
INFO - [G] 2025-05-03 14:12:26 :: WARN  :: Atlas :: If you want to modify an existing object, use take_ownership()
INFO - [G] 2025-05-03 14:12:26 :: TRACE :: Loader :: Mod SGTMD was unable to load: 
INFO - [G] 2025-05-03 14:12:26 :: TRACE :: Loader :: Mod FemtoLabsCollection was unable to load: 
INFO - [G] 2025-05-03 14:12:26 :: WARN  :: Draw Step :: Detected duplicate register call on object floating_sprite
INFO - [G] 2025-05-03 14:12:26 :: WARN  :: Draw Step :: Detected duplicate register call on object front
INFO - [G] 2025-05-03 14:12:26 :: INFO  :: Aikoyori's Shenanigans :: Cryptid Detected... vro ;P
INFO - [G] 2025-05-03 14:12:26 :: TRACE :: Loader :: Mod draft was unable to load: 
INFO - [G] 2025-05-03 14:12:26 :: WARN  :: Sticker :: Detected duplicate register call on object cry_rigged
WARN - [♥] Pattern 'aikoyori was here' on target '=[SMODS entr "items/misc/seals.lua"]' for pattern patch from Balatro-Aikoyoris-Shenanigans-main\lovely\compat.entr.toml resulted in no matches
INFO - [♥] Applied 0 patches to '=[SMODS entr "items/misc/seals.lua"]'
INFO - [G] 2025-05-03 14:12:26 :: WARN  :: Atlas :: Detected duplicate register call on object entr_modicon
INFO - [G] 2025-05-03 14:12:26 :: WARN  :: CBlind :: Object c_entr_bl_eye has the same key as an existing object, not registering.
INFO - [G] 2025-05-03 14:12:26 :: WARN  :: CBlind :: If you want to modify an existing object, use take_ownership()
INFO - [G] 2025-05-03 14:12:26 :: WARN  :: CBlind :: Object c_entr_bl_wheel has the same key as an existing object, not registering.
INFO - [G] 2025-05-03 14:12:26 :: WARN  :: CBlind :: If you want to modify an existing object, use take_ownership()
INFO - [G] 2025-05-03 14:12:26 :: INFO  :: TIMER :: [0000] Injected Language in 0.001 ms
INFO - [G] 2025-05-03 14:12:26 :: INFO  :: TIMER :: [0000] Injected [INTERNAL] in 12.874 ms
INFO - [G] 2025-05-03 14:12:29 :: INFO  :: TIMER :: [0076] Injected Atlas in 2873.882 ms
INFO - [G] 2025-05-03 14:12:30 :: INFO  :: TIMER :: [0046] Injected Sound in 480.696 ms
INFO - [G] 2025-05-03 14:12:30 :: INFO  :: TIMER :: [0034] Injected Stake in 1.242 ms
INFO - [G] 2025-05-03 14:12:30 :: INFO  :: TIMER :: [0011] Injected Rarity in 0.051 ms
INFO - [G] 2025-05-03 14:12:30 :: INFO  :: TIMER :: [0016] Injected ObjectType in 0.196 ms
INFO - [G] 2025-05-03 14:12:30 :: INFO  :: TIMER :: [0736] Injected Center in 5.659 ms
INFO - [G] 2025-05-03 14:12:30 :: INFO  :: TIMER :: [0009] Injected Undiscovered Sprite in 0.018 ms
INFO - [G] 2025-05-03 14:12:30 :: INFO  :: TIMER :: [0064] Injected Blind in 0.172 ms
INFO - [G] 2025-05-03 14:12:30 :: INFO  :: TIMER :: [0013] Injected Seal in 0.317 ms
INFO - [G] 2025-05-03 14:12:30 :: INFO  :: TIMER :: [0005] Injected Suit in 0.123 ms
INFO - [G] 2025-05-03 14:12:30 :: INFO  :: TIMER :: [0014] Injected Rank in 0.094 ms
INFO - [G] 2025-05-03 14:12:30 :: INFO  :: TIMER :: [0029] Injected DeckSkin in 0.517 ms
INFO - [G] 2025-05-03 14:12:30 :: INFO  :: TIMER :: [0048] Injected PokerHand in 2.887 ms
INFO - [G] 2025-05-03 14:12:30 :: INFO  :: TIMER :: [0033] Injected Challenge in 0.076 ms
INFO - [G] 2025-05-03 14:12:30 :: INFO  :: TIMER :: [0069] Injected Tag in 0.152 ms
INFO - [G] 2025-05-03 14:12:30 :: INFO  :: TIMER :: [0016] Injected Sticker in 0.285 ms
INFO - [G] 2025-05-03 14:12:31 :: INFO  :: TIMER :: [0017] Injected Shader in 844.659 ms
INFO - [G] 2025-05-03 14:12:31 :: INFO  :: TIMER :: [0002] Injected Keybind in 0.013 ms
INFO - [G] 2025-05-03 14:12:31 :: INFO  :: TIMER :: [0022] Injected Achievement in 0.129 ms
INFO - [G] 2025-05-03 14:12:31 :: INFO  :: TIMER :: [0007] Injected nil in 0.031 ms
INFO - [G] 2025-05-03 14:12:31 :: INFO  :: TIMER :: [0024] Injected Draw Step in 0.075 ms
INFO - [G] 2025-05-03 14:12:31 :: INFO  :: TIMER :: [0000] Injected [INTERNAL] in 78.686 ms
INFO - [G] 2025-05-03 14:12:31 :: INFO  :: TIMER :: [0010] Injected Other in 0.037 ms
INFO - [G] 2025-05-03 14:12:31 :: INFO  :: TIMER :: [0001] Injected nil in 10.090 ms
INFO - [♥] Applied 1 patch to '=[SMODS _ "smods-https-thread.lua"]'
INFO - [G] 2025-05-03 14:12:36 :: DEBUG :: SMODS.https(1) :: Using https module backend
INFO - [♥] Applied 1 patch to '=[SMODS _ "smods-https-thread.lua"]'
INFO - [G] 2025-05-03 14:14:13 :: DEBUG :: SMODS.https(2) :: Using https module backend
INFO - [♥] Applied 1 patch to '=[SMODS _ "smods-https-thread.lua"]'
INFO - [G] 2025-05-03 14:15:14 :: DEBUG :: SMODS.https(3) :: Using https module backend
INFO - [♥] Applied 1 patch to '=[SMODS _ "smods-https-thread.lua"]'
INFO - [G] 2025-05-03 14:16:16 :: DEBUG :: SMODS.https(4) :: Using https module backend
INFO - [♥] Applied 1 patch to '=[SMODS _ "smods-https-thread.lua"]'
INFO - [G] 2025-05-03 14:17:21 :: DEBUG :: SMODS.https(5) :: Using https module backend
INFO - [♥] Applied 1 patch to '=[SMODS _ "smods-https-thread.lua"]'
INFO - [G] 2025-05-03 14:18:22 :: DEBUG :: SMODS.https(6) :: Using https module backend
INFO - [♥] Applied 1 patch to '=[SMODS _ "smods-https-thread.lua"]'
INFO - [G] 2025-05-03 14:19:22 :: DEBUG :: SMODS.https(7) :: Using https module backend
INFO - [♥] Applied 1 patch to '=[SMODS _ "smods-https-thread.lua"]'
INFO - [G] 2025-05-03 14:20:24 :: DEBUG :: SMODS.https(8) :: Using https module backend
INFO - [♥] Applied 1 patch to '=[SMODS _ "smods-https-thread.lua"]'
INFO - [G] 2025-05-03 14:21:28 :: DEBUG :: SMODS.https(9) :: Using https module backend
INFO - [♥] Applied 1 patch to '=[SMODS _ "smods-https-thread.lua"]'
INFO - [G] 2025-05-03 14:22:28 :: DEBUG :: SMODS.https(10) :: Using https module backend
INFO - [♥] Applied 1 patch to '=[SMODS _ "smods-https-thread.lua"]'
INFO - [G] 2025-05-03 14:23:29 :: DEBUG :: SMODS.https(11) :: Using https module backend
INFO - [♥] Applied 1 patch to '=[SMODS _ "smods-https-thread.lua"]'
INFO - [G] 2025-05-03 14:24:30 :: DEBUG :: SMODS.https(12) :: Using https module backend
INFO - [♥] Applied 1 patch to '=[SMODS _ "smods-https-thread.lua"]'
INFO - [G] 2025-05-03 14:25:30 :: DEBUG :: SMODS.https(13) :: Using https module backend
INFO - [♥] Applied 1 patch to '=[SMODS _ "smods-https-thread.lua"]'
INFO - [G] 2025-05-03 14:26:31 :: DEBUG :: SMODS.https(14) :: Using https module backend
INFO - [♥] Applied 1 patch to '=[SMODS _ "smods-https-thread.lua"]'
INFO - [G] 2025-05-03 14:27:34 :: DEBUG :: SMODS.https(15) :: Using https module backend
INFO - [♥] Applied 1 patch to '=[SMODS _ "smods-https-thread.lua"]'
INFO - [G] 2025-05-03 14:28:36 :: DEBUG :: SMODS.https(16) :: Using https module backend
INFO - [♥] Applied 1 patch to '=[SMODS _ "smods-https-thread.lua"]'
INFO - [G] 2025-05-03 14:29:39 :: DEBUG :: SMODS.https(17) :: Using https module backend
INFO - [♥] Applied 1 patch to '=[SMODS _ "smods-https-thread.lua"]'
INFO - [G] 2025-05-03 14:30:40 :: DEBUG :: SMODS.https(18) :: Using https module backend
INFO - [♥] Applied 1 patch to '=[SMODS _ "smods-https-thread.lua"]'
INFO - [G] 2025-05-03 14:31:40 :: DEBUG :: SMODS.https(19) :: Using https module backend
INFO - [♥] Applied 1 patch to '=[SMODS _ "smods-https-thread.lua"]'
INFO - [G] 2025-05-03 14:32:40 :: DEBUG :: SMODS.https(20) :: Using https module backend
INFO - [♥] Applied 1 patch to '=[SMODS _ "smods-https-thread.lua"]'
INFO - [G] 2025-05-03 14:33:41 :: DEBUG :: SMODS.https(21) :: Using https module backend
INFO - [♥] Applied 1 patch to '=[SMODS _ "smods-https-thread.lua"]'
INFO - [G] 2025-05-03 14:34:41 :: DEBUG :: SMODS.https(22) :: Using https module backend
INFO - [♥] Applied 1 patch to '=[SMODS _ "smods-https-thread.lua"]'
INFO - [G] 2025-05-03 14:35:58 :: DEBUG :: SMODS.https(23) :: Using https module backend
INFO - [♥] Applied 1 patch to '=[SMODS _ "smods-https-thread.lua"]'
INFO - [G] 2025-05-03 14:36:58 :: DEBUG :: SMODS.https(24) :: Using https module backend
INFO - [♥] Applied 1 patch to '=[SMODS _ "smods-https-thread.lua"]'
INFO - [G] 2025-05-03 14:37:59 :: DEBUG :: SMODS.https(25) :: Using https module backend
INFO - [G] line not found
INFO - [G] file not found: main.lua: No such file or directory
INFO - [G] file not found: main.lua: No such file or directory
INFO - [G] line not found
INFO - [G] file not found: main.lua: No such file or directory
INFO - [G] file not found: main.lua: No such file or directory
INFO - [G] 2025-05-03 14:38:40 :: ERROR :: StackTrace :: Oops! The game crashed
[SMODS _ "src/game_object.lua"]:27: attempt to index local 'o' (a string value)
Stack Traceback
===============
(1) Lua local 'handler' at file 'main.lua:612'
	Local variables:
	 msg = string: "[SMODS _ \"src/game_object.lua\"]:27: attempt to index local 'o' (a string value)"
	 (*temporary) = Lua function '?' (defined at line 31 of chunk [SMODS _ "src/logging.lua"])
	 (*temporary) = string: "Oops! The game crashed\
"
(2) LÖVE metamethod at file 'boot.lua:352'
	Local variables:
	 errhand = Lua function '?' (defined at line 598 of chunk main.lua)
	 handler = Lua function '?' (defined at line 598 of chunk main.lua)
(3) Lua upvalue 'pseudorandom' at Steamodded file 'src/game_object.lua:27' 
	Local variables:
	 self = table: 0x0b3ac540  {can_use:function: 0x0b3ac810, loc_vars:function: 0x0b3ac830, object_type:Consumable, cry_order:9, _saved_d_u:true, original_key:pseudorandom (more...)}
	 o = string: "interference"
	 (*temporary) = nil
	 (*temporary) = string: "Created object should not have \"mod\" field defined."
	 (*temporary) = string: "Created object should not have \"mod\" field defined."
	 (*temporary) = table: 0x09a7e498  {handle:function: 0x099a3be8, __index:table: 0x09a7e498, init:function: 0x09a7e4c0, __call:function: 0x09a3efd8, super:table: 0x09a3ef50}
	 (*temporary) = boolean: true
	 (*temporary) = table: 0x106056d8  {func:function: 0x10605768, trigger:before, delay:0.1}
	 (*temporary) = number: 5482.34
	 (*temporary) = string: "TOTAL"
	 (*temporary) = boolean: false
	 (*temporary) = nil
	 (*temporary) = table: 0x189b0360  {click_offset:table: 0x189b06b8, static_rotation:false, rank:1, T:table: 0x189b0500, bypass_discovery_center:true, extra_cost:0, highlighted:false (more...)}
	 (*temporary) = string: "attempt to index local 'o' (a string value)"
(4) Lua global 'Interfere' at file 'items/inversions/reverseCodes.lua:1966' (from mod with id entr)
	Local variables:
	 (*temporary) = table: 0x0fed58f0  {click_offset:table: 0x0fed5c98, children:table: 0x14c849e0, ambient_tilt:0.3, parent:table: 0x123f4cc8, mult:1.5, T:table: 0x0fed5ae0, offset:table: 0x14c848c0 (more...)}
	 (*temporary) = 450  {array:table: 0x185695a8, sign:1}
(5) Lua method 'use' at file 'items/inversions/reverseCodes.lua:310' (from mod with id entr)
	Local variables:
	 self = table: 0x0b3abe70  {can_use:function: 0x0b3ac1f8, loc_vars:function: 0x0b3ac218, object_type:Consumable, cry_order:7, _saved_d_u:true, original_key:interference (more...)}
	 card = table: 0x189b0360  {click_offset:table: 0x189b06b8, static_rotation:false, rank:1, T:table: 0x189b0500, bypass_discovery_center:true, extra_cost:0, highlighted:false (more...)}
	 area = table: 0x0e611238  {click_offset:table: 0x0e611558, static_rotation:false, shuffle_amt:0, T:table: 0x0e6113a0, offset:table: 0x0e611640, role:table: 0x0e611d28, last_aligned:-1 (more...)}
	 copier = nil
(6) Lua method 'use_consumeable' at file 'card.lua:1417'
	Local variables:
	 self = table: 0x189b0360  {click_offset:table: 0x189b06b8, static_rotation:false, rank:1, T:table: 0x189b0500, bypass_discovery_center:true, extra_cost:0, highlighted:false (more...)}
	 area = table: 0x0e611238  {click_offset:table: 0x0e611558, static_rotation:false, shuffle_amt:0, T:table: 0x0e6113a0, offset:table: 0x0e611640, role:table: 0x0e611d28, last_aligned:-1 (more...)}
	 copier = nil
	 used_tarot = table: 0x189b0360  {click_offset:table: 0x189b06b8, static_rotation:false, rank:1, T:table: 0x189b0500, bypass_discovery_center:true, extra_cost:0, highlighted:false (more...)}
	 gone = boolean: false
	 obj = table: 0x0b3abe70  {can_use:function: 0x0b3ac1f8, loc_vars:function: 0x0b3ac218, object_type:Consumable, cry_order:7, _saved_d_u:true, original_key:interference (more...)}
(7) Lua upvalue 'useCardHook' at file 'functions/button_callbacks.lua:2281'
	Local variables:
	 e = table: 0x197e6b18  {pixellated_rect:table: 0x0d771490, click_offset:table: 0x18b24d80, children:table: 0x197e6b40, parent:table: 0x197e6978, T:table: 0x18b24b08 (more...)}
	 mute = nil
	 nosave = nil
	 card = table: 0x189b0360  {click_offset:table: 0x189b06b8, static_rotation:false, rank:1, T:table: 0x189b0500, bypass_discovery_center:true, extra_cost:0, highlighted:false (more...)}
	 area = table: 0x0e611238  {click_offset:table: 0x0e611558, static_rotation:false, shuffle_amt:0, T:table: 0x0e6113a0, offset:table: 0x0e611640, role:table: 0x0e611d28, last_aligned:-1 (more...)}
	 prev_state = number: 1
	 dont_dissolve = nil
	 delay_fac = number: 1
	 nc = nil
	 select_to = boolean: false
	 cry_muse = boolean: false
(8) Lua upvalue 'ref' at file './modules/hooks/ui.lua:506' (from mod with id aikoyorisshenanigans)
	Local variables:
	 e = table: 0x197e6b18  {pixellated_rect:table: 0x0d771490, click_offset:table: 0x18b24d80, children:table: 0x197e6b40, parent:table: 0x197e6978, T:table: 0x18b24b08 (more...)}
	 m = nil
	 ns = nil
	 card = table: 0x189b0360  {click_offset:table: 0x189b06b8, static_rotation:false, rank:1, T:table: 0x189b0500, bypass_discovery_center:true, extra_cost:0, highlighted:false (more...)}
	 area = table: 0x0e611238  {click_offset:table: 0x0e611558, static_rotation:false, shuffle_amt:0, T:table: 0x0e6113a0, offset:table: 0x0e611640, role:table: 0x0e611d28, last_aligned:-1 (more...)}
	 prev_state = number: 1
	 dont_dissolve = nil
	 delay_fac = number: 1
(9) Lua upvalue 'use_cardref' at file 'items/inversions/reverseTarots.lua:111' (from mod with id entr)
	Local variables:
	 e = table: 0x197e6b18  {pixellated_rect:table: 0x0d771490, click_offset:table: 0x18b24d80, children:table: 0x197e6b40, parent:table: 0x197e6978, T:table: 0x18b24b08 (more...)}
	 mute = nil
	 nosave = nil
	 card = table: 0x189b0360  {click_offset:table: 0x189b06b8, static_rotation:false, rank:1, T:table: 0x189b0500, bypass_discovery_center:true, extra_cost:0, highlighted:false (more...)}
(10) Lua upvalue 'use_cardref' at file 'items/inversions/reverseCodes.lua:1186' (from mod with id entr)
	Local variables:
	 e = table: 0x197e6b18  {pixellated_rect:table: 0x0d771490, click_offset:table: 0x18b24d80, children:table: 0x197e6b40, parent:table: 0x197e6978, T:table: 0x18b24b08 (more...)}
	 mute = nil
	 nosave = nil
(11) Lua function '?' at file 'items/misc/decks.lua:141' (from mod with id entr) (best guess)
	Local variables:
	 e = table: 0x197e6b18  {pixellated_rect:table: 0x0d771490, click_offset:table: 0x18b24d80, children:table: 0x197e6b40, parent:table: 0x197e6978, T:table: 0x18b24b08 (more...)}
	 mute = nil
	 nosave = nil
	 card = table: 0x189b0360  {click_offset:table: 0x189b06b8, static_rotation:false, rank:1, T:table: 0x189b0500, bypass_discovery_center:true, extra_cost:0, highlighted:false (more...)}
(12) Lua method 'click' at file 'engine/ui.lua:989'
	Local variables:
	 self = table: 0x197e6b18  {pixellated_rect:table: 0x0d771490, click_offset:table: 0x18b24d80, children:table: 0x197e6b40, parent:table: 0x197e6978, T:table: 0x18b24b08 (more...)}
(13) Lua method 'update' at file 'engine/controller.lua:376'
	Local variables:
	 self = table: 0x09f51500  {held_button_times:table: 0x09f6d348, focus_cursor_stack_level:1, snap_cursor_to:table: 0x1984f468, interrupt:table: 0x09f6f908, GAMEPAD:table: 0x09f7ace0 (more...)}
	 dt = number: 0.00846603
(14) Lua upvalue 'gameUpdateRef' at file 'game.lua:2907'
	Local variables:
	 self = table: 0x09a28af0  {F_GUIDE:false, F_CRASH_REPORTS:false, F_QUIT_BUTTON:true, HUD_tags:table: 0x10d95a78, F_ENGLISH_ONLY:false, HUD:table: 0x18475270, sort_id:2693 (more...)}
	 dt = number: 0.00846603
(15) Lua upvalue 'upd' at Steamodded file 'src/ui.lua:86' 
	Local variables:
	 self = table: 0x09a28af0  {F_GUIDE:false, F_CRASH_REPORTS:false, F_QUIT_BUTTON:true, HUD_tags:table: 0x10d95a78, F_ENGLISH_ONLY:false, HUD:table: 0x18475270, sort_id:2693 (more...)}
	 dt = number: 0.00846603
(16) Lua upvalue 'gu' at file 'main.lua:6418'
	Local variables:
	 self = table: 0x09a28af0  {F_GUIDE:false, F_CRASH_REPORTS:false, F_QUIT_BUTTON:true, HUD_tags:table: 0x10d95a78, F_ENGLISH_ONLY:false, HUD:table: 0x18475270, sort_id:2693 (more...)}
	 dt = number: 0.00846603
(17) Lua upvalue 'upd' at file 'lib/gameset.lua:27' (from mod with id Cryptid)
	Local variables:
	 self = table: 0x09a28af0  {F_GUIDE:false, F_CRASH_REPORTS:false, F_QUIT_BUTTON:true, HUD_tags:table: 0x10d95a78, F_ENGLISH_ONLY:false, HUD:table: 0x18475270, sort_id:2693 (more...)}
	 dt = number: 0.00846603
(18) Lua upvalue 'update_ref' at file 'lib/overrides.lua:299' (from mod with id Cryptid)
	Local variables:
	 self = table: 0x09a28af0  {F_GUIDE:false, F_CRASH_REPORTS:false, F_QUIT_BUTTON:true, HUD_tags:table: 0x10d95a78, F_ENGLISH_ONLY:false, HUD:table: 0x18475270, sort_id:2693 (more...)}
	 dt = number: 0.00846603
(19) Lua upvalue 'update_ref' at file 'items/inversions/reverseCodes.lua:654' (from mod with id entr)
	Local variables:
	 self = table: 0x09a28af0  {F_GUIDE:false, F_CRASH_REPORTS:false, F_QUIT_BUTTON:true, HUD_tags:table: 0x10d95a78, F_ENGLISH_ONLY:false, HUD:table: 0x18475270, sort_id:2693 (more...)}
	 dt = number: 0.00846603
(20) Lua upvalue 'upd' at file 'items/jokers/hidden.lua:112' (from mod with id entr)
	Local variables:
	 self = table: 0x09a28af0  {F_GUIDE:false, F_CRASH_REPORTS:false, F_QUIT_BUTTON:true, HUD_tags:table: 0x10d95a78, F_ENGLISH_ONLY:false, HUD:table: 0x18475270, sort_id:2693 (more...)}
	 dt = number: 0.00846603
(21) Lua upvalue 'upd' at file 'items/misc/blinds.lua:747' (from mod with id entr)
	Local variables:
	 self = table: 0x09a28af0  {F_GUIDE:false, F_CRASH_REPORTS:false, F_QUIT_BUTTON:true, HUD_tags:table: 0x10d95a78, F_ENGLISH_ONLY:false, HUD:table: 0x18475270, sort_id:2693 (more...)}
	 dt = number: 0.00846603
(22) Lua method 'update' at file 'Entropy.lua:300' (from mod with id entr)
	Local variables:
	 self = table: 0x09a28af0  {F_GUIDE:false, F_CRASH_REPORTS:false, F_QUIT_BUTTON:true, HUD_tags:table: 0x10d95a78, F_ENGLISH_ONLY:false, HUD:table: 0x18475270, sort_id:2693 (more...)}
	 dt = number: 0.00846603
(23) Lua upvalue 'love_update_ref' at file 'main.lua:1113'
	Local variables:
	 dt = number: 0.00846603
(24) Lua upvalue 'oldupd' at file 'main.lua:4335'
	Local variables:
	 dt = number: 0.00846603
(25) Lua field 'update' at file 'main.lua:6451'
	Local variables:
	 dt = number: 0.00846603
(26) Lua function '?' at file 'main.lua:938' (best guess)
(27) global C function 'xpcall'
(28) LÖVE function at file 'boot.lua:377' (best guess)
	Local variables:
	 func = Lua function '?' (defined at line 909 of chunk main.lua)
	 inerror = boolean: true
	 deferErrhand = Lua function '(LÖVE Function)' (defined at line 348 of chunk [love "boot.lua"])
	 earlyinit = Lua function '(LÖVE Function)' (defined at line 355 of chunk [love "boot.lua"])

INFO - [G] line not found
INFO - [G] file not found: main.lua: No such file or directory
INFO - [G] file not found: main.lua: No such file or directory
INFO - [G] 2025-05-03 14:38:40 :: INFO  :: StackTrace :: Additional Context:
Balatro Version: 1.0.1o-FULL
Modded Version: 1.0.0~BETA-0427a-STEAMODDED
LÖVE Version: 11.5.0
Lovely Version: 0.7.1
Platform: Windows
Steamodded Mods:
    1: Entropy by Ruby [ID: entr, Priority: 6.6666666666667e+20, Version: 0.4.0d, Uses Lovely]
    2: Galdur by Eremel_ [ID: galdur, Priority: -10000, Version: 1.2, Uses Lovely]
    3: Aikoyori's Shenanigans by Aikoyori [ID: aikoyorisshenanigans, Priority: 300, Version: 0.2.0-alpha-250503b, Uses Lovely]
    4: Handy by SleepyG11 [ID: Handy, Version: 1.4.2, Uses Lovely]
    5: Talisman by MathIsFun_, Mathguy24, jenwalter666, cg-223 [ID: Talisman, Version: 2.2.0b, Uses Lovely]
        Break Infinity: omeganum
    6: Banner by SylviBlossom [ID: banner, Version: 1.1.1, Uses Lovely]
    7: Flower Pot by ItsFlowwey [ID: FlowerPot, Version: 0.8, Uses Lovely]
    8: DebugPlus by WilsontheWolf [ID: DebugPlus, Version: 1.4.1, Uses Lovely]
    9: Cryptid by MathIsFun_, Cryptid and Balatro Discords [ID: Cryptid, Priority: 114, Version: 0.5.5c, Uses Lovely]
Lovely Mods:
