INFO - [♥] Lovely 0.7.1
INFO - [♥] Game directory is at "C:\\Program Files (x86)\\Steam\\steamapps\\common\\Balatro"
INFO - [♥] Writing logs to "C:\\Users\\erikk\\AppData\\Roaming\\Balatro\\Mods\\lovely\\log"
INFO - [♥] Using mod directory at "C:\\Users\\erikk\\AppData\\Roaming\\Balatro\\Mods"
WARN - [♥] Unknown key `patches.49.?.match_indent` found in patch file at "C:\\Users\\erikk\\AppData\\Roaming\\Balatro\\Mods\\Talisman\\lovely.toml", ignoring it
WARN - [♥] Unknown key `patches.52.?.match_indent` found in patch file at "C:\\Users\\erikk\\AppData\\Roaming\\Balatro\\Mods\\Talisman\\lovely.toml", ignoring it
INFO - [♥] Cleaning up dumps directory at "C:\\Users\\erikk\\AppData\\Roaming\\Balatro\\Mods\\lovely\\dump"
INFO - [♥] Initialization complete in 49ms
WARN - [♥] Pattern 'G.ARGS.score_intensity.organ = G.video_organ or G.ARGS.score_intensity.required_score > 0 and math.max(math.min(0.4, 0.1*math.log(G.ARGS.score_intensity.earned_score/(G.ARGS.score_intensity.required_score+1), 5)),0.) or 0' on target 'main.lua' for pattern patch from Talisman\lovely.toml resulted in no matches
WARN - [♥] Pattern 'if type(G.GAME.current_round.current_hand.chips) ~= \'number\' or type(G.GAME.current_round.current_hand.mult) ~= \'number\' then' on target 'main.lua' for pattern patch from Talisman\lovely.toml resulted in no matches
INFO - [♥] Applied 17 patches to 'main.lua'
INFO - [♥] Applied 2 patches to 'engine/string_packer.lua'
INFO - [♥] Applied 5 patches to 'engine/controller.lua'
INFO - [♥] Applied 15 patches to 'back.lua'
INFO - [♥] Applied 7 patches to 'tag.lua'
INFO - [♥] Applied 2 patches to 'engine/moveable.lua'
INFO - [♥] Applied 2 patches to 'engine/sprite.lua'
INFO - [♥] Applied 2 patches to 'engine/animatedsprite.lua'
WARN - [♥] Pattern 'assembled_string = assembled_string..(type(subpart) == \'string\' and subpart or args.vars[tonumber(subpart[1])] or \'ERROR\')' on target 'functions/misc_functions.lua' for pattern patch from Talisman\lovely.toml resulted in no matches
INFO - [♥] Applied 52 patches to 'functions/misc_functions.lua'
INFO - [♥] Applied 47 patches to 'game.lua'
INFO - [♥] Applied 2 patches to 'globals.lua'
INFO - [♥] Applied 6 patches to 'engine/ui.lua'
WARN - [♥] Pattern '{n=G.UIT.T, config={text = G.GAME.hands[handname].chips, scale = 0.45, colour = G.C.UI.TEXT_LIGHT}},' on target 'functions/UI_definitions.lua' for pattern patch from Talisman\lovely.toml resulted in no matches
WARN - [♥] Pattern '{n=G.UIT.T, config={text = G.GAME.hands[handname].mult, scale = 0.45, colour = G.C.UI.TEXT_LIGHT}}' on target 'functions/UI_definitions.lua' for pattern patch from Talisman\lovely.toml resulted in no matches
INFO - [♥] Applied 76 patches to 'functions/UI_definitions.lua'
WARN - [♥] Pattern 'mult, hand_chips, modded = G.GAME.blind:modify_hand(G.play.cards, poker_hands, text, mult, hand_chips)' on target 'functions/state_events.lua' for pattern patch from AzzysJokers-1.2.2\lovely\patcher.toml resulted in no matches
WARN - [♥] Pattern 'card_eval_status_text((reps[j].jokers or reps[j].seals).card, \'jokers\', nil, nil, nil, (reps[j].jokers or reps[j].seals))' on target 'functions/state_events.lua' for pattern patch from AzzysJokers-1.2.2\lovely\patcher.toml resulted in no matches
WARN - [♥] Pattern 'if effects[ii].card then' on target 'functions/state_events.lua' for pattern patch from Talisman\lovely.toml resulted in no matches
WARN - [♥] Pattern 'if effects.jokers.Xmult_mod then mult = mod_mult(mult*effects.jokers.Xmult_mod);extras.mult = true  end' on target 'functions/state_events.lua' for pattern patch from Talisman\lovely.toml resulted in no matches
WARN - [♥] Pattern 'if effect.Xmult_mod then mult = mod_mult(mult*effect.Xmult_mod);extras.mult = true  end' on target 'functions/state_events.lua' for pattern patch from Talisman\lovely.toml resulted in no matches
WARN - [♥] Pattern 'if effects[ii].message then' on target 'functions/state_events.lua' for pattern patch from Talisman\lovely.toml resulted in no matches
WARN - [♥] Pattern '--calculate the card edition effects' on target 'functions/state_events.lua' for pattern patch from Talisman\lovely.toml resulted in no matches
WARN - [♥] Pattern 'if effects[ii].edition.p_dollars_mod then' on target 'functions/state_events.lua' for pattern patch from Talisman\lovely.toml resulted in no matches
WARN - [♥] Pattern 'if edition_effects.jokers.x_mult_mod then' on target 'functions/state_events.lua' for pattern patch from Talisman\lovely.toml resulted in no matches
INFO - [♥] Applied 53 patches to 'functions/state_events.lua'
WARN - [♥] Pattern 'if num_dollars > 60 then' on target 'functions/common_events.lua' for pattern patch from Talisman\lovely.toml resulted in no matches
WARN - [♥] Pattern 'func = (function() if eval_func(card) then if not first or first then card:juice_up(0.1, 0.1) end;juice_card_until(card, eval_func, nil, 0.8) end return true end)' on target 'functions/common_events.lua' for pattern patch from Talisman\lovely.toml resulted in no matches
INFO - [♥] Applied 136 patches to 'functions/common_events.lua'
INFO - [♥] Applied 58 patches to 'functions/button_callbacks.lua'
WARN - [♥] Pattern 'if G.GAME.blind and G.GAME.blind.in_blind then G.E_MANAGER:add_event(Event({ func = function() G.GAME.blind:set_blind(nil, true, nil); return true end })) end' on target 'card.lua' for pattern patch from smods-main\lovely\calculate_card_added.toml resulted in 2 matches, wanted 1
WARN - [♥] Ignoring excess matches
WARN - [♥] Pattern 'if G.GAME.blind then G.E_MANAGER:add_event(Event({ func = function() G.GAME.blind:set_blind(nil, true, nil); return true end })) end' on target 'card.lua' for pattern patch from Talisman\lovely.toml resulted in no matches
WARN - [♥] Pattern 'x_mult = center.config.Xmult or 1,' on target 'card.lua' for pattern patch from Talisman\lovely.toml resulted in no matches
INFO - [♥] Applied 164 patches to 'card.lua'
INFO - [♥] Applied 9 patches to 'cardarea.lua'
INFO - [♥] Applied 38 patches to 'blind.lua'
INFO - [♥] Applied 5 patches to 'engine/text.lua'
INFO - [G] Failed to connect to the debug server
INFO - [G] 2025-04-10 10:34:03 :: DEBUG :: DebugConsole :: Steamodded Debug Socket started !
INFO - [G] 2025-04-10 10:34:03 :: INFO  :: SMODS :: Steamodded v1.0.0~BETA-0324b
INFO - [♥] Applied 9 patches to 'engine/sound_manager.lua'
INFO - [♥] Applied 3 patches to 'engine/save_manager.lua'
INFO - [♥] Applied 2 patches to 'engine/string_packer.lua'
INFO - [G] 2025-04-10 10:34:05 :: TRACE :: Loader :: Processing Mod file (Legacy header): Azazel.lua
INFO - [G] 2025-04-10 10:34:05 :: TRACE :: Loader :: Saving Mod Info: AzzysJokers
INFO - [G] 2025-04-10 10:34:05 :: INFO  :: Loader :: Valid JSON file found
INFO - [G] 2025-04-10 10:34:05 :: INFO  :: Loader :: Valid JSON file found
INFO - [G] 2025-04-10 10:34:05 :: TRACE :: Loader :: Processing Mod file (Legacy header): MoreFluff.lua
INFO - [G] 2025-04-10 10:34:05 :: TRACE :: Loader :: Saving Mod Info: MoreFluff
INFO - [G] 2025-04-10 10:34:05 :: INFO  :: Loader :: Valid JSON file found
INFO - [G] 2025-04-10 10:34:05 :: INFO  :: Loader :: Valid JSON file found
INFO - [G] 2025-04-10 10:34:05 :: TRACE :: Loader :: Processing Mod file (Legacy header): steamodded_metadata.lua
INFO - [G] 2025-04-10 10:34:05 :: TRACE :: Loader :: Saving Mod Info: Talisman
INFO - [G] 2025-04-10 10:34:05 :: ERROR :: Loader :: Found invalid metadata JSON file at C:\Users\erikk\AppData\Roaming\Balatro\Mods/TooManyDecks-main/.vscode/settings.json, ignoring: [SMODS _ "src/loader.lua"]:226: id
INFO - [G] 2025-04-10 10:34:05 :: INFO  :: Loader :: Valid JSON file found
INFO - [G] 2025-04-10 10:34:05 :: INFO  :: Loader :: Valid JSON file found
INFO - [G] 2025-04-10 10:34:05 :: INFO  :: Loader :: Valid JSON file found
INFO - [G] basepaul_card
INFO - [G] clownfish
INFO - [G] expansion_pack
INFO - [G] hollow
INFO - [G] jester
INFO - [G] lollipop
INFO - [G] luckycharm
INFO - [G] monochrome
INFO - [G] mspaint
INFO - [G] simplified
INFO - [G] spiral
INFO - [G] treasuremap
INFO - [G] philosophical
INFO - [G] badlegaldefence
INFO - [G] clipart
INFO - [G] dropkick
INFO - [G] bladedance
INFO - [G] hyperbeam
INFO - [G] blasphemy
INFO - [G] dramaticentrance
INFO - [G] coupon_catalogue
INFO - [G] css
INFO - [G] globe
INFO - [G] goldencarrot
INFO - [G] hallofmirrors
INFO - [G] impostor
INFO - [G] tonersoup
INFO - [G] loadeddisk
INFO - [G] stylemeter
INFO - [G] teacup
INFO - [G] recycling
INFO - [G] virtual
INFO - [G] bloodpact
INFO - [G] bowlingball
INFO - [G] cba
INFO - [G] fleshprison
INFO - [G] hugejoker
INFO - [G] jankman
INFO - [G] mashupalbum
INFO - [G] pixeljoker
INFO - [G] rainbowjoker
INFO - [G] rosetinted
INFO - [G] the_solo
INFO - [G] triangle
INFO - [G] colorem
INFO - [G] flintandsteel
INFO - [G] junkmail
INFO - [G] gemstonejoker
INFO - [G] stonejokerjoker
INFO - [G] tealjoker
INFO - [G] yuckyrat
INFO - [G] allicantdo
INFO - [G] brass
INFO - [G] hyperjimbo
INFO - [G] top10
INFO - [G] marigold
INFO - [G] 2025-04-10 10:34:05 :: INFO  :: Mistigris :: Successfully loaded src/startup/game_hooks.lua!
INFO - [G] 2025-04-10 10:34:05 :: INFO  :: Mistigris :: Successfully loaded src/startup/smods_assets.lua!
INFO - [G] 2025-04-10 10:34:05 :: INFO  :: Mistigris :: Successfully loaded src/startup/smods_hooks.lua!
INFO - [G] 2025-04-10 10:34:05 :: INFO  :: Mistigris :: Successfully loaded src/startup/smods_ownership.lua!
INFO - [G] 2025-04-10 10:34:05 :: INFO  :: Mistigris :: Successfully loaded src/content/sleeve/tribute.lua!
INFO - [G] 2025-04-10 10:34:05 :: WARN  :: Atlas :: Detected duplicate register call on object draft_modicon
INFO - [G] 2025-04-10 10:34:05 :: INFO  :: TIMER :: [0000] Injected Language in 0.015 ms
INFO - [G] 2025-04-10 10:34:05 :: INFO  :: TIMER :: [0000] Injected [INTERNAL] in 1.869 ms
INFO - [G] 2025-04-10 10:34:07 :: INFO  :: TIMER :: [0042] Injected Atlas in 1880.628 ms
INFO - [G] 2025-04-10 10:34:07 :: INFO  :: TIMER :: [0013] Injected Sound in 138.752 ms
INFO - [G] 2025-04-10 10:34:07 :: INFO  :: TIMER :: [0008] Injected Stake in 0.251 ms
INFO - [G] 2025-04-10 10:34:07 :: INFO  :: TIMER :: [0004] Injected Rarity in 0.020 ms
INFO - [G] 2025-04-10 10:34:07 :: INFO  :: TIMER :: [0012] Injected ObjectType in 0.076 ms
INFO - [G] 2025-04-10 10:34:07 :: INFO  :: TIMER :: [0461] Injected Center in 3.458 ms
INFO - [G] 2025-04-10 10:34:07 :: INFO  :: TIMER :: [0011] Injected Undiscovered Sprite in 0.100 ms
INFO - [G] 2025-04-10 10:34:07 :: INFO  :: TIMER :: [0009] Injected Blind in 0.159 ms
INFO - [G] 2025-04-10 10:34:07 :: INFO  :: TIMER :: [0004] Injected Seal in 0.111 ms
INFO - [G] 2025-04-10 10:34:07 :: INFO  :: TIMER :: [0004] Injected Suit in 0.127 ms
INFO - [G] 2025-04-10 10:34:07 :: INFO  :: TIMER :: [0026] Injected Rank in 0.318 ms
INFO - [G] 2025-04-10 10:34:07 :: INFO  :: TIMER :: [0028] Injected DeckSkin in 0.234 ms
INFO - [G] 2025-04-10 10:34:07 :: INFO  :: TIMER :: [0012] Injected PokerHand in 0.054 ms
INFO - [G] 2025-04-10 10:34:07 :: INFO  :: TIMER :: [0021] Injected Challenge in 0.031 ms
INFO - [G] 2025-04-10 10:34:07 :: INFO  :: TIMER :: [0008] Injected Tag in 0.025 ms
INFO - [G] 2025-04-10 10:34:07 :: INFO  :: TIMER :: [0004] Injected Sticker in 0.097 ms
INFO - [G] 2025-04-10 10:34:08 :: INFO  :: TIMER :: [0008] Injected Shader in 146.950 ms
INFO - [G] 2025-04-10 10:34:08 :: INFO  :: TIMER :: [0003] Injected Keybind in 0.017 ms
INFO - [G] 2025-04-10 10:34:08 :: INFO  :: TIMER :: [0006] Injected Achievement in 0.086 ms
INFO - [G] 2025-04-10 10:34:08 :: INFO  :: TIMER :: [0004] Injected nil in 0.015 ms
INFO - [G] 2025-04-10 10:34:08 :: INFO  :: TIMER :: [0021] Injected Draw Step in 0.108 ms
INFO - [G] 2025-04-10 10:34:08 :: INFO  :: TIMER :: [0000] Injected [INTERNAL] in 15.224 ms
