INFO - [♥] Lovely 0.7.1
INFO - [♥] Game directory is at "C:\\Program Files (x86)\\Steam\\steamapps\\common\\Balatro"
INFO - [♥] Writing logs to "C:\\Users\\erikk\\AppData\\Roaming\\Balatro\\Mods\\lovely\\log"
INFO - [♥] Using mod directory at "C:\\Users\\erikk\\AppData\\Roaming\\Balatro\\Mods"
INFO - [♥] Found .lovelyignore in 'AzzysJokers-1.2.2', skipping it.
INFO - [♥] Found .lovelyignore in 'Balatro-Draft-main', skipping it.
INFO - [♥] Found .lovelyignore in 'Extreme Deck', skipping it.
INFO - [♥] Found .lovelyignore in 'Flower-Pot-main', skipping it.
INFO - [♥] Found .lovelyignore in 'kcvanilla-master', skipping it.
INFO - [♥] Found .lovelyignore in 'luckyjimbos-main', skipping it.
INFO - [♥] Found .lovelyignore in 'Mistigris', skipping it.
INFO - [♥] Found .lovelyignore in 'MoreFluff-main', skipping it.
INFO - [♥] Found .lovelyignore in 'NeatoJokers-main', skipping it.
INFO - [♥] Found .lovelyignore in 'Plantain-main', skipping it.
INFO - [♥] Found .lovelyignore in 'Prism-main', skipping it.
INFO - [♥] Found .lovelyignore in 'Quilombo', skipping it.
INFO - [♥] Found .lovelyignore in 'RuinaDecks-main', skipping it.
INFO - [♥] Found .lovelyignore in 'SauKhongHuDecks-main', skipping it.
INFO - [♥] Found .lovelyignore in 'SDM_0-s-Stuff-main', skipping it.
INFO - [♥] Found .lovelyignore in 'TerrariaXBalatro-main', skipping it.
INFO - [♥] Found .lovelyignore in 'TOGAPackBalatro-main', skipping it.
INFO - [♥] Found .lovelyignore in 'TooManyDecks-main', skipping it.
WARN - [♥] Unknown key `patches.21.?.match_indent` found in patch file at "C:\\Users\\erikk\\AppData\\Roaming\\Balatro\\Mods\\Cryptid-main\\lovely\\code.toml", ignoring it
WARN - [♥] Unknown key `patches.49.?.match_indent` found in patch file at "C:\\Users\\erikk\\AppData\\Roaming\\Balatro\\Mods\\Talisman\\lovely.toml", ignoring it
WARN - [♥] Unknown key `patches.52.?.match_indent` found in patch file at "C:\\Users\\erikk\\AppData\\Roaming\\Balatro\\Mods\\Talisman\\lovely.toml", ignoring it
INFO - [♥] Cleaning up dumps directory at "C:\\Users\\erikk\\AppData\\Roaming\\Balatro\\Mods\\lovely\\dump"
INFO - [♥] Initialization complete in 98ms
WARN - [♥] Pattern 'G.ARGS.score_intensity.organ = G.video_organ or G.ARGS.score_intensity.required_score > 0 and math.max(math.min(0.4, 0.1*math.log(G.ARGS.score_intensity.earned_score/(G.ARGS.score_intensity.required_score+1), 5)),0.) or 0' on target 'main.lua' for pattern patch from Talisman\lovely.toml resulted in no matches
WARN - [♥] Pattern 'if type(G.GAME.current_round.current_hand.chips) ~= \'number\' or type(G.GAME.current_round.current_hand.mult) ~= \'number\' then' on target 'main.lua' for pattern patch from Talisman\lovely.toml resulted in no matches
INFO - [♥] Applied 17 patches to 'main.lua'
INFO - [♥] Applied 2 patches to 'engine/string_packer.lua'
INFO - [♥] Applied 7 patches to 'engine/controller.lua'
INFO - [♥] Applied 15 patches to 'back.lua'
INFO - [♥] Applied 18 patches to 'tag.lua'
INFO - [♥] Applied 1 patch to 'engine/node.lua'
INFO - [♥] Applied 3 patches to 'engine/moveable.lua'
INFO - [♥] Applied 3 patches to 'engine/sprite.lua'
INFO - [♥] Applied 2 patches to 'engine/animatedsprite.lua'
WARN - [♥] Pattern 'assembled_string = assembled_string..(type(subpart) == \'string\' and subpart or args.vars[tonumber(subpart[1])] or \'ERROR\')' on target 'functions/misc_functions.lua' for pattern patch from Talisman\lovely.toml resulted in no matches
INFO - [♥] Applied 59 patches to 'functions/misc_functions.lua'
WARN - [♥] Pattern 'for i = 1, 2 do' on target 'game.lua' for pattern patch from Cryptid-main\lovely\stake.toml resulted in no matches
WARN - [♥] Pattern 'create_shop_card_ui(card, \'Voucher\', G.shop_vouchers)' on target 'game.lua' for pattern patch from Cryptid-main\lovely\stake.toml resulted in no matches
WARN - [♥] Pattern 'self.GAME.current_round.voucher = G.SETTINGS.tutorial_progress and G.SETTINGS.tutorial_progress.forced_voucher or SMODS.get_next_vouchers()' on target 'game.lua' for pattern patch from Cryptid-main\lovely\very_fair.toml resulted in no matches
WARN - [♥] Pattern 'self.GAME.current_round.voucher = G.SETTINGS.tutorial_progress and G.SETTINGS.tutorial_progress.forced_voucher or get_next_voucher_key()' on target 'game.lua' for pattern patch from Cryptid-main\lovely\Voucher.toml resulted in no matches
WARN - [♥] Regex 'card\\:start_materialize\\(\\)\\n\\s+G\\.shop_vouchers\\:emplace\\(card\\)\\n\\s+end' on target 'game.lua' for regex patch from Cryptid-main\lovely\Voucher.toml resulted in no matches
INFO - [♥] Applied 85 patches to 'game.lua'
INFO - [♥] Applied 1 patch to 'globals.lua'
INFO - [♥] Applied 6 patches to 'engine/ui.lua'
WARN - [♥] Pattern 'G.GAME.shop.joker_max*1.02*G.CARD_W,' on target 'functions/UI_definitions.lua' for pattern patch from Cryptid-main\lovely\equilibrium.toml resulted in no matches
WARN - [♥] Pattern '{n=G.UIT.T, config={text = G.GAME.hands[handname].chips, scale = 0.45, colour = G.C.UI.TEXT_LIGHT}},' on target 'functions/UI_definitions.lua' for pattern patch from Talisman\lovely.toml resulted in no matches
WARN - [♥] Pattern '{n=G.UIT.T, config={text = G.GAME.hands[handname].mult, scale = 0.45, colour = G.C.UI.TEXT_LIGHT}}' on target 'functions/UI_definitions.lua' for pattern patch from Talisman\lovely.toml resulted in no matches
INFO - [♥] Applied 104 patches to 'functions/UI_definitions.lua'
WARN - [♥] Pattern 'ease_to = G.GAME.chips + math.floor(hand_chips * mult) * (e and e.antiscore and -1 or 1),' on target 'functions/state_events.lua' for pattern patch from Cryptid-main\lovely\blind.toml resulted in no matches
WARN - [♥] Pattern 'if reps[j] ~= 1 then' on target 'functions/state_events.lua' for pattern patch from Cryptid-main\lovely\misc.toml resulted in no matches
WARN - [♥] Pattern 'for i=1, #G.jokers.cards + #G.consumeables.cards do' on target 'functions/state_events.lua' for pattern patch from Cryptid-main\lovely\misc.toml resulted in no matches
WARN - [♥] Pattern 'local effects = {[1] = {playing_card = G.hand.cards[i]:get_end_of_round_effect()}}' on target 'functions/state_events.lua' for pattern patch from Cryptid-main\lovely\stake.toml resulted in no matches
WARN - [♥] Pattern 'G.GAME.current_round.voucher = get_next_voucher_key()' on target 'functions/state_events.lua' for pattern patch from Cryptid-main\lovely\sticker.toml resulted in no matches
WARN - [♥] Pattern 'G.GAME.current_round.voucher = get_next_voucher_key()' on target 'functions/state_events.lua' for pattern patch from Cryptid-main\lovely\Voucher.toml resulted in no matches
WARN - [♥] Pattern 'if effects[ii].card then' on target 'functions/state_events.lua' for pattern patch from Talisman\lovely.toml resulted in no matches
WARN - [♥] Pattern 'if effects.jokers.Xmult_mod then mult = mod_mult(mult*effects.jokers.Xmult_mod);extras.mult = true  end' on target 'functions/state_events.lua' for pattern patch from Talisman\lovely.toml resulted in no matches
WARN - [♥] Pattern 'if effect.Xmult_mod then mult = mod_mult(mult*effect.Xmult_mod);extras.mult = true  end' on target 'functions/state_events.lua' for pattern patch from Talisman\lovely.toml resulted in no matches
WARN - [♥] Pattern 'if effects[ii].message then' on target 'functions/state_events.lua' for pattern patch from Talisman\lovely.toml resulted in no matches
WARN - [♥] Pattern '--calculate the card edition effects' on target 'functions/state_events.lua' for pattern patch from Talisman\lovely.toml resulted in no matches
WARN - [♥] Pattern 'if effects[ii].edition.p_dollars_mod then' on target 'functions/state_events.lua' for pattern patch from Talisman\lovely.toml resulted in no matches
WARN - [♥] Pattern 'if edition_effects.jokers.x_mult_mod then' on target 'functions/state_events.lua' for pattern patch from Talisman\lovely.toml resulted in no matches
WARN - [♥] Pattern 'if SMODS.has_enhancement(scoring_hand[i], \'m_glass\') and not scoring_hand[i].debuff and pseudorandom(\'glass\') < G.GAME.probabilities.normal/(scoring_hand[i].ability.name == \'Glass Card\' and scoring_hand[i].ability.extra or G.P_CENTERS.m_glass.config.extra) then' on target 'functions/state_events.lua' for pattern patch from Cryptid-main\lovely\Probability.toml resulted in no matches
WARN - [♥] Regex '(?<indent>[\\t ]*)if destroyed then \\n' on target 'functions/state_events.lua' for regex patch from Cryptid-main\lovely\seal.toml resulted in no matches
INFO - [♥] Applied 82 patches to 'functions/state_events.lua'
WARN - [♥] Pattern '{n=G.UIT.T, config={text = localize(\'$\')..config.dollars, scale = 1.2*scale, colour = G.C.WHITE, shadow = true, juice = true}}' on target 'functions/common_events.lua' for pattern patch from Cryptid-main\lovely\code.toml resulted in no matches
WARN - [♥] Pattern 'G.shop_jokers.T.w = G.GAME.shop.joker_max*1.01*G.CARD_W' on target 'functions/common_events.lua' for pattern patch from Cryptid-main\lovely\equilibrium.toml resulted in no matches
WARN - [♥] Pattern 'function generate_card_ui(_c, full_UI_table, specific_vars, card_type, badges, hide_desc, main_start, main_end)' on target 'functions/common_events.lua' for pattern patch from Cryptid-main\lovely\lib_misc.toml resulted in no matches
WARN - [♥] Pattern 'elseif v.boss.showdown and (G.GAME.round_resets.ante)%G.GAME.win_ante == 0 and G.GAME.round_resets.ante >= 2 then' on target 'functions/common_events.lua' for pattern patch from Cryptid-main\lovely\stake.toml resulted in no matches
WARN - [♥] Regex 'localize\\(\'ph_mr_bones\'\\)..\' \'\\}, colours = \\{G.C.FILTER' on target 'functions/common_events.lua' for regex patch from Cryptid-main\lovely\code.toml resulted in no matches
WARN - [♥] Pattern 'if num_dollars > 60 then' on target 'functions/common_events.lua' for pattern patch from Talisman\lovely.toml resulted in no matches
WARN - [♥] Pattern 'func = (function() if eval_func(card) then if not first or first then card:juice_up(0.1, 0.1) end;juice_card_until(card, eval_func, nil, 0.8) end return true end)' on target 'functions/common_events.lua' for pattern patch from Talisman\lovely.toml resulted in no matches
INFO - [♥] Applied 176 patches to 'functions/common_events.lua'
WARN - [♥] Pattern 'if ((G.GAME.dollars-G.GAME.bankrupt_at) - 10 >= 0) and' on target 'functions/button_callbacks.lua' for pattern patch from Talisman\lovely.toml resulted in no matches
INFO - [♥] Applied 74 patches to 'functions/button_callbacks.lua'
WARN - [♥] Pattern '*then G.E_MANAGER:add_event(Event({ func = function() G.GAME.blind:set_blind(nil, true, nil); return true end })) end' on target 'card.lua' for pattern patch from smods-main\lovely\calculate_card_added.toml resulted in 2 matches, wanted 1
WARN - [♥] Ignoring excess matches
WARN - [♥] Pattern 'if not initial then G.GAME.blind:debuff_card(self) end' on target 'card.lua' for pattern patch from Cryptid-main\lovely\lib_misc.toml resulted in no matches
WARN - [♥] Pattern 'if self.ability.name == \'Campfire\' and G.GAME.blind.boss and not (G.GAME.blind.config and G.GAME.blind.config.bonus) and self.ability.x_mult > 1 then' on target 'card.lua' for pattern patch from Cryptid-main\lovely\misc.toml resulted in no matches
WARN - [♥] Pattern 'if self.ability.name:find(\'Arcana\') then' on target 'card.lua' for pattern patch from Cryptid-main\lovely\misprint.toml resulted in no matches
WARN - [♥] Pattern 'if self.ability.name == \'The Hermit\' or self.ability.consumeable.hand_type or self.ability.name == \'Temperance\' or self.ability.name == \'Black Hole\' then' on target 'card.lua' for pattern patch from Cryptid-main\lovely\stake.toml resulted in no matches
WARN - [♥] Pattern 'if self.ability.queue_negative_removal then' on target 'card.lua' for pattern patch from Cryptid-main\lovely\sticker.toml resulted in no matches
WARN - [♥] Pattern 'G.GAME.current_round.voucher = nil' on target 'card.lua' for pattern patch from Cryptid-main\lovely\Voucher.toml resulted in no matches
WARN - [♥] Pattern 'if G.GAME.blind then G.E_MANAGER:add_event(Event({ func = function() G.GAME.blind:set_blind(nil, true, nil); return true end })) end' on target 'card.lua' for pattern patch from Talisman\lovely.toml resulted in no matches
WARN - [♥] Pattern 'x_mult = center.config.Xmult or 1,' on target 'card.lua' for pattern patch from Talisman\lovely.toml resulted in no matches
WARN - [♥] Pattern 'elseif self.ability.name == \'Business Card\' then loc_vars = {\'\'..(G.GAME and G.GAME.probabilities.normal or 1), self.ability.extra}' on target 'card.lua' for pattern patch from Cryptid-main\lovely\Probability.toml resulted in no matches
WARN - [♥] Pattern 'pseudorandom(\'business\') < G.GAME.probabilities.normal/self.ability.extra then' on target 'card.lua' for pattern patch from Cryptid-main\lovely\Probability.toml resulted in no matches
INFO - [♥] Applied 255 patches to 'card.lua'
INFO - [♥] Applied 19 patches to 'cardarea.lua'
INFO - [♥] Applied 40 patches to 'blind.lua'
INFO - [♥] Applied 2 patches to 'card_character.lua'
INFO - [♥] Applied 5 patches to 'engine/text.lua'
INFO - [♥] Applied 2 patches to '=[SMODS _ "src/utils.lua"]'
INFO - [♥] Applied 4 patches to '=[SMODS _ "src/overrides.lua"]'
INFO - [♥] Applied 1 patch to '=[SMODS _ "src/game_object.lua"]'
INFO - [G] Failed to connect to the debug server
INFO - [G] 2025-04-17 07:27:18 :: DEBUG :: DebugConsole :: Steamodded Debug Socket started !
INFO - [G] 2025-04-17 07:27:18 :: INFO  :: SMODS :: Steamodded v1.0.0~BETA-0416b
INFO - [♥] Applied 9 patches to 'engine/sound_manager.lua'
INFO - [♥] Applied 3 patches to 'engine/save_manager.lua'
INFO - [♥] Applied 2 patches to 'engine/string_packer.lua'
INFO - [♥] Applied 4 patches to '=[SMODS _ "src/card_draw.lua"]'
INFO - [G] 2025-04-17 07:27:20 :: TRACE :: Loader :: Processing Mod file (Legacy header): Azazel.lua
INFO - [G] 2025-04-17 07:27:20 :: TRACE :: Loader :: Saving Mod Info: AzzysJokers
INFO - [G] 2025-04-17 07:27:20 :: INFO  :: Loader :: Valid JSON file found
INFO - [G] 2025-04-17 07:27:20 :: INFO  :: Loader :: Valid JSON file found
INFO - [G] 2025-04-17 07:27:21 :: INFO  :: Loader :: Valid JSON file found
INFO - [G] 2025-04-17 07:27:21 :: INFO  :: Loader :: Valid JSON file found
INFO - [G] 2025-04-17 07:27:21 :: TRACE :: Loader :: Processing Mod file (Legacy header): steamodded_metadata.lua
INFO - [G] 2025-04-17 07:27:21 :: TRACE :: Loader :: Saving Mod Info: Talisman
INFO - [G] 2025-04-17 07:27:21 :: INFO  :: Loader :: Valid JSON file found
INFO - [G] 2025-04-17 07:27:21 :: TRACE :: Loader :: Processing Mod file (Legacy header): MoreFluff.lua
INFO - [G] 2025-04-17 07:27:21 :: TRACE :: Loader :: Saving Mod Info: MoreFluff
INFO - [G] 2025-04-17 07:27:21 :: INFO  :: Loader :: Valid JSON file found
INFO - [G] 2025-04-17 07:27:21 :: INFO  :: Loader :: Valid JSON file found
INFO - [G] 2025-04-17 07:27:21 :: INFO  :: Loader :: Valid JSON file found
INFO - [G] 2025-04-17 07:27:21 :: INFO  :: Loader :: Valid JSON file found
INFO - [G] 2025-04-17 07:27:21 :: INFO  :: Loader :: Valid JSON file found
INFO - [G] 2025-04-17 07:27:21 :: TRACE :: Loader :: Processing Mod file (Legacy header): main.lua
INFO - [G] 2025-04-17 07:27:21 :: TRACE :: Loader :: Saving Mod Info: sdm0sstuff
INFO - [G] 2025-04-17 07:27:21 :: INFO  :: Loader :: Valid JSON file found
INFO - [G] 2025-04-17 07:27:21 :: INFO  :: Loader :: Valid JSON file found
INFO - [G] 2025-04-17 07:27:21 :: TRACE :: Loader :: Processing Mod file (Legacy header): steamodded_metadata.lua
INFO - [G] 2025-04-17 07:27:21 :: WARN  :: Loader :: Duplicate Mod ID: Talisman
INFO - [G] 2025-04-17 07:27:21 :: WARN  :: Loader :: Duplicate Mod prefix talisman used by Talisman, Talisman
INFO - [G] 2025-04-17 07:27:21 :: INFO  :: Loader :: Valid JSON file found
INFO - [G] 2025-04-17 07:27:21 :: ERROR :: Loader :: Found invalid metadata JSON file at C:\Users\erikk\AppData\Roaming\Balatro\Mods/TooManyDecks-main/.vscode/settings.json, ignoring: [SMODS _ "src/loader.lua"]:226: id
INFO - [G] 2025-04-17 07:27:21 :: INFO  :: Loader :: Valid JSON file found
INFO - [G] 2025-04-17 07:27:21 :: INFO  :: Loader :: Valid JSON file found
INFO - [G] 2025-04-17 07:27:21 :: INFO  :: Loader :: Valid JSON file found
INFO - [G] 2025-04-17 07:27:21 :: TRACE :: Loader :: Mod AzzysJokers was unable to load: 
INFO - [G] 2025-04-17 07:27:21 :: TRACE :: Loader :: Mod ExtremeDecks was unable to load: 
INFO - [G] 2025-04-17 07:27:21 :: TRACE :: Loader :: Mod FlowerPot was unable to load: 
INFO - [G] 2025-04-17 07:27:21 :: TRACE :: Loader :: Mod L6_luckyjimbo was unable to load: 
INFO - [G] 2025-04-17 07:27:21 :: TRACE :: Loader :: Mod MoreFluff was unable to load: 
INFO - [G] 2025-04-17 07:27:21 :: TRACE :: Loader :: Mod Neato_Jokers was unable to load: 
INFO - [G] 2025-04-17 07:27:21 :: TRACE :: Loader :: Mod Prism was unable to load: 
INFO - [G] 2025-04-17 07:27:21 :: TRACE :: Loader :: Mod RuinaDecks was unable to load: 
INFO - [G] 2025-04-17 07:27:21 :: TRACE :: Loader :: Mod SGTMD was unable to load: 
INFO - [G] 2025-04-17 07:27:21 :: TRACE :: Loader :: Mod SKHDecks was unable to load: 
INFO - [G] 2025-04-17 07:27:21 :: TRACE :: Loader :: Mod TOGAPack was unable to load: 
INFO - [G] 2025-04-17 07:27:21 :: TRACE :: Loader :: Mod TerrariaXBalatro was unable to load: 
INFO - [G] 2025-04-17 07:27:21 :: TRACE :: Loader :: Mod kcvanilla was unable to load: 
INFO - [G] 2025-04-17 07:27:21 :: TRACE :: Loader :: Mod sdm0sstuff was unable to load: 
INFO - [G] 2025-04-17 07:27:21 :: TRACE :: Loader :: Mod plantain was unable to load: 
INFO - [G] 2025-04-17 07:27:21 :: TRACE :: Loader :: Mod quilombo was unable to load: 
INFO - [G] 2025-04-17 07:27:21 :: TRACE :: Loader :: Mod mistigris was unable to load: 
INFO - [G] [CRYPTID] Loading library file ascended.lua
INFO - [G] [CRYPTID] Loading library file calculate.lua
INFO - [G] [CRYPTID] Loading library file content.lua
INFO - [G] [CRYPTID] Loading library file cross-mod.lua
INFO - [G] [CRYPTID] Loading library file d20.lua
INFO - [G] [CRYPTID] Loading library file event.lua
INFO - [G] [CRYPTID] Loading library file gameset.lua
INFO - [G] [CRYPTID] Loading library file https.lua
INFO - [G] 2025-04-17 07:27:21 :: DEBUG :: SMODS.https :: Using https module backend
INFO - [G] [CRYPTID] Loading library file misc.lua
INFO - [G] [CRYPTID] Loading library file misprintize.lua
INFO - [G] [CRYPTID] Loading library file modifiers.lua
INFO - [G] 2025-04-17 07:27:21 :: WARN  :: Sticker :: Detected duplicate register call on object perishable
INFO - [G] 2025-04-17 07:27:21 :: WARN  :: Sticker :: Detected duplicate register call on object pinned
INFO - [G] 2025-04-17 07:27:21 :: WARN  :: Sticker :: Detected duplicate register call on object eternal
INFO - [G] 2025-04-17 07:27:21 :: WARN  :: Sticker :: Detected duplicate register call on object rental
INFO - [G] [CRYPTID] Loading library file notifications.lua
INFO - [G] [CRYPTID] Loading library file overrides.lua
INFO - [G] [CRYPTID] Loading library file ui.lua
INFO - [G] [CRYPTID] Loading file achievement.lua
INFO - [G] [CRYPTID] Loading file blind.lua
INFO - [G] [CRYPTID] Loading file challenge.lua
INFO - [G] [CRYPTID] Loading file code.lua
INFO - [G] [CRYPTID] Loading file deck.lua
INFO - [G] [CRYPTID] Loading file enhanced.lua
INFO - [G] [CRYPTID] Loading file epic.lua
INFO - [G] [CRYPTID] Loading file exotic.lua
INFO - [G] [CRYPTID] Loading file joker_display.lua
INFO - [G] [CRYPTID] Loading file m.lua
INFO - [G] [CRYPTID] Loading file misc.lua
INFO - [G] [CRYPTID] Loading file misc_joker.lua
INFO - [G] [CRYPTID] Loading file planet.lua
INFO - [G] [CRYPTID] Loading file sleeve.lua
INFO - [G] [CRYPTID] Loading file spectral.lua
INFO - [G] [CRYPTID] Loading file spooky.lua
INFO - [G] [CRYPTID] Loading file stake.lua
INFO - [G] [CRYPTID] Loading file tag.lua
INFO - [G] [CRYPTID] Loading file test.lua
INFO - [G] [CRYPTID] Loading file voucher.lua
INFO - [G] 2025-04-17 07:27:21 :: WARN  :: Atlas :: Object cry_effarcire has the same key as an existing object, not registering.
INFO - [G] 2025-04-17 07:27:21 :: WARN  :: Atlas :: If you want to modify an existing object, use take_ownership()
INFO - [G] 2025-04-17 07:27:21 :: TRACE :: Loader :: Mod draft was unable to load: 
INFO - [G] 2025-04-17 07:27:21 :: INFO  :: TIMER :: [0000] Injected Language in 0.002 ms
INFO - [G] 2025-04-17 07:27:21 :: INFO  :: TIMER :: [0000] Injected [INTERNAL] in 1.944 ms
INFO - [G] 2025-04-17 07:27:22 :: INFO  :: TIMER :: [0031] Injected Atlas in 1355.354 ms
INFO - [G] 2025-04-17 07:27:22 :: INFO  :: TIMER :: [0030] Injected Sound in 148.963 ms
INFO - [G] 2025-04-17 07:27:22 :: INFO  :: TIMER :: [0032] Injected Stake in 1.166 ms
INFO - [G] 2025-04-17 07:27:22 :: INFO  :: TIMER :: [0008] Injected Rarity in 0.038 ms
INFO - [G] 2025-04-17 07:27:22 :: INFO  :: TIMER :: [0010] Injected ObjectType in 0.087 ms
INFO - [G] 2025-04-17 07:27:22 :: INFO  :: TIMER :: [0387] Injected Center in 2.876 ms
INFO - [G] 2025-04-17 07:27:22 :: INFO  :: TIMER :: [0009] Injected Undiscovered Sprite in 0.013 ms
INFO - [G] 2025-04-17 07:27:22 :: INFO  :: TIMER :: [0029] Injected Blind in 0.052 ms
INFO - [G] 2025-04-17 07:27:22 :: INFO  :: TIMER :: [0006] Injected Seal in 0.443 ms
INFO - [G] 2025-04-17 07:27:22 :: INFO  :: TIMER :: [0004] Injected Suit in 0.115 ms
INFO - [G] 2025-04-17 07:27:22 :: INFO  :: TIMER :: [0013] Injected Rank in 0.098 ms
INFO - [G] 2025-04-17 07:27:22 :: INFO  :: TIMER :: [0028] Injected DeckSkin in 0.538 ms
INFO - [G] 2025-04-17 07:27:22 :: INFO  :: TIMER :: [0016] Injected PokerHand in 0.112 ms
INFO - [G] 2025-04-17 07:27:22 :: INFO  :: TIMER :: [0031] Injected Challenge in 0.084 ms
INFO - [G] 2025-04-17 07:27:22 :: INFO  :: TIMER :: [0028] Injected Tag in 0.047 ms
INFO - [G] 2025-04-17 07:27:22 :: INFO  :: TIMER :: [0009] Injected Sticker in 0.220 ms
INFO - [G] 2025-04-17 07:27:23 :: INFO  :: TIMER :: [0009] Injected Shader in 134.557 ms
INFO - [G] 2025-04-17 07:27:23 :: INFO  :: TIMER :: [0002] Injected Keybind in 0.013 ms
INFO - [G] 2025-04-17 07:27:23 :: INFO  :: TIMER :: [0021] Injected Achievement in 0.180 ms
INFO - [G] 2025-04-17 07:27:23 :: INFO  :: TIMER :: [0002] Injected nil in 0.009 ms
INFO - [G] 2025-04-17 07:27:23 :: INFO  :: TIMER :: [0023] Injected Draw Step in 0.127 ms
INFO - [G] 2025-04-17 07:27:23 :: INFO  :: TIMER :: [0000] Injected [INTERNAL] in 22.486 ms
INFO - [G] 2025-04-17 07:27:23 :: INFO  :: TIMER :: [0010] Injected Other in 0.022 ms
INFO - [♥] Applied 1 patch to '=[SMODS _ "smods-https-thread.lua"]'
INFO - [G] 2025-04-17 07:27:28 :: DEBUG :: SMODS.https(1) :: Using https module backend
INFO - [♥] Applied 1 patch to '=[SMODS _ "smods-https-thread.lua"]'
INFO - [G] 2025-04-17 07:28:28 :: DEBUG :: SMODS.https(2) :: Using https module backend
INFO - [G] 2025-04-17 07:28:59 :: INFO  :: TIMER :: [0000] Injected Language in 0.001 ms
INFO - [G] 2025-04-17 07:28:59 :: INFO  :: TIMER :: [0000] Injected [INTERNAL] in 1.502 ms
INFO - [G] 2025-04-17 07:29:01 :: INFO  :: TIMER :: [0031] Injected Atlas in 1355.251 ms
INFO - [G] 2025-04-17 07:29:01 :: INFO  :: TIMER :: [0030] Injected Sound in 0.099 ms
INFO - [G] 2025-04-17 07:29:01 :: INFO  :: TIMER :: [0032] Injected Stake in 0.165 ms
INFO - [G] 2025-04-17 07:29:01 :: INFO  :: TIMER :: [0008] Injected Rarity in 0.028 ms
INFO - [G] 2025-04-17 07:29:01 :: INFO  :: TIMER :: [0010] Injected ObjectType in 0.073 ms
INFO - [G] 2025-04-17 07:29:01 :: INFO  :: TIMER :: [0387] Injected Center in 1.765 ms
INFO - [G] 2025-04-17 07:29:01 :: INFO  :: TIMER :: [0009] Injected Undiscovered Sprite in 0.014 ms
INFO - [G] 2025-04-17 07:29:01 :: INFO  :: TIMER :: [0029] Injected Blind in 0.037 ms
INFO - [G] 2025-04-17 07:29:01 :: INFO  :: TIMER :: [0006] Injected Seal in 0.182 ms
INFO - [G] 2025-04-17 07:29:01 :: INFO  :: TIMER :: [0004] Injected Suit in 0.066 ms
INFO - [G] 2025-04-17 07:29:01 :: INFO  :: TIMER :: [0013] Injected Rank in 0.097 ms
INFO - [G] 2025-04-17 07:29:01 :: INFO  :: TIMER :: [0028] Injected DeckSkin in 0.217 ms
INFO - [G] 2025-04-17 07:29:01 :: INFO  :: TIMER :: [0016] Injected PokerHand in 0.099 ms
INFO - [G] 2025-04-17 07:29:01 :: INFO  :: TIMER :: [0031] Injected Challenge in 0.072 ms
INFO - [G] 2025-04-17 07:29:01 :: INFO  :: TIMER :: [0028] Injected Tag in 0.042 ms
INFO - [G] 2025-04-17 07:29:01 :: INFO  :: TIMER :: [0009] Injected Sticker in 0.143 ms
INFO - [G] 2025-04-17 07:29:01 :: INFO  :: TIMER :: [0009] Injected Shader in 46.612 ms
INFO - [G] 2025-04-17 07:29:01 :: INFO  :: TIMER :: [0002] Injected Keybind in 0.009 ms
INFO - [G] 2025-04-17 07:29:01 :: INFO  :: TIMER :: [0021] Injected Achievement in 0.141 ms
INFO - [G] 2025-04-17 07:29:01 :: INFO  :: TIMER :: [0002] Injected nil in 0.008 ms
INFO - [G] 2025-04-17 07:29:01 :: INFO  :: TIMER :: [0023] Injected Draw Step in 0.045 ms
INFO - [G] 2025-04-17 07:29:01 :: INFO  :: TIMER :: [0000] Injected [INTERNAL] in 6.747 ms
INFO - [G] 2025-04-17 07:29:01 :: INFO  :: TIMER :: [0010] Injected Other in 0.019 ms
INFO - [G] LONG DT @ 100: 0.1
INFO - [G] LONG DT @ 12: 0.083503000000001
INFO - [G] LONG DT @ 12: 0.067388399999999
INFO - [G] LONG DT @ 12: 0.054440700000001
INFO - [♥] Applied 1 patch to '=[SMODS _ "smods-https-thread.lua"]'
INFO - [G] 2025-04-17 07:30:11 :: DEBUG :: SMODS.https(3) :: Using https module backend
INFO - [♥] Applied 1 patch to '=[SMODS _ "smods-https-thread.lua"]'
INFO - [G] 2025-04-17 07:31:15 :: DEBUG :: SMODS.https(4) :: Using https module backend
INFO - [G] 2025-04-17 07:31:39 :: INFO  :: TIMER :: [0000] Injected Language in 0.002 ms
INFO - [G] 2025-04-17 07:31:39 :: INFO  :: TIMER :: [0000] Injected [INTERNAL] in 1.512 ms
INFO - [G] 2025-04-17 07:31:40 :: INFO  :: TIMER :: [0031] Injected Atlas in 1346.104 ms
INFO - [G] 2025-04-17 07:31:40 :: INFO  :: TIMER :: [0030] Injected Sound in 0.082 ms
INFO - [G] 2025-04-17 07:31:40 :: INFO  :: TIMER :: [0032] Injected Stake in 0.205 ms
INFO - [G] 2025-04-17 07:31:40 :: INFO  :: TIMER :: [0008] Injected Rarity in 0.029 ms
INFO - [G] 2025-04-17 07:31:40 :: INFO  :: TIMER :: [0010] Injected ObjectType in 0.071 ms
INFO - [G] 2025-04-17 07:31:40 :: INFO  :: TIMER :: [0387] Injected Center in 1.627 ms
INFO - [G] 2025-04-17 07:31:40 :: INFO  :: TIMER :: [0009] Injected Undiscovered Sprite in 0.020 ms
INFO - [G] 2025-04-17 07:31:40 :: INFO  :: TIMER :: [0029] Injected Blind in 0.050 ms
INFO - [G] 2025-04-17 07:31:40 :: INFO  :: TIMER :: [0006] Injected Seal in 0.129 ms
INFO - [G] 2025-04-17 07:31:40 :: INFO  :: TIMER :: [0004] Injected Suit in 0.066 ms
INFO - [G] 2025-04-17 07:31:40 :: INFO  :: TIMER :: [0013] Injected Rank in 0.084 ms
INFO - [G] 2025-04-17 07:31:40 :: INFO  :: TIMER :: [0028] Injected DeckSkin in 0.224 ms
INFO - [G] 2025-04-17 07:31:40 :: INFO  :: TIMER :: [0016] Injected PokerHand in 0.044 ms
INFO - [G] 2025-04-17 07:31:40 :: INFO  :: TIMER :: [0031] Injected Challenge in 0.433 ms
INFO - [G] 2025-04-17 07:31:40 :: INFO  :: TIMER :: [0028] Injected Tag in 0.039 ms
INFO - [G] 2025-04-17 07:31:40 :: INFO  :: TIMER :: [0009] Injected Sticker in 0.116 ms
INFO - [G] 2025-04-17 07:31:40 :: INFO  :: TIMER :: [0009] Injected Shader in 46.631 ms
INFO - [G] 2025-04-17 07:31:40 :: INFO  :: TIMER :: [0002] Injected Keybind in 0.006 ms
INFO - [G] 2025-04-17 07:31:40 :: INFO  :: TIMER :: [0021] Injected Achievement in 0.147 ms
INFO - [G] 2025-04-17 07:31:40 :: INFO  :: TIMER :: [0002] Injected nil in 0.009 ms
INFO - [G] 2025-04-17 07:31:40 :: INFO  :: TIMER :: [0023] Injected Draw Step in 0.035 ms
INFO - [G] 2025-04-17 07:31:40 :: INFO  :: TIMER :: [0000] Injected [INTERNAL] in 6.510 ms
INFO - [G] 2025-04-17 07:31:40 :: INFO  :: TIMER :: [0010] Injected Other in 0.018 ms
INFO - [G] LONG DT @ 16: 0.1
INFO - [G] LONG DT @ 12: 0.08319326
INFO - [G] LONG DT @ 12: 0.067061907999993
INFO - [G] LONG DT @ 12: 0.054263946399994
INFO - [♥] Applied 1 patch to '=[SMODS _ "smods-https-thread.lua"]'
INFO - [G] 2025-04-17 07:32:21 :: DEBUG :: SMODS.https(5) :: Using https module backend
INFO - [♥] Applied 1 patch to '=[SMODS _ "smods-https-thread.lua"]'
INFO - [G] 2025-04-17 07:33:21 :: DEBUG :: SMODS.https(6) :: Using https module backend
INFO - [♥] Applied 1 patch to '=[SMODS _ "smods-https-thread.lua"]'
INFO - [G] 2025-04-17 07:34:21 :: DEBUG :: SMODS.https(7) :: Using https module backend
INFO - [♥] Applied 1 patch to '=[SMODS _ "smods-https-thread.lua"]'
INFO - [G] 2025-04-17 07:35:21 :: DEBUG :: SMODS.https(8) :: Using https module backend
INFO - [♥] Applied 1 patch to '=[SMODS _ "smods-https-thread.lua"]'
INFO - [G] 2025-04-17 07:36:21 :: DEBUG :: SMODS.https(9) :: Using https module backend
INFO - [♥] Applied 1 patch to '=[SMODS _ "smods-https-thread.lua"]'
INFO - [G] 2025-04-17 07:37:21 :: DEBUG :: SMODS.https(10) :: Using https module backend
INFO - [♥] Applied 1 patch to '=[SMODS _ "smods-https-thread.lua"]'
INFO - [G] 2025-04-17 07:38:21 :: DEBUG :: SMODS.https(11) :: Using https module backend
INFO - [♥] Applied 1 patch to '=[SMODS _ "smods-https-thread.lua"]'
INFO - [G] 2025-04-17 07:39:22 :: DEBUG :: SMODS.https(12) :: Using https module backend
INFO - [♥] Applied 1 patch to '=[SMODS _ "smods-https-thread.lua"]'
INFO - [G] 2025-04-17 07:40:22 :: DEBUG :: SMODS.https(13) :: Using https module backend
INFO - [♥] Applied 1 patch to '=[SMODS _ "smods-https-thread.lua"]'
INFO - [G] 2025-04-17 07:41:22 :: DEBUG :: SMODS.https(14) :: Using https module backend
INFO - [♥] Applied 1 patch to '=[SMODS _ "smods-https-thread.lua"]'
INFO - [G] 2025-04-17 07:42:22 :: DEBUG :: SMODS.https(15) :: Using https module backend
INFO - [♥] Applied 1 patch to '=[SMODS _ "smods-https-thread.lua"]'
INFO - [G] 2025-04-17 07:43:23 :: DEBUG :: SMODS.https(16) :: Using https module backend
INFO - [♥] Applied 1 patch to '=[SMODS _ "smods-https-thread.lua"]'
INFO - [G] 2025-04-17 07:44:23 :: DEBUG :: SMODS.https(17) :: Using https module backend
INFO - [♥] Applied 1 patch to '=[SMODS _ "smods-https-thread.lua"]'
INFO - [G] 2025-04-17 07:45:24 :: DEBUG :: SMODS.https(18) :: Using https module backend
INFO - [♥] Applied 1 patch to '=[SMODS _ "smods-https-thread.lua"]'
INFO - [G] 2025-04-17 07:46:24 :: DEBUG :: SMODS.https(19) :: Using https module backend
INFO - [♥] Applied 1 patch to '=[SMODS _ "smods-https-thread.lua"]'
INFO - [G] 2025-04-17 07:47:24 :: DEBUG :: SMODS.https(20) :: Using https module backend
INFO - [♥] Applied 1 patch to '=[SMODS _ "smods-https-thread.lua"]'
INFO - [G] 2025-04-17 07:48:34 :: DEBUG :: SMODS.https(21) :: Using https module backend
INFO - [♥] Applied 1 patch to '=[SMODS _ "smods-https-thread.lua"]'
INFO - [G] 2025-04-17 07:49:34 :: DEBUG :: SMODS.https(22) :: Using https module backend
INFO - [♥] Applied 1 patch to '=[SMODS _ "smods-https-thread.lua"]'
INFO - [G] 2025-04-17 07:50:35 :: DEBUG :: SMODS.https(23) :: Using https module backend
INFO - [♥] Applied 1 patch to '=[SMODS _ "smods-https-thread.lua"]'
INFO - [G] 2025-04-17 07:51:36 :: DEBUG :: SMODS.https(24) :: Using https module backend
INFO - [♥] Applied 1 patch to '=[SMODS _ "smods-https-thread.lua"]'
INFO - [G] 2025-04-17 07:52:37 :: DEBUG :: SMODS.https(25) :: Using https module backend
INFO - [G] LONG DT @ 309: 0.1
INFO - [G] LONG DT @ 309: 0.083970739999977
INFO - [G] LONG DT @ 309: 0.070984571999992
INFO - [G] LONG DT @ 309: 0.060575117600006
INFO - [G] LONG DT @ 309: 0.051046754080002
INFO - [G] LONG DT @ 343: 0.1
INFO - [G] LONG DT @ 343: 0.083967060000014
INFO - [G] LONG DT @ 343: 0.070987207999991
INFO - [G] LONG DT @ 343: 0.060919006400013
INFO - [G] LONG DT @ 343: 0.050711845119986
INFO - [♥] Applied 1 patch to '=[SMODS _ "smods-https-thread.lua"]'
INFO - [G] 2025-04-17 07:53:38 :: DEBUG :: SMODS.https(26) :: Using https module backend
INFO - [G] LONG DT @ 379: 0.1
INFO - [G] LONG DT @ 380: 0.081936260000002
INFO - [G] LONG DT @ 380: 0.067418267999969
INFO - [G] LONG DT @ 380: 0.056035034400008
INFO - [G] LONG DT @ 402: 0.090312916828821
INFO - [G] LONG DT @ 402: 0.076464653463085
INFO - [G] LONG DT @ 402: 0.065148862770474
INFO - [G] LONG DT @ 402: 0.055901730216343
INFO - [♥] Applied 1 patch to '=[SMODS _ "smods-https-thread.lua"]'
INFO - [G] 2025-04-17 07:54:39 :: DEBUG :: SMODS.https(27) :: Using https module backend
INFO - [♥] Applied 1 patch to '=[SMODS _ "smods-https-thread.lua"]'
INFO - [G] 2025-04-17 07:55:39 :: DEBUG :: SMODS.https(28) :: Using https module backend
INFO - [♥] Applied 1 patch to '=[SMODS _ "smods-https-thread.lua"]'
INFO - [G] 2025-04-17 07:56:40 :: DEBUG :: SMODS.https(29) :: Using https module backend
INFO - [♥] Applied 1 patch to '=[SMODS _ "smods-https-thread.lua"]'
INFO - [G] 2025-04-17 07:57:40 :: DEBUG :: SMODS.https(30) :: Using https module backend
INFO - [♥] Applied 1 patch to '=[SMODS _ "smods-https-thread.lua"]'
INFO - [G] 2025-04-17 07:58:40 :: DEBUG :: SMODS.https(31) :: Using https module backend
INFO - [♥] Applied 1 patch to '=[SMODS _ "smods-https-thread.lua"]'
INFO - [G] 2025-04-17 07:59:40 :: DEBUG :: SMODS.https(32) :: Using https module backend
INFO - [♥] Applied 1 patch to '=[SMODS _ "smods-https-thread.lua"]'
INFO - [G] 2025-04-17 08:00:40 :: DEBUG :: SMODS.https(33) :: Using https module backend
INFO - [♥] Applied 1 patch to '=[SMODS _ "smods-https-thread.lua"]'
INFO - [G] 2025-04-17 08:01:40 :: DEBUG :: SMODS.https(34) :: Using https module backend
INFO - [♥] Applied 1 patch to '=[SMODS _ "smods-https-thread.lua"]'
INFO - [G] 2025-04-17 08:02:41 :: DEBUG :: SMODS.https(35) :: Using https module backend
INFO - [♥] Applied 1 patch to '=[SMODS _ "smods-https-thread.lua"]'
INFO - [G] 2025-04-17 08:03:41 :: DEBUG :: SMODS.https(36) :: Using https module backend
INFO - [♥] Applied 1 patch to '=[SMODS _ "smods-https-thread.lua"]'
INFO - [G] 2025-04-17 08:04:41 :: DEBUG :: SMODS.https(37) :: Using https module backend
INFO - [♥] Applied 1 patch to '=[SMODS _ "smods-https-thread.lua"]'
INFO - [G] 2025-04-17 08:05:41 :: DEBUG :: SMODS.https(38) :: Using https module backend
INFO - [♥] Applied 1 patch to '=[SMODS _ "smods-https-thread.lua"]'
INFO - [G] 2025-04-17 08:06:41 :: DEBUG :: SMODS.https(39) :: Using https module backend
INFO - [♥] Applied 1 patch to '=[SMODS _ "smods-https-thread.lua"]'
INFO - [G] 2025-04-17 08:07:41 :: DEBUG :: SMODS.https(40) :: Using https module backend
INFO - [♥] Applied 1 patch to '=[SMODS _ "smods-https-thread.lua"]'
INFO - [G] 2025-04-17 08:08:42 :: DEBUG :: SMODS.https(41) :: Using https module backend
INFO - [♥] Applied 1 patch to '=[SMODS _ "smods-https-thread.lua"]'
INFO - [G] 2025-04-17 08:09:42 :: DEBUG :: SMODS.https(42) :: Using https module backend
INFO - [♥] Applied 1 patch to '=[SMODS _ "smods-https-thread.lua"]'
INFO - [G] 2025-04-17 08:10:42 :: DEBUG :: SMODS.https(43) :: Using https module backend
INFO - [♥] Applied 1 patch to '=[SMODS _ "smods-https-thread.lua"]'
INFO - [G] 2025-04-17 08:11:42 :: DEBUG :: SMODS.https(44) :: Using https module backend
INFO - [♥] Applied 1 patch to '=[SMODS _ "smods-https-thread.lua"]'
INFO - [G] 2025-04-17 08:12:42 :: DEBUG :: SMODS.https(45) :: Using https module backend
INFO - [♥] Applied 1 patch to '=[SMODS _ "smods-https-thread.lua"]'
INFO - [G] 2025-04-17 08:13:42 :: DEBUG :: SMODS.https(46) :: Using https module backend
INFO - [♥] Applied 1 patch to '=[SMODS _ "smods-https-thread.lua"]'
INFO - [G] 2025-04-17 08:14:43 :: DEBUG :: SMODS.https(47) :: Using https module backend
INFO - [♥] Applied 1 patch to '=[SMODS _ "smods-https-thread.lua"]'
INFO - [G] 2025-04-17 08:15:43 :: DEBUG :: SMODS.https(48) :: Using https module backend
INFO - [♥] Applied 1 patch to '=[SMODS _ "smods-https-thread.lua"]'
INFO - [G] 2025-04-17 08:16:43 :: DEBUG :: SMODS.https(49) :: Using https module backend
INFO - [♥] Applied 1 patch to '=[SMODS _ "smods-https-thread.lua"]'
INFO - [G] 2025-04-17 08:17:45 :: DEBUG :: SMODS.https(50) :: Using https module backend
INFO - [♥] Applied 1 patch to '=[SMODS _ "smods-https-thread.lua"]'
INFO - [G] 2025-04-17 08:18:45 :: DEBUG :: SMODS.https(51) :: Using https module backend
INFO - [♥] Applied 1 patch to '=[SMODS _ "smods-https-thread.lua"]'
INFO - [G] 2025-04-17 08:19:45 :: DEBUG :: SMODS.https(52) :: Using https module backend
INFO - [♥] Applied 1 patch to '=[SMODS _ "smods-https-thread.lua"]'
INFO - [G] 2025-04-17 08:20:49 :: DEBUG :: SMODS.https(53) :: Using https module backend
INFO - [♥] Applied 1 patch to '=[SMODS _ "smods-https-thread.lua"]'
INFO - [G] 2025-04-17 08:21:49 :: DEBUG :: SMODS.https(54) :: Using https module backend
INFO - [♥] Applied 1 patch to '=[SMODS _ "smods-https-thread.lua"]'
INFO - [G] 2025-04-17 08:22:49 :: DEBUG :: SMODS.https(55) :: Using https module backend
INFO - [♥] Applied 1 patch to '=[SMODS _ "smods-https-thread.lua"]'
INFO - [G] 2025-04-17 08:23:49 :: DEBUG :: SMODS.https(56) :: Using https module backend
INFO - [♥] Applied 1 patch to '=[SMODS _ "smods-https-thread.lua"]'
INFO - [G] 2025-04-17 08:24:49 :: DEBUG :: SMODS.https(57) :: Using https module backend
