INFO - [♥] Lovely 0.7.1
INFO - [♥] Game directory is at "C:\\Program Files (x86)\\Steam\\steamapps\\common\\Balatro"
INFO - [♥] Writing logs to "C:\\Users\\erikk\\AppData\\Roaming\\Balatro\\Mods\\lovely\\log"
INFO - [♥] Using mod directory at "C:\\Users\\erikk\\AppData\\Roaming\\Balatro\\Mods"
INFO - [♥] Found .lovelyignore in 'Art-of-the-Deal.The-peoples-card-collection-main', skipping it.
INFO - [♥] Found .lovelyignore in 'BadAppleBalatro-main', skipping it.
INFO - [♥] Found .lovelyignore in 'balatro-highest-priestess-main', skipping it.
INFO - [♥] Found .lovelyignore in 'BalatroBakery-main', skipping it.
INFO - [♥] Found .lovelyignore in 'Buffoonery-main', skipping it.
INFO - [♥] Found .lovelyignore in 'Cardsauce', skipping it.
INFO - [♥] Found .lovelyignore in 'CelesteCardCollection-main', skipping it.
INFO - [♥] Found .lovelyignore in 'D6-Jokers-main', skipping it.
INFO - [♥] Found .lovelyignore in 'DebugPlus-master', skipping it.
INFO - [♥] Found .lovelyignore in 'Diceylatro', skipping it.
INFO - [♥] Found .lovelyignore in 'Emporium-main', skipping it.
INFO - [♥] Found .lovelyignore in 'EvaJokers-main', skipping it.
INFO - [♥] Found .lovelyignore in 'Friends-of-Jokers-main', skipping it.
INFO - [♥] Found .lovelyignore in 'Galdur-master', skipping it.
INFO - [♥] Found .lovelyignore in 'join-the-crowd-mod-main', skipping it.
INFO - [♥] Found .lovelyignore in 'JokerHub-main', skipping it.
INFO - [♥] Found .lovelyignore in 'JoyousSpring-main', skipping it.
INFO - [♥] Found .lovelyignore in 'kcvanilla-master', skipping it.
INFO - [♥] Found .lovelyignore in 'Kino-main', skipping it.
INFO - [♥] Found .lovelyignore in 'luckyjimbos-main', skipping it.
INFO - [♥] Found .lovelyignore in 'Magic-the-Jokering-main', skipping it.
INFO - [♥] Found .lovelyignore in 'Maximus-main', skipping it.
INFO - [♥] Found .lovelyignore in 'my_balatro_mods-main', skipping it.
INFO - [♥] Found .lovelyignore in 'NeatoJokers-main', skipping it.
INFO - [♥] Found .lovelyignore in 'paperback-main', skipping it.
INFO - [♥] Found .lovelyignore in 'Plantain-main', skipping it.
INFO - [♥] Found .lovelyignore in 'SDM_0-s-Stuff-main', skipping it.
INFO - [♥] Found .lovelyignore in 'Talisman', skipping it.
INFO - [♥] Found .lovelyignore in 'Tesseract', skipping it.
INFO - [♥] Found .lovelyignore in 'TheThreeDeposit', skipping it.
INFO - [♥] Found .lovelyignore in 'Unsorted-main', skipping it.
INFO - [♥] Cleaning up dumps directory at "C:\\Users\\erikk\\AppData\\Roaming\\Balatro\\Mods\\lovely\\dump"
INFO - [♥] Initialization complete in 135ms
INFO - [♥] Applied 14 patches to 'main.lua'
INFO - [♥] Applied 5 patches to 'engine/controller.lua'
INFO - [♥] Applied 15 patches to 'back.lua'
INFO - [♥] Applied 7 patches to 'tag.lua'
INFO - [♥] Applied 1 patch to 'engine/moveable.lua'
INFO - [♥] Applied 2 patches to 'engine/sprite.lua'
INFO - [♥] Applied 2 patches to 'engine/animatedsprite.lua'
INFO - [♥] Applied 43 patches to 'functions/misc_functions.lua'
INFO - [♥] Applied 30 patches to 'game.lua'
INFO - [♥] Applied 1 patch to 'globals.lua'
INFO - [♥] Applied 3 patches to 'engine/ui.lua'
INFO - [♥] Applied 73 patches to 'functions/UI_definitions.lua'
INFO - [♥] Applied 43 patches to 'functions/state_events.lua'
INFO - [♥] Applied 100 patches to 'functions/common_events.lua'
INFO - [♥] Applied 43 patches to 'functions/button_callbacks.lua'
WARN - [♥] Pattern 'G.GAME.pack_choices = self.config.center.config.choose or 1' on target 'card.lua' for pattern patch from Prism-main\lovely.toml resulted in no matches
INFO - [♥] Applied 136 patches to 'card.lua'
INFO - [♥] Applied 8 patches to 'cardarea.lua'
INFO - [♥] Applied 34 patches to 'blind.lua'
INFO - [♥] Applied 2 patches to 'engine/text.lua'
INFO - [♥] Applied 3 patches to 'challenges.lua'
INFO - [G] Failed to connect to the debug server
INFO - [G] 2025-03-05 15:03:01 :: DEBUG :: DebugConsole :: Steamodded Debug Socket started !
INFO - [♥] Applied 9 patches to 'engine/sound_manager.lua'
INFO - [♥] Applied 1 patch to 'engine/save_manager.lua'
INFO - [G] 2025-03-05 15:03:03 :: INFO  :: DefaultLogger :: Valid JSON file found
INFO - [G] 2025-03-05 15:03:03 :: TRACE :: Loader :: Processing Mod file (Legacy header): BadAppleJoker.lua
INFO - [G] 2025-03-05 15:03:03 :: TRACE :: Loader :: Saving Mod Info: BadApple
INFO - [G] 2025-03-05 15:03:03 :: INFO  :: DefaultLogger :: Valid JSON file found
INFO - [G] 2025-03-05 15:03:03 :: INFO  :: DefaultLogger :: Valid JSON file found
INFO - [G] 2025-03-05 15:03:03 :: TRACE :: Loader :: Processing Mod file (Legacy header): main.lua
INFO - [G] 2025-03-05 15:03:03 :: TRACE :: Loader :: Saving Mod Info: Cardsauce
INFO - [G] 2025-03-05 15:03:03 :: TRACE :: Loader :: Processing Mod file (Legacy header): main.lua
INFO - [G] 2025-03-05 15:03:03 :: TRACE :: Loader :: Saving Mod Info: CelesteCardCollection
INFO - [G] 2025-03-05 15:03:03 :: ERROR :: Loader :: Found invalid metadata JSON file at C:\Users\erikk\AppData\Roaming\Balatro\Mods/CelesteCardCollection-main/settings.json, ignoring: [lovely json "libs/json/json.lua"]:185: expected string for key at line 3 col 57
INFO - [G] 2025-03-05 15:03:03 :: TRACE :: Loader :: Processing Mod file (Legacy header): CodexArcanum.lua
INFO - [G] 2025-03-05 15:03:03 :: TRACE :: Loader :: Saving Mod Info: CodexArcanum
INFO - [G] 2025-03-05 15:03:03 :: INFO  :: DefaultLogger :: Valid JSON file found
INFO - [G] 2025-03-05 15:03:03 :: ERROR :: Loader :: Found invalid metadata JSON file at C:\Users\erikk\AppData\Roaming\Balatro\Mods/DebugPlus-master/.luarc.json, ignoring: [SMODS _ "src/loader.lua"]:226: id
INFO - [G] 2025-03-05 15:03:03 :: ERROR :: Loader :: Found invalid metadata JSON file at C:\Users\erikk\AppData\Roaming\Balatro\Mods/DebugPlus-master/dev/.luarc.json, ignoring: [SMODS _ "src/loader.lua"]:226: id
INFO - [G] 2025-03-05 15:03:03 :: INFO  :: DefaultLogger :: Valid JSON file found
INFO - [G] 2025-03-05 15:03:03 :: INFO  :: DefaultLogger :: Valid JSON file found
INFO - [G] 2025-03-05 15:03:03 :: INFO  :: DefaultLogger :: Valid JSON file found
INFO - [G] 2025-03-05 15:03:03 :: TRACE :: Loader :: Processing Mod file (Legacy header): EvaJokers.lua
INFO - [G] 2025-03-05 15:03:03 :: TRACE :: Loader :: Saving Mod Info: EvaJokers
INFO - [G] 2025-03-05 15:03:03 :: INFO  :: DefaultLogger :: Valid JSON file found
INFO - [G] 2025-03-05 15:03:03 :: INFO  :: DefaultLogger :: Valid JSON file found
INFO - [G] 2025-03-05 15:03:03 :: TRACE :: Loader :: Processing Mod file (Legacy header): JestersPrivilege.lua
INFO - [G] 2025-03-05 15:03:03 :: TRACE :: Loader :: Saving Mod Info: JestersPrivilege
INFO - [G] 2025-03-05 15:03:03 :: INFO  :: DefaultLogger :: Valid JSON file found
INFO - [G] 2025-03-05 15:03:03 :: INFO  :: DefaultLogger :: Valid JSON file found
INFO - [G] 2025-03-05 15:03:03 :: INFO  :: DefaultLogger :: Valid JSON file found
INFO - [G] 2025-03-05 15:03:03 :: INFO  :: DefaultLogger :: Valid JSON file found
INFO - [G] 2025-03-05 15:03:03 :: INFO  :: DefaultLogger :: Valid JSON file found
INFO - [G] 2025-03-05 15:03:03 :: INFO  :: DefaultLogger :: Valid JSON file found
INFO - [G] 2025-03-05 15:03:03 :: INFO  :: DefaultLogger :: Valid JSON file found
INFO - [G] 2025-03-05 15:03:03 :: INFO  :: DefaultLogger :: Valid JSON file found
INFO - [G] 2025-03-05 15:03:03 :: TRACE :: Loader :: Processing Mod file (Legacy header): main.lua
INFO - [G] 2025-03-05 15:03:03 :: TRACE :: Loader :: Saving Mod Info: sdm0sstuff
INFO - [G] 2025-03-05 15:03:03 :: ERROR :: Loader :: Found invalid metadata JSON file at C:\Users\erikk\AppData\Roaming\Balatro\Mods/SnoresvilleTurbulentJokers/SnoresvilleTurbulentJokers.json, ignoring: [SMODS _ "src/loader.lua"]:105: attempt to call method 'gmatch' (a nil value)
INFO - [G] 2025-03-05 15:03:03 :: TRACE :: Loader :: Processing Mod file (Legacy header): steamodded_metadata.lua
INFO - [G] 2025-03-05 15:03:03 :: TRACE :: Loader :: Saving Mod Info: Talisman
INFO - [G] 2025-03-05 15:03:03 :: INFO  :: DefaultLogger :: Valid JSON file found
INFO - [G] 2025-03-05 15:03:03 :: TRACE :: Loader :: Processing Mod file (Legacy header): main.lua
INFO - [G] 2025-03-05 15:03:03 :: TRACE :: Loader :: Saving Mod Info: THREEDEPOSIT
INFO - [G] 2025-03-05 15:03:03 :: TRACE :: Loader :: Processing Mod file (Legacy header): main.lua
INFO - [G] 2025-03-05 15:03:03 :: TRACE :: Loader :: Saving Mod Info: unsorted
INFO - [G] 2025-03-05 15:03:03 :: INFO  :: DefaultLogger :: Valid JSON file found
INFO - [G] 2025-03-05 15:03:03 :: TRACE :: Loader :: Processing Mod file (Legacy header): DnDJ.lua
INFO - [G] 2025-03-05 15:03:03 :: TRACE :: Loader :: Saving Mod Info: dndj
INFO - [G] 2025-03-05 15:03:03 :: TRACE :: Loader :: Processing Mod file (Legacy header): main.lua
INFO - [G] 2025-03-05 15:03:03 :: TRACE :: Loader :: Saving Mod Info: JoinTheCrowd
INFO - [G] 2025-03-05 15:03:03 :: INFO  :: DefaultLogger :: Valid JSON file found
INFO - [G] 2025-03-05 15:03:03 :: INFO  :: DefaultLogger :: Valid JSON file found
INFO - [G] 2025-03-05 15:03:03 :: TRACE :: Loader :: Processing Mod file (Legacy header): 5_legendary_challenges.lua
INFO - [G] 2025-03-05 15:03:03 :: TRACE :: Loader :: Saving Mod Info: legendaryChallenges
INFO - [G] 2025-03-05 15:03:03 :: TRACE :: Loader :: Processing Mod file (Legacy header): Betmma_Abilities.lua
INFO - [G] 2025-03-05 15:03:03 :: TRACE :: Loader :: Saving Mod Info: BetmmaAbilities
INFO - [G] 2025-03-05 15:03:03 :: TRACE :: Loader :: Processing Mod file (Legacy header): Betmma_Jokers.lua
INFO - [G] 2025-03-05 15:03:03 :: TRACE :: Loader :: Saving Mod Info: BetmmaJokers
INFO - [G] 2025-03-05 15:03:03 :: TRACE :: Loader :: Processing Mod file (Legacy header): Betmma_Spells.lua
INFO - [G] 2025-03-05 15:03:03 :: TRACE :: Loader :: Saving Mod Info: BetmmaSpells
INFO - [G] 2025-03-05 15:03:03 :: TRACE :: Loader :: Processing Mod file (Legacy header): Betmma_Voucher_Pack.lua
INFO - [G] 2025-03-05 15:03:03 :: TRACE :: Loader :: Saving Mod Info: BetmmaVoucherPack
INFO - [G] 2025-03-05 15:03:03 :: TRACE :: Loader :: Processing Mod file (Legacy header): Betmma_Vouchers.lua
INFO - [G] 2025-03-05 15:03:03 :: TRACE :: Loader :: Saving Mod Info: BetmmaVouchers
INFO - [G] 2025-03-05 15:03:03 :: TRACE :: Loader :: Processing Mod file (Legacy header): better_vouchers_this_run_ui.lua
INFO - [G] 2025-03-05 15:03:03 :: TRACE :: Loader :: Saving Mod Info: BetterVouchersThisRunUI
INFO - [G] 2025-03-05 15:03:03 :: ERROR :: Loader :: Found invalid metadata JSON file at C:\Users\erikk\AppData\Roaming\Balatro\Mods/paperback-main/.vscode/settings.json, ignoring: [SMODS _ "src/loader.lua"]:226: id
INFO - [G] 2025-03-05 15:03:03 :: INFO  :: DefaultLogger :: Valid JSON file found
INFO - [G] 2025-03-05 15:03:03 :: TRACE :: Loader :: Mod galdur was unable to load: 
INFO - [G] 2025-03-05 15:03:03 :: TRACE :: Loader :: Mod D6Joker was unable to load: 
INFO - [G] 2025-03-05 15:03:03 :: TRACE :: Loader :: Mod CodexArcanum was unable to load: 
INFO - [G] 2025-03-05 15:03:03 :: TRACE :: Loader :: Mod BetmmaVouchers was unable to load: 
INFO - [G] 2025-03-05 15:03:03 :: TRACE :: Loader :: Mod BadApple was unable to load: 
INFO - [G] 2025-03-05 15:03:03 :: TRACE :: Loader :: Mod Bakery was unable to load: 
INFO - [G] 2025-03-05 15:03:03 :: TRACE :: Loader :: Mod BetmmaAbilities was unable to load: 
INFO - [G] 2025-03-05 15:03:03 :: TRACE :: Loader :: Mod BetmmaJokers was unable to load: 
INFO - [G] 2025-03-05 15:03:03 :: TRACE :: Loader :: Mod BetmmaSpells was unable to load: Missing Dependencies: 1: BetmmaAbilities>=1.0.3


INFO - [G] 2025-03-05 15:03:03 :: TRACE :: Loader :: Mod BetmmaVoucherPack was unable to load: Missing Dependencies: 1: BetmmaVouchers


INFO - [G] 2025-03-05 15:03:03 :: TRACE :: Loader :: Mod BetterVouchersThisRunUI was unable to load: 
INFO - [G] 2025-03-05 15:03:03 :: TRACE :: Loader :: Mod Buffoonery was unable to load: 
INFO - [G] 2025-03-05 15:03:03 :: TRACE :: Loader :: Mod Cardsauce was unable to load: 
INFO - [G] 2025-03-05 15:03:03 :: TRACE :: Loader :: Mod DebugPlus was unable to load: 
INFO - [G] 2025-03-05 15:03:03 :: TRACE :: Loader :: Mod Emporium was unable to load: Missing Dependencies: 1: Talisman (>=2.0.2)


INFO - [G] 2025-03-05 15:03:03 :: TRACE :: Loader :: Mod EvaJokers was unable to load: 
INFO - [G] 2025-03-05 15:03:03 :: TRACE :: Loader :: Mod HighestPriestess was unable to load: 
INFO - [G] 2025-03-05 15:03:03 :: TRACE :: Loader :: Mod JestersPrivilege was unable to load: 
INFO - [G] 2025-03-05 15:03:03 :: TRACE :: Loader :: Mod JoinTheCrowd was unable to load: 
INFO - [G] 2025-03-05 15:03:03 :: TRACE :: Loader :: Mod JoyousSpring was unable to load: 
INFO - [G] 2025-03-05 15:03:03 :: TRACE :: Loader :: Mod L6_luckyjimbo was unable to load: 
INFO - [G] 2025-03-05 15:03:03 :: TRACE :: Loader :: Mod Maximus was unable to load: Missing Dependencies: 1: Talisman (>=2.0.2)


INFO - [G] 2025-03-05 15:03:03 :: TRACE :: Loader :: Mod Neato_Jokers was unable to load: 
INFO - [G] 2025-03-05 15:03:03 :: TRACE :: Loader :: Mod THREEDEPOSIT was unable to load: 
INFO - [G] 2025-03-05 15:03:03 :: TRACE :: Loader :: Mod Talisman was unable to load: 
INFO - [G] 2025-03-05 15:03:03 :: TRACE :: Loader :: Mod aotd was unable to load: 
INFO - [G] 2025-03-05 15:03:03 :: TRACE :: Loader :: Mod diceylatro was unable to load: 
INFO - [G] 2025-03-05 15:03:03 :: TRACE :: Loader :: Mod dndj was unable to load: Missing Dependencies: 1: Talisman


INFO - [G] 2025-03-05 15:03:03 :: TRACE :: Loader :: Mod friends_of_jokers was unable to load: 
INFO - [G] 2025-03-05 15:03:03 :: TRACE :: Loader :: Mod kcvanilla was unable to load: 
INFO - [G] 2025-03-05 15:03:03 :: TRACE :: Loader :: Mod kino was unable to load: 
INFO - [G] 2025-03-05 15:03:03 :: TRACE :: Loader :: Mod legendaryChallenges was unable to load: 
INFO - [G] 2025-03-05 15:03:03 :: TRACE :: Loader :: Mod magic_the_jokering was unable to load: 
INFO - [G] 2025-03-05 15:03:03 :: TRACE :: Loader :: Mod paperback was unable to load: 
INFO - [G] 2025-03-05 15:03:03 :: TRACE :: Loader :: Mod sdm0sstuff was unable to load: 
INFO - [G] 2025-03-05 15:03:03 :: TRACE :: Loader :: Mod tesseract was unable to load: 
INFO - [G] 2025-03-05 15:03:03 :: TRACE :: Loader :: Mod unsorted was unable to load: 
INFO - [G] 2025-03-05 15:03:03 :: TRACE :: Loader :: Mod jokerhub was unable to load: 
INFO - [G] 2025-03-05 15:03:03 :: TRACE :: Loader :: Mod plantain was unable to load: 
INFO - [G] 2025-03-05 15:03:03 :: TRACE :: Loader :: Mod CelesteCardCollection was unable to load: 
INFO - [G] 2025-03-05 15:03:03 :: INFO  :: TIMER :: [0000] Injected Language in 0.002 ms
INFO - [G] 2025-03-05 15:03:03 :: INFO  :: TIMER :: [0000] Injected [INTERNAL] in 1.551 ms
INFO - [G] 2025-03-05 15:03:04 :: INFO  :: TIMER :: [0011] Injected Atlas in 756.186 ms
INFO - [G] 2025-03-05 15:03:04 :: INFO  :: TIMER :: [0002] Injected Sound in 2.896 ms
INFO - [G] 2025-03-05 15:03:04 :: INFO  :: TIMER :: [0008] Injected Stake in 0.198 ms
INFO - [G] 2025-03-05 15:03:04 :: INFO  :: TIMER :: [0004] Injected Rarity in 0.017 ms
INFO - [G] 2025-03-05 15:03:04 :: INFO  :: TIMER :: [0005] Injected ObjectType in 0.040 ms
INFO - [G] 2025-03-05 15:03:04 :: INFO  :: TIMER :: [0099] Injected Center in 0.856 ms
INFO - [G] 2025-03-05 15:03:04 :: INFO  :: TIMER :: [0008] Injected Undiscovered Sprite in 0.012 ms
INFO - [G] 2025-03-05 15:03:04 :: INFO  :: TIMER :: [0005] Injected Blind in 0.017 ms
INFO - [G] 2025-03-05 15:03:04 :: INFO  :: TIMER :: [0006] Injected Seal in 1.070 ms
INFO - [G] 2025-03-05 15:03:04 :: INFO  :: TIMER :: [0004] Injected Suit in 0.124 ms
INFO - [G] 2025-03-05 15:03:04 :: INFO  :: TIMER :: [0013] Injected Rank in 0.051 ms
INFO - [G] 2025-03-05 15:03:04 :: INFO  :: TIMER :: [0028] Injected DeckSkin in 0.241 ms
INFO - [G] 2025-03-05 15:03:04 :: INFO  :: TIMER :: [0012] Injected PokerHand in 0.068 ms
INFO - [G] 2025-03-05 15:03:04 :: INFO  :: TIMER :: [0022] Injected Challenge in 0.027 ms
INFO - [G] 2025-03-05 15:03:04 :: INFO  :: TIMER :: [0001] Injected Tag in 0.007 ms
INFO - [G] 2025-03-05 15:03:04 :: INFO  :: TIMER :: [0004] Injected Sticker in 0.081 ms
INFO - [G] 2025-03-05 15:03:04 :: INFO  :: TIMER :: [0000] Injected Shader in 0.001 ms
INFO - [G] 2025-03-05 15:03:04 :: INFO  :: TIMER :: [0001] Injected Keybind in 0.006 ms
INFO - [G] 2025-03-05 15:03:04 :: INFO  :: TIMER :: [0000] Injected Achievement in 0.075 ms
INFO - [G] 2025-03-05 15:03:04 :: INFO  :: TIMER :: [0002] Injected nil in 0.009 ms
INFO - [G] 2025-03-05 15:03:04 :: INFO  :: TIMER :: [0021] Injected Draw Step in 0.043 ms
INFO - [G] 2025-03-05 15:03:04 :: INFO  :: TIMER :: [0000] Injected [INTERNAL] in 1.756 ms
INFO - [G] 2025-03-05 15:04:26 :: INFO  :: TIMER :: [0000] Injected Language in 0.001 ms
INFO - [G] 2025-03-05 15:04:26 :: INFO  :: TIMER :: [0000] Injected [INTERNAL] in 1.539 ms
INFO - [G] 2025-03-05 15:04:27 :: INFO  :: TIMER :: [0011] Injected Atlas in 747.839 ms
INFO - [G] 2025-03-05 15:04:27 :: INFO  :: TIMER :: [0002] Injected Sound in 0.010 ms
INFO - [G] 2025-03-05 15:04:27 :: INFO  :: TIMER :: [0008] Injected Stake in 0.139 ms
INFO - [G] 2025-03-05 15:04:27 :: INFO  :: TIMER :: [0004] Injected Rarity in 0.016 ms
INFO - [G] 2025-03-05 15:04:27 :: INFO  :: TIMER :: [0005] Injected ObjectType in 0.050 ms
INFO - [G] 2025-03-05 15:04:27 :: INFO  :: TIMER :: [0099] Injected Center in 1.023 ms
INFO - [G] 2025-03-05 15:04:27 :: INFO  :: TIMER :: [0008] Injected Undiscovered Sprite in 0.012 ms
INFO - [G] 2025-03-05 15:04:27 :: INFO  :: TIMER :: [0005] Injected Blind in 0.015 ms
INFO - [G] 2025-03-05 15:04:27 :: INFO  :: TIMER :: [0006] Injected Seal in 0.152 ms
INFO - [G] 2025-03-05 15:04:27 :: INFO  :: TIMER :: [0004] Injected Suit in 0.065 ms
INFO - [G] 2025-03-05 15:04:27 :: INFO  :: TIMER :: [0013] Injected Rank in 0.061 ms
INFO - [G] 2025-03-05 15:04:27 :: INFO  :: TIMER :: [0028] Injected DeckSkin in 0.156 ms
INFO - [G] 2025-03-05 15:04:27 :: INFO  :: TIMER :: [0012] Injected PokerHand in 0.036 ms
INFO - [G] 2025-03-05 15:04:27 :: INFO  :: TIMER :: [0022] Injected Challenge in 0.024 ms
INFO - [G] 2025-03-05 15:04:27 :: INFO  :: TIMER :: [0001] Injected Tag in 0.006 ms
INFO - [G] 2025-03-05 15:04:27 :: INFO  :: TIMER :: [0004] Injected Sticker in 0.068 ms
INFO - [G] 2025-03-05 15:04:27 :: INFO  :: TIMER :: [0000] Injected Shader in 0.001 ms
INFO - [G] 2025-03-05 15:04:27 :: INFO  :: TIMER :: [0001] Injected Keybind in 0.003 ms
INFO - [G] 2025-03-05 15:04:27 :: INFO  :: TIMER :: [0000] Injected Achievement in 0.056 ms
INFO - [G] 2025-03-05 15:04:27 :: INFO  :: TIMER :: [0002] Injected nil in 0.007 ms
INFO - [G] 2025-03-05 15:04:27 :: INFO  :: TIMER :: [0021] Injected Draw Step in 0.059 ms
INFO - [G] 2025-03-05 15:04:27 :: INFO  :: TIMER :: [0000] Injected [INTERNAL] in 1.717 ms
INFO - [G] LONG DT @ 28: 0.1
INFO - [G] LONG DT @ 12: 0.08107294
INFO - [G] LONG DT @ 12: 0.065258892000001
INFO - [G] LONG DT @ 12: 0.052534753600001
INFO - [G] 2025-03-05 15:04:31 :: INFO  :: TIMER :: [0000] Injected Language in 0.002 ms
INFO - [G] 2025-03-05 15:04:31 :: INFO  :: TIMER :: [0000] Injected [INTERNAL] in 1.533 ms
INFO - [G] 2025-03-05 15:04:32 :: INFO  :: TIMER :: [0011] Injected Atlas in 746.024 ms
INFO - [G] 2025-03-05 15:04:32 :: INFO  :: TIMER :: [0002] Injected Sound in 0.009 ms
INFO - [G] 2025-03-05 15:04:32 :: INFO  :: TIMER :: [0008] Injected Stake in 0.133 ms
INFO - [G] 2025-03-05 15:04:32 :: INFO  :: TIMER :: [0004] Injected Rarity in 0.017 ms
INFO - [G] 2025-03-05 15:04:32 :: INFO  :: TIMER :: [0005] Injected ObjectType in 0.036 ms
INFO - [G] 2025-03-05 15:04:32 :: INFO  :: TIMER :: [0099] Injected Center in 0.456 ms
INFO - [G] 2025-03-05 15:04:32 :: INFO  :: TIMER :: [0008] Injected Undiscovered Sprite in 0.013 ms
INFO - [G] 2025-03-05 15:04:32 :: INFO  :: TIMER :: [0005] Injected Blind in 0.014 ms
INFO - [G] 2025-03-05 15:04:32 :: INFO  :: TIMER :: [0006] Injected Seal in 0.115 ms
INFO - [G] 2025-03-05 15:04:32 :: INFO  :: TIMER :: [0004] Injected Suit in 0.068 ms
INFO - [G] 2025-03-05 15:04:32 :: INFO  :: TIMER :: [0013] Injected Rank in 0.067 ms
INFO - [G] 2025-03-05 15:04:32 :: INFO  :: TIMER :: [0028] Injected DeckSkin in 0.143 ms
INFO - [G] 2025-03-05 15:04:32 :: INFO  :: TIMER :: [0012] Injected PokerHand in 0.037 ms
INFO - [G] 2025-03-05 15:04:32 :: INFO  :: TIMER :: [0022] Injected Challenge in 0.059 ms
INFO - [G] 2025-03-05 15:04:32 :: INFO  :: TIMER :: [0001] Injected Tag in 0.006 ms
INFO - [G] 2025-03-05 15:04:32 :: INFO  :: TIMER :: [0004] Injected Sticker in 0.076 ms
INFO - [G] 2025-03-05 15:04:32 :: INFO  :: TIMER :: [0000] Injected Shader in 0.001 ms
INFO - [G] 2025-03-05 15:04:32 :: INFO  :: TIMER :: [0001] Injected Keybind in 0.003 ms
INFO - [G] 2025-03-05 15:04:32 :: INFO  :: TIMER :: [0000] Injected Achievement in 0.057 ms
INFO - [G] 2025-03-05 15:04:32 :: INFO  :: TIMER :: [0002] Injected nil in 0.008 ms
INFO - [G] 2025-03-05 15:04:32 :: INFO  :: TIMER :: [0021] Injected Draw Step in 0.031 ms
INFO - [G] 2025-03-05 15:04:32 :: INFO  :: TIMER :: [0000] Injected [INTERNAL] in 1.734 ms
INFO - [G] LONG DT @ 16: 0.1
INFO - [G] LONG DT @ 12: 0.08117304
INFO - [G] LONG DT @ 12: 0.065284151999999
INFO - [G] LONG DT @ 12: 0.052527781599999
