INFO - [♥] Lovely 0.7.1
INFO - [♥] Game directory is at "C:\\Program Files (x86)\\Steam\\steamapps\\common\\Balatro"
INFO - [♥] Writing logs to "C:\\Users\\erikk\\AppData\\Roaming\\Balatro\\Mods\\lovely\\log"
INFO - [♥] Using mod directory at "C:\\Users\\erikk\\AppData\\Roaming\\Balatro\\Mods"
INFO - [♥] Found .lovelyignore in 'Balatro-Draft-main', skipping it.
INFO - [♥] Found .lovelyignore in 'GARBSHIT-main', skipping it.
INFO - [♥] Found .lovelyignore in 'LobotomyCorp-main', skipping it.
WARN - [♥] Unknown key `patches.21.?.match_indent` found in patch file at "C:\\Users\\erikk\\AppData\\Roaming\\Balatro\\Mods\\Cryptid-main\\lovely\\code.toml", ignoring it
WARN - [♥] Unknown key `patches.18.?.overwrite` found in patch file at "C:\\Users\\erikk\\AppData\\Roaming\\Balatro\\Mods\\HandyBalatro-main\\lovely.toml", ignoring it
WARN - [♥] Unknown key `patches.49.?.match_indent` found in patch file at "C:\\Users\\erikk\\AppData\\Roaming\\Balatro\\Mods\\Talisman\\lovely.toml", ignoring it
WARN - [♥] Unknown key `patches.52.?.match_indent` found in patch file at "C:\\Users\\erikk\\AppData\\Roaming\\Balatro\\Mods\\Talisman\\lovely.toml", ignoring it
INFO - [♥] Cleaning up dumps directory at "C:\\Users\\erikk\\AppData\\Roaming\\Balatro\\Mods\\lovely\\dump"
INFO - [♥] Initialization complete in 94ms
INFO - [♥] Applied 1 patch to 'conf.lua'
WARN - [♥] Pattern 'G.ARGS.score_intensity.organ = G.video_organ or G.ARGS.score_intensity.required_score > 0 and math.max(math.min(0.4, 0.1*math.log(G.ARGS.score_intensity.earned_score/(G.ARGS.score_intensity.required_score+1), 5)),0.) or 0' on target 'main.lua' for pattern patch from Talisman\lovely.toml resulted in no matches
WARN - [♥] Pattern 'if type(G.GAME.current_round.current_hand.chips) ~= \'number\' or type(G.GAME.current_round.current_hand.mult) ~= \'number\' then' on target 'main.lua' for pattern patch from Talisman\lovely.toml resulted in no matches
INFO - [♥] Applied 36 patches to 'main.lua'
INFO - [♥] Applied 2 patches to 'engine/string_packer.lua'
INFO - [♥] Applied 17 patches to 'engine/controller.lua'
INFO - [♥] Applied 15 patches to 'back.lua'
WARN - [♥] Pattern 'local tag_sprite = Sprite(0,0,_size*1,_size*1,G.ASSET_ATLAS[(not self.hide_ability) and G.P_TAGS[self.key].atlas or \"tags\"], (self.hide_ability) and G.tag_undiscovered.pos or self.pos)' on target 'tag.lua' for pattern patch from Cryptid-main\lovely\cat.toml resulted in no matches
INFO - [♥] Applied 20 patches to 'tag.lua'
INFO - [♥] Applied 1 patch to 'engine/node.lua'
INFO - [♥] Applied 3 patches to 'engine/moveable.lua'
INFO - [♥] Applied 3 patches to 'engine/sprite.lua'
INFO - [♥] Applied 2 patches to 'engine/animatedsprite.lua'
WARN - [♥] Pattern 'assembled_string = assembled_string..(type(subpart) == \'string\' and subpart or args.vars[tonumber(subpart[1])] or \'ERROR\')' on target 'functions/misc_functions.lua' for pattern patch from Talisman\lovely.toml resulted in no matches
INFO - [♥] Applied 65 patches to 'functions/misc_functions.lua'
WARN - [♥] Pattern 'for i = 1, 2 do' on target 'game.lua' for pattern patch from Cryptid-main\lovely\stake.toml resulted in no matches
WARN - [♥] Pattern 'create_shop_card_ui(card, \'Voucher\', G.shop_vouchers)' on target 'game.lua' for pattern patch from Cryptid-main\lovely\stake.toml resulted in no matches
WARN - [♥] Pattern 'self.GAME.current_round.voucher = G.SETTINGS.tutorial_progress and G.SETTINGS.tutorial_progress.forced_voucher or SMODS.get_next_vouchers()' on target 'game.lua' for pattern patch from Cryptid-main\lovely\very_fair.toml resulted in no matches
WARN - [♥] Pattern 'Cryptid.profile_prefix = \"M\"' on target 'game.lua' for pattern patch from Entropy-main\lovely\game.toml resulted in no matches
WARN - [♥] Pattern '{card_limit = self.GAME.starting_params.consumable_slots, type = \'joker\', highlight_limit = 1})' on target 'game.lua' for pattern patch from TooManyDecks-main\lovely\limit.toml resulted in no matches
WARN - [♥] Pattern '{card_limit = self.GAME.starting_params.joker_slots, type = \'joker\', highlight_limit = 1})' on target 'game.lua' for pattern patch from TooManyDecks-main\lovely\limit.toml resulted in no matches
WARN - [♥] Pattern 'self.GAME.current_round.voucher = G.SETTINGS.tutorial_progress and G.SETTINGS.tutorial_progress.forced_voucher or get_next_voucher_key()' on target 'game.lua' for pattern patch from Cryptid-main\lovely\Voucher.toml resulted in no matches
WARN - [♥] Regex 'card\\:start_materialize\\(\\)\\n\\s+G\\.shop_vouchers\\:emplace\\(card\\)\\n\\s+end' on target 'game.lua' for regex patch from Cryptid-main\lovely\Voucher.toml resulted in no matches
INFO - [♥] Applied 105 patches to 'game.lua'
INFO - [♥] Applied 1 patch to 'globals.lua'
INFO - [♥] Applied 7 patches to 'engine/ui.lua'
WARN - [♥] Pattern 'G.GAME.shop.joker_max*1.02*G.CARD_W,' on target 'functions/UI_definitions.lua' for pattern patch from Cryptid-main\lovely\equilibrium.toml resulted in no matches
WARN - [♥] Pattern '{n=G.UIT.T, config={text = G.GAME.hands[handname].chips, scale = 0.45, colour = G.C.UI.TEXT_LIGHT}},' on target 'functions/UI_definitions.lua' for pattern patch from Talisman\lovely.toml resulted in no matches
WARN - [♥] Pattern '{n=G.UIT.T, config={text = G.GAME.hands[handname].mult, scale = 0.45, colour = G.C.UI.TEXT_LIGHT}}' on target 'functions/UI_definitions.lua' for pattern patch from Talisman\lovely.toml resulted in no matches
WARN - [♥] Pattern '{n=G.UIT.O, config={object = DynaText({string = {{ref_table = G.GAME.round_resets, ref_value = \'ante\'}}, colours = {G.C.IMPORTANT},shadow = true, font = G.LANGUAGES[\'en-us\'].font, scale = 2*scale}),id = \'ante_UI_count\'}},' on target 'functions/UI_definitions.lua' for pattern patch from Talisman\lovely.toml resulted in no matches
INFO - [♥] Applied 123 patches to 'functions/UI_definitions.lua'
WARN - [♥] Pattern 'ease_to = G.GAME.chips + math.floor(hand_chips * mult) * (e and e.antiscore and -1 or 1),' on target 'functions/state_events.lua' for pattern patch from Cryptid-main\lovely\blind.toml resulted in no matches
WARN - [♥] Pattern 'if reps[j] ~= 1 then' on target 'functions/state_events.lua' for pattern patch from Cryptid-main\lovely\misc.toml resulted in no matches
WARN - [♥] Pattern 'for i=1, #G.jokers.cards + #G.consumeables.cards do' on target 'functions/state_events.lua' for pattern patch from Cryptid-main\lovely\misc.toml resulted in no matches
WARN - [♥] Pattern 'local effects = {[1] = {playing_card = G.hand.cards[i]:get_end_of_round_effect()}}' on target 'functions/state_events.lua' for pattern patch from Cryptid-main\lovely\stake.toml resulted in no matches
WARN - [♥] Pattern 'G.GAME.current_round.voucher = get_next_voucher_key()' on target 'functions/state_events.lua' for pattern patch from Cryptid-main\lovely\sticker.toml resulted in no matches
WARN - [♥] Pattern 'update_hand_text({delay = 0}, {chips = extras.hand_chips and hand_chips, mult = extras.mult and mult})' on target 'functions/state_events.lua' for pattern patch from Entropy-main\lovely\eqmult.toml resulted in no matches
WARN - [♥] Pattern 'G.GAME.current_round.voucher = get_next_voucher_key()' on target 'functions/state_events.lua' for pattern patch from Cryptid-main\lovely\Voucher.toml resulted in no matches
WARN - [♥] Pattern 'if effects[ii].card then' on target 'functions/state_events.lua' for pattern patch from Talisman\lovely.toml resulted in no matches
WARN - [♥] Pattern 'if effects.jokers.Xmult_mod then mult = mod_mult(mult*effects.jokers.Xmult_mod);extras.mult = true  end' on target 'functions/state_events.lua' for pattern patch from Talisman\lovely.toml resulted in no matches
WARN - [♥] Pattern 'if effect.Xmult_mod then mult = mod_mult(mult*effect.Xmult_mod);extras.mult = true  end' on target 'functions/state_events.lua' for pattern patch from Talisman\lovely.toml resulted in no matches
WARN - [♥] Pattern 'if effects[ii].message then' on target 'functions/state_events.lua' for pattern patch from Talisman\lovely.toml resulted in no matches
WARN - [♥] Pattern '--calculate the card edition effects' on target 'functions/state_events.lua' for pattern patch from Talisman\lovely.toml resulted in no matches
WARN - [♥] Pattern 'if effects[ii].edition.p_dollars_mod then' on target 'functions/state_events.lua' for pattern patch from Talisman\lovely.toml resulted in no matches
WARN - [♥] Pattern 'if edition_effects.jokers.x_mult_mod then' on target 'functions/state_events.lua' for pattern patch from Talisman\lovely.toml resulted in no matches
WARN - [♥] Pattern 'if SMODS.has_enhancement(scoring_hand[i], \'m_glass\') and not scoring_hand[i].debuff and pseudorandom(\'glass\') < G.GAME.probabilities.normal/(scoring_hand[i].ability.name == \'Glass Card\' and scoring_hand[i].ability.extra or G.P_CENTERS.m_glass.config.extra) then' on target 'functions/state_events.lua' for pattern patch from Cryptid-main\lovely\Probability.toml resulted in no matches
WARN - [♥] Regex '(?<indent>[\\t ]*)if destroyed then \\n' on target 'functions/state_events.lua' for regex patch from Cryptid-main\lovely\seal.toml resulted in no matches
INFO - [♥] Applied 90 patches to 'functions/state_events.lua'
WARN - [♥] Pattern '{n=G.UIT.T, config={text = localize(\'$\')..config.dollars, scale = 1.2*scale, colour = G.C.WHITE, shadow = true, juice = true}}' on target 'functions/common_events.lua' for pattern patch from Cryptid-main\lovely\code.toml resulted in no matches
WARN - [♥] Pattern 'G.shop_jokers.T.w = G.GAME.shop.joker_max*1.01*G.CARD_W' on target 'functions/common_events.lua' for pattern patch from Cryptid-main\lovely\equilibrium.toml resulted in no matches
WARN - [♥] Pattern 'function generate_card_ui(_c, full_UI_table, specific_vars, card_type, badges, hide_desc, main_start, main_end)' on target 'functions/common_events.lua' for pattern patch from Cryptid-main\lovely\lib_misc.toml resulted in no matches
WARN - [♥] Pattern 'elseif v.boss.showdown and (G.GAME.round_resets.ante)%G.GAME.win_ante == 0 and G.GAME.round_resets.ante >= 2 then' on target 'functions/common_events.lua' for pattern patch from Cryptid-main\lovely\stake.toml resulted in no matches
WARN - [♥] Pattern '(self.ability.set == \'Voucher\' and {G.C.SECONDARY_SET.Voucher, G.C.CLEAR}) or ' on target 'functions/common_events.lua' for pattern patch from Entropy-main\lovely\dissolve_colours.toml resulted in no matches
WARN - [♥] Pattern '{n=G.UIT.O, config={object = DynaText({string = {\' \'..localize(\'ph_mr_bones\')..\' \'}, colours = {G.C.FILTER}, shadow = true, pop_in = 0, scale = 0.5*scale, silent = true})}}' on target 'functions/common_events.lua' for pattern patch from Entropy-main\lovely\never_lose.toml resulted in no matches
WARN - [♥] Pattern '{n=G.UIT.O, config={object = DynaText({string = {localize(\'$\')..num_dollars}, colours = {G.C.MONEY}, shadow = true, pop_in = 0, scale = 0.65, float = true})}}' on target 'functions/common_events.lua' for pattern patch from Entropy-main\lovely\rcode.toml resulted in no matches
WARN - [♥] Pattern '{n=G.UIT.O, config={object = DynaText({string = {localize(\'$\')..num_dollars}, colours = {G.C.RED}, shadow = true, pop_in = 0, scale = 0.65, float = true})}}' on target 'functions/common_events.lua' for pattern patch from Entropy-main\lovely\rcode.toml resulted in no matches
WARN - [♥] Regex 'localize\\(\'ph_mr_bones\'\\)..\' \'\\}, colours = \\{G.C.FILTER' on target 'functions/common_events.lua' for regex patch from Cryptid-main\lovely\code.toml resulted in no matches
WARN - [♥] Pattern 'if num_dollars > 60 then' on target 'functions/common_events.lua' for pattern patch from Talisman\lovely.toml resulted in no matches
WARN - [♥] Pattern 'func = (function() if eval_func(card) then if not first or first then card:juice_up(0.1, 0.1) end;juice_card_until(card, eval_func, nil, 0.8) end return true end)' on target 'functions/common_events.lua' for pattern patch from Talisman\lovely.toml resulted in no matches
INFO - [♥] Applied 194 patches to 'functions/common_events.lua'
WARN - [♥] Pattern 'if ((G.GAME.dollars-G.GAME.bankrupt_at) - 10 >= 0) and' on target 'functions/button_callbacks.lua' for pattern patch from Talisman\lovely.toml resulted in no matches
WARN - [♥] Regex '(?<indent>[\\t ]*)voucher_pool\\[i\\+\\(j-1\\)\\*4 \\+ \\(8\\*\\(args\\.cycle_config\\.current_option - 1\\)\\)\\]\\n[\\s\\S]{6}if not center then break end\\n[\\s\\S]{6}local card = Card\\(G\\.your_collection\\[j\\]\\.T\\.x \\+ G\\.your_collection\\[j\\]\\.T\\.w\\/2, G\\.your_collection\\[j\\]\\.T\\.y, G\\.CARD_W, G\\.CARD_H, G\\.P_CARDS\\.empty, center\\)' on target 'functions/button_callbacks.lua' for regex patch from Flower-Pot-main\lovely\stat_type.toml resulted in no matches
INFO - [♥] Applied 80 patches to 'functions/button_callbacks.lua'
WARN - [♥] Pattern '*then G.E_MANAGER:add_event(Event({ func = function() G.GAME.blind:set_blind(nil, true, nil); return true end })) end' on target 'card.lua' for pattern patch from smods-main\lovely\calculate_card_added.toml resulted in 2 matches, wanted 1
WARN - [♥] Ignoring excess matches
WARN - [♥] Pattern 'if not initial then G.GAME.blind:debuff_card(self) end' on target 'card.lua' for pattern patch from Cryptid-main\lovely\lib_misc.toml resulted in no matches
WARN - [♥] Pattern 'if self.ability.name == \'Campfire\' and G.GAME.blind.boss and not (G.GAME.blind.config and G.GAME.blind.config.bonus) and self.ability.x_mult > 1 then' on target 'card.lua' for pattern patch from Cryptid-main\lovely\misc.toml resulted in no matches
WARN - [♥] Pattern 'if self.ability.name:find(\'Arcana\') then' on target 'card.lua' for pattern patch from Cryptid-main\lovely\misprint.toml resulted in no matches
WARN - [♥] Pattern 'if self.ability.name == \'The Hermit\' or self.ability.consumeable.hand_type or self.ability.name == \'Temperance\' or self.ability.name == \'Black Hole\' then' on target 'card.lua' for pattern patch from Cryptid-main\lovely\stake.toml resulted in no matches
WARN - [♥] Pattern 'if self.ability.queue_negative_removal then' on target 'card.lua' for pattern patch from Cryptid-main\lovely\sticker.toml resulted in no matches
WARN - [♥] Pattern 'G.GAME.current_round.voucher = nil' on target 'card.lua' for pattern patch from Cryptid-main\lovely\Voucher.toml resulted in no matches
WARN - [♥] Pattern 'if G.GAME.blind then G.E_MANAGER:add_event(Event({ func = function() G.GAME.blind:set_blind(nil, true, nil); return true end })) end' on target 'card.lua' for pattern patch from Talisman\lovely.toml resulted in no matches
WARN - [♥] Pattern 'x_mult = center.config.Xmult or 1,' on target 'card.lua' for pattern patch from Talisman\lovely.toml resulted in no matches
WARN - [♥] Pattern 'elseif self.ability.name == \'Business Card\' then loc_vars = {\'\'..(G.GAME and G.GAME.probabilities.normal or 1), self.ability.extra}' on target 'card.lua' for pattern patch from Cryptid-main\lovely\Probability.toml resulted in no matches
WARN - [♥] Pattern 'pseudorandom(\'business\') < G.GAME.probabilities.normal/self.ability.extra then' on target 'card.lua' for pattern patch from Cryptid-main\lovely\Probability.toml resulted in no matches
WARN - [♥] Pattern 'local currentBack = self.params.viewed_back and G.GAME.viewed_back or G.GAME.selected_back' on target 'card.lua' for pattern patch from Galdur-master\lovely.toml resulted in no matches
INFO - [♥] Applied 271 patches to 'card.lua'
WARN - [♥] Pattern 'if card.edition.card_limit == -1 and #G.hand.cards < G.hand.config.card_limit then' on target 'cardarea.lua' for pattern patch from Entropy-main\lovely\hsize_mult.toml resulted in no matches
INFO - [♥] Applied 22 patches to 'cardarea.lua'
WARN - [♥] Pattern 'self.chips = get_blind_amount(G.GAME.round_resets.ante)*self.mult*G.GAME.starting_params.ante_scaling' on target 'blind.lua' for pattern patch from Entropy-main\lovely\game.toml resulted in no matches
WARN - [♥] Pattern 'self.chips = get_blind_amount(G.GAME.round_resets.ante)*self.mult*G.GAME.starting_params.ante_scaling' on target 'blind.lua' for pattern patch from Entropy-main\lovely\game.toml resulted in no matches
INFO - [♥] Applied 42 patches to 'blind.lua'
INFO - [♥] Applied 3 patches to 'card_character.lua'
INFO - [♥] Applied 5 patches to 'engine/text.lua'
INFO - [♥] Applied 1 patch to '=[SMODS _ "src/ui.lua"]'
INFO - [♥] Applied 2 patches to '=[SMODS _ "src/utils.lua"]'
INFO - [♥] Applied 6 patches to '=[SMODS _ "src/overrides.lua"]'
INFO - [♥] Applied 3 patches to '=[SMODS _ "src/game_object.lua"]'
INFO - [G] Failed to connect to the debug server
INFO - [G] 2025-05-04 17:04:07 :: DEBUG :: DebugConsole :: Steamodded Debug Socket started !
INFO - [G] 2025-05-04 17:04:07 :: INFO  :: SMODS :: Steamodded v1.0.0~BETA-0427a
INFO - [♥] Applied 9 patches to 'engine/sound_manager.lua'
INFO - [♥] Applied 3 patches to 'engine/save_manager.lua'
INFO - [♥] Applied 2 patches to 'engine/string_packer.lua'
INFO - [♥] Applied 4 patches to '=[SMODS _ "src/card_draw.lua"]'
INFO - [G] 2025-05-04 17:04:09 :: INFO  :: Loader :: Valid JSON file found
INFO - [G] 2025-05-04 17:04:09 :: INFO  :: Loader :: Valid JSON file found
INFO - [G] 2025-05-04 17:04:09 :: INFO  :: Loader :: Valid JSON file found
INFO - [G] 2025-05-04 17:04:09 :: INFO  :: Loader :: Valid JSON file found
INFO - [G] 2025-05-04 17:04:09 :: ERROR :: Loader :: Found invalid metadata JSON file at C:\Users\erikk\AppData\Roaming\Balatro\Mods/Entropy-main/.vscode/settings.json, ignoring: [SMODS _ "src/loader.lua"]:226: id
INFO - [G] 2025-05-04 17:04:09 :: INFO  :: Loader :: Valid JSON file found
INFO - [G] 2025-05-04 17:04:09 :: INFO  :: Loader :: Valid JSON file found
INFO - [G] 2025-05-04 17:04:09 :: INFO  :: Loader :: Valid JSON file found
INFO - [G] 2025-05-04 17:04:09 :: INFO  :: Loader :: Valid JSON file found
INFO - [G] 2025-05-04 17:04:09 :: INFO  :: Loader :: Valid JSON file found
INFO - [G] 2025-05-04 17:04:09 :: TRACE :: Loader :: Processing Mod file (Legacy header): steamodded.lua
INFO - [G] 2025-05-04 17:04:09 :: WARN  :: Loader :: Duplicate Mod ID: Handy
INFO - [G] 2025-05-04 17:04:09 :: INFO  :: Loader :: Valid JSON file found
INFO - [G] 2025-05-04 17:04:10 :: TRACE :: Loader :: Processing Mod file (Legacy header): steamodded_metadata.lua
INFO - [G] 2025-05-04 17:04:10 :: TRACE :: Loader :: Saving Mod Info: Talisman
INFO - [G] 2025-05-04 17:04:10 :: ERROR :: Loader :: Found invalid metadata JSON file at C:\Users\erikk\AppData\Roaming\Balatro\Mods/TooManyDecks-main/.vscode/settings.json, ignoring: [SMODS _ "src/loader.lua"]:226: id
INFO - [G] 2025-05-04 17:04:10 :: INFO  :: Loader :: Valid JSON file found
INFO - [♥] Applied 7 patches to '=[SMODS galdur "galdur.lua"]'
INFO - [G] 2025-05-04 17:04:10 :: TRACE :: Loader :: Mod GARBPACK was unable to load: 
INFO - [G] 2025-05-04 17:04:10 :: TRACE :: Loader :: Mod LobotomyCorp was unable to load: 
INFO - [G] [CRYPTID] Loading library file ascended.lua
INFO - [G] [CRYPTID] Loading library file calculate.lua
INFO - [G] [CRYPTID] Loading library file content.lua
INFO - [G] [CRYPTID] Loading library file cross-mod.lua
INFO - [G] [CRYPTID] Loading library file d20.lua
INFO - [G] [CRYPTID] Loading library file event.lua
INFO - [G] [CRYPTID] Loading library file gameset.lua
INFO - [G] [CRYPTID] Loading library file https.lua
INFO - [G] 2025-05-04 17:04:10 :: DEBUG :: SMODS.https :: Using https module backend
INFO - [G] [CRYPTID] Loading library file misc.lua
INFO - [♥] Applied 1 patch to '=[SMODS Cryptid "lib/misc.lua"]'
INFO - [G] [CRYPTID] Loading library file misprintize.lua
INFO - [G] [CRYPTID] Loading library file modifiers.lua
INFO - [G] 2025-05-04 17:04:10 :: WARN  :: Sticker :: Detected duplicate register call on object perishable
INFO - [G] 2025-05-04 17:04:10 :: WARN  :: Sticker :: Detected duplicate register call on object pinned
INFO - [G] 2025-05-04 17:04:10 :: WARN  :: Sticker :: Detected duplicate register call on object eternal
INFO - [G] 2025-05-04 17:04:10 :: WARN  :: Sticker :: Detected duplicate register call on object rental
INFO - [G] [CRYPTID] Loading library file notifications.lua
INFO - [G] [CRYPTID] Loading library file overrides.lua
INFO - [G] [CRYPTID] Loading library file pointerlib.lua
INFO - [G] [CRYPTID] Loading library file ui.lua
INFO - [G] [CRYPTID] Loading file achievement.lua
INFO - [G] [CRYPTID] Loading file blind.lua
INFO - [G] [CRYPTID] Loading file challenge.lua
INFO - [G] [CRYPTID] Loading file code.lua
INFO - [G] [CRYPTID] Loading file deck.lua
INFO - [G] [CRYPTID] Loading file enhanced.lua
INFO - [G] [CRYPTID] Loading file epic.lua
INFO - [G] [CRYPTID] Loading file exotic.lua
INFO - [G] [CRYPTID] Loading file joker_display.lua
INFO - [G] [CRYPTID] Loading file m.lua
INFO - [G] [CRYPTID] Loading file misc.lua
INFO - [G] [CRYPTID] Loading file misc_joker.lua
INFO - [G] [CRYPTID] Loading file planet.lua
INFO - [G] [CRYPTID] Loading file pointer.lua
INFO - [G] [CRYPTID] Inserting Pointer Aliases
INFO - [G] [CRYPTID] Loading file sleeve.lua
INFO - [G] [CRYPTID] Loading file spectral.lua
INFO - [G] [CRYPTID] Loading file spooky.lua
INFO - [G] [CRYPTID] Loading file stake.lua
INFO - [♥] Applied 1 patch to '=[SMODS Cryptid "items/stake.lua"]'
INFO - [G] [CRYPTID] Loading file tag.lua
INFO - [G] [CRYPTID] Loading file test.lua
INFO - [G] [CRYPTID] Loading file voucher.lua
INFO - [G] 2025-05-04 17:04:10 :: WARN  :: Atlas :: Object cry_effarcire has the same key as an existing object, not registering.
INFO - [G] 2025-05-04 17:04:10 :: WARN  :: Atlas :: If you want to modify an existing object, use take_ownership()
INFO - [G] 2025-05-04 17:04:10 :: TRACE :: Loader :: Mod draft was unable to load: 
INFO - [G] 2025-05-04 17:04:10 :: WARN  :: Sticker :: Detected duplicate register call on object cry_rigged
INFO - [G] 2025-05-04 17:04:10 :: WARN  :: Atlas :: Detected duplicate register call on object entr_modicon
INFO - [G] 2025-05-04 17:04:10 :: WARN  :: CBlind :: Object c_entr_bl_eye has the same key as an existing object, not registering.
INFO - [G] 2025-05-04 17:04:10 :: WARN  :: CBlind :: If you want to modify an existing object, use take_ownership()
INFO - [G] 2025-05-04 17:04:10 :: WARN  :: CBlind :: Object c_entr_bl_wheel has the same key as an existing object, not registering.
INFO - [G] 2025-05-04 17:04:10 :: WARN  :: CBlind :: If you want to modify an existing object, use take_ownership()
INFO - [G] 2025-05-04 17:04:10 :: INFO  :: TIMER :: [0000] Injected Language in 0.001 ms
INFO - [G] 2025-05-04 17:04:10 :: INFO  :: TIMER :: [0000] Injected [INTERNAL] in 1.753 ms
INFO - [G] 2025-05-04 17:04:12 :: INFO  :: TIMER :: [0065] Injected Atlas in 2012.344 ms
INFO - [G] 2025-05-04 17:04:12 :: INFO  :: TIMER :: [0040] Injected Sound in 37.312 ms
INFO - [G] 2025-05-04 17:04:12 :: INFO  :: TIMER :: [0034] Injected Stake in 0.813 ms
INFO - [G] 2025-05-04 17:04:12 :: INFO  :: TIMER :: [0011] Injected Rarity in 0.063 ms
INFO - [G] 2025-05-04 17:04:12 :: INFO  :: TIMER :: [0016] Injected ObjectType in 0.169 ms
INFO - [G] 2025-05-04 17:04:12 :: INFO  :: TIMER :: [0669] Injected Center in 5.459 ms
INFO - [G] 2025-05-04 17:04:12 :: INFO  :: TIMER :: [0009] Injected Undiscovered Sprite in 0.022 ms
INFO - [G] 2025-05-04 17:04:12 :: INFO  :: TIMER :: [0041] Injected Blind in 0.100 ms
INFO - [G] 2025-05-04 17:04:12 :: INFO  :: TIMER :: [0012] Injected Seal in 0.284 ms
INFO - [G] 2025-05-04 17:04:12 :: INFO  :: TIMER :: [0005] Injected Suit in 0.211 ms
INFO - [G] 2025-05-04 17:04:12 :: INFO  :: TIMER :: [0027] Injected Rank in 0.308 ms
INFO - [G] 2025-05-04 17:04:12 :: INFO  :: TIMER :: [0029] Injected DeckSkin in 0.266 ms
INFO - [G] 2025-05-04 17:04:12 :: INFO  :: TIMER :: [0016] Injected PokerHand in 0.570 ms
INFO - [G] 2025-05-04 17:04:12 :: INFO  :: TIMER :: [0031] Injected Challenge in 0.073 ms
INFO - [G] 2025-05-04 17:04:12 :: INFO  :: TIMER :: [0069] Injected Tag in 0.205 ms
INFO - [G] 2025-05-04 17:04:12 :: INFO  :: TIMER :: [0016] Injected Sticker in 0.451 ms
INFO - [G] 2025-05-04 17:04:12 :: INFO  :: TIMER :: [0014] Injected Shader in 422.020 ms
INFO - [G] 2025-05-04 17:04:12 :: INFO  :: TIMER :: [0003] Injected Keybind in 0.023 ms
INFO - [G] 2025-05-04 17:04:12 :: INFO  :: TIMER :: [0022] Injected Achievement in 0.205 ms
INFO - [G] 2025-05-04 17:04:12 :: INFO  :: TIMER :: [0007] Injected nil in 0.069 ms
INFO - [G] 2025-05-04 17:04:12 :: INFO  :: TIMER :: [0026] Injected Draw Step in 0.091 ms
INFO - [G] 2025-05-04 17:04:12 :: INFO  :: TIMER :: [0000] Injected [INTERNAL] in 18.766 ms
INFO - [G] 2025-05-04 17:04:12 :: INFO  :: TIMER :: [0010] Injected Other in 0.046 ms
INFO - [♥] Applied 1 patch to '=[SMODS _ "smods-https-thread.lua"]'
INFO - [G] 2025-05-04 17:04:17 :: DEBUG :: SMODS.https(1) :: Using https module backend
INFO - [♥] Applied 1 patch to '=[SMODS _ "smods-https-thread.lua"]'
INFO - [G] 2025-05-04 17:05:17 :: DEBUG :: SMODS.https(2) :: Using https module backend
INFO - [♥] Applied 1 patch to '=[SMODS _ "smods-https-thread.lua"]'
INFO - [G] 2025-05-04 17:06:17 :: DEBUG :: SMODS.https(3) :: Using https module backend
INFO - [♥] Applied 1 patch to '=[SMODS _ "smods-https-thread.lua"]'
INFO - [G] 2025-05-04 17:07:17 :: DEBUG :: SMODS.https(4) :: Using https module backend
INFO - [♥] Applied 1 patch to '=[SMODS _ "smods-https-thread.lua"]'
INFO - [G] 2025-05-04 17:08:18 :: DEBUG :: SMODS.https(5) :: Using https module backend
INFO - [♥] Applied 1 patch to '=[SMODS _ "smods-https-thread.lua"]'
INFO - [G] 2025-05-04 17:09:19 :: DEBUG :: SMODS.https(6) :: Using https module backend
INFO - [♥] Applied 1 patch to '=[SMODS _ "smods-https-thread.lua"]'
INFO - [G] 2025-05-04 17:10:30 :: DEBUG :: SMODS.https(7) :: Using https module backend
INFO - [♥] Applied 1 patch to '=[SMODS _ "smods-https-thread.lua"]'
INFO - [G] 2025-05-04 17:11:30 :: DEBUG :: SMODS.https(8) :: Using https module backend
INFO - [♥] Applied 1 patch to '=[SMODS _ "smods-https-thread.lua"]'
INFO - [G] 2025-05-04 17:12:32 :: DEBUG :: SMODS.https(9) :: Using https module backend
INFO - [♥] Applied 1 patch to '=[SMODS _ "smods-https-thread.lua"]'
INFO - [G] 2025-05-04 17:13:33 :: DEBUG :: SMODS.https(10) :: Using https module backend
INFO - [♥] Applied 1 patch to '=[SMODS _ "smods-https-thread.lua"]'
INFO - [G] 2025-05-04 17:14:33 :: DEBUG :: SMODS.https(11) :: Using https module backend
INFO - [♥] Applied 1 patch to '=[SMODS _ "smods-https-thread.lua"]'
INFO - [G] 2025-05-04 17:15:36 :: DEBUG :: SMODS.https(12) :: Using https module backend
INFO - [♥] Applied 1 patch to '=[SMODS _ "smods-https-thread.lua"]'
INFO - [G] 2025-05-04 17:16:36 :: DEBUG :: SMODS.https(13) :: Using https module backend
INFO - [♥] Applied 1 patch to '=[SMODS _ "smods-https-thread.lua"]'
INFO - [G] 2025-05-04 17:17:36 :: DEBUG :: SMODS.https(14) :: Using https module backend
INFO - [♥] Applied 1 patch to '=[SMODS _ "smods-https-thread.lua"]'
INFO - [G] 2025-05-04 17:18:40 :: DEBUG :: SMODS.https(15) :: Using https module backend
INFO - [♥] Applied 1 patch to '=[SMODS _ "smods-https-thread.lua"]'
INFO - [G] 2025-05-04 17:19:40 :: DEBUG :: SMODS.https(16) :: Using https module backend
INFO - [♥] Applied 1 patch to '=[SMODS _ "smods-https-thread.lua"]'
INFO - [G] 2025-05-04 17:20:40 :: DEBUG :: SMODS.https(17) :: Using https module backend
INFO - [♥] Applied 1 patch to '=[SMODS _ "smods-https-thread.lua"]'
INFO - [G] 2025-05-04 17:21:40 :: DEBUG :: SMODS.https(18) :: Using https module backend
INFO - [♥] Applied 1 patch to '=[SMODS _ "smods-https-thread.lua"]'
INFO - [G] 2025-05-04 17:22:44 :: DEBUG :: SMODS.https(19) :: Using https module backend
INFO - [♥] Applied 1 patch to '=[SMODS _ "smods-https-thread.lua"]'
INFO - [G] 2025-05-04 17:23:45 :: DEBUG :: SMODS.https(20) :: Using https module backend
INFO - [♥] Applied 1 patch to '=[SMODS _ "smods-https-thread.lua"]'
INFO - [G] 2025-05-04 17:24:45 :: DEBUG :: SMODS.https(21) :: Using https module backend
INFO - [♥] Applied 1 patch to '=[SMODS _ "smods-https-thread.lua"]'
INFO - [G] 2025-05-04 17:25:45 :: DEBUG :: SMODS.https(22) :: Using https module backend
INFO - [♥] Applied 1 patch to '=[SMODS _ "smods-https-thread.lua"]'
INFO - [G] 2025-05-04 17:26:45 :: DEBUG :: SMODS.https(23) :: Using https module backend
INFO - [♥] Applied 1 patch to '=[SMODS _ "smods-https-thread.lua"]'
INFO - [G] 2025-05-04 17:27:45 :: DEBUG :: SMODS.https(24) :: Using https module backend
INFO - [♥] Applied 1 patch to '=[SMODS _ "smods-https-thread.lua"]'
INFO - [G] 2025-05-04 17:28:46 :: DEBUG :: SMODS.https(25) :: Using https module backend
INFO - [♥] Applied 1 patch to '=[SMODS _ "smods-https-thread.lua"]'
INFO - [G] 2025-05-04 17:29:46 :: DEBUG :: SMODS.https(26) :: Using https module backend
INFO - [♥] Applied 1 patch to '=[SMODS _ "smods-https-thread.lua"]'
INFO - [G] 2025-05-04 17:30:46 :: DEBUG :: SMODS.https(27) :: Using https module backend
INFO - [G] line not found
INFO - [G] file not found: main.lua: No such file or directory
INFO - [G] file not found: main.lua: No such file or directory
INFO - [G] file not found: main.lua: No such file or directory
INFO - [G] file not found: main.lua: No such file or directory
INFO - [G] 2025-05-04 17:31:46 :: ERROR :: StackTrace :: Oops! The game crashed
main.lua:6440: [SMODS entr "lib/utils.lua"]:771: attempt to call field 'demicolonGetTriggerable' (a nil value)
Stack Traceback
===============
(1) Lua local 'handler' at file 'main.lua:612'
	Local variables:
	 msg = string: "main.lua:6440: [SMODS entr \"lib/utils.lua\"]:771: attempt to call field 'demicolonGetTriggerable' (a nil value)"
	 (*temporary) = Lua function '?' (defined at line 31 of chunk [SMODS _ "src/logging.lua"])
	 (*temporary) = string: "Oops! The game crashed\
"
(2) LÖVE function at file 'boot.lua:352' (best guess)
	Local variables:
	 errhand = Lua function '?' (defined at line 598 of chunk main.lua)
	 handler = Lua function '?' (defined at line 598 of chunk main.lua)
(3) global C function 'error'
(4) Lua upvalue 'gfep' at file 'main.lua:6440'
	Local variables:
	 success = boolean: false
	 err = string: "[SMODS entr \"lib/utils.lua\"]:771: attempt to call field 'demicolonGetTriggerable' (a nil value)"
(5) Lua upvalue 'gfep' at file 'main.lua:6582'
	Local variables:
	 e = table: 0x427e8af0  {pixellated_rect:table: 0x3f2ef740, click_offset:table: 0x44e04e60, children:table: 0x44cc2c50, parent:table: 0x40967138, T:table: 0x3f780d40 (more...)}
(6) Lua field 'evaluate_play' at file 'lib/overrides.lua:132' (from mod with id Cryptid)
	Local variables:
	 e = table: 0x427e8af0  {pixellated_rect:table: 0x3f2ef740, click_offset:table: 0x44e04e60, children:table: 0x44cc2c50, parent:table: 0x40967138, T:table: 0x3f780d40 (more...)}
(7) Lua field 'func' at file 'functions/state_events.lua:594'
(8) Lua method 'handle' at file 'engine/event.lua:99'
	Local variables:
	 self = table: 0x44eef368  {start_timer:true, timer:TOTAL, blockable:true, trigger:immediate, func:function: 0x44eef348, delay:0, complete:false, time:41076.369899651, blocking:true (more...)}
	 _results = table: 0x3e94f7f0  {blocking:true, pause_skip:false, time_done:false, completed:false}
(9) Lua method 'update' at file 'engine/event.lua:182'
	Local variables:
	 self = table: 0x3e401150  {queue_last_processed:1653.2999999988, queues:table: 0x3e401178, queue_dt:0.016666666666667, queue_timer:1653.3019229093}
	 dt = number: 0.0133215
	 forced = nil
	 (for generator) = C function: next
	 (for state) = table: 0x3e401178  {unlock:table: 0x3e401268, galdur:table: 0x3df97370, other:table: 0x3e401308, tutorial:table: 0x3e4012b8, base:table: 0x3e401290, achievement:table: 0x3e4012e0 (more...)}
	 (for control) = number: nan
	 k = string: "base"
	 v = table: 0x3e401290  {1:table: 0x3fa71ec8, 2:table: 0x3e5c0c18, 3:table: 0x3e5f5570, 4:table: 0x3f6dfd38, 5:table: 0x3ea661e8, 6:table: 0x40a008c8, 7:table: 0x40d6e670 (more...)}
	 blocked = boolean: false
	 i = number: 18
	 results = table: 0x3e94f7f0  {blocking:true, pause_skip:false, time_done:false, completed:false}
(10) Lua upvalue 'gameUpdateRef' at file 'game.lua:2733'
	Local variables:
	 self = table: 0x3dc2a0a8  {F_GUIDE:false, F_CRASH_REPORTS:false, F_QUIT_BUTTON:true, HUD_tags:table: 0x40b12090, F_ENGLISH_ONLY:false, viewed_stake:1, HUD:table: 0x43108000 (more...)}
	 dt = number: 0.0133215
	 http_resp = nil
(11) Lua upvalue 'upd' at Steamodded file 'src/ui.lua:86' 
	Local variables:
	 self = table: 0x3dc2a0a8  {F_GUIDE:false, F_CRASH_REPORTS:false, F_QUIT_BUTTON:true, HUD_tags:table: 0x40b12090, F_ENGLISH_ONLY:false, viewed_stake:1, HUD:table: 0x43108000 (more...)}
	 dt = number: 0.0133215
(12) Lua upvalue 'gu' at file 'main.lua:6418'
	Local variables:
	 self = table: 0x3dc2a0a8  {F_GUIDE:false, F_CRASH_REPORTS:false, F_QUIT_BUTTON:true, HUD_tags:table: 0x40b12090, F_ENGLISH_ONLY:false, viewed_stake:1, HUD:table: 0x43108000 (more...)}
	 dt = number: 0.0133215
(13) Lua upvalue 'upd' at file 'lib/gameset.lua:27' (from mod with id Cryptid)
	Local variables:
	 self = table: 0x3dc2a0a8  {F_GUIDE:false, F_CRASH_REPORTS:false, F_QUIT_BUTTON:true, HUD_tags:table: 0x40b12090, F_ENGLISH_ONLY:false, viewed_stake:1, HUD:table: 0x43108000 (more...)}
	 dt = number: 0.0133215
(14) Lua upvalue 'update_ref' at file 'lib/overrides.lua:299' (from mod with id Cryptid)
	Local variables:
	 self = table: 0x3dc2a0a8  {F_GUIDE:false, F_CRASH_REPORTS:false, F_QUIT_BUTTON:true, HUD_tags:table: 0x40b12090, F_ENGLISH_ONLY:false, viewed_stake:1, HUD:table: 0x43108000 (more...)}
	 dt = number: 0.0133215
(15) Lua upvalue 'update_ref' at file 'items/inversions/reverseCodes.lua:654' (from mod with id entr)
	Local variables:
	 self = table: 0x3dc2a0a8  {F_GUIDE:false, F_CRASH_REPORTS:false, F_QUIT_BUTTON:true, HUD_tags:table: 0x40b12090, F_ENGLISH_ONLY:false, viewed_stake:1, HUD:table: 0x43108000 (more...)}
	 dt = number: 0.0133215
(16) Lua upvalue 'upd' at file 'items/jokers/hidden.lua:112' (from mod with id entr)
	Local variables:
	 self = table: 0x3dc2a0a8  {F_GUIDE:false, F_CRASH_REPORTS:false, F_QUIT_BUTTON:true, HUD_tags:table: 0x40b12090, F_ENGLISH_ONLY:false, viewed_stake:1, HUD:table: 0x43108000 (more...)}
	 dt = number: 0.0133215
(17) Lua upvalue 'upd' at file 'items/misc/blinds.lua:747' (from mod with id entr)
	Local variables:
	 self = table: 0x3dc2a0a8  {F_GUIDE:false, F_CRASH_REPORTS:false, F_QUIT_BUTTON:true, HUD_tags:table: 0x40b12090, F_ENGLISH_ONLY:false, viewed_stake:1, HUD:table: 0x43108000 (more...)}
	 dt = number: 0.0133215
(18) Lua method 'update' at file 'Entropy.lua:301' (from mod with id entr)
	Local variables:
	 self = table: 0x3dc2a0a8  {F_GUIDE:false, F_CRASH_REPORTS:false, F_QUIT_BUTTON:true, HUD_tags:table: 0x40b12090, F_ENGLISH_ONLY:false, viewed_stake:1, HUD:table: 0x43108000 (more...)}
	 dt = number: 0.0133215
(19) Lua upvalue 'love_update_ref' at file 'main.lua:1113'
	Local variables:
	 dt = number: 0.0133215
(20) Lua upvalue 'oldupd' at file 'main.lua:4335'
	Local variables:
	 dt = number: 0.0133215
(21) Lua field 'update' at file 'main.lua:6451'
	Local variables:
	 dt = number: 0.0133215
(22) Lua function '?' at file 'main.lua:938' (best guess)
(23) global C function 'xpcall'
(24) LÖVE function at file 'boot.lua:377' (best guess)
	Local variables:
	 func = Lua function '?' (defined at line 909 of chunk main.lua)
	 inerror = boolean: true
	 deferErrhand = Lua function '(LÖVE Function)' (defined at line 348 of chunk [love "boot.lua"])
	 earlyinit = Lua function '(LÖVE Function)' (defined at line 355 of chunk [love "boot.lua"])

INFO - [G] file not found: main.lua: No such file or directory
INFO - [G] file not found: main.lua: No such file or directory
INFO - [G] 2025-05-04 17:31:46 :: INFO  :: StackTrace :: Additional Context:
Balatro Version: 1.0.1o-FULL
Modded Version: 1.0.0~BETA-0427a-STEAMODDED
LÖVE Version: 11.5.0
Lovely Version: 0.7.1
Platform: Windows
Steamodded Mods:
    1: Entropy by Ruby [ID: entr, Priority: 6.6666666666667e+20, Version: 0.4.0d, Uses Lovely]
    2: Too Many Decks by Squidguset, WaffleDevs [ID: SGTMD, Priority: 115, Version: 3.5.0, Uses Lovely]
    3: Talisman by MathIsFun_, Mathguy24, jenwalter666, cg-223 [ID: Talisman, Version: 2.2.0b, Uses Lovely]
        Break Infinity: omeganum
    4: Cryptid by MathIsFun_, Cryptid and Balatro Discords [ID: Cryptid, Priority: 114, Version: 0.5.5c, Uses Lovely]
    5: Handy by SleepyG11 [ID: Handy, Version: 1.4.2, Uses Lovely]
    6: Galdur by Eremel_ [ID: galdur, Priority: -10000, Version: 1.2, Uses Lovely]
    7: Banner by SylviBlossom [ID: banner, Version: 1.1.1, Uses Lovely]
    8: DebugPlus by WilsontheWolf [ID: DebugPlus, Version: 1.4.1, Uses Lovely]
    9: Flower Pot by ItsFlowwey [ID: FlowerPot, Version: 0.8, Uses Lovely]
Lovely Mods:
