INFO - [♥] Lovely 0.7.1
INFO - [♥] Game directory is at "C:\\Program Files (x86)\\Steam\\steamapps\\common\\Balatro"
INFO - [♥] Writing logs to "C:\\Users\\erikk\\AppData\\Roaming\\Balatro\\Mods\\lovely\\log"
INFO - [♥] Using mod directory at "C:\\Users\\erikk\\AppData\\Roaming\\Balatro\\Mods"
INFO - [♥] Found .lovelyignore in 'Talisman', skipping it.
INFO - [♥] Cleaning up dumps directory at "C:\\Users\\erikk\\AppData\\Roaming\\Balatro\\Mods\\lovely\\dump"
INFO - [♥] Initialization complete in 49ms
INFO - [♥] Applied 1 patch to 'conf.lua'
INFO - [♥] Applied 23 patches to 'main.lua'
INFO - [♥] Applied 12 patches to 'engine/controller.lua'
INFO - [♥] Applied 15 patches to 'back.lua'
INFO - [♥] Applied 7 patches to 'tag.lua'
INFO - [♥] Applied 1 patch to 'engine/moveable.lua'
INFO - [♥] Applied 2 patches to 'engine/sprite.lua'
INFO - [♥] Applied 2 patches to 'engine/animatedsprite.lua'
INFO - [♥] Applied 47 patches to 'functions/misc_functions.lua'
INFO - [♥] Applied 39 patches to 'game.lua'
INFO - [♥] Applied 1 patch to 'globals.lua'
INFO - [♥] Applied 3 patches to 'engine/ui.lua'
INFO - [♥] Applied 82 patches to 'functions/UI_definitions.lua'
WARN - [♥] Regex '([^)p])/(5)' on target 'functions/state_events.lua' for regex patch from BalatroBakery-main\lovely.toml resulted in 3 matches, wanted 7
WARN - [♥] Regex '>= (to_big)?\\(5\\)' on target 'functions/state_events.lua' for regex patch from BalatroBakery-main\lovely.toml resulted in no matches
INFO - [♥] Applied 46 patches to 'functions/state_events.lua'
INFO - [♥] Applied 106 patches to 'functions/common_events.lua'
INFO - [♥] Applied 46 patches to 'functions/button_callbacks.lua'
WARN - [♥] Pattern 'if G.GAME.blind and G.GAME.blind.in_blind then G.E_MANAGER:add_event(Event({ func = function() G.GAME.blind:set_blind(nil, true, nil); return true end })) end' on target 'card.lua' for pattern patch from smods-main\lovely\calculate_card_added.toml resulted in 2 matches, wanted 1
WARN - [♥] Ignoring excess matches
INFO - [♥] Applied 154 patches to 'card.lua'
INFO - [♥] Applied 9 patches to 'cardarea.lua'
INFO - [♥] Applied 36 patches to 'blind.lua'
INFO - [♥] Applied 2 patches to 'engine/text.lua'
INFO - [♥] Applied 1 patch to '=[SMODS _ "src/utils.lua"]'
INFO - [♥] Applied 2 patches to '=[SMODS _ "src/game_object.lua"]'
INFO - [G] Failed to connect to the debug server
INFO - [G] 2025-03-25 14:43:01 :: DEBUG :: DebugConsole :: Steamodded Debug Socket started !
INFO - [♥] Applied 9 patches to 'engine/sound_manager.lua'
INFO - [♥] Applied 1 patch to 'engine/save_manager.lua'
INFO - [♥] Applied 1 patch to '=[SMODS _ "src/card_draw.lua"]'
INFO - [G] 2025-03-25 14:43:03 :: INFO  :: DefaultLogger :: Valid JSON file found
INFO - [G] 2025-03-25 14:43:03 :: INFO  :: DefaultLogger :: Valid JSON file found
INFO - [G] 2025-03-25 14:43:03 :: TRACE :: Loader :: Processing Mod file (Legacy header): steamodded_metadata.lua
INFO - [G] 2025-03-25 14:43:03 :: TRACE :: Loader :: Saving Mod Info: Talisman
INFO - [G] 2025-03-25 14:43:03 :: INFO  :: Bakery :: pairs() and ipairs() patched. Reason: Convenience
INFO - [G] 2025-03-25 14:43:03 :: INFO  :: Bakery :: Blind:modify_hand(), update_hand_text(), and Back:trigger_effect() patched. Reason: Scoring tags
INFO - [G] 2025-03-25 14:43:03 :: INFO  :: Bakery :: Object:__call() and Tag:load() patched. Reason: Rendering Poly Tag
INFO - [G] 2025-03-25 14:43:03 :: INFO  :: Bakery :: Blind:defeat() and G.FUNCS.load_profile() patched. Reason: Unlock conditions
INFO - [G] 2025-03-25 14:43:03 :: INFO  :: Bakery :: ease_dollars() patched. Reason: Credit Deck, Vagabond Challenge
INFO - [G] 2025-03-25 14:43:03 :: INFO  :: Bakery :: Blind:press_play() patched. Reason: Credit Deck + Credit Sleeve
INFO - [G] 2025-03-25 14:43:03 :: INFO  :: Bakery :: Card:draw() patched. Reason: Werewolf rendering
INFO - [G] 2025-03-25 14:43:03 :: INFO  :: Bakery :: G.FUNCS.evaluate_round() patched. Reason: Spinner Animation
INFO - [G] 2025-03-25 14:43:03 :: INFO  :: Bakery :: mod_mult(), mod_chips(), and G.FUNCS.evaluate_play() patched. Reason: Balanced Challenge
INFO - [G] 2025-03-25 14:43:03 :: INFO  :: Bakery :: G.FUNCS.buy_from_shop() patched. Reason: Proxy
INFO - [G] 2025-03-25 14:43:03 :: INFO  :: Bakery :: eval_card() patched. Reason: Penny Tag
INFO - [G] 2025-03-25 14:43:03 :: INFO  :: Bakery :: Card:set_sprites() patched. Reason: Spinner Loading
INFO - [G] 2025-03-25 14:43:03 :: INFO  :: Bakery :: Game:start_run(), copy_card(), and Card:load() patched. Reason: Card Sleeve
INFO - [G] 2025-03-25 14:43:03 :: INFO  :: Bakery :: G.UIDEF.use_and_sell_buttons() and Card:remove() patched. Reason: Usable jokers
INFO - [G] 2025-03-25 14:43:03 :: INFO  :: Bakery :: Card:set_sprites() patched. Reason: Charm Unlocking
INFO - [G] 2025-03-25 14:43:03 :: INFO  :: Bakery :: set_screen_positions() and CardArea:can_highlight() patched. Reason: Charm rendering
INFO - [G] 2025-03-25 14:43:03 :: INFO  :: Bakery :: G.FUNCS.can_discard() patched. Reason: Discarding zero cards
INFO - [G] 2025-03-25 14:43:03 :: TRACE :: Loader :: Mod Talisman was unable to load: 
INFO - [G] 2025-03-25 14:43:03 :: INFO  :: TIMER :: [0000] Injected Language in 0.001 ms
INFO - [G] 2025-03-25 14:43:03 :: INFO  :: TIMER :: [0000] Injected [INTERNAL] in 1.471 ms
INFO - [G] 2025-03-25 14:43:04 :: INFO  :: TIMER :: [0013] Injected Atlas in 755.063 ms
INFO - [G] 2025-03-25 14:43:04 :: INFO  :: TIMER :: [0002] Injected Sound in 0.398 ms
INFO - [G] 2025-03-25 14:43:04 :: INFO  :: TIMER :: [0008] Injected Stake in 0.215 ms
INFO - [G] 2025-03-25 14:43:04 :: INFO  :: TIMER :: [0004] Injected Rarity in 0.022 ms
INFO - [G] 2025-03-25 14:43:04 :: INFO  :: TIMER :: [0005] Injected ObjectType in 0.050 ms
INFO - [G] 2025-03-25 14:43:04 :: INFO  :: TIMER :: [0089] Injected Center in 1.144 ms
INFO - [G] 2025-03-25 14:43:04 :: INFO  :: TIMER :: [0008] Injected Undiscovered Sprite in 0.167 ms
INFO - [G] 2025-03-25 14:43:04 :: INFO  :: TIMER :: [0004] Injected Blind in 0.014 ms
INFO - [G] 2025-03-25 14:43:04 :: INFO  :: TIMER :: [0004] Injected Seal in 0.109 ms
INFO - [G] 2025-03-25 14:43:04 :: INFO  :: TIMER :: [0004] Injected Suit in 0.140 ms
INFO - [G] 2025-03-25 14:43:04 :: INFO  :: TIMER :: [0013] Injected Rank in 0.180 ms
INFO - [G] 2025-03-25 14:43:04 :: INFO  :: TIMER :: [0028] Injected DeckSkin in 0.218 ms
INFO - [G] 2025-03-25 14:43:04 :: INFO  :: TIMER :: [0012] Injected PokerHand in 0.064 ms
INFO - [G] 2025-03-25 14:43:04 :: INFO  :: TIMER :: [0022] Injected Challenge in 0.028 ms
INFO - [G] 2025-03-25 14:43:04 :: INFO  :: TIMER :: [0007] Injected Tag in 0.017 ms
INFO - [G] 2025-03-25 14:43:04 :: INFO  :: TIMER :: [0004] Injected Sticker in 0.063 ms
INFO - [G] 2025-03-25 14:43:04 :: INFO  :: TIMER :: [0001] Injected Shader in 18.408 ms
INFO - [G] 2025-03-25 14:43:04 :: INFO  :: TIMER :: [0002] Injected Keybind in 0.010 ms
INFO - [G] 2025-03-25 14:43:04 :: INFO  :: TIMER :: [0000] Injected Achievement in 0.096 ms
INFO - [G] 2025-03-25 14:43:04 :: INFO  :: TIMER :: [0002] Injected nil in 0.011 ms
INFO - [G] 2025-03-25 14:43:04 :: INFO  :: TIMER :: [0021] Injected Draw Step in 0.043 ms
INFO - [G] 2025-03-25 14:43:04 :: INFO  :: TIMER :: [0000] Injected [INTERNAL] in 2.078 ms
