INFO - [♥] Lovely 0.7.1
INFO - [♥] Game directory is at "C:\\Program Files (x86)\\Steam\\steamapps\\common\\Balatro"
INFO - [♥] Writing logs to "C:\\Users\\erikk\\AppData\\Roaming\\Balatro\\Mods\\lovely\\log"
INFO - [♥] Using mod directory at "C:\\Users\\erikk\\AppData\\Roaming\\Balatro\\Mods"
INFO - [♥] Cleaning up dumps directory at "C:\\Users\\erikk\\AppData\\Roaming\\Balatro\\Mods\\lovely\\dump"
INFO - [♥] Initialization complete in 54ms
WARN - [♥] Pattern 'G.ARGS.score_intensity.organ = G.video_organ or G.ARGS.score_intensity.required_score > 0 and math.max(math.min(0.4, 0.1*math.log(G.ARGS.score_intensity.earned_score/(G.ARGS.score_intensity.required_score+1), 5)),0.) or 0' on target 'main.lua' for pattern patch from Talisman\lovely.toml resulted in no matches
WARN - [♥] Pattern 'if type(G.GAME.current_round.current_hand.chips) ~= \'number\' or type(G.GAME.current_round.current_hand.mult) ~= \'number\' then' on target 'main.lua' for pattern patch from Talisman\lovely.toml resulted in no matches
INFO - [♥] Applied 14 patches to 'main.lua'
INFO - [♥] Applied 2 patches to 'engine/string_packer.lua'
INFO - [♥] Applied 6 patches to 'engine/controller.lua'
INFO - [♥] Applied 13 patches to 'back.lua'
INFO - [♥] Applied 6 patches to 'tag.lua'
INFO - [♥] Applied 1 patch to 'engine/node.lua'
INFO - [♥] Applied 2 patches to 'engine/moveable.lua'
INFO - [♥] Applied 2 patches to 'engine/sprite.lua'
INFO - [♥] Applied 2 patches to 'engine/animatedsprite.lua'
WARN - [♥] Pattern 'assembled_string = assembled_string..(type(subpart) == \'string\' and subpart or args.vars[tonumber(subpart[1])] or \'ERROR\')' on target 'functions/misc_functions.lua' for pattern patch from Talisman\lovely.toml resulted in no matches
INFO - [♥] Applied 47 patches to 'functions/misc_functions.lua'
WARN - [♥] Pattern 'G.SPLASH_BACK:define_draw_steps({{\n    shader = \'splash\',\n    send = {\n        {name = \'time\', ref_table = G.TIMERS, ref_value = \'REAL\'},\n        {name = \'vort_speed\', val = 1},\n        {name = \'colour_1\', ref_table = G.C, ref_value = \'COLOUR1\'},\n        {name = \'colour_2\', ref_table = G.C, ref_value = \'WHITE\'},\n        {name = \'mid_flash\', val = 0},\n        {name = \'vort_offset\', val = (2*90.15315131*os.time())%100000},\n    }}})\n' on target 'game.lua' for pattern patch from Cardsauce\lovely.toml resulted in no matches
INFO - [♥] Applied 36 patches to 'game.lua'
INFO - [♥] Applied 1 patch to 'globals.lua'
INFO - [♥] Applied 6 patches to 'engine/ui.lua'
WARN - [♥] Pattern '{n=G.UIT.T, config={text = G.GAME.hands[handname].chips, scale = 0.45, colour = G.C.UI.TEXT_LIGHT}},' on target 'functions/UI_definitions.lua' for pattern patch from Talisman\lovely.toml resulted in no matches
WARN - [♥] Pattern '{n=G.UIT.T, config={text = G.GAME.hands[handname].mult, scale = 0.45, colour = G.C.UI.TEXT_LIGHT}}' on target 'functions/UI_definitions.lua' for pattern patch from Talisman\lovely.toml resulted in no matches
WARN - [♥] Regex '(?<indent>[\\t ]*)\\{n=G\\.UIT\\.R, config=\\{align = \"cm\", minw = 1\\.5, minh = 0\\.4, r = 0\\.1, padding = 0\\.05, colour = G\\.C\\.WHITE\\}, nodes=\\{\\{n=G\\.UIT\\.R, config=\\{align = \"cm\", padding = 0\\.03\\}, nodes=t\\}\\}\\}' on target 'functions/UI_definitions.lua' for regex patch from D6-Jokers-main\lovely\main.toml resulted in no matches
WARN - [♥] Pattern 'table.insert(t, create_toggle({label = localize(\'b_high_contrast_cards\'), ref_table = G.SETTINGS, ref_value = \'colourblind_option\', callback = G.FUNCS.refresh_contrast_mode}))' on target 'functions/UI_definitions.lua' for pattern patch from Cardsauce\lovely.toml resulted in no matches
INFO - [♥] Applied 81 patches to 'functions/UI_definitions.lua'
WARN - [♥] Pattern 'if effects[ii].card then' on target 'functions/state_events.lua' for pattern patch from Talisman\lovely.toml resulted in no matches
WARN - [♥] Pattern 'if effects.jokers.Xmult_mod then mult = mod_mult(mult*effects.jokers.Xmult_mod);extras.mult = true  end' on target 'functions/state_events.lua' for pattern patch from Talisman\lovely.toml resulted in no matches
WARN - [♥] Pattern 'if effect.Xmult_mod then mult = mod_mult(mult*effect.Xmult_mod);extras.mult = true  end' on target 'functions/state_events.lua' for pattern patch from Talisman\lovely.toml resulted in no matches
WARN - [♥] Pattern 'if effects[ii].message then' on target 'functions/state_events.lua' for pattern patch from Talisman\lovely.toml resulted in no matches
WARN - [♥] Pattern '--calculate the card edition effects' on target 'functions/state_events.lua' for pattern patch from Talisman\lovely.toml resulted in no matches
WARN - [♥] Pattern 'if effects[ii].edition.p_dollars_mod then' on target 'functions/state_events.lua' for pattern patch from Talisman\lovely.toml resulted in no matches
WARN - [♥] Pattern 'if edition_effects.jokers.x_mult_mod then' on target 'functions/state_events.lua' for pattern patch from Talisman\lovely.toml resulted in no matches
WARN - [♥] Pattern '                if effects.jokers.level_up then\n                    level_up_hand(card, text)\n                end\n' on target 'functions/state_events.lua' for pattern patch from Cardsauce\lovely.toml resulted in no matches
WARN - [♥] Pattern 'card_eval_status_text(card, \'jokers\', nil, percent, nil, effects.jokers)' on target 'functions/state_events.lua' for pattern patch from Cardsauce\lovely.toml resulted in no matches
WARN - [♥] Pattern 'if next(find_joker(\'Splash\')) then' on target 'functions/state_events.lua' for pattern patch from Cardsauce\lovely.toml resulted in no matches
INFO - [♥] Applied 58 patches to 'functions/state_events.lua'
WARN - [♥] Pattern 'func = (function() if eval_func(card) then if not first or first then card:juice_up(0.1, 0.1) end;juice_card_until(card, eval_func, nil, 0.8) end return true end)' on target 'functions/common_events.lua' for pattern patch from Talisman\lovely.toml resulted in no matches
WARN - [♥] Pattern 'G.E_MANAGER:add_event(Event({ --Add bonus chips from this card\n                    trigger = \'before\',\n                    delay = delay,\n                    func = function()\n                    if extrafunc then extrafunc() end\n                    attention_text({\n                        text = text,\n                        scale = config.scale or 1,\n                        hold = delay - 0.2,\n                        backdrop_colour = colour,\n                        align = card_aligned,\n                        major = card,\n                        offset = {x = 0, y = y_off}\n                    })\n                    play_sound(sound, 0.8+percent*0.2, volume)\n                    if not extra or not extra.no_juice then\n                        card:juice_up(0.6, 0.1)\n                        G.ROOM.jiggle = G.ROOM.jiggle + 0.7\n                    end\n' on target 'functions/common_events.lua' for pattern patch from Cardsauce\lovely.toml resulted in no matches
INFO - [♥] Applied 120 patches to 'functions/common_events.lua'
WARN - [♥] Pattern 'if G.ARGS.score_intensity.earned_score >= G.ARGS.score_intensity.required_score and G.ARGS.score_intensity.required_score > 0 then' on target 'functions/button_callbacks.lua' for pattern patch from Cardsauce\lovely.toml resulted in no matches
INFO - [♥] Applied 52 patches to 'functions/button_callbacks.lua'
WARN - [♥] Pattern 'if G.GAME.blind then G.E_MANAGER:add_event(Event({ func = function() G.GAME.blind:set_blind(nil, true, nil); return true end })) end' on target 'card.lua' for pattern patch from Talisman\lovely.toml resulted in no matches
WARN - [♥] Pattern 'G.E_MANAGER:add_event(Event({trigger = \'after\',delay = 0.1,func = function() G.hand.highlighted[i]:set_ability(G.P_CENTERS[self.ability.consumeable.mod_conv]);return true end }))' on target 'card.lua' for pattern patch from Cardsauce\lovely.toml resulted in no matches
WARN - [♥] Pattern 'if self.debuff then\n    self.children.center:draw_shader(\'debuff\', nil, self.ARGS.send_to_shader)\n' on target 'card.lua' for pattern patch from Cardsauce\lovely.toml resulted in no matches
WARN - [♥] Pattern 'if G.consumeables.cards[i].ability.consumeable then' on target 'card.lua' for pattern patch from Cardsauce\lovely.toml resulted in no matches
INFO - [♥] Applied 177 patches to 'card.lua'
WARN - [♥] Pattern 'self.children.area_uibox = UIBox' on target 'cardarea.lua' for pattern patch from JoyousSpring-main\lovely\zones.toml resulted in no matches
INFO - [♥] Applied 8 patches to 'cardarea.lua'
INFO - [♥] Applied 31 patches to 'blind.lua'
INFO - [♥] Applied 5 patches to 'engine/text.lua'
INFO - [♥] Applied 2 patches to '=[SMODS _ "src/utils.lua"]'
INFO - [♥] Applied 2 patches to '=[SMODS _ "src/game_object.lua"]'
INFO - [G] Failed to connect to the debug server
INFO - [G] 2025-02-22 11:58:34 :: DEBUG :: DebugConsole :: Steamodded Debug Socket started !
INFO - [♥] Applied 9 patches to 'engine/sound_manager.lua'
INFO - [♥] Applied 2 patches to 'engine/string_packer.lua'
INFO - [G] 2025-02-22 11:58:35 :: TRACE :: Loader :: Processing Mod file (Legacy header): BadAppleJoker.lua
INFO - [G] 2025-02-22 11:58:35 :: TRACE :: Loader :: Saving Mod Info: BadApple
INFO - [G] 2025-02-22 11:58:36 :: INFO  :: DefaultLogger :: Valid JSON file found
INFO - [G] 2025-02-22 11:58:36 :: TRACE :: Loader :: Processing Mod file (Legacy header): main.lua
INFO - [G] 2025-02-22 11:58:36 :: TRACE :: Loader :: Saving Mod Info: Cardsauce
INFO - [G] 2025-02-22 11:58:36 :: INFO  :: DefaultLogger :: Valid JSON file found
INFO - [G] 2025-02-22 11:58:36 :: INFO  :: DefaultLogger :: Valid JSON file found
INFO - [G] 2025-02-22 11:58:36 :: TRACE :: Loader :: Processing Mod file (Legacy header): LushMod.lua
INFO - [G] 2025-02-22 11:58:36 :: TRACE :: Loader :: Saving Mod Info: LushMod
INFO - [G] 2025-02-22 11:58:36 :: TRACE :: Loader :: Processing Mod file (Legacy header): LushUtil.lua
INFO - [G] 2025-02-22 11:58:36 :: TRACE :: Loader :: Saving Mod Info: LushUtil
INFO - [G] 2025-02-22 11:58:36 :: TRACE :: Loader :: Processing Mod file (Legacy header): evaluate_play.lua
INFO - [G] 2025-02-22 11:58:36 :: TRACE :: Loader :: Saving Mod Info: ExpandInHandAbilities
INFO - [G] 2025-02-22 11:58:36 :: INFO  :: DefaultLogger :: Valid JSON file found
INFO - [G] 2025-02-22 11:58:36 :: TRACE :: Loader :: Processing Mod file (Legacy header): steamodded_metadata.lua
INFO - [G] 2025-02-22 11:58:36 :: TRACE :: Loader :: Saving Mod Info: Talisman
INFO - [G] 2025-02-22 11:58:36 :: INFO  :: DefaultLogger :: Valid JSON file found
INFO - [G] 2025-02-22 11:58:36 :: INFO  :: DefaultLogger :: Valid JSON file found
INFO - [G] 2025-02-22 11:58:36 :: DEBUG :: DefaultLogger :: Loaded BadAppleJoker~
INFO - [G] 2025-02-22 11:58:36 :: INFO  :: Bakery :: pairs() and ipairs() patched. Reason: Convenience
INFO - [G] 2025-02-22 11:58:36 :: INFO  :: Bakery :: Blind:modify_hand(), update_hand_text(), and Back:trigger_effect() patched. Reason: Scoring tags
INFO - [G] 2025-02-22 11:58:36 :: INFO  :: Bakery :: Object:__call() and Tag:load() patched. Reason: Rendering Poly Tag
INFO - [G] 2025-02-22 11:58:36 :: INFO  :: Bakery :: Blind:defeat() and G.FUNCS.load_profile() patched. Reason: Unlock conditions
INFO - [G] 2025-02-22 11:58:36 :: INFO  :: Bakery :: ease_dollars() patched. Reason: Credit Deck, Vagabond Challenge
INFO - [G] 2025-02-22 11:58:36 :: INFO  :: Bakery :: Blind:press_play() patched. Reason: Credit Deck + Credit Sleeve
INFO - [G] 2025-02-22 11:58:36 :: INFO  :: Bakery :: Card:draw() patched. Reason: Werewolf rendering
INFO - [G] 2025-02-22 11:58:36 :: INFO  :: Bakery :: G.FUNCS.evaluate_round() patched. Reason: Spinner Animation
INFO - [G] 2025-02-22 11:58:36 :: INFO  :: Bakery :: mod_mult(), mod_chips(), and G.FUNCS.evaluate_play() patched. Reason: Balanced Challenge
INFO - [G] 2025-02-22 11:58:36 :: INFO  :: Bakery :: G.FUNCS.buy_from_shop() patched. Reason: Proxy
INFO - [G] 2025-02-22 11:58:36 :: INFO  :: Bakery :: eval_card() patched. Reason: Penny Tag
INFO - [G] 2025-02-22 11:58:36 :: INFO  :: Bakery :: Card:set_sprites() patched. Reason: Spinner Loading
INFO - [G] 2025-02-22 11:58:36 :: INFO  :: Bakery :: G.UIDEF.use_and_sell_buttons(), Card:load(), Game:start_run(), copy_card() and Card:remove() patched. Reason: Card Sleeve
INFO - [G] 2025-02-22 11:58:36 :: DEBUG :: DefaultLogger :: [Cardsauce] Loaded hook: card
INFO - [G] 2025-02-22 11:58:36 :: DEBUG :: DefaultLogger :: [Cardsauce] Loaded hook: UI_definitions
INFO - [G] 2025-02-22 11:58:36 :: WARN  :: Atlas :: Object csau_odio has the same key as an existing object, not registering.
INFO - [G] 2025-02-22 11:58:36 :: WARN  :: Atlas :: If you want to modify an existing object, use take_ownership()
INFO - [G] 2025-02-22 11:58:36 :: WARN  :: Atlas :: Detected duplicate register call on object csau_modicon
INFO - [G] 2025-02-22 11:58:36 :: INFO  :: JoyousSpring :: Loading 01Dragonmaid.lua
INFO - [G] 2025-02-22 11:58:36 :: INFO  :: JoyousSpring :: Loading 02LiveTwin.lua
INFO - [G] 2025-02-22 11:58:36 :: INFO  :: JoyousSpring :: Loading 03Dogmatika.lua
INFO - [G] 2025-02-22 11:58:36 :: INFO  :: JoyousSpring :: Loading 04GhostGirls.lua
INFO - [G] 2025-02-22 11:58:36 :: INFO  :: JoyousSpring :: Loading 05Spright.lua
INFO - [G] 2025-02-22 11:58:36 :: INFO  :: JoyousSpring :: Loading 06MekkKnight.lua
INFO - [G] 2025-02-22 11:58:36 :: INFO  :: JoyousSpring :: Loading 07Generaider.lua
INFO - [G] 2025-02-22 11:58:36 :: INFO  :: JoyousSpring :: Loading 08Ghoti.lua
INFO - [G] 2025-02-22 11:58:36 :: INFO  :: JoyousSpring :: Loading 09PSYFrame.lua
INFO - [G] 2025-02-22 11:58:36 :: INFO  :: JoyousSpring :: Loading 10Runick.lua
INFO - [G] 2025-02-22 11:58:36 :: INFO  :: JoyousSpring :: Loading 99Misc.lua
INFO - [G] 2025-02-22 11:58:36 :: INFO  :: JoyousSpring :: Loading Tags.lua
INFO - [G] line not found
INFO - [G] file not found: main.lua: No such file or directory
INFO - [G] file not found: main.lua: No such file or directory
INFO - [G] line not found
INFO - [G] line not found
INFO - [G] line not found
INFO - [G] line not found
INFO - [G] line not found
INFO - [G] line not found
INFO - [G] file not found: main.lua: No such file or directory
INFO - [G] 2025-02-22 11:58:36 :: ERROR :: StackTrace :: Oops! The game crashed
[SMODS LushMod "LushMod.lua"]:81: attempt to call global 'addJokersToPools' (a nil value)
Stack Traceback
===============
(1) Lua local 'handler' at file 'main.lua:612'
	Local variables:
	 msg = string: "[SMODS LushMod \"LushMod.lua\"]:81: attempt to call global 'addJokersToPools' (a nil value)"
	 (*temporary) = Lua function '?' (defined at line 31 of chunk [SMODS _ "src/logging.lua"])
	 (*temporary) = string: "Oops! The game crashed\
"
(2) LÖVE global at file 'boot.lua:352'
	Local variables:
	 errhand = Lua function '?' (defined at line 598 of chunk main.lua)
	 handler = Lua function '?' (defined at line 598 of chunk main.lua)
(3) Lua local 'v' at file 'LushMod.lua:81' (from mod with id LushMod)
	Local variables:
	 lushJokers = table: 0x031e4e50  {j_wizard:table: 0x0306b5c8, j_trickster:table: 0x03066c20, j_seven:table: 0x0306bb08 (more...)}
	 jokerLocalization = table: 0x0306bd78  {j_wizard:table: 0x0306c3f8, j_trickster:table: 0x0306c088, j_seven:table: 0x0306c548 (more...)}
	 (*temporary) = nil
	 (*temporary) = table: 0x031e4e50  {j_wizard:table: 0x0306b5c8, j_trickster:table: 0x03066c20, j_seven:table: 0x0306bb08 (more...)}
	 (*temporary) = nil
	 (*temporary) = string: "LushMod"
	 (*temporary) = Lua function '?' (defined at line 16 of chunk [SMODS LushMod "LushMod.lua"])
	 (*temporary) = table: 0x031fd028  {LushMod:function: 0x03066ec8, BadApple:function: 0x02e62260}
	 (*temporary) = table: 0x031fd028  {LushMod:function: 0x03066ec8, BadApple:function: 0x02e62260}
	 (*temporary) = string: "LushMod"
	 (*temporary) = Lua function '?' (defined at line 16 of chunk [SMODS LushMod "LushMod.lua"])
	 (*temporary) = string: "attempt to call global 'addJokersToPools' (a nil value)"
(4) Lua local 'func' at Steamodded file 'src/loader.lua:565' 
	Local variables:
	 (for generator) = C function: next
	 (for state) = table: 0x031fd000  {LushMod:function: 0x03066ec8}
	 (for control) = number: nan
	 k = string: "LushMod"
	 v = Lua function '?' (defined at line 16 of chunk [SMODS LushMod "LushMod.lua"])
(5) Lua field 'with_compat' at Steamodded file 'src/compat_0_9_8.lua:522' 
	Local variables:
	 func = Lua function '?' (defined at line 561 of chunk [SMODS _ "src/loader.lua"])
	 localization_ref = table: 0x02f10ba8  {descriptions:table: 0x02f10c08, tutorial_parsed:table: 0x02c81338, quips_parsed:table: 0x03081c68 (more...)}
	 captured_loc = table: 0x031e1d90  {}
(6) Lua global 'loadMods' at Steamodded file 'src/loader.lua:561' 
	Local variables:
	 modsDirectory = string: "C:\\Users\\erikk\\AppData\\Roaming\\Balatro\\Mods"
	 header_components = table: 0x02cfc0d8  {version:table: 0x02f23850, id:table: 0x02cfc160, conflicts:table: 0x02f23740 (more...)}
	 json_spec = table: 0x02f23a08  {version:table: 0x02d132e8, id:table: 0x02df6938, main_file:table: 0x02d17c98 (more...)}
	 used_prefixes = table: 0x02d17e58  {csau:Cardsauce, expa:ExpandInHandAbilities, lush:LushUtil, talisman:Talisman (more...)}
	 lovely_directories = table: 0x02d17e80  {1:C:\Users\erikk\AppData\Roaming\Balatro\Mods/BalatroBakery-main/, 2:C:\Users\erikk\AppData\Roaming\Balatro\Mods/Cardsauce/ (more...)}
	 processDirectory = Lua function '?' (defined at line 185 of chunk [SMODS _ "src/loader.lua"])
	 keyset = table: 0x02fceb00  {1:-100, 2:0}
	 check_dependencies = Lua function '?' (defined at line 419 of chunk [SMODS _ "src/loader.lua"])
	 (for generator) = C function: builtin#6
	 (for state) = table: 0x02fceb00  {1:-100, 2:0}
	 (for control) = number: 2
	 _ = number: 2
	 priority = number: 0
	 (for generator) = C function: builtin#6
	 (for state) = table: 0x02cfe3c0  {1:table: 0x02dd2378, 2:table: 0x02de3e08, 3:table: 0x02eab778, 4:table: 0x0324f0f8 (more...)}
	 (for control) = number: 7
	 _ = number: 7
	 mod = table: 0x03236f10  {version:0.0.0, id:LushMod, main_file:LushMod.lua, can_load:true, badge_colour:table: 0x032371d0 (more...)}
(7) Lua global 'initSteamodded' at Steamodded file 'src/loader.lua:654' 
(8) Lua upvalue 'su' at file 'game.lua:313'
	Local variables:
	 self = table: 0x02a30cc8  {F_GUIDE:false, F_CRASH_REPORTS:false, F_QUIT_BUTTON:true, F_ENGLISH_ONLY:false (more...)}
	 settings = string: "return {[\"version\"]=\"1.0.1n-FULL\",[\"run_stake_stickers\"]=true,[\"QUEUED_CHANGE\"]={},[\"COMP\"]={[\"prev_name\"]=\"\",[\"name\"]=\"\",[\"score\"]=4981789397.243,},[\"colourblind_option\"]=true,[\"play_button_pos\"]=2,[\"CUSTOM_DECK\"]={[\"Collabs\"]={[\"Spades\"]=\"default_Spades\",[\"Clubs\"]=\"default_Clubs\",[\"Hearts\"]=\"default_Hearts\",[\"mtg_Clovers\"]=\"default_mtg_Clovers\",[\"Diamonds\"]=\"default_Diamonds\",},},[\"CS_COLOR2\"]={[4]=1,[1]=0.53333333333333,[2]=0.40392156862745,[3]=0.64705882352941,},[\"music_selection\"]=\"cardsauce\",[\"csau_color_selection\"]=\"default_csau\",[\"SOUND\"]={[\"volume\"]=86.8671875,[\"music_volume\"]=0,[\"game_sounds_volume\"]=91.96,},[\"initCSAUColors\"]=true,[\"current_setup\"]=\"New Run\",[\"DEMO\"]={[\"win_CTA_shown\"]=true,[\"quit_CTA_shown\"]=true,[\"timed_CTA_shown\"]=true,[\"total_uptime\"]=21.121538039127,},[\"language\"]=\"en-us\",[\"colourpalettes\"]={[\"Spades\"]=\"csau_def_spades\",[\"Hearts\"]=\"csau_def_hearts\",[\"Diamonds\"]=\"csau_def_diamonds\",[\"Clubs\"]=\"csau_def_clubs\",},[\"reduced_motion\"]=false,[\"ambient_control\"]={[\"ambientFire1\"]={[\"per\"]=1.1,[\"vol\"]=0,},[\"ambientOrgan1\"]={[\"per\"]=0.7,[\"vol\"]=0,},[\"ambientFire2\"]={[\"per\"]=1.05,[\"vol\"]=0,},[\"ambientFire3\"]={[\"per\"]=1,[\"vol\"]=0,},},[\"STATUSTEXT\"]=0,[\"colour_palettes\"]={[\"Spades\"]=\"lc\",[\"Clubs\"]=\"lc\",[\"Hearts\"]=\"lc\",[\"mtg_Clovers\"]=\"hc\",[\"Diamonds\"]=\"lc\",},[\"crashreports\"]=false,[\"tutorial_progress\"]={[\"hold_parts\"]={[\"first_hand_3\"]=true,[\"small_blind\"]=true,[\"big_blind\"]=true,[\"first_hand_4\"]=true,[\"second_hand\"]=true,[\"shop_1\"]=true,[\"first_hand_2\"]=true,[\"first_hand\"]=true,},[\"section\"]=\"second_hand\",[\"completed_parts\"]={[\"first_hand\"]=true,[\"first_hand_3\"]=true,[\"small_blind\"]=true,[\"big_blind\"]=true,[\"first_hand_4\"]=true,[\"shop_1\"]=true,[\"first_hand_section\"]=true,[\"first_hand_2\"]=true,[\"second_hand\"]=true,},},[\"WINDOW\"]={[\"vsync\"]=0,[\"display_names\"]={[2]=\"2\",[1]=\"1\",},[\"screenmode\"]=\"Borderless\",[\"DISPLAYS\"]={[2]={[\"screen_resolutions\"]={[\"strings\"]={[1]=\"3200 X 1800\",},[\"values\"]={[1]={[\"w\"]=1920,[\"h\"]=1080,},},},[\"DPI_scale\"]=1,[\"MONITOR_DIMS\"]={[\"height\"]=1800,[\"width\"]=3200,},},[1]={[\"screen_resolutions\"]={[\"strings\"]={[1]=\"3840 X 2160\",},[\"values\"]={[1]={[\"w\"]=1920,[\"h\"]=1080,},},},[\"screen_res\"]={[\"w\"]=1920,[\"h\"]=1080,},[\"DPI_scale\"]=1,[\"MONITOR_DIMS\"]={[\"height\"]=2160,[\"width\"]=3840,},},},[\"selected_display\"]=1,},[\"profile\"]=3,[\"paused\"]=true,[\"music_control\"]={[\"current_track\"]=\"\",[\"desired_track\"]=\"\",[\"lerp\"]=1,},[\"ACHIEVEMENTS_EARNED\"]={[\"speedrunner\"]=true,[\"big_hands\"]=true,[\"retrograde\"]=true,[\"card_player\"]=true,[\"card_discarder\"]=true,[\"heads_up\"]=true,[\"high_stakes\"]=true,[\"roi\"]=true,[\"tiny_hands\"]=true,[\"_100000k\"]=true,[\"cartomancy\"]=true,[\"_10k\"]=true,[\"_1000k\"]=true,[\"mid_stakes\"]=true,[\"completionist\"]=true,[\"nest_egg\"]=true,[\"legendary\"]=true,[\"ante_upper\"]=true,[\"ach_cry_now_the_fun_begins\"]=true,[\"astronomy\"]=true,[\"royale\"]=true,[\"rule_bender\"]=true,[\"extreme_couponer\"]=true,[\"low_stakes\"]=true,[\"shattered\"]=true,[\"ach_cry_break_infinity\"]=true,[\"clairvoyance\"]=true,[\"ante_up\"]=true,[\"you_get_what_you_get\"]=true,},[\"screenshake\"]=0,[\"CS_COLOR1\"]={[4]=1,[1]=0.29411764705882,[2]=0.76078431372549,[3]=0.57254901960784,},[\"tutorial_complete\"]=true,[\"FASTFORWARD\"]=0,[\"GAMESPEED\"]=4,[\"GRAPHICS\"]={[\"texture_scaling\"]=2,[\"crt\"]=0,[\"shadows\"]=\"Off\",[\"bloom\"]=1,},}"
	 settings_ver = nil
	 new_colour_proto = table: 0x02a39418  {Spades:table: 0x02a39680, Hearts:table: 0x02a39530, Diamonds:table: 0x02a395e8 (more...)}
	 sound_files = table: 0x02dfa7a8  {1:ambientFire1.ogg, 2:ambientFire2.ogg, 3:ambientFire3.ogg, 4:ambientOrgan1.ogg (more...)}
	 shader_files = table: 0x02dfe210  {1:CRT.fs, 2:background.fs, 3:booster.fs, 4:debuff.fs, 5:dissolve.fs, 6:flame.fs (more...)}
(9) Lua method 'start_up' at file 'main.lua:2009'
	Local variables:
	 self = table: 0x02a30cc8  {F_GUIDE:false, F_CRASH_REPORTS:false, F_QUIT_BUTTON:true, F_ENGLISH_ONLY:false (more...)}
(10) Lua field 'load' at file 'main.lua:945'
(11) Lua function '?' at file 'main.lua:892' (best guess)
(12) global C function 'xpcall'
(13) LÖVE function at file 'boot.lua:368' (best guess)
	Local variables:
	 result = boolean: true
	 main = nil
(14) global C function 'xpcall'
(15) LÖVE function at file 'boot.lua:377' (best guess)
	Local variables:
	 func = Lua function '(LÖVE Function)' (defined at line 355 of chunk [love "boot.lua"])
	 inerror = boolean: true
	 deferErrhand = Lua function '(LÖVE Function)' (defined at line 348 of chunk [love "boot.lua"])
	 earlyinit = Lua function '(LÖVE Function)' (defined at line 355 of chunk [love "boot.lua"])

INFO - [G] line not found
INFO - [G] line not found
INFO - [G] line not found
INFO - [G] line not found
INFO - [G] line not found
INFO - [G] line not found
INFO - [G] file not found: main.lua: No such file or directory
INFO - [G] 2025-02-22 11:58:36 :: INFO  :: StackTrace :: Additional Context:
Balatro Version: 1.0.1n-FULL
Modded Version: 1.0.0~ALPHA-1421b-STEAMODDED
LÖVE Version: 11.5.0
Lovely Version: 0.7.1
Platform: Windows
Steamodded Mods:
    1: JoyousSpring by nh6574 [ID: JoyousSpring, Version: 0.5.1.3, Uses Lovely]
    2: Cardsauce by BarrierTrio/Gote & Keku [ID: Cardsauce, Version: 1.3.4, Uses Lovely]
    3: Lucky Jimbos: Joker Pack by LuckySix [ID: L6_luckyjimbo, Version: 0.3~alpha-5]
    4: Neato Jokers by Neato [ID: Neato_Jokers, Version: 1.0.3, Uses Lovely]
    5: LushUtil by lusciousdev [ID: LushUtil]
    6: KCVanilla by krackocloud [ID: kcvanilla, Version: 2.3.0, Uses Lovely]
    7: Expand In Hand Abilities by lusciousdev [ID: ExpandInHandAbilities]
    8: Talisman by MathIsFun_, Mathguy24, jenwalter666, cg-223 [ID: Talisman, Version: 2.0.2, Uses Lovely]
    9: LushMod by lusciousdev [ID: LushMod]
    10: Bad Apple Joker by JamestheJellyfish [ID: BadApple]
    11: D6 Jokers by ItsFlowwey [ID: D6Joker, Priority: -100, Version: 0.7.21, Uses Lovely]
    12: Bakery by BakersDozenBagels [ID: Bakery, Version: 0.1.25~4, Uses Lovely]
Lovely Mods:
