INFO - [♥] Lovely 0.7.1
INFO - [♥] Game directory is at "C:\\Program Files (x86)\\Steam\\steamapps\\common\\Balatro"
INFO - [♥] Writing logs to "C:\\Users\\erikk\\AppData\\Roaming\\Balatro\\Mods\\lovely\\log"
INFO - [♥] Using mod directory at "C:\\Users\\erikk\\AppData\\Roaming\\Balatro\\Mods"
INFO - [♥] Found .lovelyignore in 'Quilombo', skipping it.
WARN - [♥] Unknown key `patches.21.?.match_indent` found in patch file at "C:\\Users\\erikk\\AppData\\Roaming\\Balatro\\Mods\\Cryptid-main\\lovely\\code.toml", ignoring it
WARN - [♥] Unknown key `patches.49.?.match_indent` found in patch file at "C:\\Users\\erikk\\AppData\\Roaming\\Balatro\\Mods\\Talisman\\lovely.toml", ignoring it
WARN - [♥] Unknown key `patches.52.?.match_indent` found in patch file at "C:\\Users\\erikk\\AppData\\Roaming\\Balatro\\Mods\\Talisman\\lovely.toml", ignoring it
INFO - [♥] Cleaning up dumps directory at "C:\\Users\\erikk\\AppData\\Roaming\\Balatro\\Mods\\lovely\\dump"
INFO - [♥] Initialization complete in 1386ms
WARN - [♥] Pattern 'G.ARGS.score_intensity.organ = G.video_organ or G.ARGS.score_intensity.required_score > 0 and math.max(math.min(0.4, 0.1*math.log(G.ARGS.score_intensity.earned_score/(G.ARGS.score_intensity.required_score+1), 5)),0.) or 0' on target 'main.lua' for pattern patch from Talisman\lovely.toml resulted in no matches
WARN - [♥] Pattern 'if type(G.GAME.current_round.current_hand.chips) ~= \'number\' or type(G.GAME.current_round.current_hand.mult) ~= \'number\' then' on target 'main.lua' for pattern patch from Talisman\lovely.toml resulted in no matches
INFO - [♥] Applied 21 patches to 'main.lua'
INFO - [♥] Applied 2 patches to 'engine/string_packer.lua'
INFO - [♥] Applied 8 patches to 'engine/controller.lua'
INFO - [♥] Applied 22 patches to 'back.lua'
INFO - [♥] Applied 18 patches to 'tag.lua'
INFO - [♥] Applied 1 patch to 'engine/node.lua'
INFO - [♥] Applied 2 patches to 'engine/moveable.lua'
INFO - [♥] Applied 2 patches to 'engine/sprite.lua'
INFO - [♥] Applied 2 patches to 'engine/animatedsprite.lua'
WARN - [♥] Pattern 'assembled_string = assembled_string..(type(subpart) == \'string\' and subpart or args.vars[tonumber(subpart[1])] or \'ERROR\')' on target 'functions/misc_functions.lua' for pattern patch from Talisman\lovely.toml resulted in no matches
INFO - [♥] Applied 58 patches to 'functions/misc_functions.lua'
WARN - [♥] Pattern 'for i = 1, 2 do' on target 'game.lua' for pattern patch from Cryptid-main\lovely\stake.toml resulted in no matches
WARN - [♥] Pattern 'create_shop_card_ui(card, \'Voucher\', G.shop_vouchers)' on target 'game.lua' for pattern patch from Cryptid-main\lovely\stake.toml resulted in no matches
WARN - [♥] Pattern 'self.GAME.current_round.voucher = G.SETTINGS.tutorial_progress and G.SETTINGS.tutorial_progress.forced_voucher or SMODS.get_next_vouchers()' on target 'game.lua' for pattern patch from Cryptid-main\lovely\very_fair.toml resulted in no matches
WARN - [♥] Pattern '{card_limit = self.GAME.starting_params.consumable_slots, type = \'joker\', highlight_limit = 1})' on target 'game.lua' for pattern patch from TooManyDecks-main\lovely\limit.toml resulted in no matches
WARN - [♥] Pattern '{card_limit = self.GAME.starting_params.joker_slots, type = \'joker\', highlight_limit = 1})' on target 'game.lua' for pattern patch from TooManyDecks-main\lovely\limit.toml resulted in no matches
WARN - [♥] Pattern 'self.GAME.current_round.voucher = G.SETTINGS.tutorial_progress and G.SETTINGS.tutorial_progress.forced_voucher or get_next_voucher_key()' on target 'game.lua' for pattern patch from Cryptid-main\lovely\Voucher.toml resulted in no matches
WARN - [♥] Regex 'card\\:start_materialize\\(\\)\\n\\s+G\\.shop_vouchers\\:emplace\\(card\\)\\n\\s+end' on target 'game.lua' for regex patch from Cryptid-main\lovely\Voucher.toml resulted in no matches
WARN - [♥] Pattern 'if G.GAME.chips - G.GAME.blind.chips >= 0 or G.GAME.current_round.hands_left < 1 then' on target 'game.lua' for pattern patch from Prism-main\lovely.toml resulted in no matches
INFO - [♥] Applied 95 patches to 'game.lua'
INFO - [♥] Applied 2 patches to 'globals.lua'
INFO - [♥] Applied 6 patches to 'engine/ui.lua'
WARN - [♥] Pattern 'G.GAME.shop.joker_max*1.02*G.CARD_W,' on target 'functions/UI_definitions.lua' for pattern patch from Cryptid-main\lovely\equilibrium.toml resulted in no matches
WARN - [♥] Pattern '{n=G.UIT.O, config={object = DynaText({string = {{ref_table = G.GAME.round_resets, ref_value = \'ante_disp\'}}, colours = {G.C.IMPORTANT},shadow = true, font = G.LANGUAGES[\'en-us\'].font, scale = scale_number(G.GAME.round_resets.ante, 2*scale, 100)}),id = \'ante_UI_count\'}},--{n=G.UIT.T, config={text = number_format(G.GAME.round_resets.ante), lang = G.LANGUAGES[\'en-us\'], scale = scale_number(G.GAME.round_resets.ante, 2*scale, 100), colour = G.C.IMPORTANT, shadow = true,id = \'ante_UI_count\'}},' on target 'functions/UI_definitions.lua' for pattern patch from SauKhongHuDecks-main\lovely.toml resulted in no matches
WARN - [♥] Pattern '{n=G.UIT.T, config={text = G.GAME.hands[handname].chips, scale = 0.45, colour = G.C.UI.TEXT_LIGHT}},' on target 'functions/UI_definitions.lua' for pattern patch from Talisman\lovely.toml resulted in no matches
WARN - [♥] Pattern '{n=G.UIT.T, config={text = G.GAME.hands[handname].mult, scale = 0.45, colour = G.C.UI.TEXT_LIGHT}}' on target 'functions/UI_definitions.lua' for pattern patch from Talisman\lovely.toml resulted in no matches
WARN - [♥] Pattern '{n=G.UIT.O, config={object = DynaText({string = {{ref_table = G.GAME.round_resets, ref_value = \'ante\'}}, colours = {G.C.IMPORTANT},shadow = true, font = G.LANGUAGES[\'en-us\'].font, scale = 2*scale}),id = \'ante_UI_count\'}},' on target 'functions/UI_definitions.lua' for pattern patch from Talisman\lovely.toml resulted in no matches
INFO - [♥] Applied 107 patches to 'functions/UI_definitions.lua'
WARN - [♥] Pattern 'ease_to = G.GAME.chips + math.floor(hand_chips * mult) * (e and e.antiscore and -1 or 1),' on target 'functions/state_events.lua' for pattern patch from Cryptid-main\lovely\blind.toml resulted in no matches
WARN - [♥] Pattern 'if reps[j] ~= 1 then' on target 'functions/state_events.lua' for pattern patch from Cryptid-main\lovely\misc.toml resulted in no matches
WARN - [♥] Pattern 'for i=1, #G.jokers.cards + #G.consumeables.cards do' on target 'functions/state_events.lua' for pattern patch from Cryptid-main\lovely\misc.toml resulted in no matches
WARN - [♥] Pattern 'local effects = {[1] = {playing_card = G.hand.cards[i]:get_end_of_round_effect()}}' on target 'functions/state_events.lua' for pattern patch from Cryptid-main\lovely\stake.toml resulted in no matches
WARN - [♥] Pattern 'G.GAME.current_round.voucher = get_next_voucher_key()' on target 'functions/state_events.lua' for pattern patch from Cryptid-main\lovely\sticker.toml resulted in no matches
WARN - [♥] Pattern 'mult, hand_chips, modded = G.GAME.blind:modify_hand(G.play.cards, poker_hands, text, mult, hand_chips)' on target 'functions/state_events.lua' for pattern patch from AzzysJokers-1.2.2\lovely\patcher.toml resulted in no matches
WARN - [♥] Pattern 'card_eval_status_text((reps[j].jokers or reps[j].seals).card, \'jokers\', nil, nil, nil, (reps[j].jokers or reps[j].seals))' on target 'functions/state_events.lua' for pattern patch from AzzysJokers-1.2.2\lovely\patcher.toml resulted in no matches
WARN - [♥] Pattern 'G.GAME.current_round.voucher = get_next_voucher_key()' on target 'functions/state_events.lua' for pattern patch from Cryptid-main\lovely\Voucher.toml resulted in no matches
WARN - [♥] Pattern 'if effects[ii].card then' on target 'functions/state_events.lua' for pattern patch from Talisman\lovely.toml resulted in no matches
WARN - [♥] Pattern 'if effects.jokers.Xmult_mod then mult = mod_mult(mult*effects.jokers.Xmult_mod);extras.mult = true  end' on target 'functions/state_events.lua' for pattern patch from Talisman\lovely.toml resulted in no matches
WARN - [♥] Pattern 'if effect.Xmult_mod then mult = mod_mult(mult*effect.Xmult_mod);extras.mult = true  end' on target 'functions/state_events.lua' for pattern patch from Talisman\lovely.toml resulted in no matches
WARN - [♥] Pattern 'if effects[ii].message then' on target 'functions/state_events.lua' for pattern patch from Talisman\lovely.toml resulted in no matches
WARN - [♥] Pattern '--calculate the card edition effects' on target 'functions/state_events.lua' for pattern patch from Talisman\lovely.toml resulted in no matches
WARN - [♥] Pattern 'if effects[ii].edition.p_dollars_mod then' on target 'functions/state_events.lua' for pattern patch from Talisman\lovely.toml resulted in no matches
WARN - [♥] Pattern 'if edition_effects.jokers.x_mult_mod then' on target 'functions/state_events.lua' for pattern patch from Talisman\lovely.toml resulted in no matches
WARN - [♥] Pattern 'if SMODS.has_enhancement(scoring_hand[i], \'m_glass\') and not scoring_hand[i].debuff and pseudorandom(\'glass\') < G.GAME.probabilities.normal/(scoring_hand[i].ability.name == \'Glass Card\' and scoring_hand[i].ability.extra or G.P_CENTERS.m_glass.config.extra) then' on target 'functions/state_events.lua' for pattern patch from Cryptid-main\lovely\Probability.toml resulted in no matches
WARN - [♥] Regex '(?<indent>[\\t ]*)if destroyed then \\n' on target 'functions/state_events.lua' for regex patch from Cryptid-main\lovely\seal.toml resulted in no matches
INFO - [♥] Applied 93 patches to 'functions/state_events.lua'
WARN - [♥] Pattern '{n=G.UIT.T, config={text = localize(\'$\')..config.dollars, scale = 1.2*scale, colour = G.C.WHITE, shadow = true, juice = true}}' on target 'functions/common_events.lua' for pattern patch from Cryptid-main\lovely\code.toml resulted in no matches
WARN - [♥] Pattern 'G.shop_jokers.T.w = G.GAME.shop.joker_max*1.01*G.CARD_W' on target 'functions/common_events.lua' for pattern patch from Cryptid-main\lovely\equilibrium.toml resulted in no matches
WARN - [♥] Pattern 'function generate_card_ui(_c, full_UI_table, specific_vars, card_type, badges, hide_desc, main_start, main_end)' on target 'functions/common_events.lua' for pattern patch from Cryptid-main\lovely\lib_misc.toml resulted in no matches
WARN - [♥] Pattern 'elseif v.boss.showdown and (G.GAME.round_resets.ante)%G.GAME.win_ante == 0 and G.GAME.round_resets.ante >= 2 then' on target 'functions/common_events.lua' for pattern patch from Cryptid-main\lovely\stake.toml resulted in no matches
WARN - [♥] Pattern 'if num_dollars > 60 then' on target 'functions/common_events.lua' for pattern patch from Talisman\lovely.toml resulted in no matches
WARN - [♥] Pattern 'func = (function() if eval_func(card) then if not first or first then card:juice_up(0.1, 0.1) end;juice_card_until(card, eval_func, nil, 0.8) end return true end)' on target 'functions/common_events.lua' for pattern patch from Talisman\lovely.toml resulted in no matches
WARN - [♥] Pattern 'elseif _c.effect == \'Lucky Card\' then loc_vars = {G.GAME.probabilities.normal, cfg.mult, 5, cfg.p_dollars, 15}' on target 'functions/common_events.lua' for pattern patch from Cryptid-main\lovely\Probability.toml resulted in no matches
INFO - [♥] Applied 184 patches to 'functions/common_events.lua'
WARN - [♥] Pattern 'add_tag(_tag.config.ref_table)' on target 'functions/button_callbacks.lua' for pattern patch from Plantain-main\lovely.toml resulted in no matches
WARN - [♥] Pattern 'if ((G.GAME.dollars-G.GAME.bankrupt_at) - 10 >= 0) and' on target 'functions/button_callbacks.lua' for pattern patch from Talisman\lovely.toml resulted in no matches
WARN - [♥] Regex '(?<indent>[\\t ]*)voucher_pool\\[i\\+\\(j-1\\)\\*4 \\+ \\(8\\*\\(args\\.cycle_config\\.current_option - 1\\)\\)\\]\\n[\\s\\S]{6}if not center then break end\\n[\\s\\S]{6}local card = Card\\(G\\.your_collection\\[j\\]\\.T\\.x \\+ G\\.your_collection\\[j\\]\\.T\\.w\\/2, G\\.your_collection\\[j\\]\\.T\\.y, G\\.CARD_W, G\\.CARD_H, G\\.P_CARDS\\.empty, center\\)' on target 'functions/button_callbacks.lua' for regex patch from Flower-Pot-main\lovely\stat_type.toml resulted in no matches
WARN - [♥] Pattern 'if #G.hand.highlighted <= 0 or G.GAME.blind.block_play or #G.hand.highlighted > 5 then' on target 'functions/button_callbacks.lua' for pattern patch from Prism-main\lovely.toml resulted in no matches
INFO - [♥] Applied 79 patches to 'functions/button_callbacks.lua'
WARN - [♥] Pattern 'if G.GAME.blind and G.GAME.blind.in_blind then G.E_MANAGER:add_event(Event({ func = function() G.GAME.blind:set_blind(nil, true, nil); return true end })) end' on target 'card.lua' for pattern patch from smods-main\lovely\calculate_card_added.toml resulted in 2 matches, wanted 1
WARN - [♥] Ignoring excess matches
WARN - [♥] Pattern 'if self.ability.name == \'Campfire\' and G.GAME.blind.boss and not (G.GAME.blind.config and G.GAME.blind.config.bonus) and self.ability.x_mult > 1 then' on target 'card.lua' for pattern patch from Cryptid-main\lovely\misc.toml resulted in no matches
WARN - [♥] Pattern 'if self.ability.name:find(\'Arcana\') then' on target 'card.lua' for pattern patch from Cryptid-main\lovely\misprint.toml resulted in no matches
WARN - [♥] Pattern 'if self.ability.name == \'The Hermit\' or self.ability.consumeable.hand_type or self.ability.name == \'Temperance\' or self.ability.name == \'Black Hole\' then' on target 'card.lua' for pattern patch from Cryptid-main\lovely\stake.toml resulted in no matches
WARN - [♥] Pattern 'if self.ability.queue_negative_removal then' on target 'card.lua' for pattern patch from Cryptid-main\lovely\sticker.toml resulted in no matches
WARN - [♥] Pattern 'G.GAME.current_round.voucher = nil' on target 'card.lua' for pattern patch from Cryptid-main\lovely\Voucher.toml resulted in no matches
WARN - [♥] Pattern 'if G.GAME.blind then G.E_MANAGER:add_event(Event({ func = function() G.GAME.blind:set_blind(nil, true, nil); return true end })) end' on target 'card.lua' for pattern patch from Talisman\lovely.toml resulted in no matches
WARN - [♥] Pattern 'x_mult = center.config.Xmult or 1,' on target 'card.lua' for pattern patch from Talisman\lovely.toml resulted in no matches
WARN - [♥] Pattern 'if not initial then G.GAME.blind:debuff_card(self) end' on target 'card.lua' for pattern patch from kcvanilla-master\lovely.toml resulted in no matches
WARN - [♥] Pattern 'if pseudorandom(\'lucky_money\') < G.GAME.probabilities.normal/15 then' on target 'card.lua' for pattern patch from Cryptid-main\lovely\Probability.toml resulted in no matches
WARN - [♥] Pattern 'if pseudorandom(\'lucky_mult\') < G.GAME.probabilities.normal/5 then' on target 'card.lua' for pattern patch from Cryptid-main\lovely\Probability.toml resulted in no matches
WARN - [♥] Pattern 'elseif self.ability.name == \'Business Card\' then loc_vars = {\'\'..(G.GAME and G.GAME.probabilities.normal or 1), self.ability.extra}' on target 'card.lua' for pattern patch from Cryptid-main\lovely\Probability.toml resulted in no matches
WARN - [♥] Pattern 'pseudorandom(\'business\') < G.GAME.probabilities.normal/self.ability.extra then' on target 'card.lua' for pattern patch from Cryptid-main\lovely\Probability.toml resulted in no matches
INFO - [♥] Applied 256 patches to 'card.lua'
INFO - [♥] Applied 18 patches to 'cardarea.lua'
INFO - [♥] Applied 40 patches to 'blind.lua'
INFO - [♥] Applied 2 patches to 'card_character.lua'
INFO - [♥] Applied 5 patches to 'engine/text.lua'
INFO - [♥] Applied 3 patches to 'challenges.lua'
INFO - [♥] Applied 1 patch to '=[SMODS _ "src/ui.lua"]'
INFO - [♥] Applied 4 patches to '=[SMODS _ "src/utils.lua"]'
INFO - [♥] Applied 4 patches to '=[SMODS _ "src/overrides.lua"]'
INFO - [♥] Applied 1 patch to '=[SMODS _ "src/game_object.lua"]'
INFO - [G] Failed to connect to the debug server
INFO - [G] 2025-04-16 16:06:54 :: DEBUG :: DebugConsole :: Steamodded Debug Socket started !
INFO - [G] 2025-04-16 16:06:54 :: INFO  :: SMODS :: Steamodded v1.0.0~BETA-0324b
INFO - [♥] Applied 9 patches to 'engine/sound_manager.lua'
INFO - [♥] Applied 3 patches to 'engine/save_manager.lua'
INFO - [♥] Applied 2 patches to 'engine/string_packer.lua'
INFO - [♥] Applied 4 patches to '=[SMODS _ "src/card_draw.lua"]'
INFO - [G] 2025-04-16 16:06:57 :: TRACE :: Loader :: Processing Mod file (Legacy header): Azazel.lua
INFO - [G] 2025-04-16 16:06:57 :: TRACE :: Loader :: Saving Mod Info: AzzysJokers
INFO - [G] 2025-04-16 16:06:57 :: INFO  :: Loader :: Valid JSON file found
INFO - [G] 2025-04-16 16:06:57 :: INFO  :: Loader :: Valid JSON file found
INFO - [G] 2025-04-16 16:06:57 :: INFO  :: Loader :: Valid JSON file found
INFO - [G] 2025-04-16 16:06:57 :: INFO  :: Loader :: Valid JSON file found
INFO - [G] 2025-04-16 16:06:57 :: INFO  :: Loader :: Valid JSON file found
INFO - [G] 2025-04-16 16:06:57 :: TRACE :: Loader :: Processing Mod file (Legacy header): MoreFluff.lua
INFO - [G] 2025-04-16 16:06:57 :: TRACE :: Loader :: Saving Mod Info: MoreFluff
INFO - [G] 2025-04-16 16:06:58 :: INFO  :: Loader :: Valid JSON file found
INFO - [G] 2025-04-16 16:06:58 :: INFO  :: Loader :: Valid JSON file found
INFO - [G] 2025-04-16 16:06:59 :: INFO  :: Loader :: Valid JSON file found
INFO - [G] 2025-04-16 16:06:59 :: INFO  :: Loader :: Valid JSON file found
INFO - [G] 2025-04-16 16:06:59 :: INFO  :: Loader :: Valid JSON file found
INFO - [G] 2025-04-16 16:06:59 :: TRACE :: Loader :: Processing Mod file (Legacy header): main.lua
INFO - [G] 2025-04-16 16:06:59 :: TRACE :: Loader :: Saving Mod Info: sdm0sstuff
INFO - [G] 2025-04-16 16:06:59 :: INFO  :: Loader :: Valid JSON file found
INFO - [G] 2025-04-16 16:06:59 :: INFO  :: Loader :: Valid JSON file found
INFO - [G] 2025-04-16 16:06:59 :: TRACE :: Loader :: Processing Mod file (Legacy header): steamodded_metadata.lua
INFO - [G] 2025-04-16 16:06:59 :: TRACE :: Loader :: Saving Mod Info: Talisman
INFO - [G] 2025-04-16 16:06:59 :: INFO  :: Loader :: Valid JSON file found
INFO - [G] 2025-04-16 16:06:59 :: ERROR :: Loader :: Found invalid metadata JSON file at C:\Users\erikk\AppData\Roaming\Balatro\Mods/TooManyDecks-main/.vscode/settings.json, ignoring: [SMODS _ "src/loader.lua"]:226: id
INFO - [G] 2025-04-16 16:06:59 :: INFO  :: Loader :: Valid JSON file found
INFO - [G] 2025-04-16 16:06:59 :: INFO  :: Loader :: Valid JSON file found
INFO - [G] 2025-04-16 16:07:00 :: INFO  :: Loader :: Valid JSON file found
INFO - [G] basepaul_card
INFO - [G] clownfish
INFO - [G] expansion_pack
INFO - [G] hollow
INFO - [G] jester
INFO - [G] lollipop
INFO - [G] luckycharm
INFO - [G] monochrome
INFO - [G] mspaint
INFO - [G] simplified
INFO - [G] spiral
INFO - [G] treasuremap
INFO - [G] philosophical
INFO - [G] badlegaldefence
INFO - [G] clipart
INFO - [G] dropkick
INFO - [G] bladedance
INFO - [G] hyperbeam
INFO - [G] blasphemy
INFO - [G] dramaticentrance
INFO - [G] coupon_catalogue
INFO - [G] css
INFO - [G] globe
INFO - [G] goldencarrot
INFO - [G] hallofmirrors
INFO - [G] impostor
INFO - [G] tonersoup
INFO - [G] loadeddisk
INFO - [G] stylemeter
INFO - [G] teacup
INFO - [G] recycling
INFO - [G] virtual
INFO - [G] bloodpact
INFO - [G] bowlingball
INFO - [G] cba
INFO - [G] fleshprison
INFO - [G] hugejoker
INFO - [G] jankman
INFO - [G] mashupalbum
INFO - [G] pixeljoker
INFO - [G] rainbowjoker
INFO - [G] rosetinted
INFO - [G] the_solo
INFO - [G] triangle
INFO - [G] colorem
INFO - [G] flintandsteel
INFO - [G] junkmail
INFO - [G] gemstonejoker
INFO - [G] stonejokerjoker
INFO - [G] tealjoker
INFO - [G] yuckyrat
INFO - [G] allicantdo
INFO - [G] brass
INFO - [G] hyperjimbo
INFO - [G] top10
INFO - [G] marigold
INFO - [G] 2025-04-16 16:07:01 :: INFO  :: SKHDecks :: The library file assets.lua has been loaded!
INFO - [G] 2025-04-16 16:07:01 :: INFO  :: SKHDecks :: The library file functions.lua has been loaded!
INFO - [G] 2025-04-16 16:07:01 :: INFO  :: SKHDecks :: The item file divine_entity.lua has been loaded!
INFO - [G] 2025-04-16 16:07:01 :: INFO  :: SKHDecks :: The item file forgotten_sin.lua has been loaded!
INFO - [G] 2025-04-16 16:07:01 :: INFO  :: SKHDecks :: The item file heavenly_virtue.lua has been loaded!
INFO - [G] 2025-04-16 16:07:01 :: INFO  :: SKHDecks :: The item file deadly_sin.lua has been loaded!
INFO - [G] 2025-04-16 16:07:01 :: INFO  :: SKHDecks :: The item file forgotten_virtue.lua has been loaded!
INFO - [G] 2025-04-16 16:07:01 :: INFO  :: TOGAPack :: Hello World! Starting TOGAPack...
INFO - [G] 2025-04-16 16:07:02 :: TRACE :: Loader :: Mod quilombo was unable to load: 
INFO - [G] 2025-04-16 16:07:02 :: INFO  :: Mistigris :: Successfully loaded src/startup/game_hooks.lua!
INFO - [G] 2025-04-16 16:07:02 :: INFO  :: Mistigris :: Successfully loaded src/startup/smods_assets.lua!
INFO - [G] 2025-04-16 16:07:02 :: INFO  :: Mistigris :: Successfully loaded src/startup/smods_hooks.lua!
INFO - [G] 2025-04-16 16:07:02 :: INFO  :: Mistigris :: Successfully loaded src/startup/smods_ownership.lua!
INFO - [G] 2025-04-16 16:07:02 :: INFO  :: Mistigris :: Successfully loaded src/content/sleeve/tribute.lua!
INFO - [G] [CRYPTID] Loading library file ascended.lua
INFO - [G] [CRYPTID] Loading library file calculate.lua
INFO - [G] [CRYPTID] Loading library file content.lua
INFO - [G] 2025-04-16 16:07:02 :: WARN  :: ObjectType :: Object Food has the same key as an existing object, not registering.
INFO - [G] 2025-04-16 16:07:02 :: WARN  :: ObjectType :: If you want to modify an existing object, use take_ownership()
INFO - [G] [CRYPTID] Loading library file cross-mod.lua
INFO - [G] [CRYPTID] Loading library file d20.lua
INFO - [G] [CRYPTID] Loading library file event.lua
INFO - [G] [CRYPTID] Loading library file gameset.lua
INFO - [G] [CRYPTID] Loading library file https.lua
INFO - [G] 2025-04-16 16:07:02 :: DEBUG :: SMODS.https :: Using https module backend
INFO - [G] [CRYPTID] Loading library file misc.lua
INFO - [G] [CRYPTID] Loading library file misprintize.lua
INFO - [G] [CRYPTID] Loading library file modifiers.lua
INFO - [G] 2025-04-16 16:07:02 :: WARN  :: Sticker :: Detected duplicate register call on object perishable
INFO - [G] 2025-04-16 16:07:02 :: WARN  :: Sticker :: Detected duplicate register call on object pinned
INFO - [G] 2025-04-16 16:07:02 :: WARN  :: Sticker :: Detected duplicate register call on object eternal
INFO - [G] 2025-04-16 16:07:02 :: WARN  :: Sticker :: Detected duplicate register call on object rental
INFO - [G] [CRYPTID] Loading library file notifications.lua
INFO - [G] [CRYPTID] Loading library file overrides.lua
INFO - [G] [CRYPTID] Loading library file ui.lua
INFO - [G] [CRYPTID] Loading file achievement.lua
INFO - [G] [CRYPTID] Loading file blind.lua
INFO - [G] [CRYPTID] Loading file challenge.lua
INFO - [G] [CRYPTID] Loading file code.lua
INFO - [G] [CRYPTID] Loading file deck.lua
INFO - [G] [CRYPTID] Loading file enhanced.lua
INFO - [G] [CRYPTID] Loading file epic.lua
INFO - [G] [CRYPTID] Loading file exotic.lua
INFO - [G] [CRYPTID] Loading file joker_display.lua
INFO - [G] [CRYPTID] Loading file m.lua
INFO - [G] [CRYPTID] Loading file misc.lua
INFO - [G] [CRYPTID] Loading file misc_joker.lua
INFO - [G] [CRYPTID] Loading file planet.lua
INFO - [G] [CRYPTID] Loading file sleeve.lua
INFO - [G] [CRYPTID] Loading file spectral.lua
INFO - [G] [CRYPTID] Loading file spooky.lua
INFO - [G] [CRYPTID] Loading file stake.lua
INFO - [G] [CRYPTID] Loading file tag.lua
INFO - [G] [CRYPTID] Loading file test.lua
INFO - [G] [CRYPTID] Loading file voucher.lua
INFO - [G] 2025-04-16 16:07:03 :: WARN  :: Atlas :: Object cry_effarcire has the same key as an existing object, not registering.
INFO - [G] 2025-04-16 16:07:03 :: WARN  :: Atlas :: If you want to modify an existing object, use take_ownership()
INFO - [G] 2025-04-16 16:07:03 :: WARN  :: Atlas :: Detected duplicate register call on object draft_modicon
INFO - [G] 2025-04-16 16:07:03 :: INFO  :: TIMER :: [0000] Injected Language in 0.001 ms
INFO - [G] 2025-04-16 16:07:03 :: INFO  :: TIMER :: [0000] Injected [INTERNAL] in 52.433 ms
INFO - [G] 2025-04-16 16:07:07 :: INFO  :: TIMER :: [0109] Injected Atlas in 4523.041 ms
INFO - [G] 2025-04-16 16:07:09 :: INFO  :: TIMER :: [0098] Injected Sound in 1141.386 ms
INFO - [G] 2025-04-16 16:07:09 :: INFO  :: TIMER :: [0033] Injected Stake in 0.811 ms
INFO - [G] 2025-04-16 16:07:09 :: INFO  :: TIMER :: [0008] Injected Rarity in 0.032 ms
INFO - [G] 2025-04-16 16:07:09 :: INFO  :: TIMER :: [0021] Injected ObjectType in 0.152 ms
INFO - [G] 2025-04-16 16:07:09 :: INFO  :: TIMER :: [1057] Injected Center in 7.301 ms
INFO - [G] 2025-04-16 16:07:09 :: INFO  :: TIMER :: [0014] Injected Undiscovered Sprite in 0.020 ms
INFO - [G] 2025-04-16 16:07:09 :: INFO  :: TIMER :: [0039] Injected Blind in 0.085 ms
INFO - [G] 2025-04-16 16:07:09 :: INFO  :: TIMER :: [0008] Injected Seal in 0.183 ms
INFO - [G] 2025-04-16 16:07:09 :: INFO  :: TIMER :: [0004] Injected Suit in 0.128 ms
INFO - [G] 2025-04-16 16:07:09 :: INFO  :: TIMER :: [0026] Injected Rank in 0.182 ms
INFO - [G] 2025-04-16 16:07:09 :: INFO  :: TIMER :: [0028] Injected DeckSkin in 0.289 ms
INFO - [G] 2025-04-16 16:07:09 :: INFO  :: TIMER :: [0016] Injected PokerHand in 0.070 ms
INFO - [G] 2025-04-16 16:07:09 :: INFO  :: TIMER :: [0039] Injected Challenge in 0.064 ms
INFO - [G] 2025-04-16 16:07:09 :: INFO  :: TIMER :: [0046] Injected Tag in 0.110 ms
INFO - [G] 2025-04-16 16:07:09 :: INFO  :: TIMER :: [0009] Injected Sticker in 0.144 ms
INFO - [G] 2025-04-16 16:07:10 :: INFO  :: TIMER :: [0018] Injected Shader in 1033.160 ms
INFO - [G] 2025-04-16 16:07:10 :: INFO  :: TIMER :: [0003] Injected Keybind in 0.020 ms
INFO - [G] 2025-04-16 16:07:10 :: INFO  :: TIMER :: [0027] Injected Achievement in 0.197 ms
INFO - [G] 2025-04-16 16:07:10 :: INFO  :: TIMER :: [0004] Injected nil in 0.020 ms
INFO - [G] 2025-04-16 16:07:10 :: INFO  :: TIMER :: [0023] Injected Draw Step in 0.055 ms
INFO - [G] 2025-04-16 16:07:10 :: INFO  :: TIMER :: [0000] Injected [INTERNAL] in 203.523 ms
INFO - [G] 2025-04-16 16:07:10 :: INFO  :: TIMER :: [0010] Injected Other in 0.024 ms
INFO - [♥] Applied 1 patch to '=[SMODS _ "smods-https-thread.lua"]'
INFO - [G] 2025-04-16 16:08:15 :: DEBUG :: SMODS.https(1) :: Using https module backend
INFO - [G] line not found
INFO - [G] file not found: main.lua: No such file or directory
INFO - [G] file not found: main.lua: No such file or directory
INFO - [G] line not found
INFO - [G] file not found: functions/button_callbacks.lua: No such file or directory
INFO - [G] file not found: main.lua: No such file or directory
INFO - [G] file not found: main.lua: No such file or directory
INFO - [G] 2025-04-16 16:08:34 :: ERROR :: StackTrace :: Oops! The game crashed
[SMODS Cryptid "items/m.lua"]:1630: attempt to call global 'lenient_bignum' (a nil value)
Stack Traceback
===============
(1) Lua local 'handler' at file 'main.lua:612'
	Local variables:
	 msg = string: "[SMODS Cryptid \"items/m.lua\"]:1630: attempt to call global 'lenient_bignum' (a nil value)"
	 (*temporary) = Lua function '?' (defined at line 31 of chunk [SMODS _ "src/logging.lua"])
	 (*temporary) = string: "Oops! The game crashed\
"
(2) LÖVE global at file 'boot.lua:352'
	Local variables:
	 errhand = Lua function '?' (defined at line 598 of chunk main.lua)
	 handler = Lua function '?' (defined at line 598 of chunk main.lua)
(3) Lua method 'set_ability' at file 'items/m.lua:1630' (from mod with id Cryptid)
	Local variables:
	 self = table: 0x0d6d7ad0  {alerted:true, loc_vars:function: 0x0ddfff20, object_type:Joker, cry_order:261, _saved_d_u:true, original_key:longboi, discovered:true, mod:table: 0x0d7f17c0 (more...)}
	 card = table: 0x0f16b7c0  {click_offset:table: 0x0f16bac8, children:table: 0x0f16c550, ambient_tilt:0.2, T:table: 0x0f16b9d8, offset:table: 0x0f16c2b8, role:table: 0x0f16c020 (more...)}
	 initial = boolean: true
	 delay_sprites = nil
	 (*temporary) = table: 0x10a2b9b0  {bonus:0.75, monster:1}
	 (*temporary) = nil
	 (*temporary) = number: 1
	 (*temporary) = string: "attempt to call global 'lenient_bignum' (a nil value)"
(4) Lua upvalue 'csa' at file 'card.lua:438'
	Local variables:
	 self = table: 0x0f16b7c0  {click_offset:table: 0x0f16bac8, children:table: 0x0f16c550, ambient_tilt:0.2, T:table: 0x0f16b9d8, offset:table: 0x0f16c2b8, role:table: 0x0f16c020 (more...)}
	 center = table: 0x0d6d7ad0  {alerted:true, loc_vars:function: 0x0ddfff20, object_type:Joker, cry_order:261, _saved_d_u:true, original_key:longboi, discovered:true, mod:table: 0x0d7f17c0 (more...)}
	 initial = boolean: true
	 delay_sprites = nil
	 X = number: 10
	 Y = number: 3.16067
	 W = number: 2.04878
	 H = number: 2.75122
	 old_center = table: 0x0d6d7ad0  {alerted:true, loc_vars:function: 0x0ddfff20, object_type:Joker, cry_order:261, _saved_d_u:true, original_key:longboi, discovered:true, mod:table: 0x0d7f17c0 (more...)}
	 new_ability = table: 0x10a2af58  {extra:table: 0x10a2b588, h_chips:0, perma_h_mult:0, mult:0, h_x_chips:1, perma_mult:0, t_mult:0, h_dollars:0, set:Joker, perma_p_dollars:0, perma_bonus:0 (more...)}
	 reset_keys = table: 0x10a2b5d8  {1:name, 2:effect, 3:set, 4:extra, 5:played_this_ante, 6:perma_debuff}
	 obj = table: 0x0d6d7ad0  {alerted:true, loc_vars:function: 0x0ddfff20, object_type:Joker, cry_order:261, _saved_d_u:true, original_key:longboi, discovered:true, mod:table: 0x0d7f17c0 (more...)}
(5) Lua upvalue 'setabilityref' at file 'lib/gameset.lua:608' (from mod with id Cryptid)
	Local variables:
	 self = table: 0x0f16b7c0  {click_offset:table: 0x0f16bac8, children:table: 0x0f16c550, ambient_tilt:0.2, T:table: 0x0f16b9d8, offset:table: 0x0f16c2b8, role:table: 0x0f16c020 (more...)}
	 center = table: 0x0d6d7ad0  {alerted:true, loc_vars:function: 0x0ddfff20, object_type:Joker, cry_order:261, _saved_d_u:true, original_key:longboi, discovered:true, mod:table: 0x0d7f17c0 (more...)}
	 y = boolean: true
	 z = nil
(6) Lua upvalue 'setabilityref' at file 'lib/modifiers.lua:263' (from mod with id Cryptid)
	Local variables:
	 self = table: 0x0f16b7c0  {click_offset:table: 0x0f16bac8, children:table: 0x0f16c550, ambient_tilt:0.2, T:table: 0x0f16b9d8, offset:table: 0x0f16c2b8, role:table: 0x0f16c020 (more...)}
	 center = table: 0x0d6d7ad0  {alerted:true, loc_vars:function: 0x0ddfff20, object_type:Joker, cry_order:261, _saved_d_u:true, original_key:longboi, discovered:true, mod:table: 0x0d7f17c0 (more...)}
	 initial = boolean: true
	 delay_sprites = nil
(7) Lua method 'set_ability' at file 'items/misc.lua:2195' (from mod with id Cryptid)
	Local variables:
	 self = table: 0x0f16b7c0  {click_offset:table: 0x0f16bac8, children:table: 0x0f16c550, ambient_tilt:0.2, T:table: 0x0f16b9d8, offset:table: 0x0f16c2b8, role:table: 0x0f16c020 (more...)}
	 center = table: 0x0d6d7ad0  {alerted:true, loc_vars:function: 0x0ddfff20, object_type:Joker, cry_order:261, _saved_d_u:true, original_key:longboi, discovered:true, mod:table: 0x0d7f17c0 (more...)}
	 initial = boolean: true
	 delay_sprites = nil
(8) Lua upvalue 'card_init' at file 'card.lua:45'
	Local variables:
	 self = table: 0x0f16b7c0  {click_offset:table: 0x0f16bac8, children:table: 0x0f16c550, ambient_tilt:0.2, T:table: 0x0f16b9d8, offset:table: 0x0f16c2b8, role:table: 0x0f16c020 (more...)}
	 X = number: 10
	 Y = number: 3.16067
	 W = number: 2.04878
	 H = number: 2.75122
	 card = nil
	 center = table: 0x0d6d7ad0  {alerted:true, loc_vars:function: 0x0ddfff20, object_type:Joker, cry_order:261, _saved_d_u:true, original_key:longboi, discovered:true, mod:table: 0x0d7f17c0 (more...)}
	 params = nil
(9) Lua method 'init' at Steamodded file 'src/overrides.lua:1365' 
	Local variables:
	 self = table: 0x0f16b7c0  {click_offset:table: 0x0f16bac8, children:table: 0x0f16c550, ambient_tilt:0.2, T:table: 0x0f16b9d8, offset:table: 0x0f16c2b8, role:table: 0x0f16c020 (more...)}
	 X = number: 10
	 Y = number: 3.16067
	 W = number: 2.04878
	 H = number: 2.75122
	 card = nil
	 center = table: 0x0d6d7ad0  {alerted:true, loc_vars:function: 0x0ddfff20, object_type:Joker, cry_order:261, _saved_d_u:true, original_key:longboi, discovered:true, mod:table: 0x0d7f17c0 (more...)}
	 params = nil
(10) Lua global 'Card' at file 'engine/object.lua:35'
	Local variables:
	 self = table: 0x0d10b410  {get_chip_x_bonus:function: 0x0d623258, get_chip_eee_mult:function: 0x0d623338, set_banana:function: 0x0d969ab8, set_base:function: 0x0d157680 (more...)}
	 obj = table: 0x0f16b7c0  {click_offset:table: 0x0f16bac8, children:table: 0x0f16c550, ambient_tilt:0.2, T:table: 0x0f16b9d8, offset:table: 0x0f16c2b8, role:table: 0x0f16c020 (more...)}
(11) Lua function '?' at Steamodded file 'src/ui.lua:1768'  (best guess)
	Local variables:
	 e = table: 0x0f0f0920  {to_val:Page 46/47, cycle_config:table: 0x10a211d8, from_key:47, to_key:46, from_val:Page 47/47}
	 (for index) = number: 2
	 (for limit) = number: 3
	 (for step) = number: 1
	 j = number: 2
	 (for index) = number: 1
	 (for limit) = number: 5
	 (for step) = number: 1
	 i = number: 1
	 center = table: 0x0d6d7ad0  {alerted:true, loc_vars:function: 0x0ddfff20, object_type:Joker, cry_order:261, _saved_d_u:true, original_key:longboi, discovered:true, mod:table: 0x0d7f17c0 (more...)}
(12) Lua function '?' at file 'functions/button_callbacks.lua:579' (best guess)
	Local variables:
	 e = table: 0x0eca5a70  {pixellated_rect:table: 0x10e381d8, click_offset:table: 0x0e827378, children:table: 0x0eca5a98, parent:table: 0x0eca58d0, T:table: 0x0e8271c8 (more...)}
	 from_val = string: "Page 47/47"
	 from_key = number: 47
	 old_pip = nil
	 cycle_main = table: 0x0eca5e78  {pixellated_rect:table: 0x0e81f2a8, click_offset:table: 0x0ebf3560, children:table: 0x0eca5ea0, parent:table: 0x0eca58d0, T:table: 0x0ebfb668 (more...)}
	 to_val = string: "Page 46/47"
	 to_key = number: 46
	 new_pip = nil
(13) Lua method 'click' at file 'engine/ui.lua:988'
	Local variables:
	 self = table: 0x0eca5a70  {pixellated_rect:table: 0x10e381d8, click_offset:table: 0x0e827378, children:table: 0x0eca5a98, parent:table: 0x0eca58d0, T:table: 0x0e8271c8 (more...)}
(14) Lua method 'update' at file 'engine/controller.lua:375'
	Local variables:
	 self = table: 0x0d0a4c10  {held_button_times:table: 0x0d23c740, focus_cursor_stack_level:1, snap_cursor_to:table: 0x0fc50ec0, interrupt:table: 0x0d2b0888, GAMEPAD:table: 0x0d31d7a0 (more...)}
	 dt = number: 0.00906734
(15) Lua upvalue 'gameUpdateRef' at file 'game.lua:2867'
	Local variables:
	 self = table: 0x0d112068  {F_GUIDE:false, F_CRASH_REPORTS:false, F_QUIT_BUTTON:true, F_ENGLISH_ONLY:false, sort_id:356, F_VIDEO_SETTINGS:true, STAGE:1, F_MOBILE_UI:false (more...)}
	 dt = number: 0
(16) Lua upvalue 'upd' at Steamodded file 'src/ui.lua:86' 
	Local variables:
	 self = table: 0x0d112068  {F_GUIDE:false, F_CRASH_REPORTS:false, F_QUIT_BUTTON:true, F_ENGLISH_ONLY:false, sort_id:356, F_VIDEO_SETTINGS:true, STAGE:1, F_MOBILE_UI:false (more...)}
	 dt = number: 0.00906734
(17) Lua upvalue 'game_updateref' at file 'main.lua:1860'
	Local variables:
	 self = table: 0x0d112068  {F_GUIDE:false, F_CRASH_REPORTS:false, F_QUIT_BUTTON:true, F_ENGLISH_ONLY:false, sort_id:356, F_VIDEO_SETTINGS:true, STAGE:1, F_MOBILE_UI:false (more...)}
	 dt = number: 0.00906734
(18) Lua upvalue 'game_updateref' at file 'other/colours.lua:1196' (from mod with id MoreFluff)
	Local variables:
	 self = table: 0x0d112068  {F_GUIDE:false, F_CRASH_REPORTS:false, F_QUIT_BUTTON:true, F_ENGLISH_ONLY:false, sort_id:356, F_VIDEO_SETTINGS:true, STAGE:1, F_MOBILE_UI:false (more...)}
	 dt = number: 0.00906734
(19) Lua global 'upd' at file 'MoreFluff.lua:856' (from mod with id MoreFluff)
	Local variables:
	 self = table: 0x0d112068  {F_GUIDE:false, F_CRASH_REPORTS:false, F_QUIT_BUTTON:true, F_ENGLISH_ONLY:false, sort_id:356, F_VIDEO_SETTINGS:true, STAGE:1, F_MOBILE_UI:false (more...)}
	 dt = number: 0.00906734
(20) Lua upvalue 'gm_u' at file 'lib/functions.lua:166' (from mod with id SKHDecks)
	Local variables:
	 self = table: 0x0d112068  {F_GUIDE:false, F_CRASH_REPORTS:false, F_QUIT_BUTTON:true, F_ENGLISH_ONLY:false, sort_id:356, F_VIDEO_SETTINGS:true, STAGE:1, F_MOBILE_UI:false (more...)}
	 dt = number: 0.00906734
(21) Lua upvalue 'gu' at file 'src/startup/game_hooks.lua:37' (from mod with id mistigris)
	Local variables:
	 self = table: 0x0d112068  {F_GUIDE:false, F_CRASH_REPORTS:false, F_QUIT_BUTTON:true, F_ENGLISH_ONLY:false, sort_id:356, F_VIDEO_SETTINGS:true, STAGE:1, F_MOBILE_UI:false (more...)}
	 dt = number: 0.00906734
(22) Lua upvalue 'upd' at file 'lib/gameset.lua:27' (from mod with id Cryptid)
	Local variables:
	 self = table: 0x0d112068  {F_GUIDE:false, F_CRASH_REPORTS:false, F_QUIT_BUTTON:true, F_ENGLISH_ONLY:false, sort_id:356, F_VIDEO_SETTINGS:true, STAGE:1, F_MOBILE_UI:false (more...)}
	 dt = number: 0.00906734
(23) Lua upvalue 'upd' at file 'lib/overrides.lua:259' (from mod with id Cryptid)
	Local variables:
	 self = table: 0x0d112068  {F_GUIDE:false, F_CRASH_REPORTS:false, F_QUIT_BUTTON:true, F_ENGLISH_ONLY:false, sort_id:356, F_VIDEO_SETTINGS:true, STAGE:1, F_MOBILE_UI:false (more...)}
	 dt = number: 0.00906734
(24) Lua method 'update' at file 'items/decks.lua:99' (from mod with id draft)
	Local variables:
	 self = table: 0x0d112068  {F_GUIDE:false, F_CRASH_REPORTS:false, F_QUIT_BUTTON:true, F_ENGLISH_ONLY:false, sort_id:356, F_VIDEO_SETTINGS:true, STAGE:1, F_MOBILE_UI:false (more...)}
	 dt = number: 0.00906734
(25) Lua upvalue 'oldupd' at file 'main.lua:1007'
	Local variables:
	 dt = number: 0.00906734
(26) Lua field 'update' at file 'main.lua:1889'
	Local variables:
	 dt = number: 0.00906734
(27) Lua function '?' at file 'main.lua:934' (best guess)
(28) global C function 'xpcall'
(29) LÖVE function at file 'boot.lua:377' (best guess)
	Local variables:
	 func = Lua function '?' (defined at line 905 of chunk main.lua)
	 inerror = boolean: true
	 deferErrhand = Lua function '(LÖVE Function)' (defined at line 348 of chunk [love "boot.lua"])
	 earlyinit = Lua function '(LÖVE Function)' (defined at line 355 of chunk [love "boot.lua"])

INFO - [G] line not found
INFO - [G] file not found: functions/button_callbacks.lua: No such file or directory
INFO - [G] file not found: main.lua: No such file or directory
INFO - [G] file not found: main.lua: No such file or directory
INFO - [G] 2025-04-16 16:08:34 :: INFO  :: StackTrace :: Additional Context:
Balatro Version: 1.0.1o-FULL
Modded Version: 1.0.0~BETA-0324b-STEAMODDED
LÖVE Version: 11.5.0
Lovely Version: 0.7.1
Platform: Windows
Steamodded Mods:
    1: SDM_0's Stuff by SDM_0 [ID: sdm0sstuff, Version: 1.6.4m, Uses Lovely]
    2: Lucky Jimbos: Joker Pack by LuckySix [ID: L6_luckyjimbo, Version: 0.3~alpha-5]
    3: Too Many Decks by Squidguset [ID: SGTMD, Version: 2.2.0, Uses Lovely]
    4: TOGA's Stuff by TheOneGoofAli [ID: TOGAPack, Version: 1.0.2b, Uses Lovely]
    5: Ruina Decks by someone23832 [ID: RuinaDecks, Version: 0.2, Uses Lovely]
    6: KCVanilla by krackocloud [ID: kcvanilla, Version: 2.4.1, Uses Lovely]
    7: TerrariaXBalatro by Misenrol, MegarkShark [ID: TerrariaXBalatro, Version: 1.1.1, Uses Lovely]
    8: Azazel's Jokers by Starlet Devil [ID: AzzysJokers, Version: 1.0.0, Uses Lovely]
    9: Talisman by MathIsFun_, Mathguy24, jenwalter666, cg-223 [ID: Talisman, Version: 2.1.0~dev, Uses Lovely]
        Break Infinity: omeganum
    10: SauKhongHu Decks by HuyTheKiller [ID: SKHDecks, Version: 1.6.0a, Uses Lovely]
    11: Prism by Blazingulag [ID: Prism, Version: 1.7.5, Uses Lovely]
    12: Flower Pot by ItsFlowwey [ID: FlowerPot, Version: 0.8, Uses Lovely]
    13: Plantain by TeamToaster [ID: plantain, Priority: 1, Version: 1.0.0, Uses Lovely]
    14: Neato Jokers by Neato [ID: Neato_Jokers, Version: 1.1.4]
    15: ExtremeDecks by Crimson Heart [ID: ExtremeDecks, Version: 1.0.0]
    16: Cryptid by MathIsFun_, Cryptid and Balatro Discords [ID: Cryptid, Priority: 114, Version: 0.5.5b, Uses Lovely]
    17: Mistigris by astrapboy [ID: mistigris, Priority: 69, Version: 0.4.1, Uses Lovely]
    18: Drafting by spire_winder [ID: draft, Priority: 100000, Version: 0.5.2]
    19: More Fluff by notmario [ID: MoreFluff, Version: 1.2.3, Uses Lovely]
Lovely Mods:
