INFO - [♥] Lovely 0.7.1
INFO - [♥] Game directory is at "C:\\Program Files (x86)\\Steam\\steamapps\\common\\Balatro"
INFO - [♥] Writing logs to "C:\\Users\\erikk\\AppData\\Roaming\\Balatro\\Mods\\lovely\\log"
INFO - [♥] Using mod directory at "C:\\Users\\erikk\\AppData\\Roaming\\Balatro\\Mods"
INFO - [♥] Found .lovelyignore in 'AzzysJokers-1.2.2', skipping it.
INFO - [♥] Found .lovelyignore in 'kcvanilla-master', skipping it.
INFO - [♥] Found .lovelyignore in 'luckyjimbos-main', skipping it.
INFO - [♥] Found .lovelyignore in 'Mistigris', skipping it.
INFO - [♥] Found .lovelyignore in 'MoreFluff-main', skipping it.
INFO - [♥] Found .lovelyignore in 'NeatoJokers-main', skipping it.
INFO - [♥] Found .lovelyignore in 'Plantain-main', skipping it.
INFO - [♥] Found .lovelyignore in 'Quilombo', skipping it.
INFO - [♥] Found .lovelyignore in 'SDM_0-s-Stuff-main', skipping it.
INFO - [♥] Found .lovelyignore in 'Talisman', skipping it.
INFO - [♥] Found .lovelyignore in 'TerrariaXBalatro-main', skipping it.
INFO - [♥] Found .lovelyignore in 'TOGAPackBalatro-main', skipping it.
INFO - [♥] Cleaning up dumps directory at "C:\\Users\\erikk\\AppData\\Roaming\\Balatro\\Mods\\lovely\\dump"
INFO - [♥] Initialization complete in 58ms
INFO - [♥] Applied 14 patches to 'main.lua'
INFO - [♥] Applied 5 patches to 'engine/controller.lua'
INFO - [♥] Applied 19 patches to 'back.lua'
INFO - [♥] Applied 7 patches to 'tag.lua'
INFO - [♥] Applied 1 patch to 'engine/moveable.lua'
INFO - [♥] Applied 2 patches to 'engine/sprite.lua'
INFO - [♥] Applied 2 patches to 'engine/animatedsprite.lua'
INFO - [♥] Applied 47 patches to 'functions/misc_functions.lua'
INFO - [♥] Applied 37 patches to 'game.lua'
INFO - [♥] Applied 1 patch to 'globals.lua'
INFO - [♥] Applied 3 patches to 'engine/ui.lua'
WARN - [♥] Pattern '{n=G.UIT.O, config={object = DynaText({string = {{ref_table = G.GAME.round_resets, ref_value = \'ante_disp\'}}, colours = {G.C.IMPORTANT},shadow = true, font = G.LANGUAGES[\'en-us\'].font, scale = scale_number(G.GAME.round_resets.ante, 2*scale, 100)}),id = \'ante_UI_count\'}},--{n=G.UIT.T, config={text = number_format(G.GAME.round_resets.ante), lang = G.LANGUAGES[\'en-us\'], scale = scale_number(G.GAME.round_resets.ante, 2*scale, 100), colour = G.C.IMPORTANT, shadow = true,id = \'ante_UI_count\'}},' on target 'functions/UI_definitions.lua' for pattern patch from SauKhongHuDecks\lovely.toml resulted in no matches
INFO - [♥] Applied 75 patches to 'functions/UI_definitions.lua'
INFO - [♥] Applied 50 patches to 'functions/state_events.lua'
INFO - [♥] Applied 105 patches to 'functions/common_events.lua'
INFO - [♥] Applied 50 patches to 'functions/button_callbacks.lua'
WARN - [♥] Pattern 'if G.GAME.blind and G.GAME.blind.in_blind then G.E_MANAGER:add_event(Event({ func = function() G.GAME.blind:set_blind(nil, true, nil); return true end })) end' on target 'card.lua' for pattern patch from smods-main\lovely\calculate_card_added.toml resulted in 2 matches, wanted 1
WARN - [♥] Ignoring excess matches
INFO - [♥] Applied 151 patches to 'card.lua'
INFO - [♥] Applied 9 patches to 'cardarea.lua'
INFO - [♥] Applied 36 patches to 'blind.lua'
INFO - [♥] Applied 2 patches to 'engine/text.lua'
INFO - [G] Failed to connect to the debug server
INFO - [G] 2025-04-11 10:21:52 :: DEBUG :: DebugConsole :: Steamodded Debug Socket started !
INFO - [G] 2025-04-11 10:21:52 :: INFO  :: SMODS :: Steamodded v1.0.0~BETA-0324b
INFO - [♥] Applied 9 patches to 'engine/sound_manager.lua'
INFO - [♥] Applied 1 patch to 'engine/save_manager.lua'
INFO - [G] 2025-04-11 10:21:54 :: TRACE :: Loader :: Processing Mod file (Legacy header): Azazel.lua
INFO - [G] 2025-04-11 10:21:54 :: TRACE :: Loader :: Saving Mod Info: AzzysJokers
INFO - [G] 2025-04-11 10:21:54 :: INFO  :: Loader :: Valid JSON file found
INFO - [G] 2025-04-11 10:21:54 :: INFO  :: Loader :: Valid JSON file found
INFO - [G] 2025-04-11 10:21:54 :: INFO  :: Loader :: Valid JSON file found
INFO - [G] 2025-04-11 10:21:54 :: TRACE :: Loader :: Processing Mod file (Legacy header): MoreFluff.lua
INFO - [G] 2025-04-11 10:21:54 :: TRACE :: Loader :: Saving Mod Info: MoreFluff
INFO - [G] 2025-04-11 10:21:54 :: INFO  :: Loader :: Valid JSON file found
INFO - [G] 2025-04-11 10:21:54 :: INFO  :: Loader :: Valid JSON file found
INFO - [G] 2025-04-11 10:21:54 :: INFO  :: Loader :: Valid JSON file found
INFO - [G] 2025-04-11 10:21:54 :: INFO  :: Loader :: Valid JSON file found
INFO - [G] 2025-04-11 10:21:54 :: TRACE :: Loader :: Processing Mod file (Legacy header): main.lua
INFO - [G] 2025-04-11 10:21:54 :: TRACE :: Loader :: Saving Mod Info: sdm0sstuff
INFO - [G] 2025-04-11 10:21:54 :: ERROR :: Loader :: Found invalid metadata JSON file at C:\Users\erikk\AppData\Roaming\Balatro\Mods/SauKhongHuDecks/.vscode/settings.json, ignoring: [SMODS _ "src/loader.lua"]:226: id
INFO - [G] 2025-04-11 10:21:54 :: INFO  :: Loader :: Valid JSON file found
INFO - [G] 2025-04-11 10:21:54 :: INFO  :: Loader :: Valid JSON file found
INFO - [G] 2025-04-11 10:21:54 :: TRACE :: Loader :: Processing Mod file (Legacy header): steamodded_metadata.lua
INFO - [G] 2025-04-11 10:21:54 :: TRACE :: Loader :: Saving Mod Info: Talisman
INFO - [G] 2025-04-11 10:21:54 :: INFO  :: Loader :: Valid JSON file found
INFO - [G] 2025-04-11 10:21:54 :: ERROR :: Loader :: Found invalid metadata JSON file at C:\Users\erikk\AppData\Roaming\Balatro\Mods/TooManyDecks-main/.vscode/settings.json, ignoring: [SMODS _ "src/loader.lua"]:226: id
INFO - [G] 2025-04-11 10:21:54 :: INFO  :: Loader :: Valid JSON file found
INFO - [G] 2025-04-11 10:21:54 :: INFO  :: Loader :: Valid JSON file found
INFO - [G] 2025-04-11 10:21:54 :: INFO  :: Loader :: Valid JSON file found
INFO - [G] 2025-04-11 10:21:54 :: TRACE :: Loader :: Mod AzzysJokers was unable to load: 
INFO - [G] 2025-04-11 10:21:54 :: TRACE :: Loader :: Mod L6_luckyjimbo was unable to load: 
INFO - [G] 2025-04-11 10:21:54 :: TRACE :: Loader :: Mod MoreFluff was unable to load: Missing Dependencies: 1: Talisman>=2.0.0


INFO - [G] 2025-04-11 10:21:54 :: TRACE :: Loader :: Mod Neato_Jokers was unable to load: 
INFO - [G] 2025-04-11 10:21:54 :: INFO  :: SKHDecks :: The library file assets.lua has been loaded!
INFO - [G] 2025-04-11 10:21:54 :: INFO  :: SKHDecks :: The library file functions.lua has been loaded!
INFO - [G] 2025-04-11 10:21:54 :: INFO  :: SKHDecks :: The item file divine_entity.lua has been loaded!
INFO - [G] 2025-04-11 10:21:54 :: INFO  :: SKHDecks :: The item file forgotten_sin.lua has been loaded!
INFO - [G] 2025-04-11 10:21:54 :: INFO  :: SKHDecks :: The item file heavenly_virtue.lua has been loaded!
INFO - [G] 2025-04-11 10:21:54 :: INFO  :: SKHDecks :: The item file deadly_sin.lua has been loaded!
INFO - [G] 2025-04-11 10:21:54 :: INFO  :: SKHDecks :: The item file forgotten_virtue.lua has been loaded!
INFO - [G] 2025-04-11 10:21:54 :: TRACE :: Loader :: Mod TOGAPack was unable to load: 
INFO - [G] 2025-04-11 10:21:54 :: TRACE :: Loader :: Mod Talisman was unable to load: 
INFO - [G] 2025-04-11 10:21:54 :: TRACE :: Loader :: Mod TerrariaXBalatro was unable to load: 
INFO - [G] 2025-04-11 10:21:54 :: TRACE :: Loader :: Mod kcvanilla was unable to load: 
INFO - [G] 2025-04-11 10:21:54 :: TRACE :: Loader :: Mod sdm0sstuff was unable to load: 
INFO - [G] 2025-04-11 10:21:54 :: TRACE :: Loader :: Mod plantain was unable to load: 
INFO - [G] 2025-04-11 10:21:54 :: TRACE :: Loader :: Mod quilombo was unable to load: 
INFO - [G] 2025-04-11 10:21:54 :: TRACE :: Loader :: Mod mistigris was unable to load: 
INFO - [G] 2025-04-11 10:21:54 :: WARN  :: Atlas :: Detected duplicate register call on object draft_modicon
INFO - [G] 2025-04-11 10:21:54 :: INFO  :: TIMER :: [0000] Injected Language in 0.001 ms
INFO - [G] 2025-04-11 10:21:54 :: INFO  :: TIMER :: [0000] Injected [INTERNAL] in 1.661 ms
INFO - [G] 2025-04-11 10:21:55 :: INFO  :: TIMER :: [0028] Injected Atlas in 1476.288 ms
INFO - [G] 2025-04-11 10:21:55 :: INFO  :: TIMER :: [0010] Injected Sound in 49.368 ms
INFO - [G] 2025-04-11 10:21:55 :: INFO  :: TIMER :: [0008] Injected Stake in 0.295 ms
INFO - [G] 2025-04-11 10:21:55 :: INFO  :: TIMER :: [0004] Injected Rarity in 0.021 ms
INFO - [G] 2025-04-11 10:21:55 :: INFO  :: TIMER :: [0010] Injected ObjectType in 0.087 ms
INFO - [G] 2025-04-11 10:21:55 :: INFO  :: TIMER :: [0213] Injected Center in 1.961 ms
INFO - [G] 2025-04-11 10:21:55 :: INFO  :: TIMER :: [0009] Injected Undiscovered Sprite in 0.012 ms
INFO - [G] 2025-04-11 10:21:55 :: INFO  :: TIMER :: [0003] Injected Blind in 0.014 ms
INFO - [G] 2025-04-11 10:21:55 :: INFO  :: TIMER :: [0004] Injected Seal in 0.246 ms
INFO - [G] 2025-04-11 10:21:55 :: INFO  :: TIMER :: [0004] Injected Suit in 0.210 ms
INFO - [G] 2025-04-11 10:21:55 :: INFO  :: TIMER :: [0026] Injected Rank in 0.224 ms
INFO - [G] 2025-04-11 10:21:55 :: INFO  :: TIMER :: [0028] Injected DeckSkin in 0.531 ms
INFO - [G] 2025-04-11 10:21:55 :: INFO  :: TIMER :: [0012] Injected PokerHand in 0.065 ms
INFO - [G] 2025-04-11 10:21:55 :: INFO  :: TIMER :: [0020] Injected Challenge in 0.135 ms
INFO - [G] 2025-04-11 10:21:55 :: INFO  :: TIMER :: [0005] Injected Tag in 0.038 ms
INFO - [G] 2025-04-11 10:21:55 :: INFO  :: TIMER :: [0004] Injected Sticker in 0.125 ms
INFO - [G] 2025-04-11 10:21:56 :: INFO  :: TIMER :: [0008] Injected Shader in 120.768 ms
INFO - [G] 2025-04-11 10:21:56 :: INFO  :: TIMER :: [0003] Injected Keybind in 0.012 ms
INFO - [G] 2025-04-11 10:21:56 :: INFO  :: TIMER :: [0000] Injected Achievement in 0.097 ms
INFO - [G] 2025-04-11 10:21:56 :: INFO  :: TIMER :: [0004] Injected nil in 0.019 ms
INFO - [G] 2025-04-11 10:21:56 :: INFO  :: TIMER :: [0021] Injected Draw Step in 0.048 ms
INFO - [G] 2025-04-11 10:21:56 :: INFO  :: TIMER :: [0000] Injected [INTERNAL] in 14.583 ms
INFO - [G] LONG DT @ 0: 0.051356984
