INFO - [♥] Lovely 0.7.1
INFO - [♥] Game directory is at "C:\\Program Files (x86)\\Steam\\steamapps\\common\\Balatro"
INFO - [♥] Writing logs to "C:\\Users\\erikk\\AppData\\Roaming\\Balatro\\Mods\\lovely\\log"
INFO - [♥] Using mod directory at "C:\\Users\\erikk\\AppData\\Roaming\\Balatro\\Mods"
INFO - [♥] Found .lovelyignore in 'Talisman', skipping it.
INFO - [♥] Cleaning up dumps directory at "C:\\Users\\erikk\\AppData\\Roaming\\Balatro\\Mods\\lovely\\dump"
INFO - [♥] Initialization complete in 80ms
INFO - [♥] Applied 1 patch to 'conf.lua'
INFO - [♥] Applied 23 patches to 'main.lua'
INFO - [♥] Applied 12 patches to 'engine/controller.lua'
INFO - [♥] Applied 16 patches to 'back.lua'
INFO - [♥] Applied 7 patches to 'tag.lua'
INFO - [♥] Applied 1 patch to 'engine/moveable.lua'
INFO - [♥] Applied 2 patches to 'engine/sprite.lua'
INFO - [♥] Applied 2 patches to 'engine/animatedsprite.lua'
INFO - [♥] Applied 47 patches to 'functions/misc_functions.lua'
INFO - [♥] Applied 40 patches to 'game.lua'
INFO - [♥] Applied 1 patch to 'globals.lua'
INFO - [♥] Applied 3 patches to 'engine/ui.lua'
INFO - [♥] Applied 84 patches to 'functions/UI_definitions.lua'
WARN - [♥] Pattern 'for j=1,#reps do' on target 'functions/state_events.lua' for pattern patch from Cruel-Blinds-main\lovely.toml resulted in no matches
WARN - [♥] Pattern 'table.sort(scoring_hand, function (a, b) return a.T.x < b.T.x end )' on target 'functions/state_events.lua' for pattern patch from Cruel-Blinds-main\lovely.toml resulted in no matches
WARN - [♥] Regex '([^)p])/(5)' on target 'functions/state_events.lua' for regex patch from BalatroBakery-main\lovely.toml resulted in 3 matches, wanted 7
WARN - [♥] Regex '>= (to_big)?\\(5\\)' on target 'functions/state_events.lua' for regex patch from BalatroBakery-main\lovely.toml resulted in no matches
INFO - [♥] Applied 53 patches to 'functions/state_events.lua'
INFO - [♥] Applied 111 patches to 'functions/common_events.lua'
INFO - [♥] Applied 46 patches to 'functions/button_callbacks.lua'
WARN - [♥] Pattern 'if G.GAME.blind and G.GAME.blind.in_blind then G.E_MANAGER:add_event(Event({ func = function() G.GAME.blind:set_blind(nil, true, nil); return true end })) end' on target 'card.lua' for pattern patch from smods-main\lovely\calculate_card_added.toml resulted in 2 matches, wanted 1
WARN - [♥] Ignoring excess matches
INFO - [♥] Applied 160 patches to 'card.lua'
INFO - [♥] Applied 9 patches to 'cardarea.lua'
WARN - [♥] Pattern 'function Blind:modify_hand(cards, poker_hands, text, mult, hand_chips)' on target 'blind.lua' for pattern patch from Cruel-Blinds-main\lovely.toml resulted in no matches
INFO - [♥] Applied 42 patches to 'blind.lua'
INFO - [♥] Applied 2 patches to 'engine/text.lua'
INFO - [♥] Applied 1 patch to '=[SMODS _ "src/utils.lua"]'
INFO - [♥] Applied 2 patches to '=[SMODS _ "src/game_object.lua"]'
INFO - [G] Failed to connect to the debug server
INFO - [G] 2025-03-25 15:00:54 :: DEBUG :: DebugConsole :: Steamodded Debug Socket started !
INFO - [♥] Applied 9 patches to 'engine/sound_manager.lua'
INFO - [♥] Applied 1 patch to 'engine/save_manager.lua'
INFO - [♥] Applied 1 patch to '=[SMODS _ "src/card_draw.lua"]'
INFO - [G] 2025-03-25 15:00:56 :: INFO  :: DefaultLogger :: Valid JSON file found
INFO - [G] 2025-03-25 15:00:56 :: TRACE :: Loader :: Processing Mod file (Legacy header): CruelBlinds.lua
INFO - [G] 2025-03-25 15:00:56 :: TRACE :: Loader :: Saving Mod Info: CBL
INFO - [G] 2025-03-25 15:00:56 :: INFO  :: DefaultLogger :: Valid JSON file found
INFO - [G] 2025-03-25 15:00:56 :: TRACE :: Loader :: Processing Mod file (Legacy header): steamodded_metadata.lua
INFO - [G] 2025-03-25 15:00:56 :: TRACE :: Loader :: Saving Mod Info: Talisman
INFO - [G] 2025-03-25 15:00:56 :: INFO  :: Bakery :: pairs() and ipairs() patched. Reason: Convenience
INFO - [G] 2025-03-25 15:00:56 :: INFO  :: Bakery :: Blind:modify_hand(), update_hand_text(), and Back:trigger_effect() patched. Reason: Scoring tags
INFO - [G] 2025-03-25 15:00:56 :: INFO  :: Bakery :: Object:__call() and Tag:load() patched. Reason: Rendering Poly Tag
INFO - [G] 2025-03-25 15:00:56 :: INFO  :: Bakery :: Blind:defeat() and G.FUNCS.load_profile() patched. Reason: Unlock conditions
INFO - [G] 2025-03-25 15:00:56 :: INFO  :: Bakery :: ease_dollars() patched. Reason: Credit Deck, Vagabond Challenge
INFO - [G] 2025-03-25 15:00:56 :: INFO  :: Bakery :: Blind:press_play() patched. Reason: Credit Deck + Credit Sleeve
INFO - [G] 2025-03-25 15:00:56 :: INFO  :: Bakery :: Card:draw() patched. Reason: Werewolf rendering
INFO - [G] 2025-03-25 15:00:56 :: INFO  :: Bakery :: G.FUNCS.evaluate_round() patched. Reason: Spinner Animation
INFO - [G] 2025-03-25 15:00:56 :: INFO  :: Bakery :: mod_mult(), mod_chips(), and G.FUNCS.evaluate_play() patched. Reason: Balanced Challenge
INFO - [G] 2025-03-25 15:00:56 :: INFO  :: Bakery :: G.FUNCS.buy_from_shop() patched. Reason: Proxy
INFO - [G] 2025-03-25 15:00:56 :: INFO  :: Bakery :: eval_card() patched. Reason: Penny Tag
INFO - [G] 2025-03-25 15:00:56 :: INFO  :: Bakery :: Card:set_sprites() patched. Reason: Spinner Loading
INFO - [G] 2025-03-25 15:00:56 :: INFO  :: Bakery :: Game:start_run(), copy_card(), and Card:load() patched. Reason: Card Sleeve
INFO - [G] 2025-03-25 15:00:56 :: INFO  :: Bakery :: G.UIDEF.use_and_sell_buttons() and Card:remove() patched. Reason: Usable jokers
INFO - [G] 2025-03-25 15:00:56 :: INFO  :: Bakery :: Card:set_sprites() patched. Reason: Charm Unlocking
INFO - [G] 2025-03-25 15:00:56 :: INFO  :: Bakery :: set_screen_positions() and CardArea:can_highlight() patched. Reason: Charm rendering
INFO - [G] 2025-03-25 15:00:56 :: INFO  :: Bakery :: G.FUNCS.can_discard() patched. Reason: Discarding zero cards
INFO - [G] 2025-03-25 15:00:56 :: TRACE :: Loader :: Mod Talisman was unable to load: 
INFO - [G] 2025-03-25 15:00:56 :: INFO  :: TIMER :: [0000] Injected Language in 0.001 ms
INFO - [G] 2025-03-25 15:00:56 :: INFO  :: TIMER :: [0000] Injected [INTERNAL] in 1.703 ms
INFO - [G] 2025-03-25 15:00:57 :: INFO  :: TIMER :: [0023] Injected Atlas in 802.705 ms
INFO - [G] 2025-03-25 15:00:57 :: INFO  :: TIMER :: [0002] Injected Sound in 0.442 ms
INFO - [G] 2025-03-25 15:00:57 :: INFO  :: TIMER :: [0017] Injected Stake in 0.706 ms
INFO - [G] 2025-03-25 15:00:57 :: INFO  :: TIMER :: [0004] Injected Rarity in 0.033 ms
INFO - [G] 2025-03-25 15:00:57 :: INFO  :: TIMER :: [0005] Injected ObjectType in 0.040 ms
INFO - [G] 2025-03-25 15:00:57 :: INFO  :: TIMER :: [0090] Injected Center in 1.573 ms
INFO - [G] 2025-03-25 15:00:57 :: INFO  :: TIMER :: [0008] Injected Undiscovered Sprite in 0.168 ms
INFO - [G] 2025-03-25 15:00:57 :: INFO  :: TIMER :: [0028] Injected Blind in 0.470 ms
INFO - [G] 2025-03-25 15:00:57 :: INFO  :: TIMER :: [0004] Injected Seal in 0.133 ms
INFO - [G] 2025-03-25 15:00:57 :: INFO  :: TIMER :: [0004] Injected Suit in 0.083 ms
INFO - [G] 2025-03-25 15:00:57 :: INFO  :: TIMER :: [0013] Injected Rank in 0.123 ms
INFO - [G] 2025-03-25 15:00:57 :: INFO  :: TIMER :: [0028] Injected DeckSkin in 0.289 ms
INFO - [G] 2025-03-25 15:00:57 :: INFO  :: TIMER :: [0012] Injected PokerHand in 0.046 ms
INFO - [G] 2025-03-25 15:00:57 :: INFO  :: TIMER :: [0022] Injected Challenge in 0.033 ms
INFO - [G] 2025-03-25 15:00:57 :: INFO  :: TIMER :: [0007] Injected Tag in 0.079 ms
INFO - [G] 2025-03-25 15:00:57 :: INFO  :: TIMER :: [0006] Injected Sticker in 0.093 ms
INFO - [G] 2025-03-25 15:00:57 :: INFO  :: TIMER :: [0001] Injected Shader in 12.750 ms
INFO - [G] 2025-03-25 15:00:57 :: INFO  :: TIMER :: [0002] Injected Keybind in 0.015 ms
INFO - [G] 2025-03-25 15:00:57 :: INFO  :: TIMER :: [0000] Injected Achievement in 0.074 ms
INFO - [G] 2025-03-25 15:00:57 :: INFO  :: TIMER :: [0002] Injected nil in 0.013 ms
INFO - [G] 2025-03-25 15:00:57 :: INFO  :: TIMER :: [0021] Injected Draw Step in 0.106 ms
INFO - [G] 2025-03-25 15:00:57 :: INFO  :: TIMER :: [0000] Injected [INTERNAL] in 2.660 ms
